[2024-05-13T15:15:18.528+0000] {processor.py:161} INFO - Started process (PID=89) to work on /home/airflow/.local/lib/python3.8/site-packages/airflow/example_dags/example_task_group_decorator.py
[2024-05-13T15:15:18.530+0000] {processor.py:830} INFO - Processing file /home/airflow/.local/lib/python3.8/site-packages/airflow/example_dags/example_task_group_decorator.py for tasks to queue
[2024-05-13T15:15:18.532+0000] {logging_mixin.py:188} INFO - [2024-05-13T15:15:18.532+0000] {dagbag.py:540} INFO - Filling up the DagBag from /home/airflow/.local/lib/python3.8/site-packages/airflow/example_dags/example_task_group_decorator.py
[2024-05-13T15:15:18.548+0000] {processor.py:840} INFO - DAG(s) 'example_task_group_decorator' retrieved from /home/airflow/.local/lib/python3.8/site-packages/airflow/example_dags/example_task_group_decorator.py
[2024-05-13T15:15:18.649+0000] {logging_mixin.py:188} INFO - [2024-05-13T15:15:18.648+0000] {override.py:1769} INFO - Created Permission View: can delete on DAG:example_task_group_decorator
[2024-05-13T15:15:18.660+0000] {logging_mixin.py:188} INFO - [2024-05-13T15:15:18.660+0000] {override.py:1769} INFO - Created Permission View: can edit on DAG:example_task_group_decorator
[2024-05-13T15:15:18.669+0000] {logging_mixin.py:188} INFO - [2024-05-13T15:15:18.668+0000] {override.py:1769} INFO - Created Permission View: can read on DAG:example_task_group_decorator
[2024-05-13T15:15:18.669+0000] {logging_mixin.py:188} INFO - [2024-05-13T15:15:18.669+0000] {dag.py:3047} INFO - Sync 1 DAGs
[2024-05-13T15:15:18.679+0000] {logging_mixin.py:188} INFO - [2024-05-13T15:15:18.679+0000] {dag.py:3069} INFO - Creating ORM DAG for example_task_group_decorator
[2024-05-13T15:15:18.694+0000] {logging_mixin.py:188} INFO - [2024-05-13T15:15:18.694+0000] {dag.py:3834} INFO - Setting next_dagrun for example_task_group_decorator to 2024-05-12 00:00:00+00:00, run_after=2024-05-13 00:00:00+00:00
[2024-05-13T15:15:18.712+0000] {processor.py:183} INFO - Processing /home/airflow/.local/lib/python3.8/site-packages/airflow/example_dags/example_task_group_decorator.py took 0.187 seconds
[2024-05-13T15:15:49.498+0000] {processor.py:161} INFO - Started process (PID=157) to work on /home/airflow/.local/lib/python3.8/site-packages/airflow/example_dags/example_task_group_decorator.py
[2024-05-13T15:15:49.500+0000] {processor.py:830} INFO - Processing file /home/airflow/.local/lib/python3.8/site-packages/airflow/example_dags/example_task_group_decorator.py for tasks to queue
[2024-05-13T15:15:49.502+0000] {logging_mixin.py:188} INFO - [2024-05-13T15:15:49.501+0000] {dagbag.py:540} INFO - Filling up the DagBag from /home/airflow/.local/lib/python3.8/site-packages/airflow/example_dags/example_task_group_decorator.py
[2024-05-13T15:15:49.515+0000] {processor.py:840} INFO - DAG(s) 'example_task_group_decorator' retrieved from /home/airflow/.local/lib/python3.8/site-packages/airflow/example_dags/example_task_group_decorator.py
[2024-05-13T15:15:49.537+0000] {logging_mixin.py:188} INFO - [2024-05-13T15:15:49.537+0000] {dag.py:3047} INFO - Sync 1 DAGs
[2024-05-13T15:15:49.561+0000] {logging_mixin.py:188} INFO - [2024-05-13T15:15:49.561+0000] {dag.py:3834} INFO - Setting next_dagrun for example_task_group_decorator to 2024-05-12 00:00:00+00:00, run_after=2024-05-13 00:00:00+00:00
[2024-05-13T15:15:49.582+0000] {processor.py:183} INFO - Processing /home/airflow/.local/lib/python3.8/site-packages/airflow/example_dags/example_task_group_decorator.py took 0.088 seconds
[2024-05-13T15:16:19.622+0000] {processor.py:161} INFO - Started process (PID=212) to work on /home/airflow/.local/lib/python3.8/site-packages/airflow/example_dags/example_task_group_decorator.py
[2024-05-13T15:16:19.624+0000] {processor.py:830} INFO - Processing file /home/airflow/.local/lib/python3.8/site-packages/airflow/example_dags/example_task_group_decorator.py for tasks to queue
[2024-05-13T15:16:19.626+0000] {logging_mixin.py:188} INFO - [2024-05-13T15:16:19.626+0000] {dagbag.py:540} INFO - Filling up the DagBag from /home/airflow/.local/lib/python3.8/site-packages/airflow/example_dags/example_task_group_decorator.py
[2024-05-13T15:16:19.647+0000] {processor.py:840} INFO - DAG(s) 'example_task_group_decorator' retrieved from /home/airflow/.local/lib/python3.8/site-packages/airflow/example_dags/example_task_group_decorator.py
[2024-05-13T15:16:19.680+0000] {logging_mixin.py:188} INFO - [2024-05-13T15:16:19.680+0000] {dag.py:3047} INFO - Sync 1 DAGs
[2024-05-13T15:16:19.704+0000] {logging_mixin.py:188} INFO - [2024-05-13T15:16:19.703+0000] {dag.py:3834} INFO - Setting next_dagrun for example_task_group_decorator to 2024-05-12 00:00:00+00:00, run_after=2024-05-13 00:00:00+00:00
[2024-05-13T15:16:19.722+0000] {processor.py:183} INFO - Processing /home/airflow/.local/lib/python3.8/site-packages/airflow/example_dags/example_task_group_decorator.py took 0.106 seconds
[2024-05-13T15:16:49.947+0000] {processor.py:161} INFO - Started process (PID=280) to work on /home/airflow/.local/lib/python3.8/site-packages/airflow/example_dags/example_task_group_decorator.py
[2024-05-13T15:16:49.949+0000] {processor.py:830} INFO - Processing file /home/airflow/.local/lib/python3.8/site-packages/airflow/example_dags/example_task_group_decorator.py for tasks to queue
[2024-05-13T15:16:49.951+0000] {logging_mixin.py:188} INFO - [2024-05-13T15:16:49.950+0000] {dagbag.py:540} INFO - Filling up the DagBag from /home/airflow/.local/lib/python3.8/site-packages/airflow/example_dags/example_task_group_decorator.py
[2024-05-13T15:16:49.964+0000] {processor.py:840} INFO - DAG(s) 'example_task_group_decorator' retrieved from /home/airflow/.local/lib/python3.8/site-packages/airflow/example_dags/example_task_group_decorator.py
[2024-05-13T15:16:49.990+0000] {logging_mixin.py:188} INFO - [2024-05-13T15:16:49.989+0000] {dag.py:3047} INFO - Sync 1 DAGs
[2024-05-13T15:16:50.016+0000] {logging_mixin.py:188} INFO - [2024-05-13T15:16:50.016+0000] {dag.py:3834} INFO - Setting next_dagrun for example_task_group_decorator to 2024-05-12 00:00:00+00:00, run_after=2024-05-13 00:00:00+00:00
[2024-05-13T15:16:50.037+0000] {processor.py:183} INFO - Processing /home/airflow/.local/lib/python3.8/site-packages/airflow/example_dags/example_task_group_decorator.py took 0.093 seconds
[2024-05-13T15:17:20.211+0000] {processor.py:161} INFO - Started process (PID=348) to work on /home/airflow/.local/lib/python3.8/site-packages/airflow/example_dags/example_task_group_decorator.py
[2024-05-13T15:17:20.212+0000] {processor.py:830} INFO - Processing file /home/airflow/.local/lib/python3.8/site-packages/airflow/example_dags/example_task_group_decorator.py for tasks to queue
[2024-05-13T15:17:20.214+0000] {logging_mixin.py:188} INFO - [2024-05-13T15:17:20.214+0000] {dagbag.py:540} INFO - Filling up the DagBag from /home/airflow/.local/lib/python3.8/site-packages/airflow/example_dags/example_task_group_decorator.py
[2024-05-13T15:17:20.227+0000] {processor.py:840} INFO - DAG(s) 'example_task_group_decorator' retrieved from /home/airflow/.local/lib/python3.8/site-packages/airflow/example_dags/example_task_group_decorator.py
[2024-05-13T15:17:20.252+0000] {logging_mixin.py:188} INFO - [2024-05-13T15:17:20.252+0000] {dag.py:3047} INFO - Sync 1 DAGs
[2024-05-13T15:17:20.273+0000] {logging_mixin.py:188} INFO - [2024-05-13T15:17:20.273+0000] {dag.py:3834} INFO - Setting next_dagrun for example_task_group_decorator to 2024-05-12 00:00:00+00:00, run_after=2024-05-13 00:00:00+00:00
[2024-05-13T15:17:20.291+0000] {processor.py:183} INFO - Processing /home/airflow/.local/lib/python3.8/site-packages/airflow/example_dags/example_task_group_decorator.py took 0.083 seconds
[2024-05-13T15:17:50.499+0000] {processor.py:161} INFO - Started process (PID=416) to work on /home/airflow/.local/lib/python3.8/site-packages/airflow/example_dags/example_task_group_decorator.py
[2024-05-13T15:17:50.500+0000] {processor.py:830} INFO - Processing file /home/airflow/.local/lib/python3.8/site-packages/airflow/example_dags/example_task_group_decorator.py for tasks to queue
[2024-05-13T15:17:50.501+0000] {logging_mixin.py:188} INFO - [2024-05-13T15:17:50.501+0000] {dagbag.py:540} INFO - Filling up the DagBag from /home/airflow/.local/lib/python3.8/site-packages/airflow/example_dags/example_task_group_decorator.py
[2024-05-13T15:17:50.514+0000] {processor.py:840} INFO - DAG(s) 'example_task_group_decorator' retrieved from /home/airflow/.local/lib/python3.8/site-packages/airflow/example_dags/example_task_group_decorator.py
[2024-05-13T15:17:50.539+0000] {logging_mixin.py:188} INFO - [2024-05-13T15:17:50.539+0000] {dag.py:3047} INFO - Sync 1 DAGs
[2024-05-13T15:17:50.563+0000] {logging_mixin.py:188} INFO - [2024-05-13T15:17:50.563+0000] {dag.py:3834} INFO - Setting next_dagrun for example_task_group_decorator to 2024-05-12 00:00:00+00:00, run_after=2024-05-13 00:00:00+00:00
[2024-05-13T15:17:50.587+0000] {processor.py:183} INFO - Processing /home/airflow/.local/lib/python3.8/site-packages/airflow/example_dags/example_task_group_decorator.py took 0.091 seconds
[2024-05-13T15:18:20.744+0000] {processor.py:161} INFO - Started process (PID=484) to work on /home/airflow/.local/lib/python3.8/site-packages/airflow/example_dags/example_task_group_decorator.py
[2024-05-13T15:18:20.745+0000] {processor.py:830} INFO - Processing file /home/airflow/.local/lib/python3.8/site-packages/airflow/example_dags/example_task_group_decorator.py for tasks to queue
[2024-05-13T15:18:20.747+0000] {logging_mixin.py:188} INFO - [2024-05-13T15:18:20.746+0000] {dagbag.py:540} INFO - Filling up the DagBag from /home/airflow/.local/lib/python3.8/site-packages/airflow/example_dags/example_task_group_decorator.py
[2024-05-13T15:18:20.759+0000] {processor.py:840} INFO - DAG(s) 'example_task_group_decorator' retrieved from /home/airflow/.local/lib/python3.8/site-packages/airflow/example_dags/example_task_group_decorator.py
[2024-05-13T15:18:20.783+0000] {logging_mixin.py:188} INFO - [2024-05-13T15:18:20.783+0000] {dag.py:3047} INFO - Sync 1 DAGs
[2024-05-13T15:18:20.803+0000] {logging_mixin.py:188} INFO - [2024-05-13T15:18:20.803+0000] {dag.py:3834} INFO - Setting next_dagrun for example_task_group_decorator to 2024-05-12 00:00:00+00:00, run_after=2024-05-13 00:00:00+00:00
[2024-05-13T15:18:20.820+0000] {processor.py:183} INFO - Processing /home/airflow/.local/lib/python3.8/site-packages/airflow/example_dags/example_task_group_decorator.py took 0.080 seconds
[2024-05-13T15:18:51.062+0000] {processor.py:161} INFO - Started process (PID=552) to work on /home/airflow/.local/lib/python3.8/site-packages/airflow/example_dags/example_task_group_decorator.py
[2024-05-13T15:18:51.063+0000] {processor.py:830} INFO - Processing file /home/airflow/.local/lib/python3.8/site-packages/airflow/example_dags/example_task_group_decorator.py for tasks to queue
[2024-05-13T15:18:51.065+0000] {logging_mixin.py:188} INFO - [2024-05-13T15:18:51.065+0000] {dagbag.py:540} INFO - Filling up the DagBag from /home/airflow/.local/lib/python3.8/site-packages/airflow/example_dags/example_task_group_decorator.py
[2024-05-13T15:18:51.078+0000] {processor.py:840} INFO - DAG(s) 'example_task_group_decorator' retrieved from /home/airflow/.local/lib/python3.8/site-packages/airflow/example_dags/example_task_group_decorator.py
[2024-05-13T15:18:51.100+0000] {logging_mixin.py:188} INFO - [2024-05-13T15:18:51.100+0000] {dag.py:3047} INFO - Sync 1 DAGs
[2024-05-13T15:18:51.122+0000] {logging_mixin.py:188} INFO - [2024-05-13T15:18:51.122+0000] {dag.py:3834} INFO - Setting next_dagrun for example_task_group_decorator to 2024-05-12 00:00:00+00:00, run_after=2024-05-13 00:00:00+00:00
[2024-05-13T15:18:51.141+0000] {processor.py:183} INFO - Processing /home/airflow/.local/lib/python3.8/site-packages/airflow/example_dags/example_task_group_decorator.py took 0.082 seconds
[2024-05-13T15:19:21.299+0000] {processor.py:161} INFO - Started process (PID=620) to work on /home/airflow/.local/lib/python3.8/site-packages/airflow/example_dags/example_task_group_decorator.py
[2024-05-13T15:19:21.301+0000] {processor.py:830} INFO - Processing file /home/airflow/.local/lib/python3.8/site-packages/airflow/example_dags/example_task_group_decorator.py for tasks to queue
[2024-05-13T15:19:21.304+0000] {logging_mixin.py:188} INFO - [2024-05-13T15:19:21.303+0000] {dagbag.py:540} INFO - Filling up the DagBag from /home/airflow/.local/lib/python3.8/site-packages/airflow/example_dags/example_task_group_decorator.py
[2024-05-13T15:19:21.324+0000] {processor.py:840} INFO - DAG(s) 'example_task_group_decorator' retrieved from /home/airflow/.local/lib/python3.8/site-packages/airflow/example_dags/example_task_group_decorator.py
[2024-05-13T15:19:21.353+0000] {logging_mixin.py:188} INFO - [2024-05-13T15:19:21.353+0000] {dag.py:3047} INFO - Sync 1 DAGs
[2024-05-13T15:19:21.379+0000] {logging_mixin.py:188} INFO - [2024-05-13T15:19:21.379+0000] {dag.py:3834} INFO - Setting next_dagrun for example_task_group_decorator to 2024-05-12 00:00:00+00:00, run_after=2024-05-13 00:00:00+00:00
[2024-05-13T15:19:21.401+0000] {processor.py:183} INFO - Processing /home/airflow/.local/lib/python3.8/site-packages/airflow/example_dags/example_task_group_decorator.py took 0.105 seconds
[2024-05-13T15:19:51.534+0000] {processor.py:161} INFO - Started process (PID=688) to work on /home/airflow/.local/lib/python3.8/site-packages/airflow/example_dags/example_task_group_decorator.py
[2024-05-13T15:19:51.535+0000] {processor.py:830} INFO - Processing file /home/airflow/.local/lib/python3.8/site-packages/airflow/example_dags/example_task_group_decorator.py for tasks to queue
[2024-05-13T15:19:51.537+0000] {logging_mixin.py:188} INFO - [2024-05-13T15:19:51.537+0000] {dagbag.py:540} INFO - Filling up the DagBag from /home/airflow/.local/lib/python3.8/site-packages/airflow/example_dags/example_task_group_decorator.py
[2024-05-13T15:19:51.549+0000] {processor.py:840} INFO - DAG(s) 'example_task_group_decorator' retrieved from /home/airflow/.local/lib/python3.8/site-packages/airflow/example_dags/example_task_group_decorator.py
[2024-05-13T15:19:51.571+0000] {logging_mixin.py:188} INFO - [2024-05-13T15:19:51.571+0000] {dag.py:3047} INFO - Sync 1 DAGs
[2024-05-13T15:19:51.593+0000] {logging_mixin.py:188} INFO - [2024-05-13T15:19:51.592+0000] {dag.py:3834} INFO - Setting next_dagrun for example_task_group_decorator to 2024-05-12 00:00:00+00:00, run_after=2024-05-13 00:00:00+00:00
[2024-05-13T15:19:51.610+0000] {processor.py:183} INFO - Processing /home/airflow/.local/lib/python3.8/site-packages/airflow/example_dags/example_task_group_decorator.py took 0.078 seconds
[2024-05-13T15:20:21.830+0000] {processor.py:161} INFO - Started process (PID=756) to work on /home/airflow/.local/lib/python3.8/site-packages/airflow/example_dags/example_task_group_decorator.py
[2024-05-13T15:20:21.831+0000] {processor.py:830} INFO - Processing file /home/airflow/.local/lib/python3.8/site-packages/airflow/example_dags/example_task_group_decorator.py for tasks to queue
[2024-05-13T15:20:21.833+0000] {logging_mixin.py:188} INFO - [2024-05-13T15:20:21.833+0000] {dagbag.py:540} INFO - Filling up the DagBag from /home/airflow/.local/lib/python3.8/site-packages/airflow/example_dags/example_task_group_decorator.py
[2024-05-13T15:20:21.849+0000] {processor.py:840} INFO - DAG(s) 'example_task_group_decorator' retrieved from /home/airflow/.local/lib/python3.8/site-packages/airflow/example_dags/example_task_group_decorator.py
[2024-05-13T15:20:21.878+0000] {logging_mixin.py:188} INFO - [2024-05-13T15:20:21.877+0000] {dag.py:3047} INFO - Sync 1 DAGs
[2024-05-13T15:20:21.905+0000] {logging_mixin.py:188} INFO - [2024-05-13T15:20:21.904+0000] {dag.py:3834} INFO - Setting next_dagrun for example_task_group_decorator to 2024-05-12 00:00:00+00:00, run_after=2024-05-13 00:00:00+00:00
[2024-05-13T15:20:21.931+0000] {processor.py:183} INFO - Processing /home/airflow/.local/lib/python3.8/site-packages/airflow/example_dags/example_task_group_decorator.py took 0.105 seconds
[2024-05-13T15:20:52.314+0000] {processor.py:161} INFO - Started process (PID=828) to work on /home/airflow/.local/lib/python3.8/site-packages/airflow/example_dags/example_task_group_decorator.py
[2024-05-13T15:20:52.315+0000] {processor.py:830} INFO - Processing file /home/airflow/.local/lib/python3.8/site-packages/airflow/example_dags/example_task_group_decorator.py for tasks to queue
[2024-05-13T15:20:52.317+0000] {logging_mixin.py:188} INFO - [2024-05-13T15:20:52.317+0000] {dagbag.py:540} INFO - Filling up the DagBag from /home/airflow/.local/lib/python3.8/site-packages/airflow/example_dags/example_task_group_decorator.py
[2024-05-13T15:20:52.330+0000] {processor.py:840} INFO - DAG(s) 'example_task_group_decorator' retrieved from /home/airflow/.local/lib/python3.8/site-packages/airflow/example_dags/example_task_group_decorator.py
[2024-05-13T15:20:52.357+0000] {logging_mixin.py:188} INFO - [2024-05-13T15:20:52.357+0000] {dag.py:3047} INFO - Sync 1 DAGs
[2024-05-13T15:20:52.382+0000] {logging_mixin.py:188} INFO - [2024-05-13T15:20:52.381+0000] {dag.py:3834} INFO - Setting next_dagrun for example_task_group_decorator to 2024-05-12 00:00:00+00:00, run_after=2024-05-13 00:00:00+00:00
[2024-05-13T15:20:52.403+0000] {processor.py:183} INFO - Processing /home/airflow/.local/lib/python3.8/site-packages/airflow/example_dags/example_task_group_decorator.py took 0.092 seconds
[2024-05-13T15:21:22.504+0000] {processor.py:161} INFO - Started process (PID=896) to work on /home/airflow/.local/lib/python3.8/site-packages/airflow/example_dags/example_task_group_decorator.py
[2024-05-13T15:21:22.505+0000] {processor.py:830} INFO - Processing file /home/airflow/.local/lib/python3.8/site-packages/airflow/example_dags/example_task_group_decorator.py for tasks to queue
[2024-05-13T15:21:22.507+0000] {logging_mixin.py:188} INFO - [2024-05-13T15:21:22.507+0000] {dagbag.py:540} INFO - Filling up the DagBag from /home/airflow/.local/lib/python3.8/site-packages/airflow/example_dags/example_task_group_decorator.py
[2024-05-13T15:21:22.520+0000] {processor.py:840} INFO - DAG(s) 'example_task_group_decorator' retrieved from /home/airflow/.local/lib/python3.8/site-packages/airflow/example_dags/example_task_group_decorator.py
[2024-05-13T15:21:22.546+0000] {logging_mixin.py:188} INFO - [2024-05-13T15:21:22.545+0000] {dag.py:3047} INFO - Sync 1 DAGs
[2024-05-13T15:21:22.567+0000] {logging_mixin.py:188} INFO - [2024-05-13T15:21:22.567+0000] {dag.py:3834} INFO - Setting next_dagrun for example_task_group_decorator to 2024-05-12 00:00:00+00:00, run_after=2024-05-13 00:00:00+00:00
[2024-05-13T15:21:22.591+0000] {processor.py:183} INFO - Processing /home/airflow/.local/lib/python3.8/site-packages/airflow/example_dags/example_task_group_decorator.py took 0.091 seconds
[2024-05-13T15:21:52.668+0000] {processor.py:161} INFO - Started process (PID=964) to work on /home/airflow/.local/lib/python3.8/site-packages/airflow/example_dags/example_task_group_decorator.py
[2024-05-13T15:21:52.669+0000] {processor.py:830} INFO - Processing file /home/airflow/.local/lib/python3.8/site-packages/airflow/example_dags/example_task_group_decorator.py for tasks to queue
[2024-05-13T15:21:52.671+0000] {logging_mixin.py:188} INFO - [2024-05-13T15:21:52.670+0000] {dagbag.py:540} INFO - Filling up the DagBag from /home/airflow/.local/lib/python3.8/site-packages/airflow/example_dags/example_task_group_decorator.py
[2024-05-13T15:21:52.689+0000] {processor.py:840} INFO - DAG(s) 'example_task_group_decorator' retrieved from /home/airflow/.local/lib/python3.8/site-packages/airflow/example_dags/example_task_group_decorator.py
[2024-05-13T15:21:52.713+0000] {logging_mixin.py:188} INFO - [2024-05-13T15:21:52.712+0000] {dag.py:3047} INFO - Sync 1 DAGs
[2024-05-13T15:21:52.735+0000] {logging_mixin.py:188} INFO - [2024-05-13T15:21:52.735+0000] {dag.py:3834} INFO - Setting next_dagrun for example_task_group_decorator to 2024-05-12 00:00:00+00:00, run_after=2024-05-13 00:00:00+00:00
[2024-05-13T15:21:52.761+0000] {processor.py:183} INFO - Processing /home/airflow/.local/lib/python3.8/site-packages/airflow/example_dags/example_task_group_decorator.py took 0.097 seconds
[2024-05-13T15:22:23.605+0000] {processor.py:161} INFO - Started process (PID=1032) to work on /home/airflow/.local/lib/python3.8/site-packages/airflow/example_dags/example_task_group_decorator.py
[2024-05-13T15:22:23.607+0000] {processor.py:830} INFO - Processing file /home/airflow/.local/lib/python3.8/site-packages/airflow/example_dags/example_task_group_decorator.py for tasks to queue
[2024-05-13T15:22:23.611+0000] {logging_mixin.py:188} INFO - [2024-05-13T15:22:23.611+0000] {dagbag.py:540} INFO - Filling up the DagBag from /home/airflow/.local/lib/python3.8/site-packages/airflow/example_dags/example_task_group_decorator.py
[2024-05-13T15:22:23.630+0000] {processor.py:840} INFO - DAG(s) 'example_task_group_decorator' retrieved from /home/airflow/.local/lib/python3.8/site-packages/airflow/example_dags/example_task_group_decorator.py
[2024-05-13T15:22:23.660+0000] {logging_mixin.py:188} INFO - [2024-05-13T15:22:23.660+0000] {dag.py:3047} INFO - Sync 1 DAGs
[2024-05-13T15:22:23.687+0000] {logging_mixin.py:188} INFO - [2024-05-13T15:22:23.687+0000] {dag.py:3834} INFO - Setting next_dagrun for example_task_group_decorator to 2024-05-12 00:00:00+00:00, run_after=2024-05-13 00:00:00+00:00
[2024-05-13T15:22:23.715+0000] {processor.py:183} INFO - Processing /home/airflow/.local/lib/python3.8/site-packages/airflow/example_dags/example_task_group_decorator.py took 0.114 seconds
[2024-05-13T15:22:53.948+0000] {processor.py:161} INFO - Started process (PID=1101) to work on /home/airflow/.local/lib/python3.8/site-packages/airflow/example_dags/example_task_group_decorator.py
[2024-05-13T15:22:53.950+0000] {processor.py:830} INFO - Processing file /home/airflow/.local/lib/python3.8/site-packages/airflow/example_dags/example_task_group_decorator.py for tasks to queue
[2024-05-13T15:22:53.953+0000] {logging_mixin.py:188} INFO - [2024-05-13T15:22:53.952+0000] {dagbag.py:540} INFO - Filling up the DagBag from /home/airflow/.local/lib/python3.8/site-packages/airflow/example_dags/example_task_group_decorator.py
[2024-05-13T15:22:53.967+0000] {processor.py:840} INFO - DAG(s) 'example_task_group_decorator' retrieved from /home/airflow/.local/lib/python3.8/site-packages/airflow/example_dags/example_task_group_decorator.py
[2024-05-13T15:22:53.996+0000] {logging_mixin.py:188} INFO - [2024-05-13T15:22:53.996+0000] {dag.py:3047} INFO - Sync 1 DAGs
[2024-05-13T15:22:54.022+0000] {logging_mixin.py:188} INFO - [2024-05-13T15:22:54.022+0000] {dag.py:3834} INFO - Setting next_dagrun for example_task_group_decorator to 2024-05-12 00:00:00+00:00, run_after=2024-05-13 00:00:00+00:00
[2024-05-13T15:22:54.054+0000] {processor.py:183} INFO - Processing /home/airflow/.local/lib/python3.8/site-packages/airflow/example_dags/example_task_group_decorator.py took 0.109 seconds
[2024-05-13T15:23:24.311+0000] {processor.py:161} INFO - Started process (PID=1169) to work on /home/airflow/.local/lib/python3.8/site-packages/airflow/example_dags/example_task_group_decorator.py
[2024-05-13T15:23:24.313+0000] {processor.py:830} INFO - Processing file /home/airflow/.local/lib/python3.8/site-packages/airflow/example_dags/example_task_group_decorator.py for tasks to queue
[2024-05-13T15:23:24.317+0000] {logging_mixin.py:188} INFO - [2024-05-13T15:23:24.316+0000] {dagbag.py:540} INFO - Filling up the DagBag from /home/airflow/.local/lib/python3.8/site-packages/airflow/example_dags/example_task_group_decorator.py
[2024-05-13T15:23:24.336+0000] {processor.py:840} INFO - DAG(s) 'example_task_group_decorator' retrieved from /home/airflow/.local/lib/python3.8/site-packages/airflow/example_dags/example_task_group_decorator.py
[2024-05-13T15:23:24.374+0000] {logging_mixin.py:188} INFO - [2024-05-13T15:23:24.374+0000] {dag.py:3047} INFO - Sync 1 DAGs
[2024-05-13T15:23:24.402+0000] {logging_mixin.py:188} INFO - [2024-05-13T15:23:24.402+0000] {dag.py:3834} INFO - Setting next_dagrun for example_task_group_decorator to 2024-05-12 00:00:00+00:00, run_after=2024-05-13 00:00:00+00:00
[2024-05-13T15:23:24.429+0000] {processor.py:183} INFO - Processing /home/airflow/.local/lib/python3.8/site-packages/airflow/example_dags/example_task_group_decorator.py took 0.123 seconds
[2024-05-13T15:23:55.280+0000] {processor.py:161} INFO - Started process (PID=1237) to work on /home/airflow/.local/lib/python3.8/site-packages/airflow/example_dags/example_task_group_decorator.py
[2024-05-13T15:23:55.281+0000] {processor.py:830} INFO - Processing file /home/airflow/.local/lib/python3.8/site-packages/airflow/example_dags/example_task_group_decorator.py for tasks to queue
[2024-05-13T15:23:55.284+0000] {logging_mixin.py:188} INFO - [2024-05-13T15:23:55.284+0000] {dagbag.py:540} INFO - Filling up the DagBag from /home/airflow/.local/lib/python3.8/site-packages/airflow/example_dags/example_task_group_decorator.py
[2024-05-13T15:23:55.300+0000] {processor.py:840} INFO - DAG(s) 'example_task_group_decorator' retrieved from /home/airflow/.local/lib/python3.8/site-packages/airflow/example_dags/example_task_group_decorator.py
[2024-05-13T15:23:55.324+0000] {logging_mixin.py:188} INFO - [2024-05-13T15:23:55.323+0000] {dag.py:3047} INFO - Sync 1 DAGs
[2024-05-13T15:23:55.350+0000] {logging_mixin.py:188} INFO - [2024-05-13T15:23:55.350+0000] {dag.py:3834} INFO - Setting next_dagrun for example_task_group_decorator to 2024-05-12 00:00:00+00:00, run_after=2024-05-13 00:00:00+00:00
[2024-05-13T15:23:55.370+0000] {processor.py:183} INFO - Processing /home/airflow/.local/lib/python3.8/site-packages/airflow/example_dags/example_task_group_decorator.py took 0.093 seconds
[2024-05-13T15:24:25.504+0000] {processor.py:161} INFO - Started process (PID=1305) to work on /home/airflow/.local/lib/python3.8/site-packages/airflow/example_dags/example_task_group_decorator.py
[2024-05-13T15:24:25.505+0000] {processor.py:830} INFO - Processing file /home/airflow/.local/lib/python3.8/site-packages/airflow/example_dags/example_task_group_decorator.py for tasks to queue
[2024-05-13T15:24:25.507+0000] {logging_mixin.py:188} INFO - [2024-05-13T15:24:25.507+0000] {dagbag.py:540} INFO - Filling up the DagBag from /home/airflow/.local/lib/python3.8/site-packages/airflow/example_dags/example_task_group_decorator.py
[2024-05-13T15:24:25.519+0000] {processor.py:840} INFO - DAG(s) 'example_task_group_decorator' retrieved from /home/airflow/.local/lib/python3.8/site-packages/airflow/example_dags/example_task_group_decorator.py
[2024-05-13T15:24:25.541+0000] {logging_mixin.py:188} INFO - [2024-05-13T15:24:25.541+0000] {dag.py:3047} INFO - Sync 1 DAGs
[2024-05-13T15:24:25.561+0000] {logging_mixin.py:188} INFO - [2024-05-13T15:24:25.560+0000] {dag.py:3834} INFO - Setting next_dagrun for example_task_group_decorator to 2024-05-12 00:00:00+00:00, run_after=2024-05-13 00:00:00+00:00
[2024-05-13T15:24:25.579+0000] {processor.py:183} INFO - Processing /home/airflow/.local/lib/python3.8/site-packages/airflow/example_dags/example_task_group_decorator.py took 0.078 seconds
[2024-05-13T15:24:55.694+0000] {processor.py:161} INFO - Started process (PID=1373) to work on /home/airflow/.local/lib/python3.8/site-packages/airflow/example_dags/example_task_group_decorator.py
[2024-05-13T15:24:55.695+0000] {processor.py:830} INFO - Processing file /home/airflow/.local/lib/python3.8/site-packages/airflow/example_dags/example_task_group_decorator.py for tasks to queue
[2024-05-13T15:24:55.697+0000] {logging_mixin.py:188} INFO - [2024-05-13T15:24:55.697+0000] {dagbag.py:540} INFO - Filling up the DagBag from /home/airflow/.local/lib/python3.8/site-packages/airflow/example_dags/example_task_group_decorator.py
[2024-05-13T15:24:55.710+0000] {processor.py:840} INFO - DAG(s) 'example_task_group_decorator' retrieved from /home/airflow/.local/lib/python3.8/site-packages/airflow/example_dags/example_task_group_decorator.py
[2024-05-13T15:24:55.735+0000] {logging_mixin.py:188} INFO - [2024-05-13T15:24:55.735+0000] {dag.py:3047} INFO - Sync 1 DAGs
[2024-05-13T15:24:55.755+0000] {logging_mixin.py:188} INFO - [2024-05-13T15:24:55.755+0000] {dag.py:3834} INFO - Setting next_dagrun for example_task_group_decorator to 2024-05-12 00:00:00+00:00, run_after=2024-05-13 00:00:00+00:00
[2024-05-13T15:24:55.777+0000] {processor.py:183} INFO - Processing /home/airflow/.local/lib/python3.8/site-packages/airflow/example_dags/example_task_group_decorator.py took 0.086 seconds
[2024-05-13T15:25:25.814+0000] {processor.py:161} INFO - Started process (PID=1441) to work on /home/airflow/.local/lib/python3.8/site-packages/airflow/example_dags/example_task_group_decorator.py
[2024-05-13T15:25:25.815+0000] {processor.py:830} INFO - Processing file /home/airflow/.local/lib/python3.8/site-packages/airflow/example_dags/example_task_group_decorator.py for tasks to queue
[2024-05-13T15:25:25.817+0000] {logging_mixin.py:188} INFO - [2024-05-13T15:25:25.817+0000] {dagbag.py:540} INFO - Filling up the DagBag from /home/airflow/.local/lib/python3.8/site-packages/airflow/example_dags/example_task_group_decorator.py
[2024-05-13T15:25:25.831+0000] {processor.py:840} INFO - DAG(s) 'example_task_group_decorator' retrieved from /home/airflow/.local/lib/python3.8/site-packages/airflow/example_dags/example_task_group_decorator.py
[2024-05-13T15:25:25.852+0000] {logging_mixin.py:188} INFO - [2024-05-13T15:25:25.852+0000] {dag.py:3047} INFO - Sync 1 DAGs
[2024-05-13T15:25:25.872+0000] {logging_mixin.py:188} INFO - [2024-05-13T15:25:25.871+0000] {dag.py:3834} INFO - Setting next_dagrun for example_task_group_decorator to 2024-05-12 00:00:00+00:00, run_after=2024-05-13 00:00:00+00:00
[2024-05-13T15:25:25.896+0000] {processor.py:183} INFO - Processing /home/airflow/.local/lib/python3.8/site-packages/airflow/example_dags/example_task_group_decorator.py took 0.084 seconds
[2024-05-13T15:25:56.494+0000] {processor.py:161} INFO - Started process (PID=1510) to work on /home/airflow/.local/lib/python3.8/site-packages/airflow/example_dags/example_task_group_decorator.py
[2024-05-13T15:25:56.495+0000] {processor.py:830} INFO - Processing file /home/airflow/.local/lib/python3.8/site-packages/airflow/example_dags/example_task_group_decorator.py for tasks to queue
[2024-05-13T15:25:56.497+0000] {logging_mixin.py:188} INFO - [2024-05-13T15:25:56.497+0000] {dagbag.py:540} INFO - Filling up the DagBag from /home/airflow/.local/lib/python3.8/site-packages/airflow/example_dags/example_task_group_decorator.py
[2024-05-13T15:25:56.509+0000] {processor.py:840} INFO - DAG(s) 'example_task_group_decorator' retrieved from /home/airflow/.local/lib/python3.8/site-packages/airflow/example_dags/example_task_group_decorator.py
[2024-05-13T15:25:56.531+0000] {logging_mixin.py:188} INFO - [2024-05-13T15:25:56.531+0000] {dag.py:3047} INFO - Sync 1 DAGs
[2024-05-13T15:25:56.550+0000] {logging_mixin.py:188} INFO - [2024-05-13T15:25:56.550+0000] {dag.py:3834} INFO - Setting next_dagrun for example_task_group_decorator to 2024-05-12 00:00:00+00:00, run_after=2024-05-13 00:00:00+00:00
[2024-05-13T15:25:56.568+0000] {processor.py:183} INFO - Processing /home/airflow/.local/lib/python3.8/site-packages/airflow/example_dags/example_task_group_decorator.py took 0.076 seconds
[2024-05-13T15:26:26.600+0000] {processor.py:161} INFO - Started process (PID=1577) to work on /home/airflow/.local/lib/python3.8/site-packages/airflow/example_dags/example_task_group_decorator.py
[2024-05-13T15:26:26.601+0000] {processor.py:830} INFO - Processing file /home/airflow/.local/lib/python3.8/site-packages/airflow/example_dags/example_task_group_decorator.py for tasks to queue
[2024-05-13T15:26:26.603+0000] {logging_mixin.py:188} INFO - [2024-05-13T15:26:26.602+0000] {dagbag.py:540} INFO - Filling up the DagBag from /home/airflow/.local/lib/python3.8/site-packages/airflow/example_dags/example_task_group_decorator.py
[2024-05-13T15:26:26.615+0000] {processor.py:840} INFO - DAG(s) 'example_task_group_decorator' retrieved from /home/airflow/.local/lib/python3.8/site-packages/airflow/example_dags/example_task_group_decorator.py
[2024-05-13T15:26:26.637+0000] {logging_mixin.py:188} INFO - [2024-05-13T15:26:26.637+0000] {dag.py:3047} INFO - Sync 1 DAGs
[2024-05-13T15:26:26.658+0000] {logging_mixin.py:188} INFO - [2024-05-13T15:26:26.658+0000] {dag.py:3834} INFO - Setting next_dagrun for example_task_group_decorator to 2024-05-12 00:00:00+00:00, run_after=2024-05-13 00:00:00+00:00
[2024-05-13T15:26:26.674+0000] {processor.py:183} INFO - Processing /home/airflow/.local/lib/python3.8/site-packages/airflow/example_dags/example_task_group_decorator.py took 0.078 seconds
[2024-05-13T15:26:57.174+0000] {processor.py:161} INFO - Started process (PID=1646) to work on /home/airflow/.local/lib/python3.8/site-packages/airflow/example_dags/example_task_group_decorator.py
[2024-05-13T15:26:57.175+0000] {processor.py:830} INFO - Processing file /home/airflow/.local/lib/python3.8/site-packages/airflow/example_dags/example_task_group_decorator.py for tasks to queue
[2024-05-13T15:26:57.178+0000] {logging_mixin.py:188} INFO - [2024-05-13T15:26:57.177+0000] {dagbag.py:540} INFO - Filling up the DagBag from /home/airflow/.local/lib/python3.8/site-packages/airflow/example_dags/example_task_group_decorator.py
[2024-05-13T15:26:57.190+0000] {processor.py:840} INFO - DAG(s) 'example_task_group_decorator' retrieved from /home/airflow/.local/lib/python3.8/site-packages/airflow/example_dags/example_task_group_decorator.py
[2024-05-13T15:26:57.218+0000] {logging_mixin.py:188} INFO - [2024-05-13T15:26:57.218+0000] {dag.py:3047} INFO - Sync 1 DAGs
[2024-05-13T15:26:57.236+0000] {logging_mixin.py:188} INFO - [2024-05-13T15:26:57.236+0000] {dag.py:3834} INFO - Setting next_dagrun for example_task_group_decorator to 2024-05-12 00:00:00+00:00, run_after=2024-05-13 00:00:00+00:00
[2024-05-13T15:26:57.256+0000] {processor.py:183} INFO - Processing /home/airflow/.local/lib/python3.8/site-packages/airflow/example_dags/example_task_group_decorator.py took 0.085 seconds
[2024-05-13T15:27:27.499+0000] {processor.py:161} INFO - Started process (PID=1714) to work on /home/airflow/.local/lib/python3.8/site-packages/airflow/example_dags/example_task_group_decorator.py
[2024-05-13T15:27:27.500+0000] {processor.py:830} INFO - Processing file /home/airflow/.local/lib/python3.8/site-packages/airflow/example_dags/example_task_group_decorator.py for tasks to queue
[2024-05-13T15:27:27.503+0000] {logging_mixin.py:188} INFO - [2024-05-13T15:27:27.503+0000] {dagbag.py:540} INFO - Filling up the DagBag from /home/airflow/.local/lib/python3.8/site-packages/airflow/example_dags/example_task_group_decorator.py
[2024-05-13T15:27:27.522+0000] {processor.py:840} INFO - DAG(s) 'example_task_group_decorator' retrieved from /home/airflow/.local/lib/python3.8/site-packages/airflow/example_dags/example_task_group_decorator.py
[2024-05-13T15:27:27.549+0000] {logging_mixin.py:188} INFO - [2024-05-13T15:27:27.549+0000] {dag.py:3047} INFO - Sync 1 DAGs
[2024-05-13T15:27:27.573+0000] {logging_mixin.py:188} INFO - [2024-05-13T15:27:27.573+0000] {dag.py:3834} INFO - Setting next_dagrun for example_task_group_decorator to 2024-05-12 00:00:00+00:00, run_after=2024-05-13 00:00:00+00:00
[2024-05-13T15:27:27.596+0000] {processor.py:183} INFO - Processing /home/airflow/.local/lib/python3.8/site-packages/airflow/example_dags/example_task_group_decorator.py took 0.100 seconds
[2024-05-13T15:27:57.804+0000] {processor.py:161} INFO - Started process (PID=1782) to work on /home/airflow/.local/lib/python3.8/site-packages/airflow/example_dags/example_task_group_decorator.py
[2024-05-13T15:27:57.805+0000] {processor.py:830} INFO - Processing file /home/airflow/.local/lib/python3.8/site-packages/airflow/example_dags/example_task_group_decorator.py for tasks to queue
[2024-05-13T15:27:57.807+0000] {logging_mixin.py:188} INFO - [2024-05-13T15:27:57.807+0000] {dagbag.py:540} INFO - Filling up the DagBag from /home/airflow/.local/lib/python3.8/site-packages/airflow/example_dags/example_task_group_decorator.py
[2024-05-13T15:27:57.819+0000] {processor.py:840} INFO - DAG(s) 'example_task_group_decorator' retrieved from /home/airflow/.local/lib/python3.8/site-packages/airflow/example_dags/example_task_group_decorator.py
[2024-05-13T15:27:57.840+0000] {logging_mixin.py:188} INFO - [2024-05-13T15:27:57.840+0000] {dag.py:3047} INFO - Sync 1 DAGs
[2024-05-13T15:27:57.858+0000] {logging_mixin.py:188} INFO - [2024-05-13T15:27:57.858+0000] {dag.py:3834} INFO - Setting next_dagrun for example_task_group_decorator to 2024-05-12 00:00:00+00:00, run_after=2024-05-13 00:00:00+00:00
[2024-05-13T15:27:57.876+0000] {processor.py:183} INFO - Processing /home/airflow/.local/lib/python3.8/site-packages/airflow/example_dags/example_task_group_decorator.py took 0.075 seconds
[2024-05-13T15:28:27.908+0000] {processor.py:161} INFO - Started process (PID=1849) to work on /home/airflow/.local/lib/python3.8/site-packages/airflow/example_dags/example_task_group_decorator.py
[2024-05-13T15:28:27.910+0000] {processor.py:830} INFO - Processing file /home/airflow/.local/lib/python3.8/site-packages/airflow/example_dags/example_task_group_decorator.py for tasks to queue
[2024-05-13T15:28:27.912+0000] {logging_mixin.py:188} INFO - [2024-05-13T15:28:27.911+0000] {dagbag.py:540} INFO - Filling up the DagBag from /home/airflow/.local/lib/python3.8/site-packages/airflow/example_dags/example_task_group_decorator.py
[2024-05-13T15:28:27.926+0000] {processor.py:840} INFO - DAG(s) 'example_task_group_decorator' retrieved from /home/airflow/.local/lib/python3.8/site-packages/airflow/example_dags/example_task_group_decorator.py
[2024-05-13T15:28:27.949+0000] {logging_mixin.py:188} INFO - [2024-05-13T15:28:27.948+0000] {dag.py:3047} INFO - Sync 1 DAGs
[2024-05-13T15:28:27.971+0000] {logging_mixin.py:188} INFO - [2024-05-13T15:28:27.970+0000] {dag.py:3834} INFO - Setting next_dagrun for example_task_group_decorator to 2024-05-12 00:00:00+00:00, run_after=2024-05-13 00:00:00+00:00
[2024-05-13T15:28:27.989+0000] {processor.py:183} INFO - Processing /home/airflow/.local/lib/python3.8/site-packages/airflow/example_dags/example_task_group_decorator.py took 0.083 seconds
[2024-05-13T15:28:58.233+0000] {processor.py:161} INFO - Started process (PID=1917) to work on /home/airflow/.local/lib/python3.8/site-packages/airflow/example_dags/example_task_group_decorator.py
[2024-05-13T15:28:58.234+0000] {processor.py:830} INFO - Processing file /home/airflow/.local/lib/python3.8/site-packages/airflow/example_dags/example_task_group_decorator.py for tasks to queue
[2024-05-13T15:28:58.236+0000] {logging_mixin.py:188} INFO - [2024-05-13T15:28:58.235+0000] {dagbag.py:540} INFO - Filling up the DagBag from /home/airflow/.local/lib/python3.8/site-packages/airflow/example_dags/example_task_group_decorator.py
[2024-05-13T15:28:58.248+0000] {processor.py:840} INFO - DAG(s) 'example_task_group_decorator' retrieved from /home/airflow/.local/lib/python3.8/site-packages/airflow/example_dags/example_task_group_decorator.py
[2024-05-13T15:28:58.270+0000] {logging_mixin.py:188} INFO - [2024-05-13T15:28:58.269+0000] {dag.py:3047} INFO - Sync 1 DAGs
[2024-05-13T15:28:58.291+0000] {logging_mixin.py:188} INFO - [2024-05-13T15:28:58.291+0000] {dag.py:3834} INFO - Setting next_dagrun for example_task_group_decorator to 2024-05-12 00:00:00+00:00, run_after=2024-05-13 00:00:00+00:00
[2024-05-13T15:28:58.314+0000] {processor.py:183} INFO - Processing /home/airflow/.local/lib/python3.8/site-packages/airflow/example_dags/example_task_group_decorator.py took 0.083 seconds
[2024-05-13T15:29:28.620+0000] {processor.py:161} INFO - Started process (PID=1985) to work on /home/airflow/.local/lib/python3.8/site-packages/airflow/example_dags/example_task_group_decorator.py
[2024-05-13T15:29:28.621+0000] {processor.py:830} INFO - Processing file /home/airflow/.local/lib/python3.8/site-packages/airflow/example_dags/example_task_group_decorator.py for tasks to queue
[2024-05-13T15:29:28.623+0000] {logging_mixin.py:188} INFO - [2024-05-13T15:29:28.623+0000] {dagbag.py:540} INFO - Filling up the DagBag from /home/airflow/.local/lib/python3.8/site-packages/airflow/example_dags/example_task_group_decorator.py
[2024-05-13T15:29:28.639+0000] {processor.py:840} INFO - DAG(s) 'example_task_group_decorator' retrieved from /home/airflow/.local/lib/python3.8/site-packages/airflow/example_dags/example_task_group_decorator.py
[2024-05-13T15:29:28.663+0000] {logging_mixin.py:188} INFO - [2024-05-13T15:29:28.663+0000] {dag.py:3047} INFO - Sync 1 DAGs
[2024-05-13T15:29:28.692+0000] {logging_mixin.py:188} INFO - [2024-05-13T15:29:28.692+0000] {dag.py:3834} INFO - Setting next_dagrun for example_task_group_decorator to 2024-05-12 00:00:00+00:00, run_after=2024-05-13 00:00:00+00:00
[2024-05-13T15:29:28.714+0000] {processor.py:183} INFO - Processing /home/airflow/.local/lib/python3.8/site-packages/airflow/example_dags/example_task_group_decorator.py took 0.097 seconds
[2024-05-13T15:29:59.575+0000] {processor.py:161} INFO - Started process (PID=2053) to work on /home/airflow/.local/lib/python3.8/site-packages/airflow/example_dags/example_task_group_decorator.py
[2024-05-13T15:29:59.576+0000] {processor.py:830} INFO - Processing file /home/airflow/.local/lib/python3.8/site-packages/airflow/example_dags/example_task_group_decorator.py for tasks to queue
[2024-05-13T15:29:59.578+0000] {logging_mixin.py:188} INFO - [2024-05-13T15:29:59.578+0000] {dagbag.py:540} INFO - Filling up the DagBag from /home/airflow/.local/lib/python3.8/site-packages/airflow/example_dags/example_task_group_decorator.py
[2024-05-13T15:29:59.593+0000] {processor.py:840} INFO - DAG(s) 'example_task_group_decorator' retrieved from /home/airflow/.local/lib/python3.8/site-packages/airflow/example_dags/example_task_group_decorator.py
[2024-05-13T15:29:59.615+0000] {logging_mixin.py:188} INFO - [2024-05-13T15:29:59.615+0000] {dag.py:3047} INFO - Sync 1 DAGs
[2024-05-13T15:29:59.636+0000] {logging_mixin.py:188} INFO - [2024-05-13T15:29:59.636+0000] {dag.py:3834} INFO - Setting next_dagrun for example_task_group_decorator to 2024-05-12 00:00:00+00:00, run_after=2024-05-13 00:00:00+00:00
[2024-05-13T15:29:59.655+0000] {processor.py:183} INFO - Processing /home/airflow/.local/lib/python3.8/site-packages/airflow/example_dags/example_task_group_decorator.py took 0.083 seconds
[2024-05-13T15:30:29.720+0000] {processor.py:161} INFO - Started process (PID=2121) to work on /home/airflow/.local/lib/python3.8/site-packages/airflow/example_dags/example_task_group_decorator.py
[2024-05-13T15:30:29.721+0000] {processor.py:830} INFO - Processing file /home/airflow/.local/lib/python3.8/site-packages/airflow/example_dags/example_task_group_decorator.py for tasks to queue
[2024-05-13T15:30:29.722+0000] {logging_mixin.py:188} INFO - [2024-05-13T15:30:29.722+0000] {dagbag.py:540} INFO - Filling up the DagBag from /home/airflow/.local/lib/python3.8/site-packages/airflow/example_dags/example_task_group_decorator.py
[2024-05-13T15:30:29.734+0000] {processor.py:840} INFO - DAG(s) 'example_task_group_decorator' retrieved from /home/airflow/.local/lib/python3.8/site-packages/airflow/example_dags/example_task_group_decorator.py
[2024-05-13T15:30:29.757+0000] {logging_mixin.py:188} INFO - [2024-05-13T15:30:29.756+0000] {dag.py:3047} INFO - Sync 1 DAGs
[2024-05-13T15:30:29.775+0000] {logging_mixin.py:188} INFO - [2024-05-13T15:30:29.775+0000] {dag.py:3834} INFO - Setting next_dagrun for example_task_group_decorator to 2024-05-12 00:00:00+00:00, run_after=2024-05-13 00:00:00+00:00
[2024-05-13T15:30:29.793+0000] {processor.py:183} INFO - Processing /home/airflow/.local/lib/python3.8/site-packages/airflow/example_dags/example_task_group_decorator.py took 0.076 seconds
[2024-05-13T15:30:59.837+0000] {processor.py:161} INFO - Started process (PID=2189) to work on /home/airflow/.local/lib/python3.8/site-packages/airflow/example_dags/example_task_group_decorator.py
[2024-05-13T15:30:59.838+0000] {processor.py:830} INFO - Processing file /home/airflow/.local/lib/python3.8/site-packages/airflow/example_dags/example_task_group_decorator.py for tasks to queue
[2024-05-13T15:30:59.839+0000] {logging_mixin.py:188} INFO - [2024-05-13T15:30:59.839+0000] {dagbag.py:540} INFO - Filling up the DagBag from /home/airflow/.local/lib/python3.8/site-packages/airflow/example_dags/example_task_group_decorator.py
[2024-05-13T15:30:59.853+0000] {processor.py:840} INFO - DAG(s) 'example_task_group_decorator' retrieved from /home/airflow/.local/lib/python3.8/site-packages/airflow/example_dags/example_task_group_decorator.py
[2024-05-13T15:30:59.874+0000] {logging_mixin.py:188} INFO - [2024-05-13T15:30:59.874+0000] {dag.py:3047} INFO - Sync 1 DAGs
[2024-05-13T15:30:59.893+0000] {logging_mixin.py:188} INFO - [2024-05-13T15:30:59.893+0000] {dag.py:3834} INFO - Setting next_dagrun for example_task_group_decorator to 2024-05-12 00:00:00+00:00, run_after=2024-05-13 00:00:00+00:00
[2024-05-13T15:30:59.912+0000] {processor.py:183} INFO - Processing /home/airflow/.local/lib/python3.8/site-packages/airflow/example_dags/example_task_group_decorator.py took 0.078 seconds
[2024-05-13T15:31:30.150+0000] {processor.py:161} INFO - Started process (PID=2257) to work on /home/airflow/.local/lib/python3.8/site-packages/airflow/example_dags/example_task_group_decorator.py
[2024-05-13T15:31:30.151+0000] {processor.py:830} INFO - Processing file /home/airflow/.local/lib/python3.8/site-packages/airflow/example_dags/example_task_group_decorator.py for tasks to queue
[2024-05-13T15:31:30.152+0000] {logging_mixin.py:188} INFO - [2024-05-13T15:31:30.152+0000] {dagbag.py:540} INFO - Filling up the DagBag from /home/airflow/.local/lib/python3.8/site-packages/airflow/example_dags/example_task_group_decorator.py
[2024-05-13T15:31:30.163+0000] {processor.py:840} INFO - DAG(s) 'example_task_group_decorator' retrieved from /home/airflow/.local/lib/python3.8/site-packages/airflow/example_dags/example_task_group_decorator.py
[2024-05-13T15:31:30.184+0000] {logging_mixin.py:188} INFO - [2024-05-13T15:31:30.183+0000] {dag.py:3047} INFO - Sync 1 DAGs
[2024-05-13T15:31:30.203+0000] {logging_mixin.py:188} INFO - [2024-05-13T15:31:30.202+0000] {dag.py:3834} INFO - Setting next_dagrun for example_task_group_decorator to 2024-05-12 00:00:00+00:00, run_after=2024-05-13 00:00:00+00:00
[2024-05-13T15:31:30.220+0000] {processor.py:183} INFO - Processing /home/airflow/.local/lib/python3.8/site-packages/airflow/example_dags/example_task_group_decorator.py took 0.073 seconds
[2024-05-13T15:32:00.499+0000] {processor.py:161} INFO - Started process (PID=2325) to work on /home/airflow/.local/lib/python3.8/site-packages/airflow/example_dags/example_task_group_decorator.py
[2024-05-13T15:32:00.500+0000] {processor.py:830} INFO - Processing file /home/airflow/.local/lib/python3.8/site-packages/airflow/example_dags/example_task_group_decorator.py for tasks to queue
[2024-05-13T15:32:00.501+0000] {logging_mixin.py:188} INFO - [2024-05-13T15:32:00.501+0000] {dagbag.py:540} INFO - Filling up the DagBag from /home/airflow/.local/lib/python3.8/site-packages/airflow/example_dags/example_task_group_decorator.py
[2024-05-13T15:32:00.514+0000] {processor.py:840} INFO - DAG(s) 'example_task_group_decorator' retrieved from /home/airflow/.local/lib/python3.8/site-packages/airflow/example_dags/example_task_group_decorator.py
[2024-05-13T15:32:00.535+0000] {logging_mixin.py:188} INFO - [2024-05-13T15:32:00.535+0000] {dag.py:3047} INFO - Sync 1 DAGs
[2024-05-13T15:32:00.555+0000] {logging_mixin.py:188} INFO - [2024-05-13T15:32:00.555+0000] {dag.py:3834} INFO - Setting next_dagrun for example_task_group_decorator to 2024-05-12 00:00:00+00:00, run_after=2024-05-13 00:00:00+00:00
[2024-05-13T15:32:00.573+0000] {processor.py:183} INFO - Processing /home/airflow/.local/lib/python3.8/site-packages/airflow/example_dags/example_task_group_decorator.py took 0.077 seconds
[2024-05-13T15:32:31.085+0000] {processor.py:161} INFO - Started process (PID=2393) to work on /home/airflow/.local/lib/python3.8/site-packages/airflow/example_dags/example_task_group_decorator.py
[2024-05-13T15:32:31.086+0000] {processor.py:830} INFO - Processing file /home/airflow/.local/lib/python3.8/site-packages/airflow/example_dags/example_task_group_decorator.py for tasks to queue
[2024-05-13T15:32:31.087+0000] {logging_mixin.py:188} INFO - [2024-05-13T15:32:31.087+0000] {dagbag.py:540} INFO - Filling up the DagBag from /home/airflow/.local/lib/python3.8/site-packages/airflow/example_dags/example_task_group_decorator.py
[2024-05-13T15:32:31.100+0000] {processor.py:840} INFO - DAG(s) 'example_task_group_decorator' retrieved from /home/airflow/.local/lib/python3.8/site-packages/airflow/example_dags/example_task_group_decorator.py
[2024-05-13T15:32:31.123+0000] {logging_mixin.py:188} INFO - [2024-05-13T15:32:31.122+0000] {dag.py:3047} INFO - Sync 1 DAGs
[2024-05-13T15:32:31.144+0000] {logging_mixin.py:188} INFO - [2024-05-13T15:32:31.144+0000] {dag.py:3834} INFO - Setting next_dagrun for example_task_group_decorator to 2024-05-12 00:00:00+00:00, run_after=2024-05-13 00:00:00+00:00
[2024-05-13T15:32:31.161+0000] {processor.py:183} INFO - Processing /home/airflow/.local/lib/python3.8/site-packages/airflow/example_dags/example_task_group_decorator.py took 0.079 seconds
[2024-05-13T15:33:01.394+0000] {processor.py:161} INFO - Started process (PID=2461) to work on /home/airflow/.local/lib/python3.8/site-packages/airflow/example_dags/example_task_group_decorator.py
[2024-05-13T15:33:01.395+0000] {processor.py:830} INFO - Processing file /home/airflow/.local/lib/python3.8/site-packages/airflow/example_dags/example_task_group_decorator.py for tasks to queue
[2024-05-13T15:33:01.397+0000] {logging_mixin.py:188} INFO - [2024-05-13T15:33:01.397+0000] {dagbag.py:540} INFO - Filling up the DagBag from /home/airflow/.local/lib/python3.8/site-packages/airflow/example_dags/example_task_group_decorator.py
[2024-05-13T15:33:01.413+0000] {processor.py:840} INFO - DAG(s) 'example_task_group_decorator' retrieved from /home/airflow/.local/lib/python3.8/site-packages/airflow/example_dags/example_task_group_decorator.py
[2024-05-13T15:33:01.438+0000] {logging_mixin.py:188} INFO - [2024-05-13T15:33:01.437+0000] {dag.py:3047} INFO - Sync 1 DAGs
[2024-05-13T15:33:01.461+0000] {logging_mixin.py:188} INFO - [2024-05-13T15:33:01.461+0000] {dag.py:3834} INFO - Setting next_dagrun for example_task_group_decorator to 2024-05-12 00:00:00+00:00, run_after=2024-05-13 00:00:00+00:00
[2024-05-13T15:33:01.485+0000] {processor.py:183} INFO - Processing /home/airflow/.local/lib/python3.8/site-packages/airflow/example_dags/example_task_group_decorator.py took 0.094 seconds
[2024-05-13T15:33:31.719+0000] {processor.py:161} INFO - Started process (PID=2528) to work on /home/airflow/.local/lib/python3.8/site-packages/airflow/example_dags/example_task_group_decorator.py
[2024-05-13T15:33:31.720+0000] {processor.py:830} INFO - Processing file /home/airflow/.local/lib/python3.8/site-packages/airflow/example_dags/example_task_group_decorator.py for tasks to queue
[2024-05-13T15:33:31.722+0000] {logging_mixin.py:188} INFO - [2024-05-13T15:33:31.721+0000] {dagbag.py:540} INFO - Filling up the DagBag from /home/airflow/.local/lib/python3.8/site-packages/airflow/example_dags/example_task_group_decorator.py
[2024-05-13T15:33:31.734+0000] {processor.py:840} INFO - DAG(s) 'example_task_group_decorator' retrieved from /home/airflow/.local/lib/python3.8/site-packages/airflow/example_dags/example_task_group_decorator.py
[2024-05-13T15:33:31.760+0000] {logging_mixin.py:188} INFO - [2024-05-13T15:33:31.760+0000] {dag.py:3047} INFO - Sync 1 DAGs
[2024-05-13T15:33:31.784+0000] {logging_mixin.py:188} INFO - [2024-05-13T15:33:31.784+0000] {dag.py:3834} INFO - Setting next_dagrun for example_task_group_decorator to 2024-05-12 00:00:00+00:00, run_after=2024-05-13 00:00:00+00:00
[2024-05-13T15:33:31.803+0000] {processor.py:183} INFO - Processing /home/airflow/.local/lib/python3.8/site-packages/airflow/example_dags/example_task_group_decorator.py took 0.088 seconds
[2024-05-13T15:34:01.856+0000] {processor.py:161} INFO - Started process (PID=2584) to work on /home/airflow/.local/lib/python3.8/site-packages/airflow/example_dags/example_task_group_decorator.py
[2024-05-13T15:34:01.857+0000] {processor.py:830} INFO - Processing file /home/airflow/.local/lib/python3.8/site-packages/airflow/example_dags/example_task_group_decorator.py for tasks to queue
[2024-05-13T15:34:01.858+0000] {logging_mixin.py:188} INFO - [2024-05-13T15:34:01.858+0000] {dagbag.py:540} INFO - Filling up the DagBag from /home/airflow/.local/lib/python3.8/site-packages/airflow/example_dags/example_task_group_decorator.py
[2024-05-13T15:34:01.870+0000] {processor.py:840} INFO - DAG(s) 'example_task_group_decorator' retrieved from /home/airflow/.local/lib/python3.8/site-packages/airflow/example_dags/example_task_group_decorator.py
[2024-05-13T15:34:01.893+0000] {logging_mixin.py:188} INFO - [2024-05-13T15:34:01.893+0000] {dag.py:3047} INFO - Sync 1 DAGs
[2024-05-13T15:34:01.914+0000] {logging_mixin.py:188} INFO - [2024-05-13T15:34:01.913+0000] {dag.py:3834} INFO - Setting next_dagrun for example_task_group_decorator to 2024-05-12 00:00:00+00:00, run_after=2024-05-13 00:00:00+00:00
[2024-05-13T15:34:01.934+0000] {processor.py:183} INFO - Processing /home/airflow/.local/lib/python3.8/site-packages/airflow/example_dags/example_task_group_decorator.py took 0.081 seconds
[2024-05-13T15:34:32.822+0000] {processor.py:161} INFO - Started process (PID=2653) to work on /home/airflow/.local/lib/python3.8/site-packages/airflow/example_dags/example_task_group_decorator.py
[2024-05-13T15:34:32.823+0000] {processor.py:830} INFO - Processing file /home/airflow/.local/lib/python3.8/site-packages/airflow/example_dags/example_task_group_decorator.py for tasks to queue
[2024-05-13T15:34:32.825+0000] {logging_mixin.py:188} INFO - [2024-05-13T15:34:32.824+0000] {dagbag.py:540} INFO - Filling up the DagBag from /home/airflow/.local/lib/python3.8/site-packages/airflow/example_dags/example_task_group_decorator.py
[2024-05-13T15:34:32.836+0000] {processor.py:840} INFO - DAG(s) 'example_task_group_decorator' retrieved from /home/airflow/.local/lib/python3.8/site-packages/airflow/example_dags/example_task_group_decorator.py
[2024-05-13T15:34:32.858+0000] {logging_mixin.py:188} INFO - [2024-05-13T15:34:32.858+0000] {dag.py:3047} INFO - Sync 1 DAGs
[2024-05-13T15:34:32.878+0000] {logging_mixin.py:188} INFO - [2024-05-13T15:34:32.878+0000] {dag.py:3834} INFO - Setting next_dagrun for example_task_group_decorator to 2024-05-12 00:00:00+00:00, run_after=2024-05-13 00:00:00+00:00
[2024-05-13T15:34:32.896+0000] {processor.py:183} INFO - Processing /home/airflow/.local/lib/python3.8/site-packages/airflow/example_dags/example_task_group_decorator.py took 0.077 seconds
[2024-05-13T15:35:03.031+0000] {processor.py:161} INFO - Started process (PID=2721) to work on /home/airflow/.local/lib/python3.8/site-packages/airflow/example_dags/example_task_group_decorator.py
[2024-05-13T15:35:03.032+0000] {processor.py:830} INFO - Processing file /home/airflow/.local/lib/python3.8/site-packages/airflow/example_dags/example_task_group_decorator.py for tasks to queue
[2024-05-13T15:35:03.034+0000] {logging_mixin.py:188} INFO - [2024-05-13T15:35:03.034+0000] {dagbag.py:540} INFO - Filling up the DagBag from /home/airflow/.local/lib/python3.8/site-packages/airflow/example_dags/example_task_group_decorator.py
[2024-05-13T15:35:03.046+0000] {processor.py:840} INFO - DAG(s) 'example_task_group_decorator' retrieved from /home/airflow/.local/lib/python3.8/site-packages/airflow/example_dags/example_task_group_decorator.py
[2024-05-13T15:35:03.069+0000] {logging_mixin.py:188} INFO - [2024-05-13T15:35:03.069+0000] {dag.py:3047} INFO - Sync 1 DAGs
[2024-05-13T15:35:03.088+0000] {logging_mixin.py:188} INFO - [2024-05-13T15:35:03.087+0000] {dag.py:3834} INFO - Setting next_dagrun for example_task_group_decorator to 2024-05-12 00:00:00+00:00, run_after=2024-05-13 00:00:00+00:00
[2024-05-13T15:35:03.106+0000] {processor.py:183} INFO - Processing /home/airflow/.local/lib/python3.8/site-packages/airflow/example_dags/example_task_group_decorator.py took 0.077 seconds
[2024-05-13T15:35:33.485+0000] {processor.py:161} INFO - Started process (PID=2789) to work on /home/airflow/.local/lib/python3.8/site-packages/airflow/example_dags/example_task_group_decorator.py
[2024-05-13T15:35:33.486+0000] {processor.py:830} INFO - Processing file /home/airflow/.local/lib/python3.8/site-packages/airflow/example_dags/example_task_group_decorator.py for tasks to queue
[2024-05-13T15:35:33.487+0000] {logging_mixin.py:188} INFO - [2024-05-13T15:35:33.487+0000] {dagbag.py:540} INFO - Filling up the DagBag from /home/airflow/.local/lib/python3.8/site-packages/airflow/example_dags/example_task_group_decorator.py
[2024-05-13T15:35:33.499+0000] {processor.py:840} INFO - DAG(s) 'example_task_group_decorator' retrieved from /home/airflow/.local/lib/python3.8/site-packages/airflow/example_dags/example_task_group_decorator.py
[2024-05-13T15:35:33.521+0000] {logging_mixin.py:188} INFO - [2024-05-13T15:35:33.520+0000] {dag.py:3047} INFO - Sync 1 DAGs
[2024-05-13T15:35:33.540+0000] {logging_mixin.py:188} INFO - [2024-05-13T15:35:33.539+0000] {dag.py:3834} INFO - Setting next_dagrun for example_task_group_decorator to 2024-05-12 00:00:00+00:00, run_after=2024-05-13 00:00:00+00:00
[2024-05-13T15:35:33.558+0000] {processor.py:183} INFO - Processing /home/airflow/.local/lib/python3.8/site-packages/airflow/example_dags/example_task_group_decorator.py took 0.076 seconds
[2024-05-13T15:36:04.010+0000] {processor.py:161} INFO - Started process (PID=2857) to work on /home/airflow/.local/lib/python3.8/site-packages/airflow/example_dags/example_task_group_decorator.py
[2024-05-13T15:36:04.011+0000] {processor.py:830} INFO - Processing file /home/airflow/.local/lib/python3.8/site-packages/airflow/example_dags/example_task_group_decorator.py for tasks to queue
[2024-05-13T15:36:04.014+0000] {logging_mixin.py:188} INFO - [2024-05-13T15:36:04.013+0000] {dagbag.py:540} INFO - Filling up the DagBag from /home/airflow/.local/lib/python3.8/site-packages/airflow/example_dags/example_task_group_decorator.py
[2024-05-13T15:36:04.027+0000] {processor.py:840} INFO - DAG(s) 'example_task_group_decorator' retrieved from /home/airflow/.local/lib/python3.8/site-packages/airflow/example_dags/example_task_group_decorator.py
[2024-05-13T15:36:04.049+0000] {logging_mixin.py:188} INFO - [2024-05-13T15:36:04.048+0000] {dag.py:3047} INFO - Sync 1 DAGs
[2024-05-13T15:36:04.067+0000] {logging_mixin.py:188} INFO - [2024-05-13T15:36:04.067+0000] {dag.py:3834} INFO - Setting next_dagrun for example_task_group_decorator to 2024-05-12 00:00:00+00:00, run_after=2024-05-13 00:00:00+00:00
[2024-05-13T15:36:04.087+0000] {processor.py:183} INFO - Processing /home/airflow/.local/lib/python3.8/site-packages/airflow/example_dags/example_task_group_decorator.py took 0.080 seconds
[2024-05-13T15:36:34.438+0000] {processor.py:161} INFO - Started process (PID=2925) to work on /home/airflow/.local/lib/python3.8/site-packages/airflow/example_dags/example_task_group_decorator.py
[2024-05-13T15:36:34.439+0000] {processor.py:830} INFO - Processing file /home/airflow/.local/lib/python3.8/site-packages/airflow/example_dags/example_task_group_decorator.py for tasks to queue
[2024-05-13T15:36:34.441+0000] {logging_mixin.py:188} INFO - [2024-05-13T15:36:34.440+0000] {dagbag.py:540} INFO - Filling up the DagBag from /home/airflow/.local/lib/python3.8/site-packages/airflow/example_dags/example_task_group_decorator.py
[2024-05-13T15:36:34.452+0000] {processor.py:840} INFO - DAG(s) 'example_task_group_decorator' retrieved from /home/airflow/.local/lib/python3.8/site-packages/airflow/example_dags/example_task_group_decorator.py
[2024-05-13T15:36:34.481+0000] {logging_mixin.py:188} INFO - [2024-05-13T15:36:34.481+0000] {dag.py:3047} INFO - Sync 1 DAGs
[2024-05-13T15:36:34.506+0000] {logging_mixin.py:188} INFO - [2024-05-13T15:36:34.505+0000] {dag.py:3834} INFO - Setting next_dagrun for example_task_group_decorator to 2024-05-12 00:00:00+00:00, run_after=2024-05-13 00:00:00+00:00
[2024-05-13T15:36:34.522+0000] {processor.py:183} INFO - Processing /home/airflow/.local/lib/python3.8/site-packages/airflow/example_dags/example_task_group_decorator.py took 0.088 seconds
[2024-05-13T15:37:04.736+0000] {processor.py:161} INFO - Started process (PID=2993) to work on /home/airflow/.local/lib/python3.8/site-packages/airflow/example_dags/example_task_group_decorator.py
[2024-05-13T15:37:04.737+0000] {processor.py:830} INFO - Processing file /home/airflow/.local/lib/python3.8/site-packages/airflow/example_dags/example_task_group_decorator.py for tasks to queue
[2024-05-13T15:37:04.739+0000] {logging_mixin.py:188} INFO - [2024-05-13T15:37:04.738+0000] {dagbag.py:540} INFO - Filling up the DagBag from /home/airflow/.local/lib/python3.8/site-packages/airflow/example_dags/example_task_group_decorator.py
[2024-05-13T15:37:04.751+0000] {processor.py:840} INFO - DAG(s) 'example_task_group_decorator' retrieved from /home/airflow/.local/lib/python3.8/site-packages/airflow/example_dags/example_task_group_decorator.py
[2024-05-13T15:37:04.773+0000] {logging_mixin.py:188} INFO - [2024-05-13T15:37:04.773+0000] {dag.py:3047} INFO - Sync 1 DAGs
[2024-05-13T15:37:04.793+0000] {logging_mixin.py:188} INFO - [2024-05-13T15:37:04.793+0000] {dag.py:3834} INFO - Setting next_dagrun for example_task_group_decorator to 2024-05-12 00:00:00+00:00, run_after=2024-05-13 00:00:00+00:00
[2024-05-13T15:37:04.811+0000] {processor.py:183} INFO - Processing /home/airflow/.local/lib/python3.8/site-packages/airflow/example_dags/example_task_group_decorator.py took 0.077 seconds
[2024-05-13T15:37:35.018+0000] {processor.py:161} INFO - Started process (PID=3061) to work on /home/airflow/.local/lib/python3.8/site-packages/airflow/example_dags/example_task_group_decorator.py
[2024-05-13T15:37:35.019+0000] {processor.py:830} INFO - Processing file /home/airflow/.local/lib/python3.8/site-packages/airflow/example_dags/example_task_group_decorator.py for tasks to queue
[2024-05-13T15:37:35.022+0000] {logging_mixin.py:188} INFO - [2024-05-13T15:37:35.021+0000] {dagbag.py:540} INFO - Filling up the DagBag from /home/airflow/.local/lib/python3.8/site-packages/airflow/example_dags/example_task_group_decorator.py
[2024-05-13T15:37:35.036+0000] {processor.py:840} INFO - DAG(s) 'example_task_group_decorator' retrieved from /home/airflow/.local/lib/python3.8/site-packages/airflow/example_dags/example_task_group_decorator.py
[2024-05-13T15:37:35.060+0000] {logging_mixin.py:188} INFO - [2024-05-13T15:37:35.060+0000] {dag.py:3047} INFO - Sync 1 DAGs
[2024-05-13T15:37:35.081+0000] {logging_mixin.py:188} INFO - [2024-05-13T15:37:35.081+0000] {dag.py:3834} INFO - Setting next_dagrun for example_task_group_decorator to 2024-05-12 00:00:00+00:00, run_after=2024-05-13 00:00:00+00:00
[2024-05-13T15:37:35.102+0000] {processor.py:183} INFO - Processing /home/airflow/.local/lib/python3.8/site-packages/airflow/example_dags/example_task_group_decorator.py took 0.087 seconds
[2024-05-13T15:38:05.504+0000] {processor.py:161} INFO - Started process (PID=3127) to work on /home/airflow/.local/lib/python3.8/site-packages/airflow/example_dags/example_task_group_decorator.py
[2024-05-13T15:38:05.506+0000] {processor.py:830} INFO - Processing file /home/airflow/.local/lib/python3.8/site-packages/airflow/example_dags/example_task_group_decorator.py for tasks to queue
[2024-05-13T15:38:05.507+0000] {logging_mixin.py:188} INFO - [2024-05-13T15:38:05.507+0000] {dagbag.py:540} INFO - Filling up the DagBag from /home/airflow/.local/lib/python3.8/site-packages/airflow/example_dags/example_task_group_decorator.py
[2024-05-13T15:38:05.520+0000] {processor.py:840} INFO - DAG(s) 'example_task_group_decorator' retrieved from /home/airflow/.local/lib/python3.8/site-packages/airflow/example_dags/example_task_group_decorator.py
[2024-05-13T15:38:05.545+0000] {logging_mixin.py:188} INFO - [2024-05-13T15:38:05.544+0000] {dag.py:3047} INFO - Sync 1 DAGs
[2024-05-13T15:38:05.568+0000] {logging_mixin.py:188} INFO - [2024-05-13T15:38:05.568+0000] {dag.py:3834} INFO - Setting next_dagrun for example_task_group_decorator to 2024-05-12 00:00:00+00:00, run_after=2024-05-13 00:00:00+00:00
[2024-05-13T15:38:05.589+0000] {processor.py:183} INFO - Processing /home/airflow/.local/lib/python3.8/site-packages/airflow/example_dags/example_task_group_decorator.py took 0.087 seconds
[2024-05-13T15:38:35.737+0000] {processor.py:161} INFO - Started process (PID=3195) to work on /home/airflow/.local/lib/python3.8/site-packages/airflow/example_dags/example_task_group_decorator.py
[2024-05-13T15:38:35.738+0000] {processor.py:830} INFO - Processing file /home/airflow/.local/lib/python3.8/site-packages/airflow/example_dags/example_task_group_decorator.py for tasks to queue
[2024-05-13T15:38:35.741+0000] {logging_mixin.py:188} INFO - [2024-05-13T15:38:35.741+0000] {dagbag.py:540} INFO - Filling up the DagBag from /home/airflow/.local/lib/python3.8/site-packages/airflow/example_dags/example_task_group_decorator.py
[2024-05-13T15:38:35.760+0000] {processor.py:840} INFO - DAG(s) 'example_task_group_decorator' retrieved from /home/airflow/.local/lib/python3.8/site-packages/airflow/example_dags/example_task_group_decorator.py
[2024-05-13T15:38:35.791+0000] {logging_mixin.py:188} INFO - [2024-05-13T15:38:35.791+0000] {dag.py:3047} INFO - Sync 1 DAGs
[2024-05-13T15:38:35.815+0000] {logging_mixin.py:188} INFO - [2024-05-13T15:38:35.815+0000] {dag.py:3834} INFO - Setting next_dagrun for example_task_group_decorator to 2024-05-12 00:00:00+00:00, run_after=2024-05-13 00:00:00+00:00
[2024-05-13T15:38:35.992+0000] {processor.py:183} INFO - Processing /home/airflow/.local/lib/python3.8/site-packages/airflow/example_dags/example_task_group_decorator.py took 0.258 seconds
[2024-05-13T15:39:06.382+0000] {processor.py:161} INFO - Started process (PID=3263) to work on /home/airflow/.local/lib/python3.8/site-packages/airflow/example_dags/example_task_group_decorator.py
[2024-05-13T15:39:06.383+0000] {processor.py:830} INFO - Processing file /home/airflow/.local/lib/python3.8/site-packages/airflow/example_dags/example_task_group_decorator.py for tasks to queue
[2024-05-13T15:39:06.388+0000] {logging_mixin.py:188} INFO - [2024-05-13T15:39:06.388+0000] {dagbag.py:540} INFO - Filling up the DagBag from /home/airflow/.local/lib/python3.8/site-packages/airflow/example_dags/example_task_group_decorator.py
[2024-05-13T15:39:06.407+0000] {processor.py:840} INFO - DAG(s) 'example_task_group_decorator' retrieved from /home/airflow/.local/lib/python3.8/site-packages/airflow/example_dags/example_task_group_decorator.py
[2024-05-13T15:39:06.443+0000] {logging_mixin.py:188} INFO - [2024-05-13T15:39:06.443+0000] {dag.py:3047} INFO - Sync 1 DAGs
[2024-05-13T15:39:06.470+0000] {logging_mixin.py:188} INFO - [2024-05-13T15:39:06.470+0000] {dag.py:3834} INFO - Setting next_dagrun for example_task_group_decorator to 2024-05-12 00:00:00+00:00, run_after=2024-05-13 00:00:00+00:00
[2024-05-13T15:39:06.660+0000] {processor.py:183} INFO - Processing /home/airflow/.local/lib/python3.8/site-packages/airflow/example_dags/example_task_group_decorator.py took 0.282 seconds
[2024-05-13T15:39:36.853+0000] {processor.py:161} INFO - Started process (PID=3331) to work on /home/airflow/.local/lib/python3.8/site-packages/airflow/example_dags/example_task_group_decorator.py
[2024-05-13T15:39:36.855+0000] {processor.py:830} INFO - Processing file /home/airflow/.local/lib/python3.8/site-packages/airflow/example_dags/example_task_group_decorator.py for tasks to queue
[2024-05-13T15:39:36.858+0000] {logging_mixin.py:188} INFO - [2024-05-13T15:39:36.858+0000] {dagbag.py:540} INFO - Filling up the DagBag from /home/airflow/.local/lib/python3.8/site-packages/airflow/example_dags/example_task_group_decorator.py
[2024-05-13T15:39:36.882+0000] {processor.py:840} INFO - DAG(s) 'example_task_group_decorator' retrieved from /home/airflow/.local/lib/python3.8/site-packages/airflow/example_dags/example_task_group_decorator.py
[2024-05-13T15:39:36.921+0000] {logging_mixin.py:188} INFO - [2024-05-13T15:39:36.921+0000] {dag.py:3047} INFO - Sync 1 DAGs
[2024-05-13T15:39:36.950+0000] {logging_mixin.py:188} INFO - [2024-05-13T15:39:36.950+0000] {dag.py:3834} INFO - Setting next_dagrun for example_task_group_decorator to 2024-05-12 00:00:00+00:00, run_after=2024-05-13 00:00:00+00:00
[2024-05-13T15:39:36.977+0000] {processor.py:183} INFO - Processing /home/airflow/.local/lib/python3.8/site-packages/airflow/example_dags/example_task_group_decorator.py took 0.127 seconds
[2024-05-13T15:40:07.306+0000] {processor.py:161} INFO - Started process (PID=3399) to work on /home/airflow/.local/lib/python3.8/site-packages/airflow/example_dags/example_task_group_decorator.py
[2024-05-13T15:40:07.307+0000] {processor.py:830} INFO - Processing file /home/airflow/.local/lib/python3.8/site-packages/airflow/example_dags/example_task_group_decorator.py for tasks to queue
[2024-05-13T15:40:07.309+0000] {logging_mixin.py:188} INFO - [2024-05-13T15:40:07.309+0000] {dagbag.py:540} INFO - Filling up the DagBag from /home/airflow/.local/lib/python3.8/site-packages/airflow/example_dags/example_task_group_decorator.py
[2024-05-13T15:40:07.321+0000] {processor.py:840} INFO - DAG(s) 'example_task_group_decorator' retrieved from /home/airflow/.local/lib/python3.8/site-packages/airflow/example_dags/example_task_group_decorator.py
[2024-05-13T15:40:07.343+0000] {logging_mixin.py:188} INFO - [2024-05-13T15:40:07.343+0000] {dag.py:3047} INFO - Sync 1 DAGs
[2024-05-13T15:40:07.362+0000] {logging_mixin.py:188} INFO - [2024-05-13T15:40:07.362+0000] {dag.py:3834} INFO - Setting next_dagrun for example_task_group_decorator to 2024-05-12 00:00:00+00:00, run_after=2024-05-13 00:00:00+00:00
[2024-05-13T15:40:07.379+0000] {processor.py:183} INFO - Processing /home/airflow/.local/lib/python3.8/site-packages/airflow/example_dags/example_task_group_decorator.py took 0.076 seconds
[2024-05-13T15:40:37.473+0000] {processor.py:161} INFO - Started process (PID=3467) to work on /home/airflow/.local/lib/python3.8/site-packages/airflow/example_dags/example_task_group_decorator.py
[2024-05-13T15:40:37.474+0000] {processor.py:830} INFO - Processing file /home/airflow/.local/lib/python3.8/site-packages/airflow/example_dags/example_task_group_decorator.py for tasks to queue
[2024-05-13T15:40:37.475+0000] {logging_mixin.py:188} INFO - [2024-05-13T15:40:37.475+0000] {dagbag.py:540} INFO - Filling up the DagBag from /home/airflow/.local/lib/python3.8/site-packages/airflow/example_dags/example_task_group_decorator.py
[2024-05-13T15:40:37.487+0000] {processor.py:840} INFO - DAG(s) 'example_task_group_decorator' retrieved from /home/airflow/.local/lib/python3.8/site-packages/airflow/example_dags/example_task_group_decorator.py
[2024-05-13T15:40:37.510+0000] {logging_mixin.py:188} INFO - [2024-05-13T15:40:37.510+0000] {dag.py:3047} INFO - Sync 1 DAGs
[2024-05-13T15:40:37.530+0000] {logging_mixin.py:188} INFO - [2024-05-13T15:40:37.529+0000] {dag.py:3834} INFO - Setting next_dagrun for example_task_group_decorator to 2024-05-12 00:00:00+00:00, run_after=2024-05-13 00:00:00+00:00
[2024-05-13T15:40:37.546+0000] {processor.py:183} INFO - Processing /home/airflow/.local/lib/python3.8/site-packages/airflow/example_dags/example_task_group_decorator.py took 0.076 seconds
[2024-05-13T15:41:07.611+0000] {processor.py:161} INFO - Started process (PID=3535) to work on /home/airflow/.local/lib/python3.8/site-packages/airflow/example_dags/example_task_group_decorator.py
[2024-05-13T15:41:07.612+0000] {processor.py:830} INFO - Processing file /home/airflow/.local/lib/python3.8/site-packages/airflow/example_dags/example_task_group_decorator.py for tasks to queue
[2024-05-13T15:41:07.616+0000] {logging_mixin.py:188} INFO - [2024-05-13T15:41:07.615+0000] {dagbag.py:540} INFO - Filling up the DagBag from /home/airflow/.local/lib/python3.8/site-packages/airflow/example_dags/example_task_group_decorator.py
[2024-05-13T15:41:07.631+0000] {processor.py:840} INFO - DAG(s) 'example_task_group_decorator' retrieved from /home/airflow/.local/lib/python3.8/site-packages/airflow/example_dags/example_task_group_decorator.py
[2024-05-13T15:41:07.656+0000] {logging_mixin.py:188} INFO - [2024-05-13T15:41:07.655+0000] {dag.py:3047} INFO - Sync 1 DAGs
[2024-05-13T15:41:07.676+0000] {logging_mixin.py:188} INFO - [2024-05-13T15:41:07.676+0000] {dag.py:3834} INFO - Setting next_dagrun for example_task_group_decorator to 2024-05-12 00:00:00+00:00, run_after=2024-05-13 00:00:00+00:00
[2024-05-13T15:41:07.695+0000] {processor.py:183} INFO - Processing /home/airflow/.local/lib/python3.8/site-packages/airflow/example_dags/example_task_group_decorator.py took 0.089 seconds
[2024-05-13T15:41:38.057+0000] {processor.py:161} INFO - Started process (PID=3603) to work on /home/airflow/.local/lib/python3.8/site-packages/airflow/example_dags/example_task_group_decorator.py
[2024-05-13T15:41:38.059+0000] {processor.py:830} INFO - Processing file /home/airflow/.local/lib/python3.8/site-packages/airflow/example_dags/example_task_group_decorator.py for tasks to queue
[2024-05-13T15:41:38.060+0000] {logging_mixin.py:188} INFO - [2024-05-13T15:41:38.060+0000] {dagbag.py:540} INFO - Filling up the DagBag from /home/airflow/.local/lib/python3.8/site-packages/airflow/example_dags/example_task_group_decorator.py
[2024-05-13T15:41:38.073+0000] {processor.py:840} INFO - DAG(s) 'example_task_group_decorator' retrieved from /home/airflow/.local/lib/python3.8/site-packages/airflow/example_dags/example_task_group_decorator.py
[2024-05-13T15:41:38.233+0000] {logging_mixin.py:188} INFO - [2024-05-13T15:41:38.233+0000] {dag.py:3047} INFO - Sync 1 DAGs
[2024-05-13T15:41:38.251+0000] {logging_mixin.py:188} INFO - [2024-05-13T15:41:38.251+0000] {dag.py:3834} INFO - Setting next_dagrun for example_task_group_decorator to 2024-05-12 00:00:00+00:00, run_after=2024-05-13 00:00:00+00:00
[2024-05-13T15:41:38.271+0000] {processor.py:183} INFO - Processing /home/airflow/.local/lib/python3.8/site-packages/airflow/example_dags/example_task_group_decorator.py took 0.217 seconds
[2024-05-13T15:42:09.155+0000] {processor.py:161} INFO - Started process (PID=3671) to work on /home/airflow/.local/lib/python3.8/site-packages/airflow/example_dags/example_task_group_decorator.py
[2024-05-13T15:42:09.156+0000] {processor.py:830} INFO - Processing file /home/airflow/.local/lib/python3.8/site-packages/airflow/example_dags/example_task_group_decorator.py for tasks to queue
[2024-05-13T15:42:09.158+0000] {logging_mixin.py:188} INFO - [2024-05-13T15:42:09.158+0000] {dagbag.py:540} INFO - Filling up the DagBag from /home/airflow/.local/lib/python3.8/site-packages/airflow/example_dags/example_task_group_decorator.py
[2024-05-13T15:42:09.170+0000] {processor.py:840} INFO - DAG(s) 'example_task_group_decorator' retrieved from /home/airflow/.local/lib/python3.8/site-packages/airflow/example_dags/example_task_group_decorator.py
[2024-05-13T15:42:09.195+0000] {logging_mixin.py:188} INFO - [2024-05-13T15:42:09.194+0000] {dag.py:3047} INFO - Sync 1 DAGs
[2024-05-13T15:42:09.337+0000] {logging_mixin.py:188} INFO - [2024-05-13T15:42:09.337+0000] {dag.py:3834} INFO - Setting next_dagrun for example_task_group_decorator to 2024-05-12 00:00:00+00:00, run_after=2024-05-13 00:00:00+00:00
[2024-05-13T15:42:09.353+0000] {processor.py:183} INFO - Processing /home/airflow/.local/lib/python3.8/site-packages/airflow/example_dags/example_task_group_decorator.py took 0.201 seconds
[2024-05-13T15:42:40.002+0000] {processor.py:161} INFO - Started process (PID=3739) to work on /home/airflow/.local/lib/python3.8/site-packages/airflow/example_dags/example_task_group_decorator.py
[2024-05-13T15:42:40.003+0000] {processor.py:830} INFO - Processing file /home/airflow/.local/lib/python3.8/site-packages/airflow/example_dags/example_task_group_decorator.py for tasks to queue
[2024-05-13T15:42:40.005+0000] {logging_mixin.py:188} INFO - [2024-05-13T15:42:40.005+0000] {dagbag.py:540} INFO - Filling up the DagBag from /home/airflow/.local/lib/python3.8/site-packages/airflow/example_dags/example_task_group_decorator.py
[2024-05-13T15:42:40.020+0000] {processor.py:840} INFO - DAG(s) 'example_task_group_decorator' retrieved from /home/airflow/.local/lib/python3.8/site-packages/airflow/example_dags/example_task_group_decorator.py
[2024-05-13T15:42:40.043+0000] {logging_mixin.py:188} INFO - [2024-05-13T15:42:40.043+0000] {dag.py:3047} INFO - Sync 1 DAGs
[2024-05-13T15:42:40.065+0000] {logging_mixin.py:188} INFO - [2024-05-13T15:42:40.065+0000] {dag.py:3834} INFO - Setting next_dagrun for example_task_group_decorator to 2024-05-12 00:00:00+00:00, run_after=2024-05-13 00:00:00+00:00
[2024-05-13T15:42:40.084+0000] {processor.py:183} INFO - Processing /home/airflow/.local/lib/python3.8/site-packages/airflow/example_dags/example_task_group_decorator.py took 0.085 seconds
[2024-05-13T15:43:10.201+0000] {processor.py:161} INFO - Started process (PID=3807) to work on /home/airflow/.local/lib/python3.8/site-packages/airflow/example_dags/example_task_group_decorator.py
[2024-05-13T15:43:10.202+0000] {processor.py:830} INFO - Processing file /home/airflow/.local/lib/python3.8/site-packages/airflow/example_dags/example_task_group_decorator.py for tasks to queue
[2024-05-13T15:43:10.204+0000] {logging_mixin.py:188} INFO - [2024-05-13T15:43:10.204+0000] {dagbag.py:540} INFO - Filling up the DagBag from /home/airflow/.local/lib/python3.8/site-packages/airflow/example_dags/example_task_group_decorator.py
[2024-05-13T15:43:10.218+0000] {processor.py:840} INFO - DAG(s) 'example_task_group_decorator' retrieved from /home/airflow/.local/lib/python3.8/site-packages/airflow/example_dags/example_task_group_decorator.py
[2024-05-13T15:43:10.242+0000] {logging_mixin.py:188} INFO - [2024-05-13T15:43:10.242+0000] {dag.py:3047} INFO - Sync 1 DAGs
[2024-05-13T15:43:10.264+0000] {logging_mixin.py:188} INFO - [2024-05-13T15:43:10.264+0000] {dag.py:3834} INFO - Setting next_dagrun for example_task_group_decorator to 2024-05-12 00:00:00+00:00, run_after=2024-05-13 00:00:00+00:00
[2024-05-13T15:43:10.285+0000] {processor.py:183} INFO - Processing /home/airflow/.local/lib/python3.8/site-packages/airflow/example_dags/example_task_group_decorator.py took 0.087 seconds
[2024-05-13T15:43:40.667+0000] {processor.py:161} INFO - Started process (PID=3875) to work on /home/airflow/.local/lib/python3.8/site-packages/airflow/example_dags/example_task_group_decorator.py
[2024-05-13T15:43:40.669+0000] {processor.py:830} INFO - Processing file /home/airflow/.local/lib/python3.8/site-packages/airflow/example_dags/example_task_group_decorator.py for tasks to queue
[2024-05-13T15:43:40.671+0000] {logging_mixin.py:188} INFO - [2024-05-13T15:43:40.670+0000] {dagbag.py:540} INFO - Filling up the DagBag from /home/airflow/.local/lib/python3.8/site-packages/airflow/example_dags/example_task_group_decorator.py
[2024-05-13T15:43:40.684+0000] {processor.py:840} INFO - DAG(s) 'example_task_group_decorator' retrieved from /home/airflow/.local/lib/python3.8/site-packages/airflow/example_dags/example_task_group_decorator.py
[2024-05-13T15:43:40.710+0000] {logging_mixin.py:188} INFO - [2024-05-13T15:43:40.710+0000] {dag.py:3047} INFO - Sync 1 DAGs
[2024-05-13T15:43:40.733+0000] {logging_mixin.py:188} INFO - [2024-05-13T15:43:40.733+0000] {dag.py:3834} INFO - Setting next_dagrun for example_task_group_decorator to 2024-05-12 00:00:00+00:00, run_after=2024-05-13 00:00:00+00:00
[2024-05-13T15:43:40.757+0000] {processor.py:183} INFO - Processing /home/airflow/.local/lib/python3.8/site-packages/airflow/example_dags/example_task_group_decorator.py took 0.094 seconds
[2024-05-13T15:44:11.103+0000] {processor.py:161} INFO - Started process (PID=3943) to work on /home/airflow/.local/lib/python3.8/site-packages/airflow/example_dags/example_task_group_decorator.py
[2024-05-13T15:44:11.104+0000] {processor.py:830} INFO - Processing file /home/airflow/.local/lib/python3.8/site-packages/airflow/example_dags/example_task_group_decorator.py for tasks to queue
[2024-05-13T15:44:11.106+0000] {logging_mixin.py:188} INFO - [2024-05-13T15:44:11.106+0000] {dagbag.py:540} INFO - Filling up the DagBag from /home/airflow/.local/lib/python3.8/site-packages/airflow/example_dags/example_task_group_decorator.py
[2024-05-13T15:44:11.118+0000] {processor.py:840} INFO - DAG(s) 'example_task_group_decorator' retrieved from /home/airflow/.local/lib/python3.8/site-packages/airflow/example_dags/example_task_group_decorator.py
[2024-05-13T15:44:11.141+0000] {logging_mixin.py:188} INFO - [2024-05-13T15:44:11.141+0000] {dag.py:3047} INFO - Sync 1 DAGs
[2024-05-13T15:44:11.160+0000] {logging_mixin.py:188} INFO - [2024-05-13T15:44:11.160+0000] {dag.py:3834} INFO - Setting next_dagrun for example_task_group_decorator to 2024-05-12 00:00:00+00:00, run_after=2024-05-13 00:00:00+00:00
[2024-05-13T15:44:11.180+0000] {processor.py:183} INFO - Processing /home/airflow/.local/lib/python3.8/site-packages/airflow/example_dags/example_task_group_decorator.py took 0.080 seconds
