[2024-05-13T15:15:19.792+0000] {processor.py:161} INFO - Started process (PID=100) to work on /home/airflow/.local/lib/python3.8/site-packages/airflow/example_dags/example_xcomargs.py
[2024-05-13T15:15:19.793+0000] {processor.py:830} INFO - Processing file /home/airflow/.local/lib/python3.8/site-packages/airflow/example_dags/example_xcomargs.py for tasks to queue
[2024-05-13T15:15:19.795+0000] {logging_mixin.py:188} INFO - [2024-05-13T15:15:19.795+0000] {dagbag.py:540} INFO - Filling up the DagBag from /home/airflow/.local/lib/python3.8/site-packages/airflow/example_dags/example_xcomargs.py
[2024-05-13T15:15:19.806+0000] {processor.py:840} INFO - DAG(s) 'example_xcom_args_with_operators', 'example_xcom_args' retrieved from /home/airflow/.local/lib/python3.8/site-packages/airflow/example_dags/example_xcomargs.py
[2024-05-13T15:15:19.909+0000] {logging_mixin.py:188} INFO - [2024-05-13T15:15:19.908+0000] {override.py:1769} INFO - Created Permission View: can delete on DAG:example_xcom_args_with_operators
[2024-05-13T15:15:19.918+0000] {logging_mixin.py:188} INFO - [2024-05-13T15:15:19.918+0000] {override.py:1769} INFO - Created Permission View: can edit on DAG:example_xcom_args_with_operators
[2024-05-13T15:15:19.925+0000] {logging_mixin.py:188} INFO - [2024-05-13T15:15:19.924+0000] {override.py:1769} INFO - Created Permission View: can read on DAG:example_xcom_args_with_operators
[2024-05-13T15:15:19.938+0000] {logging_mixin.py:188} INFO - [2024-05-13T15:15:19.938+0000] {override.py:1769} INFO - Created Permission View: can delete on DAG:example_xcom_args
[2024-05-13T15:15:19.945+0000] {logging_mixin.py:188} INFO - [2024-05-13T15:15:19.945+0000] {override.py:1769} INFO - Created Permission View: can edit on DAG:example_xcom_args
[2024-05-13T15:15:19.954+0000] {logging_mixin.py:188} INFO - [2024-05-13T15:15:19.953+0000] {override.py:1769} INFO - Created Permission View: can read on DAG:example_xcom_args
[2024-05-13T15:15:19.955+0000] {logging_mixin.py:188} INFO - [2024-05-13T15:15:19.954+0000] {dag.py:3047} INFO - Sync 2 DAGs
[2024-05-13T15:15:19.968+0000] {logging_mixin.py:188} INFO - [2024-05-13T15:15:19.967+0000] {dag.py:3069} INFO - Creating ORM DAG for example_xcom_args
[2024-05-13T15:15:19.969+0000] {logging_mixin.py:188} INFO - [2024-05-13T15:15:19.968+0000] {dag.py:3069} INFO - Creating ORM DAG for example_xcom_args_with_operators
[2024-05-13T15:15:19.970+0000] {logging_mixin.py:188} INFO - [2024-05-13T15:15:19.970+0000] {dag.py:3834} INFO - Setting next_dagrun for example_xcom_args to None, run_after=None
[2024-05-13T15:15:19.971+0000] {logging_mixin.py:188} INFO - [2024-05-13T15:15:19.971+0000] {dag.py:3834} INFO - Setting next_dagrun for example_xcom_args_with_operators to None, run_after=None
[2024-05-13T15:15:19.999+0000] {processor.py:183} INFO - Processing /home/airflow/.local/lib/python3.8/site-packages/airflow/example_dags/example_xcomargs.py took 0.211 seconds
[2024-05-13T15:15:50.198+0000] {processor.py:161} INFO - Started process (PID=168) to work on /home/airflow/.local/lib/python3.8/site-packages/airflow/example_dags/example_xcomargs.py
[2024-05-13T15:15:50.200+0000] {processor.py:830} INFO - Processing file /home/airflow/.local/lib/python3.8/site-packages/airflow/example_dags/example_xcomargs.py for tasks to queue
[2024-05-13T15:15:50.202+0000] {logging_mixin.py:188} INFO - [2024-05-13T15:15:50.201+0000] {dagbag.py:540} INFO - Filling up the DagBag from /home/airflow/.local/lib/python3.8/site-packages/airflow/example_dags/example_xcomargs.py
[2024-05-13T15:15:50.209+0000] {processor.py:840} INFO - DAG(s) 'example_xcom_args', 'example_xcom_args_with_operators' retrieved from /home/airflow/.local/lib/python3.8/site-packages/airflow/example_dags/example_xcomargs.py
[2024-05-13T15:15:50.232+0000] {logging_mixin.py:188} INFO - [2024-05-13T15:15:50.232+0000] {dag.py:3047} INFO - Sync 2 DAGs
[2024-05-13T15:15:50.245+0000] {logging_mixin.py:188} INFO - [2024-05-13T15:15:50.244+0000] {dag.py:3834} INFO - Setting next_dagrun for example_xcom_args to None, run_after=None
[2024-05-13T15:15:50.249+0000] {logging_mixin.py:188} INFO - [2024-05-13T15:15:50.248+0000] {dag.py:3834} INFO - Setting next_dagrun for example_xcom_args_with_operators to None, run_after=None
[2024-05-13T15:15:50.265+0000] {processor.py:183} INFO - Processing /home/airflow/.local/lib/python3.8/site-packages/airflow/example_dags/example_xcomargs.py took 0.070 seconds
[2024-05-13T15:16:20.860+0000] {processor.py:161} INFO - Started process (PID=236) to work on /home/airflow/.local/lib/python3.8/site-packages/airflow/example_dags/example_xcomargs.py
[2024-05-13T15:16:20.861+0000] {processor.py:830} INFO - Processing file /home/airflow/.local/lib/python3.8/site-packages/airflow/example_dags/example_xcomargs.py for tasks to queue
[2024-05-13T15:16:20.863+0000] {logging_mixin.py:188} INFO - [2024-05-13T15:16:20.863+0000] {dagbag.py:540} INFO - Filling up the DagBag from /home/airflow/.local/lib/python3.8/site-packages/airflow/example_dags/example_xcomargs.py
[2024-05-13T15:16:20.871+0000] {processor.py:840} INFO - DAG(s) 'example_xcom_args', 'example_xcom_args_with_operators' retrieved from /home/airflow/.local/lib/python3.8/site-packages/airflow/example_dags/example_xcomargs.py
[2024-05-13T15:16:20.895+0000] {logging_mixin.py:188} INFO - [2024-05-13T15:16:20.894+0000] {dag.py:3047} INFO - Sync 2 DAGs
[2024-05-13T15:16:20.906+0000] {logging_mixin.py:188} INFO - [2024-05-13T15:16:20.906+0000] {dag.py:3834} INFO - Setting next_dagrun for example_xcom_args to None, run_after=None
[2024-05-13T15:16:20.910+0000] {logging_mixin.py:188} INFO - [2024-05-13T15:16:20.910+0000] {dag.py:3834} INFO - Setting next_dagrun for example_xcom_args_with_operators to None, run_after=None
[2024-05-13T15:16:20.927+0000] {processor.py:183} INFO - Processing /home/airflow/.local/lib/python3.8/site-packages/airflow/example_dags/example_xcomargs.py took 0.070 seconds
[2024-05-13T15:16:52.034+0000] {processor.py:161} INFO - Started process (PID=304) to work on /home/airflow/.local/lib/python3.8/site-packages/airflow/example_dags/example_xcomargs.py
[2024-05-13T15:16:52.035+0000] {processor.py:830} INFO - Processing file /home/airflow/.local/lib/python3.8/site-packages/airflow/example_dags/example_xcomargs.py for tasks to queue
[2024-05-13T15:16:52.040+0000] {logging_mixin.py:188} INFO - [2024-05-13T15:16:52.039+0000] {dagbag.py:540} INFO - Filling up the DagBag from /home/airflow/.local/lib/python3.8/site-packages/airflow/example_dags/example_xcomargs.py
[2024-05-13T15:16:52.049+0000] {processor.py:840} INFO - DAG(s) 'example_xcom_args_with_operators', 'example_xcom_args' retrieved from /home/airflow/.local/lib/python3.8/site-packages/airflow/example_dags/example_xcomargs.py
[2024-05-13T15:16:52.074+0000] {logging_mixin.py:188} INFO - [2024-05-13T15:16:52.074+0000] {dag.py:3047} INFO - Sync 2 DAGs
[2024-05-13T15:16:52.088+0000] {logging_mixin.py:188} INFO - [2024-05-13T15:16:52.088+0000] {dag.py:3834} INFO - Setting next_dagrun for example_xcom_args to None, run_after=None
[2024-05-13T15:16:52.093+0000] {logging_mixin.py:188} INFO - [2024-05-13T15:16:52.093+0000] {dag.py:3834} INFO - Setting next_dagrun for example_xcom_args_with_operators to None, run_after=None
[2024-05-13T15:16:52.113+0000] {processor.py:183} INFO - Processing /home/airflow/.local/lib/python3.8/site-packages/airflow/example_dags/example_xcomargs.py took 0.083 seconds
[2024-05-13T15:17:23.096+0000] {processor.py:161} INFO - Started process (PID=371) to work on /home/airflow/.local/lib/python3.8/site-packages/airflow/example_dags/example_xcomargs.py
[2024-05-13T15:17:23.097+0000] {processor.py:830} INFO - Processing file /home/airflow/.local/lib/python3.8/site-packages/airflow/example_dags/example_xcomargs.py for tasks to queue
[2024-05-13T15:17:23.099+0000] {logging_mixin.py:188} INFO - [2024-05-13T15:17:23.098+0000] {dagbag.py:540} INFO - Filling up the DagBag from /home/airflow/.local/lib/python3.8/site-packages/airflow/example_dags/example_xcomargs.py
[2024-05-13T15:17:23.107+0000] {processor.py:840} INFO - DAG(s) 'example_xcom_args', 'example_xcom_args_with_operators' retrieved from /home/airflow/.local/lib/python3.8/site-packages/airflow/example_dags/example_xcomargs.py
[2024-05-13T15:17:23.140+0000] {logging_mixin.py:188} INFO - [2024-05-13T15:17:23.139+0000] {dag.py:3047} INFO - Sync 2 DAGs
[2024-05-13T15:17:23.152+0000] {logging_mixin.py:188} INFO - [2024-05-13T15:17:23.152+0000] {dag.py:3834} INFO - Setting next_dagrun for example_xcom_args to None, run_after=None
[2024-05-13T15:17:23.156+0000] {logging_mixin.py:188} INFO - [2024-05-13T15:17:23.156+0000] {dag.py:3834} INFO - Setting next_dagrun for example_xcom_args_with_operators to None, run_after=None
[2024-05-13T15:17:23.172+0000] {processor.py:183} INFO - Processing /home/airflow/.local/lib/python3.8/site-packages/airflow/example_dags/example_xcomargs.py took 0.079 seconds
[2024-05-13T15:17:53.255+0000] {processor.py:161} INFO - Started process (PID=427) to work on /home/airflow/.local/lib/python3.8/site-packages/airflow/example_dags/example_xcomargs.py
[2024-05-13T15:17:53.256+0000] {processor.py:830} INFO - Processing file /home/airflow/.local/lib/python3.8/site-packages/airflow/example_dags/example_xcomargs.py for tasks to queue
[2024-05-13T15:17:53.258+0000] {logging_mixin.py:188} INFO - [2024-05-13T15:17:53.258+0000] {dagbag.py:540} INFO - Filling up the DagBag from /home/airflow/.local/lib/python3.8/site-packages/airflow/example_dags/example_xcomargs.py
[2024-05-13T15:17:53.267+0000] {processor.py:840} INFO - DAG(s) 'example_xcom_args_with_operators', 'example_xcom_args' retrieved from /home/airflow/.local/lib/python3.8/site-packages/airflow/example_dags/example_xcomargs.py
[2024-05-13T15:17:53.290+0000] {logging_mixin.py:188} INFO - [2024-05-13T15:17:53.289+0000] {dag.py:3047} INFO - Sync 2 DAGs
[2024-05-13T15:17:53.301+0000] {logging_mixin.py:188} INFO - [2024-05-13T15:17:53.301+0000] {dag.py:3834} INFO - Setting next_dagrun for example_xcom_args to None, run_after=None
[2024-05-13T15:17:53.304+0000] {logging_mixin.py:188} INFO - [2024-05-13T15:17:53.304+0000] {dag.py:3834} INFO - Setting next_dagrun for example_xcom_args_with_operators to None, run_after=None
[2024-05-13T15:17:53.320+0000] {processor.py:183} INFO - Processing /home/airflow/.local/lib/python3.8/site-packages/airflow/example_dags/example_xcomargs.py took 0.069 seconds
[2024-05-13T15:18:23.496+0000] {processor.py:161} INFO - Started process (PID=495) to work on /home/airflow/.local/lib/python3.8/site-packages/airflow/example_dags/example_xcomargs.py
[2024-05-13T15:18:23.497+0000] {processor.py:830} INFO - Processing file /home/airflow/.local/lib/python3.8/site-packages/airflow/example_dags/example_xcomargs.py for tasks to queue
[2024-05-13T15:18:23.501+0000] {logging_mixin.py:188} INFO - [2024-05-13T15:18:23.501+0000] {dagbag.py:540} INFO - Filling up the DagBag from /home/airflow/.local/lib/python3.8/site-packages/airflow/example_dags/example_xcomargs.py
[2024-05-13T15:18:23.511+0000] {processor.py:840} INFO - DAG(s) 'example_xcom_args', 'example_xcom_args_with_operators' retrieved from /home/airflow/.local/lib/python3.8/site-packages/airflow/example_dags/example_xcomargs.py
[2024-05-13T15:18:23.544+0000] {logging_mixin.py:188} INFO - [2024-05-13T15:18:23.544+0000] {dag.py:3047} INFO - Sync 2 DAGs
[2024-05-13T15:18:23.559+0000] {logging_mixin.py:188} INFO - [2024-05-13T15:18:23.559+0000] {dag.py:3834} INFO - Setting next_dagrun for example_xcom_args to None, run_after=None
[2024-05-13T15:18:23.564+0000] {logging_mixin.py:188} INFO - [2024-05-13T15:18:23.564+0000] {dag.py:3834} INFO - Setting next_dagrun for example_xcom_args_with_operators to None, run_after=None
[2024-05-13T15:18:23.587+0000] {processor.py:183} INFO - Processing /home/airflow/.local/lib/python3.8/site-packages/airflow/example_dags/example_xcomargs.py took 0.095 seconds
[2024-05-13T15:18:53.697+0000] {processor.py:161} INFO - Started process (PID=563) to work on /home/airflow/.local/lib/python3.8/site-packages/airflow/example_dags/example_xcomargs.py
[2024-05-13T15:18:53.698+0000] {processor.py:830} INFO - Processing file /home/airflow/.local/lib/python3.8/site-packages/airflow/example_dags/example_xcomargs.py for tasks to queue
[2024-05-13T15:18:53.700+0000] {logging_mixin.py:188} INFO - [2024-05-13T15:18:53.699+0000] {dagbag.py:540} INFO - Filling up the DagBag from /home/airflow/.local/lib/python3.8/site-packages/airflow/example_dags/example_xcomargs.py
[2024-05-13T15:18:53.707+0000] {processor.py:840} INFO - DAG(s) 'example_xcom_args', 'example_xcom_args_with_operators' retrieved from /home/airflow/.local/lib/python3.8/site-packages/airflow/example_dags/example_xcomargs.py
[2024-05-13T15:18:53.732+0000] {logging_mixin.py:188} INFO - [2024-05-13T15:18:53.731+0000] {dag.py:3047} INFO - Sync 2 DAGs
[2024-05-13T15:18:53.745+0000] {logging_mixin.py:188} INFO - [2024-05-13T15:18:53.744+0000] {dag.py:3834} INFO - Setting next_dagrun for example_xcom_args to None, run_after=None
[2024-05-13T15:18:53.748+0000] {logging_mixin.py:188} INFO - [2024-05-13T15:18:53.748+0000] {dag.py:3834} INFO - Setting next_dagrun for example_xcom_args_with_operators to None, run_after=None
[2024-05-13T15:18:53.765+0000] {processor.py:183} INFO - Processing /home/airflow/.local/lib/python3.8/site-packages/airflow/example_dags/example_xcomargs.py took 0.072 seconds
[2024-05-13T15:19:23.844+0000] {processor.py:161} INFO - Started process (PID=631) to work on /home/airflow/.local/lib/python3.8/site-packages/airflow/example_dags/example_xcomargs.py
[2024-05-13T15:19:23.846+0000] {processor.py:830} INFO - Processing file /home/airflow/.local/lib/python3.8/site-packages/airflow/example_dags/example_xcomargs.py for tasks to queue
[2024-05-13T15:19:23.847+0000] {logging_mixin.py:188} INFO - [2024-05-13T15:19:23.847+0000] {dagbag.py:540} INFO - Filling up the DagBag from /home/airflow/.local/lib/python3.8/site-packages/airflow/example_dags/example_xcomargs.py
[2024-05-13T15:19:23.854+0000] {processor.py:840} INFO - DAG(s) 'example_xcom_args_with_operators', 'example_xcom_args' retrieved from /home/airflow/.local/lib/python3.8/site-packages/airflow/example_dags/example_xcomargs.py
[2024-05-13T15:19:23.876+0000] {logging_mixin.py:188} INFO - [2024-05-13T15:19:23.876+0000] {dag.py:3047} INFO - Sync 2 DAGs
[2024-05-13T15:19:23.887+0000] {logging_mixin.py:188} INFO - [2024-05-13T15:19:23.886+0000] {dag.py:3834} INFO - Setting next_dagrun for example_xcom_args to None, run_after=None
[2024-05-13T15:19:23.890+0000] {logging_mixin.py:188} INFO - [2024-05-13T15:19:23.890+0000] {dag.py:3834} INFO - Setting next_dagrun for example_xcom_args_with_operators to None, run_after=None
[2024-05-13T15:19:23.908+0000] {processor.py:183} INFO - Processing /home/airflow/.local/lib/python3.8/site-packages/airflow/example_dags/example_xcomargs.py took 0.066 seconds
[2024-05-13T15:19:54.127+0000] {processor.py:161} INFO - Started process (PID=699) to work on /home/airflow/.local/lib/python3.8/site-packages/airflow/example_dags/example_xcomargs.py
[2024-05-13T15:19:54.128+0000] {processor.py:830} INFO - Processing file /home/airflow/.local/lib/python3.8/site-packages/airflow/example_dags/example_xcomargs.py for tasks to queue
[2024-05-13T15:19:54.130+0000] {logging_mixin.py:188} INFO - [2024-05-13T15:19:54.130+0000] {dagbag.py:540} INFO - Filling up the DagBag from /home/airflow/.local/lib/python3.8/site-packages/airflow/example_dags/example_xcomargs.py
[2024-05-13T15:19:54.139+0000] {processor.py:840} INFO - DAG(s) 'example_xcom_args_with_operators', 'example_xcom_args' retrieved from /home/airflow/.local/lib/python3.8/site-packages/airflow/example_dags/example_xcomargs.py
[2024-05-13T15:19:54.160+0000] {logging_mixin.py:188} INFO - [2024-05-13T15:19:54.160+0000] {dag.py:3047} INFO - Sync 2 DAGs
[2024-05-13T15:19:54.171+0000] {logging_mixin.py:188} INFO - [2024-05-13T15:19:54.171+0000] {dag.py:3834} INFO - Setting next_dagrun for example_xcom_args to None, run_after=None
[2024-05-13T15:19:54.174+0000] {logging_mixin.py:188} INFO - [2024-05-13T15:19:54.174+0000] {dag.py:3834} INFO - Setting next_dagrun for example_xcom_args_with_operators to None, run_after=None
[2024-05-13T15:19:54.190+0000] {processor.py:183} INFO - Processing /home/airflow/.local/lib/python3.8/site-packages/airflow/example_dags/example_xcomargs.py took 0.067 seconds
[2024-05-13T15:20:24.514+0000] {processor.py:161} INFO - Started process (PID=767) to work on /home/airflow/.local/lib/python3.8/site-packages/airflow/example_dags/example_xcomargs.py
[2024-05-13T15:20:24.516+0000] {processor.py:830} INFO - Processing file /home/airflow/.local/lib/python3.8/site-packages/airflow/example_dags/example_xcomargs.py for tasks to queue
[2024-05-13T15:20:24.519+0000] {logging_mixin.py:188} INFO - [2024-05-13T15:20:24.518+0000] {dagbag.py:540} INFO - Filling up the DagBag from /home/airflow/.local/lib/python3.8/site-packages/airflow/example_dags/example_xcomargs.py
[2024-05-13T15:20:24.529+0000] {processor.py:840} INFO - DAG(s) 'example_xcom_args', 'example_xcom_args_with_operators' retrieved from /home/airflow/.local/lib/python3.8/site-packages/airflow/example_dags/example_xcomargs.py
[2024-05-13T15:20:24.557+0000] {logging_mixin.py:188} INFO - [2024-05-13T15:20:24.556+0000] {dag.py:3047} INFO - Sync 2 DAGs
[2024-05-13T15:20:24.569+0000] {logging_mixin.py:188} INFO - [2024-05-13T15:20:24.569+0000] {dag.py:3834} INFO - Setting next_dagrun for example_xcom_args to None, run_after=None
[2024-05-13T15:20:24.573+0000] {logging_mixin.py:188} INFO - [2024-05-13T15:20:24.573+0000] {dag.py:3834} INFO - Setting next_dagrun for example_xcom_args_with_operators to None, run_after=None
[2024-05-13T15:20:24.596+0000] {processor.py:183} INFO - Processing /home/airflow/.local/lib/python3.8/site-packages/airflow/example_dags/example_xcomargs.py took 0.087 seconds
[2024-05-13T15:20:54.876+0000] {processor.py:161} INFO - Started process (PID=839) to work on /home/airflow/.local/lib/python3.8/site-packages/airflow/example_dags/example_xcomargs.py
[2024-05-13T15:20:54.877+0000] {processor.py:830} INFO - Processing file /home/airflow/.local/lib/python3.8/site-packages/airflow/example_dags/example_xcomargs.py for tasks to queue
[2024-05-13T15:20:54.879+0000] {logging_mixin.py:188} INFO - [2024-05-13T15:20:54.879+0000] {dagbag.py:540} INFO - Filling up the DagBag from /home/airflow/.local/lib/python3.8/site-packages/airflow/example_dags/example_xcomargs.py
[2024-05-13T15:20:54.887+0000] {processor.py:840} INFO - DAG(s) 'example_xcom_args_with_operators', 'example_xcom_args' retrieved from /home/airflow/.local/lib/python3.8/site-packages/airflow/example_dags/example_xcomargs.py
[2024-05-13T15:20:54.914+0000] {logging_mixin.py:188} INFO - [2024-05-13T15:20:54.914+0000] {dag.py:3047} INFO - Sync 2 DAGs
[2024-05-13T15:20:54.928+0000] {logging_mixin.py:188} INFO - [2024-05-13T15:20:54.928+0000] {dag.py:3834} INFO - Setting next_dagrun for example_xcom_args to None, run_after=None
[2024-05-13T15:20:54.934+0000] {logging_mixin.py:188} INFO - [2024-05-13T15:20:54.934+0000] {dag.py:3834} INFO - Setting next_dagrun for example_xcom_args_with_operators to None, run_after=None
[2024-05-13T15:20:54.962+0000] {processor.py:183} INFO - Processing /home/airflow/.local/lib/python3.8/site-packages/airflow/example_dags/example_xcomargs.py took 0.089 seconds
[2024-05-13T15:21:25.084+0000] {processor.py:161} INFO - Started process (PID=907) to work on /home/airflow/.local/lib/python3.8/site-packages/airflow/example_dags/example_xcomargs.py
[2024-05-13T15:21:25.085+0000] {processor.py:830} INFO - Processing file /home/airflow/.local/lib/python3.8/site-packages/airflow/example_dags/example_xcomargs.py for tasks to queue
[2024-05-13T15:21:25.086+0000] {logging_mixin.py:188} INFO - [2024-05-13T15:21:25.086+0000] {dagbag.py:540} INFO - Filling up the DagBag from /home/airflow/.local/lib/python3.8/site-packages/airflow/example_dags/example_xcomargs.py
[2024-05-13T15:21:25.095+0000] {processor.py:840} INFO - DAG(s) 'example_xcom_args_with_operators', 'example_xcom_args' retrieved from /home/airflow/.local/lib/python3.8/site-packages/airflow/example_dags/example_xcomargs.py
[2024-05-13T15:21:25.118+0000] {logging_mixin.py:188} INFO - [2024-05-13T15:21:25.118+0000] {dag.py:3047} INFO - Sync 2 DAGs
[2024-05-13T15:21:25.130+0000] {logging_mixin.py:188} INFO - [2024-05-13T15:21:25.130+0000] {dag.py:3834} INFO - Setting next_dagrun for example_xcom_args to None, run_after=None
[2024-05-13T15:21:25.134+0000] {logging_mixin.py:188} INFO - [2024-05-13T15:21:25.133+0000] {dag.py:3834} INFO - Setting next_dagrun for example_xcom_args_with_operators to None, run_after=None
[2024-05-13T15:21:25.152+0000] {processor.py:183} INFO - Processing /home/airflow/.local/lib/python3.8/site-packages/airflow/example_dags/example_xcomargs.py took 0.071 seconds
[2024-05-13T15:21:55.347+0000] {processor.py:161} INFO - Started process (PID=975) to work on /home/airflow/.local/lib/python3.8/site-packages/airflow/example_dags/example_xcomargs.py
[2024-05-13T15:21:55.349+0000] {processor.py:830} INFO - Processing file /home/airflow/.local/lib/python3.8/site-packages/airflow/example_dags/example_xcomargs.py for tasks to queue
[2024-05-13T15:21:55.351+0000] {logging_mixin.py:188} INFO - [2024-05-13T15:21:55.350+0000] {dagbag.py:540} INFO - Filling up the DagBag from /home/airflow/.local/lib/python3.8/site-packages/airflow/example_dags/example_xcomargs.py
[2024-05-13T15:21:55.359+0000] {processor.py:840} INFO - DAG(s) 'example_xcom_args_with_operators', 'example_xcom_args' retrieved from /home/airflow/.local/lib/python3.8/site-packages/airflow/example_dags/example_xcomargs.py
[2024-05-13T15:21:55.386+0000] {logging_mixin.py:188} INFO - [2024-05-13T15:21:55.386+0000] {dag.py:3047} INFO - Sync 2 DAGs
[2024-05-13T15:21:55.401+0000] {logging_mixin.py:188} INFO - [2024-05-13T15:21:55.400+0000] {dag.py:3834} INFO - Setting next_dagrun for example_xcom_args to None, run_after=None
[2024-05-13T15:21:55.405+0000] {logging_mixin.py:188} INFO - [2024-05-13T15:21:55.405+0000] {dag.py:3834} INFO - Setting next_dagrun for example_xcom_args_with_operators to None, run_after=None
[2024-05-13T15:21:55.427+0000] {processor.py:183} INFO - Processing /home/airflow/.local/lib/python3.8/site-packages/airflow/example_dags/example_xcomargs.py took 0.084 seconds
[2024-05-13T15:22:26.293+0000] {processor.py:161} INFO - Started process (PID=1043) to work on /home/airflow/.local/lib/python3.8/site-packages/airflow/example_dags/example_xcomargs.py
[2024-05-13T15:22:26.294+0000] {processor.py:830} INFO - Processing file /home/airflow/.local/lib/python3.8/site-packages/airflow/example_dags/example_xcomargs.py for tasks to queue
[2024-05-13T15:22:26.299+0000] {logging_mixin.py:188} INFO - [2024-05-13T15:22:26.298+0000] {dagbag.py:540} INFO - Filling up the DagBag from /home/airflow/.local/lib/python3.8/site-packages/airflow/example_dags/example_xcomargs.py
[2024-05-13T15:22:26.310+0000] {processor.py:840} INFO - DAG(s) 'example_xcom_args', 'example_xcom_args_with_operators' retrieved from /home/airflow/.local/lib/python3.8/site-packages/airflow/example_dags/example_xcomargs.py
[2024-05-13T15:22:26.344+0000] {logging_mixin.py:188} INFO - [2024-05-13T15:22:26.344+0000] {dag.py:3047} INFO - Sync 2 DAGs
[2024-05-13T15:22:26.360+0000] {logging_mixin.py:188} INFO - [2024-05-13T15:22:26.360+0000] {dag.py:3834} INFO - Setting next_dagrun for example_xcom_args to None, run_after=None
[2024-05-13T15:22:26.366+0000] {logging_mixin.py:188} INFO - [2024-05-13T15:22:26.365+0000] {dag.py:3834} INFO - Setting next_dagrun for example_xcom_args_with_operators to None, run_after=None
[2024-05-13T15:22:26.393+0000] {processor.py:183} INFO - Processing /home/airflow/.local/lib/python3.8/site-packages/airflow/example_dags/example_xcomargs.py took 0.105 seconds
[2024-05-13T15:22:56.683+0000] {processor.py:161} INFO - Started process (PID=1112) to work on /home/airflow/.local/lib/python3.8/site-packages/airflow/example_dags/example_xcomargs.py
[2024-05-13T15:22:56.684+0000] {processor.py:830} INFO - Processing file /home/airflow/.local/lib/python3.8/site-packages/airflow/example_dags/example_xcomargs.py for tasks to queue
[2024-05-13T15:22:56.686+0000] {logging_mixin.py:188} INFO - [2024-05-13T15:22:56.685+0000] {dagbag.py:540} INFO - Filling up the DagBag from /home/airflow/.local/lib/python3.8/site-packages/airflow/example_dags/example_xcomargs.py
[2024-05-13T15:22:56.695+0000] {processor.py:840} INFO - DAG(s) 'example_xcom_args', 'example_xcom_args_with_operators' retrieved from /home/airflow/.local/lib/python3.8/site-packages/airflow/example_dags/example_xcomargs.py
[2024-05-13T15:22:56.723+0000] {logging_mixin.py:188} INFO - [2024-05-13T15:22:56.723+0000] {dag.py:3047} INFO - Sync 2 DAGs
[2024-05-13T15:22:56.739+0000] {logging_mixin.py:188} INFO - [2024-05-13T15:22:56.739+0000] {dag.py:3834} INFO - Setting next_dagrun for example_xcom_args to None, run_after=None
[2024-05-13T15:22:56.744+0000] {logging_mixin.py:188} INFO - [2024-05-13T15:22:56.744+0000] {dag.py:3834} INFO - Setting next_dagrun for example_xcom_args_with_operators to None, run_after=None
[2024-05-13T15:22:56.766+0000] {processor.py:183} INFO - Processing /home/airflow/.local/lib/python3.8/site-packages/airflow/example_dags/example_xcomargs.py took 0.087 seconds
[2024-05-13T15:23:27.089+0000] {processor.py:161} INFO - Started process (PID=1180) to work on /home/airflow/.local/lib/python3.8/site-packages/airflow/example_dags/example_xcomargs.py
[2024-05-13T15:23:27.090+0000] {processor.py:830} INFO - Processing file /home/airflow/.local/lib/python3.8/site-packages/airflow/example_dags/example_xcomargs.py for tasks to queue
[2024-05-13T15:23:27.092+0000] {logging_mixin.py:188} INFO - [2024-05-13T15:23:27.092+0000] {dagbag.py:540} INFO - Filling up the DagBag from /home/airflow/.local/lib/python3.8/site-packages/airflow/example_dags/example_xcomargs.py
[2024-05-13T15:23:27.102+0000] {processor.py:840} INFO - DAG(s) 'example_xcom_args', 'example_xcom_args_with_operators' retrieved from /home/airflow/.local/lib/python3.8/site-packages/airflow/example_dags/example_xcomargs.py
[2024-05-13T15:23:27.134+0000] {logging_mixin.py:188} INFO - [2024-05-13T15:23:27.134+0000] {dag.py:3047} INFO - Sync 2 DAGs
[2024-05-13T15:23:27.148+0000] {logging_mixin.py:188} INFO - [2024-05-13T15:23:27.148+0000] {dag.py:3834} INFO - Setting next_dagrun for example_xcom_args to None, run_after=None
[2024-05-13T15:23:27.153+0000] {logging_mixin.py:188} INFO - [2024-05-13T15:23:27.153+0000] {dag.py:3834} INFO - Setting next_dagrun for example_xcom_args_with_operators to None, run_after=None
[2024-05-13T15:23:27.179+0000] {processor.py:183} INFO - Processing /home/airflow/.local/lib/python3.8/site-packages/airflow/example_dags/example_xcomargs.py took 0.094 seconds
[2024-05-13T15:23:57.909+0000] {processor.py:161} INFO - Started process (PID=1248) to work on /home/airflow/.local/lib/python3.8/site-packages/airflow/example_dags/example_xcomargs.py
[2024-05-13T15:23:57.911+0000] {processor.py:830} INFO - Processing file /home/airflow/.local/lib/python3.8/site-packages/airflow/example_dags/example_xcomargs.py for tasks to queue
[2024-05-13T15:23:57.913+0000] {logging_mixin.py:188} INFO - [2024-05-13T15:23:57.913+0000] {dagbag.py:540} INFO - Filling up the DagBag from /home/airflow/.local/lib/python3.8/site-packages/airflow/example_dags/example_xcomargs.py
[2024-05-13T15:23:57.924+0000] {processor.py:840} INFO - DAG(s) 'example_xcom_args', 'example_xcom_args_with_operators' retrieved from /home/airflow/.local/lib/python3.8/site-packages/airflow/example_dags/example_xcomargs.py
[2024-05-13T15:23:57.955+0000] {logging_mixin.py:188} INFO - [2024-05-13T15:23:57.954+0000] {dag.py:3047} INFO - Sync 2 DAGs
[2024-05-13T15:23:57.969+0000] {logging_mixin.py:188} INFO - [2024-05-13T15:23:57.969+0000] {dag.py:3834} INFO - Setting next_dagrun for example_xcom_args to None, run_after=None
[2024-05-13T15:23:57.974+0000] {logging_mixin.py:188} INFO - [2024-05-13T15:23:57.974+0000] {dag.py:3834} INFO - Setting next_dagrun for example_xcom_args_with_operators to None, run_after=None
[2024-05-13T15:23:57.996+0000] {processor.py:183} INFO - Processing /home/airflow/.local/lib/python3.8/site-packages/airflow/example_dags/example_xcomargs.py took 0.091 seconds
[2024-05-13T15:24:28.127+0000] {processor.py:161} INFO - Started process (PID=1316) to work on /home/airflow/.local/lib/python3.8/site-packages/airflow/example_dags/example_xcomargs.py
[2024-05-13T15:24:28.128+0000] {processor.py:830} INFO - Processing file /home/airflow/.local/lib/python3.8/site-packages/airflow/example_dags/example_xcomargs.py for tasks to queue
[2024-05-13T15:24:28.130+0000] {logging_mixin.py:188} INFO - [2024-05-13T15:24:28.130+0000] {dagbag.py:540} INFO - Filling up the DagBag from /home/airflow/.local/lib/python3.8/site-packages/airflow/example_dags/example_xcomargs.py
[2024-05-13T15:24:28.138+0000] {processor.py:840} INFO - DAG(s) 'example_xcom_args_with_operators', 'example_xcom_args' retrieved from /home/airflow/.local/lib/python3.8/site-packages/airflow/example_dags/example_xcomargs.py
[2024-05-13T15:24:28.161+0000] {logging_mixin.py:188} INFO - [2024-05-13T15:24:28.161+0000] {dag.py:3047} INFO - Sync 2 DAGs
[2024-05-13T15:24:28.173+0000] {logging_mixin.py:188} INFO - [2024-05-13T15:24:28.172+0000] {dag.py:3834} INFO - Setting next_dagrun for example_xcom_args to None, run_after=None
[2024-05-13T15:24:28.177+0000] {logging_mixin.py:188} INFO - [2024-05-13T15:24:28.177+0000] {dag.py:3834} INFO - Setting next_dagrun for example_xcom_args_with_operators to None, run_after=None
[2024-05-13T15:24:28.194+0000] {processor.py:183} INFO - Processing /home/airflow/.local/lib/python3.8/site-packages/airflow/example_dags/example_xcomargs.py took 0.070 seconds
[2024-05-13T15:24:58.288+0000] {processor.py:161} INFO - Started process (PID=1384) to work on /home/airflow/.local/lib/python3.8/site-packages/airflow/example_dags/example_xcomargs.py
[2024-05-13T15:24:58.289+0000] {processor.py:830} INFO - Processing file /home/airflow/.local/lib/python3.8/site-packages/airflow/example_dags/example_xcomargs.py for tasks to queue
[2024-05-13T15:24:58.291+0000] {logging_mixin.py:188} INFO - [2024-05-13T15:24:58.291+0000] {dagbag.py:540} INFO - Filling up the DagBag from /home/airflow/.local/lib/python3.8/site-packages/airflow/example_dags/example_xcomargs.py
[2024-05-13T15:24:58.299+0000] {processor.py:840} INFO - DAG(s) 'example_xcom_args_with_operators', 'example_xcom_args' retrieved from /home/airflow/.local/lib/python3.8/site-packages/airflow/example_dags/example_xcomargs.py
[2024-05-13T15:24:58.321+0000] {logging_mixin.py:188} INFO - [2024-05-13T15:24:58.321+0000] {dag.py:3047} INFO - Sync 2 DAGs
[2024-05-13T15:24:58.332+0000] {logging_mixin.py:188} INFO - [2024-05-13T15:24:58.332+0000] {dag.py:3834} INFO - Setting next_dagrun for example_xcom_args to None, run_after=None
[2024-05-13T15:24:58.336+0000] {logging_mixin.py:188} INFO - [2024-05-13T15:24:58.336+0000] {dag.py:3834} INFO - Setting next_dagrun for example_xcom_args_with_operators to None, run_after=None
[2024-05-13T15:24:58.352+0000] {processor.py:183} INFO - Processing /home/airflow/.local/lib/python3.8/site-packages/airflow/example_dags/example_xcomargs.py took 0.067 seconds
[2024-05-13T15:25:28.613+0000] {processor.py:161} INFO - Started process (PID=1453) to work on /home/airflow/.local/lib/python3.8/site-packages/airflow/example_dags/example_xcomargs.py
[2024-05-13T15:25:28.614+0000] {processor.py:830} INFO - Processing file /home/airflow/.local/lib/python3.8/site-packages/airflow/example_dags/example_xcomargs.py for tasks to queue
[2024-05-13T15:25:28.616+0000] {logging_mixin.py:188} INFO - [2024-05-13T15:25:28.616+0000] {dagbag.py:540} INFO - Filling up the DagBag from /home/airflow/.local/lib/python3.8/site-packages/airflow/example_dags/example_xcomargs.py
[2024-05-13T15:25:28.624+0000] {processor.py:840} INFO - DAG(s) 'example_xcom_args_with_operators', 'example_xcom_args' retrieved from /home/airflow/.local/lib/python3.8/site-packages/airflow/example_dags/example_xcomargs.py
[2024-05-13T15:25:28.651+0000] {logging_mixin.py:188} INFO - [2024-05-13T15:25:28.650+0000] {dag.py:3047} INFO - Sync 2 DAGs
[2024-05-13T15:25:28.662+0000] {logging_mixin.py:188} INFO - [2024-05-13T15:25:28.662+0000] {dag.py:3834} INFO - Setting next_dagrun for example_xcom_args to None, run_after=None
[2024-05-13T15:25:28.666+0000] {logging_mixin.py:188} INFO - [2024-05-13T15:25:28.666+0000] {dag.py:3834} INFO - Setting next_dagrun for example_xcom_args_with_operators to None, run_after=None
[2024-05-13T15:25:28.687+0000] {processor.py:183} INFO - Processing /home/airflow/.local/lib/python3.8/site-packages/airflow/example_dags/example_xcomargs.py took 0.077 seconds
[2024-05-13T15:25:59.024+0000] {processor.py:161} INFO - Started process (PID=1521) to work on /home/airflow/.local/lib/python3.8/site-packages/airflow/example_dags/example_xcomargs.py
[2024-05-13T15:25:59.025+0000] {processor.py:830} INFO - Processing file /home/airflow/.local/lib/python3.8/site-packages/airflow/example_dags/example_xcomargs.py for tasks to queue
[2024-05-13T15:25:59.027+0000] {logging_mixin.py:188} INFO - [2024-05-13T15:25:59.027+0000] {dagbag.py:540} INFO - Filling up the DagBag from /home/airflow/.local/lib/python3.8/site-packages/airflow/example_dags/example_xcomargs.py
[2024-05-13T15:25:59.034+0000] {processor.py:840} INFO - DAG(s) 'example_xcom_args', 'example_xcom_args_with_operators' retrieved from /home/airflow/.local/lib/python3.8/site-packages/airflow/example_dags/example_xcomargs.py
[2024-05-13T15:25:59.057+0000] {logging_mixin.py:188} INFO - [2024-05-13T15:25:59.057+0000] {dag.py:3047} INFO - Sync 2 DAGs
[2024-05-13T15:25:59.069+0000] {logging_mixin.py:188} INFO - [2024-05-13T15:25:59.068+0000] {dag.py:3834} INFO - Setting next_dagrun for example_xcom_args to None, run_after=None
[2024-05-13T15:25:59.072+0000] {logging_mixin.py:188} INFO - [2024-05-13T15:25:59.072+0000] {dag.py:3834} INFO - Setting next_dagrun for example_xcom_args_with_operators to None, run_after=None
[2024-05-13T15:25:59.090+0000] {processor.py:183} INFO - Processing /home/airflow/.local/lib/python3.8/site-packages/airflow/example_dags/example_xcomargs.py took 0.069 seconds
[2024-05-13T15:26:29.318+0000] {processor.py:161} INFO - Started process (PID=1589) to work on /home/airflow/.local/lib/python3.8/site-packages/airflow/example_dags/example_xcomargs.py
[2024-05-13T15:26:29.319+0000] {processor.py:830} INFO - Processing file /home/airflow/.local/lib/python3.8/site-packages/airflow/example_dags/example_xcomargs.py for tasks to queue
[2024-05-13T15:26:29.321+0000] {logging_mixin.py:188} INFO - [2024-05-13T15:26:29.320+0000] {dagbag.py:540} INFO - Filling up the DagBag from /home/airflow/.local/lib/python3.8/site-packages/airflow/example_dags/example_xcomargs.py
[2024-05-13T15:26:29.328+0000] {processor.py:840} INFO - DAG(s) 'example_xcom_args', 'example_xcom_args_with_operators' retrieved from /home/airflow/.local/lib/python3.8/site-packages/airflow/example_dags/example_xcomargs.py
[2024-05-13T15:26:29.350+0000] {logging_mixin.py:188} INFO - [2024-05-13T15:26:29.350+0000] {dag.py:3047} INFO - Sync 2 DAGs
[2024-05-13T15:26:29.361+0000] {logging_mixin.py:188} INFO - [2024-05-13T15:26:29.361+0000] {dag.py:3834} INFO - Setting next_dagrun for example_xcom_args to None, run_after=None
[2024-05-13T15:26:29.365+0000] {logging_mixin.py:188} INFO - [2024-05-13T15:26:29.365+0000] {dag.py:3834} INFO - Setting next_dagrun for example_xcom_args_with_operators to None, run_after=None
[2024-05-13T15:26:29.379+0000] {processor.py:183} INFO - Processing /home/airflow/.local/lib/python3.8/site-packages/airflow/example_dags/example_xcomargs.py took 0.064 seconds
[2024-05-13T15:26:59.725+0000] {processor.py:161} INFO - Started process (PID=1657) to work on /home/airflow/.local/lib/python3.8/site-packages/airflow/example_dags/example_xcomargs.py
[2024-05-13T15:26:59.726+0000] {processor.py:830} INFO - Processing file /home/airflow/.local/lib/python3.8/site-packages/airflow/example_dags/example_xcomargs.py for tasks to queue
[2024-05-13T15:26:59.728+0000] {logging_mixin.py:188} INFO - [2024-05-13T15:26:59.728+0000] {dagbag.py:540} INFO - Filling up the DagBag from /home/airflow/.local/lib/python3.8/site-packages/airflow/example_dags/example_xcomargs.py
[2024-05-13T15:26:59.736+0000] {processor.py:840} INFO - DAG(s) 'example_xcom_args', 'example_xcom_args_with_operators' retrieved from /home/airflow/.local/lib/python3.8/site-packages/airflow/example_dags/example_xcomargs.py
[2024-05-13T15:26:59.758+0000] {logging_mixin.py:188} INFO - [2024-05-13T15:26:59.757+0000] {dag.py:3047} INFO - Sync 2 DAGs
[2024-05-13T15:26:59.770+0000] {logging_mixin.py:188} INFO - [2024-05-13T15:26:59.769+0000] {dag.py:3834} INFO - Setting next_dagrun for example_xcom_args to None, run_after=None
[2024-05-13T15:26:59.774+0000] {logging_mixin.py:188} INFO - [2024-05-13T15:26:59.773+0000] {dag.py:3834} INFO - Setting next_dagrun for example_xcom_args_with_operators to None, run_after=None
[2024-05-13T15:26:59.788+0000] {processor.py:183} INFO - Processing /home/airflow/.local/lib/python3.8/site-packages/airflow/example_dags/example_xcomargs.py took 0.066 seconds
[2024-05-13T15:27:30.263+0000] {processor.py:161} INFO - Started process (PID=1725) to work on /home/airflow/.local/lib/python3.8/site-packages/airflow/example_dags/example_xcomargs.py
[2024-05-13T15:27:30.264+0000] {processor.py:830} INFO - Processing file /home/airflow/.local/lib/python3.8/site-packages/airflow/example_dags/example_xcomargs.py for tasks to queue
[2024-05-13T15:27:30.266+0000] {logging_mixin.py:188} INFO - [2024-05-13T15:27:30.266+0000] {dagbag.py:540} INFO - Filling up the DagBag from /home/airflow/.local/lib/python3.8/site-packages/airflow/example_dags/example_xcomargs.py
[2024-05-13T15:27:30.277+0000] {processor.py:840} INFO - DAG(s) 'example_xcom_args_with_operators', 'example_xcom_args' retrieved from /home/airflow/.local/lib/python3.8/site-packages/airflow/example_dags/example_xcomargs.py
[2024-05-13T15:27:30.303+0000] {logging_mixin.py:188} INFO - [2024-05-13T15:27:30.302+0000] {dag.py:3047} INFO - Sync 2 DAGs
[2024-05-13T15:27:30.316+0000] {logging_mixin.py:188} INFO - [2024-05-13T15:27:30.316+0000] {dag.py:3834} INFO - Setting next_dagrun for example_xcom_args to None, run_after=None
[2024-05-13T15:27:30.326+0000] {logging_mixin.py:188} INFO - [2024-05-13T15:27:30.325+0000] {dag.py:3834} INFO - Setting next_dagrun for example_xcom_args_with_operators to None, run_after=None
[2024-05-13T15:27:30.351+0000] {processor.py:183} INFO - Processing /home/airflow/.local/lib/python3.8/site-packages/airflow/example_dags/example_xcomargs.py took 0.092 seconds
[2024-05-13T15:28:00.406+0000] {processor.py:161} INFO - Started process (PID=1793) to work on /home/airflow/.local/lib/python3.8/site-packages/airflow/example_dags/example_xcomargs.py
[2024-05-13T15:28:00.407+0000] {processor.py:830} INFO - Processing file /home/airflow/.local/lib/python3.8/site-packages/airflow/example_dags/example_xcomargs.py for tasks to queue
[2024-05-13T15:28:00.409+0000] {logging_mixin.py:188} INFO - [2024-05-13T15:28:00.409+0000] {dagbag.py:540} INFO - Filling up the DagBag from /home/airflow/.local/lib/python3.8/site-packages/airflow/example_dags/example_xcomargs.py
[2024-05-13T15:28:00.416+0000] {processor.py:840} INFO - DAG(s) 'example_xcom_args_with_operators', 'example_xcom_args' retrieved from /home/airflow/.local/lib/python3.8/site-packages/airflow/example_dags/example_xcomargs.py
[2024-05-13T15:28:00.439+0000] {logging_mixin.py:188} INFO - [2024-05-13T15:28:00.439+0000] {dag.py:3047} INFO - Sync 2 DAGs
[2024-05-13T15:28:00.450+0000] {logging_mixin.py:188} INFO - [2024-05-13T15:28:00.450+0000] {dag.py:3834} INFO - Setting next_dagrun for example_xcom_args to None, run_after=None
[2024-05-13T15:28:00.454+0000] {logging_mixin.py:188} INFO - [2024-05-13T15:28:00.454+0000] {dag.py:3834} INFO - Setting next_dagrun for example_xcom_args_with_operators to None, run_after=None
[2024-05-13T15:28:00.470+0000] {processor.py:183} INFO - Processing /home/airflow/.local/lib/python3.8/site-packages/airflow/example_dags/example_xcomargs.py took 0.067 seconds
[2024-05-13T15:28:30.799+0000] {processor.py:161} INFO - Started process (PID=1861) to work on /home/airflow/.local/lib/python3.8/site-packages/airflow/example_dags/example_xcomargs.py
[2024-05-13T15:28:30.800+0000] {processor.py:830} INFO - Processing file /home/airflow/.local/lib/python3.8/site-packages/airflow/example_dags/example_xcomargs.py for tasks to queue
[2024-05-13T15:28:30.802+0000] {logging_mixin.py:188} INFO - [2024-05-13T15:28:30.802+0000] {dagbag.py:540} INFO - Filling up the DagBag from /home/airflow/.local/lib/python3.8/site-packages/airflow/example_dags/example_xcomargs.py
[2024-05-13T15:28:30.810+0000] {processor.py:840} INFO - DAG(s) 'example_xcom_args_with_operators', 'example_xcom_args' retrieved from /home/airflow/.local/lib/python3.8/site-packages/airflow/example_dags/example_xcomargs.py
[2024-05-13T15:28:30.836+0000] {logging_mixin.py:188} INFO - [2024-05-13T15:28:30.836+0000] {dag.py:3047} INFO - Sync 2 DAGs
[2024-05-13T15:28:30.848+0000] {logging_mixin.py:188} INFO - [2024-05-13T15:28:30.847+0000] {dag.py:3834} INFO - Setting next_dagrun for example_xcom_args to None, run_after=None
[2024-05-13T15:28:30.851+0000] {logging_mixin.py:188} INFO - [2024-05-13T15:28:30.851+0000] {dag.py:3834} INFO - Setting next_dagrun for example_xcom_args_with_operators to None, run_after=None
[2024-05-13T15:28:30.874+0000] {processor.py:183} INFO - Processing /home/airflow/.local/lib/python3.8/site-packages/airflow/example_dags/example_xcomargs.py took 0.078 seconds
[2024-05-13T15:29:01.011+0000] {processor.py:161} INFO - Started process (PID=1929) to work on /home/airflow/.local/lib/python3.8/site-packages/airflow/example_dags/example_xcomargs.py
[2024-05-13T15:29:01.013+0000] {processor.py:830} INFO - Processing file /home/airflow/.local/lib/python3.8/site-packages/airflow/example_dags/example_xcomargs.py for tasks to queue
[2024-05-13T15:29:01.015+0000] {logging_mixin.py:188} INFO - [2024-05-13T15:29:01.014+0000] {dagbag.py:540} INFO - Filling up the DagBag from /home/airflow/.local/lib/python3.8/site-packages/airflow/example_dags/example_xcomargs.py
[2024-05-13T15:29:01.023+0000] {processor.py:840} INFO - DAG(s) 'example_xcom_args_with_operators', 'example_xcom_args' retrieved from /home/airflow/.local/lib/python3.8/site-packages/airflow/example_dags/example_xcomargs.py
[2024-05-13T15:29:01.045+0000] {logging_mixin.py:188} INFO - [2024-05-13T15:29:01.045+0000] {dag.py:3047} INFO - Sync 2 DAGs
[2024-05-13T15:29:01.057+0000] {logging_mixin.py:188} INFO - [2024-05-13T15:29:01.057+0000] {dag.py:3834} INFO - Setting next_dagrun for example_xcom_args to None, run_after=None
[2024-05-13T15:29:01.061+0000] {logging_mixin.py:188} INFO - [2024-05-13T15:29:01.061+0000] {dag.py:3834} INFO - Setting next_dagrun for example_xcom_args_with_operators to None, run_after=None
[2024-05-13T15:29:01.079+0000] {processor.py:183} INFO - Processing /home/airflow/.local/lib/python3.8/site-packages/airflow/example_dags/example_xcomargs.py took 0.071 seconds
[2024-05-13T15:29:31.510+0000] {processor.py:161} INFO - Started process (PID=1997) to work on /home/airflow/.local/lib/python3.8/site-packages/airflow/example_dags/example_xcomargs.py
[2024-05-13T15:29:31.512+0000] {processor.py:830} INFO - Processing file /home/airflow/.local/lib/python3.8/site-packages/airflow/example_dags/example_xcomargs.py for tasks to queue
[2024-05-13T15:29:31.516+0000] {logging_mixin.py:188} INFO - [2024-05-13T15:29:31.515+0000] {dagbag.py:540} INFO - Filling up the DagBag from /home/airflow/.local/lib/python3.8/site-packages/airflow/example_dags/example_xcomargs.py
[2024-05-13T15:29:31.530+0000] {processor.py:840} INFO - DAG(s) 'example_xcom_args_with_operators', 'example_xcom_args' retrieved from /home/airflow/.local/lib/python3.8/site-packages/airflow/example_dags/example_xcomargs.py
[2024-05-13T15:29:31.575+0000] {logging_mixin.py:188} INFO - [2024-05-13T15:29:31.574+0000] {dag.py:3047} INFO - Sync 2 DAGs
[2024-05-13T15:29:31.593+0000] {logging_mixin.py:188} INFO - [2024-05-13T15:29:31.593+0000] {dag.py:3834} INFO - Setting next_dagrun for example_xcom_args to None, run_after=None
[2024-05-13T15:29:31.601+0000] {logging_mixin.py:188} INFO - [2024-05-13T15:29:31.600+0000] {dag.py:3834} INFO - Setting next_dagrun for example_xcom_args_with_operators to None, run_after=None
[2024-05-13T15:29:31.638+0000] {processor.py:183} INFO - Processing /home/airflow/.local/lib/python3.8/site-packages/airflow/example_dags/example_xcomargs.py took 0.133 seconds
[2024-05-13T15:30:02.310+0000] {processor.py:161} INFO - Started process (PID=2065) to work on /home/airflow/.local/lib/python3.8/site-packages/airflow/example_dags/example_xcomargs.py
[2024-05-13T15:30:02.311+0000] {processor.py:830} INFO - Processing file /home/airflow/.local/lib/python3.8/site-packages/airflow/example_dags/example_xcomargs.py for tasks to queue
[2024-05-13T15:30:02.312+0000] {logging_mixin.py:188} INFO - [2024-05-13T15:30:02.312+0000] {dagbag.py:540} INFO - Filling up the DagBag from /home/airflow/.local/lib/python3.8/site-packages/airflow/example_dags/example_xcomargs.py
[2024-05-13T15:30:02.320+0000] {processor.py:840} INFO - DAG(s) 'example_xcom_args', 'example_xcom_args_with_operators' retrieved from /home/airflow/.local/lib/python3.8/site-packages/airflow/example_dags/example_xcomargs.py
[2024-05-13T15:30:02.343+0000] {logging_mixin.py:188} INFO - [2024-05-13T15:30:02.342+0000] {dag.py:3047} INFO - Sync 2 DAGs
[2024-05-13T15:30:02.354+0000] {logging_mixin.py:188} INFO - [2024-05-13T15:30:02.354+0000] {dag.py:3834} INFO - Setting next_dagrun for example_xcom_args to None, run_after=None
[2024-05-13T15:30:02.357+0000] {logging_mixin.py:188} INFO - [2024-05-13T15:30:02.357+0000] {dag.py:3834} INFO - Setting next_dagrun for example_xcom_args_with_operators to None, run_after=None
[2024-05-13T15:30:02.372+0000] {processor.py:183} INFO - Processing /home/airflow/.local/lib/python3.8/site-packages/airflow/example_dags/example_xcomargs.py took 0.065 seconds
[2024-05-13T15:30:32.413+0000] {processor.py:161} INFO - Started process (PID=2133) to work on /home/airflow/.local/lib/python3.8/site-packages/airflow/example_dags/example_xcomargs.py
[2024-05-13T15:30:32.414+0000] {processor.py:830} INFO - Processing file /home/airflow/.local/lib/python3.8/site-packages/airflow/example_dags/example_xcomargs.py for tasks to queue
[2024-05-13T15:30:32.416+0000] {logging_mixin.py:188} INFO - [2024-05-13T15:30:32.416+0000] {dagbag.py:540} INFO - Filling up the DagBag from /home/airflow/.local/lib/python3.8/site-packages/airflow/example_dags/example_xcomargs.py
[2024-05-13T15:30:32.423+0000] {processor.py:840} INFO - DAG(s) 'example_xcom_args', 'example_xcom_args_with_operators' retrieved from /home/airflow/.local/lib/python3.8/site-packages/airflow/example_dags/example_xcomargs.py
[2024-05-13T15:30:32.445+0000] {logging_mixin.py:188} INFO - [2024-05-13T15:30:32.445+0000] {dag.py:3047} INFO - Sync 2 DAGs
[2024-05-13T15:30:32.457+0000] {logging_mixin.py:188} INFO - [2024-05-13T15:30:32.457+0000] {dag.py:3834} INFO - Setting next_dagrun for example_xcom_args to None, run_after=None
[2024-05-13T15:30:32.461+0000] {logging_mixin.py:188} INFO - [2024-05-13T15:30:32.461+0000] {dag.py:3834} INFO - Setting next_dagrun for example_xcom_args_with_operators to None, run_after=None
[2024-05-13T15:30:32.478+0000] {processor.py:183} INFO - Processing /home/airflow/.local/lib/python3.8/site-packages/airflow/example_dags/example_xcomargs.py took 0.068 seconds
[2024-05-13T15:31:02.509+0000] {processor.py:161} INFO - Started process (PID=2200) to work on /home/airflow/.local/lib/python3.8/site-packages/airflow/example_dags/example_xcomargs.py
[2024-05-13T15:31:02.510+0000] {processor.py:830} INFO - Processing file /home/airflow/.local/lib/python3.8/site-packages/airflow/example_dags/example_xcomargs.py for tasks to queue
[2024-05-13T15:31:02.512+0000] {logging_mixin.py:188} INFO - [2024-05-13T15:31:02.512+0000] {dagbag.py:540} INFO - Filling up the DagBag from /home/airflow/.local/lib/python3.8/site-packages/airflow/example_dags/example_xcomargs.py
[2024-05-13T15:31:02.520+0000] {processor.py:840} INFO - DAG(s) 'example_xcom_args_with_operators', 'example_xcom_args' retrieved from /home/airflow/.local/lib/python3.8/site-packages/airflow/example_dags/example_xcomargs.py
[2024-05-13T15:31:02.543+0000] {logging_mixin.py:188} INFO - [2024-05-13T15:31:02.542+0000] {dag.py:3047} INFO - Sync 2 DAGs
[2024-05-13T15:31:02.555+0000] {logging_mixin.py:188} INFO - [2024-05-13T15:31:02.555+0000] {dag.py:3834} INFO - Setting next_dagrun for example_xcom_args to None, run_after=None
[2024-05-13T15:31:02.560+0000] {logging_mixin.py:188} INFO - [2024-05-13T15:31:02.560+0000] {dag.py:3834} INFO - Setting next_dagrun for example_xcom_args_with_operators to None, run_after=None
[2024-05-13T15:31:02.576+0000] {processor.py:183} INFO - Processing /home/airflow/.local/lib/python3.8/site-packages/airflow/example_dags/example_xcomargs.py took 0.070 seconds
[2024-05-13T15:31:32.694+0000] {processor.py:161} INFO - Started process (PID=2268) to work on /home/airflow/.local/lib/python3.8/site-packages/airflow/example_dags/example_xcomargs.py
[2024-05-13T15:31:32.695+0000] {processor.py:830} INFO - Processing file /home/airflow/.local/lib/python3.8/site-packages/airflow/example_dags/example_xcomargs.py for tasks to queue
[2024-05-13T15:31:32.697+0000] {logging_mixin.py:188} INFO - [2024-05-13T15:31:32.697+0000] {dagbag.py:540} INFO - Filling up the DagBag from /home/airflow/.local/lib/python3.8/site-packages/airflow/example_dags/example_xcomargs.py
[2024-05-13T15:31:32.705+0000] {processor.py:840} INFO - DAG(s) 'example_xcom_args_with_operators', 'example_xcom_args' retrieved from /home/airflow/.local/lib/python3.8/site-packages/airflow/example_dags/example_xcomargs.py
[2024-05-13T15:31:32.727+0000] {logging_mixin.py:188} INFO - [2024-05-13T15:31:32.727+0000] {dag.py:3047} INFO - Sync 2 DAGs
[2024-05-13T15:31:32.738+0000] {logging_mixin.py:188} INFO - [2024-05-13T15:31:32.738+0000] {dag.py:3834} INFO - Setting next_dagrun for example_xcom_args to None, run_after=None
[2024-05-13T15:31:32.742+0000] {logging_mixin.py:188} INFO - [2024-05-13T15:31:32.742+0000] {dag.py:3834} INFO - Setting next_dagrun for example_xcom_args_with_operators to None, run_after=None
[2024-05-13T15:31:32.757+0000] {processor.py:183} INFO - Processing /home/airflow/.local/lib/python3.8/site-packages/airflow/example_dags/example_xcomargs.py took 0.065 seconds
[2024-05-13T15:32:03.190+0000] {processor.py:161} INFO - Started process (PID=2337) to work on /home/airflow/.local/lib/python3.8/site-packages/airflow/example_dags/example_xcomargs.py
[2024-05-13T15:32:03.191+0000] {processor.py:830} INFO - Processing file /home/airflow/.local/lib/python3.8/site-packages/airflow/example_dags/example_xcomargs.py for tasks to queue
[2024-05-13T15:32:03.193+0000] {logging_mixin.py:188} INFO - [2024-05-13T15:32:03.193+0000] {dagbag.py:540} INFO - Filling up the DagBag from /home/airflow/.local/lib/python3.8/site-packages/airflow/example_dags/example_xcomargs.py
[2024-05-13T15:32:03.201+0000] {processor.py:840} INFO - DAG(s) 'example_xcom_args', 'example_xcom_args_with_operators' retrieved from /home/airflow/.local/lib/python3.8/site-packages/airflow/example_dags/example_xcomargs.py
[2024-05-13T15:32:03.223+0000] {logging_mixin.py:188} INFO - [2024-05-13T15:32:03.223+0000] {dag.py:3047} INFO - Sync 2 DAGs
[2024-05-13T15:32:03.234+0000] {logging_mixin.py:188} INFO - [2024-05-13T15:32:03.234+0000] {dag.py:3834} INFO - Setting next_dagrun for example_xcom_args to None, run_after=None
[2024-05-13T15:32:03.237+0000] {logging_mixin.py:188} INFO - [2024-05-13T15:32:03.237+0000] {dag.py:3834} INFO - Setting next_dagrun for example_xcom_args_with_operators to None, run_after=None
[2024-05-13T15:32:03.252+0000] {processor.py:183} INFO - Processing /home/airflow/.local/lib/python3.8/site-packages/airflow/example_dags/example_xcomargs.py took 0.065 seconds
[2024-05-13T15:32:33.836+0000] {processor.py:161} INFO - Started process (PID=2405) to work on /home/airflow/.local/lib/python3.8/site-packages/airflow/example_dags/example_xcomargs.py
[2024-05-13T15:32:33.837+0000] {processor.py:830} INFO - Processing file /home/airflow/.local/lib/python3.8/site-packages/airflow/example_dags/example_xcomargs.py for tasks to queue
[2024-05-13T15:32:33.840+0000] {logging_mixin.py:188} INFO - [2024-05-13T15:32:33.839+0000] {dagbag.py:540} INFO - Filling up the DagBag from /home/airflow/.local/lib/python3.8/site-packages/airflow/example_dags/example_xcomargs.py
[2024-05-13T15:32:33.848+0000] {processor.py:840} INFO - DAG(s) 'example_xcom_args_with_operators', 'example_xcom_args' retrieved from /home/airflow/.local/lib/python3.8/site-packages/airflow/example_dags/example_xcomargs.py
[2024-05-13T15:32:33.872+0000] {logging_mixin.py:188} INFO - [2024-05-13T15:32:33.872+0000] {dag.py:3047} INFO - Sync 2 DAGs
[2024-05-13T15:32:33.889+0000] {logging_mixin.py:188} INFO - [2024-05-13T15:32:33.889+0000] {dag.py:3834} INFO - Setting next_dagrun for example_xcom_args to None, run_after=None
[2024-05-13T15:32:33.894+0000] {logging_mixin.py:188} INFO - [2024-05-13T15:32:33.893+0000] {dag.py:3834} INFO - Setting next_dagrun for example_xcom_args_with_operators to None, run_after=None
[2024-05-13T15:32:33.915+0000] {processor.py:183} INFO - Processing /home/airflow/.local/lib/python3.8/site-packages/airflow/example_dags/example_xcomargs.py took 0.083 seconds
[2024-05-13T15:33:04.231+0000] {processor.py:161} INFO - Started process (PID=2473) to work on /home/airflow/.local/lib/python3.8/site-packages/airflow/example_dags/example_xcomargs.py
[2024-05-13T15:33:04.232+0000] {processor.py:830} INFO - Processing file /home/airflow/.local/lib/python3.8/site-packages/airflow/example_dags/example_xcomargs.py for tasks to queue
[2024-05-13T15:33:04.233+0000] {logging_mixin.py:188} INFO - [2024-05-13T15:33:04.233+0000] {dagbag.py:540} INFO - Filling up the DagBag from /home/airflow/.local/lib/python3.8/site-packages/airflow/example_dags/example_xcomargs.py
[2024-05-13T15:33:04.242+0000] {processor.py:840} INFO - DAG(s) 'example_xcom_args_with_operators', 'example_xcom_args' retrieved from /home/airflow/.local/lib/python3.8/site-packages/airflow/example_dags/example_xcomargs.py
[2024-05-13T15:33:04.267+0000] {logging_mixin.py:188} INFO - [2024-05-13T15:33:04.266+0000] {dag.py:3047} INFO - Sync 2 DAGs
[2024-05-13T15:33:04.281+0000] {logging_mixin.py:188} INFO - [2024-05-13T15:33:04.281+0000] {dag.py:3834} INFO - Setting next_dagrun for example_xcom_args to None, run_after=None
[2024-05-13T15:33:04.285+0000] {logging_mixin.py:188} INFO - [2024-05-13T15:33:04.285+0000] {dag.py:3834} INFO - Setting next_dagrun for example_xcom_args_with_operators to None, run_after=None
[2024-05-13T15:33:04.302+0000] {processor.py:183} INFO - Processing /home/airflow/.local/lib/python3.8/site-packages/airflow/example_dags/example_xcomargs.py took 0.075 seconds
[2024-05-13T15:33:35.122+0000] {processor.py:161} INFO - Started process (PID=2541) to work on /home/airflow/.local/lib/python3.8/site-packages/airflow/example_dags/example_xcomargs.py
[2024-05-13T15:33:35.123+0000] {processor.py:830} INFO - Processing file /home/airflow/.local/lib/python3.8/site-packages/airflow/example_dags/example_xcomargs.py for tasks to queue
[2024-05-13T15:33:35.126+0000] {logging_mixin.py:188} INFO - [2024-05-13T15:33:35.126+0000] {dagbag.py:540} INFO - Filling up the DagBag from /home/airflow/.local/lib/python3.8/site-packages/airflow/example_dags/example_xcomargs.py
[2024-05-13T15:33:35.144+0000] {processor.py:840} INFO - DAG(s) 'example_xcom_args_with_operators', 'example_xcom_args' retrieved from /home/airflow/.local/lib/python3.8/site-packages/airflow/example_dags/example_xcomargs.py
[2024-05-13T15:33:35.178+0000] {logging_mixin.py:188} INFO - [2024-05-13T15:33:35.177+0000] {dag.py:3047} INFO - Sync 2 DAGs
[2024-05-13T15:33:35.197+0000] {logging_mixin.py:188} INFO - [2024-05-13T15:33:35.196+0000] {dag.py:3834} INFO - Setting next_dagrun for example_xcom_args to None, run_after=None
[2024-05-13T15:33:35.202+0000] {logging_mixin.py:188} INFO - [2024-05-13T15:33:35.202+0000] {dag.py:3834} INFO - Setting next_dagrun for example_xcom_args_with_operators to None, run_after=None
[2024-05-13T15:33:35.222+0000] {processor.py:183} INFO - Processing /home/airflow/.local/lib/python3.8/site-packages/airflow/example_dags/example_xcomargs.py took 0.105 seconds
[2024-05-13T15:34:05.836+0000] {processor.py:161} INFO - Started process (PID=2609) to work on /home/airflow/.local/lib/python3.8/site-packages/airflow/example_dags/example_xcomargs.py
[2024-05-13T15:34:05.837+0000] {processor.py:830} INFO - Processing file /home/airflow/.local/lib/python3.8/site-packages/airflow/example_dags/example_xcomargs.py for tasks to queue
[2024-05-13T15:34:05.839+0000] {logging_mixin.py:188} INFO - [2024-05-13T15:34:05.839+0000] {dagbag.py:540} INFO - Filling up the DagBag from /home/airflow/.local/lib/python3.8/site-packages/airflow/example_dags/example_xcomargs.py
[2024-05-13T15:34:05.848+0000] {processor.py:840} INFO - DAG(s) 'example_xcom_args_with_operators', 'example_xcom_args' retrieved from /home/airflow/.local/lib/python3.8/site-packages/airflow/example_dags/example_xcomargs.py
[2024-05-13T15:34:05.871+0000] {logging_mixin.py:188} INFO - [2024-05-13T15:34:05.871+0000] {dag.py:3047} INFO - Sync 2 DAGs
[2024-05-13T15:34:05.884+0000] {logging_mixin.py:188} INFO - [2024-05-13T15:34:05.884+0000] {dag.py:3834} INFO - Setting next_dagrun for example_xcom_args to None, run_after=None
[2024-05-13T15:34:05.888+0000] {logging_mixin.py:188} INFO - [2024-05-13T15:34:05.888+0000] {dag.py:3834} INFO - Setting next_dagrun for example_xcom_args_with_operators to None, run_after=None
[2024-05-13T15:34:05.904+0000] {processor.py:183} INFO - Processing /home/airflow/.local/lib/python3.8/site-packages/airflow/example_dags/example_xcomargs.py took 0.072 seconds
[2024-05-13T15:34:36.339+0000] {processor.py:161} INFO - Started process (PID=2678) to work on /home/airflow/.local/lib/python3.8/site-packages/airflow/example_dags/example_xcomargs.py
[2024-05-13T15:34:36.340+0000] {processor.py:830} INFO - Processing file /home/airflow/.local/lib/python3.8/site-packages/airflow/example_dags/example_xcomargs.py for tasks to queue
[2024-05-13T15:34:36.342+0000] {logging_mixin.py:188} INFO - [2024-05-13T15:34:36.342+0000] {dagbag.py:540} INFO - Filling up the DagBag from /home/airflow/.local/lib/python3.8/site-packages/airflow/example_dags/example_xcomargs.py
[2024-05-13T15:34:36.349+0000] {processor.py:840} INFO - DAG(s) 'example_xcom_args', 'example_xcom_args_with_operators' retrieved from /home/airflow/.local/lib/python3.8/site-packages/airflow/example_dags/example_xcomargs.py
[2024-05-13T15:34:36.370+0000] {logging_mixin.py:188} INFO - [2024-05-13T15:34:36.370+0000] {dag.py:3047} INFO - Sync 2 DAGs
[2024-05-13T15:34:36.381+0000] {logging_mixin.py:188} INFO - [2024-05-13T15:34:36.381+0000] {dag.py:3834} INFO - Setting next_dagrun for example_xcom_args to None, run_after=None
[2024-05-13T15:34:36.385+0000] {logging_mixin.py:188} INFO - [2024-05-13T15:34:36.384+0000] {dag.py:3834} INFO - Setting next_dagrun for example_xcom_args_with_operators to None, run_after=None
[2024-05-13T15:34:36.399+0000] {processor.py:183} INFO - Processing /home/airflow/.local/lib/python3.8/site-packages/airflow/example_dags/example_xcomargs.py took 0.063 seconds
[2024-05-13T15:35:07.003+0000] {processor.py:161} INFO - Started process (PID=2746) to work on /home/airflow/.local/lib/python3.8/site-packages/airflow/example_dags/example_xcomargs.py
[2024-05-13T15:35:07.004+0000] {processor.py:830} INFO - Processing file /home/airflow/.local/lib/python3.8/site-packages/airflow/example_dags/example_xcomargs.py for tasks to queue
[2024-05-13T15:35:07.006+0000] {logging_mixin.py:188} INFO - [2024-05-13T15:35:07.006+0000] {dagbag.py:540} INFO - Filling up the DagBag from /home/airflow/.local/lib/python3.8/site-packages/airflow/example_dags/example_xcomargs.py
[2024-05-13T15:35:07.013+0000] {processor.py:840} INFO - DAG(s) 'example_xcom_args', 'example_xcom_args_with_operators' retrieved from /home/airflow/.local/lib/python3.8/site-packages/airflow/example_dags/example_xcomargs.py
[2024-05-13T15:35:07.036+0000] {logging_mixin.py:188} INFO - [2024-05-13T15:35:07.035+0000] {dag.py:3047} INFO - Sync 2 DAGs
[2024-05-13T15:35:07.047+0000] {logging_mixin.py:188} INFO - [2024-05-13T15:35:07.047+0000] {dag.py:3834} INFO - Setting next_dagrun for example_xcom_args to None, run_after=None
[2024-05-13T15:35:07.050+0000] {logging_mixin.py:188} INFO - [2024-05-13T15:35:07.050+0000] {dag.py:3834} INFO - Setting next_dagrun for example_xcom_args_with_operators to None, run_after=None
[2024-05-13T15:35:07.067+0000] {processor.py:183} INFO - Processing /home/airflow/.local/lib/python3.8/site-packages/airflow/example_dags/example_xcomargs.py took 0.067 seconds
[2024-05-13T15:35:37.562+0000] {processor.py:161} INFO - Started process (PID=2814) to work on /home/airflow/.local/lib/python3.8/site-packages/airflow/example_dags/example_xcomargs.py
[2024-05-13T15:35:37.563+0000] {processor.py:830} INFO - Processing file /home/airflow/.local/lib/python3.8/site-packages/airflow/example_dags/example_xcomargs.py for tasks to queue
[2024-05-13T15:35:37.564+0000] {logging_mixin.py:188} INFO - [2024-05-13T15:35:37.564+0000] {dagbag.py:540} INFO - Filling up the DagBag from /home/airflow/.local/lib/python3.8/site-packages/airflow/example_dags/example_xcomargs.py
[2024-05-13T15:35:37.573+0000] {processor.py:840} INFO - DAG(s) 'example_xcom_args_with_operators', 'example_xcom_args' retrieved from /home/airflow/.local/lib/python3.8/site-packages/airflow/example_dags/example_xcomargs.py
[2024-05-13T15:35:37.593+0000] {logging_mixin.py:188} INFO - [2024-05-13T15:35:37.593+0000] {dag.py:3047} INFO - Sync 2 DAGs
[2024-05-13T15:35:37.604+0000] {logging_mixin.py:188} INFO - [2024-05-13T15:35:37.604+0000] {dag.py:3834} INFO - Setting next_dagrun for example_xcom_args to None, run_after=None
[2024-05-13T15:35:37.608+0000] {logging_mixin.py:188} INFO - [2024-05-13T15:35:37.608+0000] {dag.py:3834} INFO - Setting next_dagrun for example_xcom_args_with_operators to None, run_after=None
[2024-05-13T15:35:37.625+0000] {processor.py:183} INFO - Processing /home/airflow/.local/lib/python3.8/site-packages/airflow/example_dags/example_xcomargs.py took 0.066 seconds
[2024-05-13T15:36:08.170+0000] {processor.py:161} INFO - Started process (PID=2882) to work on /home/airflow/.local/lib/python3.8/site-packages/airflow/example_dags/example_xcomargs.py
[2024-05-13T15:36:08.171+0000] {processor.py:830} INFO - Processing file /home/airflow/.local/lib/python3.8/site-packages/airflow/example_dags/example_xcomargs.py for tasks to queue
[2024-05-13T15:36:08.174+0000] {logging_mixin.py:188} INFO - [2024-05-13T15:36:08.173+0000] {dagbag.py:540} INFO - Filling up the DagBag from /home/airflow/.local/lib/python3.8/site-packages/airflow/example_dags/example_xcomargs.py
[2024-05-13T15:36:08.184+0000] {processor.py:840} INFO - DAG(s) 'example_xcom_args_with_operators', 'example_xcom_args' retrieved from /home/airflow/.local/lib/python3.8/site-packages/airflow/example_dags/example_xcomargs.py
[2024-05-13T15:36:08.216+0000] {logging_mixin.py:188} INFO - [2024-05-13T15:36:08.215+0000] {dag.py:3047} INFO - Sync 2 DAGs
[2024-05-13T15:36:08.232+0000] {logging_mixin.py:188} INFO - [2024-05-13T15:36:08.232+0000] {dag.py:3834} INFO - Setting next_dagrun for example_xcom_args to None, run_after=None
[2024-05-13T15:36:08.239+0000] {logging_mixin.py:188} INFO - [2024-05-13T15:36:08.239+0000] {dag.py:3834} INFO - Setting next_dagrun for example_xcom_args_with_operators to None, run_after=None
[2024-05-13T15:36:08.264+0000] {processor.py:183} INFO - Processing /home/airflow/.local/lib/python3.8/site-packages/airflow/example_dags/example_xcomargs.py took 0.098 seconds
[2024-05-13T15:36:38.308+0000] {processor.py:161} INFO - Started process (PID=2937) to work on /home/airflow/.local/lib/python3.8/site-packages/airflow/example_dags/example_xcomargs.py
[2024-05-13T15:36:38.309+0000] {processor.py:830} INFO - Processing file /home/airflow/.local/lib/python3.8/site-packages/airflow/example_dags/example_xcomargs.py for tasks to queue
[2024-05-13T15:36:38.310+0000] {logging_mixin.py:188} INFO - [2024-05-13T15:36:38.310+0000] {dagbag.py:540} INFO - Filling up the DagBag from /home/airflow/.local/lib/python3.8/site-packages/airflow/example_dags/example_xcomargs.py
[2024-05-13T15:36:38.317+0000] {processor.py:840} INFO - DAG(s) 'example_xcom_args_with_operators', 'example_xcom_args' retrieved from /home/airflow/.local/lib/python3.8/site-packages/airflow/example_dags/example_xcomargs.py
[2024-05-13T15:36:38.337+0000] {logging_mixin.py:188} INFO - [2024-05-13T15:36:38.337+0000] {dag.py:3047} INFO - Sync 2 DAGs
[2024-05-13T15:36:38.348+0000] {logging_mixin.py:188} INFO - [2024-05-13T15:36:38.347+0000] {dag.py:3834} INFO - Setting next_dagrun for example_xcom_args to None, run_after=None
[2024-05-13T15:36:38.352+0000] {logging_mixin.py:188} INFO - [2024-05-13T15:36:38.352+0000] {dag.py:3834} INFO - Setting next_dagrun for example_xcom_args_with_operators to None, run_after=None
[2024-05-13T15:36:38.371+0000] {processor.py:183} INFO - Processing /home/airflow/.local/lib/python3.8/site-packages/airflow/example_dags/example_xcomargs.py took 0.066 seconds
[2024-05-13T15:37:09.301+0000] {processor.py:161} INFO - Started process (PID=3005) to work on /home/airflow/.local/lib/python3.8/site-packages/airflow/example_dags/example_xcomargs.py
[2024-05-13T15:37:09.302+0000] {processor.py:830} INFO - Processing file /home/airflow/.local/lib/python3.8/site-packages/airflow/example_dags/example_xcomargs.py for tasks to queue
[2024-05-13T15:37:09.304+0000] {logging_mixin.py:188} INFO - [2024-05-13T15:37:09.304+0000] {dagbag.py:540} INFO - Filling up the DagBag from /home/airflow/.local/lib/python3.8/site-packages/airflow/example_dags/example_xcomargs.py
[2024-05-13T15:37:09.312+0000] {processor.py:840} INFO - DAG(s) 'example_xcom_args_with_operators', 'example_xcom_args' retrieved from /home/airflow/.local/lib/python3.8/site-packages/airflow/example_dags/example_xcomargs.py
[2024-05-13T15:37:09.334+0000] {logging_mixin.py:188} INFO - [2024-05-13T15:37:09.334+0000] {dag.py:3047} INFO - Sync 2 DAGs
[2024-05-13T15:37:09.345+0000] {logging_mixin.py:188} INFO - [2024-05-13T15:37:09.345+0000] {dag.py:3834} INFO - Setting next_dagrun for example_xcom_args to None, run_after=None
[2024-05-13T15:37:09.349+0000] {logging_mixin.py:188} INFO - [2024-05-13T15:37:09.348+0000] {dag.py:3834} INFO - Setting next_dagrun for example_xcom_args_with_operators to None, run_after=None
[2024-05-13T15:37:09.365+0000] {processor.py:183} INFO - Processing /home/airflow/.local/lib/python3.8/site-packages/airflow/example_dags/example_xcomargs.py took 0.067 seconds
[2024-05-13T15:37:39.680+0000] {processor.py:161} INFO - Started process (PID=3073) to work on /home/airflow/.local/lib/python3.8/site-packages/airflow/example_dags/example_xcomargs.py
[2024-05-13T15:37:39.681+0000] {processor.py:830} INFO - Processing file /home/airflow/.local/lib/python3.8/site-packages/airflow/example_dags/example_xcomargs.py for tasks to queue
[2024-05-13T15:37:39.684+0000] {logging_mixin.py:188} INFO - [2024-05-13T15:37:39.683+0000] {dagbag.py:540} INFO - Filling up the DagBag from /home/airflow/.local/lib/python3.8/site-packages/airflow/example_dags/example_xcomargs.py
[2024-05-13T15:37:39.691+0000] {processor.py:840} INFO - DAG(s) 'example_xcom_args_with_operators', 'example_xcom_args' retrieved from /home/airflow/.local/lib/python3.8/site-packages/airflow/example_dags/example_xcomargs.py
[2024-05-13T15:37:39.714+0000] {logging_mixin.py:188} INFO - [2024-05-13T15:37:39.714+0000] {dag.py:3047} INFO - Sync 2 DAGs
[2024-05-13T15:37:39.726+0000] {logging_mixin.py:188} INFO - [2024-05-13T15:37:39.726+0000] {dag.py:3834} INFO - Setting next_dagrun for example_xcom_args to None, run_after=None
[2024-05-13T15:37:39.730+0000] {logging_mixin.py:188} INFO - [2024-05-13T15:37:39.730+0000] {dag.py:3834} INFO - Setting next_dagrun for example_xcom_args_with_operators to None, run_after=None
[2024-05-13T15:37:39.751+0000] {processor.py:183} INFO - Processing /home/airflow/.local/lib/python3.8/site-packages/airflow/example_dags/example_xcomargs.py took 0.075 seconds
[2024-05-13T15:38:10.229+0000] {processor.py:161} INFO - Started process (PID=3141) to work on /home/airflow/.local/lib/python3.8/site-packages/airflow/example_dags/example_xcomargs.py
[2024-05-13T15:38:10.230+0000] {processor.py:830} INFO - Processing file /home/airflow/.local/lib/python3.8/site-packages/airflow/example_dags/example_xcomargs.py for tasks to queue
[2024-05-13T15:38:10.233+0000] {logging_mixin.py:188} INFO - [2024-05-13T15:38:10.232+0000] {dagbag.py:540} INFO - Filling up the DagBag from /home/airflow/.local/lib/python3.8/site-packages/airflow/example_dags/example_xcomargs.py
[2024-05-13T15:38:10.243+0000] {processor.py:840} INFO - DAG(s) 'example_xcom_args', 'example_xcom_args_with_operators' retrieved from /home/airflow/.local/lib/python3.8/site-packages/airflow/example_dags/example_xcomargs.py
[2024-05-13T15:38:10.270+0000] {logging_mixin.py:188} INFO - [2024-05-13T15:38:10.270+0000] {dag.py:3047} INFO - Sync 2 DAGs
[2024-05-13T15:38:10.286+0000] {logging_mixin.py:188} INFO - [2024-05-13T15:38:10.285+0000] {dag.py:3834} INFO - Setting next_dagrun for example_xcom_args to None, run_after=None
[2024-05-13T15:38:10.291+0000] {logging_mixin.py:188} INFO - [2024-05-13T15:38:10.290+0000] {dag.py:3834} INFO - Setting next_dagrun for example_xcom_args_with_operators to None, run_after=None
[2024-05-13T15:38:10.311+0000] {processor.py:183} INFO - Processing /home/airflow/.local/lib/python3.8/site-packages/airflow/example_dags/example_xcomargs.py took 0.086 seconds
[2024-05-13T15:38:40.889+0000] {processor.py:161} INFO - Started process (PID=3209) to work on /home/airflow/.local/lib/python3.8/site-packages/airflow/example_dags/example_xcomargs.py
[2024-05-13T15:38:40.890+0000] {processor.py:830} INFO - Processing file /home/airflow/.local/lib/python3.8/site-packages/airflow/example_dags/example_xcomargs.py for tasks to queue
[2024-05-13T15:38:40.892+0000] {logging_mixin.py:188} INFO - [2024-05-13T15:38:40.891+0000] {dagbag.py:540} INFO - Filling up the DagBag from /home/airflow/.local/lib/python3.8/site-packages/airflow/example_dags/example_xcomargs.py
[2024-05-13T15:38:40.899+0000] {processor.py:840} INFO - DAG(s) 'example_xcom_args_with_operators', 'example_xcom_args' retrieved from /home/airflow/.local/lib/python3.8/site-packages/airflow/example_dags/example_xcomargs.py
[2024-05-13T15:38:40.924+0000] {logging_mixin.py:188} INFO - [2024-05-13T15:38:40.924+0000] {dag.py:3047} INFO - Sync 2 DAGs
[2024-05-13T15:38:40.935+0000] {logging_mixin.py:188} INFO - [2024-05-13T15:38:40.934+0000] {dag.py:3834} INFO - Setting next_dagrun for example_xcom_args to None, run_after=None
[2024-05-13T15:38:40.942+0000] {logging_mixin.py:188} INFO - [2024-05-13T15:38:40.941+0000] {dag.py:3834} INFO - Setting next_dagrun for example_xcom_args_with_operators to None, run_after=None
[2024-05-13T15:38:40.960+0000] {processor.py:183} INFO - Processing /home/airflow/.local/lib/python3.8/site-packages/airflow/example_dags/example_xcomargs.py took 0.075 seconds
[2024-05-13T15:39:11.912+0000] {processor.py:161} INFO - Started process (PID=3277) to work on /home/airflow/.local/lib/python3.8/site-packages/airflow/example_dags/example_xcomargs.py
[2024-05-13T15:39:11.913+0000] {processor.py:830} INFO - Processing file /home/airflow/.local/lib/python3.8/site-packages/airflow/example_dags/example_xcomargs.py for tasks to queue
[2024-05-13T15:39:11.915+0000] {logging_mixin.py:188} INFO - [2024-05-13T15:39:11.915+0000] {dagbag.py:540} INFO - Filling up the DagBag from /home/airflow/.local/lib/python3.8/site-packages/airflow/example_dags/example_xcomargs.py
[2024-05-13T15:39:11.926+0000] {processor.py:840} INFO - DAG(s) 'example_xcom_args', 'example_xcom_args_with_operators' retrieved from /home/airflow/.local/lib/python3.8/site-packages/airflow/example_dags/example_xcomargs.py
[2024-05-13T15:39:11.960+0000] {logging_mixin.py:188} INFO - [2024-05-13T15:39:11.959+0000] {dag.py:3047} INFO - Sync 2 DAGs
[2024-05-13T15:39:11.975+0000] {logging_mixin.py:188} INFO - [2024-05-13T15:39:11.975+0000] {dag.py:3834} INFO - Setting next_dagrun for example_xcom_args to None, run_after=None
[2024-05-13T15:39:11.979+0000] {logging_mixin.py:188} INFO - [2024-05-13T15:39:11.978+0000] {dag.py:3834} INFO - Setting next_dagrun for example_xcom_args_with_operators to None, run_after=None
[2024-05-13T15:39:11.998+0000] {processor.py:183} INFO - Processing /home/airflow/.local/lib/python3.8/site-packages/airflow/example_dags/example_xcomargs.py took 0.091 seconds
[2024-05-13T15:39:42.368+0000] {processor.py:161} INFO - Started process (PID=3345) to work on /home/airflow/.local/lib/python3.8/site-packages/airflow/example_dags/example_xcomargs.py
[2024-05-13T15:39:42.369+0000] {processor.py:830} INFO - Processing file /home/airflow/.local/lib/python3.8/site-packages/airflow/example_dags/example_xcomargs.py for tasks to queue
[2024-05-13T15:39:42.371+0000] {logging_mixin.py:188} INFO - [2024-05-13T15:39:42.371+0000] {dagbag.py:540} INFO - Filling up the DagBag from /home/airflow/.local/lib/python3.8/site-packages/airflow/example_dags/example_xcomargs.py
[2024-05-13T15:39:42.379+0000] {processor.py:840} INFO - DAG(s) 'example_xcom_args_with_operators', 'example_xcom_args' retrieved from /home/airflow/.local/lib/python3.8/site-packages/airflow/example_dags/example_xcomargs.py
[2024-05-13T15:39:42.401+0000] {logging_mixin.py:188} INFO - [2024-05-13T15:39:42.401+0000] {dag.py:3047} INFO - Sync 2 DAGs
[2024-05-13T15:39:42.413+0000] {logging_mixin.py:188} INFO - [2024-05-13T15:39:42.412+0000] {dag.py:3834} INFO - Setting next_dagrun for example_xcom_args to None, run_after=None
[2024-05-13T15:39:42.416+0000] {logging_mixin.py:188} INFO - [2024-05-13T15:39:42.416+0000] {dag.py:3834} INFO - Setting next_dagrun for example_xcom_args_with_operators to None, run_after=None
[2024-05-13T15:39:42.545+0000] {processor.py:183} INFO - Processing /home/airflow/.local/lib/python3.8/site-packages/airflow/example_dags/example_xcomargs.py took 0.180 seconds
[2024-05-13T15:40:13.170+0000] {processor.py:161} INFO - Started process (PID=3413) to work on /home/airflow/.local/lib/python3.8/site-packages/airflow/example_dags/example_xcomargs.py
[2024-05-13T15:40:13.171+0000] {processor.py:830} INFO - Processing file /home/airflow/.local/lib/python3.8/site-packages/airflow/example_dags/example_xcomargs.py for tasks to queue
[2024-05-13T15:40:13.173+0000] {logging_mixin.py:188} INFO - [2024-05-13T15:40:13.173+0000] {dagbag.py:540} INFO - Filling up the DagBag from /home/airflow/.local/lib/python3.8/site-packages/airflow/example_dags/example_xcomargs.py
[2024-05-13T15:40:13.184+0000] {processor.py:840} INFO - DAG(s) 'example_xcom_args_with_operators', 'example_xcom_args' retrieved from /home/airflow/.local/lib/python3.8/site-packages/airflow/example_dags/example_xcomargs.py
[2024-05-13T15:40:13.210+0000] {logging_mixin.py:188} INFO - [2024-05-13T15:40:13.209+0000] {dag.py:3047} INFO - Sync 2 DAGs
[2024-05-13T15:40:13.223+0000] {logging_mixin.py:188} INFO - [2024-05-13T15:40:13.223+0000] {dag.py:3834} INFO - Setting next_dagrun for example_xcom_args to None, run_after=None
[2024-05-13T15:40:13.227+0000] {logging_mixin.py:188} INFO - [2024-05-13T15:40:13.227+0000] {dag.py:3834} INFO - Setting next_dagrun for example_xcom_args_with_operators to None, run_after=None
[2024-05-13T15:40:13.242+0000] {processor.py:183} INFO - Processing /home/airflow/.local/lib/python3.8/site-packages/airflow/example_dags/example_xcomargs.py took 0.075 seconds
[2024-05-13T15:40:44.231+0000] {processor.py:161} INFO - Started process (PID=3481) to work on /home/airflow/.local/lib/python3.8/site-packages/airflow/example_dags/example_xcomargs.py
[2024-05-13T15:40:44.232+0000] {processor.py:830} INFO - Processing file /home/airflow/.local/lib/python3.8/site-packages/airflow/example_dags/example_xcomargs.py for tasks to queue
[2024-05-13T15:40:44.235+0000] {logging_mixin.py:188} INFO - [2024-05-13T15:40:44.234+0000] {dagbag.py:540} INFO - Filling up the DagBag from /home/airflow/.local/lib/python3.8/site-packages/airflow/example_dags/example_xcomargs.py
[2024-05-13T15:40:44.243+0000] {processor.py:840} INFO - DAG(s) 'example_xcom_args_with_operators', 'example_xcom_args' retrieved from /home/airflow/.local/lib/python3.8/site-packages/airflow/example_dags/example_xcomargs.py
[2024-05-13T15:40:44.270+0000] {logging_mixin.py:188} INFO - [2024-05-13T15:40:44.270+0000] {dag.py:3047} INFO - Sync 2 DAGs
[2024-05-13T15:40:44.283+0000] {logging_mixin.py:188} INFO - [2024-05-13T15:40:44.283+0000] {dag.py:3834} INFO - Setting next_dagrun for example_xcom_args to None, run_after=None
[2024-05-13T15:40:44.289+0000] {logging_mixin.py:188} INFO - [2024-05-13T15:40:44.289+0000] {dag.py:3834} INFO - Setting next_dagrun for example_xcom_args_with_operators to None, run_after=None
[2024-05-13T15:40:44.321+0000] {processor.py:183} INFO - Processing /home/airflow/.local/lib/python3.8/site-packages/airflow/example_dags/example_xcomargs.py took 0.095 seconds
[2024-05-13T15:41:14.458+0000] {processor.py:161} INFO - Started process (PID=3548) to work on /home/airflow/.local/lib/python3.8/site-packages/airflow/example_dags/example_xcomargs.py
[2024-05-13T15:41:14.459+0000] {processor.py:830} INFO - Processing file /home/airflow/.local/lib/python3.8/site-packages/airflow/example_dags/example_xcomargs.py for tasks to queue
[2024-05-13T15:41:14.462+0000] {logging_mixin.py:188} INFO - [2024-05-13T15:41:14.461+0000] {dagbag.py:540} INFO - Filling up the DagBag from /home/airflow/.local/lib/python3.8/site-packages/airflow/example_dags/example_xcomargs.py
[2024-05-13T15:41:14.471+0000] {processor.py:840} INFO - DAG(s) 'example_xcom_args_with_operators', 'example_xcom_args' retrieved from /home/airflow/.local/lib/python3.8/site-packages/airflow/example_dags/example_xcomargs.py
[2024-05-13T15:41:14.495+0000] {logging_mixin.py:188} INFO - [2024-05-13T15:41:14.495+0000] {dag.py:3047} INFO - Sync 2 DAGs
[2024-05-13T15:41:14.509+0000] {logging_mixin.py:188} INFO - [2024-05-13T15:41:14.509+0000] {dag.py:3834} INFO - Setting next_dagrun for example_xcom_args to None, run_after=None
[2024-05-13T15:41:14.514+0000] {logging_mixin.py:188} INFO - [2024-05-13T15:41:14.513+0000] {dag.py:3834} INFO - Setting next_dagrun for example_xcom_args_with_operators to None, run_after=None
[2024-05-13T15:41:14.532+0000] {processor.py:183} INFO - Processing /home/airflow/.local/lib/python3.8/site-packages/airflow/example_dags/example_xcomargs.py took 0.077 seconds
[2024-05-13T15:41:45.097+0000] {processor.py:161} INFO - Started process (PID=3617) to work on /home/airflow/.local/lib/python3.8/site-packages/airflow/example_dags/example_xcomargs.py
[2024-05-13T15:41:45.098+0000] {processor.py:830} INFO - Processing file /home/airflow/.local/lib/python3.8/site-packages/airflow/example_dags/example_xcomargs.py for tasks to queue
[2024-05-13T15:41:45.100+0000] {logging_mixin.py:188} INFO - [2024-05-13T15:41:45.099+0000] {dagbag.py:540} INFO - Filling up the DagBag from /home/airflow/.local/lib/python3.8/site-packages/airflow/example_dags/example_xcomargs.py
[2024-05-13T15:41:45.108+0000] {processor.py:840} INFO - DAG(s) 'example_xcom_args_with_operators', 'example_xcom_args' retrieved from /home/airflow/.local/lib/python3.8/site-packages/airflow/example_dags/example_xcomargs.py
[2024-05-13T15:41:45.131+0000] {logging_mixin.py:188} INFO - [2024-05-13T15:41:45.131+0000] {dag.py:3047} INFO - Sync 2 DAGs
[2024-05-13T15:41:45.143+0000] {logging_mixin.py:188} INFO - [2024-05-13T15:41:45.143+0000] {dag.py:3834} INFO - Setting next_dagrun for example_xcom_args to None, run_after=None
[2024-05-13T15:41:45.147+0000] {logging_mixin.py:188} INFO - [2024-05-13T15:41:45.147+0000] {dag.py:3834} INFO - Setting next_dagrun for example_xcom_args_with_operators to None, run_after=None
[2024-05-13T15:41:45.164+0000] {processor.py:183} INFO - Processing /home/airflow/.local/lib/python3.8/site-packages/airflow/example_dags/example_xcomargs.py took 0.070 seconds
[2024-05-13T15:42:15.695+0000] {processor.py:161} INFO - Started process (PID=3685) to work on /home/airflow/.local/lib/python3.8/site-packages/airflow/example_dags/example_xcomargs.py
[2024-05-13T15:42:15.697+0000] {processor.py:830} INFO - Processing file /home/airflow/.local/lib/python3.8/site-packages/airflow/example_dags/example_xcomargs.py for tasks to queue
[2024-05-13T15:42:15.698+0000] {logging_mixin.py:188} INFO - [2024-05-13T15:42:15.698+0000] {dagbag.py:540} INFO - Filling up the DagBag from /home/airflow/.local/lib/python3.8/site-packages/airflow/example_dags/example_xcomargs.py
[2024-05-13T15:42:15.707+0000] {processor.py:840} INFO - DAG(s) 'example_xcom_args', 'example_xcom_args_with_operators' retrieved from /home/airflow/.local/lib/python3.8/site-packages/airflow/example_dags/example_xcomargs.py
[2024-05-13T15:42:15.841+0000] {logging_mixin.py:188} INFO - [2024-05-13T15:42:15.841+0000] {dag.py:3047} INFO - Sync 2 DAGs
[2024-05-13T15:42:15.850+0000] {logging_mixin.py:188} INFO - [2024-05-13T15:42:15.850+0000] {dag.py:3834} INFO - Setting next_dagrun for example_xcom_args to None, run_after=None
[2024-05-13T15:42:15.854+0000] {logging_mixin.py:188} INFO - [2024-05-13T15:42:15.854+0000] {dag.py:3834} INFO - Setting next_dagrun for example_xcom_args_with_operators to None, run_after=None
[2024-05-13T15:42:15.881+0000] {processor.py:183} INFO - Processing /home/airflow/.local/lib/python3.8/site-packages/airflow/example_dags/example_xcomargs.py took 0.189 seconds
[2024-05-13T15:42:45.993+0000] {processor.py:161} INFO - Started process (PID=3753) to work on /home/airflow/.local/lib/python3.8/site-packages/airflow/example_dags/example_xcomargs.py
[2024-05-13T15:42:45.994+0000] {processor.py:830} INFO - Processing file /home/airflow/.local/lib/python3.8/site-packages/airflow/example_dags/example_xcomargs.py for tasks to queue
[2024-05-13T15:42:45.996+0000] {logging_mixin.py:188} INFO - [2024-05-13T15:42:45.996+0000] {dagbag.py:540} INFO - Filling up the DagBag from /home/airflow/.local/lib/python3.8/site-packages/airflow/example_dags/example_xcomargs.py
[2024-05-13T15:42:46.003+0000] {processor.py:840} INFO - DAG(s) 'example_xcom_args', 'example_xcom_args_with_operators' retrieved from /home/airflow/.local/lib/python3.8/site-packages/airflow/example_dags/example_xcomargs.py
[2024-05-13T15:42:46.030+0000] {logging_mixin.py:188} INFO - [2024-05-13T15:42:46.030+0000] {dag.py:3047} INFO - Sync 2 DAGs
[2024-05-13T15:42:46.042+0000] {logging_mixin.py:188} INFO - [2024-05-13T15:42:46.042+0000] {dag.py:3834} INFO - Setting next_dagrun for example_xcom_args to None, run_after=None
[2024-05-13T15:42:46.046+0000] {logging_mixin.py:188} INFO - [2024-05-13T15:42:46.046+0000] {dag.py:3834} INFO - Setting next_dagrun for example_xcom_args_with_operators to None, run_after=None
[2024-05-13T15:42:46.067+0000] {processor.py:183} INFO - Processing /home/airflow/.local/lib/python3.8/site-packages/airflow/example_dags/example_xcomargs.py took 0.077 seconds
[2024-05-13T15:43:16.933+0000] {processor.py:161} INFO - Started process (PID=3827) to work on /home/airflow/.local/lib/python3.8/site-packages/airflow/example_dags/example_xcomargs.py
[2024-05-13T15:43:16.935+0000] {processor.py:830} INFO - Processing file /home/airflow/.local/lib/python3.8/site-packages/airflow/example_dags/example_xcomargs.py for tasks to queue
[2024-05-13T15:43:16.938+0000] {logging_mixin.py:188} INFO - [2024-05-13T15:43:16.937+0000] {dagbag.py:540} INFO - Filling up the DagBag from /home/airflow/.local/lib/python3.8/site-packages/airflow/example_dags/example_xcomargs.py
[2024-05-13T15:43:16.950+0000] {processor.py:840} INFO - DAG(s) 'example_xcom_args', 'example_xcom_args_with_operators' retrieved from /home/airflow/.local/lib/python3.8/site-packages/airflow/example_dags/example_xcomargs.py
[2024-05-13T15:43:16.981+0000] {logging_mixin.py:188} INFO - [2024-05-13T15:43:16.981+0000] {dag.py:3047} INFO - Sync 2 DAGs
[2024-05-13T15:43:16.994+0000] {logging_mixin.py:188} INFO - [2024-05-13T15:43:16.994+0000] {dag.py:3834} INFO - Setting next_dagrun for example_xcom_args to None, run_after=None
[2024-05-13T15:43:16.998+0000] {logging_mixin.py:188} INFO - [2024-05-13T15:43:16.998+0000] {dag.py:3834} INFO - Setting next_dagrun for example_xcom_args_with_operators to None, run_after=None
[2024-05-13T15:43:17.019+0000] {processor.py:183} INFO - Processing /home/airflow/.local/lib/python3.8/site-packages/airflow/example_dags/example_xcomargs.py took 0.089 seconds
[2024-05-13T15:43:47.469+0000] {processor.py:161} INFO - Started process (PID=3895) to work on /home/airflow/.local/lib/python3.8/site-packages/airflow/example_dags/example_xcomargs.py
[2024-05-13T15:43:47.470+0000] {processor.py:830} INFO - Processing file /home/airflow/.local/lib/python3.8/site-packages/airflow/example_dags/example_xcomargs.py for tasks to queue
[2024-05-13T15:43:47.473+0000] {logging_mixin.py:188} INFO - [2024-05-13T15:43:47.472+0000] {dagbag.py:540} INFO - Filling up the DagBag from /home/airflow/.local/lib/python3.8/site-packages/airflow/example_dags/example_xcomargs.py
[2024-05-13T15:43:47.483+0000] {processor.py:840} INFO - DAG(s) 'example_xcom_args_with_operators', 'example_xcom_args' retrieved from /home/airflow/.local/lib/python3.8/site-packages/airflow/example_dags/example_xcomargs.py
[2024-05-13T15:43:47.507+0000] {logging_mixin.py:188} INFO - [2024-05-13T15:43:47.506+0000] {dag.py:3047} INFO - Sync 2 DAGs
[2024-05-13T15:43:47.520+0000] {logging_mixin.py:188} INFO - [2024-05-13T15:43:47.520+0000] {dag.py:3834} INFO - Setting next_dagrun for example_xcom_args to None, run_after=None
[2024-05-13T15:43:47.524+0000] {logging_mixin.py:188} INFO - [2024-05-13T15:43:47.524+0000] {dag.py:3834} INFO - Setting next_dagrun for example_xcom_args_with_operators to None, run_after=None
[2024-05-13T15:43:47.543+0000] {processor.py:183} INFO - Processing /home/airflow/.local/lib/python3.8/site-packages/airflow/example_dags/example_xcomargs.py took 0.076 seconds
[2024-05-13T15:44:17.795+0000] {processor.py:161} INFO - Started process (PID=3963) to work on /home/airflow/.local/lib/python3.8/site-packages/airflow/example_dags/example_xcomargs.py
[2024-05-13T15:44:17.796+0000] {processor.py:830} INFO - Processing file /home/airflow/.local/lib/python3.8/site-packages/airflow/example_dags/example_xcomargs.py for tasks to queue
[2024-05-13T15:44:17.798+0000] {logging_mixin.py:188} INFO - [2024-05-13T15:44:17.798+0000] {dagbag.py:540} INFO - Filling up the DagBag from /home/airflow/.local/lib/python3.8/site-packages/airflow/example_dags/example_xcomargs.py
[2024-05-13T15:44:17.808+0000] {processor.py:840} INFO - DAG(s) 'example_xcom_args_with_operators', 'example_xcom_args' retrieved from /home/airflow/.local/lib/python3.8/site-packages/airflow/example_dags/example_xcomargs.py
[2024-05-13T15:44:17.834+0000] {logging_mixin.py:188} INFO - [2024-05-13T15:44:17.834+0000] {dag.py:3047} INFO - Sync 2 DAGs
[2024-05-13T15:44:17.845+0000] {logging_mixin.py:188} INFO - [2024-05-13T15:44:17.845+0000] {dag.py:3834} INFO - Setting next_dagrun for example_xcom_args to None, run_after=None
[2024-05-13T15:44:17.849+0000] {logging_mixin.py:188} INFO - [2024-05-13T15:44:17.849+0000] {dag.py:3834} INFO - Setting next_dagrun for example_xcom_args_with_operators to None, run_after=None
[2024-05-13T15:44:17.869+0000] {processor.py:183} INFO - Processing /home/airflow/.local/lib/python3.8/site-packages/airflow/example_dags/example_xcomargs.py took 0.077 seconds
