[2024-05-13T15:15:16.475+0000] {processor.py:161} INFO - Started process (PID=80) to work on /home/airflow/.local/lib/python3.8/site-packages/airflow/example_dags/example_branch_operator.py
[2024-05-13T15:15:16.477+0000] {processor.py:830} INFO - Processing file /home/airflow/.local/lib/python3.8/site-packages/airflow/example_dags/example_branch_operator.py for tasks to queue
[2024-05-13T15:15:16.479+0000] {logging_mixin.py:188} INFO - [2024-05-13T15:15:16.478+0000] {dagbag.py:540} INFO - Filling up the DagBag from /home/airflow/.local/lib/python3.8/site-packages/airflow/example_dags/example_branch_operator.py
[2024-05-13T15:15:16.512+0000] {processor.py:840} INFO - DAG(s) 'example_branch_operator' retrieved from /home/airflow/.local/lib/python3.8/site-packages/airflow/example_dags/example_branch_operator.py
[2024-05-13T15:15:16.647+0000] {logging_mixin.py:188} INFO - [2024-05-13T15:15:16.645+0000] {override.py:1769} INFO - Created Permission View: can delete on DAG:example_branch_operator
[2024-05-13T15:15:16.658+0000] {logging_mixin.py:188} INFO - [2024-05-13T15:15:16.658+0000] {override.py:1769} INFO - Created Permission View: can edit on DAG:example_branch_operator
[2024-05-13T15:15:16.666+0000] {logging_mixin.py:188} INFO - [2024-05-13T15:15:16.666+0000] {override.py:1769} INFO - Created Permission View: can read on DAG:example_branch_operator
[2024-05-13T15:15:16.667+0000] {logging_mixin.py:188} INFO - [2024-05-13T15:15:16.667+0000] {dag.py:3047} INFO - Sync 1 DAGs
[2024-05-13T15:15:16.680+0000] {logging_mixin.py:188} INFO - [2024-05-13T15:15:16.680+0000] {dag.py:3069} INFO - Creating ORM DAG for example_branch_operator
[2024-05-13T15:15:16.694+0000] {logging_mixin.py:188} INFO - [2024-05-13T15:15:16.693+0000] {dag.py:3834} INFO - Setting next_dagrun for example_branch_operator to 2024-05-12 00:00:00+00:00, run_after=2024-05-13 00:00:00+00:00
[2024-05-13T15:15:16.716+0000] {processor.py:183} INFO - Processing /home/airflow/.local/lib/python3.8/site-packages/airflow/example_dags/example_branch_operator.py took 0.244 seconds
[2024-05-13T15:15:47.543+0000] {processor.py:161} INFO - Started process (PID=136) to work on /home/airflow/.local/lib/python3.8/site-packages/airflow/example_dags/example_branch_operator.py
[2024-05-13T15:15:47.544+0000] {processor.py:830} INFO - Processing file /home/airflow/.local/lib/python3.8/site-packages/airflow/example_dags/example_branch_operator.py for tasks to queue
[2024-05-13T15:15:47.546+0000] {logging_mixin.py:188} INFO - [2024-05-13T15:15:47.546+0000] {dagbag.py:540} INFO - Filling up the DagBag from /home/airflow/.local/lib/python3.8/site-packages/airflow/example_dags/example_branch_operator.py
[2024-05-13T15:15:47.571+0000] {processor.py:840} INFO - DAG(s) 'example_branch_operator' retrieved from /home/airflow/.local/lib/python3.8/site-packages/airflow/example_dags/example_branch_operator.py
[2024-05-13T15:15:47.603+0000] {logging_mixin.py:188} INFO - [2024-05-13T15:15:47.603+0000] {dag.py:3047} INFO - Sync 1 DAGs
[2024-05-13T15:15:47.633+0000] {logging_mixin.py:188} INFO - [2024-05-13T15:15:47.632+0000] {dag.py:3834} INFO - Setting next_dagrun for example_branch_operator to 2024-05-12 00:00:00+00:00, run_after=2024-05-13 00:00:00+00:00
[2024-05-13T15:15:47.655+0000] {processor.py:183} INFO - Processing /home/airflow/.local/lib/python3.8/site-packages/airflow/example_dags/example_branch_operator.py took 0.115 seconds
[2024-05-13T15:16:18.071+0000] {processor.py:161} INFO - Started process (PID=204) to work on /home/airflow/.local/lib/python3.8/site-packages/airflow/example_dags/example_branch_operator.py
[2024-05-13T15:16:18.072+0000] {processor.py:830} INFO - Processing file /home/airflow/.local/lib/python3.8/site-packages/airflow/example_dags/example_branch_operator.py for tasks to queue
[2024-05-13T15:16:18.079+0000] {logging_mixin.py:188} INFO - [2024-05-13T15:16:18.078+0000] {dagbag.py:540} INFO - Filling up the DagBag from /home/airflow/.local/lib/python3.8/site-packages/airflow/example_dags/example_branch_operator.py
[2024-05-13T15:16:18.098+0000] {processor.py:840} INFO - DAG(s) 'example_branch_operator' retrieved from /home/airflow/.local/lib/python3.8/site-packages/airflow/example_dags/example_branch_operator.py
[2024-05-13T15:16:18.125+0000] {logging_mixin.py:188} INFO - [2024-05-13T15:16:18.125+0000] {dag.py:3047} INFO - Sync 1 DAGs
[2024-05-13T15:16:18.149+0000] {logging_mixin.py:188} INFO - [2024-05-13T15:16:18.148+0000] {dag.py:3834} INFO - Setting next_dagrun for example_branch_operator to 2024-05-12 00:00:00+00:00, run_after=2024-05-13 00:00:00+00:00
[2024-05-13T15:16:18.172+0000] {processor.py:183} INFO - Processing /home/airflow/.local/lib/python3.8/site-packages/airflow/example_dags/example_branch_operator.py took 0.104 seconds
[2024-05-13T15:16:48.531+0000] {processor.py:161} INFO - Started process (PID=272) to work on /home/airflow/.local/lib/python3.8/site-packages/airflow/example_dags/example_branch_operator.py
[2024-05-13T15:16:48.532+0000] {processor.py:830} INFO - Processing file /home/airflow/.local/lib/python3.8/site-packages/airflow/example_dags/example_branch_operator.py for tasks to queue
[2024-05-13T15:16:48.534+0000] {logging_mixin.py:188} INFO - [2024-05-13T15:16:48.534+0000] {dagbag.py:540} INFO - Filling up the DagBag from /home/airflow/.local/lib/python3.8/site-packages/airflow/example_dags/example_branch_operator.py
[2024-05-13T15:16:48.550+0000] {processor.py:840} INFO - DAG(s) 'example_branch_operator' retrieved from /home/airflow/.local/lib/python3.8/site-packages/airflow/example_dags/example_branch_operator.py
[2024-05-13T15:16:48.574+0000] {logging_mixin.py:188} INFO - [2024-05-13T15:16:48.573+0000] {dag.py:3047} INFO - Sync 1 DAGs
[2024-05-13T15:16:48.595+0000] {logging_mixin.py:188} INFO - [2024-05-13T15:16:48.595+0000] {dag.py:3834} INFO - Setting next_dagrun for example_branch_operator to 2024-05-12 00:00:00+00:00, run_after=2024-05-13 00:00:00+00:00
[2024-05-13T15:16:48.614+0000] {processor.py:183} INFO - Processing /home/airflow/.local/lib/python3.8/site-packages/airflow/example_dags/example_branch_operator.py took 0.086 seconds
[2024-05-13T15:17:18.731+0000] {processor.py:161} INFO - Started process (PID=340) to work on /home/airflow/.local/lib/python3.8/site-packages/airflow/example_dags/example_branch_operator.py
[2024-05-13T15:17:18.732+0000] {processor.py:830} INFO - Processing file /home/airflow/.local/lib/python3.8/site-packages/airflow/example_dags/example_branch_operator.py for tasks to queue
[2024-05-13T15:17:18.734+0000] {logging_mixin.py:188} INFO - [2024-05-13T15:17:18.734+0000] {dagbag.py:540} INFO - Filling up the DagBag from /home/airflow/.local/lib/python3.8/site-packages/airflow/example_dags/example_branch_operator.py
[2024-05-13T15:17:18.750+0000] {processor.py:840} INFO - DAG(s) 'example_branch_operator' retrieved from /home/airflow/.local/lib/python3.8/site-packages/airflow/example_dags/example_branch_operator.py
[2024-05-13T15:17:18.783+0000] {logging_mixin.py:188} INFO - [2024-05-13T15:17:18.782+0000] {dag.py:3047} INFO - Sync 1 DAGs
[2024-05-13T15:17:18.810+0000] {logging_mixin.py:188} INFO - [2024-05-13T15:17:18.810+0000] {dag.py:3834} INFO - Setting next_dagrun for example_branch_operator to 2024-05-12 00:00:00+00:00, run_after=2024-05-13 00:00:00+00:00
[2024-05-13T15:17:18.835+0000] {processor.py:183} INFO - Processing /home/airflow/.local/lib/python3.8/site-packages/airflow/example_dags/example_branch_operator.py took 0.109 seconds
[2024-05-13T15:17:48.871+0000] {processor.py:161} INFO - Started process (PID=408) to work on /home/airflow/.local/lib/python3.8/site-packages/airflow/example_dags/example_branch_operator.py
[2024-05-13T15:17:48.873+0000] {processor.py:830} INFO - Processing file /home/airflow/.local/lib/python3.8/site-packages/airflow/example_dags/example_branch_operator.py for tasks to queue
[2024-05-13T15:17:48.875+0000] {logging_mixin.py:188} INFO - [2024-05-13T15:17:48.874+0000] {dagbag.py:540} INFO - Filling up the DagBag from /home/airflow/.local/lib/python3.8/site-packages/airflow/example_dags/example_branch_operator.py
[2024-05-13T15:17:48.890+0000] {processor.py:840} INFO - DAG(s) 'example_branch_operator' retrieved from /home/airflow/.local/lib/python3.8/site-packages/airflow/example_dags/example_branch_operator.py
[2024-05-13T15:17:48.917+0000] {logging_mixin.py:188} INFO - [2024-05-13T15:17:48.917+0000] {dag.py:3047} INFO - Sync 1 DAGs
[2024-05-13T15:17:48.938+0000] {logging_mixin.py:188} INFO - [2024-05-13T15:17:48.938+0000] {dag.py:3834} INFO - Setting next_dagrun for example_branch_operator to 2024-05-12 00:00:00+00:00, run_after=2024-05-13 00:00:00+00:00
[2024-05-13T15:17:48.959+0000] {processor.py:183} INFO - Processing /home/airflow/.local/lib/python3.8/site-packages/airflow/example_dags/example_branch_operator.py took 0.091 seconds
[2024-05-13T15:18:19.321+0000] {processor.py:161} INFO - Started process (PID=476) to work on /home/airflow/.local/lib/python3.8/site-packages/airflow/example_dags/example_branch_operator.py
[2024-05-13T15:18:19.322+0000] {processor.py:830} INFO - Processing file /home/airflow/.local/lib/python3.8/site-packages/airflow/example_dags/example_branch_operator.py for tasks to queue
[2024-05-13T15:18:19.324+0000] {logging_mixin.py:188} INFO - [2024-05-13T15:18:19.324+0000] {dagbag.py:540} INFO - Filling up the DagBag from /home/airflow/.local/lib/python3.8/site-packages/airflow/example_dags/example_branch_operator.py
[2024-05-13T15:18:19.338+0000] {processor.py:840} INFO - DAG(s) 'example_branch_operator' retrieved from /home/airflow/.local/lib/python3.8/site-packages/airflow/example_dags/example_branch_operator.py
[2024-05-13T15:18:19.364+0000] {logging_mixin.py:188} INFO - [2024-05-13T15:18:19.363+0000] {dag.py:3047} INFO - Sync 1 DAGs
[2024-05-13T15:18:19.384+0000] {logging_mixin.py:188} INFO - [2024-05-13T15:18:19.384+0000] {dag.py:3834} INFO - Setting next_dagrun for example_branch_operator to 2024-05-12 00:00:00+00:00, run_after=2024-05-13 00:00:00+00:00
[2024-05-13T15:18:19.403+0000] {processor.py:183} INFO - Processing /home/airflow/.local/lib/python3.8/site-packages/airflow/example_dags/example_branch_operator.py took 0.086 seconds
[2024-05-13T15:18:49.694+0000] {processor.py:161} INFO - Started process (PID=544) to work on /home/airflow/.local/lib/python3.8/site-packages/airflow/example_dags/example_branch_operator.py
[2024-05-13T15:18:49.695+0000] {processor.py:830} INFO - Processing file /home/airflow/.local/lib/python3.8/site-packages/airflow/example_dags/example_branch_operator.py for tasks to queue
[2024-05-13T15:18:49.696+0000] {logging_mixin.py:188} INFO - [2024-05-13T15:18:49.696+0000] {dagbag.py:540} INFO - Filling up the DagBag from /home/airflow/.local/lib/python3.8/site-packages/airflow/example_dags/example_branch_operator.py
[2024-05-13T15:18:49.711+0000] {processor.py:840} INFO - DAG(s) 'example_branch_operator' retrieved from /home/airflow/.local/lib/python3.8/site-packages/airflow/example_dags/example_branch_operator.py
[2024-05-13T15:18:49.737+0000] {logging_mixin.py:188} INFO - [2024-05-13T15:18:49.736+0000] {dag.py:3047} INFO - Sync 1 DAGs
[2024-05-13T15:18:49.758+0000] {logging_mixin.py:188} INFO - [2024-05-13T15:18:49.758+0000] {dag.py:3834} INFO - Setting next_dagrun for example_branch_operator to 2024-05-12 00:00:00+00:00, run_after=2024-05-13 00:00:00+00:00
[2024-05-13T15:18:49.778+0000] {processor.py:183} INFO - Processing /home/airflow/.local/lib/python3.8/site-packages/airflow/example_dags/example_branch_operator.py took 0.087 seconds
[2024-05-13T15:19:19.841+0000] {processor.py:161} INFO - Started process (PID=612) to work on /home/airflow/.local/lib/python3.8/site-packages/airflow/example_dags/example_branch_operator.py
[2024-05-13T15:19:19.842+0000] {processor.py:830} INFO - Processing file /home/airflow/.local/lib/python3.8/site-packages/airflow/example_dags/example_branch_operator.py for tasks to queue
[2024-05-13T15:19:19.844+0000] {logging_mixin.py:188} INFO - [2024-05-13T15:19:19.844+0000] {dagbag.py:540} INFO - Filling up the DagBag from /home/airflow/.local/lib/python3.8/site-packages/airflow/example_dags/example_branch_operator.py
[2024-05-13T15:19:19.858+0000] {processor.py:840} INFO - DAG(s) 'example_branch_operator' retrieved from /home/airflow/.local/lib/python3.8/site-packages/airflow/example_dags/example_branch_operator.py
[2024-05-13T15:19:19.884+0000] {logging_mixin.py:188} INFO - [2024-05-13T15:19:19.884+0000] {dag.py:3047} INFO - Sync 1 DAGs
[2024-05-13T15:19:19.905+0000] {logging_mixin.py:188} INFO - [2024-05-13T15:19:19.905+0000] {dag.py:3834} INFO - Setting next_dagrun for example_branch_operator to 2024-05-12 00:00:00+00:00, run_after=2024-05-13 00:00:00+00:00
[2024-05-13T15:19:19.923+0000] {processor.py:183} INFO - Processing /home/airflow/.local/lib/python3.8/site-packages/airflow/example_dags/example_branch_operator.py took 0.085 seconds
[2024-05-13T15:19:49.999+0000] {processor.py:161} INFO - Started process (PID=680) to work on /home/airflow/.local/lib/python3.8/site-packages/airflow/example_dags/example_branch_operator.py
[2024-05-13T15:19:50.000+0000] {processor.py:830} INFO - Processing file /home/airflow/.local/lib/python3.8/site-packages/airflow/example_dags/example_branch_operator.py for tasks to queue
[2024-05-13T15:19:50.001+0000] {logging_mixin.py:188} INFO - [2024-05-13T15:19:50.001+0000] {dagbag.py:540} INFO - Filling up the DagBag from /home/airflow/.local/lib/python3.8/site-packages/airflow/example_dags/example_branch_operator.py
[2024-05-13T15:19:50.015+0000] {processor.py:840} INFO - DAG(s) 'example_branch_operator' retrieved from /home/airflow/.local/lib/python3.8/site-packages/airflow/example_dags/example_branch_operator.py
[2024-05-13T15:19:50.042+0000] {logging_mixin.py:188} INFO - [2024-05-13T15:19:50.041+0000] {dag.py:3047} INFO - Sync 1 DAGs
[2024-05-13T15:19:50.062+0000] {logging_mixin.py:188} INFO - [2024-05-13T15:19:50.062+0000] {dag.py:3834} INFO - Setting next_dagrun for example_branch_operator to 2024-05-12 00:00:00+00:00, run_after=2024-05-13 00:00:00+00:00
[2024-05-13T15:19:50.081+0000] {processor.py:183} INFO - Processing /home/airflow/.local/lib/python3.8/site-packages/airflow/example_dags/example_branch_operator.py took 0.085 seconds
[2024-05-13T15:20:20.270+0000] {processor.py:161} INFO - Started process (PID=748) to work on /home/airflow/.local/lib/python3.8/site-packages/airflow/example_dags/example_branch_operator.py
[2024-05-13T15:20:20.271+0000] {processor.py:830} INFO - Processing file /home/airflow/.local/lib/python3.8/site-packages/airflow/example_dags/example_branch_operator.py for tasks to queue
[2024-05-13T15:20:20.273+0000] {logging_mixin.py:188} INFO - [2024-05-13T15:20:20.273+0000] {dagbag.py:540} INFO - Filling up the DagBag from /home/airflow/.local/lib/python3.8/site-packages/airflow/example_dags/example_branch_operator.py
[2024-05-13T15:20:20.294+0000] {processor.py:840} INFO - DAG(s) 'example_branch_operator' retrieved from /home/airflow/.local/lib/python3.8/site-packages/airflow/example_dags/example_branch_operator.py
[2024-05-13T15:20:20.322+0000] {logging_mixin.py:188} INFO - [2024-05-13T15:20:20.322+0000] {dag.py:3047} INFO - Sync 1 DAGs
[2024-05-13T15:20:20.348+0000] {logging_mixin.py:188} INFO - [2024-05-13T15:20:20.347+0000] {dag.py:3834} INFO - Setting next_dagrun for example_branch_operator to 2024-05-12 00:00:00+00:00, run_after=2024-05-13 00:00:00+00:00
[2024-05-13T15:20:20.369+0000] {processor.py:183} INFO - Processing /home/airflow/.local/lib/python3.8/site-packages/airflow/example_dags/example_branch_operator.py took 0.103 seconds
[2024-05-13T15:20:50.805+0000] {processor.py:161} INFO - Started process (PID=820) to work on /home/airflow/.local/lib/python3.8/site-packages/airflow/example_dags/example_branch_operator.py
[2024-05-13T15:20:50.807+0000] {processor.py:830} INFO - Processing file /home/airflow/.local/lib/python3.8/site-packages/airflow/example_dags/example_branch_operator.py for tasks to queue
[2024-05-13T15:20:50.809+0000] {logging_mixin.py:188} INFO - [2024-05-13T15:20:50.809+0000] {dagbag.py:540} INFO - Filling up the DagBag from /home/airflow/.local/lib/python3.8/site-packages/airflow/example_dags/example_branch_operator.py
[2024-05-13T15:20:50.824+0000] {processor.py:840} INFO - DAG(s) 'example_branch_operator' retrieved from /home/airflow/.local/lib/python3.8/site-packages/airflow/example_dags/example_branch_operator.py
[2024-05-13T15:20:50.850+0000] {logging_mixin.py:188} INFO - [2024-05-13T15:20:50.850+0000] {dag.py:3047} INFO - Sync 1 DAGs
[2024-05-13T15:20:50.874+0000] {logging_mixin.py:188} INFO - [2024-05-13T15:20:50.873+0000] {dag.py:3834} INFO - Setting next_dagrun for example_branch_operator to 2024-05-12 00:00:00+00:00, run_after=2024-05-13 00:00:00+00:00
[2024-05-13T15:20:50.893+0000] {processor.py:183} INFO - Processing /home/airflow/.local/lib/python3.8/site-packages/airflow/example_dags/example_branch_operator.py took 0.090 seconds
[2024-05-13T15:21:20.955+0000] {processor.py:161} INFO - Started process (PID=888) to work on /home/airflow/.local/lib/python3.8/site-packages/airflow/example_dags/example_branch_operator.py
[2024-05-13T15:21:20.956+0000] {processor.py:830} INFO - Processing file /home/airflow/.local/lib/python3.8/site-packages/airflow/example_dags/example_branch_operator.py for tasks to queue
[2024-05-13T15:21:20.959+0000] {logging_mixin.py:188} INFO - [2024-05-13T15:21:20.958+0000] {dagbag.py:540} INFO - Filling up the DagBag from /home/airflow/.local/lib/python3.8/site-packages/airflow/example_dags/example_branch_operator.py
[2024-05-13T15:21:20.982+0000] {processor.py:840} INFO - DAG(s) 'example_branch_operator' retrieved from /home/airflow/.local/lib/python3.8/site-packages/airflow/example_dags/example_branch_operator.py
[2024-05-13T15:21:21.008+0000] {logging_mixin.py:188} INFO - [2024-05-13T15:21:21.008+0000] {dag.py:3047} INFO - Sync 1 DAGs
[2024-05-13T15:21:21.030+0000] {logging_mixin.py:188} INFO - [2024-05-13T15:21:21.030+0000] {dag.py:3834} INFO - Setting next_dagrun for example_branch_operator to 2024-05-12 00:00:00+00:00, run_after=2024-05-13 00:00:00+00:00
[2024-05-13T15:21:21.051+0000] {processor.py:183} INFO - Processing /home/airflow/.local/lib/python3.8/site-packages/airflow/example_dags/example_branch_operator.py took 0.100 seconds
[2024-05-13T15:21:51.094+0000] {processor.py:161} INFO - Started process (PID=956) to work on /home/airflow/.local/lib/python3.8/site-packages/airflow/example_dags/example_branch_operator.py
[2024-05-13T15:21:51.095+0000] {processor.py:830} INFO - Processing file /home/airflow/.local/lib/python3.8/site-packages/airflow/example_dags/example_branch_operator.py for tasks to queue
[2024-05-13T15:21:51.098+0000] {logging_mixin.py:188} INFO - [2024-05-13T15:21:51.097+0000] {dagbag.py:540} INFO - Filling up the DagBag from /home/airflow/.local/lib/python3.8/site-packages/airflow/example_dags/example_branch_operator.py
[2024-05-13T15:21:51.118+0000] {processor.py:840} INFO - DAG(s) 'example_branch_operator' retrieved from /home/airflow/.local/lib/python3.8/site-packages/airflow/example_dags/example_branch_operator.py
[2024-05-13T15:21:51.155+0000] {logging_mixin.py:188} INFO - [2024-05-13T15:21:51.154+0000] {dag.py:3047} INFO - Sync 1 DAGs
[2024-05-13T15:21:51.187+0000] {logging_mixin.py:188} INFO - [2024-05-13T15:21:51.187+0000] {dag.py:3834} INFO - Setting next_dagrun for example_branch_operator to 2024-05-12 00:00:00+00:00, run_after=2024-05-13 00:00:00+00:00
[2024-05-13T15:21:51.212+0000] {processor.py:183} INFO - Processing /home/airflow/.local/lib/python3.8/site-packages/airflow/example_dags/example_branch_operator.py took 0.120 seconds
[2024-05-13T15:22:22.059+0000] {processor.py:161} INFO - Started process (PID=1024) to work on /home/airflow/.local/lib/python3.8/site-packages/airflow/example_dags/example_branch_operator.py
[2024-05-13T15:22:22.061+0000] {processor.py:830} INFO - Processing file /home/airflow/.local/lib/python3.8/site-packages/airflow/example_dags/example_branch_operator.py for tasks to queue
[2024-05-13T15:22:22.063+0000] {logging_mixin.py:188} INFO - [2024-05-13T15:22:22.062+0000] {dagbag.py:540} INFO - Filling up the DagBag from /home/airflow/.local/lib/python3.8/site-packages/airflow/example_dags/example_branch_operator.py
[2024-05-13T15:22:22.086+0000] {processor.py:840} INFO - DAG(s) 'example_branch_operator' retrieved from /home/airflow/.local/lib/python3.8/site-packages/airflow/example_dags/example_branch_operator.py
[2024-05-13T15:22:22.121+0000] {logging_mixin.py:188} INFO - [2024-05-13T15:22:22.121+0000] {dag.py:3047} INFO - Sync 1 DAGs
[2024-05-13T15:22:22.149+0000] {logging_mixin.py:188} INFO - [2024-05-13T15:22:22.149+0000] {dag.py:3834} INFO - Setting next_dagrun for example_branch_operator to 2024-05-12 00:00:00+00:00, run_after=2024-05-13 00:00:00+00:00
[2024-05-13T15:22:22.172+0000] {processor.py:183} INFO - Processing /home/airflow/.local/lib/python3.8/site-packages/airflow/example_dags/example_branch_operator.py took 0.118 seconds
[2024-05-13T15:22:52.290+0000] {processor.py:161} INFO - Started process (PID=1093) to work on /home/airflow/.local/lib/python3.8/site-packages/airflow/example_dags/example_branch_operator.py
[2024-05-13T15:22:52.291+0000] {processor.py:830} INFO - Processing file /home/airflow/.local/lib/python3.8/site-packages/airflow/example_dags/example_branch_operator.py for tasks to queue
[2024-05-13T15:22:52.293+0000] {logging_mixin.py:188} INFO - [2024-05-13T15:22:52.293+0000] {dagbag.py:540} INFO - Filling up the DagBag from /home/airflow/.local/lib/python3.8/site-packages/airflow/example_dags/example_branch_operator.py
[2024-05-13T15:22:52.311+0000] {processor.py:840} INFO - DAG(s) 'example_branch_operator' retrieved from /home/airflow/.local/lib/python3.8/site-packages/airflow/example_dags/example_branch_operator.py
[2024-05-13T15:22:52.343+0000] {logging_mixin.py:188} INFO - [2024-05-13T15:22:52.343+0000] {dag.py:3047} INFO - Sync 1 DAGs
[2024-05-13T15:22:52.372+0000] {logging_mixin.py:188} INFO - [2024-05-13T15:22:52.372+0000] {dag.py:3834} INFO - Setting next_dagrun for example_branch_operator to 2024-05-12 00:00:00+00:00, run_after=2024-05-13 00:00:00+00:00
[2024-05-13T15:22:52.408+0000] {processor.py:183} INFO - Processing /home/airflow/.local/lib/python3.8/site-packages/airflow/example_dags/example_branch_operator.py took 0.121 seconds
[2024-05-13T15:23:22.663+0000] {processor.py:161} INFO - Started process (PID=1161) to work on /home/airflow/.local/lib/python3.8/site-packages/airflow/example_dags/example_branch_operator.py
[2024-05-13T15:23:22.665+0000] {processor.py:830} INFO - Processing file /home/airflow/.local/lib/python3.8/site-packages/airflow/example_dags/example_branch_operator.py for tasks to queue
[2024-05-13T15:23:22.667+0000] {logging_mixin.py:188} INFO - [2024-05-13T15:23:22.666+0000] {dagbag.py:540} INFO - Filling up the DagBag from /home/airflow/.local/lib/python3.8/site-packages/airflow/example_dags/example_branch_operator.py
[2024-05-13T15:23:22.682+0000] {processor.py:840} INFO - DAG(s) 'example_branch_operator' retrieved from /home/airflow/.local/lib/python3.8/site-packages/airflow/example_dags/example_branch_operator.py
[2024-05-13T15:23:22.709+0000] {logging_mixin.py:188} INFO - [2024-05-13T15:23:22.709+0000] {dag.py:3047} INFO - Sync 1 DAGs
[2024-05-13T15:23:22.732+0000] {logging_mixin.py:188} INFO - [2024-05-13T15:23:22.732+0000] {dag.py:3834} INFO - Setting next_dagrun for example_branch_operator to 2024-05-12 00:00:00+00:00, run_after=2024-05-13 00:00:00+00:00
[2024-05-13T15:23:22.754+0000] {processor.py:183} INFO - Processing /home/airflow/.local/lib/python3.8/site-packages/airflow/example_dags/example_branch_operator.py took 0.094 seconds
[2024-05-13T15:23:52.914+0000] {processor.py:161} INFO - Started process (PID=1229) to work on /home/airflow/.local/lib/python3.8/site-packages/airflow/example_dags/example_branch_operator.py
[2024-05-13T15:23:52.915+0000] {processor.py:830} INFO - Processing file /home/airflow/.local/lib/python3.8/site-packages/airflow/example_dags/example_branch_operator.py for tasks to queue
[2024-05-13T15:23:52.917+0000] {logging_mixin.py:188} INFO - [2024-05-13T15:23:52.916+0000] {dagbag.py:540} INFO - Filling up the DagBag from /home/airflow/.local/lib/python3.8/site-packages/airflow/example_dags/example_branch_operator.py
[2024-05-13T15:23:52.932+0000] {processor.py:840} INFO - DAG(s) 'example_branch_operator' retrieved from /home/airflow/.local/lib/python3.8/site-packages/airflow/example_dags/example_branch_operator.py
[2024-05-13T15:23:52.958+0000] {logging_mixin.py:188} INFO - [2024-05-13T15:23:52.958+0000] {dag.py:3047} INFO - Sync 1 DAGs
[2024-05-13T15:23:52.980+0000] {logging_mixin.py:188} INFO - [2024-05-13T15:23:52.980+0000] {dag.py:3834} INFO - Setting next_dagrun for example_branch_operator to 2024-05-12 00:00:00+00:00, run_after=2024-05-13 00:00:00+00:00
[2024-05-13T15:23:53.002+0000] {processor.py:183} INFO - Processing /home/airflow/.local/lib/python3.8/site-packages/airflow/example_dags/example_branch_operator.py took 0.091 seconds
[2024-05-13T15:24:23.132+0000] {processor.py:161} INFO - Started process (PID=1297) to work on /home/airflow/.local/lib/python3.8/site-packages/airflow/example_dags/example_branch_operator.py
[2024-05-13T15:24:23.133+0000] {processor.py:830} INFO - Processing file /home/airflow/.local/lib/python3.8/site-packages/airflow/example_dags/example_branch_operator.py for tasks to queue
[2024-05-13T15:24:23.135+0000] {logging_mixin.py:188} INFO - [2024-05-13T15:24:23.135+0000] {dagbag.py:540} INFO - Filling up the DagBag from /home/airflow/.local/lib/python3.8/site-packages/airflow/example_dags/example_branch_operator.py
[2024-05-13T15:24:23.150+0000] {processor.py:840} INFO - DAG(s) 'example_branch_operator' retrieved from /home/airflow/.local/lib/python3.8/site-packages/airflow/example_dags/example_branch_operator.py
[2024-05-13T15:24:23.184+0000] {logging_mixin.py:188} INFO - [2024-05-13T15:24:23.183+0000] {dag.py:3047} INFO - Sync 1 DAGs
[2024-05-13T15:24:23.215+0000] {logging_mixin.py:188} INFO - [2024-05-13T15:24:23.215+0000] {dag.py:3834} INFO - Setting next_dagrun for example_branch_operator to 2024-05-12 00:00:00+00:00, run_after=2024-05-13 00:00:00+00:00
[2024-05-13T15:24:23.239+0000] {processor.py:183} INFO - Processing /home/airflow/.local/lib/python3.8/site-packages/airflow/example_dags/example_branch_operator.py took 0.110 seconds
[2024-05-13T15:24:53.275+0000] {processor.py:161} INFO - Started process (PID=1365) to work on /home/airflow/.local/lib/python3.8/site-packages/airflow/example_dags/example_branch_operator.py
[2024-05-13T15:24:53.276+0000] {processor.py:830} INFO - Processing file /home/airflow/.local/lib/python3.8/site-packages/airflow/example_dags/example_branch_operator.py for tasks to queue
[2024-05-13T15:24:53.278+0000] {logging_mixin.py:188} INFO - [2024-05-13T15:24:53.277+0000] {dagbag.py:540} INFO - Filling up the DagBag from /home/airflow/.local/lib/python3.8/site-packages/airflow/example_dags/example_branch_operator.py
[2024-05-13T15:24:53.292+0000] {processor.py:840} INFO - DAG(s) 'example_branch_operator' retrieved from /home/airflow/.local/lib/python3.8/site-packages/airflow/example_dags/example_branch_operator.py
[2024-05-13T15:24:53.316+0000] {logging_mixin.py:188} INFO - [2024-05-13T15:24:53.316+0000] {dag.py:3047} INFO - Sync 1 DAGs
[2024-05-13T15:24:53.337+0000] {logging_mixin.py:188} INFO - [2024-05-13T15:24:53.336+0000] {dag.py:3834} INFO - Setting next_dagrun for example_branch_operator to 2024-05-12 00:00:00+00:00, run_after=2024-05-13 00:00:00+00:00
[2024-05-13T15:24:53.356+0000] {processor.py:183} INFO - Processing /home/airflow/.local/lib/python3.8/site-packages/airflow/example_dags/example_branch_operator.py took 0.084 seconds
[2024-05-13T15:25:23.511+0000] {processor.py:161} INFO - Started process (PID=1434) to work on /home/airflow/.local/lib/python3.8/site-packages/airflow/example_dags/example_branch_operator.py
[2024-05-13T15:25:23.511+0000] {processor.py:830} INFO - Processing file /home/airflow/.local/lib/python3.8/site-packages/airflow/example_dags/example_branch_operator.py for tasks to queue
[2024-05-13T15:25:23.513+0000] {logging_mixin.py:188} INFO - [2024-05-13T15:25:23.513+0000] {dagbag.py:540} INFO - Filling up the DagBag from /home/airflow/.local/lib/python3.8/site-packages/airflow/example_dags/example_branch_operator.py
[2024-05-13T15:25:23.528+0000] {processor.py:840} INFO - DAG(s) 'example_branch_operator' retrieved from /home/airflow/.local/lib/python3.8/site-packages/airflow/example_dags/example_branch_operator.py
[2024-05-13T15:25:23.552+0000] {logging_mixin.py:188} INFO - [2024-05-13T15:25:23.552+0000] {dag.py:3047} INFO - Sync 1 DAGs
[2024-05-13T15:25:23.579+0000] {logging_mixin.py:188} INFO - [2024-05-13T15:25:23.578+0000] {dag.py:3834} INFO - Setting next_dagrun for example_branch_operator to 2024-05-12 00:00:00+00:00, run_after=2024-05-13 00:00:00+00:00
[2024-05-13T15:25:23.599+0000] {processor.py:183} INFO - Processing /home/airflow/.local/lib/python3.8/site-packages/airflow/example_dags/example_branch_operator.py took 0.092 seconds
[2024-05-13T15:25:54.173+0000] {processor.py:161} INFO - Started process (PID=1502) to work on /home/airflow/.local/lib/python3.8/site-packages/airflow/example_dags/example_branch_operator.py
[2024-05-13T15:25:54.174+0000] {processor.py:830} INFO - Processing file /home/airflow/.local/lib/python3.8/site-packages/airflow/example_dags/example_branch_operator.py for tasks to queue
[2024-05-13T15:25:54.176+0000] {logging_mixin.py:188} INFO - [2024-05-13T15:25:54.176+0000] {dagbag.py:540} INFO - Filling up the DagBag from /home/airflow/.local/lib/python3.8/site-packages/airflow/example_dags/example_branch_operator.py
[2024-05-13T15:25:54.191+0000] {processor.py:840} INFO - DAG(s) 'example_branch_operator' retrieved from /home/airflow/.local/lib/python3.8/site-packages/airflow/example_dags/example_branch_operator.py
[2024-05-13T15:25:54.214+0000] {logging_mixin.py:188} INFO - [2024-05-13T15:25:54.214+0000] {dag.py:3047} INFO - Sync 1 DAGs
[2024-05-13T15:25:54.235+0000] {logging_mixin.py:188} INFO - [2024-05-13T15:25:54.235+0000] {dag.py:3834} INFO - Setting next_dagrun for example_branch_operator to 2024-05-12 00:00:00+00:00, run_after=2024-05-13 00:00:00+00:00
[2024-05-13T15:25:54.253+0000] {processor.py:183} INFO - Processing /home/airflow/.local/lib/python3.8/site-packages/airflow/example_dags/example_branch_operator.py took 0.083 seconds
[2024-05-13T15:26:24.371+0000] {processor.py:161} INFO - Started process (PID=1570) to work on /home/airflow/.local/lib/python3.8/site-packages/airflow/example_dags/example_branch_operator.py
[2024-05-13T15:26:24.372+0000] {processor.py:830} INFO - Processing file /home/airflow/.local/lib/python3.8/site-packages/airflow/example_dags/example_branch_operator.py for tasks to queue
[2024-05-13T15:26:24.374+0000] {logging_mixin.py:188} INFO - [2024-05-13T15:26:24.374+0000] {dagbag.py:540} INFO - Filling up the DagBag from /home/airflow/.local/lib/python3.8/site-packages/airflow/example_dags/example_branch_operator.py
[2024-05-13T15:26:24.388+0000] {processor.py:840} INFO - DAG(s) 'example_branch_operator' retrieved from /home/airflow/.local/lib/python3.8/site-packages/airflow/example_dags/example_branch_operator.py
[2024-05-13T15:26:24.412+0000] {logging_mixin.py:188} INFO - [2024-05-13T15:26:24.412+0000] {dag.py:3047} INFO - Sync 1 DAGs
[2024-05-13T15:26:24.431+0000] {logging_mixin.py:188} INFO - [2024-05-13T15:26:24.431+0000] {dag.py:3834} INFO - Setting next_dagrun for example_branch_operator to 2024-05-12 00:00:00+00:00, run_after=2024-05-13 00:00:00+00:00
[2024-05-13T15:26:24.449+0000] {processor.py:183} INFO - Processing /home/airflow/.local/lib/python3.8/site-packages/airflow/example_dags/example_branch_operator.py took 0.081 seconds
[2024-05-13T15:26:54.851+0000] {processor.py:161} INFO - Started process (PID=1638) to work on /home/airflow/.local/lib/python3.8/site-packages/airflow/example_dags/example_branch_operator.py
[2024-05-13T15:26:54.852+0000] {processor.py:830} INFO - Processing file /home/airflow/.local/lib/python3.8/site-packages/airflow/example_dags/example_branch_operator.py for tasks to queue
[2024-05-13T15:26:54.854+0000] {logging_mixin.py:188} INFO - [2024-05-13T15:26:54.854+0000] {dagbag.py:540} INFO - Filling up the DagBag from /home/airflow/.local/lib/python3.8/site-packages/airflow/example_dags/example_branch_operator.py
[2024-05-13T15:26:54.868+0000] {processor.py:840} INFO - DAG(s) 'example_branch_operator' retrieved from /home/airflow/.local/lib/python3.8/site-packages/airflow/example_dags/example_branch_operator.py
[2024-05-13T15:26:54.894+0000] {logging_mixin.py:188} INFO - [2024-05-13T15:26:54.894+0000] {dag.py:3047} INFO - Sync 1 DAGs
[2024-05-13T15:26:54.914+0000] {logging_mixin.py:188} INFO - [2024-05-13T15:26:54.913+0000] {dag.py:3834} INFO - Setting next_dagrun for example_branch_operator to 2024-05-12 00:00:00+00:00, run_after=2024-05-13 00:00:00+00:00
[2024-05-13T15:26:54.934+0000] {processor.py:183} INFO - Processing /home/airflow/.local/lib/python3.8/site-packages/airflow/example_dags/example_branch_operator.py took 0.085 seconds
[2024-05-13T15:27:25.034+0000] {processor.py:161} INFO - Started process (PID=1706) to work on /home/airflow/.local/lib/python3.8/site-packages/airflow/example_dags/example_branch_operator.py
[2024-05-13T15:27:25.035+0000] {processor.py:830} INFO - Processing file /home/airflow/.local/lib/python3.8/site-packages/airflow/example_dags/example_branch_operator.py for tasks to queue
[2024-05-13T15:27:25.038+0000] {logging_mixin.py:188} INFO - [2024-05-13T15:27:25.037+0000] {dagbag.py:540} INFO - Filling up the DagBag from /home/airflow/.local/lib/python3.8/site-packages/airflow/example_dags/example_branch_operator.py
[2024-05-13T15:27:25.053+0000] {processor.py:840} INFO - DAG(s) 'example_branch_operator' retrieved from /home/airflow/.local/lib/python3.8/site-packages/airflow/example_dags/example_branch_operator.py
[2024-05-13T15:27:25.077+0000] {logging_mixin.py:188} INFO - [2024-05-13T15:27:25.076+0000] {dag.py:3047} INFO - Sync 1 DAGs
[2024-05-13T15:27:25.100+0000] {logging_mixin.py:188} INFO - [2024-05-13T15:27:25.100+0000] {dag.py:3834} INFO - Setting next_dagrun for example_branch_operator to 2024-05-12 00:00:00+00:00, run_after=2024-05-13 00:00:00+00:00
[2024-05-13T15:27:25.118+0000] {processor.py:183} INFO - Processing /home/airflow/.local/lib/python3.8/site-packages/airflow/example_dags/example_branch_operator.py took 0.086 seconds
[2024-05-13T15:27:55.477+0000] {processor.py:161} INFO - Started process (PID=1774) to work on /home/airflow/.local/lib/python3.8/site-packages/airflow/example_dags/example_branch_operator.py
[2024-05-13T15:27:55.478+0000] {processor.py:830} INFO - Processing file /home/airflow/.local/lib/python3.8/site-packages/airflow/example_dags/example_branch_operator.py for tasks to queue
[2024-05-13T15:27:55.480+0000] {logging_mixin.py:188} INFO - [2024-05-13T15:27:55.479+0000] {dagbag.py:540} INFO - Filling up the DagBag from /home/airflow/.local/lib/python3.8/site-packages/airflow/example_dags/example_branch_operator.py
[2024-05-13T15:27:55.497+0000] {processor.py:840} INFO - DAG(s) 'example_branch_operator' retrieved from /home/airflow/.local/lib/python3.8/site-packages/airflow/example_dags/example_branch_operator.py
[2024-05-13T15:27:55.526+0000] {logging_mixin.py:188} INFO - [2024-05-13T15:27:55.526+0000] {dag.py:3047} INFO - Sync 1 DAGs
[2024-05-13T15:27:55.550+0000] {logging_mixin.py:188} INFO - [2024-05-13T15:27:55.550+0000] {dag.py:3834} INFO - Setting next_dagrun for example_branch_operator to 2024-05-12 00:00:00+00:00, run_after=2024-05-13 00:00:00+00:00
[2024-05-13T15:27:55.572+0000] {processor.py:183} INFO - Processing /home/airflow/.local/lib/python3.8/site-packages/airflow/example_dags/example_branch_operator.py took 0.099 seconds
[2024-05-13T15:28:25.673+0000] {processor.py:161} INFO - Started process (PID=1842) to work on /home/airflow/.local/lib/python3.8/site-packages/airflow/example_dags/example_branch_operator.py
[2024-05-13T15:28:25.674+0000] {processor.py:830} INFO - Processing file /home/airflow/.local/lib/python3.8/site-packages/airflow/example_dags/example_branch_operator.py for tasks to queue
[2024-05-13T15:28:25.676+0000] {logging_mixin.py:188} INFO - [2024-05-13T15:28:25.675+0000] {dagbag.py:540} INFO - Filling up the DagBag from /home/airflow/.local/lib/python3.8/site-packages/airflow/example_dags/example_branch_operator.py
[2024-05-13T15:28:25.694+0000] {processor.py:840} INFO - DAG(s) 'example_branch_operator' retrieved from /home/airflow/.local/lib/python3.8/site-packages/airflow/example_dags/example_branch_operator.py
[2024-05-13T15:28:25.720+0000] {logging_mixin.py:188} INFO - [2024-05-13T15:28:25.719+0000] {dag.py:3047} INFO - Sync 1 DAGs
[2024-05-13T15:28:25.740+0000] {logging_mixin.py:188} INFO - [2024-05-13T15:28:25.740+0000] {dag.py:3834} INFO - Setting next_dagrun for example_branch_operator to 2024-05-12 00:00:00+00:00, run_after=2024-05-13 00:00:00+00:00
[2024-05-13T15:28:25.757+0000] {processor.py:183} INFO - Processing /home/airflow/.local/lib/python3.8/site-packages/airflow/example_dags/example_branch_operator.py took 0.087 seconds
[2024-05-13T15:28:55.948+0000] {processor.py:161} INFO - Started process (PID=1910) to work on /home/airflow/.local/lib/python3.8/site-packages/airflow/example_dags/example_branch_operator.py
[2024-05-13T15:28:55.949+0000] {processor.py:830} INFO - Processing file /home/airflow/.local/lib/python3.8/site-packages/airflow/example_dags/example_branch_operator.py for tasks to queue
[2024-05-13T15:28:55.951+0000] {logging_mixin.py:188} INFO - [2024-05-13T15:28:55.951+0000] {dagbag.py:540} INFO - Filling up the DagBag from /home/airflow/.local/lib/python3.8/site-packages/airflow/example_dags/example_branch_operator.py
[2024-05-13T15:28:55.966+0000] {processor.py:840} INFO - DAG(s) 'example_branch_operator' retrieved from /home/airflow/.local/lib/python3.8/site-packages/airflow/example_dags/example_branch_operator.py
[2024-05-13T15:28:55.990+0000] {logging_mixin.py:188} INFO - [2024-05-13T15:28:55.990+0000] {dag.py:3047} INFO - Sync 1 DAGs
[2024-05-13T15:28:56.010+0000] {logging_mixin.py:188} INFO - [2024-05-13T15:28:56.009+0000] {dag.py:3834} INFO - Setting next_dagrun for example_branch_operator to 2024-05-12 00:00:00+00:00, run_after=2024-05-13 00:00:00+00:00
[2024-05-13T15:28:56.028+0000] {processor.py:183} INFO - Processing /home/airflow/.local/lib/python3.8/site-packages/airflow/example_dags/example_branch_operator.py took 0.082 seconds
[2024-05-13T15:29:26.370+0000] {processor.py:161} INFO - Started process (PID=1978) to work on /home/airflow/.local/lib/python3.8/site-packages/airflow/example_dags/example_branch_operator.py
[2024-05-13T15:29:26.371+0000] {processor.py:830} INFO - Processing file /home/airflow/.local/lib/python3.8/site-packages/airflow/example_dags/example_branch_operator.py for tasks to queue
[2024-05-13T15:29:26.372+0000] {logging_mixin.py:188} INFO - [2024-05-13T15:29:26.372+0000] {dagbag.py:540} INFO - Filling up the DagBag from /home/airflow/.local/lib/python3.8/site-packages/airflow/example_dags/example_branch_operator.py
[2024-05-13T15:29:26.390+0000] {processor.py:840} INFO - DAG(s) 'example_branch_operator' retrieved from /home/airflow/.local/lib/python3.8/site-packages/airflow/example_dags/example_branch_operator.py
[2024-05-13T15:29:26.414+0000] {logging_mixin.py:188} INFO - [2024-05-13T15:29:26.413+0000] {dag.py:3047} INFO - Sync 1 DAGs
[2024-05-13T15:29:26.438+0000] {logging_mixin.py:188} INFO - [2024-05-13T15:29:26.438+0000] {dag.py:3834} INFO - Setting next_dagrun for example_branch_operator to 2024-05-12 00:00:00+00:00, run_after=2024-05-13 00:00:00+00:00
[2024-05-13T15:29:26.463+0000] {processor.py:183} INFO - Processing /home/airflow/.local/lib/python3.8/site-packages/airflow/example_dags/example_branch_operator.py took 0.096 seconds
[2024-05-13T15:29:57.216+0000] {processor.py:161} INFO - Started process (PID=2046) to work on /home/airflow/.local/lib/python3.8/site-packages/airflow/example_dags/example_branch_operator.py
[2024-05-13T15:29:57.217+0000] {processor.py:830} INFO - Processing file /home/airflow/.local/lib/python3.8/site-packages/airflow/example_dags/example_branch_operator.py for tasks to queue
[2024-05-13T15:29:57.219+0000] {logging_mixin.py:188} INFO - [2024-05-13T15:29:57.219+0000] {dagbag.py:540} INFO - Filling up the DagBag from /home/airflow/.local/lib/python3.8/site-packages/airflow/example_dags/example_branch_operator.py
[2024-05-13T15:29:57.238+0000] {processor.py:840} INFO - DAG(s) 'example_branch_operator' retrieved from /home/airflow/.local/lib/python3.8/site-packages/airflow/example_dags/example_branch_operator.py
[2024-05-13T15:29:57.265+0000] {logging_mixin.py:188} INFO - [2024-05-13T15:29:57.264+0000] {dag.py:3047} INFO - Sync 1 DAGs
[2024-05-13T15:29:57.291+0000] {logging_mixin.py:188} INFO - [2024-05-13T15:29:57.291+0000] {dag.py:3834} INFO - Setting next_dagrun for example_branch_operator to 2024-05-12 00:00:00+00:00, run_after=2024-05-13 00:00:00+00:00
[2024-05-13T15:29:57.315+0000] {processor.py:183} INFO - Processing /home/airflow/.local/lib/python3.8/site-packages/airflow/example_dags/example_branch_operator.py took 0.102 seconds
[2024-05-13T15:30:27.389+0000] {processor.py:161} INFO - Started process (PID=2114) to work on /home/airflow/.local/lib/python3.8/site-packages/airflow/example_dags/example_branch_operator.py
[2024-05-13T15:30:27.391+0000] {processor.py:830} INFO - Processing file /home/airflow/.local/lib/python3.8/site-packages/airflow/example_dags/example_branch_operator.py for tasks to queue
[2024-05-13T15:30:27.392+0000] {logging_mixin.py:188} INFO - [2024-05-13T15:30:27.392+0000] {dagbag.py:540} INFO - Filling up the DagBag from /home/airflow/.local/lib/python3.8/site-packages/airflow/example_dags/example_branch_operator.py
[2024-05-13T15:30:27.409+0000] {processor.py:840} INFO - DAG(s) 'example_branch_operator' retrieved from /home/airflow/.local/lib/python3.8/site-packages/airflow/example_dags/example_branch_operator.py
[2024-05-13T15:30:27.441+0000] {logging_mixin.py:188} INFO - [2024-05-13T15:30:27.440+0000] {dag.py:3047} INFO - Sync 1 DAGs
[2024-05-13T15:30:27.467+0000] {logging_mixin.py:188} INFO - [2024-05-13T15:30:27.467+0000] {dag.py:3834} INFO - Setting next_dagrun for example_branch_operator to 2024-05-12 00:00:00+00:00, run_after=2024-05-13 00:00:00+00:00
[2024-05-13T15:30:27.489+0000] {processor.py:183} INFO - Processing /home/airflow/.local/lib/python3.8/site-packages/airflow/example_dags/example_branch_operator.py took 0.104 seconds
[2024-05-13T15:30:57.537+0000] {processor.py:161} INFO - Started process (PID=2182) to work on /home/airflow/.local/lib/python3.8/site-packages/airflow/example_dags/example_branch_operator.py
[2024-05-13T15:30:57.538+0000] {processor.py:830} INFO - Processing file /home/airflow/.local/lib/python3.8/site-packages/airflow/example_dags/example_branch_operator.py for tasks to queue
[2024-05-13T15:30:57.540+0000] {logging_mixin.py:188} INFO - [2024-05-13T15:30:57.540+0000] {dagbag.py:540} INFO - Filling up the DagBag from /home/airflow/.local/lib/python3.8/site-packages/airflow/example_dags/example_branch_operator.py
[2024-05-13T15:30:57.554+0000] {processor.py:840} INFO - DAG(s) 'example_branch_operator' retrieved from /home/airflow/.local/lib/python3.8/site-packages/airflow/example_dags/example_branch_operator.py
[2024-05-13T15:30:57.580+0000] {logging_mixin.py:188} INFO - [2024-05-13T15:30:57.580+0000] {dag.py:3047} INFO - Sync 1 DAGs
[2024-05-13T15:30:57.600+0000] {logging_mixin.py:188} INFO - [2024-05-13T15:30:57.599+0000] {dag.py:3834} INFO - Setting next_dagrun for example_branch_operator to 2024-05-12 00:00:00+00:00, run_after=2024-05-13 00:00:00+00:00
[2024-05-13T15:30:57.619+0000] {processor.py:183} INFO - Processing /home/airflow/.local/lib/python3.8/site-packages/airflow/example_dags/example_branch_operator.py took 0.085 seconds
[2024-05-13T15:31:27.836+0000] {processor.py:161} INFO - Started process (PID=2250) to work on /home/airflow/.local/lib/python3.8/site-packages/airflow/example_dags/example_branch_operator.py
[2024-05-13T15:31:27.837+0000] {processor.py:830} INFO - Processing file /home/airflow/.local/lib/python3.8/site-packages/airflow/example_dags/example_branch_operator.py for tasks to queue
[2024-05-13T15:31:27.839+0000] {logging_mixin.py:188} INFO - [2024-05-13T15:31:27.839+0000] {dagbag.py:540} INFO - Filling up the DagBag from /home/airflow/.local/lib/python3.8/site-packages/airflow/example_dags/example_branch_operator.py
[2024-05-13T15:31:27.854+0000] {processor.py:840} INFO - DAG(s) 'example_branch_operator' retrieved from /home/airflow/.local/lib/python3.8/site-packages/airflow/example_dags/example_branch_operator.py
[2024-05-13T15:31:27.904+0000] {logging_mixin.py:188} INFO - [2024-05-13T15:31:27.903+0000] {dag.py:3047} INFO - Sync 1 DAGs
[2024-05-13T15:31:27.926+0000] {logging_mixin.py:188} INFO - [2024-05-13T15:31:27.925+0000] {dag.py:3834} INFO - Setting next_dagrun for example_branch_operator to 2024-05-12 00:00:00+00:00, run_after=2024-05-13 00:00:00+00:00
[2024-05-13T15:31:27.945+0000] {processor.py:183} INFO - Processing /home/airflow/.local/lib/python3.8/site-packages/airflow/example_dags/example_branch_operator.py took 0.112 seconds
[2024-05-13T15:31:58.274+0000] {processor.py:161} INFO - Started process (PID=2318) to work on /home/airflow/.local/lib/python3.8/site-packages/airflow/example_dags/example_branch_operator.py
[2024-05-13T15:31:58.275+0000] {processor.py:830} INFO - Processing file /home/airflow/.local/lib/python3.8/site-packages/airflow/example_dags/example_branch_operator.py for tasks to queue
[2024-05-13T15:31:58.277+0000] {logging_mixin.py:188} INFO - [2024-05-13T15:31:58.277+0000] {dagbag.py:540} INFO - Filling up the DagBag from /home/airflow/.local/lib/python3.8/site-packages/airflow/example_dags/example_branch_operator.py
[2024-05-13T15:31:58.291+0000] {processor.py:840} INFO - DAG(s) 'example_branch_operator' retrieved from /home/airflow/.local/lib/python3.8/site-packages/airflow/example_dags/example_branch_operator.py
[2024-05-13T15:31:58.315+0000] {logging_mixin.py:188} INFO - [2024-05-13T15:31:58.315+0000] {dag.py:3047} INFO - Sync 1 DAGs
[2024-05-13T15:31:58.334+0000] {logging_mixin.py:188} INFO - [2024-05-13T15:31:58.334+0000] {dag.py:3834} INFO - Setting next_dagrun for example_branch_operator to 2024-05-12 00:00:00+00:00, run_after=2024-05-13 00:00:00+00:00
[2024-05-13T15:31:58.353+0000] {processor.py:183} INFO - Processing /home/airflow/.local/lib/python3.8/site-packages/airflow/example_dags/example_branch_operator.py took 0.082 seconds
[2024-05-13T15:32:28.462+0000] {processor.py:161} INFO - Started process (PID=2374) to work on /home/airflow/.local/lib/python3.8/site-packages/airflow/example_dags/example_branch_operator.py
[2024-05-13T15:32:28.463+0000] {processor.py:830} INFO - Processing file /home/airflow/.local/lib/python3.8/site-packages/airflow/example_dags/example_branch_operator.py for tasks to queue
[2024-05-13T15:32:28.465+0000] {logging_mixin.py:188} INFO - [2024-05-13T15:32:28.465+0000] {dagbag.py:540} INFO - Filling up the DagBag from /home/airflow/.local/lib/python3.8/site-packages/airflow/example_dags/example_branch_operator.py
[2024-05-13T15:32:28.483+0000] {processor.py:840} INFO - DAG(s) 'example_branch_operator' retrieved from /home/airflow/.local/lib/python3.8/site-packages/airflow/example_dags/example_branch_operator.py
[2024-05-13T15:32:28.514+0000] {logging_mixin.py:188} INFO - [2024-05-13T15:32:28.514+0000] {dag.py:3047} INFO - Sync 1 DAGs
[2024-05-13T15:32:28.561+0000] {logging_mixin.py:188} INFO - [2024-05-13T15:32:28.561+0000] {dag.py:3834} INFO - Setting next_dagrun for example_branch_operator to 2024-05-12 00:00:00+00:00, run_after=2024-05-13 00:00:00+00:00
[2024-05-13T15:32:28.599+0000] {processor.py:183} INFO - Processing /home/airflow/.local/lib/python3.8/site-packages/airflow/example_dags/example_branch_operator.py took 0.140 seconds
[2024-05-13T15:32:58.687+0000] {processor.py:161} INFO - Started process (PID=2441) to work on /home/airflow/.local/lib/python3.8/site-packages/airflow/example_dags/example_branch_operator.py
[2024-05-13T15:32:58.688+0000] {processor.py:830} INFO - Processing file /home/airflow/.local/lib/python3.8/site-packages/airflow/example_dags/example_branch_operator.py for tasks to queue
[2024-05-13T15:32:58.690+0000] {logging_mixin.py:188} INFO - [2024-05-13T15:32:58.690+0000] {dagbag.py:540} INFO - Filling up the DagBag from /home/airflow/.local/lib/python3.8/site-packages/airflow/example_dags/example_branch_operator.py
[2024-05-13T15:32:58.706+0000] {processor.py:840} INFO - DAG(s) 'example_branch_operator' retrieved from /home/airflow/.local/lib/python3.8/site-packages/airflow/example_dags/example_branch_operator.py
[2024-05-13T15:32:58.736+0000] {logging_mixin.py:188} INFO - [2024-05-13T15:32:58.736+0000] {dag.py:3047} INFO - Sync 1 DAGs
[2024-05-13T15:32:58.763+0000] {logging_mixin.py:188} INFO - [2024-05-13T15:32:58.762+0000] {dag.py:3834} INFO - Setting next_dagrun for example_branch_operator to 2024-05-12 00:00:00+00:00, run_after=2024-05-13 00:00:00+00:00
[2024-05-13T15:32:58.790+0000] {processor.py:183} INFO - Processing /home/airflow/.local/lib/python3.8/site-packages/airflow/example_dags/example_branch_operator.py took 0.106 seconds
[2024-05-13T15:33:28.879+0000] {processor.py:161} INFO - Started process (PID=2509) to work on /home/airflow/.local/lib/python3.8/site-packages/airflow/example_dags/example_branch_operator.py
[2024-05-13T15:33:28.880+0000] {processor.py:830} INFO - Processing file /home/airflow/.local/lib/python3.8/site-packages/airflow/example_dags/example_branch_operator.py for tasks to queue
[2024-05-13T15:33:28.882+0000] {logging_mixin.py:188} INFO - [2024-05-13T15:33:28.882+0000] {dagbag.py:540} INFO - Filling up the DagBag from /home/airflow/.local/lib/python3.8/site-packages/airflow/example_dags/example_branch_operator.py
[2024-05-13T15:33:28.897+0000] {processor.py:840} INFO - DAG(s) 'example_branch_operator' retrieved from /home/airflow/.local/lib/python3.8/site-packages/airflow/example_dags/example_branch_operator.py
[2024-05-13T15:33:28.926+0000] {logging_mixin.py:188} INFO - [2024-05-13T15:33:28.925+0000] {dag.py:3047} INFO - Sync 1 DAGs
[2024-05-13T15:33:28.951+0000] {logging_mixin.py:188} INFO - [2024-05-13T15:33:28.951+0000] {dag.py:3834} INFO - Setting next_dagrun for example_branch_operator to 2024-05-12 00:00:00+00:00, run_after=2024-05-13 00:00:00+00:00
[2024-05-13T15:33:28.976+0000] {processor.py:183} INFO - Processing /home/airflow/.local/lib/python3.8/site-packages/airflow/example_dags/example_branch_operator.py took 0.100 seconds
[2024-05-13T15:33:59.059+0000] {processor.py:161} INFO - Started process (PID=2577) to work on /home/airflow/.local/lib/python3.8/site-packages/airflow/example_dags/example_branch_operator.py
[2024-05-13T15:33:59.060+0000] {processor.py:830} INFO - Processing file /home/airflow/.local/lib/python3.8/site-packages/airflow/example_dags/example_branch_operator.py for tasks to queue
[2024-05-13T15:33:59.062+0000] {logging_mixin.py:188} INFO - [2024-05-13T15:33:59.062+0000] {dagbag.py:540} INFO - Filling up the DagBag from /home/airflow/.local/lib/python3.8/site-packages/airflow/example_dags/example_branch_operator.py
[2024-05-13T15:33:59.080+0000] {processor.py:840} INFO - DAG(s) 'example_branch_operator' retrieved from /home/airflow/.local/lib/python3.8/site-packages/airflow/example_dags/example_branch_operator.py
[2024-05-13T15:33:59.108+0000] {logging_mixin.py:188} INFO - [2024-05-13T15:33:59.108+0000] {dag.py:3047} INFO - Sync 1 DAGs
[2024-05-13T15:33:59.131+0000] {logging_mixin.py:188} INFO - [2024-05-13T15:33:59.131+0000] {dag.py:3834} INFO - Setting next_dagrun for example_branch_operator to 2024-05-12 00:00:00+00:00, run_after=2024-05-13 00:00:00+00:00
[2024-05-13T15:33:59.155+0000] {processor.py:183} INFO - Processing /home/airflow/.local/lib/python3.8/site-packages/airflow/example_dags/example_branch_operator.py took 0.099 seconds
[2024-05-13T15:34:29.521+0000] {processor.py:161} INFO - Started process (PID=2646) to work on /home/airflow/.local/lib/python3.8/site-packages/airflow/example_dags/example_branch_operator.py
[2024-05-13T15:34:29.522+0000] {processor.py:830} INFO - Processing file /home/airflow/.local/lib/python3.8/site-packages/airflow/example_dags/example_branch_operator.py for tasks to queue
[2024-05-13T15:34:29.524+0000] {logging_mixin.py:188} INFO - [2024-05-13T15:34:29.524+0000] {dagbag.py:540} INFO - Filling up the DagBag from /home/airflow/.local/lib/python3.8/site-packages/airflow/example_dags/example_branch_operator.py
[2024-05-13T15:34:29.538+0000] {processor.py:840} INFO - DAG(s) 'example_branch_operator' retrieved from /home/airflow/.local/lib/python3.8/site-packages/airflow/example_dags/example_branch_operator.py
[2024-05-13T15:34:29.564+0000] {logging_mixin.py:188} INFO - [2024-05-13T15:34:29.563+0000] {dag.py:3047} INFO - Sync 1 DAGs
[2024-05-13T15:34:29.583+0000] {logging_mixin.py:188} INFO - [2024-05-13T15:34:29.582+0000] {dag.py:3834} INFO - Setting next_dagrun for example_branch_operator to 2024-05-12 00:00:00+00:00, run_after=2024-05-13 00:00:00+00:00
[2024-05-13T15:34:29.601+0000] {processor.py:183} INFO - Processing /home/airflow/.local/lib/python3.8/site-packages/airflow/example_dags/example_branch_operator.py took 0.083 seconds
[2024-05-13T15:34:59.712+0000] {processor.py:161} INFO - Started process (PID=2715) to work on /home/airflow/.local/lib/python3.8/site-packages/airflow/example_dags/example_branch_operator.py
[2024-05-13T15:34:59.713+0000] {processor.py:830} INFO - Processing file /home/airflow/.local/lib/python3.8/site-packages/airflow/example_dags/example_branch_operator.py for tasks to queue
[2024-05-13T15:34:59.715+0000] {logging_mixin.py:188} INFO - [2024-05-13T15:34:59.714+0000] {dagbag.py:540} INFO - Filling up the DagBag from /home/airflow/.local/lib/python3.8/site-packages/airflow/example_dags/example_branch_operator.py
[2024-05-13T15:34:59.730+0000] {processor.py:840} INFO - DAG(s) 'example_branch_operator' retrieved from /home/airflow/.local/lib/python3.8/site-packages/airflow/example_dags/example_branch_operator.py
[2024-05-13T15:34:59.756+0000] {logging_mixin.py:188} INFO - [2024-05-13T15:34:59.756+0000] {dag.py:3047} INFO - Sync 1 DAGs
[2024-05-13T15:34:59.777+0000] {logging_mixin.py:188} INFO - [2024-05-13T15:34:59.777+0000] {dag.py:3834} INFO - Setting next_dagrun for example_branch_operator to 2024-05-12 00:00:00+00:00, run_after=2024-05-13 00:00:00+00:00
[2024-05-13T15:34:59.796+0000] {processor.py:183} INFO - Processing /home/airflow/.local/lib/python3.8/site-packages/airflow/example_dags/example_branch_operator.py took 0.087 seconds
[2024-05-13T15:35:30.246+0000] {processor.py:161} INFO - Started process (PID=2780) to work on /home/airflow/.local/lib/python3.8/site-packages/airflow/example_dags/example_branch_operator.py
[2024-05-13T15:35:30.247+0000] {processor.py:830} INFO - Processing file /home/airflow/.local/lib/python3.8/site-packages/airflow/example_dags/example_branch_operator.py for tasks to queue
[2024-05-13T15:35:30.249+0000] {logging_mixin.py:188} INFO - [2024-05-13T15:35:30.248+0000] {dagbag.py:540} INFO - Filling up the DagBag from /home/airflow/.local/lib/python3.8/site-packages/airflow/example_dags/example_branch_operator.py
[2024-05-13T15:35:30.263+0000] {processor.py:840} INFO - DAG(s) 'example_branch_operator' retrieved from /home/airflow/.local/lib/python3.8/site-packages/airflow/example_dags/example_branch_operator.py
[2024-05-13T15:35:30.287+0000] {logging_mixin.py:188} INFO - [2024-05-13T15:35:30.287+0000] {dag.py:3047} INFO - Sync 1 DAGs
[2024-05-13T15:35:30.307+0000] {logging_mixin.py:188} INFO - [2024-05-13T15:35:30.307+0000] {dag.py:3834} INFO - Setting next_dagrun for example_branch_operator to 2024-05-12 00:00:00+00:00, run_after=2024-05-13 00:00:00+00:00
[2024-05-13T15:35:30.324+0000] {processor.py:183} INFO - Processing /home/airflow/.local/lib/python3.8/site-packages/airflow/example_dags/example_branch_operator.py took 0.081 seconds
[2024-05-13T15:36:00.702+0000] {processor.py:161} INFO - Started process (PID=2848) to work on /home/airflow/.local/lib/python3.8/site-packages/airflow/example_dags/example_branch_operator.py
[2024-05-13T15:36:00.703+0000] {processor.py:830} INFO - Processing file /home/airflow/.local/lib/python3.8/site-packages/airflow/example_dags/example_branch_operator.py for tasks to queue
[2024-05-13T15:36:00.704+0000] {logging_mixin.py:188} INFO - [2024-05-13T15:36:00.704+0000] {dagbag.py:540} INFO - Filling up the DagBag from /home/airflow/.local/lib/python3.8/site-packages/airflow/example_dags/example_branch_operator.py
[2024-05-13T15:36:00.719+0000] {processor.py:840} INFO - DAG(s) 'example_branch_operator' retrieved from /home/airflow/.local/lib/python3.8/site-packages/airflow/example_dags/example_branch_operator.py
[2024-05-13T15:36:00.745+0000] {logging_mixin.py:188} INFO - [2024-05-13T15:36:00.745+0000] {dag.py:3047} INFO - Sync 1 DAGs
[2024-05-13T15:36:00.771+0000] {logging_mixin.py:188} INFO - [2024-05-13T15:36:00.770+0000] {dag.py:3834} INFO - Setting next_dagrun for example_branch_operator to 2024-05-12 00:00:00+00:00, run_after=2024-05-13 00:00:00+00:00
[2024-05-13T15:36:00.798+0000] {processor.py:183} INFO - Processing /home/airflow/.local/lib/python3.8/site-packages/airflow/example_dags/example_branch_operator.py took 0.100 seconds
[2024-05-13T15:36:30.835+0000] {processor.py:161} INFO - Started process (PID=2916) to work on /home/airflow/.local/lib/python3.8/site-packages/airflow/example_dags/example_branch_operator.py
[2024-05-13T15:36:30.836+0000] {processor.py:830} INFO - Processing file /home/airflow/.local/lib/python3.8/site-packages/airflow/example_dags/example_branch_operator.py for tasks to queue
[2024-05-13T15:36:30.838+0000] {logging_mixin.py:188} INFO - [2024-05-13T15:36:30.838+0000] {dagbag.py:540} INFO - Filling up the DagBag from /home/airflow/.local/lib/python3.8/site-packages/airflow/example_dags/example_branch_operator.py
[2024-05-13T15:36:30.852+0000] {processor.py:840} INFO - DAG(s) 'example_branch_operator' retrieved from /home/airflow/.local/lib/python3.8/site-packages/airflow/example_dags/example_branch_operator.py
[2024-05-13T15:36:30.878+0000] {logging_mixin.py:188} INFO - [2024-05-13T15:36:30.878+0000] {dag.py:3047} INFO - Sync 1 DAGs
[2024-05-13T15:36:30.897+0000] {logging_mixin.py:188} INFO - [2024-05-13T15:36:30.897+0000] {dag.py:3834} INFO - Setting next_dagrun for example_branch_operator to 2024-05-12 00:00:00+00:00, run_after=2024-05-13 00:00:00+00:00
[2024-05-13T15:36:30.914+0000] {processor.py:183} INFO - Processing /home/airflow/.local/lib/python3.8/site-packages/airflow/example_dags/example_branch_operator.py took 0.083 seconds
[2024-05-13T15:37:01.012+0000] {processor.py:161} INFO - Started process (PID=2984) to work on /home/airflow/.local/lib/python3.8/site-packages/airflow/example_dags/example_branch_operator.py
[2024-05-13T15:37:01.014+0000] {processor.py:830} INFO - Processing file /home/airflow/.local/lib/python3.8/site-packages/airflow/example_dags/example_branch_operator.py for tasks to queue
[2024-05-13T15:37:01.016+0000] {logging_mixin.py:188} INFO - [2024-05-13T15:37:01.015+0000] {dagbag.py:540} INFO - Filling up the DagBag from /home/airflow/.local/lib/python3.8/site-packages/airflow/example_dags/example_branch_operator.py
[2024-05-13T15:37:01.030+0000] {processor.py:840} INFO - DAG(s) 'example_branch_operator' retrieved from /home/airflow/.local/lib/python3.8/site-packages/airflow/example_dags/example_branch_operator.py
[2024-05-13T15:37:01.057+0000] {logging_mixin.py:188} INFO - [2024-05-13T15:37:01.057+0000] {dag.py:3047} INFO - Sync 1 DAGs
[2024-05-13T15:37:01.077+0000] {logging_mixin.py:188} INFO - [2024-05-13T15:37:01.077+0000] {dag.py:3834} INFO - Setting next_dagrun for example_branch_operator to 2024-05-12 00:00:00+00:00, run_after=2024-05-13 00:00:00+00:00
[2024-05-13T15:37:01.094+0000] {processor.py:183} INFO - Processing /home/airflow/.local/lib/python3.8/site-packages/airflow/example_dags/example_branch_operator.py took 0.084 seconds
[2024-05-13T15:37:31.323+0000] {processor.py:161} INFO - Started process (PID=3052) to work on /home/airflow/.local/lib/python3.8/site-packages/airflow/example_dags/example_branch_operator.py
[2024-05-13T15:37:31.324+0000] {processor.py:830} INFO - Processing file /home/airflow/.local/lib/python3.8/site-packages/airflow/example_dags/example_branch_operator.py for tasks to queue
[2024-05-13T15:37:31.326+0000] {logging_mixin.py:188} INFO - [2024-05-13T15:37:31.326+0000] {dagbag.py:540} INFO - Filling up the DagBag from /home/airflow/.local/lib/python3.8/site-packages/airflow/example_dags/example_branch_operator.py
[2024-05-13T15:37:31.343+0000] {processor.py:840} INFO - DAG(s) 'example_branch_operator' retrieved from /home/airflow/.local/lib/python3.8/site-packages/airflow/example_dags/example_branch_operator.py
[2024-05-13T15:37:31.371+0000] {logging_mixin.py:188} INFO - [2024-05-13T15:37:31.370+0000] {dag.py:3047} INFO - Sync 1 DAGs
[2024-05-13T15:37:31.393+0000] {logging_mixin.py:188} INFO - [2024-05-13T15:37:31.393+0000] {dag.py:3834} INFO - Setting next_dagrun for example_branch_operator to 2024-05-12 00:00:00+00:00, run_after=2024-05-13 00:00:00+00:00
[2024-05-13T15:37:31.414+0000] {processor.py:183} INFO - Processing /home/airflow/.local/lib/python3.8/site-packages/airflow/example_dags/example_branch_operator.py took 0.094 seconds
[2024-05-13T15:38:02.231+0000] {processor.py:161} INFO - Started process (PID=3120) to work on /home/airflow/.local/lib/python3.8/site-packages/airflow/example_dags/example_branch_operator.py
[2024-05-13T15:38:02.232+0000] {processor.py:830} INFO - Processing file /home/airflow/.local/lib/python3.8/site-packages/airflow/example_dags/example_branch_operator.py for tasks to queue
[2024-05-13T15:38:02.233+0000] {logging_mixin.py:188} INFO - [2024-05-13T15:38:02.233+0000] {dagbag.py:540} INFO - Filling up the DagBag from /home/airflow/.local/lib/python3.8/site-packages/airflow/example_dags/example_branch_operator.py
[2024-05-13T15:38:02.249+0000] {processor.py:840} INFO - DAG(s) 'example_branch_operator' retrieved from /home/airflow/.local/lib/python3.8/site-packages/airflow/example_dags/example_branch_operator.py
[2024-05-13T15:38:02.278+0000] {logging_mixin.py:188} INFO - [2024-05-13T15:38:02.278+0000] {dag.py:3047} INFO - Sync 1 DAGs
[2024-05-13T15:38:02.425+0000] {logging_mixin.py:188} INFO - [2024-05-13T15:38:02.425+0000] {dag.py:3834} INFO - Setting next_dagrun for example_branch_operator to 2024-05-12 00:00:00+00:00, run_after=2024-05-13 00:00:00+00:00
[2024-05-13T15:38:02.446+0000] {processor.py:183} INFO - Processing /home/airflow/.local/lib/python3.8/site-packages/airflow/example_dags/example_branch_operator.py took 0.218 seconds
[2024-05-13T15:38:33.438+0000] {processor.py:161} INFO - Started process (PID=3189) to work on /home/airflow/.local/lib/python3.8/site-packages/airflow/example_dags/example_branch_operator.py
[2024-05-13T15:38:33.439+0000] {processor.py:830} INFO - Processing file /home/airflow/.local/lib/python3.8/site-packages/airflow/example_dags/example_branch_operator.py for tasks to queue
[2024-05-13T15:38:33.441+0000] {logging_mixin.py:188} INFO - [2024-05-13T15:38:33.441+0000] {dagbag.py:540} INFO - Filling up the DagBag from /home/airflow/.local/lib/python3.8/site-packages/airflow/example_dags/example_branch_operator.py
[2024-05-13T15:38:33.456+0000] {processor.py:840} INFO - DAG(s) 'example_branch_operator' retrieved from /home/airflow/.local/lib/python3.8/site-packages/airflow/example_dags/example_branch_operator.py
[2024-05-13T15:38:33.485+0000] {logging_mixin.py:188} INFO - [2024-05-13T15:38:33.484+0000] {dag.py:3047} INFO - Sync 1 DAGs
[2024-05-13T15:38:33.509+0000] {logging_mixin.py:188} INFO - [2024-05-13T15:38:33.508+0000] {dag.py:3834} INFO - Setting next_dagrun for example_branch_operator to 2024-05-12 00:00:00+00:00, run_after=2024-05-13 00:00:00+00:00
[2024-05-13T15:38:33.676+0000] {processor.py:183} INFO - Processing /home/airflow/.local/lib/python3.8/site-packages/airflow/example_dags/example_branch_operator.py took 0.241 seconds
[2024-05-13T15:39:04.119+0000] {processor.py:161} INFO - Started process (PID=3257) to work on /home/airflow/.local/lib/python3.8/site-packages/airflow/example_dags/example_branch_operator.py
[2024-05-13T15:39:04.120+0000] {processor.py:830} INFO - Processing file /home/airflow/.local/lib/python3.8/site-packages/airflow/example_dags/example_branch_operator.py for tasks to queue
[2024-05-13T15:39:04.122+0000] {logging_mixin.py:188} INFO - [2024-05-13T15:39:04.121+0000] {dagbag.py:540} INFO - Filling up the DagBag from /home/airflow/.local/lib/python3.8/site-packages/airflow/example_dags/example_branch_operator.py
[2024-05-13T15:39:04.137+0000] {processor.py:840} INFO - DAG(s) 'example_branch_operator' retrieved from /home/airflow/.local/lib/python3.8/site-packages/airflow/example_dags/example_branch_operator.py
[2024-05-13T15:39:04.165+0000] {logging_mixin.py:188} INFO - [2024-05-13T15:39:04.165+0000] {dag.py:3047} INFO - Sync 1 DAGs
[2024-05-13T15:39:04.190+0000] {logging_mixin.py:188} INFO - [2024-05-13T15:39:04.190+0000] {dag.py:3834} INFO - Setting next_dagrun for example_branch_operator to 2024-05-12 00:00:00+00:00, run_after=2024-05-13 00:00:00+00:00
[2024-05-13T15:39:04.210+0000] {processor.py:183} INFO - Processing /home/airflow/.local/lib/python3.8/site-packages/airflow/example_dags/example_branch_operator.py took 0.094 seconds
[2024-05-13T15:39:34.686+0000] {processor.py:161} INFO - Started process (PID=3325) to work on /home/airflow/.local/lib/python3.8/site-packages/airflow/example_dags/example_branch_operator.py
[2024-05-13T15:39:34.687+0000] {processor.py:830} INFO - Processing file /home/airflow/.local/lib/python3.8/site-packages/airflow/example_dags/example_branch_operator.py for tasks to queue
[2024-05-13T15:39:34.689+0000] {logging_mixin.py:188} INFO - [2024-05-13T15:39:34.689+0000] {dagbag.py:540} INFO - Filling up the DagBag from /home/airflow/.local/lib/python3.8/site-packages/airflow/example_dags/example_branch_operator.py
[2024-05-13T15:39:34.708+0000] {processor.py:840} INFO - DAG(s) 'example_branch_operator' retrieved from /home/airflow/.local/lib/python3.8/site-packages/airflow/example_dags/example_branch_operator.py
[2024-05-13T15:39:34.736+0000] {logging_mixin.py:188} INFO - [2024-05-13T15:39:34.736+0000] {dag.py:3047} INFO - Sync 1 DAGs
[2024-05-13T15:39:34.760+0000] {logging_mixin.py:188} INFO - [2024-05-13T15:39:34.760+0000] {dag.py:3834} INFO - Setting next_dagrun for example_branch_operator to 2024-05-12 00:00:00+00:00, run_after=2024-05-13 00:00:00+00:00
[2024-05-13T15:39:34.782+0000] {processor.py:183} INFO - Processing /home/airflow/.local/lib/python3.8/site-packages/airflow/example_dags/example_branch_operator.py took 0.099 seconds
[2024-05-13T15:40:05.030+0000] {processor.py:161} INFO - Started process (PID=3393) to work on /home/airflow/.local/lib/python3.8/site-packages/airflow/example_dags/example_branch_operator.py
[2024-05-13T15:40:05.032+0000] {processor.py:830} INFO - Processing file /home/airflow/.local/lib/python3.8/site-packages/airflow/example_dags/example_branch_operator.py for tasks to queue
[2024-05-13T15:40:05.036+0000] {logging_mixin.py:188} INFO - [2024-05-13T15:40:05.035+0000] {dagbag.py:540} INFO - Filling up the DagBag from /home/airflow/.local/lib/python3.8/site-packages/airflow/example_dags/example_branch_operator.py
[2024-05-13T15:40:05.066+0000] {processor.py:840} INFO - DAG(s) 'example_branch_operator' retrieved from /home/airflow/.local/lib/python3.8/site-packages/airflow/example_dags/example_branch_operator.py
[2024-05-13T15:40:05.109+0000] {logging_mixin.py:188} INFO - [2024-05-13T15:40:05.108+0000] {dag.py:3047} INFO - Sync 1 DAGs
[2024-05-13T15:40:05.136+0000] {logging_mixin.py:188} INFO - [2024-05-13T15:40:05.136+0000] {dag.py:3834} INFO - Setting next_dagrun for example_branch_operator to 2024-05-12 00:00:00+00:00, run_after=2024-05-13 00:00:00+00:00
[2024-05-13T15:40:05.158+0000] {processor.py:183} INFO - Processing /home/airflow/.local/lib/python3.8/site-packages/airflow/example_dags/example_branch_operator.py took 0.132 seconds
[2024-05-13T15:40:35.328+0000] {processor.py:161} INFO - Started process (PID=3461) to work on /home/airflow/.local/lib/python3.8/site-packages/airflow/example_dags/example_branch_operator.py
[2024-05-13T15:40:35.329+0000] {processor.py:830} INFO - Processing file /home/airflow/.local/lib/python3.8/site-packages/airflow/example_dags/example_branch_operator.py for tasks to queue
[2024-05-13T15:40:35.331+0000] {logging_mixin.py:188} INFO - [2024-05-13T15:40:35.331+0000] {dagbag.py:540} INFO - Filling up the DagBag from /home/airflow/.local/lib/python3.8/site-packages/airflow/example_dags/example_branch_operator.py
[2024-05-13T15:40:35.347+0000] {processor.py:840} INFO - DAG(s) 'example_branch_operator' retrieved from /home/airflow/.local/lib/python3.8/site-packages/airflow/example_dags/example_branch_operator.py
[2024-05-13T15:40:35.377+0000] {logging_mixin.py:188} INFO - [2024-05-13T15:40:35.377+0000] {dag.py:3047} INFO - Sync 1 DAGs
[2024-05-13T15:40:35.402+0000] {logging_mixin.py:188} INFO - [2024-05-13T15:40:35.401+0000] {dag.py:3834} INFO - Setting next_dagrun for example_branch_operator to 2024-05-12 00:00:00+00:00, run_after=2024-05-13 00:00:00+00:00
[2024-05-13T15:40:35.421+0000] {processor.py:183} INFO - Processing /home/airflow/.local/lib/python3.8/site-packages/airflow/example_dags/example_branch_operator.py took 0.097 seconds
[2024-05-13T15:41:05.460+0000] {processor.py:161} INFO - Started process (PID=3529) to work on /home/airflow/.local/lib/python3.8/site-packages/airflow/example_dags/example_branch_operator.py
[2024-05-13T15:41:05.461+0000] {processor.py:830} INFO - Processing file /home/airflow/.local/lib/python3.8/site-packages/airflow/example_dags/example_branch_operator.py for tasks to queue
[2024-05-13T15:41:05.463+0000] {logging_mixin.py:188} INFO - [2024-05-13T15:41:05.463+0000] {dagbag.py:540} INFO - Filling up the DagBag from /home/airflow/.local/lib/python3.8/site-packages/airflow/example_dags/example_branch_operator.py
[2024-05-13T15:41:05.478+0000] {processor.py:840} INFO - DAG(s) 'example_branch_operator' retrieved from /home/airflow/.local/lib/python3.8/site-packages/airflow/example_dags/example_branch_operator.py
[2024-05-13T15:41:05.503+0000] {logging_mixin.py:188} INFO - [2024-05-13T15:41:05.503+0000] {dag.py:3047} INFO - Sync 1 DAGs
[2024-05-13T15:41:05.524+0000] {logging_mixin.py:188} INFO - [2024-05-13T15:41:05.524+0000] {dag.py:3834} INFO - Setting next_dagrun for example_branch_operator to 2024-05-12 00:00:00+00:00, run_after=2024-05-13 00:00:00+00:00
[2024-05-13T15:41:05.546+0000] {processor.py:183} INFO - Processing /home/airflow/.local/lib/python3.8/site-packages/airflow/example_dags/example_branch_operator.py took 0.089 seconds
[2024-05-13T15:41:35.793+0000] {processor.py:161} INFO - Started process (PID=3598) to work on /home/airflow/.local/lib/python3.8/site-packages/airflow/example_dags/example_branch_operator.py
[2024-05-13T15:41:35.794+0000] {processor.py:830} INFO - Processing file /home/airflow/.local/lib/python3.8/site-packages/airflow/example_dags/example_branch_operator.py for tasks to queue
[2024-05-13T15:41:35.796+0000] {logging_mixin.py:188} INFO - [2024-05-13T15:41:35.795+0000] {dagbag.py:540} INFO - Filling up the DagBag from /home/airflow/.local/lib/python3.8/site-packages/airflow/example_dags/example_branch_operator.py
[2024-05-13T15:41:35.810+0000] {processor.py:840} INFO - DAG(s) 'example_branch_operator' retrieved from /home/airflow/.local/lib/python3.8/site-packages/airflow/example_dags/example_branch_operator.py
[2024-05-13T15:41:35.960+0000] {logging_mixin.py:188} INFO - [2024-05-13T15:41:35.960+0000] {dag.py:3047} INFO - Sync 1 DAGs
[2024-05-13T15:41:35.981+0000] {logging_mixin.py:188} INFO - [2024-05-13T15:41:35.981+0000] {dag.py:3834} INFO - Setting next_dagrun for example_branch_operator to 2024-05-12 00:00:00+00:00, run_after=2024-05-13 00:00:00+00:00
[2024-05-13T15:41:36.000+0000] {processor.py:183} INFO - Processing /home/airflow/.local/lib/python3.8/site-packages/airflow/example_dags/example_branch_operator.py took 0.211 seconds
[2024-05-13T15:42:06.485+0000] {processor.py:161} INFO - Started process (PID=3664) to work on /home/airflow/.local/lib/python3.8/site-packages/airflow/example_dags/example_branch_operator.py
[2024-05-13T15:42:06.486+0000] {processor.py:830} INFO - Processing file /home/airflow/.local/lib/python3.8/site-packages/airflow/example_dags/example_branch_operator.py for tasks to queue
[2024-05-13T15:42:06.488+0000] {logging_mixin.py:188} INFO - [2024-05-13T15:42:06.488+0000] {dagbag.py:540} INFO - Filling up the DagBag from /home/airflow/.local/lib/python3.8/site-packages/airflow/example_dags/example_branch_operator.py
[2024-05-13T15:42:06.502+0000] {processor.py:840} INFO - DAG(s) 'example_branch_operator' retrieved from /home/airflow/.local/lib/python3.8/site-packages/airflow/example_dags/example_branch_operator.py
[2024-05-13T15:42:06.525+0000] {logging_mixin.py:188} INFO - [2024-05-13T15:42:06.525+0000] {dag.py:3047} INFO - Sync 1 DAGs
[2024-05-13T15:42:06.657+0000] {logging_mixin.py:188} INFO - [2024-05-13T15:42:06.656+0000] {dag.py:3834} INFO - Setting next_dagrun for example_branch_operator to 2024-05-12 00:00:00+00:00, run_after=2024-05-13 00:00:00+00:00
[2024-05-13T15:42:06.673+0000] {processor.py:183} INFO - Processing /home/airflow/.local/lib/python3.8/site-packages/airflow/example_dags/example_branch_operator.py took 0.191 seconds
[2024-05-13T15:42:36.743+0000] {processor.py:161} INFO - Started process (PID=3732) to work on /home/airflow/.local/lib/python3.8/site-packages/airflow/example_dags/example_branch_operator.py
[2024-05-13T15:42:36.744+0000] {processor.py:830} INFO - Processing file /home/airflow/.local/lib/python3.8/site-packages/airflow/example_dags/example_branch_operator.py for tasks to queue
[2024-05-13T15:42:36.746+0000] {logging_mixin.py:188} INFO - [2024-05-13T15:42:36.746+0000] {dagbag.py:540} INFO - Filling up the DagBag from /home/airflow/.local/lib/python3.8/site-packages/airflow/example_dags/example_branch_operator.py
[2024-05-13T15:42:36.763+0000] {processor.py:840} INFO - DAG(s) 'example_branch_operator' retrieved from /home/airflow/.local/lib/python3.8/site-packages/airflow/example_dags/example_branch_operator.py
[2024-05-13T15:42:36.791+0000] {logging_mixin.py:188} INFO - [2024-05-13T15:42:36.791+0000] {dag.py:3047} INFO - Sync 1 DAGs
[2024-05-13T15:42:36.815+0000] {logging_mixin.py:188} INFO - [2024-05-13T15:42:36.815+0000] {dag.py:3834} INFO - Setting next_dagrun for example_branch_operator to 2024-05-12 00:00:00+00:00, run_after=2024-05-13 00:00:00+00:00
[2024-05-13T15:42:36.839+0000] {processor.py:183} INFO - Processing /home/airflow/.local/lib/python3.8/site-packages/airflow/example_dags/example_branch_operator.py took 0.099 seconds
[2024-05-13T15:43:06.946+0000] {processor.py:161} INFO - Started process (PID=3801) to work on /home/airflow/.local/lib/python3.8/site-packages/airflow/example_dags/example_branch_operator.py
[2024-05-13T15:43:06.947+0000] {processor.py:830} INFO - Processing file /home/airflow/.local/lib/python3.8/site-packages/airflow/example_dags/example_branch_operator.py for tasks to queue
[2024-05-13T15:43:06.950+0000] {logging_mixin.py:188} INFO - [2024-05-13T15:43:06.949+0000] {dagbag.py:540} INFO - Filling up the DagBag from /home/airflow/.local/lib/python3.8/site-packages/airflow/example_dags/example_branch_operator.py
[2024-05-13T15:43:06.966+0000] {processor.py:840} INFO - DAG(s) 'example_branch_operator' retrieved from /home/airflow/.local/lib/python3.8/site-packages/airflow/example_dags/example_branch_operator.py
[2024-05-13T15:43:06.996+0000] {logging_mixin.py:188} INFO - [2024-05-13T15:43:06.996+0000] {dag.py:3047} INFO - Sync 1 DAGs
[2024-05-13T15:43:07.021+0000] {logging_mixin.py:188} INFO - [2024-05-13T15:43:07.020+0000] {dag.py:3834} INFO - Setting next_dagrun for example_branch_operator to 2024-05-12 00:00:00+00:00, run_after=2024-05-13 00:00:00+00:00
[2024-05-13T15:43:07.041+0000] {processor.py:183} INFO - Processing /home/airflow/.local/lib/python3.8/site-packages/airflow/example_dags/example_branch_operator.py took 0.099 seconds
[2024-05-13T15:43:37.413+0000] {processor.py:161} INFO - Started process (PID=3868) to work on /home/airflow/.local/lib/python3.8/site-packages/airflow/example_dags/example_branch_operator.py
[2024-05-13T15:43:37.414+0000] {processor.py:830} INFO - Processing file /home/airflow/.local/lib/python3.8/site-packages/airflow/example_dags/example_branch_operator.py for tasks to queue
[2024-05-13T15:43:37.416+0000] {logging_mixin.py:188} INFO - [2024-05-13T15:43:37.416+0000] {dagbag.py:540} INFO - Filling up the DagBag from /home/airflow/.local/lib/python3.8/site-packages/airflow/example_dags/example_branch_operator.py
[2024-05-13T15:43:37.432+0000] {processor.py:840} INFO - DAG(s) 'example_branch_operator' retrieved from /home/airflow/.local/lib/python3.8/site-packages/airflow/example_dags/example_branch_operator.py
[2024-05-13T15:43:37.461+0000] {logging_mixin.py:188} INFO - [2024-05-13T15:43:37.461+0000] {dag.py:3047} INFO - Sync 1 DAGs
[2024-05-13T15:43:37.487+0000] {logging_mixin.py:188} INFO - [2024-05-13T15:43:37.487+0000] {dag.py:3834} INFO - Setting next_dagrun for example_branch_operator to 2024-05-12 00:00:00+00:00, run_after=2024-05-13 00:00:00+00:00
[2024-05-13T15:43:37.506+0000] {processor.py:183} INFO - Processing /home/airflow/.local/lib/python3.8/site-packages/airflow/example_dags/example_branch_operator.py took 0.097 seconds
[2024-05-13T15:44:07.850+0000] {processor.py:161} INFO - Started process (PID=3936) to work on /home/airflow/.local/lib/python3.8/site-packages/airflow/example_dags/example_branch_operator.py
[2024-05-13T15:44:07.852+0000] {processor.py:830} INFO - Processing file /home/airflow/.local/lib/python3.8/site-packages/airflow/example_dags/example_branch_operator.py for tasks to queue
[2024-05-13T15:44:07.855+0000] {logging_mixin.py:188} INFO - [2024-05-13T15:44:07.854+0000] {dagbag.py:540} INFO - Filling up the DagBag from /home/airflow/.local/lib/python3.8/site-packages/airflow/example_dags/example_branch_operator.py
[2024-05-13T15:44:07.874+0000] {processor.py:840} INFO - DAG(s) 'example_branch_operator' retrieved from /home/airflow/.local/lib/python3.8/site-packages/airflow/example_dags/example_branch_operator.py
[2024-05-13T15:44:07.904+0000] {logging_mixin.py:188} INFO - [2024-05-13T15:44:07.904+0000] {dag.py:3047} INFO - Sync 1 DAGs
[2024-05-13T15:44:07.926+0000] {logging_mixin.py:188} INFO - [2024-05-13T15:44:07.926+0000] {dag.py:3834} INFO - Setting next_dagrun for example_branch_operator to 2024-05-12 00:00:00+00:00, run_after=2024-05-13 00:00:00+00:00
[2024-05-13T15:44:07.947+0000] {processor.py:183} INFO - Processing /home/airflow/.local/lib/python3.8/site-packages/airflow/example_dags/example_branch_operator.py took 0.100 seconds
