[2024-05-13T15:15:23.817+0000] {processor.py:161} INFO - Started process (PID=121) to work on /home/airflow/.local/lib/python3.8/site-packages/airflow/example_dags/example_sla_dag.py
[2024-05-13T15:15:23.819+0000] {processor.py:830} INFO - Processing file /home/airflow/.local/lib/python3.8/site-packages/airflow/example_dags/example_sla_dag.py for tasks to queue
[2024-05-13T15:15:23.821+0000] {logging_mixin.py:188} INFO - [2024-05-13T15:15:23.821+0000] {dagbag.py:540} INFO - Filling up the DagBag from /home/airflow/.local/lib/python3.8/site-packages/airflow/example_dags/example_sla_dag.py
[2024-05-13T15:15:23.831+0000] {processor.py:840} INFO - DAG(s) 'example_sla_dag' retrieved from /home/airflow/.local/lib/python3.8/site-packages/airflow/example_dags/example_sla_dag.py
[2024-05-13T15:15:23.946+0000] {logging_mixin.py:188} INFO - [2024-05-13T15:15:23.946+0000] {override.py:1769} INFO - Created Permission View: can delete on DAG:example_sla_dag
[2024-05-13T15:15:23.958+0000] {logging_mixin.py:188} INFO - [2024-05-13T15:15:23.957+0000] {override.py:1769} INFO - Created Permission View: can edit on DAG:example_sla_dag
[2024-05-13T15:15:23.964+0000] {logging_mixin.py:188} INFO - [2024-05-13T15:15:23.964+0000] {override.py:1769} INFO - Created Permission View: can read on DAG:example_sla_dag
[2024-05-13T15:15:23.965+0000] {logging_mixin.py:188} INFO - [2024-05-13T15:15:23.965+0000] {dag.py:3047} INFO - Sync 1 DAGs
[2024-05-13T15:15:23.975+0000] {logging_mixin.py:188} INFO - [2024-05-13T15:15:23.975+0000] {dag.py:3069} INFO - Creating ORM DAG for example_sla_dag
[2024-05-13T15:15:23.987+0000] {logging_mixin.py:188} INFO - [2024-05-13T15:15:23.986+0000] {dag.py:3834} INFO - Setting next_dagrun for example_sla_dag to 2024-05-13 15:12:00+00:00, run_after=2024-05-13 15:14:00+00:00
[2024-05-13T15:15:24.002+0000] {processor.py:183} INFO - Processing /home/airflow/.local/lib/python3.8/site-packages/airflow/example_dags/example_sla_dag.py took 0.188 seconds
[2024-05-13T15:15:54.554+0000] {processor.py:161} INFO - Started process (PID=189) to work on /home/airflow/.local/lib/python3.8/site-packages/airflow/example_dags/example_sla_dag.py
[2024-05-13T15:15:54.555+0000] {processor.py:830} INFO - Processing file /home/airflow/.local/lib/python3.8/site-packages/airflow/example_dags/example_sla_dag.py for tasks to queue
[2024-05-13T15:15:54.557+0000] {logging_mixin.py:188} INFO - [2024-05-13T15:15:54.557+0000] {dagbag.py:540} INFO - Filling up the DagBag from /home/airflow/.local/lib/python3.8/site-packages/airflow/example_dags/example_sla_dag.py
[2024-05-13T15:15:54.566+0000] {processor.py:840} INFO - DAG(s) 'example_sla_dag' retrieved from /home/airflow/.local/lib/python3.8/site-packages/airflow/example_dags/example_sla_dag.py
[2024-05-13T15:15:54.587+0000] {logging_mixin.py:188} INFO - [2024-05-13T15:15:54.587+0000] {dag.py:3047} INFO - Sync 1 DAGs
[2024-05-13T15:15:54.616+0000] {logging_mixin.py:188} INFO - [2024-05-13T15:15:54.615+0000] {dag.py:3834} INFO - Setting next_dagrun for example_sla_dag to 2024-05-13 15:12:00+00:00, run_after=2024-05-13 15:14:00+00:00
[2024-05-13T15:15:54.638+0000] {processor.py:183} INFO - Processing /home/airflow/.local/lib/python3.8/site-packages/airflow/example_dags/example_sla_dag.py took 0.087 seconds
[2024-05-13T15:16:25.081+0000] {processor.py:161} INFO - Started process (PID=257) to work on /home/airflow/.local/lib/python3.8/site-packages/airflow/example_dags/example_sla_dag.py
[2024-05-13T15:16:25.082+0000] {processor.py:830} INFO - Processing file /home/airflow/.local/lib/python3.8/site-packages/airflow/example_dags/example_sla_dag.py for tasks to queue
[2024-05-13T15:16:25.084+0000] {logging_mixin.py:188} INFO - [2024-05-13T15:16:25.084+0000] {dagbag.py:540} INFO - Filling up the DagBag from /home/airflow/.local/lib/python3.8/site-packages/airflow/example_dags/example_sla_dag.py
[2024-05-13T15:16:25.092+0000] {processor.py:840} INFO - DAG(s) 'example_sla_dag' retrieved from /home/airflow/.local/lib/python3.8/site-packages/airflow/example_dags/example_sla_dag.py
[2024-05-13T15:16:25.109+0000] {logging_mixin.py:188} INFO - [2024-05-13T15:16:25.109+0000] {dag.py:3047} INFO - Sync 1 DAGs
[2024-05-13T15:16:25.131+0000] {logging_mixin.py:188} INFO - [2024-05-13T15:16:25.131+0000] {dag.py:3834} INFO - Setting next_dagrun for example_sla_dag to 2024-05-13 15:14:00+00:00, run_after=2024-05-13 15:16:00+00:00
[2024-05-13T15:16:25.149+0000] {processor.py:183} INFO - Processing /home/airflow/.local/lib/python3.8/site-packages/airflow/example_dags/example_sla_dag.py took 0.071 seconds
[2024-05-13T15:16:55.340+0000] {processor.py:161} INFO - Started process (PID=325) to work on /home/airflow/.local/lib/python3.8/site-packages/airflow/example_dags/example_sla_dag.py
[2024-05-13T15:16:55.341+0000] {processor.py:830} INFO - Processing file /home/airflow/.local/lib/python3.8/site-packages/airflow/example_dags/example_sla_dag.py for tasks to queue
[2024-05-13T15:16:55.342+0000] {logging_mixin.py:188} INFO - [2024-05-13T15:16:55.342+0000] {dagbag.py:540} INFO - Filling up the DagBag from /home/airflow/.local/lib/python3.8/site-packages/airflow/example_dags/example_sla_dag.py
[2024-05-13T15:16:55.350+0000] {processor.py:840} INFO - DAG(s) 'example_sla_dag' retrieved from /home/airflow/.local/lib/python3.8/site-packages/airflow/example_dags/example_sla_dag.py
[2024-05-13T15:16:55.369+0000] {logging_mixin.py:188} INFO - [2024-05-13T15:16:55.369+0000] {dag.py:3047} INFO - Sync 1 DAGs
[2024-05-13T15:16:55.391+0000] {logging_mixin.py:188} INFO - [2024-05-13T15:16:55.390+0000] {dag.py:3834} INFO - Setting next_dagrun for example_sla_dag to 2024-05-13 15:14:00+00:00, run_after=2024-05-13 15:16:00+00:00
[2024-05-13T15:16:55.409+0000] {processor.py:183} INFO - Processing /home/airflow/.local/lib/python3.8/site-packages/airflow/example_dags/example_sla_dag.py took 0.073 seconds
[2024-05-13T15:17:25.481+0000] {processor.py:161} INFO - Started process (PID=393) to work on /home/airflow/.local/lib/python3.8/site-packages/airflow/example_dags/example_sla_dag.py
[2024-05-13T15:17:25.483+0000] {processor.py:830} INFO - Processing file /home/airflow/.local/lib/python3.8/site-packages/airflow/example_dags/example_sla_dag.py for tasks to queue
[2024-05-13T15:17:25.485+0000] {logging_mixin.py:188} INFO - [2024-05-13T15:17:25.485+0000] {dagbag.py:540} INFO - Filling up the DagBag from /home/airflow/.local/lib/python3.8/site-packages/airflow/example_dags/example_sla_dag.py
[2024-05-13T15:17:25.493+0000] {processor.py:840} INFO - DAG(s) 'example_sla_dag' retrieved from /home/airflow/.local/lib/python3.8/site-packages/airflow/example_dags/example_sla_dag.py
[2024-05-13T15:17:25.516+0000] {logging_mixin.py:188} INFO - [2024-05-13T15:17:25.516+0000] {dag.py:3047} INFO - Sync 1 DAGs
[2024-05-13T15:17:25.543+0000] {logging_mixin.py:188} INFO - [2024-05-13T15:17:25.543+0000] {dag.py:3834} INFO - Setting next_dagrun for example_sla_dag to 2024-05-13 15:14:00+00:00, run_after=2024-05-13 15:16:00+00:00
[2024-05-13T15:17:25.564+0000] {processor.py:183} INFO - Processing /home/airflow/.local/lib/python3.8/site-packages/airflow/example_dags/example_sla_dag.py took 0.087 seconds
[2024-05-13T15:17:55.920+0000] {processor.py:161} INFO - Started process (PID=461) to work on /home/airflow/.local/lib/python3.8/site-packages/airflow/example_dags/example_sla_dag.py
[2024-05-13T15:17:55.921+0000] {processor.py:830} INFO - Processing file /home/airflow/.local/lib/python3.8/site-packages/airflow/example_dags/example_sla_dag.py for tasks to queue
[2024-05-13T15:17:55.923+0000] {logging_mixin.py:188} INFO - [2024-05-13T15:17:55.923+0000] {dagbag.py:540} INFO - Filling up the DagBag from /home/airflow/.local/lib/python3.8/site-packages/airflow/example_dags/example_sla_dag.py
[2024-05-13T15:17:55.931+0000] {processor.py:840} INFO - DAG(s) 'example_sla_dag' retrieved from /home/airflow/.local/lib/python3.8/site-packages/airflow/example_dags/example_sla_dag.py
[2024-05-13T15:17:55.950+0000] {logging_mixin.py:188} INFO - [2024-05-13T15:17:55.950+0000] {dag.py:3047} INFO - Sync 1 DAGs
[2024-05-13T15:17:55.976+0000] {logging_mixin.py:188} INFO - [2024-05-13T15:17:55.976+0000] {dag.py:3834} INFO - Setting next_dagrun for example_sla_dag to 2024-05-13 15:14:00+00:00, run_after=2024-05-13 15:16:00+00:00
[2024-05-13T15:17:55.997+0000] {processor.py:183} INFO - Processing /home/airflow/.local/lib/python3.8/site-packages/airflow/example_dags/example_sla_dag.py took 0.080 seconds
[2024-05-13T15:18:26.932+0000] {processor.py:161} INFO - Started process (PID=529) to work on /home/airflow/.local/lib/python3.8/site-packages/airflow/example_dags/example_sla_dag.py
[2024-05-13T15:18:26.933+0000] {processor.py:830} INFO - Processing file /home/airflow/.local/lib/python3.8/site-packages/airflow/example_dags/example_sla_dag.py for tasks to queue
[2024-05-13T15:18:26.935+0000] {logging_mixin.py:188} INFO - [2024-05-13T15:18:26.935+0000] {dagbag.py:540} INFO - Filling up the DagBag from /home/airflow/.local/lib/python3.8/site-packages/airflow/example_dags/example_sla_dag.py
[2024-05-13T15:18:26.943+0000] {processor.py:840} INFO - DAG(s) 'example_sla_dag' retrieved from /home/airflow/.local/lib/python3.8/site-packages/airflow/example_dags/example_sla_dag.py
[2024-05-13T15:18:26.960+0000] {logging_mixin.py:188} INFO - [2024-05-13T15:18:26.960+0000] {dag.py:3047} INFO - Sync 1 DAGs
[2024-05-13T15:18:26.984+0000] {logging_mixin.py:188} INFO - [2024-05-13T15:18:26.983+0000] {dag.py:3834} INFO - Setting next_dagrun for example_sla_dag to 2024-05-13 15:16:00+00:00, run_after=2024-05-13 15:18:00+00:00
[2024-05-13T15:18:27.003+0000] {processor.py:183} INFO - Processing /home/airflow/.local/lib/python3.8/site-packages/airflow/example_dags/example_sla_dag.py took 0.073 seconds
[2024-05-13T15:18:57.432+0000] {processor.py:161} INFO - Started process (PID=597) to work on /home/airflow/.local/lib/python3.8/site-packages/airflow/example_dags/example_sla_dag.py
[2024-05-13T15:18:57.434+0000] {processor.py:830} INFO - Processing file /home/airflow/.local/lib/python3.8/site-packages/airflow/example_dags/example_sla_dag.py for tasks to queue
[2024-05-13T15:18:57.436+0000] {logging_mixin.py:188} INFO - [2024-05-13T15:18:57.436+0000] {dagbag.py:540} INFO - Filling up the DagBag from /home/airflow/.local/lib/python3.8/site-packages/airflow/example_dags/example_sla_dag.py
[2024-05-13T15:18:57.446+0000] {processor.py:840} INFO - DAG(s) 'example_sla_dag' retrieved from /home/airflow/.local/lib/python3.8/site-packages/airflow/example_dags/example_sla_dag.py
[2024-05-13T15:18:57.470+0000] {logging_mixin.py:188} INFO - [2024-05-13T15:18:57.470+0000] {dag.py:3047} INFO - Sync 1 DAGs
[2024-05-13T15:18:57.498+0000] {logging_mixin.py:188} INFO - [2024-05-13T15:18:57.497+0000] {dag.py:3834} INFO - Setting next_dagrun for example_sla_dag to 2024-05-13 15:16:00+00:00, run_after=2024-05-13 15:18:00+00:00
[2024-05-13T15:18:57.519+0000] {processor.py:183} INFO - Processing /home/airflow/.local/lib/python3.8/site-packages/airflow/example_dags/example_sla_dag.py took 0.092 seconds
[2024-05-13T15:19:28.527+0000] {processor.py:161} INFO - Started process (PID=665) to work on /home/airflow/.local/lib/python3.8/site-packages/airflow/example_dags/example_sla_dag.py
[2024-05-13T15:19:28.529+0000] {processor.py:830} INFO - Processing file /home/airflow/.local/lib/python3.8/site-packages/airflow/example_dags/example_sla_dag.py for tasks to queue
[2024-05-13T15:19:28.531+0000] {logging_mixin.py:188} INFO - [2024-05-13T15:19:28.531+0000] {dagbag.py:540} INFO - Filling up the DagBag from /home/airflow/.local/lib/python3.8/site-packages/airflow/example_dags/example_sla_dag.py
[2024-05-13T15:19:28.545+0000] {processor.py:840} INFO - DAG(s) 'example_sla_dag' retrieved from /home/airflow/.local/lib/python3.8/site-packages/airflow/example_dags/example_sla_dag.py
[2024-05-13T15:19:28.568+0000] {logging_mixin.py:188} INFO - [2024-05-13T15:19:28.568+0000] {dag.py:3047} INFO - Sync 1 DAGs
[2024-05-13T15:19:28.596+0000] {logging_mixin.py:188} INFO - [2024-05-13T15:19:28.596+0000] {dag.py:3834} INFO - Setting next_dagrun for example_sla_dag to 2024-05-13 15:16:00+00:00, run_after=2024-05-13 15:18:00+00:00
[2024-05-13T15:19:28.622+0000] {processor.py:183} INFO - Processing /home/airflow/.local/lib/python3.8/site-packages/airflow/example_dags/example_sla_dag.py took 0.100 seconds
[2024-05-13T15:19:59.450+0000] {processor.py:161} INFO - Started process (PID=733) to work on /home/airflow/.local/lib/python3.8/site-packages/airflow/example_dags/example_sla_dag.py
[2024-05-13T15:19:59.451+0000] {processor.py:830} INFO - Processing file /home/airflow/.local/lib/python3.8/site-packages/airflow/example_dags/example_sla_dag.py for tasks to queue
[2024-05-13T15:19:59.453+0000] {logging_mixin.py:188} INFO - [2024-05-13T15:19:59.453+0000] {dagbag.py:540} INFO - Filling up the DagBag from /home/airflow/.local/lib/python3.8/site-packages/airflow/example_dags/example_sla_dag.py
[2024-05-13T15:19:59.461+0000] {processor.py:840} INFO - DAG(s) 'example_sla_dag' retrieved from /home/airflow/.local/lib/python3.8/site-packages/airflow/example_dags/example_sla_dag.py
[2024-05-13T15:19:59.481+0000] {logging_mixin.py:188} INFO - [2024-05-13T15:19:59.481+0000] {dag.py:3047} INFO - Sync 1 DAGs
[2024-05-13T15:19:59.503+0000] {logging_mixin.py:188} INFO - [2024-05-13T15:19:59.503+0000] {dag.py:3834} INFO - Setting next_dagrun for example_sla_dag to 2024-05-13 15:16:00+00:00, run_after=2024-05-13 15:18:00+00:00
[2024-05-13T15:19:59.523+0000] {processor.py:183} INFO - Processing /home/airflow/.local/lib/python3.8/site-packages/airflow/example_dags/example_sla_dag.py took 0.075 seconds
[2024-05-13T15:20:29.862+0000] {processor.py:161} INFO - Started process (PID=788) to work on /home/airflow/.local/lib/python3.8/site-packages/airflow/example_dags/example_sla_dag.py
[2024-05-13T15:20:29.863+0000] {processor.py:830} INFO - Processing file /home/airflow/.local/lib/python3.8/site-packages/airflow/example_dags/example_sla_dag.py for tasks to queue
[2024-05-13T15:20:29.866+0000] {logging_mixin.py:188} INFO - [2024-05-13T15:20:29.865+0000] {dagbag.py:540} INFO - Filling up the DagBag from /home/airflow/.local/lib/python3.8/site-packages/airflow/example_dags/example_sla_dag.py
[2024-05-13T15:20:29.874+0000] {processor.py:840} INFO - DAG(s) 'example_sla_dag' retrieved from /home/airflow/.local/lib/python3.8/site-packages/airflow/example_dags/example_sla_dag.py
[2024-05-13T15:20:29.894+0000] {logging_mixin.py:188} INFO - [2024-05-13T15:20:29.893+0000] {dag.py:3047} INFO - Sync 1 DAGs
[2024-05-13T15:20:29.921+0000] {logging_mixin.py:188} INFO - [2024-05-13T15:20:29.921+0000] {dag.py:3834} INFO - Setting next_dagrun for example_sla_dag to 2024-05-13 15:18:00+00:00, run_after=2024-05-13 15:20:00+00:00
[2024-05-13T15:20:29.944+0000] {processor.py:183} INFO - Processing /home/airflow/.local/lib/python3.8/site-packages/airflow/example_dags/example_sla_dag.py took 0.085 seconds
[2024-05-13T15:21:00.129+0000] {processor.py:161} INFO - Started process (PID=860) to work on /home/airflow/.local/lib/python3.8/site-packages/airflow/example_dags/example_sla_dag.py
[2024-05-13T15:21:00.130+0000] {processor.py:830} INFO - Processing file /home/airflow/.local/lib/python3.8/site-packages/airflow/example_dags/example_sla_dag.py for tasks to queue
[2024-05-13T15:21:00.132+0000] {logging_mixin.py:188} INFO - [2024-05-13T15:21:00.132+0000] {dagbag.py:540} INFO - Filling up the DagBag from /home/airflow/.local/lib/python3.8/site-packages/airflow/example_dags/example_sla_dag.py
[2024-05-13T15:21:00.142+0000] {processor.py:840} INFO - DAG(s) 'example_sla_dag' retrieved from /home/airflow/.local/lib/python3.8/site-packages/airflow/example_dags/example_sla_dag.py
[2024-05-13T15:21:00.163+0000] {logging_mixin.py:188} INFO - [2024-05-13T15:21:00.163+0000] {dag.py:3047} INFO - Sync 1 DAGs
[2024-05-13T15:21:00.188+0000] {logging_mixin.py:188} INFO - [2024-05-13T15:21:00.188+0000] {dag.py:3834} INFO - Setting next_dagrun for example_sla_dag to 2024-05-13 15:18:00+00:00, run_after=2024-05-13 15:20:00+00:00
[2024-05-13T15:21:00.210+0000] {processor.py:183} INFO - Processing /home/airflow/.local/lib/python3.8/site-packages/airflow/example_dags/example_sla_dag.py took 0.085 seconds
[2024-05-13T15:21:30.299+0000] {processor.py:161} INFO - Started process (PID=928) to work on /home/airflow/.local/lib/python3.8/site-packages/airflow/example_dags/example_sla_dag.py
[2024-05-13T15:21:30.300+0000] {processor.py:830} INFO - Processing file /home/airflow/.local/lib/python3.8/site-packages/airflow/example_dags/example_sla_dag.py for tasks to queue
[2024-05-13T15:21:30.303+0000] {logging_mixin.py:188} INFO - [2024-05-13T15:21:30.302+0000] {dagbag.py:540} INFO - Filling up the DagBag from /home/airflow/.local/lib/python3.8/site-packages/airflow/example_dags/example_sla_dag.py
[2024-05-13T15:21:30.312+0000] {processor.py:840} INFO - DAG(s) 'example_sla_dag' retrieved from /home/airflow/.local/lib/python3.8/site-packages/airflow/example_dags/example_sla_dag.py
[2024-05-13T15:21:30.332+0000] {logging_mixin.py:188} INFO - [2024-05-13T15:21:30.332+0000] {dag.py:3047} INFO - Sync 1 DAGs
[2024-05-13T15:21:30.357+0000] {logging_mixin.py:188} INFO - [2024-05-13T15:21:30.357+0000] {dag.py:3834} INFO - Setting next_dagrun for example_sla_dag to 2024-05-13 15:18:00+00:00, run_after=2024-05-13 15:20:00+00:00
[2024-05-13T15:21:30.379+0000] {processor.py:183} INFO - Processing /home/airflow/.local/lib/python3.8/site-packages/airflow/example_dags/example_sla_dag.py took 0.083 seconds
[2024-05-13T15:22:00.684+0000] {processor.py:161} INFO - Started process (PID=996) to work on /home/airflow/.local/lib/python3.8/site-packages/airflow/example_dags/example_sla_dag.py
[2024-05-13T15:22:00.685+0000] {processor.py:830} INFO - Processing file /home/airflow/.local/lib/python3.8/site-packages/airflow/example_dags/example_sla_dag.py for tasks to queue
[2024-05-13T15:22:00.688+0000] {logging_mixin.py:188} INFO - [2024-05-13T15:22:00.687+0000] {dagbag.py:540} INFO - Filling up the DagBag from /home/airflow/.local/lib/python3.8/site-packages/airflow/example_dags/example_sla_dag.py
[2024-05-13T15:22:00.698+0000] {processor.py:840} INFO - DAG(s) 'example_sla_dag' retrieved from /home/airflow/.local/lib/python3.8/site-packages/airflow/example_dags/example_sla_dag.py
[2024-05-13T15:22:00.723+0000] {logging_mixin.py:188} INFO - [2024-05-13T15:22:00.722+0000] {dag.py:3047} INFO - Sync 1 DAGs
[2024-05-13T15:22:00.756+0000] {logging_mixin.py:188} INFO - [2024-05-13T15:22:00.755+0000] {dag.py:3834} INFO - Setting next_dagrun for example_sla_dag to 2024-05-13 15:20:00+00:00, run_after=2024-05-13 15:22:00+00:00
[2024-05-13T15:22:00.779+0000] {processor.py:183} INFO - Processing /home/airflow/.local/lib/python3.8/site-packages/airflow/example_dags/example_sla_dag.py took 0.099 seconds
[2024-05-13T15:22:31.561+0000] {processor.py:161} INFO - Started process (PID=1064) to work on /home/airflow/.local/lib/python3.8/site-packages/airflow/example_dags/example_sla_dag.py
[2024-05-13T15:22:31.562+0000] {processor.py:830} INFO - Processing file /home/airflow/.local/lib/python3.8/site-packages/airflow/example_dags/example_sla_dag.py for tasks to queue
[2024-05-13T15:22:31.564+0000] {logging_mixin.py:188} INFO - [2024-05-13T15:22:31.564+0000] {dagbag.py:540} INFO - Filling up the DagBag from /home/airflow/.local/lib/python3.8/site-packages/airflow/example_dags/example_sla_dag.py
[2024-05-13T15:22:31.575+0000] {processor.py:840} INFO - DAG(s) 'example_sla_dag' retrieved from /home/airflow/.local/lib/python3.8/site-packages/airflow/example_dags/example_sla_dag.py
[2024-05-13T15:22:31.593+0000] {logging_mixin.py:188} INFO - [2024-05-13T15:22:31.593+0000] {dag.py:3047} INFO - Sync 1 DAGs
[2024-05-13T15:22:31.617+0000] {logging_mixin.py:188} INFO - [2024-05-13T15:22:31.617+0000] {dag.py:3834} INFO - Setting next_dagrun for example_sla_dag to 2024-05-13 15:20:00+00:00, run_after=2024-05-13 15:22:00+00:00
[2024-05-13T15:22:31.638+0000] {processor.py:183} INFO - Processing /home/airflow/.local/lib/python3.8/site-packages/airflow/example_dags/example_sla_dag.py took 0.079 seconds
[2024-05-13T15:23:01.877+0000] {processor.py:161} INFO - Started process (PID=1133) to work on /home/airflow/.local/lib/python3.8/site-packages/airflow/example_dags/example_sla_dag.py
[2024-05-13T15:23:01.878+0000] {processor.py:830} INFO - Processing file /home/airflow/.local/lib/python3.8/site-packages/airflow/example_dags/example_sla_dag.py for tasks to queue
[2024-05-13T15:23:01.880+0000] {logging_mixin.py:188} INFO - [2024-05-13T15:23:01.879+0000] {dagbag.py:540} INFO - Filling up the DagBag from /home/airflow/.local/lib/python3.8/site-packages/airflow/example_dags/example_sla_dag.py
[2024-05-13T15:23:01.888+0000] {processor.py:840} INFO - DAG(s) 'example_sla_dag' retrieved from /home/airflow/.local/lib/python3.8/site-packages/airflow/example_dags/example_sla_dag.py
[2024-05-13T15:23:01.908+0000] {logging_mixin.py:188} INFO - [2024-05-13T15:23:01.908+0000] {dag.py:3047} INFO - Sync 1 DAGs
[2024-05-13T15:23:01.932+0000] {logging_mixin.py:188} INFO - [2024-05-13T15:23:01.931+0000] {dag.py:3834} INFO - Setting next_dagrun for example_sla_dag to 2024-05-13 15:20:00+00:00, run_after=2024-05-13 15:22:00+00:00
[2024-05-13T15:23:01.953+0000] {processor.py:183} INFO - Processing /home/airflow/.local/lib/python3.8/site-packages/airflow/example_dags/example_sla_dag.py took 0.079 seconds
[2024-05-13T15:23:32.405+0000] {processor.py:161} INFO - Started process (PID=1201) to work on /home/airflow/.local/lib/python3.8/site-packages/airflow/example_dags/example_sla_dag.py
[2024-05-13T15:23:32.406+0000] {processor.py:830} INFO - Processing file /home/airflow/.local/lib/python3.8/site-packages/airflow/example_dags/example_sla_dag.py for tasks to queue
[2024-05-13T15:23:32.408+0000] {logging_mixin.py:188} INFO - [2024-05-13T15:23:32.408+0000] {dagbag.py:540} INFO - Filling up the DagBag from /home/airflow/.local/lib/python3.8/site-packages/airflow/example_dags/example_sla_dag.py
[2024-05-13T15:23:32.417+0000] {processor.py:840} INFO - DAG(s) 'example_sla_dag' retrieved from /home/airflow/.local/lib/python3.8/site-packages/airflow/example_dags/example_sla_dag.py
[2024-05-13T15:23:32.437+0000] {logging_mixin.py:188} INFO - [2024-05-13T15:23:32.437+0000] {dag.py:3047} INFO - Sync 1 DAGs
[2024-05-13T15:23:32.467+0000] {logging_mixin.py:188} INFO - [2024-05-13T15:23:32.467+0000] {dag.py:3834} INFO - Setting next_dagrun for example_sla_dag to 2024-05-13 15:20:00+00:00, run_after=2024-05-13 15:22:00+00:00
[2024-05-13T15:23:32.490+0000] {processor.py:183} INFO - Processing /home/airflow/.local/lib/python3.8/site-packages/airflow/example_dags/example_sla_dag.py took 0.088 seconds
[2024-05-13T15:24:03.109+0000] {processor.py:161} INFO - Started process (PID=1269) to work on /home/airflow/.local/lib/python3.8/site-packages/airflow/example_dags/example_sla_dag.py
[2024-05-13T15:24:03.110+0000] {processor.py:830} INFO - Processing file /home/airflow/.local/lib/python3.8/site-packages/airflow/example_dags/example_sla_dag.py for tasks to queue
[2024-05-13T15:24:03.112+0000] {logging_mixin.py:188} INFO - [2024-05-13T15:24:03.112+0000] {dagbag.py:540} INFO - Filling up the DagBag from /home/airflow/.local/lib/python3.8/site-packages/airflow/example_dags/example_sla_dag.py
[2024-05-13T15:24:03.120+0000] {processor.py:840} INFO - DAG(s) 'example_sla_dag' retrieved from /home/airflow/.local/lib/python3.8/site-packages/airflow/example_dags/example_sla_dag.py
[2024-05-13T15:24:03.139+0000] {logging_mixin.py:188} INFO - [2024-05-13T15:24:03.138+0000] {dag.py:3047} INFO - Sync 1 DAGs
[2024-05-13T15:24:03.162+0000] {logging_mixin.py:188} INFO - [2024-05-13T15:24:03.161+0000] {dag.py:3834} INFO - Setting next_dagrun for example_sla_dag to 2024-05-13 15:22:00+00:00, run_after=2024-05-13 15:24:00+00:00
[2024-05-13T15:24:03.180+0000] {processor.py:183} INFO - Processing /home/airflow/.local/lib/python3.8/site-packages/airflow/example_dags/example_sla_dag.py took 0.075 seconds
[2024-05-13T15:24:33.245+0000] {processor.py:161} INFO - Started process (PID=1337) to work on /home/airflow/.local/lib/python3.8/site-packages/airflow/example_dags/example_sla_dag.py
[2024-05-13T15:24:33.246+0000] {processor.py:830} INFO - Processing file /home/airflow/.local/lib/python3.8/site-packages/airflow/example_dags/example_sla_dag.py for tasks to queue
[2024-05-13T15:24:33.248+0000] {logging_mixin.py:188} INFO - [2024-05-13T15:24:33.247+0000] {dagbag.py:540} INFO - Filling up the DagBag from /home/airflow/.local/lib/python3.8/site-packages/airflow/example_dags/example_sla_dag.py
[2024-05-13T15:24:33.256+0000] {processor.py:840} INFO - DAG(s) 'example_sla_dag' retrieved from /home/airflow/.local/lib/python3.8/site-packages/airflow/example_dags/example_sla_dag.py
[2024-05-13T15:24:33.274+0000] {logging_mixin.py:188} INFO - [2024-05-13T15:24:33.274+0000] {dag.py:3047} INFO - Sync 1 DAGs
[2024-05-13T15:24:33.296+0000] {logging_mixin.py:188} INFO - [2024-05-13T15:24:33.296+0000] {dag.py:3834} INFO - Setting next_dagrun for example_sla_dag to 2024-05-13 15:22:00+00:00, run_after=2024-05-13 15:24:00+00:00
[2024-05-13T15:24:33.316+0000] {processor.py:183} INFO - Processing /home/airflow/.local/lib/python3.8/site-packages/airflow/example_dags/example_sla_dag.py took 0.074 seconds
[2024-05-13T15:25:03.446+0000] {processor.py:161} INFO - Started process (PID=1405) to work on /home/airflow/.local/lib/python3.8/site-packages/airflow/example_dags/example_sla_dag.py
[2024-05-13T15:25:03.447+0000] {processor.py:830} INFO - Processing file /home/airflow/.local/lib/python3.8/site-packages/airflow/example_dags/example_sla_dag.py for tasks to queue
[2024-05-13T15:25:03.449+0000] {logging_mixin.py:188} INFO - [2024-05-13T15:25:03.448+0000] {dagbag.py:540} INFO - Filling up the DagBag from /home/airflow/.local/lib/python3.8/site-packages/airflow/example_dags/example_sla_dag.py
[2024-05-13T15:25:03.456+0000] {processor.py:840} INFO - DAG(s) 'example_sla_dag' retrieved from /home/airflow/.local/lib/python3.8/site-packages/airflow/example_dags/example_sla_dag.py
[2024-05-13T15:25:03.473+0000] {logging_mixin.py:188} INFO - [2024-05-13T15:25:03.473+0000] {dag.py:3047} INFO - Sync 1 DAGs
[2024-05-13T15:25:03.496+0000] {logging_mixin.py:188} INFO - [2024-05-13T15:25:03.496+0000] {dag.py:3834} INFO - Setting next_dagrun for example_sla_dag to 2024-05-13 15:22:00+00:00, run_after=2024-05-13 15:24:00+00:00
[2024-05-13T15:25:03.513+0000] {processor.py:183} INFO - Processing /home/airflow/.local/lib/python3.8/site-packages/airflow/example_dags/example_sla_dag.py took 0.070 seconds
[2024-05-13T15:25:33.626+0000] {processor.py:161} INFO - Started process (PID=1474) to work on /home/airflow/.local/lib/python3.8/site-packages/airflow/example_dags/example_sla_dag.py
[2024-05-13T15:25:33.627+0000] {processor.py:830} INFO - Processing file /home/airflow/.local/lib/python3.8/site-packages/airflow/example_dags/example_sla_dag.py for tasks to queue
[2024-05-13T15:25:33.629+0000] {logging_mixin.py:188} INFO - [2024-05-13T15:25:33.629+0000] {dagbag.py:540} INFO - Filling up the DagBag from /home/airflow/.local/lib/python3.8/site-packages/airflow/example_dags/example_sla_dag.py
[2024-05-13T15:25:33.637+0000] {processor.py:840} INFO - DAG(s) 'example_sla_dag' retrieved from /home/airflow/.local/lib/python3.8/site-packages/airflow/example_dags/example_sla_dag.py
[2024-05-13T15:25:33.654+0000] {logging_mixin.py:188} INFO - [2024-05-13T15:25:33.654+0000] {dag.py:3047} INFO - Sync 1 DAGs
[2024-05-13T15:25:33.677+0000] {logging_mixin.py:188} INFO - [2024-05-13T15:25:33.677+0000] {dag.py:3834} INFO - Setting next_dagrun for example_sla_dag to 2024-05-13 15:22:00+00:00, run_after=2024-05-13 15:24:00+00:00
[2024-05-13T15:25:33.698+0000] {processor.py:183} INFO - Processing /home/airflow/.local/lib/python3.8/site-packages/airflow/example_dags/example_sla_dag.py took 0.075 seconds
[2024-05-13T15:26:04.103+0000] {processor.py:161} INFO - Started process (PID=1542) to work on /home/airflow/.local/lib/python3.8/site-packages/airflow/example_dags/example_sla_dag.py
[2024-05-13T15:26:04.104+0000] {processor.py:830} INFO - Processing file /home/airflow/.local/lib/python3.8/site-packages/airflow/example_dags/example_sla_dag.py for tasks to queue
[2024-05-13T15:26:04.106+0000] {logging_mixin.py:188} INFO - [2024-05-13T15:26:04.105+0000] {dagbag.py:540} INFO - Filling up the DagBag from /home/airflow/.local/lib/python3.8/site-packages/airflow/example_dags/example_sla_dag.py
[2024-05-13T15:26:04.113+0000] {processor.py:840} INFO - DAG(s) 'example_sla_dag' retrieved from /home/airflow/.local/lib/python3.8/site-packages/airflow/example_dags/example_sla_dag.py
[2024-05-13T15:26:04.131+0000] {logging_mixin.py:188} INFO - [2024-05-13T15:26:04.131+0000] {dag.py:3047} INFO - Sync 1 DAGs
[2024-05-13T15:26:04.153+0000] {logging_mixin.py:188} INFO - [2024-05-13T15:26:04.153+0000] {dag.py:3834} INFO - Setting next_dagrun for example_sla_dag to 2024-05-13 15:24:00+00:00, run_after=2024-05-13 15:26:00+00:00
[2024-05-13T15:26:04.174+0000] {processor.py:183} INFO - Processing /home/airflow/.local/lib/python3.8/site-packages/airflow/example_dags/example_sla_dag.py took 0.074 seconds
[2024-05-13T15:26:34.309+0000] {processor.py:161} INFO - Started process (PID=1610) to work on /home/airflow/.local/lib/python3.8/site-packages/airflow/example_dags/example_sla_dag.py
[2024-05-13T15:26:34.310+0000] {processor.py:830} INFO - Processing file /home/airflow/.local/lib/python3.8/site-packages/airflow/example_dags/example_sla_dag.py for tasks to queue
[2024-05-13T15:26:34.312+0000] {logging_mixin.py:188} INFO - [2024-05-13T15:26:34.312+0000] {dagbag.py:540} INFO - Filling up the DagBag from /home/airflow/.local/lib/python3.8/site-packages/airflow/example_dags/example_sla_dag.py
[2024-05-13T15:26:34.320+0000] {processor.py:840} INFO - DAG(s) 'example_sla_dag' retrieved from /home/airflow/.local/lib/python3.8/site-packages/airflow/example_dags/example_sla_dag.py
[2024-05-13T15:26:34.340+0000] {logging_mixin.py:188} INFO - [2024-05-13T15:26:34.339+0000] {dag.py:3047} INFO - Sync 1 DAGs
[2024-05-13T15:26:34.363+0000] {logging_mixin.py:188} INFO - [2024-05-13T15:26:34.363+0000] {dag.py:3834} INFO - Setting next_dagrun for example_sla_dag to 2024-05-13 15:24:00+00:00, run_after=2024-05-13 15:26:00+00:00
[2024-05-13T15:26:34.382+0000] {processor.py:183} INFO - Processing /home/airflow/.local/lib/python3.8/site-packages/airflow/example_dags/example_sla_dag.py took 0.075 seconds
[2024-05-13T15:27:04.737+0000] {processor.py:161} INFO - Started process (PID=1678) to work on /home/airflow/.local/lib/python3.8/site-packages/airflow/example_dags/example_sla_dag.py
[2024-05-13T15:27:04.739+0000] {processor.py:830} INFO - Processing file /home/airflow/.local/lib/python3.8/site-packages/airflow/example_dags/example_sla_dag.py for tasks to queue
[2024-05-13T15:27:04.741+0000] {logging_mixin.py:188} INFO - [2024-05-13T15:27:04.741+0000] {dagbag.py:540} INFO - Filling up the DagBag from /home/airflow/.local/lib/python3.8/site-packages/airflow/example_dags/example_sla_dag.py
[2024-05-13T15:27:04.749+0000] {processor.py:840} INFO - DAG(s) 'example_sla_dag' retrieved from /home/airflow/.local/lib/python3.8/site-packages/airflow/example_dags/example_sla_dag.py
[2024-05-13T15:27:04.769+0000] {logging_mixin.py:188} INFO - [2024-05-13T15:27:04.768+0000] {dag.py:3047} INFO - Sync 1 DAGs
[2024-05-13T15:27:04.790+0000] {logging_mixin.py:188} INFO - [2024-05-13T15:27:04.790+0000] {dag.py:3834} INFO - Setting next_dagrun for example_sla_dag to 2024-05-13 15:24:00+00:00, run_after=2024-05-13 15:26:00+00:00
[2024-05-13T15:27:04.808+0000] {processor.py:183} INFO - Processing /home/airflow/.local/lib/python3.8/site-packages/airflow/example_dags/example_sla_dag.py took 0.074 seconds
[2024-05-13T15:27:35.430+0000] {processor.py:161} INFO - Started process (PID=1746) to work on /home/airflow/.local/lib/python3.8/site-packages/airflow/example_dags/example_sla_dag.py
[2024-05-13T15:27:35.431+0000] {processor.py:830} INFO - Processing file /home/airflow/.local/lib/python3.8/site-packages/airflow/example_dags/example_sla_dag.py for tasks to queue
[2024-05-13T15:27:35.433+0000] {logging_mixin.py:188} INFO - [2024-05-13T15:27:35.432+0000] {dagbag.py:540} INFO - Filling up the DagBag from /home/airflow/.local/lib/python3.8/site-packages/airflow/example_dags/example_sla_dag.py
[2024-05-13T15:27:35.441+0000] {processor.py:840} INFO - DAG(s) 'example_sla_dag' retrieved from /home/airflow/.local/lib/python3.8/site-packages/airflow/example_dags/example_sla_dag.py
[2024-05-13T15:27:35.459+0000] {logging_mixin.py:188} INFO - [2024-05-13T15:27:35.458+0000] {dag.py:3047} INFO - Sync 1 DAGs
[2024-05-13T15:27:35.497+0000] {logging_mixin.py:188} INFO - [2024-05-13T15:27:35.496+0000] {dag.py:3834} INFO - Setting next_dagrun for example_sla_dag to 2024-05-13 15:24:00+00:00, run_after=2024-05-13 15:26:00+00:00
[2024-05-13T15:27:35.516+0000] {processor.py:183} INFO - Processing /home/airflow/.local/lib/python3.8/site-packages/airflow/example_dags/example_sla_dag.py took 0.089 seconds
[2024-05-13T15:28:05.593+0000] {processor.py:161} INFO - Started process (PID=1814) to work on /home/airflow/.local/lib/python3.8/site-packages/airflow/example_dags/example_sla_dag.py
[2024-05-13T15:28:05.594+0000] {processor.py:830} INFO - Processing file /home/airflow/.local/lib/python3.8/site-packages/airflow/example_dags/example_sla_dag.py for tasks to queue
[2024-05-13T15:28:05.595+0000] {logging_mixin.py:188} INFO - [2024-05-13T15:28:05.595+0000] {dagbag.py:540} INFO - Filling up the DagBag from /home/airflow/.local/lib/python3.8/site-packages/airflow/example_dags/example_sla_dag.py
[2024-05-13T15:28:05.604+0000] {processor.py:840} INFO - DAG(s) 'example_sla_dag' retrieved from /home/airflow/.local/lib/python3.8/site-packages/airflow/example_dags/example_sla_dag.py
[2024-05-13T15:28:05.622+0000] {logging_mixin.py:188} INFO - [2024-05-13T15:28:05.622+0000] {dag.py:3047} INFO - Sync 1 DAGs
[2024-05-13T15:28:05.643+0000] {logging_mixin.py:188} INFO - [2024-05-13T15:28:05.643+0000] {dag.py:3834} INFO - Setting next_dagrun for example_sla_dag to 2024-05-13 15:26:00+00:00, run_after=2024-05-13 15:28:00+00:00
[2024-05-13T15:28:05.660+0000] {processor.py:183} INFO - Processing /home/airflow/.local/lib/python3.8/site-packages/airflow/example_dags/example_sla_dag.py took 0.071 seconds
[2024-05-13T15:28:35.900+0000] {processor.py:161} INFO - Started process (PID=1882) to work on /home/airflow/.local/lib/python3.8/site-packages/airflow/example_dags/example_sla_dag.py
[2024-05-13T15:28:35.901+0000] {processor.py:830} INFO - Processing file /home/airflow/.local/lib/python3.8/site-packages/airflow/example_dags/example_sla_dag.py for tasks to queue
[2024-05-13T15:28:35.903+0000] {logging_mixin.py:188} INFO - [2024-05-13T15:28:35.902+0000] {dagbag.py:540} INFO - Filling up the DagBag from /home/airflow/.local/lib/python3.8/site-packages/airflow/example_dags/example_sla_dag.py
[2024-05-13T15:28:35.910+0000] {processor.py:840} INFO - DAG(s) 'example_sla_dag' retrieved from /home/airflow/.local/lib/python3.8/site-packages/airflow/example_dags/example_sla_dag.py
[2024-05-13T15:28:35.926+0000] {logging_mixin.py:188} INFO - [2024-05-13T15:28:35.926+0000] {dag.py:3047} INFO - Sync 1 DAGs
[2024-05-13T15:28:35.948+0000] {logging_mixin.py:188} INFO - [2024-05-13T15:28:35.948+0000] {dag.py:3834} INFO - Setting next_dagrun for example_sla_dag to 2024-05-13 15:26:00+00:00, run_after=2024-05-13 15:28:00+00:00
[2024-05-13T15:28:35.965+0000] {processor.py:183} INFO - Processing /home/airflow/.local/lib/python3.8/site-packages/airflow/example_dags/example_sla_dag.py took 0.068 seconds
[2024-05-13T15:29:06.109+0000] {processor.py:161} INFO - Started process (PID=1950) to work on /home/airflow/.local/lib/python3.8/site-packages/airflow/example_dags/example_sla_dag.py
[2024-05-13T15:29:06.110+0000] {processor.py:830} INFO - Processing file /home/airflow/.local/lib/python3.8/site-packages/airflow/example_dags/example_sla_dag.py for tasks to queue
[2024-05-13T15:29:06.112+0000] {logging_mixin.py:188} INFO - [2024-05-13T15:29:06.112+0000] {dagbag.py:540} INFO - Filling up the DagBag from /home/airflow/.local/lib/python3.8/site-packages/airflow/example_dags/example_sla_dag.py
[2024-05-13T15:29:06.120+0000] {processor.py:840} INFO - DAG(s) 'example_sla_dag' retrieved from /home/airflow/.local/lib/python3.8/site-packages/airflow/example_dags/example_sla_dag.py
[2024-05-13T15:29:06.142+0000] {logging_mixin.py:188} INFO - [2024-05-13T15:29:06.142+0000] {dag.py:3047} INFO - Sync 1 DAGs
[2024-05-13T15:29:06.170+0000] {logging_mixin.py:188} INFO - [2024-05-13T15:29:06.170+0000] {dag.py:3834} INFO - Setting next_dagrun for example_sla_dag to 2024-05-13 15:26:00+00:00, run_after=2024-05-13 15:28:00+00:00
[2024-05-13T15:29:06.190+0000] {processor.py:183} INFO - Processing /home/airflow/.local/lib/python3.8/site-packages/airflow/example_dags/example_sla_dag.py took 0.084 seconds
[2024-05-13T15:29:36.901+0000] {processor.py:161} INFO - Started process (PID=2018) to work on /home/airflow/.local/lib/python3.8/site-packages/airflow/example_dags/example_sla_dag.py
[2024-05-13T15:29:36.902+0000] {processor.py:830} INFO - Processing file /home/airflow/.local/lib/python3.8/site-packages/airflow/example_dags/example_sla_dag.py for tasks to queue
[2024-05-13T15:29:36.904+0000] {logging_mixin.py:188} INFO - [2024-05-13T15:29:36.903+0000] {dagbag.py:540} INFO - Filling up the DagBag from /home/airflow/.local/lib/python3.8/site-packages/airflow/example_dags/example_sla_dag.py
[2024-05-13T15:29:36.913+0000] {processor.py:840} INFO - DAG(s) 'example_sla_dag' retrieved from /home/airflow/.local/lib/python3.8/site-packages/airflow/example_dags/example_sla_dag.py
[2024-05-13T15:29:36.933+0000] {logging_mixin.py:188} INFO - [2024-05-13T15:29:36.933+0000] {dag.py:3047} INFO - Sync 1 DAGs
[2024-05-13T15:29:36.956+0000] {logging_mixin.py:188} INFO - [2024-05-13T15:29:36.955+0000] {dag.py:3834} INFO - Setting next_dagrun for example_sla_dag to 2024-05-13 15:26:00+00:00, run_after=2024-05-13 15:28:00+00:00
[2024-05-13T15:29:36.974+0000] {processor.py:183} INFO - Processing /home/airflow/.local/lib/python3.8/site-packages/airflow/example_dags/example_sla_dag.py took 0.076 seconds
[2024-05-13T15:30:07.341+0000] {processor.py:161} INFO - Started process (PID=2086) to work on /home/airflow/.local/lib/python3.8/site-packages/airflow/example_dags/example_sla_dag.py
[2024-05-13T15:30:07.342+0000] {processor.py:830} INFO - Processing file /home/airflow/.local/lib/python3.8/site-packages/airflow/example_dags/example_sla_dag.py for tasks to queue
[2024-05-13T15:30:07.344+0000] {logging_mixin.py:188} INFO - [2024-05-13T15:30:07.344+0000] {dagbag.py:540} INFO - Filling up the DagBag from /home/airflow/.local/lib/python3.8/site-packages/airflow/example_dags/example_sla_dag.py
[2024-05-13T15:30:07.352+0000] {processor.py:840} INFO - DAG(s) 'example_sla_dag' retrieved from /home/airflow/.local/lib/python3.8/site-packages/airflow/example_dags/example_sla_dag.py
[2024-05-13T15:30:07.370+0000] {logging_mixin.py:188} INFO - [2024-05-13T15:30:07.369+0000] {dag.py:3047} INFO - Sync 1 DAGs
[2024-05-13T15:30:07.393+0000] {logging_mixin.py:188} INFO - [2024-05-13T15:30:07.392+0000] {dag.py:3834} INFO - Setting next_dagrun for example_sla_dag to 2024-05-13 15:28:00+00:00, run_after=2024-05-13 15:30:00+00:00
[2024-05-13T15:30:07.411+0000] {processor.py:183} INFO - Processing /home/airflow/.local/lib/python3.8/site-packages/airflow/example_dags/example_sla_dag.py took 0.073 seconds
[2024-05-13T15:30:37.461+0000] {processor.py:161} INFO - Started process (PID=2154) to work on /home/airflow/.local/lib/python3.8/site-packages/airflow/example_dags/example_sla_dag.py
[2024-05-13T15:30:37.462+0000] {processor.py:830} INFO - Processing file /home/airflow/.local/lib/python3.8/site-packages/airflow/example_dags/example_sla_dag.py for tasks to queue
[2024-05-13T15:30:37.463+0000] {logging_mixin.py:188} INFO - [2024-05-13T15:30:37.463+0000] {dagbag.py:540} INFO - Filling up the DagBag from /home/airflow/.local/lib/python3.8/site-packages/airflow/example_dags/example_sla_dag.py
[2024-05-13T15:30:37.471+0000] {processor.py:840} INFO - DAG(s) 'example_sla_dag' retrieved from /home/airflow/.local/lib/python3.8/site-packages/airflow/example_dags/example_sla_dag.py
[2024-05-13T15:30:37.488+0000] {logging_mixin.py:188} INFO - [2024-05-13T15:30:37.488+0000] {dag.py:3047} INFO - Sync 1 DAGs
[2024-05-13T15:30:37.510+0000] {logging_mixin.py:188} INFO - [2024-05-13T15:30:37.510+0000] {dag.py:3834} INFO - Setting next_dagrun for example_sla_dag to 2024-05-13 15:28:00+00:00, run_after=2024-05-13 15:30:00+00:00
[2024-05-13T15:30:37.527+0000] {processor.py:183} INFO - Processing /home/airflow/.local/lib/python3.8/site-packages/airflow/example_dags/example_sla_dag.py took 0.069 seconds
[2024-05-13T15:31:07.635+0000] {processor.py:161} INFO - Started process (PID=2222) to work on /home/airflow/.local/lib/python3.8/site-packages/airflow/example_dags/example_sla_dag.py
[2024-05-13T15:31:07.636+0000] {processor.py:830} INFO - Processing file /home/airflow/.local/lib/python3.8/site-packages/airflow/example_dags/example_sla_dag.py for tasks to queue
[2024-05-13T15:31:07.638+0000] {logging_mixin.py:188} INFO - [2024-05-13T15:31:07.637+0000] {dagbag.py:540} INFO - Filling up the DagBag from /home/airflow/.local/lib/python3.8/site-packages/airflow/example_dags/example_sla_dag.py
[2024-05-13T15:31:07.645+0000] {processor.py:840} INFO - DAG(s) 'example_sla_dag' retrieved from /home/airflow/.local/lib/python3.8/site-packages/airflow/example_dags/example_sla_dag.py
[2024-05-13T15:31:07.663+0000] {logging_mixin.py:188} INFO - [2024-05-13T15:31:07.662+0000] {dag.py:3047} INFO - Sync 1 DAGs
[2024-05-13T15:31:07.685+0000] {logging_mixin.py:188} INFO - [2024-05-13T15:31:07.685+0000] {dag.py:3834} INFO - Setting next_dagrun for example_sla_dag to 2024-05-13 15:28:00+00:00, run_after=2024-05-13 15:30:00+00:00
[2024-05-13T15:31:07.703+0000] {processor.py:183} INFO - Processing /home/airflow/.local/lib/python3.8/site-packages/airflow/example_dags/example_sla_dag.py took 0.071 seconds
[2024-05-13T15:31:37.807+0000] {processor.py:161} INFO - Started process (PID=2290) to work on /home/airflow/.local/lib/python3.8/site-packages/airflow/example_dags/example_sla_dag.py
[2024-05-13T15:31:37.808+0000] {processor.py:830} INFO - Processing file /home/airflow/.local/lib/python3.8/site-packages/airflow/example_dags/example_sla_dag.py for tasks to queue
[2024-05-13T15:31:37.810+0000] {logging_mixin.py:188} INFO - [2024-05-13T15:31:37.809+0000] {dagbag.py:540} INFO - Filling up the DagBag from /home/airflow/.local/lib/python3.8/site-packages/airflow/example_dags/example_sla_dag.py
[2024-05-13T15:31:37.817+0000] {processor.py:840} INFO - DAG(s) 'example_sla_dag' retrieved from /home/airflow/.local/lib/python3.8/site-packages/airflow/example_dags/example_sla_dag.py
[2024-05-13T15:31:37.835+0000] {logging_mixin.py:188} INFO - [2024-05-13T15:31:37.834+0000] {dag.py:3047} INFO - Sync 1 DAGs
[2024-05-13T15:31:37.857+0000] {logging_mixin.py:188} INFO - [2024-05-13T15:31:37.857+0000] {dag.py:3834} INFO - Setting next_dagrun for example_sla_dag to 2024-05-13 15:28:00+00:00, run_after=2024-05-13 15:30:00+00:00
[2024-05-13T15:31:37.875+0000] {processor.py:183} INFO - Processing /home/airflow/.local/lib/python3.8/site-packages/airflow/example_dags/example_sla_dag.py took 0.071 seconds
[2024-05-13T15:32:08.173+0000] {processor.py:161} INFO - Started process (PID=2358) to work on /home/airflow/.local/lib/python3.8/site-packages/airflow/example_dags/example_sla_dag.py
[2024-05-13T15:32:08.174+0000] {processor.py:830} INFO - Processing file /home/airflow/.local/lib/python3.8/site-packages/airflow/example_dags/example_sla_dag.py for tasks to queue
[2024-05-13T15:32:08.176+0000] {logging_mixin.py:188} INFO - [2024-05-13T15:32:08.176+0000] {dagbag.py:540} INFO - Filling up the DagBag from /home/airflow/.local/lib/python3.8/site-packages/airflow/example_dags/example_sla_dag.py
[2024-05-13T15:32:08.183+0000] {processor.py:840} INFO - DAG(s) 'example_sla_dag' retrieved from /home/airflow/.local/lib/python3.8/site-packages/airflow/example_dags/example_sla_dag.py
[2024-05-13T15:32:08.201+0000] {logging_mixin.py:188} INFO - [2024-05-13T15:32:08.201+0000] {dag.py:3047} INFO - Sync 1 DAGs
[2024-05-13T15:32:08.223+0000] {logging_mixin.py:188} INFO - [2024-05-13T15:32:08.223+0000] {dag.py:3834} INFO - Setting next_dagrun for example_sla_dag to 2024-05-13 15:30:00+00:00, run_after=2024-05-13 15:32:00+00:00
[2024-05-13T15:32:08.242+0000] {processor.py:183} INFO - Processing /home/airflow/.local/lib/python3.8/site-packages/airflow/example_dags/example_sla_dag.py took 0.072 seconds
[2024-05-13T15:32:38.977+0000] {processor.py:161} INFO - Started process (PID=2426) to work on /home/airflow/.local/lib/python3.8/site-packages/airflow/example_dags/example_sla_dag.py
[2024-05-13T15:32:38.978+0000] {processor.py:830} INFO - Processing file /home/airflow/.local/lib/python3.8/site-packages/airflow/example_dags/example_sla_dag.py for tasks to queue
[2024-05-13T15:32:38.980+0000] {logging_mixin.py:188} INFO - [2024-05-13T15:32:38.980+0000] {dagbag.py:540} INFO - Filling up the DagBag from /home/airflow/.local/lib/python3.8/site-packages/airflow/example_dags/example_sla_dag.py
[2024-05-13T15:32:38.989+0000] {processor.py:840} INFO - DAG(s) 'example_sla_dag' retrieved from /home/airflow/.local/lib/python3.8/site-packages/airflow/example_dags/example_sla_dag.py
[2024-05-13T15:32:39.012+0000] {logging_mixin.py:188} INFO - [2024-05-13T15:32:39.011+0000] {dag.py:3047} INFO - Sync 1 DAGs
[2024-05-13T15:32:39.036+0000] {logging_mixin.py:188} INFO - [2024-05-13T15:32:39.036+0000] {dag.py:3834} INFO - Setting next_dagrun for example_sla_dag to 2024-05-13 15:30:00+00:00, run_after=2024-05-13 15:32:00+00:00
[2024-05-13T15:32:39.057+0000] {processor.py:183} INFO - Processing /home/airflow/.local/lib/python3.8/site-packages/airflow/example_dags/example_sla_dag.py took 0.083 seconds
[2024-05-13T15:33:09.484+0000] {processor.py:161} INFO - Started process (PID=2494) to work on /home/airflow/.local/lib/python3.8/site-packages/airflow/example_dags/example_sla_dag.py
[2024-05-13T15:33:09.485+0000] {processor.py:830} INFO - Processing file /home/airflow/.local/lib/python3.8/site-packages/airflow/example_dags/example_sla_dag.py for tasks to queue
[2024-05-13T15:33:09.487+0000] {logging_mixin.py:188} INFO - [2024-05-13T15:33:09.487+0000] {dagbag.py:540} INFO - Filling up the DagBag from /home/airflow/.local/lib/python3.8/site-packages/airflow/example_dags/example_sla_dag.py
[2024-05-13T15:33:09.497+0000] {processor.py:840} INFO - DAG(s) 'example_sla_dag' retrieved from /home/airflow/.local/lib/python3.8/site-packages/airflow/example_dags/example_sla_dag.py
[2024-05-13T15:33:09.517+0000] {logging_mixin.py:188} INFO - [2024-05-13T15:33:09.517+0000] {dag.py:3047} INFO - Sync 1 DAGs
[2024-05-13T15:33:09.542+0000] {logging_mixin.py:188} INFO - [2024-05-13T15:33:09.541+0000] {dag.py:3834} INFO - Setting next_dagrun for example_sla_dag to 2024-05-13 15:30:00+00:00, run_after=2024-05-13 15:32:00+00:00
[2024-05-13T15:33:09.559+0000] {processor.py:183} INFO - Processing /home/airflow/.local/lib/python3.8/site-packages/airflow/example_dags/example_sla_dag.py took 0.077 seconds
[2024-05-13T15:33:39.775+0000] {processor.py:161} INFO - Started process (PID=2562) to work on /home/airflow/.local/lib/python3.8/site-packages/airflow/example_dags/example_sla_dag.py
[2024-05-13T15:33:39.776+0000] {processor.py:830} INFO - Processing file /home/airflow/.local/lib/python3.8/site-packages/airflow/example_dags/example_sla_dag.py for tasks to queue
[2024-05-13T15:33:39.779+0000] {logging_mixin.py:188} INFO - [2024-05-13T15:33:39.779+0000] {dagbag.py:540} INFO - Filling up the DagBag from /home/airflow/.local/lib/python3.8/site-packages/airflow/example_dags/example_sla_dag.py
[2024-05-13T15:33:39.790+0000] {processor.py:840} INFO - DAG(s) 'example_sla_dag' retrieved from /home/airflow/.local/lib/python3.8/site-packages/airflow/example_dags/example_sla_dag.py
[2024-05-13T15:33:39.813+0000] {logging_mixin.py:188} INFO - [2024-05-13T15:33:39.813+0000] {dag.py:3047} INFO - Sync 1 DAGs
[2024-05-13T15:33:39.843+0000] {logging_mixin.py:188} INFO - [2024-05-13T15:33:39.843+0000] {dag.py:3834} INFO - Setting next_dagrun for example_sla_dag to 2024-05-13 15:30:00+00:00, run_after=2024-05-13 15:32:00+00:00
[2024-05-13T15:33:39.874+0000] {processor.py:183} INFO - Processing /home/airflow/.local/lib/python3.8/site-packages/airflow/example_dags/example_sla_dag.py took 0.103 seconds
[2024-05-13T15:34:10.259+0000] {processor.py:161} INFO - Started process (PID=2630) to work on /home/airflow/.local/lib/python3.8/site-packages/airflow/example_dags/example_sla_dag.py
[2024-05-13T15:34:10.261+0000] {processor.py:830} INFO - Processing file /home/airflow/.local/lib/python3.8/site-packages/airflow/example_dags/example_sla_dag.py for tasks to queue
[2024-05-13T15:34:10.263+0000] {logging_mixin.py:188} INFO - [2024-05-13T15:34:10.262+0000] {dagbag.py:540} INFO - Filling up the DagBag from /home/airflow/.local/lib/python3.8/site-packages/airflow/example_dags/example_sla_dag.py
[2024-05-13T15:34:10.272+0000] {processor.py:840} INFO - DAG(s) 'example_sla_dag' retrieved from /home/airflow/.local/lib/python3.8/site-packages/airflow/example_dags/example_sla_dag.py
[2024-05-13T15:34:10.297+0000] {logging_mixin.py:188} INFO - [2024-05-13T15:34:10.297+0000] {dag.py:3047} INFO - Sync 1 DAGs
[2024-05-13T15:34:10.326+0000] {logging_mixin.py:188} INFO - [2024-05-13T15:34:10.326+0000] {dag.py:3834} INFO - Setting next_dagrun for example_sla_dag to 2024-05-13 15:32:00+00:00, run_after=2024-05-13 15:34:00+00:00
[2024-05-13T15:34:10.350+0000] {processor.py:183} INFO - Processing /home/airflow/.local/lib/python3.8/site-packages/airflow/example_dags/example_sla_dag.py took 0.095 seconds
[2024-05-13T15:34:40.440+0000] {processor.py:161} INFO - Started process (PID=2699) to work on /home/airflow/.local/lib/python3.8/site-packages/airflow/example_dags/example_sla_dag.py
[2024-05-13T15:34:40.441+0000] {processor.py:830} INFO - Processing file /home/airflow/.local/lib/python3.8/site-packages/airflow/example_dags/example_sla_dag.py for tasks to queue
[2024-05-13T15:34:40.443+0000] {logging_mixin.py:188} INFO - [2024-05-13T15:34:40.442+0000] {dagbag.py:540} INFO - Filling up the DagBag from /home/airflow/.local/lib/python3.8/site-packages/airflow/example_dags/example_sla_dag.py
[2024-05-13T15:34:40.450+0000] {processor.py:840} INFO - DAG(s) 'example_sla_dag' retrieved from /home/airflow/.local/lib/python3.8/site-packages/airflow/example_dags/example_sla_dag.py
[2024-05-13T15:34:40.470+0000] {logging_mixin.py:188} INFO - [2024-05-13T15:34:40.469+0000] {dag.py:3047} INFO - Sync 1 DAGs
[2024-05-13T15:34:40.490+0000] {logging_mixin.py:188} INFO - [2024-05-13T15:34:40.490+0000] {dag.py:3834} INFO - Setting next_dagrun for example_sla_dag to 2024-05-13 15:32:00+00:00, run_after=2024-05-13 15:34:00+00:00
[2024-05-13T15:34:40.507+0000] {processor.py:183} INFO - Processing /home/airflow/.local/lib/python3.8/site-packages/airflow/example_dags/example_sla_dag.py took 0.071 seconds
[2024-05-13T15:35:10.959+0000] {processor.py:161} INFO - Started process (PID=2767) to work on /home/airflow/.local/lib/python3.8/site-packages/airflow/example_dags/example_sla_dag.py
[2024-05-13T15:35:10.960+0000] {processor.py:830} INFO - Processing file /home/airflow/.local/lib/python3.8/site-packages/airflow/example_dags/example_sla_dag.py for tasks to queue
[2024-05-13T15:35:10.961+0000] {logging_mixin.py:188} INFO - [2024-05-13T15:35:10.961+0000] {dagbag.py:540} INFO - Filling up the DagBag from /home/airflow/.local/lib/python3.8/site-packages/airflow/example_dags/example_sla_dag.py
[2024-05-13T15:35:10.968+0000] {processor.py:840} INFO - DAG(s) 'example_sla_dag' retrieved from /home/airflow/.local/lib/python3.8/site-packages/airflow/example_dags/example_sla_dag.py
[2024-05-13T15:35:10.985+0000] {logging_mixin.py:188} INFO - [2024-05-13T15:35:10.985+0000] {dag.py:3047} INFO - Sync 1 DAGs
[2024-05-13T15:35:11.007+0000] {logging_mixin.py:188} INFO - [2024-05-13T15:35:11.006+0000] {dag.py:3834} INFO - Setting next_dagrun for example_sla_dag to 2024-05-13 15:32:00+00:00, run_after=2024-05-13 15:34:00+00:00
[2024-05-13T15:35:11.023+0000] {processor.py:183} INFO - Processing /home/airflow/.local/lib/python3.8/site-packages/airflow/example_dags/example_sla_dag.py took 0.068 seconds
[2024-05-13T15:35:41.449+0000] {processor.py:161} INFO - Started process (PID=2835) to work on /home/airflow/.local/lib/python3.8/site-packages/airflow/example_dags/example_sla_dag.py
[2024-05-13T15:35:41.450+0000] {processor.py:830} INFO - Processing file /home/airflow/.local/lib/python3.8/site-packages/airflow/example_dags/example_sla_dag.py for tasks to queue
[2024-05-13T15:35:41.451+0000] {logging_mixin.py:188} INFO - [2024-05-13T15:35:41.451+0000] {dagbag.py:540} INFO - Filling up the DagBag from /home/airflow/.local/lib/python3.8/site-packages/airflow/example_dags/example_sla_dag.py
[2024-05-13T15:35:41.459+0000] {processor.py:840} INFO - DAG(s) 'example_sla_dag' retrieved from /home/airflow/.local/lib/python3.8/site-packages/airflow/example_dags/example_sla_dag.py
[2024-05-13T15:35:41.476+0000] {logging_mixin.py:188} INFO - [2024-05-13T15:35:41.476+0000] {dag.py:3047} INFO - Sync 1 DAGs
[2024-05-13T15:35:41.497+0000] {logging_mixin.py:188} INFO - [2024-05-13T15:35:41.497+0000] {dag.py:3834} INFO - Setting next_dagrun for example_sla_dag to 2024-05-13 15:32:00+00:00, run_after=2024-05-13 15:34:00+00:00
[2024-05-13T15:35:41.513+0000] {processor.py:183} INFO - Processing /home/airflow/.local/lib/python3.8/site-packages/airflow/example_dags/example_sla_dag.py took 0.067 seconds
[2024-05-13T15:36:12.498+0000] {processor.py:161} INFO - Started process (PID=2903) to work on /home/airflow/.local/lib/python3.8/site-packages/airflow/example_dags/example_sla_dag.py
[2024-05-13T15:36:12.498+0000] {processor.py:830} INFO - Processing file /home/airflow/.local/lib/python3.8/site-packages/airflow/example_dags/example_sla_dag.py for tasks to queue
[2024-05-13T15:36:12.500+0000] {logging_mixin.py:188} INFO - [2024-05-13T15:36:12.500+0000] {dagbag.py:540} INFO - Filling up the DagBag from /home/airflow/.local/lib/python3.8/site-packages/airflow/example_dags/example_sla_dag.py
[2024-05-13T15:36:12.510+0000] {processor.py:840} INFO - DAG(s) 'example_sla_dag' retrieved from /home/airflow/.local/lib/python3.8/site-packages/airflow/example_dags/example_sla_dag.py
[2024-05-13T15:36:12.527+0000] {logging_mixin.py:188} INFO - [2024-05-13T15:36:12.526+0000] {dag.py:3047} INFO - Sync 1 DAGs
[2024-05-13T15:36:12.550+0000] {logging_mixin.py:188} INFO - [2024-05-13T15:36:12.549+0000] {dag.py:3834} INFO - Setting next_dagrun for example_sla_dag to 2024-05-13 15:34:00+00:00, run_after=2024-05-13 15:36:00+00:00
[2024-05-13T15:36:12.567+0000] {processor.py:183} INFO - Processing /home/airflow/.local/lib/python3.8/site-packages/airflow/example_dags/example_sla_dag.py took 0.073 seconds
[2024-05-13T15:36:42.728+0000] {processor.py:161} INFO - Started process (PID=2971) to work on /home/airflow/.local/lib/python3.8/site-packages/airflow/example_dags/example_sla_dag.py
[2024-05-13T15:36:42.729+0000] {processor.py:830} INFO - Processing file /home/airflow/.local/lib/python3.8/site-packages/airflow/example_dags/example_sla_dag.py for tasks to queue
[2024-05-13T15:36:42.731+0000] {logging_mixin.py:188} INFO - [2024-05-13T15:36:42.731+0000] {dagbag.py:540} INFO - Filling up the DagBag from /home/airflow/.local/lib/python3.8/site-packages/airflow/example_dags/example_sla_dag.py
[2024-05-13T15:36:42.739+0000] {processor.py:840} INFO - DAG(s) 'example_sla_dag' retrieved from /home/airflow/.local/lib/python3.8/site-packages/airflow/example_dags/example_sla_dag.py
[2024-05-13T15:36:42.757+0000] {logging_mixin.py:188} INFO - [2024-05-13T15:36:42.756+0000] {dag.py:3047} INFO - Sync 1 DAGs
[2024-05-13T15:36:42.784+0000] {logging_mixin.py:188} INFO - [2024-05-13T15:36:42.784+0000] {dag.py:3834} INFO - Setting next_dagrun for example_sla_dag to 2024-05-13 15:34:00+00:00, run_after=2024-05-13 15:36:00+00:00
[2024-05-13T15:36:42.803+0000] {processor.py:183} INFO - Processing /home/airflow/.local/lib/python3.8/site-packages/airflow/example_dags/example_sla_dag.py took 0.078 seconds
[2024-05-13T15:37:12.936+0000] {processor.py:161} INFO - Started process (PID=3039) to work on /home/airflow/.local/lib/python3.8/site-packages/airflow/example_dags/example_sla_dag.py
[2024-05-13T15:37:12.937+0000] {processor.py:830} INFO - Processing file /home/airflow/.local/lib/python3.8/site-packages/airflow/example_dags/example_sla_dag.py for tasks to queue
[2024-05-13T15:37:12.939+0000] {logging_mixin.py:188} INFO - [2024-05-13T15:37:12.939+0000] {dagbag.py:540} INFO - Filling up the DagBag from /home/airflow/.local/lib/python3.8/site-packages/airflow/example_dags/example_sla_dag.py
[2024-05-13T15:37:12.948+0000] {processor.py:840} INFO - DAG(s) 'example_sla_dag' retrieved from /home/airflow/.local/lib/python3.8/site-packages/airflow/example_dags/example_sla_dag.py
[2024-05-13T15:37:12.967+0000] {logging_mixin.py:188} INFO - [2024-05-13T15:37:12.967+0000] {dag.py:3047} INFO - Sync 1 DAGs
[2024-05-13T15:37:12.990+0000] {logging_mixin.py:188} INFO - [2024-05-13T15:37:12.990+0000] {dag.py:3834} INFO - Setting next_dagrun for example_sla_dag to 2024-05-13 15:34:00+00:00, run_after=2024-05-13 15:36:00+00:00
[2024-05-13T15:37:13.008+0000] {processor.py:183} INFO - Processing /home/airflow/.local/lib/python3.8/site-packages/airflow/example_dags/example_sla_dag.py took 0.075 seconds
[2024-05-13T15:37:43.844+0000] {processor.py:161} INFO - Started process (PID=3107) to work on /home/airflow/.local/lib/python3.8/site-packages/airflow/example_dags/example_sla_dag.py
[2024-05-13T15:37:43.846+0000] {processor.py:830} INFO - Processing file /home/airflow/.local/lib/python3.8/site-packages/airflow/example_dags/example_sla_dag.py for tasks to queue
[2024-05-13T15:37:43.848+0000] {logging_mixin.py:188} INFO - [2024-05-13T15:37:43.848+0000] {dagbag.py:540} INFO - Filling up the DagBag from /home/airflow/.local/lib/python3.8/site-packages/airflow/example_dags/example_sla_dag.py
[2024-05-13T15:37:43.857+0000] {processor.py:840} INFO - DAG(s) 'example_sla_dag' retrieved from /home/airflow/.local/lib/python3.8/site-packages/airflow/example_dags/example_sla_dag.py
[2024-05-13T15:37:43.879+0000] {logging_mixin.py:188} INFO - [2024-05-13T15:37:43.878+0000] {dag.py:3047} INFO - Sync 1 DAGs
[2024-05-13T15:37:43.905+0000] {logging_mixin.py:188} INFO - [2024-05-13T15:37:43.905+0000] {dag.py:3834} INFO - Setting next_dagrun for example_sla_dag to 2024-05-13 15:34:00+00:00, run_after=2024-05-13 15:36:00+00:00
[2024-05-13T15:37:43.928+0000] {processor.py:183} INFO - Processing /home/airflow/.local/lib/python3.8/site-packages/airflow/example_dags/example_sla_dag.py took 0.090 seconds
[2024-05-13T15:38:14.041+0000] {processor.py:161} INFO - Started process (PID=3175) to work on /home/airflow/.local/lib/python3.8/site-packages/airflow/example_dags/example_sla_dag.py
[2024-05-13T15:38:14.042+0000] {processor.py:830} INFO - Processing file /home/airflow/.local/lib/python3.8/site-packages/airflow/example_dags/example_sla_dag.py for tasks to queue
[2024-05-13T15:38:14.044+0000] {logging_mixin.py:188} INFO - [2024-05-13T15:38:14.044+0000] {dagbag.py:540} INFO - Filling up the DagBag from /home/airflow/.local/lib/python3.8/site-packages/airflow/example_dags/example_sla_dag.py
[2024-05-13T15:38:14.054+0000] {processor.py:840} INFO - DAG(s) 'example_sla_dag' retrieved from /home/airflow/.local/lib/python3.8/site-packages/airflow/example_dags/example_sla_dag.py
[2024-05-13T15:38:14.074+0000] {logging_mixin.py:188} INFO - [2024-05-13T15:38:14.074+0000] {dag.py:3047} INFO - Sync 1 DAGs
[2024-05-13T15:38:14.101+0000] {logging_mixin.py:188} INFO - [2024-05-13T15:38:14.100+0000] {dag.py:3834} INFO - Setting next_dagrun for example_sla_dag to 2024-05-13 15:36:00+00:00, run_after=2024-05-13 15:38:00+00:00
[2024-05-13T15:38:14.121+0000] {processor.py:183} INFO - Processing /home/airflow/.local/lib/python3.8/site-packages/airflow/example_dags/example_sla_dag.py took 0.085 seconds
[2024-05-13T15:38:44.686+0000] {processor.py:161} INFO - Started process (PID=3243) to work on /home/airflow/.local/lib/python3.8/site-packages/airflow/example_dags/example_sla_dag.py
[2024-05-13T15:38:44.688+0000] {processor.py:830} INFO - Processing file /home/airflow/.local/lib/python3.8/site-packages/airflow/example_dags/example_sla_dag.py for tasks to queue
[2024-05-13T15:38:44.691+0000] {logging_mixin.py:188} INFO - [2024-05-13T15:38:44.690+0000] {dagbag.py:540} INFO - Filling up the DagBag from /home/airflow/.local/lib/python3.8/site-packages/airflow/example_dags/example_sla_dag.py
[2024-05-13T15:38:44.699+0000] {processor.py:840} INFO - DAG(s) 'example_sla_dag' retrieved from /home/airflow/.local/lib/python3.8/site-packages/airflow/example_dags/example_sla_dag.py
[2024-05-13T15:38:44.718+0000] {logging_mixin.py:188} INFO - [2024-05-13T15:38:44.718+0000] {dag.py:3047} INFO - Sync 1 DAGs
[2024-05-13T15:38:44.741+0000] {logging_mixin.py:188} INFO - [2024-05-13T15:38:44.741+0000] {dag.py:3834} INFO - Setting next_dagrun for example_sla_dag to 2024-05-13 15:36:00+00:00, run_after=2024-05-13 15:38:00+00:00
[2024-05-13T15:38:44.762+0000] {processor.py:183} INFO - Processing /home/airflow/.local/lib/python3.8/site-packages/airflow/example_dags/example_sla_dag.py took 0.079 seconds
[2024-05-13T15:39:15.048+0000] {processor.py:161} INFO - Started process (PID=3310) to work on /home/airflow/.local/lib/python3.8/site-packages/airflow/example_dags/example_sla_dag.py
[2024-05-13T15:39:15.049+0000] {processor.py:830} INFO - Processing file /home/airflow/.local/lib/python3.8/site-packages/airflow/example_dags/example_sla_dag.py for tasks to queue
[2024-05-13T15:39:15.051+0000] {logging_mixin.py:188} INFO - [2024-05-13T15:39:15.051+0000] {dagbag.py:540} INFO - Filling up the DagBag from /home/airflow/.local/lib/python3.8/site-packages/airflow/example_dags/example_sla_dag.py
[2024-05-13T15:39:15.062+0000] {processor.py:840} INFO - DAG(s) 'example_sla_dag' retrieved from /home/airflow/.local/lib/python3.8/site-packages/airflow/example_dags/example_sla_dag.py
[2024-05-13T15:39:15.092+0000] {logging_mixin.py:188} INFO - [2024-05-13T15:39:15.091+0000] {dag.py:3047} INFO - Sync 1 DAGs
[2024-05-13T15:39:15.130+0000] {logging_mixin.py:188} INFO - [2024-05-13T15:39:15.129+0000] {dag.py:3834} INFO - Setting next_dagrun for example_sla_dag to 2024-05-13 15:36:00+00:00, run_after=2024-05-13 15:38:00+00:00
[2024-05-13T15:39:15.164+0000] {processor.py:183} INFO - Processing /home/airflow/.local/lib/python3.8/site-packages/airflow/example_dags/example_sla_dag.py took 0.120 seconds
[2024-05-13T15:39:45.785+0000] {processor.py:161} INFO - Started process (PID=3366) to work on /home/airflow/.local/lib/python3.8/site-packages/airflow/example_dags/example_sla_dag.py
[2024-05-13T15:39:45.786+0000] {processor.py:830} INFO - Processing file /home/airflow/.local/lib/python3.8/site-packages/airflow/example_dags/example_sla_dag.py for tasks to queue
[2024-05-13T15:39:45.788+0000] {logging_mixin.py:188} INFO - [2024-05-13T15:39:45.788+0000] {dagbag.py:540} INFO - Filling up the DagBag from /home/airflow/.local/lib/python3.8/site-packages/airflow/example_dags/example_sla_dag.py
[2024-05-13T15:39:45.796+0000] {processor.py:840} INFO - DAG(s) 'example_sla_dag' retrieved from /home/airflow/.local/lib/python3.8/site-packages/airflow/example_dags/example_sla_dag.py
[2024-05-13T15:39:45.815+0000] {logging_mixin.py:188} INFO - [2024-05-13T15:39:45.815+0000] {dag.py:3047} INFO - Sync 1 DAGs
[2024-05-13T15:39:45.843+0000] {logging_mixin.py:188} INFO - [2024-05-13T15:39:45.843+0000] {dag.py:3834} INFO - Setting next_dagrun for example_sla_dag to 2024-05-13 15:36:00+00:00, run_after=2024-05-13 15:38:00+00:00
[2024-05-13T15:39:45.863+0000] {processor.py:183} INFO - Processing /home/airflow/.local/lib/python3.8/site-packages/airflow/example_dags/example_sla_dag.py took 0.081 seconds
[2024-05-13T15:40:16.903+0000] {processor.py:161} INFO - Started process (PID=3440) to work on /home/airflow/.local/lib/python3.8/site-packages/airflow/example_dags/example_sla_dag.py
[2024-05-13T15:40:16.904+0000] {processor.py:830} INFO - Processing file /home/airflow/.local/lib/python3.8/site-packages/airflow/example_dags/example_sla_dag.py for tasks to queue
[2024-05-13T15:40:16.906+0000] {logging_mixin.py:188} INFO - [2024-05-13T15:40:16.906+0000] {dagbag.py:540} INFO - Filling up the DagBag from /home/airflow/.local/lib/python3.8/site-packages/airflow/example_dags/example_sla_dag.py
[2024-05-13T15:40:16.914+0000] {processor.py:840} INFO - DAG(s) 'example_sla_dag' retrieved from /home/airflow/.local/lib/python3.8/site-packages/airflow/example_dags/example_sla_dag.py
[2024-05-13T15:40:16.933+0000] {logging_mixin.py:188} INFO - [2024-05-13T15:40:16.933+0000] {dag.py:3047} INFO - Sync 1 DAGs
[2024-05-13T15:40:17.080+0000] {logging_mixin.py:188} INFO - [2024-05-13T15:40:17.080+0000] {dag.py:3834} INFO - Setting next_dagrun for example_sla_dag to 2024-05-13 15:38:00+00:00, run_after=2024-05-13 15:40:00+00:00
[2024-05-13T15:40:17.100+0000] {processor.py:183} INFO - Processing /home/airflow/.local/lib/python3.8/site-packages/airflow/example_dags/example_sla_dag.py took 0.201 seconds
[2024-05-13T15:40:47.744+0000] {processor.py:161} INFO - Started process (PID=3508) to work on /home/airflow/.local/lib/python3.8/site-packages/airflow/example_dags/example_sla_dag.py
[2024-05-13T15:40:47.745+0000] {processor.py:830} INFO - Processing file /home/airflow/.local/lib/python3.8/site-packages/airflow/example_dags/example_sla_dag.py for tasks to queue
[2024-05-13T15:40:47.748+0000] {logging_mixin.py:188} INFO - [2024-05-13T15:40:47.747+0000] {dagbag.py:540} INFO - Filling up the DagBag from /home/airflow/.local/lib/python3.8/site-packages/airflow/example_dags/example_sla_dag.py
[2024-05-13T15:40:47.757+0000] {processor.py:840} INFO - DAG(s) 'example_sla_dag' retrieved from /home/airflow/.local/lib/python3.8/site-packages/airflow/example_dags/example_sla_dag.py
[2024-05-13T15:40:47.779+0000] {logging_mixin.py:188} INFO - [2024-05-13T15:40:47.779+0000] {dag.py:3047} INFO - Sync 1 DAGs
[2024-05-13T15:40:47.811+0000] {logging_mixin.py:188} INFO - [2024-05-13T15:40:47.811+0000] {dag.py:3834} INFO - Setting next_dagrun for example_sla_dag to 2024-05-13 15:38:00+00:00, run_after=2024-05-13 15:40:00+00:00
[2024-05-13T15:40:47.973+0000] {processor.py:183} INFO - Processing /home/airflow/.local/lib/python3.8/site-packages/airflow/example_dags/example_sla_dag.py took 0.232 seconds
[2024-05-13T15:41:18.034+0000] {processor.py:161} INFO - Started process (PID=3576) to work on /home/airflow/.local/lib/python3.8/site-packages/airflow/example_dags/example_sla_dag.py
[2024-05-13T15:41:18.035+0000] {processor.py:830} INFO - Processing file /home/airflow/.local/lib/python3.8/site-packages/airflow/example_dags/example_sla_dag.py for tasks to queue
[2024-05-13T15:41:18.037+0000] {logging_mixin.py:188} INFO - [2024-05-13T15:41:18.036+0000] {dagbag.py:540} INFO - Filling up the DagBag from /home/airflow/.local/lib/python3.8/site-packages/airflow/example_dags/example_sla_dag.py
[2024-05-13T15:41:18.044+0000] {processor.py:840} INFO - DAG(s) 'example_sla_dag' retrieved from /home/airflow/.local/lib/python3.8/site-packages/airflow/example_dags/example_sla_dag.py
[2024-05-13T15:41:18.062+0000] {logging_mixin.py:188} INFO - [2024-05-13T15:41:18.062+0000] {dag.py:3047} INFO - Sync 1 DAGs
[2024-05-13T15:41:18.083+0000] {logging_mixin.py:188} INFO - [2024-05-13T15:41:18.083+0000] {dag.py:3834} INFO - Setting next_dagrun for example_sla_dag to 2024-05-13 15:38:00+00:00, run_after=2024-05-13 15:40:00+00:00
[2024-05-13T15:41:18.101+0000] {processor.py:183} INFO - Processing /home/airflow/.local/lib/python3.8/site-packages/airflow/example_dags/example_sla_dag.py took 0.070 seconds
[2024-05-13T15:41:49.101+0000] {processor.py:161} INFO - Started process (PID=3644) to work on /home/airflow/.local/lib/python3.8/site-packages/airflow/example_dags/example_sla_dag.py
[2024-05-13T15:41:49.103+0000] {processor.py:830} INFO - Processing file /home/airflow/.local/lib/python3.8/site-packages/airflow/example_dags/example_sla_dag.py for tasks to queue
[2024-05-13T15:41:49.106+0000] {logging_mixin.py:188} INFO - [2024-05-13T15:41:49.105+0000] {dagbag.py:540} INFO - Filling up the DagBag from /home/airflow/.local/lib/python3.8/site-packages/airflow/example_dags/example_sla_dag.py
[2024-05-13T15:41:49.115+0000] {processor.py:840} INFO - DAG(s) 'example_sla_dag' retrieved from /home/airflow/.local/lib/python3.8/site-packages/airflow/example_dags/example_sla_dag.py
[2024-05-13T15:41:49.134+0000] {logging_mixin.py:188} INFO - [2024-05-13T15:41:49.133+0000] {dag.py:3047} INFO - Sync 1 DAGs
[2024-05-13T15:41:49.159+0000] {logging_mixin.py:188} INFO - [2024-05-13T15:41:49.159+0000] {dag.py:3834} INFO - Setting next_dagrun for example_sla_dag to 2024-05-13 15:38:00+00:00, run_after=2024-05-13 15:40:00+00:00
[2024-05-13T15:41:49.181+0000] {processor.py:183} INFO - Processing /home/airflow/.local/lib/python3.8/site-packages/airflow/example_dags/example_sla_dag.py took 0.083 seconds
[2024-05-13T15:42:19.562+0000] {processor.py:161} INFO - Started process (PID=3712) to work on /home/airflow/.local/lib/python3.8/site-packages/airflow/example_dags/example_sla_dag.py
[2024-05-13T15:42:19.563+0000] {processor.py:830} INFO - Processing file /home/airflow/.local/lib/python3.8/site-packages/airflow/example_dags/example_sla_dag.py for tasks to queue
[2024-05-13T15:42:19.566+0000] {logging_mixin.py:188} INFO - [2024-05-13T15:42:19.565+0000] {dagbag.py:540} INFO - Filling up the DagBag from /home/airflow/.local/lib/python3.8/site-packages/airflow/example_dags/example_sla_dag.py
[2024-05-13T15:42:19.576+0000] {processor.py:840} INFO - DAG(s) 'example_sla_dag' retrieved from /home/airflow/.local/lib/python3.8/site-packages/airflow/example_dags/example_sla_dag.py
[2024-05-13T15:42:19.596+0000] {logging_mixin.py:188} INFO - [2024-05-13T15:42:19.596+0000] {dag.py:3047} INFO - Sync 1 DAGs
[2024-05-13T15:42:19.625+0000] {logging_mixin.py:188} INFO - [2024-05-13T15:42:19.624+0000] {dag.py:3834} INFO - Setting next_dagrun for example_sla_dag to 2024-05-13 15:40:00+00:00, run_after=2024-05-13 15:42:00+00:00
[2024-05-13T15:42:19.642+0000] {processor.py:183} INFO - Processing /home/airflow/.local/lib/python3.8/site-packages/airflow/example_dags/example_sla_dag.py took 0.084 seconds
[2024-05-13T15:42:50.575+0000] {processor.py:161} INFO - Started process (PID=3780) to work on /home/airflow/.local/lib/python3.8/site-packages/airflow/example_dags/example_sla_dag.py
[2024-05-13T15:42:50.576+0000] {processor.py:830} INFO - Processing file /home/airflow/.local/lib/python3.8/site-packages/airflow/example_dags/example_sla_dag.py for tasks to queue
[2024-05-13T15:42:50.578+0000] {logging_mixin.py:188} INFO - [2024-05-13T15:42:50.577+0000] {dagbag.py:540} INFO - Filling up the DagBag from /home/airflow/.local/lib/python3.8/site-packages/airflow/example_dags/example_sla_dag.py
[2024-05-13T15:42:50.586+0000] {processor.py:840} INFO - DAG(s) 'example_sla_dag' retrieved from /home/airflow/.local/lib/python3.8/site-packages/airflow/example_dags/example_sla_dag.py
[2024-05-13T15:42:50.607+0000] {logging_mixin.py:188} INFO - [2024-05-13T15:42:50.606+0000] {dag.py:3047} INFO - Sync 1 DAGs
[2024-05-13T15:42:50.632+0000] {logging_mixin.py:188} INFO - [2024-05-13T15:42:50.631+0000] {dag.py:3834} INFO - Setting next_dagrun for example_sla_dag to 2024-05-13 15:40:00+00:00, run_after=2024-05-13 15:42:00+00:00
[2024-05-13T15:42:50.649+0000] {processor.py:183} INFO - Processing /home/airflow/.local/lib/python3.8/site-packages/airflow/example_dags/example_sla_dag.py took 0.078 seconds
[2024-05-13T15:43:21.168+0000] {processor.py:161} INFO - Started process (PID=3848) to work on /home/airflow/.local/lib/python3.8/site-packages/airflow/example_dags/example_sla_dag.py
[2024-05-13T15:43:21.170+0000] {processor.py:830} INFO - Processing file /home/airflow/.local/lib/python3.8/site-packages/airflow/example_dags/example_sla_dag.py for tasks to queue
[2024-05-13T15:43:21.171+0000] {logging_mixin.py:188} INFO - [2024-05-13T15:43:21.171+0000] {dagbag.py:540} INFO - Filling up the DagBag from /home/airflow/.local/lib/python3.8/site-packages/airflow/example_dags/example_sla_dag.py
[2024-05-13T15:43:21.179+0000] {processor.py:840} INFO - DAG(s) 'example_sla_dag' retrieved from /home/airflow/.local/lib/python3.8/site-packages/airflow/example_dags/example_sla_dag.py
[2024-05-13T15:43:21.200+0000] {logging_mixin.py:188} INFO - [2024-05-13T15:43:21.199+0000] {dag.py:3047} INFO - Sync 1 DAGs
[2024-05-13T15:43:21.224+0000] {logging_mixin.py:188} INFO - [2024-05-13T15:43:21.224+0000] {dag.py:3834} INFO - Setting next_dagrun for example_sla_dag to 2024-05-13 15:40:00+00:00, run_after=2024-05-13 15:42:00+00:00
[2024-05-13T15:43:21.246+0000] {processor.py:183} INFO - Processing /home/airflow/.local/lib/python3.8/site-packages/airflow/example_dags/example_sla_dag.py took 0.081 seconds
[2024-05-13T15:43:51.674+0000] {processor.py:161} INFO - Started process (PID=3916) to work on /home/airflow/.local/lib/python3.8/site-packages/airflow/example_dags/example_sla_dag.py
[2024-05-13T15:43:51.676+0000] {processor.py:830} INFO - Processing file /home/airflow/.local/lib/python3.8/site-packages/airflow/example_dags/example_sla_dag.py for tasks to queue
[2024-05-13T15:43:51.678+0000] {logging_mixin.py:188} INFO - [2024-05-13T15:43:51.677+0000] {dagbag.py:540} INFO - Filling up the DagBag from /home/airflow/.local/lib/python3.8/site-packages/airflow/example_dags/example_sla_dag.py
[2024-05-13T15:43:51.688+0000] {processor.py:840} INFO - DAG(s) 'example_sla_dag' retrieved from /home/airflow/.local/lib/python3.8/site-packages/airflow/example_dags/example_sla_dag.py
[2024-05-13T15:43:51.708+0000] {logging_mixin.py:188} INFO - [2024-05-13T15:43:51.708+0000] {dag.py:3047} INFO - Sync 1 DAGs
[2024-05-13T15:43:51.733+0000] {logging_mixin.py:188} INFO - [2024-05-13T15:43:51.733+0000] {dag.py:3834} INFO - Setting next_dagrun for example_sla_dag to 2024-05-13 15:40:00+00:00, run_after=2024-05-13 15:42:00+00:00
[2024-05-13T15:43:51.753+0000] {processor.py:183} INFO - Processing /home/airflow/.local/lib/python3.8/site-packages/airflow/example_dags/example_sla_dag.py took 0.082 seconds
