[2024-05-13T15:15:19.411+0000] {processor.py:161} INFO - Started process (PID=97) to work on /home/airflow/.local/lib/python3.8/site-packages/airflow/example_dags/example_latest_only_with_trigger.py
[2024-05-13T15:15:19.412+0000] {processor.py:830} INFO - Processing file /home/airflow/.local/lib/python3.8/site-packages/airflow/example_dags/example_latest_only_with_trigger.py for tasks to queue
[2024-05-13T15:15:19.415+0000] {logging_mixin.py:188} INFO - [2024-05-13T15:15:19.414+0000] {dagbag.py:540} INFO - Filling up the DagBag from /home/airflow/.local/lib/python3.8/site-packages/airflow/example_dags/example_latest_only_with_trigger.py
[2024-05-13T15:15:19.422+0000] {processor.py:840} INFO - DAG(s) 'latest_only_with_trigger' retrieved from /home/airflow/.local/lib/python3.8/site-packages/airflow/example_dags/example_latest_only_with_trigger.py
[2024-05-13T15:15:19.526+0000] {logging_mixin.py:188} INFO - [2024-05-13T15:15:19.525+0000] {override.py:1769} INFO - Created Permission View: can delete on DAG:latest_only_with_trigger
[2024-05-13T15:15:19.537+0000] {logging_mixin.py:188} INFO - [2024-05-13T15:15:19.537+0000] {override.py:1769} INFO - Created Permission View: can edit on DAG:latest_only_with_trigger
[2024-05-13T15:15:19.545+0000] {logging_mixin.py:188} INFO - [2024-05-13T15:15:19.545+0000] {override.py:1769} INFO - Created Permission View: can read on DAG:latest_only_with_trigger
[2024-05-13T15:15:19.546+0000] {logging_mixin.py:188} INFO - [2024-05-13T15:15:19.546+0000] {dag.py:3047} INFO - Sync 1 DAGs
[2024-05-13T15:15:19.555+0000] {logging_mixin.py:188} INFO - [2024-05-13T15:15:19.555+0000] {dag.py:3069} INFO - Creating ORM DAG for latest_only_with_trigger
[2024-05-13T15:15:19.567+0000] {logging_mixin.py:188} INFO - [2024-05-13T15:15:19.567+0000] {dag.py:3834} INFO - Setting next_dagrun for latest_only_with_trigger to 2024-05-13 08:00:00+00:00, run_after=2024-05-13 12:00:00+00:00
[2024-05-13T15:15:19.586+0000] {processor.py:183} INFO - Processing /home/airflow/.local/lib/python3.8/site-packages/airflow/example_dags/example_latest_only_with_trigger.py took 0.178 seconds
[2024-05-13T15:15:50.014+0000] {processor.py:161} INFO - Started process (PID=165) to work on /home/airflow/.local/lib/python3.8/site-packages/airflow/example_dags/example_latest_only_with_trigger.py
[2024-05-13T15:15:50.015+0000] {processor.py:830} INFO - Processing file /home/airflow/.local/lib/python3.8/site-packages/airflow/example_dags/example_latest_only_with_trigger.py for tasks to queue
[2024-05-13T15:15:50.018+0000] {logging_mixin.py:188} INFO - [2024-05-13T15:15:50.018+0000] {dagbag.py:540} INFO - Filling up the DagBag from /home/airflow/.local/lib/python3.8/site-packages/airflow/example_dags/example_latest_only_with_trigger.py
[2024-05-13T15:15:50.025+0000] {processor.py:840} INFO - DAG(s) 'latest_only_with_trigger' retrieved from /home/airflow/.local/lib/python3.8/site-packages/airflow/example_dags/example_latest_only_with_trigger.py
[2024-05-13T15:15:50.050+0000] {logging_mixin.py:188} INFO - [2024-05-13T15:15:50.049+0000] {dag.py:3047} INFO - Sync 1 DAGs
[2024-05-13T15:15:50.070+0000] {logging_mixin.py:188} INFO - [2024-05-13T15:15:50.070+0000] {dag.py:3834} INFO - Setting next_dagrun for latest_only_with_trigger to 2024-05-13 08:00:00+00:00, run_after=2024-05-13 12:00:00+00:00
[2024-05-13T15:15:50.090+0000] {processor.py:183} INFO - Processing /home/airflow/.local/lib/python3.8/site-packages/airflow/example_dags/example_latest_only_with_trigger.py took 0.080 seconds
[2024-05-13T15:16:20.615+0000] {processor.py:161} INFO - Started process (PID=233) to work on /home/airflow/.local/lib/python3.8/site-packages/airflow/example_dags/example_latest_only_with_trigger.py
[2024-05-13T15:16:20.616+0000] {processor.py:830} INFO - Processing file /home/airflow/.local/lib/python3.8/site-packages/airflow/example_dags/example_latest_only_with_trigger.py for tasks to queue
[2024-05-13T15:16:20.617+0000] {logging_mixin.py:188} INFO - [2024-05-13T15:16:20.617+0000] {dagbag.py:540} INFO - Filling up the DagBag from /home/airflow/.local/lib/python3.8/site-packages/airflow/example_dags/example_latest_only_with_trigger.py
[2024-05-13T15:16:20.623+0000] {processor.py:840} INFO - DAG(s) 'latest_only_with_trigger' retrieved from /home/airflow/.local/lib/python3.8/site-packages/airflow/example_dags/example_latest_only_with_trigger.py
[2024-05-13T15:16:20.646+0000] {logging_mixin.py:188} INFO - [2024-05-13T15:16:20.646+0000] {dag.py:3047} INFO - Sync 1 DAGs
[2024-05-13T15:16:20.672+0000] {logging_mixin.py:188} INFO - [2024-05-13T15:16:20.671+0000] {dag.py:3834} INFO - Setting next_dagrun for latest_only_with_trigger to 2024-05-13 08:00:00+00:00, run_after=2024-05-13 12:00:00+00:00
[2024-05-13T15:16:20.690+0000] {processor.py:183} INFO - Processing /home/airflow/.local/lib/python3.8/site-packages/airflow/example_dags/example_latest_only_with_trigger.py took 0.078 seconds
[2024-05-13T15:16:51.701+0000] {processor.py:161} INFO - Started process (PID=300) to work on /home/airflow/.local/lib/python3.8/site-packages/airflow/example_dags/example_latest_only_with_trigger.py
[2024-05-13T15:16:51.702+0000] {processor.py:830} INFO - Processing file /home/airflow/.local/lib/python3.8/site-packages/airflow/example_dags/example_latest_only_with_trigger.py for tasks to queue
[2024-05-13T15:16:51.706+0000] {logging_mixin.py:188} INFO - [2024-05-13T15:16:51.705+0000] {dagbag.py:540} INFO - Filling up the DagBag from /home/airflow/.local/lib/python3.8/site-packages/airflow/example_dags/example_latest_only_with_trigger.py
[2024-05-13T15:16:51.713+0000] {processor.py:840} INFO - DAG(s) 'latest_only_with_trigger' retrieved from /home/airflow/.local/lib/python3.8/site-packages/airflow/example_dags/example_latest_only_with_trigger.py
[2024-05-13T15:16:51.735+0000] {logging_mixin.py:188} INFO - [2024-05-13T15:16:51.734+0000] {dag.py:3047} INFO - Sync 1 DAGs
[2024-05-13T15:16:51.757+0000] {logging_mixin.py:188} INFO - [2024-05-13T15:16:51.756+0000] {dag.py:3834} INFO - Setting next_dagrun for latest_only_with_trigger to 2024-05-13 08:00:00+00:00, run_after=2024-05-13 12:00:00+00:00
[2024-05-13T15:16:51.776+0000] {processor.py:183} INFO - Processing /home/airflow/.local/lib/python3.8/site-packages/airflow/example_dags/example_latest_only_with_trigger.py took 0.079 seconds
[2024-05-13T15:17:21.812+0000] {processor.py:161} INFO - Started process (PID=356) to work on /home/airflow/.local/lib/python3.8/site-packages/airflow/example_dags/example_latest_only_with_trigger.py
[2024-05-13T15:17:21.813+0000] {processor.py:830} INFO - Processing file /home/airflow/.local/lib/python3.8/site-packages/airflow/example_dags/example_latest_only_with_trigger.py for tasks to queue
[2024-05-13T15:17:21.814+0000] {logging_mixin.py:188} INFO - [2024-05-13T15:17:21.814+0000] {dagbag.py:540} INFO - Filling up the DagBag from /home/airflow/.local/lib/python3.8/site-packages/airflow/example_dags/example_latest_only_with_trigger.py
[2024-05-13T15:17:21.819+0000] {processor.py:840} INFO - DAG(s) 'latest_only_with_trigger' retrieved from /home/airflow/.local/lib/python3.8/site-packages/airflow/example_dags/example_latest_only_with_trigger.py
[2024-05-13T15:17:21.838+0000] {logging_mixin.py:188} INFO - [2024-05-13T15:17:21.838+0000] {dag.py:3047} INFO - Sync 1 DAGs
[2024-05-13T15:17:21.856+0000] {logging_mixin.py:188} INFO - [2024-05-13T15:17:21.856+0000] {dag.py:3834} INFO - Setting next_dagrun for latest_only_with_trigger to 2024-05-13 08:00:00+00:00, run_after=2024-05-13 12:00:00+00:00
[2024-05-13T15:17:21.874+0000] {processor.py:183} INFO - Processing /home/airflow/.local/lib/python3.8/site-packages/airflow/example_dags/example_latest_only_with_trigger.py took 0.066 seconds
[2024-05-13T15:17:51.944+0000] {processor.py:161} INFO - Started process (PID=424) to work on /home/airflow/.local/lib/python3.8/site-packages/airflow/example_dags/example_latest_only_with_trigger.py
[2024-05-13T15:17:51.945+0000] {processor.py:830} INFO - Processing file /home/airflow/.local/lib/python3.8/site-packages/airflow/example_dags/example_latest_only_with_trigger.py for tasks to queue
[2024-05-13T15:17:51.947+0000] {logging_mixin.py:188} INFO - [2024-05-13T15:17:51.947+0000] {dagbag.py:540} INFO - Filling up the DagBag from /home/airflow/.local/lib/python3.8/site-packages/airflow/example_dags/example_latest_only_with_trigger.py
[2024-05-13T15:17:51.953+0000] {processor.py:840} INFO - DAG(s) 'latest_only_with_trigger' retrieved from /home/airflow/.local/lib/python3.8/site-packages/airflow/example_dags/example_latest_only_with_trigger.py
[2024-05-13T15:17:51.971+0000] {logging_mixin.py:188} INFO - [2024-05-13T15:17:51.971+0000] {dag.py:3047} INFO - Sync 1 DAGs
[2024-05-13T15:17:51.993+0000] {logging_mixin.py:188} INFO - [2024-05-13T15:17:51.993+0000] {dag.py:3834} INFO - Setting next_dagrun for latest_only_with_trigger to 2024-05-13 08:00:00+00:00, run_after=2024-05-13 12:00:00+00:00
[2024-05-13T15:17:52.010+0000] {processor.py:183} INFO - Processing /home/airflow/.local/lib/python3.8/site-packages/airflow/example_dags/example_latest_only_with_trigger.py took 0.070 seconds
[2024-05-13T15:18:22.225+0000] {processor.py:161} INFO - Started process (PID=492) to work on /home/airflow/.local/lib/python3.8/site-packages/airflow/example_dags/example_latest_only_with_trigger.py
[2024-05-13T15:18:22.226+0000] {processor.py:830} INFO - Processing file /home/airflow/.local/lib/python3.8/site-packages/airflow/example_dags/example_latest_only_with_trigger.py for tasks to queue
[2024-05-13T15:18:22.230+0000] {logging_mixin.py:188} INFO - [2024-05-13T15:18:22.229+0000] {dagbag.py:540} INFO - Filling up the DagBag from /home/airflow/.local/lib/python3.8/site-packages/airflow/example_dags/example_latest_only_with_trigger.py
[2024-05-13T15:18:22.240+0000] {processor.py:840} INFO - DAG(s) 'latest_only_with_trigger' retrieved from /home/airflow/.local/lib/python3.8/site-packages/airflow/example_dags/example_latest_only_with_trigger.py
[2024-05-13T15:18:22.271+0000] {logging_mixin.py:188} INFO - [2024-05-13T15:18:22.270+0000] {dag.py:3047} INFO - Sync 1 DAGs
[2024-05-13T15:18:22.305+0000] {logging_mixin.py:188} INFO - [2024-05-13T15:18:22.305+0000] {dag.py:3834} INFO - Setting next_dagrun for latest_only_with_trigger to 2024-05-13 08:00:00+00:00, run_after=2024-05-13 12:00:00+00:00
[2024-05-13T15:18:22.333+0000] {processor.py:183} INFO - Processing /home/airflow/.local/lib/python3.8/site-packages/airflow/example_dags/example_latest_only_with_trigger.py took 0.112 seconds
[2024-05-13T15:18:52.367+0000] {processor.py:161} INFO - Started process (PID=559) to work on /home/airflow/.local/lib/python3.8/site-packages/airflow/example_dags/example_latest_only_with_trigger.py
[2024-05-13T15:18:52.368+0000] {processor.py:830} INFO - Processing file /home/airflow/.local/lib/python3.8/site-packages/airflow/example_dags/example_latest_only_with_trigger.py for tasks to queue
[2024-05-13T15:18:52.369+0000] {logging_mixin.py:188} INFO - [2024-05-13T15:18:52.369+0000] {dagbag.py:540} INFO - Filling up the DagBag from /home/airflow/.local/lib/python3.8/site-packages/airflow/example_dags/example_latest_only_with_trigger.py
[2024-05-13T15:18:52.375+0000] {processor.py:840} INFO - DAG(s) 'latest_only_with_trigger' retrieved from /home/airflow/.local/lib/python3.8/site-packages/airflow/example_dags/example_latest_only_with_trigger.py
[2024-05-13T15:18:52.394+0000] {logging_mixin.py:188} INFO - [2024-05-13T15:18:52.394+0000] {dag.py:3047} INFO - Sync 1 DAGs
[2024-05-13T15:18:52.414+0000] {logging_mixin.py:188} INFO - [2024-05-13T15:18:52.413+0000] {dag.py:3834} INFO - Setting next_dagrun for latest_only_with_trigger to 2024-05-13 08:00:00+00:00, run_after=2024-05-13 12:00:00+00:00
[2024-05-13T15:18:52.437+0000] {processor.py:183} INFO - Processing /home/airflow/.local/lib/python3.8/site-packages/airflow/example_dags/example_latest_only_with_trigger.py took 0.073 seconds
[2024-05-13T15:19:22.652+0000] {processor.py:161} INFO - Started process (PID=627) to work on /home/airflow/.local/lib/python3.8/site-packages/airflow/example_dags/example_latest_only_with_trigger.py
[2024-05-13T15:19:22.653+0000] {processor.py:830} INFO - Processing file /home/airflow/.local/lib/python3.8/site-packages/airflow/example_dags/example_latest_only_with_trigger.py for tasks to queue
[2024-05-13T15:19:22.655+0000] {logging_mixin.py:188} INFO - [2024-05-13T15:19:22.655+0000] {dagbag.py:540} INFO - Filling up the DagBag from /home/airflow/.local/lib/python3.8/site-packages/airflow/example_dags/example_latest_only_with_trigger.py
[2024-05-13T15:19:22.661+0000] {processor.py:840} INFO - DAG(s) 'latest_only_with_trigger' retrieved from /home/airflow/.local/lib/python3.8/site-packages/airflow/example_dags/example_latest_only_with_trigger.py
[2024-05-13T15:19:22.682+0000] {logging_mixin.py:188} INFO - [2024-05-13T15:19:22.681+0000] {dag.py:3047} INFO - Sync 1 DAGs
[2024-05-13T15:19:22.703+0000] {logging_mixin.py:188} INFO - [2024-05-13T15:19:22.702+0000] {dag.py:3834} INFO - Setting next_dagrun for latest_only_with_trigger to 2024-05-13 08:00:00+00:00, run_after=2024-05-13 12:00:00+00:00
[2024-05-13T15:19:22.721+0000] {processor.py:183} INFO - Processing /home/airflow/.local/lib/python3.8/site-packages/airflow/example_dags/example_latest_only_with_trigger.py took 0.073 seconds
[2024-05-13T15:19:52.933+0000] {processor.py:161} INFO - Started process (PID=695) to work on /home/airflow/.local/lib/python3.8/site-packages/airflow/example_dags/example_latest_only_with_trigger.py
[2024-05-13T15:19:52.934+0000] {processor.py:830} INFO - Processing file /home/airflow/.local/lib/python3.8/site-packages/airflow/example_dags/example_latest_only_with_trigger.py for tasks to queue
[2024-05-13T15:19:52.936+0000] {logging_mixin.py:188} INFO - [2024-05-13T15:19:52.936+0000] {dagbag.py:540} INFO - Filling up the DagBag from /home/airflow/.local/lib/python3.8/site-packages/airflow/example_dags/example_latest_only_with_trigger.py
[2024-05-13T15:19:52.942+0000] {processor.py:840} INFO - DAG(s) 'latest_only_with_trigger' retrieved from /home/airflow/.local/lib/python3.8/site-packages/airflow/example_dags/example_latest_only_with_trigger.py
[2024-05-13T15:19:52.963+0000] {logging_mixin.py:188} INFO - [2024-05-13T15:19:52.963+0000] {dag.py:3047} INFO - Sync 1 DAGs
[2024-05-13T15:19:52.986+0000] {logging_mixin.py:188} INFO - [2024-05-13T15:19:52.986+0000] {dag.py:3834} INFO - Setting next_dagrun for latest_only_with_trigger to 2024-05-13 08:00:00+00:00, run_after=2024-05-13 12:00:00+00:00
[2024-05-13T15:19:53.004+0000] {processor.py:183} INFO - Processing /home/airflow/.local/lib/python3.8/site-packages/airflow/example_dags/example_latest_only_with_trigger.py took 0.075 seconds
[2024-05-13T15:20:23.261+0000] {processor.py:161} INFO - Started process (PID=763) to work on /home/airflow/.local/lib/python3.8/site-packages/airflow/example_dags/example_latest_only_with_trigger.py
[2024-05-13T15:20:23.262+0000] {processor.py:830} INFO - Processing file /home/airflow/.local/lib/python3.8/site-packages/airflow/example_dags/example_latest_only_with_trigger.py for tasks to queue
[2024-05-13T15:20:23.264+0000] {logging_mixin.py:188} INFO - [2024-05-13T15:20:23.264+0000] {dagbag.py:540} INFO - Filling up the DagBag from /home/airflow/.local/lib/python3.8/site-packages/airflow/example_dags/example_latest_only_with_trigger.py
[2024-05-13T15:20:23.270+0000] {processor.py:840} INFO - DAG(s) 'latest_only_with_trigger' retrieved from /home/airflow/.local/lib/python3.8/site-packages/airflow/example_dags/example_latest_only_with_trigger.py
[2024-05-13T15:20:23.291+0000] {logging_mixin.py:188} INFO - [2024-05-13T15:20:23.291+0000] {dag.py:3047} INFO - Sync 1 DAGs
[2024-05-13T15:20:23.314+0000] {logging_mixin.py:188} INFO - [2024-05-13T15:20:23.314+0000] {dag.py:3834} INFO - Setting next_dagrun for latest_only_with_trigger to 2024-05-13 08:00:00+00:00, run_after=2024-05-13 12:00:00+00:00
[2024-05-13T15:20:23.335+0000] {processor.py:183} INFO - Processing /home/airflow/.local/lib/python3.8/site-packages/airflow/example_dags/example_latest_only_with_trigger.py took 0.077 seconds
[2024-05-13T15:20:53.759+0000] {processor.py:161} INFO - Started process (PID=836) to work on /home/airflow/.local/lib/python3.8/site-packages/airflow/example_dags/example_latest_only_with_trigger.py
[2024-05-13T15:20:53.760+0000] {processor.py:830} INFO - Processing file /home/airflow/.local/lib/python3.8/site-packages/airflow/example_dags/example_latest_only_with_trigger.py for tasks to queue
[2024-05-13T15:20:53.761+0000] {logging_mixin.py:188} INFO - [2024-05-13T15:20:53.761+0000] {dagbag.py:540} INFO - Filling up the DagBag from /home/airflow/.local/lib/python3.8/site-packages/airflow/example_dags/example_latest_only_with_trigger.py
[2024-05-13T15:20:53.767+0000] {processor.py:840} INFO - DAG(s) 'latest_only_with_trigger' retrieved from /home/airflow/.local/lib/python3.8/site-packages/airflow/example_dags/example_latest_only_with_trigger.py
[2024-05-13T15:20:53.788+0000] {logging_mixin.py:188} INFO - [2024-05-13T15:20:53.787+0000] {dag.py:3047} INFO - Sync 1 DAGs
[2024-05-13T15:20:53.810+0000] {logging_mixin.py:188} INFO - [2024-05-13T15:20:53.809+0000] {dag.py:3834} INFO - Setting next_dagrun for latest_only_with_trigger to 2024-05-13 08:00:00+00:00, run_after=2024-05-13 12:00:00+00:00
[2024-05-13T15:20:53.831+0000] {processor.py:183} INFO - Processing /home/airflow/.local/lib/python3.8/site-packages/airflow/example_dags/example_latest_only_with_trigger.py took 0.075 seconds
[2024-05-13T15:21:23.966+0000] {processor.py:161} INFO - Started process (PID=904) to work on /home/airflow/.local/lib/python3.8/site-packages/airflow/example_dags/example_latest_only_with_trigger.py
[2024-05-13T15:21:23.968+0000] {processor.py:830} INFO - Processing file /home/airflow/.local/lib/python3.8/site-packages/airflow/example_dags/example_latest_only_with_trigger.py for tasks to queue
[2024-05-13T15:21:23.971+0000] {logging_mixin.py:188} INFO - [2024-05-13T15:21:23.970+0000] {dagbag.py:540} INFO - Filling up the DagBag from /home/airflow/.local/lib/python3.8/site-packages/airflow/example_dags/example_latest_only_with_trigger.py
[2024-05-13T15:21:23.978+0000] {processor.py:840} INFO - DAG(s) 'latest_only_with_trigger' retrieved from /home/airflow/.local/lib/python3.8/site-packages/airflow/example_dags/example_latest_only_with_trigger.py
[2024-05-13T15:21:24.002+0000] {logging_mixin.py:188} INFO - [2024-05-13T15:21:24.001+0000] {dag.py:3047} INFO - Sync 1 DAGs
[2024-05-13T15:21:24.028+0000] {logging_mixin.py:188} INFO - [2024-05-13T15:21:24.028+0000] {dag.py:3834} INFO - Setting next_dagrun for latest_only_with_trigger to 2024-05-13 08:00:00+00:00, run_after=2024-05-13 12:00:00+00:00
[2024-05-13T15:21:24.057+0000] {processor.py:183} INFO - Processing /home/airflow/.local/lib/python3.8/site-packages/airflow/example_dags/example_latest_only_with_trigger.py took 0.095 seconds
[2024-05-13T15:21:54.232+0000] {processor.py:161} INFO - Started process (PID=972) to work on /home/airflow/.local/lib/python3.8/site-packages/airflow/example_dags/example_latest_only_with_trigger.py
[2024-05-13T15:21:54.233+0000] {processor.py:830} INFO - Processing file /home/airflow/.local/lib/python3.8/site-packages/airflow/example_dags/example_latest_only_with_trigger.py for tasks to queue
[2024-05-13T15:21:54.235+0000] {logging_mixin.py:188} INFO - [2024-05-13T15:21:54.234+0000] {dagbag.py:540} INFO - Filling up the DagBag from /home/airflow/.local/lib/python3.8/site-packages/airflow/example_dags/example_latest_only_with_trigger.py
[2024-05-13T15:21:54.240+0000] {processor.py:840} INFO - DAG(s) 'latest_only_with_trigger' retrieved from /home/airflow/.local/lib/python3.8/site-packages/airflow/example_dags/example_latest_only_with_trigger.py
[2024-05-13T15:21:54.264+0000] {logging_mixin.py:188} INFO - [2024-05-13T15:21:54.263+0000] {dag.py:3047} INFO - Sync 1 DAGs
[2024-05-13T15:21:54.284+0000] {logging_mixin.py:188} INFO - [2024-05-13T15:21:54.284+0000] {dag.py:3834} INFO - Setting next_dagrun for latest_only_with_trigger to 2024-05-13 08:00:00+00:00, run_after=2024-05-13 12:00:00+00:00
[2024-05-13T15:21:54.305+0000] {processor.py:183} INFO - Processing /home/airflow/.local/lib/python3.8/site-packages/airflow/example_dags/example_latest_only_with_trigger.py took 0.076 seconds
[2024-05-13T15:22:25.141+0000] {processor.py:161} INFO - Started process (PID=1040) to work on /home/airflow/.local/lib/python3.8/site-packages/airflow/example_dags/example_latest_only_with_trigger.py
[2024-05-13T15:22:25.143+0000] {processor.py:830} INFO - Processing file /home/airflow/.local/lib/python3.8/site-packages/airflow/example_dags/example_latest_only_with_trigger.py for tasks to queue
[2024-05-13T15:22:25.145+0000] {logging_mixin.py:188} INFO - [2024-05-13T15:22:25.145+0000] {dagbag.py:540} INFO - Filling up the DagBag from /home/airflow/.local/lib/python3.8/site-packages/airflow/example_dags/example_latest_only_with_trigger.py
[2024-05-13T15:22:25.151+0000] {processor.py:840} INFO - DAG(s) 'latest_only_with_trigger' retrieved from /home/airflow/.local/lib/python3.8/site-packages/airflow/example_dags/example_latest_only_with_trigger.py
[2024-05-13T15:22:25.175+0000] {logging_mixin.py:188} INFO - [2024-05-13T15:22:25.174+0000] {dag.py:3047} INFO - Sync 1 DAGs
[2024-05-13T15:22:25.200+0000] {logging_mixin.py:188} INFO - [2024-05-13T15:22:25.200+0000] {dag.py:3834} INFO - Setting next_dagrun for latest_only_with_trigger to 2024-05-13 08:00:00+00:00, run_after=2024-05-13 12:00:00+00:00
[2024-05-13T15:22:25.229+0000] {processor.py:183} INFO - Processing /home/airflow/.local/lib/python3.8/site-packages/airflow/example_dags/example_latest_only_with_trigger.py took 0.091 seconds
[2024-05-13T15:22:55.567+0000] {processor.py:161} INFO - Started process (PID=1109) to work on /home/airflow/.local/lib/python3.8/site-packages/airflow/example_dags/example_latest_only_with_trigger.py
[2024-05-13T15:22:55.569+0000] {processor.py:830} INFO - Processing file /home/airflow/.local/lib/python3.8/site-packages/airflow/example_dags/example_latest_only_with_trigger.py for tasks to queue
[2024-05-13T15:22:55.571+0000] {logging_mixin.py:188} INFO - [2024-05-13T15:22:55.571+0000] {dagbag.py:540} INFO - Filling up the DagBag from /home/airflow/.local/lib/python3.8/site-packages/airflow/example_dags/example_latest_only_with_trigger.py
[2024-05-13T15:22:55.578+0000] {processor.py:840} INFO - DAG(s) 'latest_only_with_trigger' retrieved from /home/airflow/.local/lib/python3.8/site-packages/airflow/example_dags/example_latest_only_with_trigger.py
[2024-05-13T15:22:55.609+0000] {logging_mixin.py:188} INFO - [2024-05-13T15:22:55.609+0000] {dag.py:3047} INFO - Sync 1 DAGs
[2024-05-13T15:22:55.639+0000] {logging_mixin.py:188} INFO - [2024-05-13T15:22:55.639+0000] {dag.py:3834} INFO - Setting next_dagrun for latest_only_with_trigger to 2024-05-13 08:00:00+00:00, run_after=2024-05-13 12:00:00+00:00
[2024-05-13T15:22:55.670+0000] {processor.py:183} INFO - Processing /home/airflow/.local/lib/python3.8/site-packages/airflow/example_dags/example_latest_only_with_trigger.py took 0.106 seconds
[2024-05-13T15:23:25.921+0000] {processor.py:161} INFO - Started process (PID=1177) to work on /home/airflow/.local/lib/python3.8/site-packages/airflow/example_dags/example_latest_only_with_trigger.py
[2024-05-13T15:23:25.923+0000] {processor.py:830} INFO - Processing file /home/airflow/.local/lib/python3.8/site-packages/airflow/example_dags/example_latest_only_with_trigger.py for tasks to queue
[2024-05-13T15:23:25.927+0000] {logging_mixin.py:188} INFO - [2024-05-13T15:23:25.926+0000] {dagbag.py:540} INFO - Filling up the DagBag from /home/airflow/.local/lib/python3.8/site-packages/airflow/example_dags/example_latest_only_with_trigger.py
[2024-05-13T15:23:25.935+0000] {processor.py:840} INFO - DAG(s) 'latest_only_with_trigger' retrieved from /home/airflow/.local/lib/python3.8/site-packages/airflow/example_dags/example_latest_only_with_trigger.py
[2024-05-13T15:23:25.958+0000] {logging_mixin.py:188} INFO - [2024-05-13T15:23:25.958+0000] {dag.py:3047} INFO - Sync 1 DAGs
[2024-05-13T15:23:25.985+0000] {logging_mixin.py:188} INFO - [2024-05-13T15:23:25.985+0000] {dag.py:3834} INFO - Setting next_dagrun for latest_only_with_trigger to 2024-05-13 08:00:00+00:00, run_after=2024-05-13 12:00:00+00:00
[2024-05-13T15:23:26.010+0000] {processor.py:183} INFO - Processing /home/airflow/.local/lib/python3.8/site-packages/airflow/example_dags/example_latest_only_with_trigger.py took 0.093 seconds
[2024-05-13T15:23:56.757+0000] {processor.py:161} INFO - Started process (PID=1245) to work on /home/airflow/.local/lib/python3.8/site-packages/airflow/example_dags/example_latest_only_with_trigger.py
[2024-05-13T15:23:56.758+0000] {processor.py:830} INFO - Processing file /home/airflow/.local/lib/python3.8/site-packages/airflow/example_dags/example_latest_only_with_trigger.py for tasks to queue
[2024-05-13T15:23:56.760+0000] {logging_mixin.py:188} INFO - [2024-05-13T15:23:56.760+0000] {dagbag.py:540} INFO - Filling up the DagBag from /home/airflow/.local/lib/python3.8/site-packages/airflow/example_dags/example_latest_only_with_trigger.py
[2024-05-13T15:23:56.766+0000] {processor.py:840} INFO - DAG(s) 'latest_only_with_trigger' retrieved from /home/airflow/.local/lib/python3.8/site-packages/airflow/example_dags/example_latest_only_with_trigger.py
[2024-05-13T15:23:56.786+0000] {logging_mixin.py:188} INFO - [2024-05-13T15:23:56.786+0000] {dag.py:3047} INFO - Sync 1 DAGs
[2024-05-13T15:23:56.807+0000] {logging_mixin.py:188} INFO - [2024-05-13T15:23:56.807+0000] {dag.py:3834} INFO - Setting next_dagrun for latest_only_with_trigger to 2024-05-13 08:00:00+00:00, run_after=2024-05-13 12:00:00+00:00
[2024-05-13T15:23:56.829+0000] {processor.py:183} INFO - Processing /home/airflow/.local/lib/python3.8/site-packages/airflow/example_dags/example_latest_only_with_trigger.py took 0.075 seconds
[2024-05-13T15:24:27.024+0000] {processor.py:161} INFO - Started process (PID=1313) to work on /home/airflow/.local/lib/python3.8/site-packages/airflow/example_dags/example_latest_only_with_trigger.py
[2024-05-13T15:24:27.025+0000] {processor.py:830} INFO - Processing file /home/airflow/.local/lib/python3.8/site-packages/airflow/example_dags/example_latest_only_with_trigger.py for tasks to queue
[2024-05-13T15:24:27.027+0000] {logging_mixin.py:188} INFO - [2024-05-13T15:24:27.027+0000] {dagbag.py:540} INFO - Filling up the DagBag from /home/airflow/.local/lib/python3.8/site-packages/airflow/example_dags/example_latest_only_with_trigger.py
[2024-05-13T15:24:27.032+0000] {processor.py:840} INFO - DAG(s) 'latest_only_with_trigger' retrieved from /home/airflow/.local/lib/python3.8/site-packages/airflow/example_dags/example_latest_only_with_trigger.py
[2024-05-13T15:24:27.053+0000] {logging_mixin.py:188} INFO - [2024-05-13T15:24:27.053+0000] {dag.py:3047} INFO - Sync 1 DAGs
[2024-05-13T15:24:27.073+0000] {logging_mixin.py:188} INFO - [2024-05-13T15:24:27.073+0000] {dag.py:3834} INFO - Setting next_dagrun for latest_only_with_trigger to 2024-05-13 08:00:00+00:00, run_after=2024-05-13 12:00:00+00:00
[2024-05-13T15:24:27.093+0000] {processor.py:183} INFO - Processing /home/airflow/.local/lib/python3.8/site-packages/airflow/example_dags/example_latest_only_with_trigger.py took 0.071 seconds
[2024-05-13T15:24:57.186+0000] {processor.py:161} INFO - Started process (PID=1381) to work on /home/airflow/.local/lib/python3.8/site-packages/airflow/example_dags/example_latest_only_with_trigger.py
[2024-05-13T15:24:57.187+0000] {processor.py:830} INFO - Processing file /home/airflow/.local/lib/python3.8/site-packages/airflow/example_dags/example_latest_only_with_trigger.py for tasks to queue
[2024-05-13T15:24:57.188+0000] {logging_mixin.py:188} INFO - [2024-05-13T15:24:57.188+0000] {dagbag.py:540} INFO - Filling up the DagBag from /home/airflow/.local/lib/python3.8/site-packages/airflow/example_dags/example_latest_only_with_trigger.py
[2024-05-13T15:24:57.193+0000] {processor.py:840} INFO - DAG(s) 'latest_only_with_trigger' retrieved from /home/airflow/.local/lib/python3.8/site-packages/airflow/example_dags/example_latest_only_with_trigger.py
[2024-05-13T15:24:57.215+0000] {logging_mixin.py:188} INFO - [2024-05-13T15:24:57.214+0000] {dag.py:3047} INFO - Sync 1 DAGs
[2024-05-13T15:24:57.234+0000] {logging_mixin.py:188} INFO - [2024-05-13T15:24:57.234+0000] {dag.py:3834} INFO - Setting next_dagrun for latest_only_with_trigger to 2024-05-13 08:00:00+00:00, run_after=2024-05-13 12:00:00+00:00
[2024-05-13T15:24:57.253+0000] {processor.py:183} INFO - Processing /home/airflow/.local/lib/python3.8/site-packages/airflow/example_dags/example_latest_only_with_trigger.py took 0.071 seconds
[2024-05-13T15:25:27.489+0000] {processor.py:161} INFO - Started process (PID=1450) to work on /home/airflow/.local/lib/python3.8/site-packages/airflow/example_dags/example_latest_only_with_trigger.py
[2024-05-13T15:25:27.490+0000] {processor.py:830} INFO - Processing file /home/airflow/.local/lib/python3.8/site-packages/airflow/example_dags/example_latest_only_with_trigger.py for tasks to queue
[2024-05-13T15:25:27.492+0000] {logging_mixin.py:188} INFO - [2024-05-13T15:25:27.492+0000] {dagbag.py:540} INFO - Filling up the DagBag from /home/airflow/.local/lib/python3.8/site-packages/airflow/example_dags/example_latest_only_with_trigger.py
[2024-05-13T15:25:27.497+0000] {processor.py:840} INFO - DAG(s) 'latest_only_with_trigger' retrieved from /home/airflow/.local/lib/python3.8/site-packages/airflow/example_dags/example_latest_only_with_trigger.py
[2024-05-13T15:25:27.516+0000] {logging_mixin.py:188} INFO - [2024-05-13T15:25:27.516+0000] {dag.py:3047} INFO - Sync 1 DAGs
[2024-05-13T15:25:27.539+0000] {logging_mixin.py:188} INFO - [2024-05-13T15:25:27.539+0000] {dag.py:3834} INFO - Setting next_dagrun for latest_only_with_trigger to 2024-05-13 08:00:00+00:00, run_after=2024-05-13 12:00:00+00:00
[2024-05-13T15:25:27.565+0000] {processor.py:183} INFO - Processing /home/airflow/.local/lib/python3.8/site-packages/airflow/example_dags/example_latest_only_with_trigger.py took 0.079 seconds
[2024-05-13T15:25:57.916+0000] {processor.py:161} INFO - Started process (PID=1518) to work on /home/airflow/.local/lib/python3.8/site-packages/airflow/example_dags/example_latest_only_with_trigger.py
[2024-05-13T15:25:57.917+0000] {processor.py:830} INFO - Processing file /home/airflow/.local/lib/python3.8/site-packages/airflow/example_dags/example_latest_only_with_trigger.py for tasks to queue
[2024-05-13T15:25:57.919+0000] {logging_mixin.py:188} INFO - [2024-05-13T15:25:57.919+0000] {dagbag.py:540} INFO - Filling up the DagBag from /home/airflow/.local/lib/python3.8/site-packages/airflow/example_dags/example_latest_only_with_trigger.py
[2024-05-13T15:25:57.924+0000] {processor.py:840} INFO - DAG(s) 'latest_only_with_trigger' retrieved from /home/airflow/.local/lib/python3.8/site-packages/airflow/example_dags/example_latest_only_with_trigger.py
[2024-05-13T15:25:57.943+0000] {logging_mixin.py:188} INFO - [2024-05-13T15:25:57.943+0000] {dag.py:3047} INFO - Sync 1 DAGs
[2024-05-13T15:25:57.960+0000] {logging_mixin.py:188} INFO - [2024-05-13T15:25:57.960+0000] {dag.py:3834} INFO - Setting next_dagrun for latest_only_with_trigger to 2024-05-13 08:00:00+00:00, run_after=2024-05-13 12:00:00+00:00
[2024-05-13T15:25:57.977+0000] {processor.py:183} INFO - Processing /home/airflow/.local/lib/python3.8/site-packages/airflow/example_dags/example_latest_only_with_trigger.py took 0.064 seconds
[2024-05-13T15:26:28.209+0000] {processor.py:161} INFO - Started process (PID=1586) to work on /home/airflow/.local/lib/python3.8/site-packages/airflow/example_dags/example_latest_only_with_trigger.py
[2024-05-13T15:26:28.210+0000] {processor.py:830} INFO - Processing file /home/airflow/.local/lib/python3.8/site-packages/airflow/example_dags/example_latest_only_with_trigger.py for tasks to queue
[2024-05-13T15:26:28.211+0000] {logging_mixin.py:188} INFO - [2024-05-13T15:26:28.211+0000] {dagbag.py:540} INFO - Filling up the DagBag from /home/airflow/.local/lib/python3.8/site-packages/airflow/example_dags/example_latest_only_with_trigger.py
[2024-05-13T15:26:28.216+0000] {processor.py:840} INFO - DAG(s) 'latest_only_with_trigger' retrieved from /home/airflow/.local/lib/python3.8/site-packages/airflow/example_dags/example_latest_only_with_trigger.py
[2024-05-13T15:26:28.237+0000] {logging_mixin.py:188} INFO - [2024-05-13T15:26:28.237+0000] {dag.py:3047} INFO - Sync 1 DAGs
[2024-05-13T15:26:28.256+0000] {logging_mixin.py:188} INFO - [2024-05-13T15:26:28.255+0000] {dag.py:3834} INFO - Setting next_dagrun for latest_only_with_trigger to 2024-05-13 08:00:00+00:00, run_after=2024-05-13 12:00:00+00:00
[2024-05-13T15:26:28.277+0000] {processor.py:183} INFO - Processing /home/airflow/.local/lib/python3.8/site-packages/airflow/example_dags/example_latest_only_with_trigger.py took 0.071 seconds
[2024-05-13T15:26:58.621+0000] {processor.py:161} INFO - Started process (PID=1654) to work on /home/airflow/.local/lib/python3.8/site-packages/airflow/example_dags/example_latest_only_with_trigger.py
[2024-05-13T15:26:58.622+0000] {processor.py:830} INFO - Processing file /home/airflow/.local/lib/python3.8/site-packages/airflow/example_dags/example_latest_only_with_trigger.py for tasks to queue
[2024-05-13T15:26:58.623+0000] {logging_mixin.py:188} INFO - [2024-05-13T15:26:58.623+0000] {dagbag.py:540} INFO - Filling up the DagBag from /home/airflow/.local/lib/python3.8/site-packages/airflow/example_dags/example_latest_only_with_trigger.py
[2024-05-13T15:26:58.628+0000] {processor.py:840} INFO - DAG(s) 'latest_only_with_trigger' retrieved from /home/airflow/.local/lib/python3.8/site-packages/airflow/example_dags/example_latest_only_with_trigger.py
[2024-05-13T15:26:58.647+0000] {logging_mixin.py:188} INFO - [2024-05-13T15:26:58.647+0000] {dag.py:3047} INFO - Sync 1 DAGs
[2024-05-13T15:26:58.667+0000] {logging_mixin.py:188} INFO - [2024-05-13T15:26:58.667+0000] {dag.py:3834} INFO - Setting next_dagrun for latest_only_with_trigger to 2024-05-13 08:00:00+00:00, run_after=2024-05-13 12:00:00+00:00
[2024-05-13T15:26:58.685+0000] {processor.py:183} INFO - Processing /home/airflow/.local/lib/python3.8/site-packages/airflow/example_dags/example_latest_only_with_trigger.py took 0.067 seconds
[2024-05-13T15:27:29.032+0000] {processor.py:161} INFO - Started process (PID=1722) to work on /home/airflow/.local/lib/python3.8/site-packages/airflow/example_dags/example_latest_only_with_trigger.py
[2024-05-13T15:27:29.033+0000] {processor.py:830} INFO - Processing file /home/airflow/.local/lib/python3.8/site-packages/airflow/example_dags/example_latest_only_with_trigger.py for tasks to queue
[2024-05-13T15:27:29.034+0000] {logging_mixin.py:188} INFO - [2024-05-13T15:27:29.034+0000] {dagbag.py:540} INFO - Filling up the DagBag from /home/airflow/.local/lib/python3.8/site-packages/airflow/example_dags/example_latest_only_with_trigger.py
[2024-05-13T15:27:29.040+0000] {processor.py:840} INFO - DAG(s) 'latest_only_with_trigger' retrieved from /home/airflow/.local/lib/python3.8/site-packages/airflow/example_dags/example_latest_only_with_trigger.py
[2024-05-13T15:27:29.063+0000] {logging_mixin.py:188} INFO - [2024-05-13T15:27:29.063+0000] {dag.py:3047} INFO - Sync 1 DAGs
[2024-05-13T15:27:29.085+0000] {logging_mixin.py:188} INFO - [2024-05-13T15:27:29.085+0000] {dag.py:3834} INFO - Setting next_dagrun for latest_only_with_trigger to 2024-05-13 08:00:00+00:00, run_after=2024-05-13 12:00:00+00:00
[2024-05-13T15:27:29.103+0000] {processor.py:183} INFO - Processing /home/airflow/.local/lib/python3.8/site-packages/airflow/example_dags/example_latest_only_with_trigger.py took 0.074 seconds
[2024-05-13T15:27:59.306+0000] {processor.py:161} INFO - Started process (PID=1790) to work on /home/airflow/.local/lib/python3.8/site-packages/airflow/example_dags/example_latest_only_with_trigger.py
[2024-05-13T15:27:59.308+0000] {processor.py:830} INFO - Processing file /home/airflow/.local/lib/python3.8/site-packages/airflow/example_dags/example_latest_only_with_trigger.py for tasks to queue
[2024-05-13T15:27:59.311+0000] {logging_mixin.py:188} INFO - [2024-05-13T15:27:59.311+0000] {dagbag.py:540} INFO - Filling up the DagBag from /home/airflow/.local/lib/python3.8/site-packages/airflow/example_dags/example_latest_only_with_trigger.py
[2024-05-13T15:27:59.319+0000] {processor.py:840} INFO - DAG(s) 'latest_only_with_trigger' retrieved from /home/airflow/.local/lib/python3.8/site-packages/airflow/example_dags/example_latest_only_with_trigger.py
[2024-05-13T15:27:59.347+0000] {logging_mixin.py:188} INFO - [2024-05-13T15:27:59.347+0000] {dag.py:3047} INFO - Sync 1 DAGs
[2024-05-13T15:27:59.372+0000] {logging_mixin.py:188} INFO - [2024-05-13T15:27:59.371+0000] {dag.py:3834} INFO - Setting next_dagrun for latest_only_with_trigger to 2024-05-13 08:00:00+00:00, run_after=2024-05-13 12:00:00+00:00
[2024-05-13T15:27:59.396+0000] {processor.py:183} INFO - Processing /home/airflow/.local/lib/python3.8/site-packages/airflow/example_dags/example_latest_only_with_trigger.py took 0.094 seconds
[2024-05-13T15:28:29.678+0000] {processor.py:161} INFO - Started process (PID=1858) to work on /home/airflow/.local/lib/python3.8/site-packages/airflow/example_dags/example_latest_only_with_trigger.py
[2024-05-13T15:28:29.679+0000] {processor.py:830} INFO - Processing file /home/airflow/.local/lib/python3.8/site-packages/airflow/example_dags/example_latest_only_with_trigger.py for tasks to queue
[2024-05-13T15:28:29.681+0000] {logging_mixin.py:188} INFO - [2024-05-13T15:28:29.681+0000] {dagbag.py:540} INFO - Filling up the DagBag from /home/airflow/.local/lib/python3.8/site-packages/airflow/example_dags/example_latest_only_with_trigger.py
[2024-05-13T15:28:29.686+0000] {processor.py:840} INFO - DAG(s) 'latest_only_with_trigger' retrieved from /home/airflow/.local/lib/python3.8/site-packages/airflow/example_dags/example_latest_only_with_trigger.py
[2024-05-13T15:28:29.706+0000] {logging_mixin.py:188} INFO - [2024-05-13T15:28:29.706+0000] {dag.py:3047} INFO - Sync 1 DAGs
[2024-05-13T15:28:29.725+0000] {logging_mixin.py:188} INFO - [2024-05-13T15:28:29.725+0000] {dag.py:3834} INFO - Setting next_dagrun for latest_only_with_trigger to 2024-05-13 08:00:00+00:00, run_after=2024-05-13 12:00:00+00:00
[2024-05-13T15:28:29.745+0000] {processor.py:183} INFO - Processing /home/airflow/.local/lib/python3.8/site-packages/airflow/example_dags/example_latest_only_with_trigger.py took 0.069 seconds
[2024-05-13T15:28:59.835+0000] {processor.py:161} INFO - Started process (PID=1926) to work on /home/airflow/.local/lib/python3.8/site-packages/airflow/example_dags/example_latest_only_with_trigger.py
[2024-05-13T15:28:59.836+0000] {processor.py:830} INFO - Processing file /home/airflow/.local/lib/python3.8/site-packages/airflow/example_dags/example_latest_only_with_trigger.py for tasks to queue
[2024-05-13T15:28:59.837+0000] {logging_mixin.py:188} INFO - [2024-05-13T15:28:59.837+0000] {dagbag.py:540} INFO - Filling up the DagBag from /home/airflow/.local/lib/python3.8/site-packages/airflow/example_dags/example_latest_only_with_trigger.py
[2024-05-13T15:28:59.842+0000] {processor.py:840} INFO - DAG(s) 'latest_only_with_trigger' retrieved from /home/airflow/.local/lib/python3.8/site-packages/airflow/example_dags/example_latest_only_with_trigger.py
[2024-05-13T15:28:59.862+0000] {logging_mixin.py:188} INFO - [2024-05-13T15:28:59.862+0000] {dag.py:3047} INFO - Sync 1 DAGs
[2024-05-13T15:28:59.881+0000] {logging_mixin.py:188} INFO - [2024-05-13T15:28:59.881+0000] {dag.py:3834} INFO - Setting next_dagrun for latest_only_with_trigger to 2024-05-13 08:00:00+00:00, run_after=2024-05-13 12:00:00+00:00
[2024-05-13T15:28:59.899+0000] {processor.py:183} INFO - Processing /home/airflow/.local/lib/python3.8/site-packages/airflow/example_dags/example_latest_only_with_trigger.py took 0.067 seconds
[2024-05-13T15:29:30.306+0000] {processor.py:161} INFO - Started process (PID=1994) to work on /home/airflow/.local/lib/python3.8/site-packages/airflow/example_dags/example_latest_only_with_trigger.py
[2024-05-13T15:29:30.308+0000] {processor.py:830} INFO - Processing file /home/airflow/.local/lib/python3.8/site-packages/airflow/example_dags/example_latest_only_with_trigger.py for tasks to queue
[2024-05-13T15:29:30.311+0000] {logging_mixin.py:188} INFO - [2024-05-13T15:29:30.310+0000] {dagbag.py:540} INFO - Filling up the DagBag from /home/airflow/.local/lib/python3.8/site-packages/airflow/example_dags/example_latest_only_with_trigger.py
[2024-05-13T15:29:30.317+0000] {processor.py:840} INFO - DAG(s) 'latest_only_with_trigger' retrieved from /home/airflow/.local/lib/python3.8/site-packages/airflow/example_dags/example_latest_only_with_trigger.py
[2024-05-13T15:29:30.337+0000] {logging_mixin.py:188} INFO - [2024-05-13T15:29:30.336+0000] {dag.py:3047} INFO - Sync 1 DAGs
[2024-05-13T15:29:30.361+0000] {logging_mixin.py:188} INFO - [2024-05-13T15:29:30.360+0000] {dag.py:3834} INFO - Setting next_dagrun for latest_only_with_trigger to 2024-05-13 08:00:00+00:00, run_after=2024-05-13 12:00:00+00:00
[2024-05-13T15:29:30.385+0000] {processor.py:183} INFO - Processing /home/airflow/.local/lib/python3.8/site-packages/airflow/example_dags/example_latest_only_with_trigger.py took 0.082 seconds
[2024-05-13T15:30:01.189+0000] {processor.py:161} INFO - Started process (PID=2062) to work on /home/airflow/.local/lib/python3.8/site-packages/airflow/example_dags/example_latest_only_with_trigger.py
[2024-05-13T15:30:01.190+0000] {processor.py:830} INFO - Processing file /home/airflow/.local/lib/python3.8/site-packages/airflow/example_dags/example_latest_only_with_trigger.py for tasks to queue
[2024-05-13T15:30:01.192+0000] {logging_mixin.py:188} INFO - [2024-05-13T15:30:01.192+0000] {dagbag.py:540} INFO - Filling up the DagBag from /home/airflow/.local/lib/python3.8/site-packages/airflow/example_dags/example_latest_only_with_trigger.py
[2024-05-13T15:30:01.198+0000] {processor.py:840} INFO - DAG(s) 'latest_only_with_trigger' retrieved from /home/airflow/.local/lib/python3.8/site-packages/airflow/example_dags/example_latest_only_with_trigger.py
[2024-05-13T15:30:01.217+0000] {logging_mixin.py:188} INFO - [2024-05-13T15:30:01.217+0000] {dag.py:3047} INFO - Sync 1 DAGs
[2024-05-13T15:30:01.238+0000] {logging_mixin.py:188} INFO - [2024-05-13T15:30:01.237+0000] {dag.py:3834} INFO - Setting next_dagrun for latest_only_with_trigger to 2024-05-13 08:00:00+00:00, run_after=2024-05-13 12:00:00+00:00
[2024-05-13T15:30:01.256+0000] {processor.py:183} INFO - Processing /home/airflow/.local/lib/python3.8/site-packages/airflow/example_dags/example_latest_only_with_trigger.py took 0.070 seconds
[2024-05-13T15:30:32.227+0000] {processor.py:161} INFO - Started process (PID=2130) to work on /home/airflow/.local/lib/python3.8/site-packages/airflow/example_dags/example_latest_only_with_trigger.py
[2024-05-13T15:30:32.228+0000] {processor.py:830} INFO - Processing file /home/airflow/.local/lib/python3.8/site-packages/airflow/example_dags/example_latest_only_with_trigger.py for tasks to queue
[2024-05-13T15:30:32.230+0000] {logging_mixin.py:188} INFO - [2024-05-13T15:30:32.230+0000] {dagbag.py:540} INFO - Filling up the DagBag from /home/airflow/.local/lib/python3.8/site-packages/airflow/example_dags/example_latest_only_with_trigger.py
[2024-05-13T15:30:32.236+0000] {processor.py:840} INFO - DAG(s) 'latest_only_with_trigger' retrieved from /home/airflow/.local/lib/python3.8/site-packages/airflow/example_dags/example_latest_only_with_trigger.py
[2024-05-13T15:30:32.255+0000] {logging_mixin.py:188} INFO - [2024-05-13T15:30:32.255+0000] {dag.py:3047} INFO - Sync 1 DAGs
[2024-05-13T15:30:32.275+0000] {logging_mixin.py:188} INFO - [2024-05-13T15:30:32.274+0000] {dag.py:3834} INFO - Setting next_dagrun for latest_only_with_trigger to 2024-05-13 08:00:00+00:00, run_after=2024-05-13 12:00:00+00:00
[2024-05-13T15:30:32.293+0000] {processor.py:183} INFO - Processing /home/airflow/.local/lib/python3.8/site-packages/airflow/example_dags/example_latest_only_with_trigger.py took 0.068 seconds
[2024-05-13T15:31:02.383+0000] {processor.py:161} INFO - Started process (PID=2198) to work on /home/airflow/.local/lib/python3.8/site-packages/airflow/example_dags/example_latest_only_with_trigger.py
[2024-05-13T15:31:02.384+0000] {processor.py:830} INFO - Processing file /home/airflow/.local/lib/python3.8/site-packages/airflow/example_dags/example_latest_only_with_trigger.py for tasks to queue
[2024-05-13T15:31:02.386+0000] {logging_mixin.py:188} INFO - [2024-05-13T15:31:02.385+0000] {dagbag.py:540} INFO - Filling up the DagBag from /home/airflow/.local/lib/python3.8/site-packages/airflow/example_dags/example_latest_only_with_trigger.py
[2024-05-13T15:31:02.391+0000] {processor.py:840} INFO - DAG(s) 'latest_only_with_trigger' retrieved from /home/airflow/.local/lib/python3.8/site-packages/airflow/example_dags/example_latest_only_with_trigger.py
[2024-05-13T15:31:02.411+0000] {logging_mixin.py:188} INFO - [2024-05-13T15:31:02.411+0000] {dag.py:3047} INFO - Sync 1 DAGs
[2024-05-13T15:31:02.430+0000] {logging_mixin.py:188} INFO - [2024-05-13T15:31:02.430+0000] {dag.py:3834} INFO - Setting next_dagrun for latest_only_with_trigger to 2024-05-13 08:00:00+00:00, run_after=2024-05-13 12:00:00+00:00
[2024-05-13T15:31:02.447+0000] {processor.py:183} INFO - Processing /home/airflow/.local/lib/python3.8/site-packages/airflow/example_dags/example_latest_only_with_trigger.py took 0.067 seconds
[2024-05-13T15:31:32.608+0000] {processor.py:161} INFO - Started process (PID=2266) to work on /home/airflow/.local/lib/python3.8/site-packages/airflow/example_dags/example_latest_only_with_trigger.py
[2024-05-13T15:31:32.610+0000] {processor.py:830} INFO - Processing file /home/airflow/.local/lib/python3.8/site-packages/airflow/example_dags/example_latest_only_with_trigger.py for tasks to queue
[2024-05-13T15:31:32.611+0000] {logging_mixin.py:188} INFO - [2024-05-13T15:31:32.611+0000] {dagbag.py:540} INFO - Filling up the DagBag from /home/airflow/.local/lib/python3.8/site-packages/airflow/example_dags/example_latest_only_with_trigger.py
[2024-05-13T15:31:32.617+0000] {processor.py:840} INFO - DAG(s) 'latest_only_with_trigger' retrieved from /home/airflow/.local/lib/python3.8/site-packages/airflow/example_dags/example_latest_only_with_trigger.py
[2024-05-13T15:31:32.635+0000] {logging_mixin.py:188} INFO - [2024-05-13T15:31:32.635+0000] {dag.py:3047} INFO - Sync 1 DAGs
[2024-05-13T15:31:32.655+0000] {logging_mixin.py:188} INFO - [2024-05-13T15:31:32.655+0000] {dag.py:3834} INFO - Setting next_dagrun for latest_only_with_trigger to 2024-05-13 08:00:00+00:00, run_after=2024-05-13 12:00:00+00:00
[2024-05-13T15:31:32.672+0000] {processor.py:183} INFO - Processing /home/airflow/.local/lib/python3.8/site-packages/airflow/example_dags/example_latest_only_with_trigger.py took 0.067 seconds
[2024-05-13T15:32:03.047+0000] {processor.py:161} INFO - Started process (PID=2334) to work on /home/airflow/.local/lib/python3.8/site-packages/airflow/example_dags/example_latest_only_with_trigger.py
[2024-05-13T15:32:03.048+0000] {processor.py:830} INFO - Processing file /home/airflow/.local/lib/python3.8/site-packages/airflow/example_dags/example_latest_only_with_trigger.py for tasks to queue
[2024-05-13T15:32:03.050+0000] {logging_mixin.py:188} INFO - [2024-05-13T15:32:03.050+0000] {dagbag.py:540} INFO - Filling up the DagBag from /home/airflow/.local/lib/python3.8/site-packages/airflow/example_dags/example_latest_only_with_trigger.py
[2024-05-13T15:32:03.055+0000] {processor.py:840} INFO - DAG(s) 'latest_only_with_trigger' retrieved from /home/airflow/.local/lib/python3.8/site-packages/airflow/example_dags/example_latest_only_with_trigger.py
[2024-05-13T15:32:03.074+0000] {logging_mixin.py:188} INFO - [2024-05-13T15:32:03.074+0000] {dag.py:3047} INFO - Sync 1 DAGs
[2024-05-13T15:32:03.093+0000] {logging_mixin.py:188} INFO - [2024-05-13T15:32:03.092+0000] {dag.py:3834} INFO - Setting next_dagrun for latest_only_with_trigger to 2024-05-13 08:00:00+00:00, run_after=2024-05-13 12:00:00+00:00
[2024-05-13T15:32:03.110+0000] {processor.py:183} INFO - Processing /home/airflow/.local/lib/python3.8/site-packages/airflow/example_dags/example_latest_only_with_trigger.py took 0.066 seconds
[2024-05-13T15:32:33.672+0000] {processor.py:161} INFO - Started process (PID=2402) to work on /home/airflow/.local/lib/python3.8/site-packages/airflow/example_dags/example_latest_only_with_trigger.py
[2024-05-13T15:32:33.673+0000] {processor.py:830} INFO - Processing file /home/airflow/.local/lib/python3.8/site-packages/airflow/example_dags/example_latest_only_with_trigger.py for tasks to queue
[2024-05-13T15:32:33.675+0000] {logging_mixin.py:188} INFO - [2024-05-13T15:32:33.675+0000] {dagbag.py:540} INFO - Filling up the DagBag from /home/airflow/.local/lib/python3.8/site-packages/airflow/example_dags/example_latest_only_with_trigger.py
[2024-05-13T15:32:33.680+0000] {processor.py:840} INFO - DAG(s) 'latest_only_with_trigger' retrieved from /home/airflow/.local/lib/python3.8/site-packages/airflow/example_dags/example_latest_only_with_trigger.py
[2024-05-13T15:32:33.702+0000] {logging_mixin.py:188} INFO - [2024-05-13T15:32:33.702+0000] {dag.py:3047} INFO - Sync 1 DAGs
[2024-05-13T15:32:33.723+0000] {logging_mixin.py:188} INFO - [2024-05-13T15:32:33.723+0000] {dag.py:3834} INFO - Setting next_dagrun for latest_only_with_trigger to 2024-05-13 08:00:00+00:00, run_after=2024-05-13 12:00:00+00:00
[2024-05-13T15:32:33.742+0000] {processor.py:183} INFO - Processing /home/airflow/.local/lib/python3.8/site-packages/airflow/example_dags/example_latest_only_with_trigger.py took 0.074 seconds
[2024-05-13T15:33:04.021+0000] {processor.py:161} INFO - Started process (PID=2470) to work on /home/airflow/.local/lib/python3.8/site-packages/airflow/example_dags/example_latest_only_with_trigger.py
[2024-05-13T15:33:04.022+0000] {processor.py:830} INFO - Processing file /home/airflow/.local/lib/python3.8/site-packages/airflow/example_dags/example_latest_only_with_trigger.py for tasks to queue
[2024-05-13T15:33:04.024+0000] {logging_mixin.py:188} INFO - [2024-05-13T15:33:04.024+0000] {dagbag.py:540} INFO - Filling up the DagBag from /home/airflow/.local/lib/python3.8/site-packages/airflow/example_dags/example_latest_only_with_trigger.py
[2024-05-13T15:33:04.030+0000] {processor.py:840} INFO - DAG(s) 'latest_only_with_trigger' retrieved from /home/airflow/.local/lib/python3.8/site-packages/airflow/example_dags/example_latest_only_with_trigger.py
[2024-05-13T15:33:04.055+0000] {logging_mixin.py:188} INFO - [2024-05-13T15:33:04.054+0000] {dag.py:3047} INFO - Sync 1 DAGs
[2024-05-13T15:33:04.081+0000] {logging_mixin.py:188} INFO - [2024-05-13T15:33:04.081+0000] {dag.py:3834} INFO - Setting next_dagrun for latest_only_with_trigger to 2024-05-13 08:00:00+00:00, run_after=2024-05-13 12:00:00+00:00
[2024-05-13T15:33:04.103+0000] {processor.py:183} INFO - Processing /home/airflow/.local/lib/python3.8/site-packages/airflow/example_dags/example_latest_only_with_trigger.py took 0.085 seconds
[2024-05-13T15:33:34.792+0000] {processor.py:161} INFO - Started process (PID=2538) to work on /home/airflow/.local/lib/python3.8/site-packages/airflow/example_dags/example_latest_only_with_trigger.py
[2024-05-13T15:33:34.793+0000] {processor.py:830} INFO - Processing file /home/airflow/.local/lib/python3.8/site-packages/airflow/example_dags/example_latest_only_with_trigger.py for tasks to queue
[2024-05-13T15:33:34.797+0000] {logging_mixin.py:188} INFO - [2024-05-13T15:33:34.796+0000] {dagbag.py:540} INFO - Filling up the DagBag from /home/airflow/.local/lib/python3.8/site-packages/airflow/example_dags/example_latest_only_with_trigger.py
[2024-05-13T15:33:34.808+0000] {processor.py:840} INFO - DAG(s) 'latest_only_with_trigger' retrieved from /home/airflow/.local/lib/python3.8/site-packages/airflow/example_dags/example_latest_only_with_trigger.py
[2024-05-13T15:33:34.840+0000] {logging_mixin.py:188} INFO - [2024-05-13T15:33:34.839+0000] {dag.py:3047} INFO - Sync 1 DAGs
[2024-05-13T15:33:34.875+0000] {logging_mixin.py:188} INFO - [2024-05-13T15:33:34.874+0000] {dag.py:3834} INFO - Setting next_dagrun for latest_only_with_trigger to 2024-05-13 08:00:00+00:00, run_after=2024-05-13 12:00:00+00:00
[2024-05-13T15:33:34.901+0000] {processor.py:183} INFO - Processing /home/airflow/.local/lib/python3.8/site-packages/airflow/example_dags/example_latest_only_with_trigger.py took 0.113 seconds
[2024-05-13T15:34:05.650+0000] {processor.py:161} INFO - Started process (PID=2606) to work on /home/airflow/.local/lib/python3.8/site-packages/airflow/example_dags/example_latest_only_with_trigger.py
[2024-05-13T15:34:05.651+0000] {processor.py:830} INFO - Processing file /home/airflow/.local/lib/python3.8/site-packages/airflow/example_dags/example_latest_only_with_trigger.py for tasks to queue
[2024-05-13T15:34:05.653+0000] {logging_mixin.py:188} INFO - [2024-05-13T15:34:05.653+0000] {dagbag.py:540} INFO - Filling up the DagBag from /home/airflow/.local/lib/python3.8/site-packages/airflow/example_dags/example_latest_only_with_trigger.py
[2024-05-13T15:34:05.659+0000] {processor.py:840} INFO - DAG(s) 'latest_only_with_trigger' retrieved from /home/airflow/.local/lib/python3.8/site-packages/airflow/example_dags/example_latest_only_with_trigger.py
[2024-05-13T15:34:05.680+0000] {logging_mixin.py:188} INFO - [2024-05-13T15:34:05.679+0000] {dag.py:3047} INFO - Sync 1 DAGs
[2024-05-13T15:34:05.701+0000] {logging_mixin.py:188} INFO - [2024-05-13T15:34:05.701+0000] {dag.py:3834} INFO - Setting next_dagrun for latest_only_with_trigger to 2024-05-13 08:00:00+00:00, run_after=2024-05-13 12:00:00+00:00
[2024-05-13T15:34:05.720+0000] {processor.py:183} INFO - Processing /home/airflow/.local/lib/python3.8/site-packages/airflow/example_dags/example_latest_only_with_trigger.py took 0.072 seconds
[2024-05-13T15:34:36.163+0000] {processor.py:161} INFO - Started process (PID=2675) to work on /home/airflow/.local/lib/python3.8/site-packages/airflow/example_dags/example_latest_only_with_trigger.py
[2024-05-13T15:34:36.164+0000] {processor.py:830} INFO - Processing file /home/airflow/.local/lib/python3.8/site-packages/airflow/example_dags/example_latest_only_with_trigger.py for tasks to queue
[2024-05-13T15:34:36.166+0000] {logging_mixin.py:188} INFO - [2024-05-13T15:34:36.165+0000] {dagbag.py:540} INFO - Filling up the DagBag from /home/airflow/.local/lib/python3.8/site-packages/airflow/example_dags/example_latest_only_with_trigger.py
[2024-05-13T15:34:36.171+0000] {processor.py:840} INFO - DAG(s) 'latest_only_with_trigger' retrieved from /home/airflow/.local/lib/python3.8/site-packages/airflow/example_dags/example_latest_only_with_trigger.py
[2024-05-13T15:34:36.189+0000] {logging_mixin.py:188} INFO - [2024-05-13T15:34:36.189+0000] {dag.py:3047} INFO - Sync 1 DAGs
[2024-05-13T15:34:36.210+0000] {logging_mixin.py:188} INFO - [2024-05-13T15:34:36.210+0000] {dag.py:3834} INFO - Setting next_dagrun for latest_only_with_trigger to 2024-05-13 08:00:00+00:00, run_after=2024-05-13 12:00:00+00:00
[2024-05-13T15:34:36.227+0000] {processor.py:183} INFO - Processing /home/airflow/.local/lib/python3.8/site-packages/airflow/example_dags/example_latest_only_with_trigger.py took 0.067 seconds
[2024-05-13T15:35:06.804+0000] {processor.py:161} INFO - Started process (PID=2743) to work on /home/airflow/.local/lib/python3.8/site-packages/airflow/example_dags/example_latest_only_with_trigger.py
[2024-05-13T15:35:06.805+0000] {processor.py:830} INFO - Processing file /home/airflow/.local/lib/python3.8/site-packages/airflow/example_dags/example_latest_only_with_trigger.py for tasks to queue
[2024-05-13T15:35:06.807+0000] {logging_mixin.py:188} INFO - [2024-05-13T15:35:06.807+0000] {dagbag.py:540} INFO - Filling up the DagBag from /home/airflow/.local/lib/python3.8/site-packages/airflow/example_dags/example_latest_only_with_trigger.py
[2024-05-13T15:35:06.814+0000] {processor.py:840} INFO - DAG(s) 'latest_only_with_trigger' retrieved from /home/airflow/.local/lib/python3.8/site-packages/airflow/example_dags/example_latest_only_with_trigger.py
[2024-05-13T15:35:06.835+0000] {logging_mixin.py:188} INFO - [2024-05-13T15:35:06.835+0000] {dag.py:3047} INFO - Sync 1 DAGs
[2024-05-13T15:35:06.858+0000] {logging_mixin.py:188} INFO - [2024-05-13T15:35:06.858+0000] {dag.py:3834} INFO - Setting next_dagrun for latest_only_with_trigger to 2024-05-13 08:00:00+00:00, run_after=2024-05-13 12:00:00+00:00
[2024-05-13T15:35:06.880+0000] {processor.py:183} INFO - Processing /home/airflow/.local/lib/python3.8/site-packages/airflow/example_dags/example_latest_only_with_trigger.py took 0.079 seconds
[2024-05-13T15:35:37.367+0000] {processor.py:161} INFO - Started process (PID=2811) to work on /home/airflow/.local/lib/python3.8/site-packages/airflow/example_dags/example_latest_only_with_trigger.py
[2024-05-13T15:35:37.368+0000] {processor.py:830} INFO - Processing file /home/airflow/.local/lib/python3.8/site-packages/airflow/example_dags/example_latest_only_with_trigger.py for tasks to queue
[2024-05-13T15:35:37.370+0000] {logging_mixin.py:188} INFO - [2024-05-13T15:35:37.370+0000] {dagbag.py:540} INFO - Filling up the DagBag from /home/airflow/.local/lib/python3.8/site-packages/airflow/example_dags/example_latest_only_with_trigger.py
[2024-05-13T15:35:37.375+0000] {processor.py:840} INFO - DAG(s) 'latest_only_with_trigger' retrieved from /home/airflow/.local/lib/python3.8/site-packages/airflow/example_dags/example_latest_only_with_trigger.py
[2024-05-13T15:35:37.393+0000] {logging_mixin.py:188} INFO - [2024-05-13T15:35:37.393+0000] {dag.py:3047} INFO - Sync 1 DAGs
[2024-05-13T15:35:37.413+0000] {logging_mixin.py:188} INFO - [2024-05-13T15:35:37.413+0000] {dag.py:3834} INFO - Setting next_dagrun for latest_only_with_trigger to 2024-05-13 08:00:00+00:00, run_after=2024-05-13 12:00:00+00:00
[2024-05-13T15:35:37.431+0000] {processor.py:183} INFO - Processing /home/airflow/.local/lib/python3.8/site-packages/airflow/example_dags/example_latest_only_with_trigger.py took 0.067 seconds
[2024-05-13T15:36:07.793+0000] {processor.py:161} INFO - Started process (PID=2878) to work on /home/airflow/.local/lib/python3.8/site-packages/airflow/example_dags/example_latest_only_with_trigger.py
[2024-05-13T15:36:07.794+0000] {processor.py:830} INFO - Processing file /home/airflow/.local/lib/python3.8/site-packages/airflow/example_dags/example_latest_only_with_trigger.py for tasks to queue
[2024-05-13T15:36:07.797+0000] {logging_mixin.py:188} INFO - [2024-05-13T15:36:07.796+0000] {dagbag.py:540} INFO - Filling up the DagBag from /home/airflow/.local/lib/python3.8/site-packages/airflow/example_dags/example_latest_only_with_trigger.py
[2024-05-13T15:36:07.802+0000] {processor.py:840} INFO - DAG(s) 'latest_only_with_trigger' retrieved from /home/airflow/.local/lib/python3.8/site-packages/airflow/example_dags/example_latest_only_with_trigger.py
[2024-05-13T15:36:07.830+0000] {logging_mixin.py:188} INFO - [2024-05-13T15:36:07.830+0000] {dag.py:3047} INFO - Sync 1 DAGs
[2024-05-13T15:36:07.852+0000] {logging_mixin.py:188} INFO - [2024-05-13T15:36:07.852+0000] {dag.py:3834} INFO - Setting next_dagrun for latest_only_with_trigger to 2024-05-13 08:00:00+00:00, run_after=2024-05-13 12:00:00+00:00
[2024-05-13T15:36:07.874+0000] {processor.py:183} INFO - Processing /home/airflow/.local/lib/python3.8/site-packages/airflow/example_dags/example_latest_only_with_trigger.py took 0.084 seconds
[2024-05-13T15:36:38.095+0000] {processor.py:161} INFO - Started process (PID=2934) to work on /home/airflow/.local/lib/python3.8/site-packages/airflow/example_dags/example_latest_only_with_trigger.py
[2024-05-13T15:36:38.095+0000] {processor.py:830} INFO - Processing file /home/airflow/.local/lib/python3.8/site-packages/airflow/example_dags/example_latest_only_with_trigger.py for tasks to queue
[2024-05-13T15:36:38.097+0000] {logging_mixin.py:188} INFO - [2024-05-13T15:36:38.097+0000] {dagbag.py:540} INFO - Filling up the DagBag from /home/airflow/.local/lib/python3.8/site-packages/airflow/example_dags/example_latest_only_with_trigger.py
[2024-05-13T15:36:38.102+0000] {processor.py:840} INFO - DAG(s) 'latest_only_with_trigger' retrieved from /home/airflow/.local/lib/python3.8/site-packages/airflow/example_dags/example_latest_only_with_trigger.py
[2024-05-13T15:36:38.122+0000] {logging_mixin.py:188} INFO - [2024-05-13T15:36:38.122+0000] {dag.py:3047} INFO - Sync 1 DAGs
[2024-05-13T15:36:38.141+0000] {logging_mixin.py:188} INFO - [2024-05-13T15:36:38.140+0000] {dag.py:3834} INFO - Setting next_dagrun for latest_only_with_trigger to 2024-05-13 08:00:00+00:00, run_after=2024-05-13 12:00:00+00:00
[2024-05-13T15:36:38.160+0000] {processor.py:183} INFO - Processing /home/airflow/.local/lib/python3.8/site-packages/airflow/example_dags/example_latest_only_with_trigger.py took 0.068 seconds
[2024-05-13T15:37:09.056+0000] {processor.py:161} INFO - Started process (PID=3002) to work on /home/airflow/.local/lib/python3.8/site-packages/airflow/example_dags/example_latest_only_with_trigger.py
[2024-05-13T15:37:09.057+0000] {processor.py:830} INFO - Processing file /home/airflow/.local/lib/python3.8/site-packages/airflow/example_dags/example_latest_only_with_trigger.py for tasks to queue
[2024-05-13T15:37:09.059+0000] {logging_mixin.py:188} INFO - [2024-05-13T15:37:09.059+0000] {dagbag.py:540} INFO - Filling up the DagBag from /home/airflow/.local/lib/python3.8/site-packages/airflow/example_dags/example_latest_only_with_trigger.py
[2024-05-13T15:37:09.066+0000] {processor.py:840} INFO - DAG(s) 'latest_only_with_trigger' retrieved from /home/airflow/.local/lib/python3.8/site-packages/airflow/example_dags/example_latest_only_with_trigger.py
[2024-05-13T15:37:09.084+0000] {logging_mixin.py:188} INFO - [2024-05-13T15:37:09.084+0000] {dag.py:3047} INFO - Sync 1 DAGs
[2024-05-13T15:37:09.104+0000] {logging_mixin.py:188} INFO - [2024-05-13T15:37:09.103+0000] {dag.py:3834} INFO - Setting next_dagrun for latest_only_with_trigger to 2024-05-13 08:00:00+00:00, run_after=2024-05-13 12:00:00+00:00
[2024-05-13T15:37:09.123+0000] {processor.py:183} INFO - Processing /home/airflow/.local/lib/python3.8/site-packages/airflow/example_dags/example_latest_only_with_trigger.py took 0.069 seconds
[2024-05-13T15:37:39.414+0000] {processor.py:161} INFO - Started process (PID=3070) to work on /home/airflow/.local/lib/python3.8/site-packages/airflow/example_dags/example_latest_only_with_trigger.py
[2024-05-13T15:37:39.416+0000] {processor.py:830} INFO - Processing file /home/airflow/.local/lib/python3.8/site-packages/airflow/example_dags/example_latest_only_with_trigger.py for tasks to queue
[2024-05-13T15:37:39.417+0000] {logging_mixin.py:188} INFO - [2024-05-13T15:37:39.417+0000] {dagbag.py:540} INFO - Filling up the DagBag from /home/airflow/.local/lib/python3.8/site-packages/airflow/example_dags/example_latest_only_with_trigger.py
[2024-05-13T15:37:39.423+0000] {processor.py:840} INFO - DAG(s) 'latest_only_with_trigger' retrieved from /home/airflow/.local/lib/python3.8/site-packages/airflow/example_dags/example_latest_only_with_trigger.py
[2024-05-13T15:37:39.446+0000] {logging_mixin.py:188} INFO - [2024-05-13T15:37:39.445+0000] {dag.py:3047} INFO - Sync 1 DAGs
[2024-05-13T15:37:39.469+0000] {logging_mixin.py:188} INFO - [2024-05-13T15:37:39.468+0000] {dag.py:3834} INFO - Setting next_dagrun for latest_only_with_trigger to 2024-05-13 08:00:00+00:00, run_after=2024-05-13 12:00:00+00:00
[2024-05-13T15:37:39.493+0000] {processor.py:183} INFO - Processing /home/airflow/.local/lib/python3.8/site-packages/airflow/example_dags/example_latest_only_with_trigger.py took 0.082 seconds
[2024-05-13T15:38:09.976+0000] {processor.py:161} INFO - Started process (PID=3138) to work on /home/airflow/.local/lib/python3.8/site-packages/airflow/example_dags/example_latest_only_with_trigger.py
[2024-05-13T15:38:09.977+0000] {processor.py:830} INFO - Processing file /home/airflow/.local/lib/python3.8/site-packages/airflow/example_dags/example_latest_only_with_trigger.py for tasks to queue
[2024-05-13T15:38:09.979+0000] {logging_mixin.py:188} INFO - [2024-05-13T15:38:09.979+0000] {dagbag.py:540} INFO - Filling up the DagBag from /home/airflow/.local/lib/python3.8/site-packages/airflow/example_dags/example_latest_only_with_trigger.py
[2024-05-13T15:38:09.985+0000] {processor.py:840} INFO - DAG(s) 'latest_only_with_trigger' retrieved from /home/airflow/.local/lib/python3.8/site-packages/airflow/example_dags/example_latest_only_with_trigger.py
[2024-05-13T15:38:10.009+0000] {logging_mixin.py:188} INFO - [2024-05-13T15:38:10.008+0000] {dag.py:3047} INFO - Sync 1 DAGs
[2024-05-13T15:38:10.030+0000] {logging_mixin.py:188} INFO - [2024-05-13T15:38:10.030+0000] {dag.py:3834} INFO - Setting next_dagrun for latest_only_with_trigger to 2024-05-13 08:00:00+00:00, run_after=2024-05-13 12:00:00+00:00
[2024-05-13T15:38:10.051+0000] {processor.py:183} INFO - Processing /home/airflow/.local/lib/python3.8/site-packages/airflow/example_dags/example_latest_only_with_trigger.py took 0.078 seconds
[2024-05-13T15:38:40.623+0000] {processor.py:161} INFO - Started process (PID=3206) to work on /home/airflow/.local/lib/python3.8/site-packages/airflow/example_dags/example_latest_only_with_trigger.py
[2024-05-13T15:38:40.624+0000] {processor.py:830} INFO - Processing file /home/airflow/.local/lib/python3.8/site-packages/airflow/example_dags/example_latest_only_with_trigger.py for tasks to queue
[2024-05-13T15:38:40.626+0000] {logging_mixin.py:188} INFO - [2024-05-13T15:38:40.626+0000] {dagbag.py:540} INFO - Filling up the DagBag from /home/airflow/.local/lib/python3.8/site-packages/airflow/example_dags/example_latest_only_with_trigger.py
[2024-05-13T15:38:40.634+0000] {processor.py:840} INFO - DAG(s) 'latest_only_with_trigger' retrieved from /home/airflow/.local/lib/python3.8/site-packages/airflow/example_dags/example_latest_only_with_trigger.py
[2024-05-13T15:38:40.654+0000] {logging_mixin.py:188} INFO - [2024-05-13T15:38:40.654+0000] {dag.py:3047} INFO - Sync 1 DAGs
[2024-05-13T15:38:40.677+0000] {logging_mixin.py:188} INFO - [2024-05-13T15:38:40.677+0000] {dag.py:3834} INFO - Setting next_dagrun for latest_only_with_trigger to 2024-05-13 08:00:00+00:00, run_after=2024-05-13 12:00:00+00:00
[2024-05-13T15:38:40.700+0000] {processor.py:183} INFO - Processing /home/airflow/.local/lib/python3.8/site-packages/airflow/example_dags/example_latest_only_with_trigger.py took 0.079 seconds
[2024-05-13T15:39:11.536+0000] {processor.py:161} INFO - Started process (PID=3274) to work on /home/airflow/.local/lib/python3.8/site-packages/airflow/example_dags/example_latest_only_with_trigger.py
[2024-05-13T15:39:11.537+0000] {processor.py:830} INFO - Processing file /home/airflow/.local/lib/python3.8/site-packages/airflow/example_dags/example_latest_only_with_trigger.py for tasks to queue
[2024-05-13T15:39:11.539+0000] {logging_mixin.py:188} INFO - [2024-05-13T15:39:11.539+0000] {dagbag.py:540} INFO - Filling up the DagBag from /home/airflow/.local/lib/python3.8/site-packages/airflow/example_dags/example_latest_only_with_trigger.py
[2024-05-13T15:39:11.545+0000] {processor.py:840} INFO - DAG(s) 'latest_only_with_trigger' retrieved from /home/airflow/.local/lib/python3.8/site-packages/airflow/example_dags/example_latest_only_with_trigger.py
[2024-05-13T15:39:11.568+0000] {logging_mixin.py:188} INFO - [2024-05-13T15:39:11.568+0000] {dag.py:3047} INFO - Sync 1 DAGs
[2024-05-13T15:39:11.590+0000] {logging_mixin.py:188} INFO - [2024-05-13T15:39:11.590+0000] {dag.py:3834} INFO - Setting next_dagrun for latest_only_with_trigger to 2024-05-13 08:00:00+00:00, run_after=2024-05-13 12:00:00+00:00
[2024-05-13T15:39:11.769+0000] {processor.py:183} INFO - Processing /home/airflow/.local/lib/python3.8/site-packages/airflow/example_dags/example_latest_only_with_trigger.py took 0.237 seconds
[2024-05-13T15:39:41.857+0000] {processor.py:161} INFO - Started process (PID=3342) to work on /home/airflow/.local/lib/python3.8/site-packages/airflow/example_dags/example_latest_only_with_trigger.py
[2024-05-13T15:39:41.858+0000] {processor.py:830} INFO - Processing file /home/airflow/.local/lib/python3.8/site-packages/airflow/example_dags/example_latest_only_with_trigger.py for tasks to queue
[2024-05-13T15:39:41.861+0000] {logging_mixin.py:188} INFO - [2024-05-13T15:39:41.860+0000] {dagbag.py:540} INFO - Filling up the DagBag from /home/airflow/.local/lib/python3.8/site-packages/airflow/example_dags/example_latest_only_with_trigger.py
[2024-05-13T15:39:41.867+0000] {processor.py:840} INFO - DAG(s) 'latest_only_with_trigger' retrieved from /home/airflow/.local/lib/python3.8/site-packages/airflow/example_dags/example_latest_only_with_trigger.py
[2024-05-13T15:39:41.887+0000] {logging_mixin.py:188} INFO - [2024-05-13T15:39:41.887+0000] {dag.py:3047} INFO - Sync 1 DAGs
[2024-05-13T15:39:41.910+0000] {logging_mixin.py:188} INFO - [2024-05-13T15:39:41.910+0000] {dag.py:3834} INFO - Setting next_dagrun for latest_only_with_trigger to 2024-05-13 08:00:00+00:00, run_after=2024-05-13 12:00:00+00:00
[2024-05-13T15:39:42.060+0000] {processor.py:183} INFO - Processing /home/airflow/.local/lib/python3.8/site-packages/airflow/example_dags/example_latest_only_with_trigger.py took 0.206 seconds
[2024-05-13T15:40:12.793+0000] {processor.py:161} INFO - Started process (PID=3410) to work on /home/airflow/.local/lib/python3.8/site-packages/airflow/example_dags/example_latest_only_with_trigger.py
[2024-05-13T15:40:12.794+0000] {processor.py:830} INFO - Processing file /home/airflow/.local/lib/python3.8/site-packages/airflow/example_dags/example_latest_only_with_trigger.py for tasks to queue
[2024-05-13T15:40:12.797+0000] {logging_mixin.py:188} INFO - [2024-05-13T15:40:12.797+0000] {dagbag.py:540} INFO - Filling up the DagBag from /home/airflow/.local/lib/python3.8/site-packages/airflow/example_dags/example_latest_only_with_trigger.py
[2024-05-13T15:40:12.805+0000] {processor.py:840} INFO - DAG(s) 'latest_only_with_trigger' retrieved from /home/airflow/.local/lib/python3.8/site-packages/airflow/example_dags/example_latest_only_with_trigger.py
[2024-05-13T15:40:12.837+0000] {logging_mixin.py:188} INFO - [2024-05-13T15:40:12.836+0000] {dag.py:3047} INFO - Sync 1 DAGs
[2024-05-13T15:40:12.870+0000] {logging_mixin.py:188} INFO - [2024-05-13T15:40:12.870+0000] {dag.py:3834} INFO - Setting next_dagrun for latest_only_with_trigger to 2024-05-13 08:00:00+00:00, run_after=2024-05-13 12:00:00+00:00
[2024-05-13T15:40:12.904+0000] {processor.py:183} INFO - Processing /home/airflow/.local/lib/python3.8/site-packages/airflow/example_dags/example_latest_only_with_trigger.py took 0.114 seconds
[2024-05-13T15:40:42.968+0000] {processor.py:161} INFO - Started process (PID=3477) to work on /home/airflow/.local/lib/python3.8/site-packages/airflow/example_dags/example_latest_only_with_trigger.py
[2024-05-13T15:40:42.970+0000] {processor.py:830} INFO - Processing file /home/airflow/.local/lib/python3.8/site-packages/airflow/example_dags/example_latest_only_with_trigger.py for tasks to queue
[2024-05-13T15:40:42.973+0000] {logging_mixin.py:188} INFO - [2024-05-13T15:40:42.973+0000] {dagbag.py:540} INFO - Filling up the DagBag from /home/airflow/.local/lib/python3.8/site-packages/airflow/example_dags/example_latest_only_with_trigger.py
[2024-05-13T15:40:42.979+0000] {processor.py:840} INFO - DAG(s) 'latest_only_with_trigger' retrieved from /home/airflow/.local/lib/python3.8/site-packages/airflow/example_dags/example_latest_only_with_trigger.py
[2024-05-13T15:40:43.003+0000] {logging_mixin.py:188} INFO - [2024-05-13T15:40:43.002+0000] {dag.py:3047} INFO - Sync 1 DAGs
[2024-05-13T15:40:43.024+0000] {logging_mixin.py:188} INFO - [2024-05-13T15:40:43.024+0000] {dag.py:3834} INFO - Setting next_dagrun for latest_only_with_trigger to 2024-05-13 08:00:00+00:00, run_after=2024-05-13 12:00:00+00:00
[2024-05-13T15:40:43.048+0000] {processor.py:183} INFO - Processing /home/airflow/.local/lib/python3.8/site-packages/airflow/example_dags/example_latest_only_with_trigger.py took 0.084 seconds
[2024-05-13T15:41:13.342+0000] {processor.py:161} INFO - Started process (PID=3545) to work on /home/airflow/.local/lib/python3.8/site-packages/airflow/example_dags/example_latest_only_with_trigger.py
[2024-05-13T15:41:13.343+0000] {processor.py:830} INFO - Processing file /home/airflow/.local/lib/python3.8/site-packages/airflow/example_dags/example_latest_only_with_trigger.py for tasks to queue
[2024-05-13T15:41:13.344+0000] {logging_mixin.py:188} INFO - [2024-05-13T15:41:13.344+0000] {dagbag.py:540} INFO - Filling up the DagBag from /home/airflow/.local/lib/python3.8/site-packages/airflow/example_dags/example_latest_only_with_trigger.py
[2024-05-13T15:41:13.349+0000] {processor.py:840} INFO - DAG(s) 'latest_only_with_trigger' retrieved from /home/airflow/.local/lib/python3.8/site-packages/airflow/example_dags/example_latest_only_with_trigger.py
[2024-05-13T15:41:13.371+0000] {logging_mixin.py:188} INFO - [2024-05-13T15:41:13.371+0000] {dag.py:3047} INFO - Sync 1 DAGs
[2024-05-13T15:41:13.393+0000] {logging_mixin.py:188} INFO - [2024-05-13T15:41:13.393+0000] {dag.py:3834} INFO - Setting next_dagrun for latest_only_with_trigger to 2024-05-13 08:00:00+00:00, run_after=2024-05-13 12:00:00+00:00
[2024-05-13T15:41:13.414+0000] {processor.py:183} INFO - Processing /home/airflow/.local/lib/python3.8/site-packages/airflow/example_dags/example_latest_only_with_trigger.py took 0.075 seconds
[2024-05-13T15:41:43.856+0000] {processor.py:161} INFO - Started process (PID=3613) to work on /home/airflow/.local/lib/python3.8/site-packages/airflow/example_dags/example_latest_only_with_trigger.py
[2024-05-13T15:41:43.857+0000] {processor.py:830} INFO - Processing file /home/airflow/.local/lib/python3.8/site-packages/airflow/example_dags/example_latest_only_with_trigger.py for tasks to queue
[2024-05-13T15:41:43.859+0000] {logging_mixin.py:188} INFO - [2024-05-13T15:41:43.859+0000] {dagbag.py:540} INFO - Filling up the DagBag from /home/airflow/.local/lib/python3.8/site-packages/airflow/example_dags/example_latest_only_with_trigger.py
[2024-05-13T15:41:43.864+0000] {processor.py:840} INFO - DAG(s) 'latest_only_with_trigger' retrieved from /home/airflow/.local/lib/python3.8/site-packages/airflow/example_dags/example_latest_only_with_trigger.py
[2024-05-13T15:41:43.883+0000] {logging_mixin.py:188} INFO - [2024-05-13T15:41:43.882+0000] {dag.py:3047} INFO - Sync 1 DAGs
[2024-05-13T15:41:43.903+0000] {logging_mixin.py:188} INFO - [2024-05-13T15:41:43.902+0000] {dag.py:3834} INFO - Setting next_dagrun for latest_only_with_trigger to 2024-05-13 08:00:00+00:00, run_after=2024-05-13 12:00:00+00:00
[2024-05-13T15:41:43.921+0000] {processor.py:183} INFO - Processing /home/airflow/.local/lib/python3.8/site-packages/airflow/example_dags/example_latest_only_with_trigger.py took 0.067 seconds
[2024-05-13T15:42:14.273+0000] {processor.py:161} INFO - Started process (PID=3681) to work on /home/airflow/.local/lib/python3.8/site-packages/airflow/example_dags/example_latest_only_with_trigger.py
[2024-05-13T15:42:14.274+0000] {processor.py:830} INFO - Processing file /home/airflow/.local/lib/python3.8/site-packages/airflow/example_dags/example_latest_only_with_trigger.py for tasks to queue
[2024-05-13T15:42:14.275+0000] {logging_mixin.py:188} INFO - [2024-05-13T15:42:14.275+0000] {dagbag.py:540} INFO - Filling up the DagBag from /home/airflow/.local/lib/python3.8/site-packages/airflow/example_dags/example_latest_only_with_trigger.py
[2024-05-13T15:42:14.281+0000] {processor.py:840} INFO - DAG(s) 'latest_only_with_trigger' retrieved from /home/airflow/.local/lib/python3.8/site-packages/airflow/example_dags/example_latest_only_with_trigger.py
[2024-05-13T15:42:14.411+0000] {logging_mixin.py:188} INFO - [2024-05-13T15:42:14.410+0000] {dag.py:3047} INFO - Sync 1 DAGs
[2024-05-13T15:42:14.427+0000] {logging_mixin.py:188} INFO - [2024-05-13T15:42:14.427+0000] {dag.py:3834} INFO - Setting next_dagrun for latest_only_with_trigger to 2024-05-13 08:00:00+00:00, run_after=2024-05-13 12:00:00+00:00
[2024-05-13T15:42:14.444+0000] {processor.py:183} INFO - Processing /home/airflow/.local/lib/python3.8/site-packages/airflow/example_dags/example_latest_only_with_trigger.py took 0.174 seconds
[2024-05-13T15:42:44.545+0000] {processor.py:161} INFO - Started process (PID=3749) to work on /home/airflow/.local/lib/python3.8/site-packages/airflow/example_dags/example_latest_only_with_trigger.py
[2024-05-13T15:42:44.546+0000] {processor.py:830} INFO - Processing file /home/airflow/.local/lib/python3.8/site-packages/airflow/example_dags/example_latest_only_with_trigger.py for tasks to queue
[2024-05-13T15:42:44.548+0000] {logging_mixin.py:188} INFO - [2024-05-13T15:42:44.547+0000] {dagbag.py:540} INFO - Filling up the DagBag from /home/airflow/.local/lib/python3.8/site-packages/airflow/example_dags/example_latest_only_with_trigger.py
[2024-05-13T15:42:44.553+0000] {processor.py:840} INFO - DAG(s) 'latest_only_with_trigger' retrieved from /home/airflow/.local/lib/python3.8/site-packages/airflow/example_dags/example_latest_only_with_trigger.py
[2024-05-13T15:42:44.575+0000] {logging_mixin.py:188} INFO - [2024-05-13T15:42:44.575+0000] {dag.py:3047} INFO - Sync 1 DAGs
[2024-05-13T15:42:44.596+0000] {logging_mixin.py:188} INFO - [2024-05-13T15:42:44.596+0000] {dag.py:3834} INFO - Setting next_dagrun for latest_only_with_trigger to 2024-05-13 08:00:00+00:00, run_after=2024-05-13 12:00:00+00:00
[2024-05-13T15:42:44.616+0000] {processor.py:183} INFO - Processing /home/airflow/.local/lib/python3.8/site-packages/airflow/example_dags/example_latest_only_with_trigger.py took 0.074 seconds
[2024-05-13T15:43:14.687+0000] {processor.py:161} INFO - Started process (PID=3815) to work on /home/airflow/.local/lib/python3.8/site-packages/airflow/example_dags/example_latest_only_with_trigger.py
[2024-05-13T15:43:14.689+0000] {processor.py:830} INFO - Processing file /home/airflow/.local/lib/python3.8/site-packages/airflow/example_dags/example_latest_only_with_trigger.py for tasks to queue
[2024-05-13T15:43:14.691+0000] {logging_mixin.py:188} INFO - [2024-05-13T15:43:14.691+0000] {dagbag.py:540} INFO - Filling up the DagBag from /home/airflow/.local/lib/python3.8/site-packages/airflow/example_dags/example_latest_only_with_trigger.py
[2024-05-13T15:43:14.697+0000] {processor.py:840} INFO - DAG(s) 'latest_only_with_trigger' retrieved from /home/airflow/.local/lib/python3.8/site-packages/airflow/example_dags/example_latest_only_with_trigger.py
[2024-05-13T15:43:14.719+0000] {logging_mixin.py:188} INFO - [2024-05-13T15:43:14.719+0000] {dag.py:3047} INFO - Sync 1 DAGs
[2024-05-13T15:43:14.745+0000] {logging_mixin.py:188} INFO - [2024-05-13T15:43:14.744+0000] {dag.py:3834} INFO - Setting next_dagrun for latest_only_with_trigger to 2024-05-13 08:00:00+00:00, run_after=2024-05-13 12:00:00+00:00
[2024-05-13T15:43:14.767+0000] {processor.py:183} INFO - Processing /home/airflow/.local/lib/python3.8/site-packages/airflow/example_dags/example_latest_only_with_trigger.py took 0.083 seconds
[2024-05-13T15:43:45.104+0000] {processor.py:161} INFO - Started process (PID=3883) to work on /home/airflow/.local/lib/python3.8/site-packages/airflow/example_dags/example_latest_only_with_trigger.py
[2024-05-13T15:43:45.105+0000] {processor.py:830} INFO - Processing file /home/airflow/.local/lib/python3.8/site-packages/airflow/example_dags/example_latest_only_with_trigger.py for tasks to queue
[2024-05-13T15:43:45.107+0000] {logging_mixin.py:188} INFO - [2024-05-13T15:43:45.107+0000] {dagbag.py:540} INFO - Filling up the DagBag from /home/airflow/.local/lib/python3.8/site-packages/airflow/example_dags/example_latest_only_with_trigger.py
[2024-05-13T15:43:45.113+0000] {processor.py:840} INFO - DAG(s) 'latest_only_with_trigger' retrieved from /home/airflow/.local/lib/python3.8/site-packages/airflow/example_dags/example_latest_only_with_trigger.py
[2024-05-13T15:43:45.137+0000] {logging_mixin.py:188} INFO - [2024-05-13T15:43:45.136+0000] {dag.py:3047} INFO - Sync 1 DAGs
[2024-05-13T15:43:45.157+0000] {logging_mixin.py:188} INFO - [2024-05-13T15:43:45.157+0000] {dag.py:3834} INFO - Setting next_dagrun for latest_only_with_trigger to 2024-05-13 08:00:00+00:00, run_after=2024-05-13 12:00:00+00:00
[2024-05-13T15:43:45.181+0000] {processor.py:183} INFO - Processing /home/airflow/.local/lib/python3.8/site-packages/airflow/example_dags/example_latest_only_with_trigger.py took 0.082 seconds
[2024-05-13T15:44:15.447+0000] {processor.py:161} INFO - Started process (PID=3951) to work on /home/airflow/.local/lib/python3.8/site-packages/airflow/example_dags/example_latest_only_with_trigger.py
[2024-05-13T15:44:15.449+0000] {processor.py:830} INFO - Processing file /home/airflow/.local/lib/python3.8/site-packages/airflow/example_dags/example_latest_only_with_trigger.py for tasks to queue
[2024-05-13T15:44:15.451+0000] {logging_mixin.py:188} INFO - [2024-05-13T15:44:15.451+0000] {dagbag.py:540} INFO - Filling up the DagBag from /home/airflow/.local/lib/python3.8/site-packages/airflow/example_dags/example_latest_only_with_trigger.py
[2024-05-13T15:44:15.456+0000] {processor.py:840} INFO - DAG(s) 'latest_only_with_trigger' retrieved from /home/airflow/.local/lib/python3.8/site-packages/airflow/example_dags/example_latest_only_with_trigger.py
[2024-05-13T15:44:15.477+0000] {logging_mixin.py:188} INFO - [2024-05-13T15:44:15.476+0000] {dag.py:3047} INFO - Sync 1 DAGs
[2024-05-13T15:44:15.498+0000] {logging_mixin.py:188} INFO - [2024-05-13T15:44:15.498+0000] {dag.py:3834} INFO - Setting next_dagrun for latest_only_with_trigger to 2024-05-13 08:00:00+00:00, run_after=2024-05-13 12:00:00+00:00
[2024-05-13T15:44:15.519+0000] {processor.py:183} INFO - Processing /home/airflow/.local/lib/python3.8/site-packages/airflow/example_dags/example_latest_only_with_trigger.py took 0.076 seconds
