[2024-05-13T15:15:18.687+0000] {processor.py:161} INFO - Started process (PID=90) to work on /home/airflow/.local/lib/python3.8/site-packages/airflow/example_dags/example_trigger_target_dag.py
[2024-05-13T15:15:18.689+0000] {processor.py:830} INFO - Processing file /home/airflow/.local/lib/python3.8/site-packages/airflow/example_dags/example_trigger_target_dag.py for tasks to queue
[2024-05-13T15:15:18.692+0000] {logging_mixin.py:188} INFO - [2024-05-13T15:15:18.691+0000] {dagbag.py:540} INFO - Filling up the DagBag from /home/airflow/.local/lib/python3.8/site-packages/airflow/example_dags/example_trigger_target_dag.py
[2024-05-13T15:15:18.701+0000] {processor.py:840} INFO - DAG(s) 'example_trigger_target_dag' retrieved from /home/airflow/.local/lib/python3.8/site-packages/airflow/example_dags/example_trigger_target_dag.py
[2024-05-13T15:15:18.797+0000] {logging_mixin.py:188} INFO - [2024-05-13T15:15:18.796+0000] {override.py:1769} INFO - Created Permission View: can delete on DAG:example_trigger_target_dag
[2024-05-13T15:15:18.806+0000] {logging_mixin.py:188} INFO - [2024-05-13T15:15:18.805+0000] {override.py:1769} INFO - Created Permission View: can edit on DAG:example_trigger_target_dag
[2024-05-13T15:15:18.812+0000] {logging_mixin.py:188} INFO - [2024-05-13T15:15:18.812+0000] {override.py:1769} INFO - Created Permission View: can read on DAG:example_trigger_target_dag
[2024-05-13T15:15:18.812+0000] {logging_mixin.py:188} INFO - [2024-05-13T15:15:18.812+0000] {dag.py:3047} INFO - Sync 1 DAGs
[2024-05-13T15:15:18.822+0000] {logging_mixin.py:188} INFO - [2024-05-13T15:15:18.822+0000] {dag.py:3069} INFO - Creating ORM DAG for example_trigger_target_dag
[2024-05-13T15:15:18.823+0000] {logging_mixin.py:188} INFO - [2024-05-13T15:15:18.823+0000] {dag.py:3834} INFO - Setting next_dagrun for example_trigger_target_dag to None, run_after=None
[2024-05-13T15:15:18.842+0000] {processor.py:183} INFO - Processing /home/airflow/.local/lib/python3.8/site-packages/airflow/example_dags/example_trigger_target_dag.py took 0.159 seconds
[2024-05-13T15:15:49.610+0000] {processor.py:161} INFO - Started process (PID=158) to work on /home/airflow/.local/lib/python3.8/site-packages/airflow/example_dags/example_trigger_target_dag.py
[2024-05-13T15:15:49.612+0000] {processor.py:830} INFO - Processing file /home/airflow/.local/lib/python3.8/site-packages/airflow/example_dags/example_trigger_target_dag.py for tasks to queue
[2024-05-13T15:15:49.615+0000] {logging_mixin.py:188} INFO - [2024-05-13T15:15:49.614+0000] {dagbag.py:540} INFO - Filling up the DagBag from /home/airflow/.local/lib/python3.8/site-packages/airflow/example_dags/example_trigger_target_dag.py
[2024-05-13T15:15:49.621+0000] {processor.py:840} INFO - DAG(s) 'example_trigger_target_dag' retrieved from /home/airflow/.local/lib/python3.8/site-packages/airflow/example_dags/example_trigger_target_dag.py
[2024-05-13T15:15:49.641+0000] {logging_mixin.py:188} INFO - [2024-05-13T15:15:49.641+0000] {dag.py:3047} INFO - Sync 1 DAGs
[2024-05-13T15:15:49.656+0000] {logging_mixin.py:188} INFO - [2024-05-13T15:15:49.656+0000] {dag.py:3834} INFO - Setting next_dagrun for example_trigger_target_dag to None, run_after=None
[2024-05-13T15:15:49.676+0000] {processor.py:183} INFO - Processing /home/airflow/.local/lib/python3.8/site-packages/airflow/example_dags/example_trigger_target_dag.py took 0.069 seconds
[2024-05-13T15:16:19.750+0000] {processor.py:161} INFO - Started process (PID=213) to work on /home/airflow/.local/lib/python3.8/site-packages/airflow/example_dags/example_trigger_target_dag.py
[2024-05-13T15:16:19.751+0000] {processor.py:830} INFO - Processing file /home/airflow/.local/lib/python3.8/site-packages/airflow/example_dags/example_trigger_target_dag.py for tasks to queue
[2024-05-13T15:16:19.753+0000] {logging_mixin.py:188} INFO - [2024-05-13T15:16:19.753+0000] {dagbag.py:540} INFO - Filling up the DagBag from /home/airflow/.local/lib/python3.8/site-packages/airflow/example_dags/example_trigger_target_dag.py
[2024-05-13T15:16:19.759+0000] {processor.py:840} INFO - DAG(s) 'example_trigger_target_dag' retrieved from /home/airflow/.local/lib/python3.8/site-packages/airflow/example_dags/example_trigger_target_dag.py
[2024-05-13T15:16:19.781+0000] {logging_mixin.py:188} INFO - [2024-05-13T15:16:19.781+0000] {dag.py:3047} INFO - Sync 1 DAGs
[2024-05-13T15:16:19.792+0000] {logging_mixin.py:188} INFO - [2024-05-13T15:16:19.792+0000] {dag.py:3834} INFO - Setting next_dagrun for example_trigger_target_dag to None, run_after=None
[2024-05-13T15:16:19.816+0000] {processor.py:183} INFO - Processing /home/airflow/.local/lib/python3.8/site-packages/airflow/example_dags/example_trigger_target_dag.py took 0.069 seconds
[2024-05-13T15:16:50.000+0000] {processor.py:161} INFO - Started process (PID=281) to work on /home/airflow/.local/lib/python3.8/site-packages/airflow/example_dags/example_trigger_target_dag.py
[2024-05-13T15:16:50.002+0000] {processor.py:830} INFO - Processing file /home/airflow/.local/lib/python3.8/site-packages/airflow/example_dags/example_trigger_target_dag.py for tasks to queue
[2024-05-13T15:16:50.004+0000] {logging_mixin.py:188} INFO - [2024-05-13T15:16:50.004+0000] {dagbag.py:540} INFO - Filling up the DagBag from /home/airflow/.local/lib/python3.8/site-packages/airflow/example_dags/example_trigger_target_dag.py
[2024-05-13T15:16:50.011+0000] {processor.py:840} INFO - DAG(s) 'example_trigger_target_dag' retrieved from /home/airflow/.local/lib/python3.8/site-packages/airflow/example_dags/example_trigger_target_dag.py
[2024-05-13T15:16:50.031+0000] {logging_mixin.py:188} INFO - [2024-05-13T15:16:50.030+0000] {dag.py:3047} INFO - Sync 1 DAGs
[2024-05-13T15:16:50.042+0000] {logging_mixin.py:188} INFO - [2024-05-13T15:16:50.042+0000] {dag.py:3834} INFO - Setting next_dagrun for example_trigger_target_dag to None, run_after=None
[2024-05-13T15:16:50.069+0000] {processor.py:183} INFO - Processing /home/airflow/.local/lib/python3.8/site-packages/airflow/example_dags/example_trigger_target_dag.py took 0.073 seconds
[2024-05-13T15:17:20.256+0000] {processor.py:161} INFO - Started process (PID=349) to work on /home/airflow/.local/lib/python3.8/site-packages/airflow/example_dags/example_trigger_target_dag.py
[2024-05-13T15:17:20.257+0000] {processor.py:830} INFO - Processing file /home/airflow/.local/lib/python3.8/site-packages/airflow/example_dags/example_trigger_target_dag.py for tasks to queue
[2024-05-13T15:17:20.259+0000] {logging_mixin.py:188} INFO - [2024-05-13T15:17:20.259+0000] {dagbag.py:540} INFO - Filling up the DagBag from /home/airflow/.local/lib/python3.8/site-packages/airflow/example_dags/example_trigger_target_dag.py
[2024-05-13T15:17:20.266+0000] {processor.py:840} INFO - DAG(s) 'example_trigger_target_dag' retrieved from /home/airflow/.local/lib/python3.8/site-packages/airflow/example_dags/example_trigger_target_dag.py
[2024-05-13T15:17:20.284+0000] {logging_mixin.py:188} INFO - [2024-05-13T15:17:20.284+0000] {dag.py:3047} INFO - Sync 1 DAGs
[2024-05-13T15:17:20.297+0000] {logging_mixin.py:188} INFO - [2024-05-13T15:17:20.297+0000] {dag.py:3834} INFO - Setting next_dagrun for example_trigger_target_dag to None, run_after=None
[2024-05-13T15:17:20.316+0000] {processor.py:183} INFO - Processing /home/airflow/.local/lib/python3.8/site-packages/airflow/example_dags/example_trigger_target_dag.py took 0.064 seconds
[2024-05-13T15:17:50.623+0000] {processor.py:161} INFO - Started process (PID=417) to work on /home/airflow/.local/lib/python3.8/site-packages/airflow/example_dags/example_trigger_target_dag.py
[2024-05-13T15:17:50.625+0000] {processor.py:830} INFO - Processing file /home/airflow/.local/lib/python3.8/site-packages/airflow/example_dags/example_trigger_target_dag.py for tasks to queue
[2024-05-13T15:17:50.627+0000] {logging_mixin.py:188} INFO - [2024-05-13T15:17:50.627+0000] {dagbag.py:540} INFO - Filling up the DagBag from /home/airflow/.local/lib/python3.8/site-packages/airflow/example_dags/example_trigger_target_dag.py
[2024-05-13T15:17:50.635+0000] {processor.py:840} INFO - DAG(s) 'example_trigger_target_dag' retrieved from /home/airflow/.local/lib/python3.8/site-packages/airflow/example_dags/example_trigger_target_dag.py
[2024-05-13T15:17:50.654+0000] {logging_mixin.py:188} INFO - [2024-05-13T15:17:50.653+0000] {dag.py:3047} INFO - Sync 1 DAGs
[2024-05-13T15:17:50.664+0000] {logging_mixin.py:188} INFO - [2024-05-13T15:17:50.664+0000] {dag.py:3834} INFO - Setting next_dagrun for example_trigger_target_dag to None, run_after=None
[2024-05-13T15:17:50.683+0000] {processor.py:183} INFO - Processing /home/airflow/.local/lib/python3.8/site-packages/airflow/example_dags/example_trigger_target_dag.py took 0.064 seconds
[2024-05-13T15:18:20.798+0000] {processor.py:161} INFO - Started process (PID=485) to work on /home/airflow/.local/lib/python3.8/site-packages/airflow/example_dags/example_trigger_target_dag.py
[2024-05-13T15:18:20.800+0000] {processor.py:830} INFO - Processing file /home/airflow/.local/lib/python3.8/site-packages/airflow/example_dags/example_trigger_target_dag.py for tasks to queue
[2024-05-13T15:18:20.801+0000] {logging_mixin.py:188} INFO - [2024-05-13T15:18:20.801+0000] {dagbag.py:540} INFO - Filling up the DagBag from /home/airflow/.local/lib/python3.8/site-packages/airflow/example_dags/example_trigger_target_dag.py
[2024-05-13T15:18:20.808+0000] {processor.py:840} INFO - DAG(s) 'example_trigger_target_dag' retrieved from /home/airflow/.local/lib/python3.8/site-packages/airflow/example_dags/example_trigger_target_dag.py
[2024-05-13T15:18:20.826+0000] {logging_mixin.py:188} INFO - [2024-05-13T15:18:20.826+0000] {dag.py:3047} INFO - Sync 1 DAGs
[2024-05-13T15:18:20.837+0000] {logging_mixin.py:188} INFO - [2024-05-13T15:18:20.837+0000] {dag.py:3834} INFO - Setting next_dagrun for example_trigger_target_dag to None, run_after=None
[2024-05-13T15:18:20.854+0000] {processor.py:183} INFO - Processing /home/airflow/.local/lib/python3.8/site-packages/airflow/example_dags/example_trigger_target_dag.py took 0.059 seconds
[2024-05-13T15:18:51.142+0000] {processor.py:161} INFO - Started process (PID=553) to work on /home/airflow/.local/lib/python3.8/site-packages/airflow/example_dags/example_trigger_target_dag.py
[2024-05-13T15:18:51.144+0000] {processor.py:830} INFO - Processing file /home/airflow/.local/lib/python3.8/site-packages/airflow/example_dags/example_trigger_target_dag.py for tasks to queue
[2024-05-13T15:18:51.146+0000] {logging_mixin.py:188} INFO - [2024-05-13T15:18:51.145+0000] {dagbag.py:540} INFO - Filling up the DagBag from /home/airflow/.local/lib/python3.8/site-packages/airflow/example_dags/example_trigger_target_dag.py
[2024-05-13T15:18:51.151+0000] {processor.py:840} INFO - DAG(s) 'example_trigger_target_dag' retrieved from /home/airflow/.local/lib/python3.8/site-packages/airflow/example_dags/example_trigger_target_dag.py
[2024-05-13T15:18:51.172+0000] {logging_mixin.py:188} INFO - [2024-05-13T15:18:51.172+0000] {dag.py:3047} INFO - Sync 1 DAGs
[2024-05-13T15:18:51.183+0000] {logging_mixin.py:188} INFO - [2024-05-13T15:18:51.183+0000] {dag.py:3834} INFO - Setting next_dagrun for example_trigger_target_dag to None, run_after=None
[2024-05-13T15:18:51.203+0000] {processor.py:183} INFO - Processing /home/airflow/.local/lib/python3.8/site-packages/airflow/example_dags/example_trigger_target_dag.py took 0.063 seconds
[2024-05-13T15:19:21.341+0000] {processor.py:161} INFO - Started process (PID=621) to work on /home/airflow/.local/lib/python3.8/site-packages/airflow/example_dags/example_trigger_target_dag.py
[2024-05-13T15:19:21.342+0000] {processor.py:830} INFO - Processing file /home/airflow/.local/lib/python3.8/site-packages/airflow/example_dags/example_trigger_target_dag.py for tasks to queue
[2024-05-13T15:19:21.344+0000] {logging_mixin.py:188} INFO - [2024-05-13T15:19:21.343+0000] {dagbag.py:540} INFO - Filling up the DagBag from /home/airflow/.local/lib/python3.8/site-packages/airflow/example_dags/example_trigger_target_dag.py
[2024-05-13T15:19:21.349+0000] {processor.py:840} INFO - DAG(s) 'example_trigger_target_dag' retrieved from /home/airflow/.local/lib/python3.8/site-packages/airflow/example_dags/example_trigger_target_dag.py
[2024-05-13T15:19:21.372+0000] {logging_mixin.py:188} INFO - [2024-05-13T15:19:21.371+0000] {dag.py:3047} INFO - Sync 1 DAGs
[2024-05-13T15:19:21.387+0000] {logging_mixin.py:188} INFO - [2024-05-13T15:19:21.387+0000] {dag.py:3834} INFO - Setting next_dagrun for example_trigger_target_dag to None, run_after=None
[2024-05-13T15:19:21.415+0000] {processor.py:183} INFO - Processing /home/airflow/.local/lib/python3.8/site-packages/airflow/example_dags/example_trigger_target_dag.py took 0.079 seconds
[2024-05-13T15:19:51.635+0000] {processor.py:161} INFO - Started process (PID=689) to work on /home/airflow/.local/lib/python3.8/site-packages/airflow/example_dags/example_trigger_target_dag.py
[2024-05-13T15:19:51.636+0000] {processor.py:830} INFO - Processing file /home/airflow/.local/lib/python3.8/site-packages/airflow/example_dags/example_trigger_target_dag.py for tasks to queue
[2024-05-13T15:19:51.638+0000] {logging_mixin.py:188} INFO - [2024-05-13T15:19:51.637+0000] {dagbag.py:540} INFO - Filling up the DagBag from /home/airflow/.local/lib/python3.8/site-packages/airflow/example_dags/example_trigger_target_dag.py
[2024-05-13T15:19:51.644+0000] {processor.py:840} INFO - DAG(s) 'example_trigger_target_dag' retrieved from /home/airflow/.local/lib/python3.8/site-packages/airflow/example_dags/example_trigger_target_dag.py
[2024-05-13T15:19:51.661+0000] {logging_mixin.py:188} INFO - [2024-05-13T15:19:51.661+0000] {dag.py:3047} INFO - Sync 1 DAGs
[2024-05-13T15:19:51.672+0000] {logging_mixin.py:188} INFO - [2024-05-13T15:19:51.671+0000] {dag.py:3834} INFO - Setting next_dagrun for example_trigger_target_dag to None, run_after=None
[2024-05-13T15:19:51.691+0000] {processor.py:183} INFO - Processing /home/airflow/.local/lib/python3.8/site-packages/airflow/example_dags/example_trigger_target_dag.py took 0.059 seconds
[2024-05-13T15:20:21.952+0000] {processor.py:161} INFO - Started process (PID=757) to work on /home/airflow/.local/lib/python3.8/site-packages/airflow/example_dags/example_trigger_target_dag.py
[2024-05-13T15:20:21.954+0000] {processor.py:830} INFO - Processing file /home/airflow/.local/lib/python3.8/site-packages/airflow/example_dags/example_trigger_target_dag.py for tasks to queue
[2024-05-13T15:20:21.957+0000] {logging_mixin.py:188} INFO - [2024-05-13T15:20:21.956+0000] {dagbag.py:540} INFO - Filling up the DagBag from /home/airflow/.local/lib/python3.8/site-packages/airflow/example_dags/example_trigger_target_dag.py
[2024-05-13T15:20:21.966+0000] {processor.py:840} INFO - DAG(s) 'example_trigger_target_dag' retrieved from /home/airflow/.local/lib/python3.8/site-packages/airflow/example_dags/example_trigger_target_dag.py
[2024-05-13T15:20:21.987+0000] {logging_mixin.py:188} INFO - [2024-05-13T15:20:21.987+0000] {dag.py:3047} INFO - Sync 1 DAGs
[2024-05-13T15:20:21.998+0000] {logging_mixin.py:188} INFO - [2024-05-13T15:20:21.998+0000] {dag.py:3834} INFO - Setting next_dagrun for example_trigger_target_dag to None, run_after=None
[2024-05-13T15:20:22.018+0000] {processor.py:183} INFO - Processing /home/airflow/.local/lib/python3.8/site-packages/airflow/example_dags/example_trigger_target_dag.py took 0.070 seconds
[2024-05-13T15:20:52.364+0000] {processor.py:161} INFO - Started process (PID=829) to work on /home/airflow/.local/lib/python3.8/site-packages/airflow/example_dags/example_trigger_target_dag.py
[2024-05-13T15:20:52.366+0000] {processor.py:830} INFO - Processing file /home/airflow/.local/lib/python3.8/site-packages/airflow/example_dags/example_trigger_target_dag.py for tasks to queue
[2024-05-13T15:20:52.368+0000] {logging_mixin.py:188} INFO - [2024-05-13T15:20:52.367+0000] {dagbag.py:540} INFO - Filling up the DagBag from /home/airflow/.local/lib/python3.8/site-packages/airflow/example_dags/example_trigger_target_dag.py
[2024-05-13T15:20:52.376+0000] {processor.py:840} INFO - DAG(s) 'example_trigger_target_dag' retrieved from /home/airflow/.local/lib/python3.8/site-packages/airflow/example_dags/example_trigger_target_dag.py
[2024-05-13T15:20:52.394+0000] {logging_mixin.py:188} INFO - [2024-05-13T15:20:52.394+0000] {dag.py:3047} INFO - Sync 1 DAGs
[2024-05-13T15:20:52.408+0000] {logging_mixin.py:188} INFO - [2024-05-13T15:20:52.408+0000] {dag.py:3834} INFO - Setting next_dagrun for example_trigger_target_dag to None, run_after=None
[2024-05-13T15:20:52.441+0000] {processor.py:183} INFO - Processing /home/airflow/.local/lib/python3.8/site-packages/airflow/example_dags/example_trigger_target_dag.py took 0.080 seconds
[2024-05-13T15:21:22.614+0000] {processor.py:161} INFO - Started process (PID=897) to work on /home/airflow/.local/lib/python3.8/site-packages/airflow/example_dags/example_trigger_target_dag.py
[2024-05-13T15:21:22.616+0000] {processor.py:830} INFO - Processing file /home/airflow/.local/lib/python3.8/site-packages/airflow/example_dags/example_trigger_target_dag.py for tasks to queue
[2024-05-13T15:21:22.618+0000] {logging_mixin.py:188} INFO - [2024-05-13T15:21:22.617+0000] {dagbag.py:540} INFO - Filling up the DagBag from /home/airflow/.local/lib/python3.8/site-packages/airflow/example_dags/example_trigger_target_dag.py
[2024-05-13T15:21:22.623+0000] {processor.py:840} INFO - DAG(s) 'example_trigger_target_dag' retrieved from /home/airflow/.local/lib/python3.8/site-packages/airflow/example_dags/example_trigger_target_dag.py
[2024-05-13T15:21:22.642+0000] {logging_mixin.py:188} INFO - [2024-05-13T15:21:22.642+0000] {dag.py:3047} INFO - Sync 1 DAGs
[2024-05-13T15:21:22.654+0000] {logging_mixin.py:188} INFO - [2024-05-13T15:21:22.653+0000] {dag.py:3834} INFO - Setting next_dagrun for example_trigger_target_dag to None, run_after=None
[2024-05-13T15:21:22.676+0000] {processor.py:183} INFO - Processing /home/airflow/.local/lib/python3.8/site-packages/airflow/example_dags/example_trigger_target_dag.py took 0.064 seconds
[2024-05-13T15:21:52.789+0000] {processor.py:161} INFO - Started process (PID=965) to work on /home/airflow/.local/lib/python3.8/site-packages/airflow/example_dags/example_trigger_target_dag.py
[2024-05-13T15:21:52.790+0000] {processor.py:830} INFO - Processing file /home/airflow/.local/lib/python3.8/site-packages/airflow/example_dags/example_trigger_target_dag.py for tasks to queue
[2024-05-13T15:21:52.792+0000] {logging_mixin.py:188} INFO - [2024-05-13T15:21:52.792+0000] {dagbag.py:540} INFO - Filling up the DagBag from /home/airflow/.local/lib/python3.8/site-packages/airflow/example_dags/example_trigger_target_dag.py
[2024-05-13T15:21:52.798+0000] {processor.py:840} INFO - DAG(s) 'example_trigger_target_dag' retrieved from /home/airflow/.local/lib/python3.8/site-packages/airflow/example_dags/example_trigger_target_dag.py
[2024-05-13T15:21:52.820+0000] {logging_mixin.py:188} INFO - [2024-05-13T15:21:52.819+0000] {dag.py:3047} INFO - Sync 1 DAGs
[2024-05-13T15:21:52.831+0000] {logging_mixin.py:188} INFO - [2024-05-13T15:21:52.831+0000] {dag.py:3834} INFO - Setting next_dagrun for example_trigger_target_dag to None, run_after=None
[2024-05-13T15:21:52.852+0000] {processor.py:183} INFO - Processing /home/airflow/.local/lib/python3.8/site-packages/airflow/example_dags/example_trigger_target_dag.py took 0.066 seconds
[2024-05-13T15:22:23.654+0000] {processor.py:161} INFO - Started process (PID=1033) to work on /home/airflow/.local/lib/python3.8/site-packages/airflow/example_dags/example_trigger_target_dag.py
[2024-05-13T15:22:23.655+0000] {processor.py:830} INFO - Processing file /home/airflow/.local/lib/python3.8/site-packages/airflow/example_dags/example_trigger_target_dag.py for tasks to queue
[2024-05-13T15:22:23.658+0000] {logging_mixin.py:188} INFO - [2024-05-13T15:22:23.657+0000] {dagbag.py:540} INFO - Filling up the DagBag from /home/airflow/.local/lib/python3.8/site-packages/airflow/example_dags/example_trigger_target_dag.py
[2024-05-13T15:22:23.666+0000] {processor.py:840} INFO - DAG(s) 'example_trigger_target_dag' retrieved from /home/airflow/.local/lib/python3.8/site-packages/airflow/example_dags/example_trigger_target_dag.py
[2024-05-13T15:22:23.690+0000] {logging_mixin.py:188} INFO - [2024-05-13T15:22:23.690+0000] {dag.py:3047} INFO - Sync 1 DAGs
[2024-05-13T15:22:23.705+0000] {logging_mixin.py:188} INFO - [2024-05-13T15:22:23.705+0000] {dag.py:3834} INFO - Setting next_dagrun for example_trigger_target_dag to None, run_after=None
[2024-05-13T15:22:23.733+0000] {processor.py:183} INFO - Processing /home/airflow/.local/lib/python3.8/site-packages/airflow/example_dags/example_trigger_target_dag.py took 0.082 seconds
[2024-05-13T15:22:54.087+0000] {processor.py:161} INFO - Started process (PID=1102) to work on /home/airflow/.local/lib/python3.8/site-packages/airflow/example_dags/example_trigger_target_dag.py
[2024-05-13T15:22:54.089+0000] {processor.py:830} INFO - Processing file /home/airflow/.local/lib/python3.8/site-packages/airflow/example_dags/example_trigger_target_dag.py for tasks to queue
[2024-05-13T15:22:54.092+0000] {logging_mixin.py:188} INFO - [2024-05-13T15:22:54.091+0000] {dagbag.py:540} INFO - Filling up the DagBag from /home/airflow/.local/lib/python3.8/site-packages/airflow/example_dags/example_trigger_target_dag.py
[2024-05-13T15:22:54.103+0000] {processor.py:840} INFO - DAG(s) 'example_trigger_target_dag' retrieved from /home/airflow/.local/lib/python3.8/site-packages/airflow/example_dags/example_trigger_target_dag.py
[2024-05-13T15:22:54.133+0000] {logging_mixin.py:188} INFO - [2024-05-13T15:22:54.132+0000] {dag.py:3047} INFO - Sync 1 DAGs
[2024-05-13T15:22:54.153+0000] {logging_mixin.py:188} INFO - [2024-05-13T15:22:54.153+0000] {dag.py:3834} INFO - Setting next_dagrun for example_trigger_target_dag to None, run_after=None
[2024-05-13T15:22:54.177+0000] {processor.py:183} INFO - Processing /home/airflow/.local/lib/python3.8/site-packages/airflow/example_dags/example_trigger_target_dag.py took 0.094 seconds
[2024-05-13T15:23:24.442+0000] {processor.py:161} INFO - Started process (PID=1170) to work on /home/airflow/.local/lib/python3.8/site-packages/airflow/example_dags/example_trigger_target_dag.py
[2024-05-13T15:23:24.444+0000] {processor.py:830} INFO - Processing file /home/airflow/.local/lib/python3.8/site-packages/airflow/example_dags/example_trigger_target_dag.py for tasks to queue
[2024-05-13T15:23:24.446+0000] {logging_mixin.py:188} INFO - [2024-05-13T15:23:24.446+0000] {dagbag.py:540} INFO - Filling up the DagBag from /home/airflow/.local/lib/python3.8/site-packages/airflow/example_dags/example_trigger_target_dag.py
[2024-05-13T15:23:24.454+0000] {processor.py:840} INFO - DAG(s) 'example_trigger_target_dag' retrieved from /home/airflow/.local/lib/python3.8/site-packages/airflow/example_dags/example_trigger_target_dag.py
[2024-05-13T15:23:24.482+0000] {logging_mixin.py:188} INFO - [2024-05-13T15:23:24.481+0000] {dag.py:3047} INFO - Sync 1 DAGs
[2024-05-13T15:23:24.499+0000] {logging_mixin.py:188} INFO - [2024-05-13T15:23:24.499+0000] {dag.py:3834} INFO - Setting next_dagrun for example_trigger_target_dag to None, run_after=None
[2024-05-13T15:23:24.521+0000] {processor.py:183} INFO - Processing /home/airflow/.local/lib/python3.8/site-packages/airflow/example_dags/example_trigger_target_dag.py took 0.082 seconds
[2024-05-13T15:23:55.348+0000] {processor.py:161} INFO - Started process (PID=1238) to work on /home/airflow/.local/lib/python3.8/site-packages/airflow/example_dags/example_trigger_target_dag.py
[2024-05-13T15:23:55.349+0000] {processor.py:830} INFO - Processing file /home/airflow/.local/lib/python3.8/site-packages/airflow/example_dags/example_trigger_target_dag.py for tasks to queue
[2024-05-13T15:23:55.351+0000] {logging_mixin.py:188} INFO - [2024-05-13T15:23:55.351+0000] {dagbag.py:540} INFO - Filling up the DagBag from /home/airflow/.local/lib/python3.8/site-packages/airflow/example_dags/example_trigger_target_dag.py
[2024-05-13T15:23:55.357+0000] {processor.py:840} INFO - DAG(s) 'example_trigger_target_dag' retrieved from /home/airflow/.local/lib/python3.8/site-packages/airflow/example_dags/example_trigger_target_dag.py
[2024-05-13T15:23:55.379+0000] {logging_mixin.py:188} INFO - [2024-05-13T15:23:55.378+0000] {dag.py:3047} INFO - Sync 1 DAGs
[2024-05-13T15:23:55.393+0000] {logging_mixin.py:188} INFO - [2024-05-13T15:23:55.393+0000] {dag.py:3834} INFO - Setting next_dagrun for example_trigger_target_dag to None, run_after=None
[2024-05-13T15:23:55.417+0000] {processor.py:183} INFO - Processing /home/airflow/.local/lib/python3.8/site-packages/airflow/example_dags/example_trigger_target_dag.py took 0.072 seconds
[2024-05-13T15:24:25.602+0000] {processor.py:161} INFO - Started process (PID=1306) to work on /home/airflow/.local/lib/python3.8/site-packages/airflow/example_dags/example_trigger_target_dag.py
[2024-05-13T15:24:25.603+0000] {processor.py:830} INFO - Processing file /home/airflow/.local/lib/python3.8/site-packages/airflow/example_dags/example_trigger_target_dag.py for tasks to queue
[2024-05-13T15:24:25.605+0000] {logging_mixin.py:188} INFO - [2024-05-13T15:24:25.605+0000] {dagbag.py:540} INFO - Filling up the DagBag from /home/airflow/.local/lib/python3.8/site-packages/airflow/example_dags/example_trigger_target_dag.py
[2024-05-13T15:24:25.611+0000] {processor.py:840} INFO - DAG(s) 'example_trigger_target_dag' retrieved from /home/airflow/.local/lib/python3.8/site-packages/airflow/example_dags/example_trigger_target_dag.py
[2024-05-13T15:24:25.629+0000] {logging_mixin.py:188} INFO - [2024-05-13T15:24:25.629+0000] {dag.py:3047} INFO - Sync 1 DAGs
[2024-05-13T15:24:25.640+0000] {logging_mixin.py:188} INFO - [2024-05-13T15:24:25.639+0000] {dag.py:3834} INFO - Setting next_dagrun for example_trigger_target_dag to None, run_after=None
[2024-05-13T15:24:25.659+0000] {processor.py:183} INFO - Processing /home/airflow/.local/lib/python3.8/site-packages/airflow/example_dags/example_trigger_target_dag.py took 0.060 seconds
[2024-05-13T15:24:55.799+0000] {processor.py:161} INFO - Started process (PID=1374) to work on /home/airflow/.local/lib/python3.8/site-packages/airflow/example_dags/example_trigger_target_dag.py
[2024-05-13T15:24:55.800+0000] {processor.py:830} INFO - Processing file /home/airflow/.local/lib/python3.8/site-packages/airflow/example_dags/example_trigger_target_dag.py for tasks to queue
[2024-05-13T15:24:55.802+0000] {logging_mixin.py:188} INFO - [2024-05-13T15:24:55.802+0000] {dagbag.py:540} INFO - Filling up the DagBag from /home/airflow/.local/lib/python3.8/site-packages/airflow/example_dags/example_trigger_target_dag.py
[2024-05-13T15:24:55.808+0000] {processor.py:840} INFO - DAG(s) 'example_trigger_target_dag' retrieved from /home/airflow/.local/lib/python3.8/site-packages/airflow/example_dags/example_trigger_target_dag.py
[2024-05-13T15:24:55.828+0000] {logging_mixin.py:188} INFO - [2024-05-13T15:24:55.828+0000] {dag.py:3047} INFO - Sync 1 DAGs
[2024-05-13T15:24:55.840+0000] {logging_mixin.py:188} INFO - [2024-05-13T15:24:55.840+0000] {dag.py:3834} INFO - Setting next_dagrun for example_trigger_target_dag to None, run_after=None
[2024-05-13T15:24:55.862+0000] {processor.py:183} INFO - Processing /home/airflow/.local/lib/python3.8/site-packages/airflow/example_dags/example_trigger_target_dag.py took 0.066 seconds
[2024-05-13T15:25:25.927+0000] {processor.py:161} INFO - Started process (PID=1442) to work on /home/airflow/.local/lib/python3.8/site-packages/airflow/example_dags/example_trigger_target_dag.py
[2024-05-13T15:25:25.928+0000] {processor.py:830} INFO - Processing file /home/airflow/.local/lib/python3.8/site-packages/airflow/example_dags/example_trigger_target_dag.py for tasks to queue
[2024-05-13T15:25:25.931+0000] {logging_mixin.py:188} INFO - [2024-05-13T15:25:25.930+0000] {dagbag.py:540} INFO - Filling up the DagBag from /home/airflow/.local/lib/python3.8/site-packages/airflow/example_dags/example_trigger_target_dag.py
[2024-05-13T15:25:25.937+0000] {processor.py:840} INFO - DAG(s) 'example_trigger_target_dag' retrieved from /home/airflow/.local/lib/python3.8/site-packages/airflow/example_dags/example_trigger_target_dag.py
[2024-05-13T15:25:25.958+0000] {logging_mixin.py:188} INFO - [2024-05-13T15:25:25.957+0000] {dag.py:3047} INFO - Sync 1 DAGs
[2024-05-13T15:25:25.970+0000] {logging_mixin.py:188} INFO - [2024-05-13T15:25:25.969+0000] {dag.py:3834} INFO - Setting next_dagrun for example_trigger_target_dag to None, run_after=None
[2024-05-13T15:25:25.993+0000] {processor.py:183} INFO - Processing /home/airflow/.local/lib/python3.8/site-packages/airflow/example_dags/example_trigger_target_dag.py took 0.069 seconds
[2024-05-13T15:25:56.587+0000] {processor.py:161} INFO - Started process (PID=1511) to work on /home/airflow/.local/lib/python3.8/site-packages/airflow/example_dags/example_trigger_target_dag.py
[2024-05-13T15:25:56.588+0000] {processor.py:830} INFO - Processing file /home/airflow/.local/lib/python3.8/site-packages/airflow/example_dags/example_trigger_target_dag.py for tasks to queue
[2024-05-13T15:25:56.590+0000] {logging_mixin.py:188} INFO - [2024-05-13T15:25:56.589+0000] {dagbag.py:540} INFO - Filling up the DagBag from /home/airflow/.local/lib/python3.8/site-packages/airflow/example_dags/example_trigger_target_dag.py
[2024-05-13T15:25:56.595+0000] {processor.py:840} INFO - DAG(s) 'example_trigger_target_dag' retrieved from /home/airflow/.local/lib/python3.8/site-packages/airflow/example_dags/example_trigger_target_dag.py
[2024-05-13T15:25:56.614+0000] {logging_mixin.py:188} INFO - [2024-05-13T15:25:56.613+0000] {dag.py:3047} INFO - Sync 1 DAGs
[2024-05-13T15:25:56.625+0000] {logging_mixin.py:188} INFO - [2024-05-13T15:25:56.624+0000] {dag.py:3834} INFO - Setting next_dagrun for example_trigger_target_dag to None, run_after=None
[2024-05-13T15:25:56.643+0000] {processor.py:183} INFO - Processing /home/airflow/.local/lib/python3.8/site-packages/airflow/example_dags/example_trigger_target_dag.py took 0.059 seconds
[2024-05-13T15:26:26.914+0000] {processor.py:161} INFO - Started process (PID=1579) to work on /home/airflow/.local/lib/python3.8/site-packages/airflow/example_dags/example_trigger_target_dag.py
[2024-05-13T15:26:26.915+0000] {processor.py:830} INFO - Processing file /home/airflow/.local/lib/python3.8/site-packages/airflow/example_dags/example_trigger_target_dag.py for tasks to queue
[2024-05-13T15:26:26.917+0000] {logging_mixin.py:188} INFO - [2024-05-13T15:26:26.916+0000] {dagbag.py:540} INFO - Filling up the DagBag from /home/airflow/.local/lib/python3.8/site-packages/airflow/example_dags/example_trigger_target_dag.py
[2024-05-13T15:26:26.923+0000] {processor.py:840} INFO - DAG(s) 'example_trigger_target_dag' retrieved from /home/airflow/.local/lib/python3.8/site-packages/airflow/example_dags/example_trigger_target_dag.py
[2024-05-13T15:26:26.941+0000] {logging_mixin.py:188} INFO - [2024-05-13T15:26:26.941+0000] {dag.py:3047} INFO - Sync 1 DAGs
[2024-05-13T15:26:26.952+0000] {logging_mixin.py:188} INFO - [2024-05-13T15:26:26.952+0000] {dag.py:3834} INFO - Setting next_dagrun for example_trigger_target_dag to None, run_after=None
[2024-05-13T15:26:26.971+0000] {processor.py:183} INFO - Processing /home/airflow/.local/lib/python3.8/site-packages/airflow/example_dags/example_trigger_target_dag.py took 0.060 seconds
[2024-05-13T15:26:57.279+0000] {processor.py:161} INFO - Started process (PID=1647) to work on /home/airflow/.local/lib/python3.8/site-packages/airflow/example_dags/example_trigger_target_dag.py
[2024-05-13T15:26:57.280+0000] {processor.py:830} INFO - Processing file /home/airflow/.local/lib/python3.8/site-packages/airflow/example_dags/example_trigger_target_dag.py for tasks to queue
[2024-05-13T15:26:57.281+0000] {logging_mixin.py:188} INFO - [2024-05-13T15:26:57.281+0000] {dagbag.py:540} INFO - Filling up the DagBag from /home/airflow/.local/lib/python3.8/site-packages/airflow/example_dags/example_trigger_target_dag.py
[2024-05-13T15:26:57.287+0000] {processor.py:840} INFO - DAG(s) 'example_trigger_target_dag' retrieved from /home/airflow/.local/lib/python3.8/site-packages/airflow/example_dags/example_trigger_target_dag.py
[2024-05-13T15:26:57.306+0000] {logging_mixin.py:188} INFO - [2024-05-13T15:26:57.306+0000] {dag.py:3047} INFO - Sync 1 DAGs
[2024-05-13T15:26:57.317+0000] {logging_mixin.py:188} INFO - [2024-05-13T15:26:57.317+0000] {dag.py:3834} INFO - Setting next_dagrun for example_trigger_target_dag to None, run_after=None
[2024-05-13T15:26:57.334+0000] {processor.py:183} INFO - Processing /home/airflow/.local/lib/python3.8/site-packages/airflow/example_dags/example_trigger_target_dag.py took 0.058 seconds
[2024-05-13T15:27:27.629+0000] {processor.py:161} INFO - Started process (PID=1715) to work on /home/airflow/.local/lib/python3.8/site-packages/airflow/example_dags/example_trigger_target_dag.py
[2024-05-13T15:27:27.630+0000] {processor.py:830} INFO - Processing file /home/airflow/.local/lib/python3.8/site-packages/airflow/example_dags/example_trigger_target_dag.py for tasks to queue
[2024-05-13T15:27:27.632+0000] {logging_mixin.py:188} INFO - [2024-05-13T15:27:27.632+0000] {dagbag.py:540} INFO - Filling up the DagBag from /home/airflow/.local/lib/python3.8/site-packages/airflow/example_dags/example_trigger_target_dag.py
[2024-05-13T15:27:27.642+0000] {processor.py:840} INFO - DAG(s) 'example_trigger_target_dag' retrieved from /home/airflow/.local/lib/python3.8/site-packages/airflow/example_dags/example_trigger_target_dag.py
[2024-05-13T15:27:27.671+0000] {logging_mixin.py:188} INFO - [2024-05-13T15:27:27.670+0000] {dag.py:3047} INFO - Sync 1 DAGs
[2024-05-13T15:27:27.685+0000] {logging_mixin.py:188} INFO - [2024-05-13T15:27:27.684+0000] {dag.py:3834} INFO - Setting next_dagrun for example_trigger_target_dag to None, run_after=None
[2024-05-13T15:27:27.718+0000] {processor.py:183} INFO - Processing /home/airflow/.local/lib/python3.8/site-packages/airflow/example_dags/example_trigger_target_dag.py took 0.094 seconds
[2024-05-13T15:27:57.899+0000] {processor.py:161} INFO - Started process (PID=1783) to work on /home/airflow/.local/lib/python3.8/site-packages/airflow/example_dags/example_trigger_target_dag.py
[2024-05-13T15:27:57.900+0000] {processor.py:830} INFO - Processing file /home/airflow/.local/lib/python3.8/site-packages/airflow/example_dags/example_trigger_target_dag.py for tasks to queue
[2024-05-13T15:27:57.902+0000] {logging_mixin.py:188} INFO - [2024-05-13T15:27:57.902+0000] {dagbag.py:540} INFO - Filling up the DagBag from /home/airflow/.local/lib/python3.8/site-packages/airflow/example_dags/example_trigger_target_dag.py
[2024-05-13T15:27:57.908+0000] {processor.py:840} INFO - DAG(s) 'example_trigger_target_dag' retrieved from /home/airflow/.local/lib/python3.8/site-packages/airflow/example_dags/example_trigger_target_dag.py
[2024-05-13T15:27:57.925+0000] {logging_mixin.py:188} INFO - [2024-05-13T15:27:57.925+0000] {dag.py:3047} INFO - Sync 1 DAGs
[2024-05-13T15:27:57.938+0000] {logging_mixin.py:188} INFO - [2024-05-13T15:27:57.937+0000] {dag.py:3834} INFO - Setting next_dagrun for example_trigger_target_dag to None, run_after=None
[2024-05-13T15:27:57.954+0000] {processor.py:183} INFO - Processing /home/airflow/.local/lib/python3.8/site-packages/airflow/example_dags/example_trigger_target_dag.py took 0.059 seconds
[2024-05-13T15:28:28.363+0000] {processor.py:161} INFO - Started process (PID=1851) to work on /home/airflow/.local/lib/python3.8/site-packages/airflow/example_dags/example_trigger_target_dag.py
[2024-05-13T15:28:28.364+0000] {processor.py:830} INFO - Processing file /home/airflow/.local/lib/python3.8/site-packages/airflow/example_dags/example_trigger_target_dag.py for tasks to queue
[2024-05-13T15:28:28.366+0000] {logging_mixin.py:188} INFO - [2024-05-13T15:28:28.366+0000] {dagbag.py:540} INFO - Filling up the DagBag from /home/airflow/.local/lib/python3.8/site-packages/airflow/example_dags/example_trigger_target_dag.py
[2024-05-13T15:28:28.372+0000] {processor.py:840} INFO - DAG(s) 'example_trigger_target_dag' retrieved from /home/airflow/.local/lib/python3.8/site-packages/airflow/example_dags/example_trigger_target_dag.py
[2024-05-13T15:28:28.389+0000] {logging_mixin.py:188} INFO - [2024-05-13T15:28:28.389+0000] {dag.py:3047} INFO - Sync 1 DAGs
[2024-05-13T15:28:28.400+0000] {logging_mixin.py:188} INFO - [2024-05-13T15:28:28.400+0000] {dag.py:3834} INFO - Setting next_dagrun for example_trigger_target_dag to None, run_after=None
[2024-05-13T15:28:28.419+0000] {processor.py:183} INFO - Processing /home/airflow/.local/lib/python3.8/site-packages/airflow/example_dags/example_trigger_target_dag.py took 0.058 seconds
[2024-05-13T15:28:59.262+0000] {processor.py:161} INFO - Started process (PID=1919) to work on /home/airflow/.local/lib/python3.8/site-packages/airflow/example_dags/example_trigger_target_dag.py
[2024-05-13T15:28:59.263+0000] {processor.py:830} INFO - Processing file /home/airflow/.local/lib/python3.8/site-packages/airflow/example_dags/example_trigger_target_dag.py for tasks to queue
[2024-05-13T15:28:59.265+0000] {logging_mixin.py:188} INFO - [2024-05-13T15:28:59.265+0000] {dagbag.py:540} INFO - Filling up the DagBag from /home/airflow/.local/lib/python3.8/site-packages/airflow/example_dags/example_trigger_target_dag.py
[2024-05-13T15:28:59.271+0000] {processor.py:840} INFO - DAG(s) 'example_trigger_target_dag' retrieved from /home/airflow/.local/lib/python3.8/site-packages/airflow/example_dags/example_trigger_target_dag.py
[2024-05-13T15:28:59.295+0000] {logging_mixin.py:188} INFO - [2024-05-13T15:28:59.295+0000] {dag.py:3047} INFO - Sync 1 DAGs
[2024-05-13T15:28:59.307+0000] {logging_mixin.py:188} INFO - [2024-05-13T15:28:59.307+0000] {dag.py:3834} INFO - Setting next_dagrun for example_trigger_target_dag to None, run_after=None
[2024-05-13T15:28:59.334+0000] {processor.py:183} INFO - Processing /home/airflow/.local/lib/python3.8/site-packages/airflow/example_dags/example_trigger_target_dag.py took 0.076 seconds
[2024-05-13T15:29:29.748+0000] {processor.py:161} INFO - Started process (PID=1987) to work on /home/airflow/.local/lib/python3.8/site-packages/airflow/example_dags/example_trigger_target_dag.py
[2024-05-13T15:29:29.749+0000] {processor.py:830} INFO - Processing file /home/airflow/.local/lib/python3.8/site-packages/airflow/example_dags/example_trigger_target_dag.py for tasks to queue
[2024-05-13T15:29:29.751+0000] {logging_mixin.py:188} INFO - [2024-05-13T15:29:29.750+0000] {dagbag.py:540} INFO - Filling up the DagBag from /home/airflow/.local/lib/python3.8/site-packages/airflow/example_dags/example_trigger_target_dag.py
[2024-05-13T15:29:29.757+0000] {processor.py:840} INFO - DAG(s) 'example_trigger_target_dag' retrieved from /home/airflow/.local/lib/python3.8/site-packages/airflow/example_dags/example_trigger_target_dag.py
[2024-05-13T15:29:29.780+0000] {logging_mixin.py:188} INFO - [2024-05-13T15:29:29.779+0000] {dag.py:3047} INFO - Sync 1 DAGs
[2024-05-13T15:29:29.794+0000] {logging_mixin.py:188} INFO - [2024-05-13T15:29:29.794+0000] {dag.py:3834} INFO - Setting next_dagrun for example_trigger_target_dag to None, run_after=None
[2024-05-13T15:29:29.822+0000] {processor.py:183} INFO - Processing /home/airflow/.local/lib/python3.8/site-packages/airflow/example_dags/example_trigger_target_dag.py took 0.078 seconds
[2024-05-13T15:30:00.684+0000] {processor.py:161} INFO - Started process (PID=2055) to work on /home/airflow/.local/lib/python3.8/site-packages/airflow/example_dags/example_trigger_target_dag.py
[2024-05-13T15:30:00.685+0000] {processor.py:830} INFO - Processing file /home/airflow/.local/lib/python3.8/site-packages/airflow/example_dags/example_trigger_target_dag.py for tasks to queue
[2024-05-13T15:30:00.687+0000] {logging_mixin.py:188} INFO - [2024-05-13T15:30:00.687+0000] {dagbag.py:540} INFO - Filling up the DagBag from /home/airflow/.local/lib/python3.8/site-packages/airflow/example_dags/example_trigger_target_dag.py
[2024-05-13T15:30:00.696+0000] {processor.py:840} INFO - DAG(s) 'example_trigger_target_dag' retrieved from /home/airflow/.local/lib/python3.8/site-packages/airflow/example_dags/example_trigger_target_dag.py
[2024-05-13T15:30:00.716+0000] {logging_mixin.py:188} INFO - [2024-05-13T15:30:00.715+0000] {dag.py:3047} INFO - Sync 1 DAGs
[2024-05-13T15:30:00.729+0000] {logging_mixin.py:188} INFO - [2024-05-13T15:30:00.729+0000] {dag.py:3834} INFO - Setting next_dagrun for example_trigger_target_dag to None, run_after=None
[2024-05-13T15:30:00.751+0000] {processor.py:183} INFO - Processing /home/airflow/.local/lib/python3.8/site-packages/airflow/example_dags/example_trigger_target_dag.py took 0.069 seconds
[2024-05-13T15:30:30.778+0000] {processor.py:161} INFO - Started process (PID=2122) to work on /home/airflow/.local/lib/python3.8/site-packages/airflow/example_dags/example_trigger_target_dag.py
[2024-05-13T15:30:30.779+0000] {processor.py:830} INFO - Processing file /home/airflow/.local/lib/python3.8/site-packages/airflow/example_dags/example_trigger_target_dag.py for tasks to queue
[2024-05-13T15:30:30.782+0000] {logging_mixin.py:188} INFO - [2024-05-13T15:30:30.781+0000] {dagbag.py:540} INFO - Filling up the DagBag from /home/airflow/.local/lib/python3.8/site-packages/airflow/example_dags/example_trigger_target_dag.py
[2024-05-13T15:30:30.787+0000] {processor.py:840} INFO - DAG(s) 'example_trigger_target_dag' retrieved from /home/airflow/.local/lib/python3.8/site-packages/airflow/example_dags/example_trigger_target_dag.py
[2024-05-13T15:30:30.805+0000] {logging_mixin.py:188} INFO - [2024-05-13T15:30:30.805+0000] {dag.py:3047} INFO - Sync 1 DAGs
[2024-05-13T15:30:30.816+0000] {logging_mixin.py:188} INFO - [2024-05-13T15:30:30.816+0000] {dag.py:3834} INFO - Setting next_dagrun for example_trigger_target_dag to None, run_after=None
[2024-05-13T15:30:30.835+0000] {processor.py:183} INFO - Processing /home/airflow/.local/lib/python3.8/site-packages/airflow/example_dags/example_trigger_target_dag.py took 0.059 seconds
[2024-05-13T15:31:00.944+0000] {processor.py:161} INFO - Started process (PID=2190) to work on /home/airflow/.local/lib/python3.8/site-packages/airflow/example_dags/example_trigger_target_dag.py
[2024-05-13T15:31:00.945+0000] {processor.py:830} INFO - Processing file /home/airflow/.local/lib/python3.8/site-packages/airflow/example_dags/example_trigger_target_dag.py for tasks to queue
[2024-05-13T15:31:00.947+0000] {logging_mixin.py:188} INFO - [2024-05-13T15:31:00.946+0000] {dagbag.py:540} INFO - Filling up the DagBag from /home/airflow/.local/lib/python3.8/site-packages/airflow/example_dags/example_trigger_target_dag.py
[2024-05-13T15:31:00.953+0000] {processor.py:840} INFO - DAG(s) 'example_trigger_target_dag' retrieved from /home/airflow/.local/lib/python3.8/site-packages/airflow/example_dags/example_trigger_target_dag.py
[2024-05-13T15:31:00.972+0000] {logging_mixin.py:188} INFO - [2024-05-13T15:31:00.972+0000] {dag.py:3047} INFO - Sync 1 DAGs
[2024-05-13T15:31:00.985+0000] {logging_mixin.py:188} INFO - [2024-05-13T15:31:00.985+0000] {dag.py:3834} INFO - Setting next_dagrun for example_trigger_target_dag to None, run_after=None
[2024-05-13T15:31:01.005+0000] {processor.py:183} INFO - Processing /home/airflow/.local/lib/python3.8/site-packages/airflow/example_dags/example_trigger_target_dag.py took 0.064 seconds
[2024-05-13T15:31:31.169+0000] {processor.py:161} INFO - Started process (PID=2258) to work on /home/airflow/.local/lib/python3.8/site-packages/airflow/example_dags/example_trigger_target_dag.py
[2024-05-13T15:31:31.170+0000] {processor.py:830} INFO - Processing file /home/airflow/.local/lib/python3.8/site-packages/airflow/example_dags/example_trigger_target_dag.py for tasks to queue
[2024-05-13T15:31:31.172+0000] {logging_mixin.py:188} INFO - [2024-05-13T15:31:31.171+0000] {dagbag.py:540} INFO - Filling up the DagBag from /home/airflow/.local/lib/python3.8/site-packages/airflow/example_dags/example_trigger_target_dag.py
[2024-05-13T15:31:31.177+0000] {processor.py:840} INFO - DAG(s) 'example_trigger_target_dag' retrieved from /home/airflow/.local/lib/python3.8/site-packages/airflow/example_dags/example_trigger_target_dag.py
[2024-05-13T15:31:31.194+0000] {logging_mixin.py:188} INFO - [2024-05-13T15:31:31.194+0000] {dag.py:3047} INFO - Sync 1 DAGs
[2024-05-13T15:31:31.205+0000] {logging_mixin.py:188} INFO - [2024-05-13T15:31:31.204+0000] {dag.py:3834} INFO - Setting next_dagrun for example_trigger_target_dag to None, run_after=None
[2024-05-13T15:31:31.224+0000] {processor.py:183} INFO - Processing /home/airflow/.local/lib/python3.8/site-packages/airflow/example_dags/example_trigger_target_dag.py took 0.058 seconds
[2024-05-13T15:32:01.595+0000] {processor.py:161} INFO - Started process (PID=2326) to work on /home/airflow/.local/lib/python3.8/site-packages/airflow/example_dags/example_trigger_target_dag.py
[2024-05-13T15:32:01.596+0000] {processor.py:830} INFO - Processing file /home/airflow/.local/lib/python3.8/site-packages/airflow/example_dags/example_trigger_target_dag.py for tasks to queue
[2024-05-13T15:32:01.598+0000] {logging_mixin.py:188} INFO - [2024-05-13T15:32:01.598+0000] {dagbag.py:540} INFO - Filling up the DagBag from /home/airflow/.local/lib/python3.8/site-packages/airflow/example_dags/example_trigger_target_dag.py
[2024-05-13T15:32:01.604+0000] {processor.py:840} INFO - DAG(s) 'example_trigger_target_dag' retrieved from /home/airflow/.local/lib/python3.8/site-packages/airflow/example_dags/example_trigger_target_dag.py
[2024-05-13T15:32:01.621+0000] {logging_mixin.py:188} INFO - [2024-05-13T15:32:01.621+0000] {dag.py:3047} INFO - Sync 1 DAGs
[2024-05-13T15:32:01.631+0000] {logging_mixin.py:188} INFO - [2024-05-13T15:32:01.631+0000] {dag.py:3834} INFO - Setting next_dagrun for example_trigger_target_dag to None, run_after=None
[2024-05-13T15:32:01.649+0000] {processor.py:183} INFO - Processing /home/airflow/.local/lib/python3.8/site-packages/airflow/example_dags/example_trigger_target_dag.py took 0.056 seconds
[2024-05-13T15:32:32.112+0000] {processor.py:161} INFO - Started process (PID=2394) to work on /home/airflow/.local/lib/python3.8/site-packages/airflow/example_dags/example_trigger_target_dag.py
[2024-05-13T15:32:32.113+0000] {processor.py:830} INFO - Processing file /home/airflow/.local/lib/python3.8/site-packages/airflow/example_dags/example_trigger_target_dag.py for tasks to queue
[2024-05-13T15:32:32.115+0000] {logging_mixin.py:188} INFO - [2024-05-13T15:32:32.115+0000] {dagbag.py:540} INFO - Filling up the DagBag from /home/airflow/.local/lib/python3.8/site-packages/airflow/example_dags/example_trigger_target_dag.py
[2024-05-13T15:32:32.121+0000] {processor.py:840} INFO - DAG(s) 'example_trigger_target_dag' retrieved from /home/airflow/.local/lib/python3.8/site-packages/airflow/example_dags/example_trigger_target_dag.py
[2024-05-13T15:32:32.140+0000] {logging_mixin.py:188} INFO - [2024-05-13T15:32:32.139+0000] {dag.py:3047} INFO - Sync 1 DAGs
[2024-05-13T15:32:32.153+0000] {logging_mixin.py:188} INFO - [2024-05-13T15:32:32.153+0000] {dag.py:3834} INFO - Setting next_dagrun for example_trigger_target_dag to None, run_after=None
[2024-05-13T15:32:32.175+0000] {processor.py:183} INFO - Processing /home/airflow/.local/lib/python3.8/site-packages/airflow/example_dags/example_trigger_target_dag.py took 0.067 seconds
[2024-05-13T15:33:02.411+0000] {processor.py:161} INFO - Started process (PID=2462) to work on /home/airflow/.local/lib/python3.8/site-packages/airflow/example_dags/example_trigger_target_dag.py
[2024-05-13T15:33:02.412+0000] {processor.py:830} INFO - Processing file /home/airflow/.local/lib/python3.8/site-packages/airflow/example_dags/example_trigger_target_dag.py for tasks to queue
[2024-05-13T15:33:02.414+0000] {logging_mixin.py:188} INFO - [2024-05-13T15:33:02.414+0000] {dagbag.py:540} INFO - Filling up the DagBag from /home/airflow/.local/lib/python3.8/site-packages/airflow/example_dags/example_trigger_target_dag.py
[2024-05-13T15:33:02.419+0000] {processor.py:840} INFO - DAG(s) 'example_trigger_target_dag' retrieved from /home/airflow/.local/lib/python3.8/site-packages/airflow/example_dags/example_trigger_target_dag.py
[2024-05-13T15:33:02.440+0000] {logging_mixin.py:188} INFO - [2024-05-13T15:33:02.440+0000] {dag.py:3047} INFO - Sync 1 DAGs
[2024-05-13T15:33:02.452+0000] {logging_mixin.py:188} INFO - [2024-05-13T15:33:02.451+0000] {dag.py:3834} INFO - Setting next_dagrun for example_trigger_target_dag to None, run_after=None
[2024-05-13T15:33:02.476+0000] {processor.py:183} INFO - Processing /home/airflow/.local/lib/python3.8/site-packages/airflow/example_dags/example_trigger_target_dag.py took 0.068 seconds
[2024-05-13T15:33:32.836+0000] {processor.py:161} INFO - Started process (PID=2530) to work on /home/airflow/.local/lib/python3.8/site-packages/airflow/example_dags/example_trigger_target_dag.py
[2024-05-13T15:33:32.838+0000] {processor.py:830} INFO - Processing file /home/airflow/.local/lib/python3.8/site-packages/airflow/example_dags/example_trigger_target_dag.py for tasks to queue
[2024-05-13T15:33:32.840+0000] {logging_mixin.py:188} INFO - [2024-05-13T15:33:32.840+0000] {dagbag.py:540} INFO - Filling up the DagBag from /home/airflow/.local/lib/python3.8/site-packages/airflow/example_dags/example_trigger_target_dag.py
[2024-05-13T15:33:32.847+0000] {processor.py:840} INFO - DAG(s) 'example_trigger_target_dag' retrieved from /home/airflow/.local/lib/python3.8/site-packages/airflow/example_dags/example_trigger_target_dag.py
[2024-05-13T15:33:32.865+0000] {logging_mixin.py:188} INFO - [2024-05-13T15:33:32.865+0000] {dag.py:3047} INFO - Sync 1 DAGs
[2024-05-13T15:33:32.881+0000] {logging_mixin.py:188} INFO - [2024-05-13T15:33:32.881+0000] {dag.py:3834} INFO - Setting next_dagrun for example_trigger_target_dag to None, run_after=None
[2024-05-13T15:33:32.901+0000] {processor.py:183} INFO - Processing /home/airflow/.local/lib/python3.8/site-packages/airflow/example_dags/example_trigger_target_dag.py took 0.068 seconds
[2024-05-13T15:34:03.013+0000] {processor.py:161} INFO - Started process (PID=2597) to work on /home/airflow/.local/lib/python3.8/site-packages/airflow/example_dags/example_trigger_target_dag.py
[2024-05-13T15:34:03.015+0000] {processor.py:830} INFO - Processing file /home/airflow/.local/lib/python3.8/site-packages/airflow/example_dags/example_trigger_target_dag.py for tasks to queue
[2024-05-13T15:34:03.018+0000] {logging_mixin.py:188} INFO - [2024-05-13T15:34:03.018+0000] {dagbag.py:540} INFO - Filling up the DagBag from /home/airflow/.local/lib/python3.8/site-packages/airflow/example_dags/example_trigger_target_dag.py
[2024-05-13T15:34:03.027+0000] {processor.py:840} INFO - DAG(s) 'example_trigger_target_dag' retrieved from /home/airflow/.local/lib/python3.8/site-packages/airflow/example_dags/example_trigger_target_dag.py
[2024-05-13T15:34:03.064+0000] {logging_mixin.py:188} INFO - [2024-05-13T15:34:03.063+0000] {dag.py:3047} INFO - Sync 1 DAGs
[2024-05-13T15:34:03.082+0000] {logging_mixin.py:188} INFO - [2024-05-13T15:34:03.081+0000] {dag.py:3834} INFO - Setting next_dagrun for example_trigger_target_dag to None, run_after=None
[2024-05-13T15:34:03.108+0000] {processor.py:183} INFO - Processing /home/airflow/.local/lib/python3.8/site-packages/airflow/example_dags/example_trigger_target_dag.py took 0.099 seconds
[2024-05-13T15:34:33.929+0000] {processor.py:161} INFO - Started process (PID=2655) to work on /home/airflow/.local/lib/python3.8/site-packages/airflow/example_dags/example_trigger_target_dag.py
[2024-05-13T15:34:33.929+0000] {processor.py:830} INFO - Processing file /home/airflow/.local/lib/python3.8/site-packages/airflow/example_dags/example_trigger_target_dag.py for tasks to queue
[2024-05-13T15:34:33.931+0000] {logging_mixin.py:188} INFO - [2024-05-13T15:34:33.931+0000] {dagbag.py:540} INFO - Filling up the DagBag from /home/airflow/.local/lib/python3.8/site-packages/airflow/example_dags/example_trigger_target_dag.py
[2024-05-13T15:34:33.937+0000] {processor.py:840} INFO - DAG(s) 'example_trigger_target_dag' retrieved from /home/airflow/.local/lib/python3.8/site-packages/airflow/example_dags/example_trigger_target_dag.py
[2024-05-13T15:34:33.954+0000] {logging_mixin.py:188} INFO - [2024-05-13T15:34:33.954+0000] {dag.py:3047} INFO - Sync 1 DAGs
[2024-05-13T15:34:33.968+0000] {logging_mixin.py:188} INFO - [2024-05-13T15:34:33.968+0000] {dag.py:3834} INFO - Setting next_dagrun for example_trigger_target_dag to None, run_after=None
[2024-05-13T15:34:34.004+0000] {processor.py:183} INFO - Processing /home/airflow/.local/lib/python3.8/site-packages/airflow/example_dags/example_trigger_target_dag.py took 0.078 seconds
[2024-05-13T15:35:04.103+0000] {processor.py:161} INFO - Started process (PID=2722) to work on /home/airflow/.local/lib/python3.8/site-packages/airflow/example_dags/example_trigger_target_dag.py
[2024-05-13T15:35:04.105+0000] {processor.py:830} INFO - Processing file /home/airflow/.local/lib/python3.8/site-packages/airflow/example_dags/example_trigger_target_dag.py for tasks to queue
[2024-05-13T15:35:04.106+0000] {logging_mixin.py:188} INFO - [2024-05-13T15:35:04.106+0000] {dagbag.py:540} INFO - Filling up the DagBag from /home/airflow/.local/lib/python3.8/site-packages/airflow/example_dags/example_trigger_target_dag.py
[2024-05-13T15:35:04.112+0000] {processor.py:840} INFO - DAG(s) 'example_trigger_target_dag' retrieved from /home/airflow/.local/lib/python3.8/site-packages/airflow/example_dags/example_trigger_target_dag.py
[2024-05-13T15:35:04.128+0000] {logging_mixin.py:188} INFO - [2024-05-13T15:35:04.128+0000] {dag.py:3047} INFO - Sync 1 DAGs
[2024-05-13T15:35:04.139+0000] {logging_mixin.py:188} INFO - [2024-05-13T15:35:04.139+0000] {dag.py:3834} INFO - Setting next_dagrun for example_trigger_target_dag to None, run_after=None
[2024-05-13T15:35:04.158+0000] {processor.py:183} INFO - Processing /home/airflow/.local/lib/python3.8/site-packages/airflow/example_dags/example_trigger_target_dag.py took 0.057 seconds
[2024-05-13T15:35:34.585+0000] {processor.py:161} INFO - Started process (PID=2790) to work on /home/airflow/.local/lib/python3.8/site-packages/airflow/example_dags/example_trigger_target_dag.py
[2024-05-13T15:35:34.586+0000] {processor.py:830} INFO - Processing file /home/airflow/.local/lib/python3.8/site-packages/airflow/example_dags/example_trigger_target_dag.py for tasks to queue
[2024-05-13T15:35:34.588+0000] {logging_mixin.py:188} INFO - [2024-05-13T15:35:34.588+0000] {dagbag.py:540} INFO - Filling up the DagBag from /home/airflow/.local/lib/python3.8/site-packages/airflow/example_dags/example_trigger_target_dag.py
[2024-05-13T15:35:34.593+0000] {processor.py:840} INFO - DAG(s) 'example_trigger_target_dag' retrieved from /home/airflow/.local/lib/python3.8/site-packages/airflow/example_dags/example_trigger_target_dag.py
[2024-05-13T15:35:34.610+0000] {logging_mixin.py:188} INFO - [2024-05-13T15:35:34.609+0000] {dag.py:3047} INFO - Sync 1 DAGs
[2024-05-13T15:35:34.620+0000] {logging_mixin.py:188} INFO - [2024-05-13T15:35:34.619+0000] {dag.py:3834} INFO - Setting next_dagrun for example_trigger_target_dag to None, run_after=None
[2024-05-13T15:35:34.638+0000] {processor.py:183} INFO - Processing /home/airflow/.local/lib/python3.8/site-packages/airflow/example_dags/example_trigger_target_dag.py took 0.055 seconds
[2024-05-13T15:36:05.113+0000] {processor.py:161} INFO - Started process (PID=2858) to work on /home/airflow/.local/lib/python3.8/site-packages/airflow/example_dags/example_trigger_target_dag.py
[2024-05-13T15:36:05.114+0000] {processor.py:830} INFO - Processing file /home/airflow/.local/lib/python3.8/site-packages/airflow/example_dags/example_trigger_target_dag.py for tasks to queue
[2024-05-13T15:36:05.116+0000] {logging_mixin.py:188} INFO - [2024-05-13T15:36:05.115+0000] {dagbag.py:540} INFO - Filling up the DagBag from /home/airflow/.local/lib/python3.8/site-packages/airflow/example_dags/example_trigger_target_dag.py
[2024-05-13T15:36:05.121+0000] {processor.py:840} INFO - DAG(s) 'example_trigger_target_dag' retrieved from /home/airflow/.local/lib/python3.8/site-packages/airflow/example_dags/example_trigger_target_dag.py
[2024-05-13T15:36:05.137+0000] {logging_mixin.py:188} INFO - [2024-05-13T15:36:05.137+0000] {dag.py:3047} INFO - Sync 1 DAGs
[2024-05-13T15:36:05.148+0000] {logging_mixin.py:188} INFO - [2024-05-13T15:36:05.148+0000] {dag.py:3834} INFO - Setting next_dagrun for example_trigger_target_dag to None, run_after=None
[2024-05-13T15:36:05.167+0000] {processor.py:183} INFO - Processing /home/airflow/.local/lib/python3.8/site-packages/airflow/example_dags/example_trigger_target_dag.py took 0.057 seconds
[2024-05-13T15:36:35.516+0000] {processor.py:161} INFO - Started process (PID=2926) to work on /home/airflow/.local/lib/python3.8/site-packages/airflow/example_dags/example_trigger_target_dag.py
[2024-05-13T15:36:35.517+0000] {processor.py:830} INFO - Processing file /home/airflow/.local/lib/python3.8/site-packages/airflow/example_dags/example_trigger_target_dag.py for tasks to queue
[2024-05-13T15:36:35.519+0000] {logging_mixin.py:188} INFO - [2024-05-13T15:36:35.519+0000] {dagbag.py:540} INFO - Filling up the DagBag from /home/airflow/.local/lib/python3.8/site-packages/airflow/example_dags/example_trigger_target_dag.py
[2024-05-13T15:36:35.524+0000] {processor.py:840} INFO - DAG(s) 'example_trigger_target_dag' retrieved from /home/airflow/.local/lib/python3.8/site-packages/airflow/example_dags/example_trigger_target_dag.py
[2024-05-13T15:36:35.542+0000] {logging_mixin.py:188} INFO - [2024-05-13T15:36:35.541+0000] {dag.py:3047} INFO - Sync 1 DAGs
[2024-05-13T15:36:35.553+0000] {logging_mixin.py:188} INFO - [2024-05-13T15:36:35.553+0000] {dag.py:3834} INFO - Setting next_dagrun for example_trigger_target_dag to None, run_after=None
[2024-05-13T15:36:35.572+0000] {processor.py:183} INFO - Processing /home/airflow/.local/lib/python3.8/site-packages/airflow/example_dags/example_trigger_target_dag.py took 0.058 seconds
[2024-05-13T15:37:05.750+0000] {processor.py:161} INFO - Started process (PID=2994) to work on /home/airflow/.local/lib/python3.8/site-packages/airflow/example_dags/example_trigger_target_dag.py
[2024-05-13T15:37:05.752+0000] {processor.py:830} INFO - Processing file /home/airflow/.local/lib/python3.8/site-packages/airflow/example_dags/example_trigger_target_dag.py for tasks to queue
[2024-05-13T15:37:05.754+0000] {logging_mixin.py:188} INFO - [2024-05-13T15:37:05.754+0000] {dagbag.py:540} INFO - Filling up the DagBag from /home/airflow/.local/lib/python3.8/site-packages/airflow/example_dags/example_trigger_target_dag.py
[2024-05-13T15:37:05.761+0000] {processor.py:840} INFO - DAG(s) 'example_trigger_target_dag' retrieved from /home/airflow/.local/lib/python3.8/site-packages/airflow/example_dags/example_trigger_target_dag.py
[2024-05-13T15:37:05.779+0000] {logging_mixin.py:188} INFO - [2024-05-13T15:37:05.779+0000] {dag.py:3047} INFO - Sync 1 DAGs
[2024-05-13T15:37:05.791+0000] {logging_mixin.py:188} INFO - [2024-05-13T15:37:05.790+0000] {dag.py:3834} INFO - Setting next_dagrun for example_trigger_target_dag to None, run_after=None
[2024-05-13T15:37:05.808+0000] {processor.py:183} INFO - Processing /home/airflow/.local/lib/python3.8/site-packages/airflow/example_dags/example_trigger_target_dag.py took 0.062 seconds
[2024-05-13T15:37:36.033+0000] {processor.py:161} INFO - Started process (PID=3062) to work on /home/airflow/.local/lib/python3.8/site-packages/airflow/example_dags/example_trigger_target_dag.py
[2024-05-13T15:37:36.034+0000] {processor.py:830} INFO - Processing file /home/airflow/.local/lib/python3.8/site-packages/airflow/example_dags/example_trigger_target_dag.py for tasks to queue
[2024-05-13T15:37:36.036+0000] {logging_mixin.py:188} INFO - [2024-05-13T15:37:36.036+0000] {dagbag.py:540} INFO - Filling up the DagBag from /home/airflow/.local/lib/python3.8/site-packages/airflow/example_dags/example_trigger_target_dag.py
[2024-05-13T15:37:36.043+0000] {processor.py:840} INFO - DAG(s) 'example_trigger_target_dag' retrieved from /home/airflow/.local/lib/python3.8/site-packages/airflow/example_dags/example_trigger_target_dag.py
[2024-05-13T15:37:36.064+0000] {logging_mixin.py:188} INFO - [2024-05-13T15:37:36.064+0000] {dag.py:3047} INFO - Sync 1 DAGs
[2024-05-13T15:37:36.076+0000] {logging_mixin.py:188} INFO - [2024-05-13T15:37:36.076+0000] {dag.py:3834} INFO - Setting next_dagrun for example_trigger_target_dag to None, run_after=None
[2024-05-13T15:37:36.101+0000] {processor.py:183} INFO - Processing /home/airflow/.local/lib/python3.8/site-packages/airflow/example_dags/example_trigger_target_dag.py took 0.071 seconds
[2024-05-13T15:38:06.623+0000] {processor.py:161} INFO - Started process (PID=3130) to work on /home/airflow/.local/lib/python3.8/site-packages/airflow/example_dags/example_trigger_target_dag.py
[2024-05-13T15:38:06.624+0000] {processor.py:830} INFO - Processing file /home/airflow/.local/lib/python3.8/site-packages/airflow/example_dags/example_trigger_target_dag.py for tasks to queue
[2024-05-13T15:38:06.626+0000] {logging_mixin.py:188} INFO - [2024-05-13T15:38:06.626+0000] {dagbag.py:540} INFO - Filling up the DagBag from /home/airflow/.local/lib/python3.8/site-packages/airflow/example_dags/example_trigger_target_dag.py
[2024-05-13T15:38:06.632+0000] {processor.py:840} INFO - DAG(s) 'example_trigger_target_dag' retrieved from /home/airflow/.local/lib/python3.8/site-packages/airflow/example_dags/example_trigger_target_dag.py
[2024-05-13T15:38:06.653+0000] {logging_mixin.py:188} INFO - [2024-05-13T15:38:06.652+0000] {dag.py:3047} INFO - Sync 1 DAGs
[2024-05-13T15:38:06.665+0000] {logging_mixin.py:188} INFO - [2024-05-13T15:38:06.664+0000] {dag.py:3834} INFO - Setting next_dagrun for example_trigger_target_dag to None, run_after=None
[2024-05-13T15:38:06.689+0000] {processor.py:183} INFO - Processing /home/airflow/.local/lib/python3.8/site-packages/airflow/example_dags/example_trigger_target_dag.py took 0.070 seconds
[2024-05-13T15:38:37.025+0000] {processor.py:161} INFO - Started process (PID=3196) to work on /home/airflow/.local/lib/python3.8/site-packages/airflow/example_dags/example_trigger_target_dag.py
[2024-05-13T15:38:37.026+0000] {processor.py:830} INFO - Processing file /home/airflow/.local/lib/python3.8/site-packages/airflow/example_dags/example_trigger_target_dag.py for tasks to queue
[2024-05-13T15:38:37.028+0000] {logging_mixin.py:188} INFO - [2024-05-13T15:38:37.027+0000] {dagbag.py:540} INFO - Filling up the DagBag from /home/airflow/.local/lib/python3.8/site-packages/airflow/example_dags/example_trigger_target_dag.py
[2024-05-13T15:38:37.033+0000] {processor.py:840} INFO - DAG(s) 'example_trigger_target_dag' retrieved from /home/airflow/.local/lib/python3.8/site-packages/airflow/example_dags/example_trigger_target_dag.py
[2024-05-13T15:38:37.053+0000] {logging_mixin.py:188} INFO - [2024-05-13T15:38:37.053+0000] {dag.py:3047} INFO - Sync 1 DAGs
[2024-05-13T15:38:37.065+0000] {logging_mixin.py:188} INFO - [2024-05-13T15:38:37.065+0000] {dag.py:3834} INFO - Setting next_dagrun for example_trigger_target_dag to None, run_after=None
[2024-05-13T15:38:37.088+0000] {processor.py:183} INFO - Processing /home/airflow/.local/lib/python3.8/site-packages/airflow/example_dags/example_trigger_target_dag.py took 0.067 seconds
[2024-05-13T15:39:07.533+0000] {processor.py:161} INFO - Started process (PID=3264) to work on /home/airflow/.local/lib/python3.8/site-packages/airflow/example_dags/example_trigger_target_dag.py
[2024-05-13T15:39:07.534+0000] {processor.py:830} INFO - Processing file /home/airflow/.local/lib/python3.8/site-packages/airflow/example_dags/example_trigger_target_dag.py for tasks to queue
[2024-05-13T15:39:07.535+0000] {logging_mixin.py:188} INFO - [2024-05-13T15:39:07.535+0000] {dagbag.py:540} INFO - Filling up the DagBag from /home/airflow/.local/lib/python3.8/site-packages/airflow/example_dags/example_trigger_target_dag.py
[2024-05-13T15:39:07.541+0000] {processor.py:840} INFO - DAG(s) 'example_trigger_target_dag' retrieved from /home/airflow/.local/lib/python3.8/site-packages/airflow/example_dags/example_trigger_target_dag.py
[2024-05-13T15:39:07.564+0000] {logging_mixin.py:188} INFO - [2024-05-13T15:39:07.563+0000] {dag.py:3047} INFO - Sync 1 DAGs
[2024-05-13T15:39:07.576+0000] {logging_mixin.py:188} INFO - [2024-05-13T15:39:07.575+0000] {dag.py:3834} INFO - Setting next_dagrun for example_trigger_target_dag to None, run_after=None
[2024-05-13T15:39:07.601+0000] {processor.py:183} INFO - Processing /home/airflow/.local/lib/python3.8/site-packages/airflow/example_dags/example_trigger_target_dag.py took 0.071 seconds
[2024-05-13T15:39:38.007+0000] {processor.py:161} INFO - Started process (PID=3332) to work on /home/airflow/.local/lib/python3.8/site-packages/airflow/example_dags/example_trigger_target_dag.py
[2024-05-13T15:39:38.009+0000] {processor.py:830} INFO - Processing file /home/airflow/.local/lib/python3.8/site-packages/airflow/example_dags/example_trigger_target_dag.py for tasks to queue
[2024-05-13T15:39:38.011+0000] {logging_mixin.py:188} INFO - [2024-05-13T15:39:38.010+0000] {dagbag.py:540} INFO - Filling up the DagBag from /home/airflow/.local/lib/python3.8/site-packages/airflow/example_dags/example_trigger_target_dag.py
[2024-05-13T15:39:38.017+0000] {processor.py:840} INFO - DAG(s) 'example_trigger_target_dag' retrieved from /home/airflow/.local/lib/python3.8/site-packages/airflow/example_dags/example_trigger_target_dag.py
[2024-05-13T15:39:38.037+0000] {logging_mixin.py:188} INFO - [2024-05-13T15:39:38.037+0000] {dag.py:3047} INFO - Sync 1 DAGs
[2024-05-13T15:39:38.050+0000] {logging_mixin.py:188} INFO - [2024-05-13T15:39:38.050+0000] {dag.py:3834} INFO - Setting next_dagrun for example_trigger_target_dag to None, run_after=None
[2024-05-13T15:39:38.071+0000] {processor.py:183} INFO - Processing /home/airflow/.local/lib/python3.8/site-packages/airflow/example_dags/example_trigger_target_dag.py took 0.067 seconds
[2024-05-13T15:40:08.326+0000] {processor.py:161} INFO - Started process (PID=3400) to work on /home/airflow/.local/lib/python3.8/site-packages/airflow/example_dags/example_trigger_target_dag.py
[2024-05-13T15:40:08.328+0000] {processor.py:830} INFO - Processing file /home/airflow/.local/lib/python3.8/site-packages/airflow/example_dags/example_trigger_target_dag.py for tasks to queue
[2024-05-13T15:40:08.330+0000] {logging_mixin.py:188} INFO - [2024-05-13T15:40:08.330+0000] {dagbag.py:540} INFO - Filling up the DagBag from /home/airflow/.local/lib/python3.8/site-packages/airflow/example_dags/example_trigger_target_dag.py
[2024-05-13T15:40:08.337+0000] {processor.py:840} INFO - DAG(s) 'example_trigger_target_dag' retrieved from /home/airflow/.local/lib/python3.8/site-packages/airflow/example_dags/example_trigger_target_dag.py
[2024-05-13T15:40:08.355+0000] {logging_mixin.py:188} INFO - [2024-05-13T15:40:08.354+0000] {dag.py:3047} INFO - Sync 1 DAGs
[2024-05-13T15:40:08.366+0000] {logging_mixin.py:188} INFO - [2024-05-13T15:40:08.365+0000] {dag.py:3834} INFO - Setting next_dagrun for example_trigger_target_dag to None, run_after=None
[2024-05-13T15:40:08.384+0000] {processor.py:183} INFO - Processing /home/airflow/.local/lib/python3.8/site-packages/airflow/example_dags/example_trigger_target_dag.py took 0.061 seconds
[2024-05-13T15:40:38.558+0000] {processor.py:161} INFO - Started process (PID=3468) to work on /home/airflow/.local/lib/python3.8/site-packages/airflow/example_dags/example_trigger_target_dag.py
[2024-05-13T15:40:38.559+0000] {processor.py:830} INFO - Processing file /home/airflow/.local/lib/python3.8/site-packages/airflow/example_dags/example_trigger_target_dag.py for tasks to queue
[2024-05-13T15:40:38.561+0000] {logging_mixin.py:188} INFO - [2024-05-13T15:40:38.560+0000] {dagbag.py:540} INFO - Filling up the DagBag from /home/airflow/.local/lib/python3.8/site-packages/airflow/example_dags/example_trigger_target_dag.py
[2024-05-13T15:40:38.566+0000] {processor.py:840} INFO - DAG(s) 'example_trigger_target_dag' retrieved from /home/airflow/.local/lib/python3.8/site-packages/airflow/example_dags/example_trigger_target_dag.py
[2024-05-13T15:40:38.583+0000] {logging_mixin.py:188} INFO - [2024-05-13T15:40:38.582+0000] {dag.py:3047} INFO - Sync 1 DAGs
[2024-05-13T15:40:38.594+0000] {logging_mixin.py:188} INFO - [2024-05-13T15:40:38.594+0000] {dag.py:3834} INFO - Setting next_dagrun for example_trigger_target_dag to None, run_after=None
[2024-05-13T15:40:38.611+0000] {processor.py:183} INFO - Processing /home/airflow/.local/lib/python3.8/site-packages/airflow/example_dags/example_trigger_target_dag.py took 0.056 seconds
[2024-05-13T15:41:08.719+0000] {processor.py:161} INFO - Started process (PID=3536) to work on /home/airflow/.local/lib/python3.8/site-packages/airflow/example_dags/example_trigger_target_dag.py
[2024-05-13T15:41:08.720+0000] {processor.py:830} INFO - Processing file /home/airflow/.local/lib/python3.8/site-packages/airflow/example_dags/example_trigger_target_dag.py for tasks to queue
[2024-05-13T15:41:08.722+0000] {logging_mixin.py:188} INFO - [2024-05-13T15:41:08.721+0000] {dagbag.py:540} INFO - Filling up the DagBag from /home/airflow/.local/lib/python3.8/site-packages/airflow/example_dags/example_trigger_target_dag.py
[2024-05-13T15:41:08.727+0000] {processor.py:840} INFO - DAG(s) 'example_trigger_target_dag' retrieved from /home/airflow/.local/lib/python3.8/site-packages/airflow/example_dags/example_trigger_target_dag.py
[2024-05-13T15:41:08.744+0000] {logging_mixin.py:188} INFO - [2024-05-13T15:41:08.744+0000] {dag.py:3047} INFO - Sync 1 DAGs
[2024-05-13T15:41:08.755+0000] {logging_mixin.py:188} INFO - [2024-05-13T15:41:08.755+0000] {dag.py:3834} INFO - Setting next_dagrun for example_trigger_target_dag to None, run_after=None
[2024-05-13T15:41:08.771+0000] {processor.py:183} INFO - Processing /home/airflow/.local/lib/python3.8/site-packages/airflow/example_dags/example_trigger_target_dag.py took 0.055 seconds
[2024-05-13T15:41:39.298+0000] {processor.py:161} INFO - Started process (PID=3604) to work on /home/airflow/.local/lib/python3.8/site-packages/airflow/example_dags/example_trigger_target_dag.py
[2024-05-13T15:41:39.299+0000] {processor.py:830} INFO - Processing file /home/airflow/.local/lib/python3.8/site-packages/airflow/example_dags/example_trigger_target_dag.py for tasks to queue
[2024-05-13T15:41:39.301+0000] {logging_mixin.py:188} INFO - [2024-05-13T15:41:39.301+0000] {dagbag.py:540} INFO - Filling up the DagBag from /home/airflow/.local/lib/python3.8/site-packages/airflow/example_dags/example_trigger_target_dag.py
[2024-05-13T15:41:39.306+0000] {processor.py:840} INFO - DAG(s) 'example_trigger_target_dag' retrieved from /home/airflow/.local/lib/python3.8/site-packages/airflow/example_dags/example_trigger_target_dag.py
[2024-05-13T15:41:39.324+0000] {logging_mixin.py:188} INFO - [2024-05-13T15:41:39.323+0000] {dag.py:3047} INFO - Sync 1 DAGs
[2024-05-13T15:41:39.452+0000] {logging_mixin.py:188} INFO - [2024-05-13T15:41:39.452+0000] {dag.py:3834} INFO - Setting next_dagrun for example_trigger_target_dag to None, run_after=None
[2024-05-13T15:41:39.471+0000] {processor.py:183} INFO - Processing /home/airflow/.local/lib/python3.8/site-packages/airflow/example_dags/example_trigger_target_dag.py took 0.175 seconds
[2024-05-13T15:42:10.175+0000] {processor.py:161} INFO - Started process (PID=3672) to work on /home/airflow/.local/lib/python3.8/site-packages/airflow/example_dags/example_trigger_target_dag.py
[2024-05-13T15:42:10.177+0000] {processor.py:830} INFO - Processing file /home/airflow/.local/lib/python3.8/site-packages/airflow/example_dags/example_trigger_target_dag.py for tasks to queue
[2024-05-13T15:42:10.179+0000] {logging_mixin.py:188} INFO - [2024-05-13T15:42:10.178+0000] {dagbag.py:540} INFO - Filling up the DagBag from /home/airflow/.local/lib/python3.8/site-packages/airflow/example_dags/example_trigger_target_dag.py
[2024-05-13T15:42:10.186+0000] {processor.py:840} INFO - DAG(s) 'example_trigger_target_dag' retrieved from /home/airflow/.local/lib/python3.8/site-packages/airflow/example_dags/example_trigger_target_dag.py
[2024-05-13T15:42:10.205+0000] {logging_mixin.py:188} INFO - [2024-05-13T15:42:10.205+0000] {dag.py:3047} INFO - Sync 1 DAGs
[2024-05-13T15:42:10.346+0000] {logging_mixin.py:188} INFO - [2024-05-13T15:42:10.345+0000] {dag.py:3834} INFO - Setting next_dagrun for example_trigger_target_dag to None, run_after=None
[2024-05-13T15:42:10.369+0000] {processor.py:183} INFO - Processing /home/airflow/.local/lib/python3.8/site-packages/airflow/example_dags/example_trigger_target_dag.py took 0.197 seconds
[2024-05-13T15:42:41.113+0000] {processor.py:161} INFO - Started process (PID=3740) to work on /home/airflow/.local/lib/python3.8/site-packages/airflow/example_dags/example_trigger_target_dag.py
[2024-05-13T15:42:41.114+0000] {processor.py:830} INFO - Processing file /home/airflow/.local/lib/python3.8/site-packages/airflow/example_dags/example_trigger_target_dag.py for tasks to queue
[2024-05-13T15:42:41.116+0000] {logging_mixin.py:188} INFO - [2024-05-13T15:42:41.116+0000] {dagbag.py:540} INFO - Filling up the DagBag from /home/airflow/.local/lib/python3.8/site-packages/airflow/example_dags/example_trigger_target_dag.py
[2024-05-13T15:42:41.122+0000] {processor.py:840} INFO - DAG(s) 'example_trigger_target_dag' retrieved from /home/airflow/.local/lib/python3.8/site-packages/airflow/example_dags/example_trigger_target_dag.py
[2024-05-13T15:42:41.141+0000] {logging_mixin.py:188} INFO - [2024-05-13T15:42:41.141+0000] {dag.py:3047} INFO - Sync 1 DAGs
[2024-05-13T15:42:41.155+0000] {logging_mixin.py:188} INFO - [2024-05-13T15:42:41.155+0000] {dag.py:3834} INFO - Setting next_dagrun for example_trigger_target_dag to None, run_after=None
[2024-05-13T15:42:41.178+0000] {processor.py:183} INFO - Processing /home/airflow/.local/lib/python3.8/site-packages/airflow/example_dags/example_trigger_target_dag.py took 0.067 seconds
[2024-05-13T15:43:11.229+0000] {processor.py:161} INFO - Started process (PID=3808) to work on /home/airflow/.local/lib/python3.8/site-packages/airflow/example_dags/example_trigger_target_dag.py
[2024-05-13T15:43:11.231+0000] {processor.py:830} INFO - Processing file /home/airflow/.local/lib/python3.8/site-packages/airflow/example_dags/example_trigger_target_dag.py for tasks to queue
[2024-05-13T15:43:11.233+0000] {logging_mixin.py:188} INFO - [2024-05-13T15:43:11.232+0000] {dagbag.py:540} INFO - Filling up the DagBag from /home/airflow/.local/lib/python3.8/site-packages/airflow/example_dags/example_trigger_target_dag.py
[2024-05-13T15:43:11.238+0000] {processor.py:840} INFO - DAG(s) 'example_trigger_target_dag' retrieved from /home/airflow/.local/lib/python3.8/site-packages/airflow/example_dags/example_trigger_target_dag.py
[2024-05-13T15:43:11.259+0000] {logging_mixin.py:188} INFO - [2024-05-13T15:43:11.259+0000] {dag.py:3047} INFO - Sync 1 DAGs
[2024-05-13T15:43:11.272+0000] {logging_mixin.py:188} INFO - [2024-05-13T15:43:11.272+0000] {dag.py:3834} INFO - Setting next_dagrun for example_trigger_target_dag to None, run_after=None
[2024-05-13T15:43:11.297+0000] {processor.py:183} INFO - Processing /home/airflow/.local/lib/python3.8/site-packages/airflow/example_dags/example_trigger_target_dag.py took 0.070 seconds
[2024-05-13T15:43:41.779+0000] {processor.py:161} INFO - Started process (PID=3876) to work on /home/airflow/.local/lib/python3.8/site-packages/airflow/example_dags/example_trigger_target_dag.py
[2024-05-13T15:43:41.781+0000] {processor.py:830} INFO - Processing file /home/airflow/.local/lib/python3.8/site-packages/airflow/example_dags/example_trigger_target_dag.py for tasks to queue
[2024-05-13T15:43:41.784+0000] {logging_mixin.py:188} INFO - [2024-05-13T15:43:41.783+0000] {dagbag.py:540} INFO - Filling up the DagBag from /home/airflow/.local/lib/python3.8/site-packages/airflow/example_dags/example_trigger_target_dag.py
[2024-05-13T15:43:41.790+0000] {processor.py:840} INFO - DAG(s) 'example_trigger_target_dag' retrieved from /home/airflow/.local/lib/python3.8/site-packages/airflow/example_dags/example_trigger_target_dag.py
[2024-05-13T15:43:41.807+0000] {logging_mixin.py:188} INFO - [2024-05-13T15:43:41.807+0000] {dag.py:3047} INFO - Sync 1 DAGs
[2024-05-13T15:43:41.821+0000] {logging_mixin.py:188} INFO - [2024-05-13T15:43:41.820+0000] {dag.py:3834} INFO - Setting next_dagrun for example_trigger_target_dag to None, run_after=None
[2024-05-13T15:43:41.842+0000] {processor.py:183} INFO - Processing /home/airflow/.local/lib/python3.8/site-packages/airflow/example_dags/example_trigger_target_dag.py took 0.065 seconds
[2024-05-13T15:44:12.185+0000] {processor.py:161} INFO - Started process (PID=3944) to work on /home/airflow/.local/lib/python3.8/site-packages/airflow/example_dags/example_trigger_target_dag.py
[2024-05-13T15:44:12.186+0000] {processor.py:830} INFO - Processing file /home/airflow/.local/lib/python3.8/site-packages/airflow/example_dags/example_trigger_target_dag.py for tasks to queue
[2024-05-13T15:44:12.188+0000] {logging_mixin.py:188} INFO - [2024-05-13T15:44:12.187+0000] {dagbag.py:540} INFO - Filling up the DagBag from /home/airflow/.local/lib/python3.8/site-packages/airflow/example_dags/example_trigger_target_dag.py
[2024-05-13T15:44:12.195+0000] {processor.py:840} INFO - DAG(s) 'example_trigger_target_dag' retrieved from /home/airflow/.local/lib/python3.8/site-packages/airflow/example_dags/example_trigger_target_dag.py
[2024-05-13T15:44:12.214+0000] {logging_mixin.py:188} INFO - [2024-05-13T15:44:12.214+0000] {dag.py:3047} INFO - Sync 1 DAGs
[2024-05-13T15:44:12.227+0000] {logging_mixin.py:188} INFO - [2024-05-13T15:44:12.227+0000] {dag.py:3834} INFO - Setting next_dagrun for example_trigger_target_dag to None, run_after=None
[2024-05-13T15:44:12.248+0000] {processor.py:183} INFO - Processing /home/airflow/.local/lib/python3.8/site-packages/airflow/example_dags/example_trigger_target_dag.py took 0.067 seconds
