[2024-05-13T15:15:16.747+0000] {processor.py:161} INFO - Started process (PID=82) to work on /home/airflow/.local/lib/python3.8/site-packages/airflow/example_dags/example_complex.py
[2024-05-13T15:15:16.748+0000] {processor.py:830} INFO - Processing file /home/airflow/.local/lib/python3.8/site-packages/airflow/example_dags/example_complex.py for tasks to queue
[2024-05-13T15:15:16.750+0000] {logging_mixin.py:188} INFO - [2024-05-13T15:15:16.749+0000] {dagbag.py:540} INFO - Filling up the DagBag from /home/airflow/.local/lib/python3.8/site-packages/airflow/example_dags/example_complex.py
[2024-05-13T15:15:16.763+0000] {processor.py:840} INFO - DAG(s) 'example_complex' retrieved from /home/airflow/.local/lib/python3.8/site-packages/airflow/example_dags/example_complex.py
[2024-05-13T15:15:16.907+0000] {logging_mixin.py:188} INFO - [2024-05-13T15:15:16.905+0000] {override.py:1769} INFO - Created Permission View: can delete on DAG:example_complex
[2024-05-13T15:15:16.918+0000] {logging_mixin.py:188} INFO - [2024-05-13T15:15:16.918+0000] {override.py:1769} INFO - Created Permission View: can edit on DAG:example_complex
[2024-05-13T15:15:16.927+0000] {logging_mixin.py:188} INFO - [2024-05-13T15:15:16.927+0000] {override.py:1769} INFO - Created Permission View: can read on DAG:example_complex
[2024-05-13T15:15:16.928+0000] {logging_mixin.py:188} INFO - [2024-05-13T15:15:16.928+0000] {dag.py:3047} INFO - Sync 1 DAGs
[2024-05-13T15:15:16.941+0000] {logging_mixin.py:188} INFO - [2024-05-13T15:15:16.940+0000] {dag.py:3069} INFO - Creating ORM DAG for example_complex
[2024-05-13T15:15:16.942+0000] {logging_mixin.py:188} INFO - [2024-05-13T15:15:16.941+0000] {dag.py:3834} INFO - Setting next_dagrun for example_complex to None, run_after=None
[2024-05-13T15:15:16.966+0000] {processor.py:183} INFO - Processing /home/airflow/.local/lib/python3.8/site-packages/airflow/example_dags/example_complex.py took 0.223 seconds
[2024-05-13T15:15:47.547+0000] {processor.py:161} INFO - Started process (PID=137) to work on /home/airflow/.local/lib/python3.8/site-packages/airflow/example_dags/example_complex.py
[2024-05-13T15:15:47.550+0000] {processor.py:830} INFO - Processing file /home/airflow/.local/lib/python3.8/site-packages/airflow/example_dags/example_complex.py for tasks to queue
[2024-05-13T15:15:47.556+0000] {logging_mixin.py:188} INFO - [2024-05-13T15:15:47.555+0000] {dagbag.py:540} INFO - Filling up the DagBag from /home/airflow/.local/lib/python3.8/site-packages/airflow/example_dags/example_complex.py
[2024-05-13T15:15:47.569+0000] {processor.py:840} INFO - DAG(s) 'example_complex' retrieved from /home/airflow/.local/lib/python3.8/site-packages/airflow/example_dags/example_complex.py
[2024-05-13T15:15:47.603+0000] {logging_mixin.py:188} INFO - [2024-05-13T15:15:47.603+0000] {dag.py:3047} INFO - Sync 1 DAGs
[2024-05-13T15:15:47.619+0000] {logging_mixin.py:188} INFO - [2024-05-13T15:15:47.619+0000] {dag.py:3834} INFO - Setting next_dagrun for example_complex to None, run_after=None
[2024-05-13T15:15:47.646+0000] {processor.py:183} INFO - Processing /home/airflow/.local/lib/python3.8/site-packages/airflow/example_dags/example_complex.py took 0.105 seconds
[2024-05-13T15:16:18.073+0000] {processor.py:161} INFO - Started process (PID=205) to work on /home/airflow/.local/lib/python3.8/site-packages/airflow/example_dags/example_complex.py
[2024-05-13T15:16:18.077+0000] {processor.py:830} INFO - Processing file /home/airflow/.local/lib/python3.8/site-packages/airflow/example_dags/example_complex.py for tasks to queue
[2024-05-13T15:16:18.079+0000] {logging_mixin.py:188} INFO - [2024-05-13T15:16:18.079+0000] {dagbag.py:540} INFO - Filling up the DagBag from /home/airflow/.local/lib/python3.8/site-packages/airflow/example_dags/example_complex.py
[2024-05-13T15:16:18.089+0000] {processor.py:840} INFO - DAG(s) 'example_complex' retrieved from /home/airflow/.local/lib/python3.8/site-packages/airflow/example_dags/example_complex.py
[2024-05-13T15:16:18.123+0000] {logging_mixin.py:188} INFO - [2024-05-13T15:16:18.122+0000] {dag.py:3047} INFO - Sync 1 DAGs
[2024-05-13T15:16:18.136+0000] {logging_mixin.py:188} INFO - [2024-05-13T15:16:18.136+0000] {dag.py:3834} INFO - Setting next_dagrun for example_complex to None, run_after=None
[2024-05-13T15:16:18.159+0000] {processor.py:183} INFO - Processing /home/airflow/.local/lib/python3.8/site-packages/airflow/example_dags/example_complex.py took 0.090 seconds
[2024-05-13T15:16:48.533+0000] {processor.py:161} INFO - Started process (PID=273) to work on /home/airflow/.local/lib/python3.8/site-packages/airflow/example_dags/example_complex.py
[2024-05-13T15:16:48.534+0000] {processor.py:830} INFO - Processing file /home/airflow/.local/lib/python3.8/site-packages/airflow/example_dags/example_complex.py for tasks to queue
[2024-05-13T15:16:48.535+0000] {logging_mixin.py:188} INFO - [2024-05-13T15:16:48.535+0000] {dagbag.py:540} INFO - Filling up the DagBag from /home/airflow/.local/lib/python3.8/site-packages/airflow/example_dags/example_complex.py
[2024-05-13T15:16:48.545+0000] {processor.py:840} INFO - DAG(s) 'example_complex' retrieved from /home/airflow/.local/lib/python3.8/site-packages/airflow/example_dags/example_complex.py
[2024-05-13T15:16:48.573+0000] {logging_mixin.py:188} INFO - [2024-05-13T15:16:48.573+0000] {dag.py:3047} INFO - Sync 1 DAGs
[2024-05-13T15:16:48.585+0000] {logging_mixin.py:188} INFO - [2024-05-13T15:16:48.584+0000] {dag.py:3834} INFO - Setting next_dagrun for example_complex to None, run_after=None
[2024-05-13T15:16:48.605+0000] {processor.py:183} INFO - Processing /home/airflow/.local/lib/python3.8/site-packages/airflow/example_dags/example_complex.py took 0.076 seconds
[2024-05-13T15:17:18.732+0000] {processor.py:161} INFO - Started process (PID=341) to work on /home/airflow/.local/lib/python3.8/site-packages/airflow/example_dags/example_complex.py
[2024-05-13T15:17:18.733+0000] {processor.py:830} INFO - Processing file /home/airflow/.local/lib/python3.8/site-packages/airflow/example_dags/example_complex.py for tasks to queue
[2024-05-13T15:17:18.735+0000] {logging_mixin.py:188} INFO - [2024-05-13T15:17:18.735+0000] {dagbag.py:540} INFO - Filling up the DagBag from /home/airflow/.local/lib/python3.8/site-packages/airflow/example_dags/example_complex.py
[2024-05-13T15:17:18.747+0000] {processor.py:840} INFO - DAG(s) 'example_complex' retrieved from /home/airflow/.local/lib/python3.8/site-packages/airflow/example_dags/example_complex.py
[2024-05-13T15:17:18.783+0000] {logging_mixin.py:188} INFO - [2024-05-13T15:17:18.782+0000] {dag.py:3047} INFO - Sync 1 DAGs
[2024-05-13T15:17:18.798+0000] {logging_mixin.py:188} INFO - [2024-05-13T15:17:18.798+0000] {dag.py:3834} INFO - Setting next_dagrun for example_complex to None, run_after=None
[2024-05-13T15:17:18.822+0000] {processor.py:183} INFO - Processing /home/airflow/.local/lib/python3.8/site-packages/airflow/example_dags/example_complex.py took 0.094 seconds
[2024-05-13T15:17:48.873+0000] {processor.py:161} INFO - Started process (PID=409) to work on /home/airflow/.local/lib/python3.8/site-packages/airflow/example_dags/example_complex.py
[2024-05-13T15:17:48.874+0000] {processor.py:830} INFO - Processing file /home/airflow/.local/lib/python3.8/site-packages/airflow/example_dags/example_complex.py for tasks to queue
[2024-05-13T15:17:48.876+0000] {logging_mixin.py:188} INFO - [2024-05-13T15:17:48.876+0000] {dagbag.py:540} INFO - Filling up the DagBag from /home/airflow/.local/lib/python3.8/site-packages/airflow/example_dags/example_complex.py
[2024-05-13T15:17:48.886+0000] {processor.py:840} INFO - DAG(s) 'example_complex' retrieved from /home/airflow/.local/lib/python3.8/site-packages/airflow/example_dags/example_complex.py
[2024-05-13T15:17:48.917+0000] {logging_mixin.py:188} INFO - [2024-05-13T15:17:48.916+0000] {dag.py:3047} INFO - Sync 1 DAGs
[2024-05-13T15:17:48.928+0000] {logging_mixin.py:188} INFO - [2024-05-13T15:17:48.928+0000] {dag.py:3834} INFO - Setting next_dagrun for example_complex to None, run_after=None
[2024-05-13T15:17:48.949+0000] {processor.py:183} INFO - Processing /home/airflow/.local/lib/python3.8/site-packages/airflow/example_dags/example_complex.py took 0.079 seconds
[2024-05-13T15:18:19.327+0000] {processor.py:161} INFO - Started process (PID=477) to work on /home/airflow/.local/lib/python3.8/site-packages/airflow/example_dags/example_complex.py
[2024-05-13T15:18:19.328+0000] {processor.py:830} INFO - Processing file /home/airflow/.local/lib/python3.8/site-packages/airflow/example_dags/example_complex.py for tasks to queue
[2024-05-13T15:18:19.330+0000] {logging_mixin.py:188} INFO - [2024-05-13T15:18:19.330+0000] {dagbag.py:540} INFO - Filling up the DagBag from /home/airflow/.local/lib/python3.8/site-packages/airflow/example_dags/example_complex.py
[2024-05-13T15:18:19.339+0000] {processor.py:840} INFO - DAG(s) 'example_complex' retrieved from /home/airflow/.local/lib/python3.8/site-packages/airflow/example_dags/example_complex.py
[2024-05-13T15:18:19.366+0000] {logging_mixin.py:188} INFO - [2024-05-13T15:18:19.366+0000] {dag.py:3047} INFO - Sync 1 DAGs
[2024-05-13T15:18:19.377+0000] {logging_mixin.py:188} INFO - [2024-05-13T15:18:19.377+0000] {dag.py:3834} INFO - Setting next_dagrun for example_complex to None, run_after=None
[2024-05-13T15:18:19.397+0000] {processor.py:183} INFO - Processing /home/airflow/.local/lib/python3.8/site-packages/airflow/example_dags/example_complex.py took 0.073 seconds
[2024-05-13T15:18:49.695+0000] {processor.py:161} INFO - Started process (PID=545) to work on /home/airflow/.local/lib/python3.8/site-packages/airflow/example_dags/example_complex.py
[2024-05-13T15:18:49.696+0000] {processor.py:830} INFO - Processing file /home/airflow/.local/lib/python3.8/site-packages/airflow/example_dags/example_complex.py for tasks to queue
[2024-05-13T15:18:49.698+0000] {logging_mixin.py:188} INFO - [2024-05-13T15:18:49.698+0000] {dagbag.py:540} INFO - Filling up the DagBag from /home/airflow/.local/lib/python3.8/site-packages/airflow/example_dags/example_complex.py
[2024-05-13T15:18:49.708+0000] {processor.py:840} INFO - DAG(s) 'example_complex' retrieved from /home/airflow/.local/lib/python3.8/site-packages/airflow/example_dags/example_complex.py
[2024-05-13T15:18:49.737+0000] {logging_mixin.py:188} INFO - [2024-05-13T15:18:49.737+0000] {dag.py:3047} INFO - Sync 1 DAGs
[2024-05-13T15:18:49.748+0000] {logging_mixin.py:188} INFO - [2024-05-13T15:18:49.747+0000] {dag.py:3834} INFO - Setting next_dagrun for example_complex to None, run_after=None
[2024-05-13T15:18:49.768+0000] {processor.py:183} INFO - Processing /home/airflow/.local/lib/python3.8/site-packages/airflow/example_dags/example_complex.py took 0.075 seconds
[2024-05-13T15:19:19.843+0000] {processor.py:161} INFO - Started process (PID=613) to work on /home/airflow/.local/lib/python3.8/site-packages/airflow/example_dags/example_complex.py
[2024-05-13T15:19:19.844+0000] {processor.py:830} INFO - Processing file /home/airflow/.local/lib/python3.8/site-packages/airflow/example_dags/example_complex.py for tasks to queue
[2024-05-13T15:19:19.845+0000] {logging_mixin.py:188} INFO - [2024-05-13T15:19:19.845+0000] {dagbag.py:540} INFO - Filling up the DagBag from /home/airflow/.local/lib/python3.8/site-packages/airflow/example_dags/example_complex.py
[2024-05-13T15:19:19.854+0000] {processor.py:840} INFO - DAG(s) 'example_complex' retrieved from /home/airflow/.local/lib/python3.8/site-packages/airflow/example_dags/example_complex.py
[2024-05-13T15:19:19.884+0000] {logging_mixin.py:188} INFO - [2024-05-13T15:19:19.883+0000] {dag.py:3047} INFO - Sync 1 DAGs
[2024-05-13T15:19:19.895+0000] {logging_mixin.py:188} INFO - [2024-05-13T15:19:19.895+0000] {dag.py:3834} INFO - Setting next_dagrun for example_complex to None, run_after=None
[2024-05-13T15:19:19.914+0000] {processor.py:183} INFO - Processing /home/airflow/.local/lib/python3.8/site-packages/airflow/example_dags/example_complex.py took 0.074 seconds
[2024-05-13T15:19:50.001+0000] {processor.py:161} INFO - Started process (PID=681) to work on /home/airflow/.local/lib/python3.8/site-packages/airflow/example_dags/example_complex.py
[2024-05-13T15:19:50.002+0000] {processor.py:830} INFO - Processing file /home/airflow/.local/lib/python3.8/site-packages/airflow/example_dags/example_complex.py for tasks to queue
[2024-05-13T15:19:50.003+0000] {logging_mixin.py:188} INFO - [2024-05-13T15:19:50.003+0000] {dagbag.py:540} INFO - Filling up the DagBag from /home/airflow/.local/lib/python3.8/site-packages/airflow/example_dags/example_complex.py
[2024-05-13T15:19:50.012+0000] {processor.py:840} INFO - DAG(s) 'example_complex' retrieved from /home/airflow/.local/lib/python3.8/site-packages/airflow/example_dags/example_complex.py
[2024-05-13T15:19:50.042+0000] {logging_mixin.py:188} INFO - [2024-05-13T15:19:50.041+0000] {dag.py:3047} INFO - Sync 1 DAGs
[2024-05-13T15:19:50.054+0000] {logging_mixin.py:188} INFO - [2024-05-13T15:19:50.053+0000] {dag.py:3834} INFO - Setting next_dagrun for example_complex to None, run_after=None
[2024-05-13T15:19:50.071+0000] {processor.py:183} INFO - Processing /home/airflow/.local/lib/python3.8/site-packages/airflow/example_dags/example_complex.py took 0.073 seconds
[2024-05-13T15:20:20.274+0000] {processor.py:161} INFO - Started process (PID=749) to work on /home/airflow/.local/lib/python3.8/site-packages/airflow/example_dags/example_complex.py
[2024-05-13T15:20:20.275+0000] {processor.py:830} INFO - Processing file /home/airflow/.local/lib/python3.8/site-packages/airflow/example_dags/example_complex.py for tasks to queue
[2024-05-13T15:20:20.278+0000] {logging_mixin.py:188} INFO - [2024-05-13T15:20:20.277+0000] {dagbag.py:540} INFO - Filling up the DagBag from /home/airflow/.local/lib/python3.8/site-packages/airflow/example_dags/example_complex.py
[2024-05-13T15:20:20.290+0000] {processor.py:840} INFO - DAG(s) 'example_complex' retrieved from /home/airflow/.local/lib/python3.8/site-packages/airflow/example_dags/example_complex.py
[2024-05-13T15:20:20.323+0000] {logging_mixin.py:188} INFO - [2024-05-13T15:20:20.322+0000] {dag.py:3047} INFO - Sync 1 DAGs
[2024-05-13T15:20:20.337+0000] {logging_mixin.py:188} INFO - [2024-05-13T15:20:20.337+0000] {dag.py:3834} INFO - Setting next_dagrun for example_complex to None, run_after=None
[2024-05-13T15:20:20.361+0000] {processor.py:183} INFO - Processing /home/airflow/.local/lib/python3.8/site-packages/airflow/example_dags/example_complex.py took 0.091 seconds
[2024-05-13T15:20:50.808+0000] {processor.py:161} INFO - Started process (PID=821) to work on /home/airflow/.local/lib/python3.8/site-packages/airflow/example_dags/example_complex.py
[2024-05-13T15:20:50.809+0000] {processor.py:830} INFO - Processing file /home/airflow/.local/lib/python3.8/site-packages/airflow/example_dags/example_complex.py for tasks to queue
[2024-05-13T15:20:50.811+0000] {logging_mixin.py:188} INFO - [2024-05-13T15:20:50.810+0000] {dagbag.py:540} INFO - Filling up the DagBag from /home/airflow/.local/lib/python3.8/site-packages/airflow/example_dags/example_complex.py
[2024-05-13T15:20:50.820+0000] {processor.py:840} INFO - DAG(s) 'example_complex' retrieved from /home/airflow/.local/lib/python3.8/site-packages/airflow/example_dags/example_complex.py
[2024-05-13T15:20:50.850+0000] {logging_mixin.py:188} INFO - [2024-05-13T15:20:50.850+0000] {dag.py:3047} INFO - Sync 1 DAGs
[2024-05-13T15:20:50.861+0000] {logging_mixin.py:188} INFO - [2024-05-13T15:20:50.861+0000] {dag.py:3834} INFO - Setting next_dagrun for example_complex to None, run_after=None
[2024-05-13T15:20:50.887+0000] {processor.py:183} INFO - Processing /home/airflow/.local/lib/python3.8/site-packages/airflow/example_dags/example_complex.py took 0.084 seconds
[2024-05-13T15:21:20.957+0000] {processor.py:161} INFO - Started process (PID=889) to work on /home/airflow/.local/lib/python3.8/site-packages/airflow/example_dags/example_complex.py
[2024-05-13T15:21:20.959+0000] {processor.py:830} INFO - Processing file /home/airflow/.local/lib/python3.8/site-packages/airflow/example_dags/example_complex.py for tasks to queue
[2024-05-13T15:21:20.961+0000] {logging_mixin.py:188} INFO - [2024-05-13T15:21:20.961+0000] {dagbag.py:540} INFO - Filling up the DagBag from /home/airflow/.local/lib/python3.8/site-packages/airflow/example_dags/example_complex.py
[2024-05-13T15:21:20.974+0000] {processor.py:840} INFO - DAG(s) 'example_complex' retrieved from /home/airflow/.local/lib/python3.8/site-packages/airflow/example_dags/example_complex.py
[2024-05-13T15:21:21.005+0000] {logging_mixin.py:188} INFO - [2024-05-13T15:21:21.005+0000] {dag.py:3047} INFO - Sync 1 DAGs
[2024-05-13T15:21:21.016+0000] {logging_mixin.py:188} INFO - [2024-05-13T15:21:21.016+0000] {dag.py:3834} INFO - Setting next_dagrun for example_complex to None, run_after=None
[2024-05-13T15:21:21.036+0000] {processor.py:183} INFO - Processing /home/airflow/.local/lib/python3.8/site-packages/airflow/example_dags/example_complex.py took 0.083 seconds
[2024-05-13T15:21:51.095+0000] {processor.py:161} INFO - Started process (PID=957) to work on /home/airflow/.local/lib/python3.8/site-packages/airflow/example_dags/example_complex.py
[2024-05-13T15:21:51.096+0000] {processor.py:830} INFO - Processing file /home/airflow/.local/lib/python3.8/site-packages/airflow/example_dags/example_complex.py for tasks to queue
[2024-05-13T15:21:51.098+0000] {logging_mixin.py:188} INFO - [2024-05-13T15:21:51.097+0000] {dagbag.py:540} INFO - Filling up the DagBag from /home/airflow/.local/lib/python3.8/site-packages/airflow/example_dags/example_complex.py
[2024-05-13T15:21:51.109+0000] {processor.py:840} INFO - DAG(s) 'example_complex' retrieved from /home/airflow/.local/lib/python3.8/site-packages/airflow/example_dags/example_complex.py
[2024-05-13T15:21:51.146+0000] {logging_mixin.py:188} INFO - [2024-05-13T15:21:51.146+0000] {dag.py:3047} INFO - Sync 1 DAGs
[2024-05-13T15:21:51.165+0000] {logging_mixin.py:188} INFO - [2024-05-13T15:21:51.165+0000] {dag.py:3834} INFO - Setting next_dagrun for example_complex to None, run_after=None
[2024-05-13T15:21:51.194+0000] {processor.py:183} INFO - Processing /home/airflow/.local/lib/python3.8/site-packages/airflow/example_dags/example_complex.py took 0.102 seconds
[2024-05-13T15:22:22.061+0000] {processor.py:161} INFO - Started process (PID=1025) to work on /home/airflow/.local/lib/python3.8/site-packages/airflow/example_dags/example_complex.py
[2024-05-13T15:22:22.062+0000] {processor.py:830} INFO - Processing file /home/airflow/.local/lib/python3.8/site-packages/airflow/example_dags/example_complex.py for tasks to queue
[2024-05-13T15:22:22.064+0000] {logging_mixin.py:188} INFO - [2024-05-13T15:22:22.064+0000] {dagbag.py:540} INFO - Filling up the DagBag from /home/airflow/.local/lib/python3.8/site-packages/airflow/example_dags/example_complex.py
[2024-05-13T15:22:22.077+0000] {processor.py:840} INFO - DAG(s) 'example_complex' retrieved from /home/airflow/.local/lib/python3.8/site-packages/airflow/example_dags/example_complex.py
[2024-05-13T15:22:22.116+0000] {logging_mixin.py:188} INFO - [2024-05-13T15:22:22.115+0000] {dag.py:3047} INFO - Sync 1 DAGs
[2024-05-13T15:22:22.130+0000] {logging_mixin.py:188} INFO - [2024-05-13T15:22:22.130+0000] {dag.py:3834} INFO - Setting next_dagrun for example_complex to None, run_after=None
[2024-05-13T15:22:22.155+0000] {processor.py:183} INFO - Processing /home/airflow/.local/lib/python3.8/site-packages/airflow/example_dags/example_complex.py took 0.098 seconds
[2024-05-13T15:22:52.291+0000] {processor.py:161} INFO - Started process (PID=1094) to work on /home/airflow/.local/lib/python3.8/site-packages/airflow/example_dags/example_complex.py
[2024-05-13T15:22:52.292+0000] {processor.py:830} INFO - Processing file /home/airflow/.local/lib/python3.8/site-packages/airflow/example_dags/example_complex.py for tasks to queue
[2024-05-13T15:22:52.294+0000] {logging_mixin.py:188} INFO - [2024-05-13T15:22:52.294+0000] {dagbag.py:540} INFO - Filling up the DagBag from /home/airflow/.local/lib/python3.8/site-packages/airflow/example_dags/example_complex.py
[2024-05-13T15:22:52.306+0000] {processor.py:840} INFO - DAG(s) 'example_complex' retrieved from /home/airflow/.local/lib/python3.8/site-packages/airflow/example_dags/example_complex.py
[2024-05-13T15:22:52.342+0000] {logging_mixin.py:188} INFO - [2024-05-13T15:22:52.342+0000] {dag.py:3047} INFO - Sync 1 DAGs
[2024-05-13T15:22:52.358+0000] {logging_mixin.py:188} INFO - [2024-05-13T15:22:52.358+0000] {dag.py:3834} INFO - Setting next_dagrun for example_complex to None, run_after=None
[2024-05-13T15:22:52.398+0000] {processor.py:183} INFO - Processing /home/airflow/.local/lib/python3.8/site-packages/airflow/example_dags/example_complex.py took 0.110 seconds
[2024-05-13T15:23:22.664+0000] {processor.py:161} INFO - Started process (PID=1162) to work on /home/airflow/.local/lib/python3.8/site-packages/airflow/example_dags/example_complex.py
[2024-05-13T15:23:22.665+0000] {processor.py:830} INFO - Processing file /home/airflow/.local/lib/python3.8/site-packages/airflow/example_dags/example_complex.py for tasks to queue
[2024-05-13T15:23:22.667+0000] {logging_mixin.py:188} INFO - [2024-05-13T15:23:22.666+0000] {dagbag.py:540} INFO - Filling up the DagBag from /home/airflow/.local/lib/python3.8/site-packages/airflow/example_dags/example_complex.py
[2024-05-13T15:23:22.676+0000] {processor.py:840} INFO - DAG(s) 'example_complex' retrieved from /home/airflow/.local/lib/python3.8/site-packages/airflow/example_dags/example_complex.py
[2024-05-13T15:23:22.707+0000] {logging_mixin.py:188} INFO - [2024-05-13T15:23:22.706+0000] {dag.py:3047} INFO - Sync 1 DAGs
[2024-05-13T15:23:22.719+0000] {logging_mixin.py:188} INFO - [2024-05-13T15:23:22.719+0000] {dag.py:3834} INFO - Setting next_dagrun for example_complex to None, run_after=None
[2024-05-13T15:23:22.741+0000] {processor.py:183} INFO - Processing /home/airflow/.local/lib/python3.8/site-packages/airflow/example_dags/example_complex.py took 0.081 seconds
[2024-05-13T15:23:52.916+0000] {processor.py:161} INFO - Started process (PID=1230) to work on /home/airflow/.local/lib/python3.8/site-packages/airflow/example_dags/example_complex.py
[2024-05-13T15:23:52.917+0000] {processor.py:830} INFO - Processing file /home/airflow/.local/lib/python3.8/site-packages/airflow/example_dags/example_complex.py for tasks to queue
[2024-05-13T15:23:52.919+0000] {logging_mixin.py:188} INFO - [2024-05-13T15:23:52.918+0000] {dagbag.py:540} INFO - Filling up the DagBag from /home/airflow/.local/lib/python3.8/site-packages/airflow/example_dags/example_complex.py
[2024-05-13T15:23:52.928+0000] {processor.py:840} INFO - DAG(s) 'example_complex' retrieved from /home/airflow/.local/lib/python3.8/site-packages/airflow/example_dags/example_complex.py
[2024-05-13T15:23:52.958+0000] {logging_mixin.py:188} INFO - [2024-05-13T15:23:52.957+0000] {dag.py:3047} INFO - Sync 1 DAGs
[2024-05-13T15:23:52.970+0000] {logging_mixin.py:188} INFO - [2024-05-13T15:23:52.970+0000] {dag.py:3834} INFO - Setting next_dagrun for example_complex to None, run_after=None
[2024-05-13T15:23:52.988+0000] {processor.py:183} INFO - Processing /home/airflow/.local/lib/python3.8/site-packages/airflow/example_dags/example_complex.py took 0.075 seconds
[2024-05-13T15:24:23.134+0000] {processor.py:161} INFO - Started process (PID=1298) to work on /home/airflow/.local/lib/python3.8/site-packages/airflow/example_dags/example_complex.py
[2024-05-13T15:24:23.135+0000] {processor.py:830} INFO - Processing file /home/airflow/.local/lib/python3.8/site-packages/airflow/example_dags/example_complex.py for tasks to queue
[2024-05-13T15:24:23.137+0000] {logging_mixin.py:188} INFO - [2024-05-13T15:24:23.137+0000] {dagbag.py:540} INFO - Filling up the DagBag from /home/airflow/.local/lib/python3.8/site-packages/airflow/example_dags/example_complex.py
[2024-05-13T15:24:23.147+0000] {processor.py:840} INFO - DAG(s) 'example_complex' retrieved from /home/airflow/.local/lib/python3.8/site-packages/airflow/example_dags/example_complex.py
[2024-05-13T15:24:23.185+0000] {logging_mixin.py:188} INFO - [2024-05-13T15:24:23.184+0000] {dag.py:3047} INFO - Sync 1 DAGs
[2024-05-13T15:24:23.202+0000] {logging_mixin.py:188} INFO - [2024-05-13T15:24:23.201+0000] {dag.py:3834} INFO - Setting next_dagrun for example_complex to None, run_after=None
[2024-05-13T15:24:23.227+0000] {processor.py:183} INFO - Processing /home/airflow/.local/lib/python3.8/site-packages/airflow/example_dags/example_complex.py took 0.096 seconds
[2024-05-13T15:24:53.278+0000] {processor.py:161} INFO - Started process (PID=1366) to work on /home/airflow/.local/lib/python3.8/site-packages/airflow/example_dags/example_complex.py
[2024-05-13T15:24:53.279+0000] {processor.py:830} INFO - Processing file /home/airflow/.local/lib/python3.8/site-packages/airflow/example_dags/example_complex.py for tasks to queue
[2024-05-13T15:24:53.281+0000] {logging_mixin.py:188} INFO - [2024-05-13T15:24:53.281+0000] {dagbag.py:540} INFO - Filling up the DagBag from /home/airflow/.local/lib/python3.8/site-packages/airflow/example_dags/example_complex.py
[2024-05-13T15:24:53.291+0000] {processor.py:840} INFO - DAG(s) 'example_complex' retrieved from /home/airflow/.local/lib/python3.8/site-packages/airflow/example_dags/example_complex.py
[2024-05-13T15:24:53.318+0000] {logging_mixin.py:188} INFO - [2024-05-13T15:24:53.318+0000] {dag.py:3047} INFO - Sync 1 DAGs
[2024-05-13T15:24:53.329+0000] {logging_mixin.py:188} INFO - [2024-05-13T15:24:53.328+0000] {dag.py:3834} INFO - Setting next_dagrun for example_complex to None, run_after=None
[2024-05-13T15:24:53.350+0000] {processor.py:183} INFO - Processing /home/airflow/.local/lib/python3.8/site-packages/airflow/example_dags/example_complex.py took 0.074 seconds
[2024-05-13T15:25:23.513+0000] {processor.py:161} INFO - Started process (PID=1435) to work on /home/airflow/.local/lib/python3.8/site-packages/airflow/example_dags/example_complex.py
[2024-05-13T15:25:23.514+0000] {processor.py:830} INFO - Processing file /home/airflow/.local/lib/python3.8/site-packages/airflow/example_dags/example_complex.py for tasks to queue
[2024-05-13T15:25:23.515+0000] {logging_mixin.py:188} INFO - [2024-05-13T15:25:23.515+0000] {dagbag.py:540} INFO - Filling up the DagBag from /home/airflow/.local/lib/python3.8/site-packages/airflow/example_dags/example_complex.py
[2024-05-13T15:25:23.525+0000] {processor.py:840} INFO - DAG(s) 'example_complex' retrieved from /home/airflow/.local/lib/python3.8/site-packages/airflow/example_dags/example_complex.py
[2024-05-13T15:25:23.555+0000] {logging_mixin.py:188} INFO - [2024-05-13T15:25:23.554+0000] {dag.py:3047} INFO - Sync 1 DAGs
[2024-05-13T15:25:23.568+0000] {logging_mixin.py:188} INFO - [2024-05-13T15:25:23.568+0000] {dag.py:3834} INFO - Setting next_dagrun for example_complex to None, run_after=None
[2024-05-13T15:25:23.593+0000] {processor.py:183} INFO - Processing /home/airflow/.local/lib/python3.8/site-packages/airflow/example_dags/example_complex.py took 0.083 seconds
[2024-05-13T15:25:54.175+0000] {processor.py:161} INFO - Started process (PID=1503) to work on /home/airflow/.local/lib/python3.8/site-packages/airflow/example_dags/example_complex.py
[2024-05-13T15:25:54.176+0000] {processor.py:830} INFO - Processing file /home/airflow/.local/lib/python3.8/site-packages/airflow/example_dags/example_complex.py for tasks to queue
[2024-05-13T15:25:54.177+0000] {logging_mixin.py:188} INFO - [2024-05-13T15:25:54.177+0000] {dagbag.py:540} INFO - Filling up the DagBag from /home/airflow/.local/lib/python3.8/site-packages/airflow/example_dags/example_complex.py
[2024-05-13T15:25:54.187+0000] {processor.py:840} INFO - DAG(s) 'example_complex' retrieved from /home/airflow/.local/lib/python3.8/site-packages/airflow/example_dags/example_complex.py
[2024-05-13T15:25:54.215+0000] {logging_mixin.py:188} INFO - [2024-05-13T15:25:54.214+0000] {dag.py:3047} INFO - Sync 1 DAGs
[2024-05-13T15:25:54.225+0000] {logging_mixin.py:188} INFO - [2024-05-13T15:25:54.225+0000] {dag.py:3834} INFO - Setting next_dagrun for example_complex to None, run_after=None
[2024-05-13T15:25:54.245+0000] {processor.py:183} INFO - Processing /home/airflow/.local/lib/python3.8/site-packages/airflow/example_dags/example_complex.py took 0.073 seconds
[2024-05-13T15:26:24.374+0000] {processor.py:161} INFO - Started process (PID=1571) to work on /home/airflow/.local/lib/python3.8/site-packages/airflow/example_dags/example_complex.py
[2024-05-13T15:26:24.375+0000] {processor.py:830} INFO - Processing file /home/airflow/.local/lib/python3.8/site-packages/airflow/example_dags/example_complex.py for tasks to queue
[2024-05-13T15:26:24.376+0000] {logging_mixin.py:188} INFO - [2024-05-13T15:26:24.376+0000] {dagbag.py:540} INFO - Filling up the DagBag from /home/airflow/.local/lib/python3.8/site-packages/airflow/example_dags/example_complex.py
[2024-05-13T15:26:24.386+0000] {processor.py:840} INFO - DAG(s) 'example_complex' retrieved from /home/airflow/.local/lib/python3.8/site-packages/airflow/example_dags/example_complex.py
[2024-05-13T15:26:24.412+0000] {logging_mixin.py:188} INFO - [2024-05-13T15:26:24.412+0000] {dag.py:3047} INFO - Sync 1 DAGs
[2024-05-13T15:26:24.422+0000] {logging_mixin.py:188} INFO - [2024-05-13T15:26:24.422+0000] {dag.py:3834} INFO - Setting next_dagrun for example_complex to None, run_after=None
[2024-05-13T15:26:24.441+0000] {processor.py:183} INFO - Processing /home/airflow/.local/lib/python3.8/site-packages/airflow/example_dags/example_complex.py took 0.069 seconds
[2024-05-13T15:26:54.853+0000] {processor.py:161} INFO - Started process (PID=1639) to work on /home/airflow/.local/lib/python3.8/site-packages/airflow/example_dags/example_complex.py
[2024-05-13T15:26:54.854+0000] {processor.py:830} INFO - Processing file /home/airflow/.local/lib/python3.8/site-packages/airflow/example_dags/example_complex.py for tasks to queue
[2024-05-13T15:26:54.855+0000] {logging_mixin.py:188} INFO - [2024-05-13T15:26:54.855+0000] {dagbag.py:540} INFO - Filling up the DagBag from /home/airflow/.local/lib/python3.8/site-packages/airflow/example_dags/example_complex.py
[2024-05-13T15:26:54.864+0000] {processor.py:840} INFO - DAG(s) 'example_complex' retrieved from /home/airflow/.local/lib/python3.8/site-packages/airflow/example_dags/example_complex.py
[2024-05-13T15:26:54.894+0000] {logging_mixin.py:188} INFO - [2024-05-13T15:26:54.894+0000] {dag.py:3047} INFO - Sync 1 DAGs
[2024-05-13T15:26:54.904+0000] {logging_mixin.py:188} INFO - [2024-05-13T15:26:54.904+0000] {dag.py:3834} INFO - Setting next_dagrun for example_complex to None, run_after=None
[2024-05-13T15:26:54.925+0000] {processor.py:183} INFO - Processing /home/airflow/.local/lib/python3.8/site-packages/airflow/example_dags/example_complex.py took 0.075 seconds
[2024-05-13T15:27:25.037+0000] {processor.py:161} INFO - Started process (PID=1707) to work on /home/airflow/.local/lib/python3.8/site-packages/airflow/example_dags/example_complex.py
[2024-05-13T15:27:25.038+0000] {processor.py:830} INFO - Processing file /home/airflow/.local/lib/python3.8/site-packages/airflow/example_dags/example_complex.py for tasks to queue
[2024-05-13T15:27:25.040+0000] {logging_mixin.py:188} INFO - [2024-05-13T15:27:25.039+0000] {dagbag.py:540} INFO - Filling up the DagBag from /home/airflow/.local/lib/python3.8/site-packages/airflow/example_dags/example_complex.py
[2024-05-13T15:27:25.050+0000] {processor.py:840} INFO - DAG(s) 'example_complex' retrieved from /home/airflow/.local/lib/python3.8/site-packages/airflow/example_dags/example_complex.py
[2024-05-13T15:27:25.078+0000] {logging_mixin.py:188} INFO - [2024-05-13T15:27:25.078+0000] {dag.py:3047} INFO - Sync 1 DAGs
[2024-05-13T15:27:25.093+0000] {logging_mixin.py:188} INFO - [2024-05-13T15:27:25.092+0000] {dag.py:3834} INFO - Setting next_dagrun for example_complex to None, run_after=None
[2024-05-13T15:27:25.113+0000] {processor.py:183} INFO - Processing /home/airflow/.local/lib/python3.8/site-packages/airflow/example_dags/example_complex.py took 0.079 seconds
[2024-05-13T15:27:55.477+0000] {processor.py:161} INFO - Started process (PID=1775) to work on /home/airflow/.local/lib/python3.8/site-packages/airflow/example_dags/example_complex.py
[2024-05-13T15:27:55.478+0000] {processor.py:830} INFO - Processing file /home/airflow/.local/lib/python3.8/site-packages/airflow/example_dags/example_complex.py for tasks to queue
[2024-05-13T15:27:55.479+0000] {logging_mixin.py:188} INFO - [2024-05-13T15:27:55.479+0000] {dagbag.py:540} INFO - Filling up the DagBag from /home/airflow/.local/lib/python3.8/site-packages/airflow/example_dags/example_complex.py
[2024-05-13T15:27:55.489+0000] {processor.py:840} INFO - DAG(s) 'example_complex' retrieved from /home/airflow/.local/lib/python3.8/site-packages/airflow/example_dags/example_complex.py
[2024-05-13T15:27:55.521+0000] {logging_mixin.py:188} INFO - [2024-05-13T15:27:55.521+0000] {dag.py:3047} INFO - Sync 1 DAGs
[2024-05-13T15:27:55.535+0000] {logging_mixin.py:188} INFO - [2024-05-13T15:27:55.535+0000] {dag.py:3834} INFO - Setting next_dagrun for example_complex to None, run_after=None
[2024-05-13T15:27:55.555+0000] {processor.py:183} INFO - Processing /home/airflow/.local/lib/python3.8/site-packages/airflow/example_dags/example_complex.py took 0.081 seconds
[2024-05-13T15:28:25.675+0000] {processor.py:161} INFO - Started process (PID=1843) to work on /home/airflow/.local/lib/python3.8/site-packages/airflow/example_dags/example_complex.py
[2024-05-13T15:28:25.676+0000] {processor.py:830} INFO - Processing file /home/airflow/.local/lib/python3.8/site-packages/airflow/example_dags/example_complex.py for tasks to queue
[2024-05-13T15:28:25.679+0000] {logging_mixin.py:188} INFO - [2024-05-13T15:28:25.678+0000] {dagbag.py:540} INFO - Filling up the DagBag from /home/airflow/.local/lib/python3.8/site-packages/airflow/example_dags/example_complex.py
[2024-05-13T15:28:25.688+0000] {processor.py:840} INFO - DAG(s) 'example_complex' retrieved from /home/airflow/.local/lib/python3.8/site-packages/airflow/example_dags/example_complex.py
[2024-05-13T15:28:25.719+0000] {logging_mixin.py:188} INFO - [2024-05-13T15:28:25.719+0000] {dag.py:3047} INFO - Sync 1 DAGs
[2024-05-13T15:28:25.730+0000] {logging_mixin.py:188} INFO - [2024-05-13T15:28:25.730+0000] {dag.py:3834} INFO - Setting next_dagrun for example_complex to None, run_after=None
[2024-05-13T15:28:25.749+0000] {processor.py:183} INFO - Processing /home/airflow/.local/lib/python3.8/site-packages/airflow/example_dags/example_complex.py took 0.077 seconds
[2024-05-13T15:28:55.950+0000] {processor.py:161} INFO - Started process (PID=1911) to work on /home/airflow/.local/lib/python3.8/site-packages/airflow/example_dags/example_complex.py
[2024-05-13T15:28:55.951+0000] {processor.py:830} INFO - Processing file /home/airflow/.local/lib/python3.8/site-packages/airflow/example_dags/example_complex.py for tasks to queue
[2024-05-13T15:28:55.953+0000] {logging_mixin.py:188} INFO - [2024-05-13T15:28:55.952+0000] {dagbag.py:540} INFO - Filling up the DagBag from /home/airflow/.local/lib/python3.8/site-packages/airflow/example_dags/example_complex.py
[2024-05-13T15:28:55.964+0000] {processor.py:840} INFO - DAG(s) 'example_complex' retrieved from /home/airflow/.local/lib/python3.8/site-packages/airflow/example_dags/example_complex.py
[2024-05-13T15:28:55.990+0000] {logging_mixin.py:188} INFO - [2024-05-13T15:28:55.990+0000] {dag.py:3047} INFO - Sync 1 DAGs
[2024-05-13T15:28:56.001+0000] {logging_mixin.py:188} INFO - [2024-05-13T15:28:56.001+0000] {dag.py:3834} INFO - Setting next_dagrun for example_complex to None, run_after=None
[2024-05-13T15:28:56.018+0000] {processor.py:183} INFO - Processing /home/airflow/.local/lib/python3.8/site-packages/airflow/example_dags/example_complex.py took 0.070 seconds
[2024-05-13T15:29:26.373+0000] {processor.py:161} INFO - Started process (PID=1979) to work on /home/airflow/.local/lib/python3.8/site-packages/airflow/example_dags/example_complex.py
[2024-05-13T15:29:26.374+0000] {processor.py:830} INFO - Processing file /home/airflow/.local/lib/python3.8/site-packages/airflow/example_dags/example_complex.py for tasks to queue
[2024-05-13T15:29:26.375+0000] {logging_mixin.py:188} INFO - [2024-05-13T15:29:26.375+0000] {dagbag.py:540} INFO - Filling up the DagBag from /home/airflow/.local/lib/python3.8/site-packages/airflow/example_dags/example_complex.py
[2024-05-13T15:29:26.388+0000] {processor.py:840} INFO - DAG(s) 'example_complex' retrieved from /home/airflow/.local/lib/python3.8/site-packages/airflow/example_dags/example_complex.py
[2024-05-13T15:29:26.418+0000] {logging_mixin.py:188} INFO - [2024-05-13T15:29:26.417+0000] {dag.py:3047} INFO - Sync 1 DAGs
[2024-05-13T15:29:26.431+0000] {logging_mixin.py:188} INFO - [2024-05-13T15:29:26.431+0000] {dag.py:3834} INFO - Setting next_dagrun for example_complex to None, run_after=None
[2024-05-13T15:29:26.455+0000] {processor.py:183} INFO - Processing /home/airflow/.local/lib/python3.8/site-packages/airflow/example_dags/example_complex.py took 0.085 seconds
[2024-05-13T15:29:57.219+0000] {processor.py:161} INFO - Started process (PID=2047) to work on /home/airflow/.local/lib/python3.8/site-packages/airflow/example_dags/example_complex.py
[2024-05-13T15:29:57.221+0000] {processor.py:830} INFO - Processing file /home/airflow/.local/lib/python3.8/site-packages/airflow/example_dags/example_complex.py for tasks to queue
[2024-05-13T15:29:57.222+0000] {logging_mixin.py:188} INFO - [2024-05-13T15:29:57.222+0000] {dagbag.py:540} INFO - Filling up the DagBag from /home/airflow/.local/lib/python3.8/site-packages/airflow/example_dags/example_complex.py
[2024-05-13T15:29:57.235+0000] {processor.py:840} INFO - DAG(s) 'example_complex' retrieved from /home/airflow/.local/lib/python3.8/site-packages/airflow/example_dags/example_complex.py
[2024-05-13T15:29:57.265+0000] {logging_mixin.py:188} INFO - [2024-05-13T15:29:57.265+0000] {dag.py:3047} INFO - Sync 1 DAGs
[2024-05-13T15:29:57.279+0000] {logging_mixin.py:188} INFO - [2024-05-13T15:29:57.279+0000] {dag.py:3834} INFO - Setting next_dagrun for example_complex to None, run_after=None
[2024-05-13T15:29:57.304+0000] {processor.py:183} INFO - Processing /home/airflow/.local/lib/python3.8/site-packages/airflow/example_dags/example_complex.py took 0.088 seconds
[2024-05-13T15:30:27.391+0000] {processor.py:161} INFO - Started process (PID=2115) to work on /home/airflow/.local/lib/python3.8/site-packages/airflow/example_dags/example_complex.py
[2024-05-13T15:30:27.392+0000] {processor.py:830} INFO - Processing file /home/airflow/.local/lib/python3.8/site-packages/airflow/example_dags/example_complex.py for tasks to queue
[2024-05-13T15:30:27.394+0000] {logging_mixin.py:188} INFO - [2024-05-13T15:30:27.393+0000] {dagbag.py:540} INFO - Filling up the DagBag from /home/airflow/.local/lib/python3.8/site-packages/airflow/example_dags/example_complex.py
[2024-05-13T15:30:27.404+0000] {processor.py:840} INFO - DAG(s) 'example_complex' retrieved from /home/airflow/.local/lib/python3.8/site-packages/airflow/example_dags/example_complex.py
[2024-05-13T15:30:27.438+0000] {logging_mixin.py:188} INFO - [2024-05-13T15:30:27.438+0000] {dag.py:3047} INFO - Sync 1 DAGs
[2024-05-13T15:30:27.451+0000] {logging_mixin.py:188} INFO - [2024-05-13T15:30:27.451+0000] {dag.py:3834} INFO - Setting next_dagrun for example_complex to None, run_after=None
[2024-05-13T15:30:27.476+0000] {processor.py:183} INFO - Processing /home/airflow/.local/lib/python3.8/site-packages/airflow/example_dags/example_complex.py took 0.088 seconds
[2024-05-13T15:30:57.540+0000] {processor.py:161} INFO - Started process (PID=2183) to work on /home/airflow/.local/lib/python3.8/site-packages/airflow/example_dags/example_complex.py
[2024-05-13T15:30:57.541+0000] {processor.py:830} INFO - Processing file /home/airflow/.local/lib/python3.8/site-packages/airflow/example_dags/example_complex.py for tasks to queue
[2024-05-13T15:30:57.543+0000] {logging_mixin.py:188} INFO - [2024-05-13T15:30:57.543+0000] {dagbag.py:540} INFO - Filling up the DagBag from /home/airflow/.local/lib/python3.8/site-packages/airflow/example_dags/example_complex.py
[2024-05-13T15:30:57.552+0000] {processor.py:840} INFO - DAG(s) 'example_complex' retrieved from /home/airflow/.local/lib/python3.8/site-packages/airflow/example_dags/example_complex.py
[2024-05-13T15:30:57.582+0000] {logging_mixin.py:188} INFO - [2024-05-13T15:30:57.582+0000] {dag.py:3047} INFO - Sync 1 DAGs
[2024-05-13T15:30:57.593+0000] {logging_mixin.py:188} INFO - [2024-05-13T15:30:57.592+0000] {dag.py:3834} INFO - Setting next_dagrun for example_complex to None, run_after=None
[2024-05-13T15:30:57.613+0000] {processor.py:183} INFO - Processing /home/airflow/.local/lib/python3.8/site-packages/airflow/example_dags/example_complex.py took 0.076 seconds
[2024-05-13T15:31:27.838+0000] {processor.py:161} INFO - Started process (PID=2251) to work on /home/airflow/.local/lib/python3.8/site-packages/airflow/example_dags/example_complex.py
[2024-05-13T15:31:27.839+0000] {processor.py:830} INFO - Processing file /home/airflow/.local/lib/python3.8/site-packages/airflow/example_dags/example_complex.py for tasks to queue
[2024-05-13T15:31:27.840+0000] {logging_mixin.py:188} INFO - [2024-05-13T15:31:27.840+0000] {dagbag.py:540} INFO - Filling up the DagBag from /home/airflow/.local/lib/python3.8/site-packages/airflow/example_dags/example_complex.py
[2024-05-13T15:31:27.849+0000] {processor.py:840} INFO - DAG(s) 'example_complex' retrieved from /home/airflow/.local/lib/python3.8/site-packages/airflow/example_dags/example_complex.py
[2024-05-13T15:31:27.898+0000] {logging_mixin.py:188} INFO - [2024-05-13T15:31:27.898+0000] {dag.py:3047} INFO - Sync 1 DAGs
[2024-05-13T15:31:27.911+0000] {logging_mixin.py:188} INFO - [2024-05-13T15:31:27.911+0000] {dag.py:3834} INFO - Setting next_dagrun for example_complex to None, run_after=None
[2024-05-13T15:31:27.931+0000] {processor.py:183} INFO - Processing /home/airflow/.local/lib/python3.8/site-packages/airflow/example_dags/example_complex.py took 0.097 seconds
[2024-05-13T15:31:58.276+0000] {processor.py:161} INFO - Started process (PID=2319) to work on /home/airflow/.local/lib/python3.8/site-packages/airflow/example_dags/example_complex.py
[2024-05-13T15:31:58.277+0000] {processor.py:830} INFO - Processing file /home/airflow/.local/lib/python3.8/site-packages/airflow/example_dags/example_complex.py for tasks to queue
[2024-05-13T15:31:58.279+0000] {logging_mixin.py:188} INFO - [2024-05-13T15:31:58.279+0000] {dagbag.py:540} INFO - Filling up the DagBag from /home/airflow/.local/lib/python3.8/site-packages/airflow/example_dags/example_complex.py
[2024-05-13T15:31:58.288+0000] {processor.py:840} INFO - DAG(s) 'example_complex' retrieved from /home/airflow/.local/lib/python3.8/site-packages/airflow/example_dags/example_complex.py
[2024-05-13T15:31:58.316+0000] {logging_mixin.py:188} INFO - [2024-05-13T15:31:58.315+0000] {dag.py:3047} INFO - Sync 1 DAGs
[2024-05-13T15:31:58.325+0000] {logging_mixin.py:188} INFO - [2024-05-13T15:31:58.325+0000] {dag.py:3834} INFO - Setting next_dagrun for example_complex to None, run_after=None
[2024-05-13T15:31:58.343+0000] {processor.py:183} INFO - Processing /home/airflow/.local/lib/python3.8/site-packages/airflow/example_dags/example_complex.py took 0.070 seconds
[2024-05-13T15:32:28.626+0000] {processor.py:161} INFO - Started process (PID=2386) to work on /home/airflow/.local/lib/python3.8/site-packages/airflow/example_dags/example_complex.py
[2024-05-13T15:32:28.627+0000] {processor.py:830} INFO - Processing file /home/airflow/.local/lib/python3.8/site-packages/airflow/example_dags/example_complex.py for tasks to queue
[2024-05-13T15:32:28.629+0000] {logging_mixin.py:188} INFO - [2024-05-13T15:32:28.629+0000] {dagbag.py:540} INFO - Filling up the DagBag from /home/airflow/.local/lib/python3.8/site-packages/airflow/example_dags/example_complex.py
[2024-05-13T15:32:28.639+0000] {processor.py:840} INFO - DAG(s) 'example_complex' retrieved from /home/airflow/.local/lib/python3.8/site-packages/airflow/example_dags/example_complex.py
[2024-05-13T15:32:28.671+0000] {logging_mixin.py:188} INFO - [2024-05-13T15:32:28.671+0000] {dag.py:3047} INFO - Sync 1 DAGs
[2024-05-13T15:32:28.683+0000] {logging_mixin.py:188} INFO - [2024-05-13T15:32:28.683+0000] {dag.py:3834} INFO - Setting next_dagrun for example_complex to None, run_after=None
[2024-05-13T15:32:28.700+0000] {processor.py:183} INFO - Processing /home/airflow/.local/lib/python3.8/site-packages/airflow/example_dags/example_complex.py took 0.077 seconds
[2024-05-13T15:32:58.781+0000] {processor.py:161} INFO - Started process (PID=2442) to work on /home/airflow/.local/lib/python3.8/site-packages/airflow/example_dags/example_complex.py
[2024-05-13T15:32:58.782+0000] {processor.py:830} INFO - Processing file /home/airflow/.local/lib/python3.8/site-packages/airflow/example_dags/example_complex.py for tasks to queue
[2024-05-13T15:32:58.784+0000] {logging_mixin.py:188} INFO - [2024-05-13T15:32:58.784+0000] {dagbag.py:540} INFO - Filling up the DagBag from /home/airflow/.local/lib/python3.8/site-packages/airflow/example_dags/example_complex.py
[2024-05-13T15:32:58.795+0000] {processor.py:840} INFO - DAG(s) 'example_complex' retrieved from /home/airflow/.local/lib/python3.8/site-packages/airflow/example_dags/example_complex.py
[2024-05-13T15:32:58.827+0000] {logging_mixin.py:188} INFO - [2024-05-13T15:32:58.827+0000] {dag.py:3047} INFO - Sync 1 DAGs
[2024-05-13T15:32:58.840+0000] {logging_mixin.py:188} INFO - [2024-05-13T15:32:58.840+0000] {dag.py:3834} INFO - Setting next_dagrun for example_complex to None, run_after=None
[2024-05-13T15:32:58.863+0000] {processor.py:183} INFO - Processing /home/airflow/.local/lib/python3.8/site-packages/airflow/example_dags/example_complex.py took 0.086 seconds
[2024-05-13T15:33:29.006+0000] {processor.py:161} INFO - Started process (PID=2510) to work on /home/airflow/.local/lib/python3.8/site-packages/airflow/example_dags/example_complex.py
[2024-05-13T15:33:29.007+0000] {processor.py:830} INFO - Processing file /home/airflow/.local/lib/python3.8/site-packages/airflow/example_dags/example_complex.py for tasks to queue
[2024-05-13T15:33:29.010+0000] {logging_mixin.py:188} INFO - [2024-05-13T15:33:29.009+0000] {dagbag.py:540} INFO - Filling up the DagBag from /home/airflow/.local/lib/python3.8/site-packages/airflow/example_dags/example_complex.py
[2024-05-13T15:33:29.020+0000] {processor.py:840} INFO - DAG(s) 'example_complex' retrieved from /home/airflow/.local/lib/python3.8/site-packages/airflow/example_dags/example_complex.py
[2024-05-13T15:33:29.051+0000] {logging_mixin.py:188} INFO - [2024-05-13T15:33:29.050+0000] {dag.py:3047} INFO - Sync 1 DAGs
[2024-05-13T15:33:29.064+0000] {logging_mixin.py:188} INFO - [2024-05-13T15:33:29.064+0000] {dag.py:3834} INFO - Setting next_dagrun for example_complex to None, run_after=None
[2024-05-13T15:33:29.087+0000] {processor.py:183} INFO - Processing /home/airflow/.local/lib/python3.8/site-packages/airflow/example_dags/example_complex.py took 0.085 seconds
[2024-05-13T15:33:59.183+0000] {processor.py:161} INFO - Started process (PID=2578) to work on /home/airflow/.local/lib/python3.8/site-packages/airflow/example_dags/example_complex.py
[2024-05-13T15:33:59.184+0000] {processor.py:830} INFO - Processing file /home/airflow/.local/lib/python3.8/site-packages/airflow/example_dags/example_complex.py for tasks to queue
[2024-05-13T15:33:59.186+0000] {logging_mixin.py:188} INFO - [2024-05-13T15:33:59.186+0000] {dagbag.py:540} INFO - Filling up the DagBag from /home/airflow/.local/lib/python3.8/site-packages/airflow/example_dags/example_complex.py
[2024-05-13T15:33:59.195+0000] {processor.py:840} INFO - DAG(s) 'example_complex' retrieved from /home/airflow/.local/lib/python3.8/site-packages/airflow/example_dags/example_complex.py
[2024-05-13T15:33:59.224+0000] {logging_mixin.py:188} INFO - [2024-05-13T15:33:59.224+0000] {dag.py:3047} INFO - Sync 1 DAGs
[2024-05-13T15:33:59.235+0000] {logging_mixin.py:188} INFO - [2024-05-13T15:33:59.235+0000] {dag.py:3834} INFO - Setting next_dagrun for example_complex to None, run_after=None
[2024-05-13T15:33:59.257+0000] {processor.py:183} INFO - Processing /home/airflow/.local/lib/python3.8/site-packages/airflow/example_dags/example_complex.py took 0.077 seconds
[2024-05-13T15:34:29.523+0000] {processor.py:161} INFO - Started process (PID=2647) to work on /home/airflow/.local/lib/python3.8/site-packages/airflow/example_dags/example_complex.py
[2024-05-13T15:34:29.524+0000] {processor.py:830} INFO - Processing file /home/airflow/.local/lib/python3.8/site-packages/airflow/example_dags/example_complex.py for tasks to queue
[2024-05-13T15:34:29.525+0000] {logging_mixin.py:188} INFO - [2024-05-13T15:34:29.525+0000] {dagbag.py:540} INFO - Filling up the DagBag from /home/airflow/.local/lib/python3.8/site-packages/airflow/example_dags/example_complex.py
[2024-05-13T15:34:29.535+0000] {processor.py:840} INFO - DAG(s) 'example_complex' retrieved from /home/airflow/.local/lib/python3.8/site-packages/airflow/example_dags/example_complex.py
[2024-05-13T15:34:29.564+0000] {logging_mixin.py:188} INFO - [2024-05-13T15:34:29.563+0000] {dag.py:3047} INFO - Sync 1 DAGs
[2024-05-13T15:34:29.574+0000] {logging_mixin.py:188} INFO - [2024-05-13T15:34:29.573+0000] {dag.py:3834} INFO - Setting next_dagrun for example_complex to None, run_after=None
[2024-05-13T15:34:29.593+0000] {processor.py:183} INFO - Processing /home/airflow/.local/lib/python3.8/site-packages/airflow/example_dags/example_complex.py took 0.073 seconds
[2024-05-13T15:34:59.619+0000] {processor.py:161} INFO - Started process (PID=2712) to work on /home/airflow/.local/lib/python3.8/site-packages/airflow/example_dags/example_complex.py
[2024-05-13T15:34:59.620+0000] {processor.py:830} INFO - Processing file /home/airflow/.local/lib/python3.8/site-packages/airflow/example_dags/example_complex.py for tasks to queue
[2024-05-13T15:34:59.622+0000] {logging_mixin.py:188} INFO - [2024-05-13T15:34:59.621+0000] {dagbag.py:540} INFO - Filling up the DagBag from /home/airflow/.local/lib/python3.8/site-packages/airflow/example_dags/example_complex.py
[2024-05-13T15:34:59.631+0000] {processor.py:840} INFO - DAG(s) 'example_complex' retrieved from /home/airflow/.local/lib/python3.8/site-packages/airflow/example_dags/example_complex.py
[2024-05-13T15:34:59.659+0000] {logging_mixin.py:188} INFO - [2024-05-13T15:34:59.659+0000] {dag.py:3047} INFO - Sync 1 DAGs
[2024-05-13T15:34:59.671+0000] {logging_mixin.py:188} INFO - [2024-05-13T15:34:59.671+0000] {dag.py:3834} INFO - Setting next_dagrun for example_complex to None, run_after=None
[2024-05-13T15:34:59.690+0000] {processor.py:183} INFO - Processing /home/airflow/.local/lib/python3.8/site-packages/airflow/example_dags/example_complex.py took 0.074 seconds
[2024-05-13T15:35:30.248+0000] {processor.py:161} INFO - Started process (PID=2781) to work on /home/airflow/.local/lib/python3.8/site-packages/airflow/example_dags/example_complex.py
[2024-05-13T15:35:30.248+0000] {processor.py:830} INFO - Processing file /home/airflow/.local/lib/python3.8/site-packages/airflow/example_dags/example_complex.py for tasks to queue
[2024-05-13T15:35:30.250+0000] {logging_mixin.py:188} INFO - [2024-05-13T15:35:30.250+0000] {dagbag.py:540} INFO - Filling up the DagBag from /home/airflow/.local/lib/python3.8/site-packages/airflow/example_dags/example_complex.py
[2024-05-13T15:35:30.259+0000] {processor.py:840} INFO - DAG(s) 'example_complex' retrieved from /home/airflow/.local/lib/python3.8/site-packages/airflow/example_dags/example_complex.py
[2024-05-13T15:35:30.287+0000] {logging_mixin.py:188} INFO - [2024-05-13T15:35:30.287+0000] {dag.py:3047} INFO - Sync 1 DAGs
[2024-05-13T15:35:30.297+0000] {logging_mixin.py:188} INFO - [2024-05-13T15:35:30.297+0000] {dag.py:3834} INFO - Setting next_dagrun for example_complex to None, run_after=None
[2024-05-13T15:35:30.317+0000] {processor.py:183} INFO - Processing /home/airflow/.local/lib/python3.8/site-packages/airflow/example_dags/example_complex.py took 0.072 seconds
[2024-05-13T15:36:00.704+0000] {processor.py:161} INFO - Started process (PID=2849) to work on /home/airflow/.local/lib/python3.8/site-packages/airflow/example_dags/example_complex.py
[2024-05-13T15:36:00.705+0000] {processor.py:830} INFO - Processing file /home/airflow/.local/lib/python3.8/site-packages/airflow/example_dags/example_complex.py for tasks to queue
[2024-05-13T15:36:00.706+0000] {logging_mixin.py:188} INFO - [2024-05-13T15:36:00.706+0000] {dagbag.py:540} INFO - Filling up the DagBag from /home/airflow/.local/lib/python3.8/site-packages/airflow/example_dags/example_complex.py
[2024-05-13T15:36:00.716+0000] {processor.py:840} INFO - DAG(s) 'example_complex' retrieved from /home/airflow/.local/lib/python3.8/site-packages/airflow/example_dags/example_complex.py
[2024-05-13T15:36:00.744+0000] {logging_mixin.py:188} INFO - [2024-05-13T15:36:00.744+0000] {dag.py:3047} INFO - Sync 1 DAGs
[2024-05-13T15:36:00.759+0000] {logging_mixin.py:188} INFO - [2024-05-13T15:36:00.758+0000] {dag.py:3834} INFO - Setting next_dagrun for example_complex to None, run_after=None
[2024-05-13T15:36:00.784+0000] {processor.py:183} INFO - Processing /home/airflow/.local/lib/python3.8/site-packages/airflow/example_dags/example_complex.py took 0.083 seconds
[2024-05-13T15:36:30.837+0000] {processor.py:161} INFO - Started process (PID=2917) to work on /home/airflow/.local/lib/python3.8/site-packages/airflow/example_dags/example_complex.py
[2024-05-13T15:36:30.838+0000] {processor.py:830} INFO - Processing file /home/airflow/.local/lib/python3.8/site-packages/airflow/example_dags/example_complex.py for tasks to queue
[2024-05-13T15:36:30.839+0000] {logging_mixin.py:188} INFO - [2024-05-13T15:36:30.839+0000] {dagbag.py:540} INFO - Filling up the DagBag from /home/airflow/.local/lib/python3.8/site-packages/airflow/example_dags/example_complex.py
[2024-05-13T15:36:30.849+0000] {processor.py:840} INFO - DAG(s) 'example_complex' retrieved from /home/airflow/.local/lib/python3.8/site-packages/airflow/example_dags/example_complex.py
[2024-05-13T15:36:30.877+0000] {logging_mixin.py:188} INFO - [2024-05-13T15:36:30.877+0000] {dag.py:3047} INFO - Sync 1 DAGs
[2024-05-13T15:36:30.888+0000] {logging_mixin.py:188} INFO - [2024-05-13T15:36:30.887+0000] {dag.py:3834} INFO - Setting next_dagrun for example_complex to None, run_after=None
[2024-05-13T15:36:30.905+0000] {processor.py:183} INFO - Processing /home/airflow/.local/lib/python3.8/site-packages/airflow/example_dags/example_complex.py took 0.071 seconds
[2024-05-13T15:37:01.013+0000] {processor.py:161} INFO - Started process (PID=2985) to work on /home/airflow/.local/lib/python3.8/site-packages/airflow/example_dags/example_complex.py
[2024-05-13T15:37:01.014+0000] {processor.py:830} INFO - Processing file /home/airflow/.local/lib/python3.8/site-packages/airflow/example_dags/example_complex.py for tasks to queue
[2024-05-13T15:37:01.016+0000] {logging_mixin.py:188} INFO - [2024-05-13T15:37:01.015+0000] {dagbag.py:540} INFO - Filling up the DagBag from /home/airflow/.local/lib/python3.8/site-packages/airflow/example_dags/example_complex.py
[2024-05-13T15:37:01.025+0000] {processor.py:840} INFO - DAG(s) 'example_complex' retrieved from /home/airflow/.local/lib/python3.8/site-packages/airflow/example_dags/example_complex.py
[2024-05-13T15:37:01.056+0000] {logging_mixin.py:188} INFO - [2024-05-13T15:37:01.056+0000] {dag.py:3047} INFO - Sync 1 DAGs
[2024-05-13T15:37:01.068+0000] {logging_mixin.py:188} INFO - [2024-05-13T15:37:01.067+0000] {dag.py:3834} INFO - Setting next_dagrun for example_complex to None, run_after=None
[2024-05-13T15:37:01.086+0000] {processor.py:183} INFO - Processing /home/airflow/.local/lib/python3.8/site-packages/airflow/example_dags/example_complex.py took 0.076 seconds
[2024-05-13T15:37:31.326+0000] {processor.py:161} INFO - Started process (PID=3053) to work on /home/airflow/.local/lib/python3.8/site-packages/airflow/example_dags/example_complex.py
[2024-05-13T15:37:31.326+0000] {processor.py:830} INFO - Processing file /home/airflow/.local/lib/python3.8/site-packages/airflow/example_dags/example_complex.py for tasks to queue
[2024-05-13T15:37:31.328+0000] {logging_mixin.py:188} INFO - [2024-05-13T15:37:31.328+0000] {dagbag.py:540} INFO - Filling up the DagBag from /home/airflow/.local/lib/python3.8/site-packages/airflow/example_dags/example_complex.py
[2024-05-13T15:37:31.339+0000] {processor.py:840} INFO - DAG(s) 'example_complex' retrieved from /home/airflow/.local/lib/python3.8/site-packages/airflow/example_dags/example_complex.py
[2024-05-13T15:37:31.371+0000] {logging_mixin.py:188} INFO - [2024-05-13T15:37:31.370+0000] {dag.py:3047} INFO - Sync 1 DAGs
[2024-05-13T15:37:31.383+0000] {logging_mixin.py:188} INFO - [2024-05-13T15:37:31.383+0000] {dag.py:3834} INFO - Setting next_dagrun for example_complex to None, run_after=None
[2024-05-13T15:37:31.404+0000] {processor.py:183} INFO - Processing /home/airflow/.local/lib/python3.8/site-packages/airflow/example_dags/example_complex.py took 0.081 seconds
[2024-05-13T15:38:02.232+0000] {processor.py:161} INFO - Started process (PID=3121) to work on /home/airflow/.local/lib/python3.8/site-packages/airflow/example_dags/example_complex.py
[2024-05-13T15:38:02.233+0000] {processor.py:830} INFO - Processing file /home/airflow/.local/lib/python3.8/site-packages/airflow/example_dags/example_complex.py for tasks to queue
[2024-05-13T15:38:02.235+0000] {logging_mixin.py:188} INFO - [2024-05-13T15:38:02.235+0000] {dagbag.py:540} INFO - Filling up the DagBag from /home/airflow/.local/lib/python3.8/site-packages/airflow/example_dags/example_complex.py
[2024-05-13T15:38:02.246+0000] {processor.py:840} INFO - DAG(s) 'example_complex' retrieved from /home/airflow/.local/lib/python3.8/site-packages/airflow/example_dags/example_complex.py
[2024-05-13T15:38:02.278+0000] {logging_mixin.py:188} INFO - [2024-05-13T15:38:02.278+0000] {dag.py:3047} INFO - Sync 1 DAGs
[2024-05-13T15:38:02.292+0000] {logging_mixin.py:188} INFO - [2024-05-13T15:38:02.291+0000] {dag.py:3834} INFO - Setting next_dagrun for example_complex to None, run_after=None
[2024-05-13T15:38:02.314+0000] {processor.py:183} INFO - Processing /home/airflow/.local/lib/python3.8/site-packages/airflow/example_dags/example_complex.py took 0.085 seconds
[2024-05-13T15:38:32.361+0000] {processor.py:161} INFO - Started process (PID=3188) to work on /home/airflow/.local/lib/python3.8/site-packages/airflow/example_dags/example_complex.py
[2024-05-13T15:38:32.362+0000] {processor.py:830} INFO - Processing file /home/airflow/.local/lib/python3.8/site-packages/airflow/example_dags/example_complex.py for tasks to queue
[2024-05-13T15:38:32.363+0000] {logging_mixin.py:188} INFO - [2024-05-13T15:38:32.363+0000] {dagbag.py:540} INFO - Filling up the DagBag from /home/airflow/.local/lib/python3.8/site-packages/airflow/example_dags/example_complex.py
[2024-05-13T15:38:32.374+0000] {processor.py:840} INFO - DAG(s) 'example_complex' retrieved from /home/airflow/.local/lib/python3.8/site-packages/airflow/example_dags/example_complex.py
[2024-05-13T15:38:32.402+0000] {logging_mixin.py:188} INFO - [2024-05-13T15:38:32.401+0000] {dag.py:3047} INFO - Sync 1 DAGs
[2024-05-13T15:38:32.415+0000] {logging_mixin.py:188} INFO - [2024-05-13T15:38:32.415+0000] {dag.py:3834} INFO - Setting next_dagrun for example_complex to None, run_after=None
[2024-05-13T15:38:32.433+0000] {processor.py:183} INFO - Processing /home/airflow/.local/lib/python3.8/site-packages/airflow/example_dags/example_complex.py took 0.076 seconds
[2024-05-13T15:39:03.043+0000] {processor.py:161} INFO - Started process (PID=3256) to work on /home/airflow/.local/lib/python3.8/site-packages/airflow/example_dags/example_complex.py
[2024-05-13T15:39:03.044+0000] {processor.py:830} INFO - Processing file /home/airflow/.local/lib/python3.8/site-packages/airflow/example_dags/example_complex.py for tasks to queue
[2024-05-13T15:39:03.046+0000] {logging_mixin.py:188} INFO - [2024-05-13T15:39:03.045+0000] {dagbag.py:540} INFO - Filling up the DagBag from /home/airflow/.local/lib/python3.8/site-packages/airflow/example_dags/example_complex.py
[2024-05-13T15:39:03.056+0000] {processor.py:840} INFO - DAG(s) 'example_complex' retrieved from /home/airflow/.local/lib/python3.8/site-packages/airflow/example_dags/example_complex.py
[2024-05-13T15:39:03.088+0000] {logging_mixin.py:188} INFO - [2024-05-13T15:39:03.088+0000] {dag.py:3047} INFO - Sync 1 DAGs
[2024-05-13T15:39:03.099+0000] {logging_mixin.py:188} INFO - [2024-05-13T15:39:03.099+0000] {dag.py:3834} INFO - Setting next_dagrun for example_complex to None, run_after=None
[2024-05-13T15:39:03.118+0000] {processor.py:183} INFO - Processing /home/airflow/.local/lib/python3.8/site-packages/airflow/example_dags/example_complex.py took 0.079 seconds
[2024-05-13T15:39:33.627+0000] {processor.py:161} INFO - Started process (PID=3324) to work on /home/airflow/.local/lib/python3.8/site-packages/airflow/example_dags/example_complex.py
[2024-05-13T15:39:33.629+0000] {processor.py:830} INFO - Processing file /home/airflow/.local/lib/python3.8/site-packages/airflow/example_dags/example_complex.py for tasks to queue
[2024-05-13T15:39:33.630+0000] {logging_mixin.py:188} INFO - [2024-05-13T15:39:33.630+0000] {dagbag.py:540} INFO - Filling up the DagBag from /home/airflow/.local/lib/python3.8/site-packages/airflow/example_dags/example_complex.py
[2024-05-13T15:39:33.641+0000] {processor.py:840} INFO - DAG(s) 'example_complex' retrieved from /home/airflow/.local/lib/python3.8/site-packages/airflow/example_dags/example_complex.py
[2024-05-13T15:39:33.672+0000] {logging_mixin.py:188} INFO - [2024-05-13T15:39:33.671+0000] {dag.py:3047} INFO - Sync 1 DAGs
[2024-05-13T15:39:33.685+0000] {logging_mixin.py:188} INFO - [2024-05-13T15:39:33.684+0000] {dag.py:3834} INFO - Setting next_dagrun for example_complex to None, run_after=None
[2024-05-13T15:39:33.706+0000] {processor.py:183} INFO - Processing /home/airflow/.local/lib/python3.8/site-packages/airflow/example_dags/example_complex.py took 0.083 seconds
[2024-05-13T15:40:03.945+0000] {processor.py:161} INFO - Started process (PID=3392) to work on /home/airflow/.local/lib/python3.8/site-packages/airflow/example_dags/example_complex.py
[2024-05-13T15:40:03.946+0000] {processor.py:830} INFO - Processing file /home/airflow/.local/lib/python3.8/site-packages/airflow/example_dags/example_complex.py for tasks to queue
[2024-05-13T15:40:03.948+0000] {logging_mixin.py:188} INFO - [2024-05-13T15:40:03.948+0000] {dagbag.py:540} INFO - Filling up the DagBag from /home/airflow/.local/lib/python3.8/site-packages/airflow/example_dags/example_complex.py
[2024-05-13T15:40:03.959+0000] {processor.py:840} INFO - DAG(s) 'example_complex' retrieved from /home/airflow/.local/lib/python3.8/site-packages/airflow/example_dags/example_complex.py
[2024-05-13T15:40:03.988+0000] {logging_mixin.py:188} INFO - [2024-05-13T15:40:03.988+0000] {dag.py:3047} INFO - Sync 1 DAGs
[2024-05-13T15:40:04.000+0000] {logging_mixin.py:188} INFO - [2024-05-13T15:40:04.000+0000] {dag.py:3834} INFO - Setting next_dagrun for example_complex to None, run_after=None
[2024-05-13T15:40:04.018+0000] {processor.py:183} INFO - Processing /home/airflow/.local/lib/python3.8/site-packages/airflow/example_dags/example_complex.py took 0.077 seconds
[2024-05-13T15:40:34.245+0000] {processor.py:161} INFO - Started process (PID=3460) to work on /home/airflow/.local/lib/python3.8/site-packages/airflow/example_dags/example_complex.py
[2024-05-13T15:40:34.246+0000] {processor.py:830} INFO - Processing file /home/airflow/.local/lib/python3.8/site-packages/airflow/example_dags/example_complex.py for tasks to queue
[2024-05-13T15:40:34.248+0000] {logging_mixin.py:188} INFO - [2024-05-13T15:40:34.248+0000] {dagbag.py:540} INFO - Filling up the DagBag from /home/airflow/.local/lib/python3.8/site-packages/airflow/example_dags/example_complex.py
[2024-05-13T15:40:34.258+0000] {processor.py:840} INFO - DAG(s) 'example_complex' retrieved from /home/airflow/.local/lib/python3.8/site-packages/airflow/example_dags/example_complex.py
[2024-05-13T15:40:34.285+0000] {logging_mixin.py:188} INFO - [2024-05-13T15:40:34.285+0000] {dag.py:3047} INFO - Sync 1 DAGs
[2024-05-13T15:40:34.296+0000] {logging_mixin.py:188} INFO - [2024-05-13T15:40:34.296+0000] {dag.py:3834} INFO - Setting next_dagrun for example_complex to None, run_after=None
[2024-05-13T15:40:34.315+0000] {processor.py:183} INFO - Processing /home/airflow/.local/lib/python3.8/site-packages/airflow/example_dags/example_complex.py took 0.073 seconds
[2024-05-13T15:41:04.454+0000] {processor.py:161} INFO - Started process (PID=3528) to work on /home/airflow/.local/lib/python3.8/site-packages/airflow/example_dags/example_complex.py
[2024-05-13T15:41:04.455+0000] {processor.py:830} INFO - Processing file /home/airflow/.local/lib/python3.8/site-packages/airflow/example_dags/example_complex.py for tasks to queue
[2024-05-13T15:41:04.457+0000] {logging_mixin.py:188} INFO - [2024-05-13T15:41:04.457+0000] {dagbag.py:540} INFO - Filling up the DagBag from /home/airflow/.local/lib/python3.8/site-packages/airflow/example_dags/example_complex.py
[2024-05-13T15:41:04.468+0000] {processor.py:840} INFO - DAG(s) 'example_complex' retrieved from /home/airflow/.local/lib/python3.8/site-packages/airflow/example_dags/example_complex.py
[2024-05-13T15:41:04.645+0000] {logging_mixin.py:188} INFO - [2024-05-13T15:41:04.644+0000] {dag.py:3047} INFO - Sync 1 DAGs
[2024-05-13T15:41:04.658+0000] {logging_mixin.py:188} INFO - [2024-05-13T15:41:04.658+0000] {dag.py:3834} INFO - Setting next_dagrun for example_complex to None, run_after=None
[2024-05-13T15:41:04.686+0000] {processor.py:183} INFO - Processing /home/airflow/.local/lib/python3.8/site-packages/airflow/example_dags/example_complex.py took 0.235 seconds
[2024-05-13T15:41:35.347+0000] {processor.py:161} INFO - Started process (PID=3596) to work on /home/airflow/.local/lib/python3.8/site-packages/airflow/example_dags/example_complex.py
[2024-05-13T15:41:35.348+0000] {processor.py:830} INFO - Processing file /home/airflow/.local/lib/python3.8/site-packages/airflow/example_dags/example_complex.py for tasks to queue
[2024-05-13T15:41:35.350+0000] {logging_mixin.py:188} INFO - [2024-05-13T15:41:35.349+0000] {dagbag.py:540} INFO - Filling up the DagBag from /home/airflow/.local/lib/python3.8/site-packages/airflow/example_dags/example_complex.py
[2024-05-13T15:41:35.360+0000] {processor.py:840} INFO - DAG(s) 'example_complex' retrieved from /home/airflow/.local/lib/python3.8/site-packages/airflow/example_dags/example_complex.py
[2024-05-13T15:41:35.389+0000] {logging_mixin.py:188} INFO - [2024-05-13T15:41:35.389+0000] {dag.py:3047} INFO - Sync 1 DAGs
[2024-05-13T15:41:35.522+0000] {logging_mixin.py:188} INFO - [2024-05-13T15:41:35.522+0000] {dag.py:3834} INFO - Setting next_dagrun for example_complex to None, run_after=None
[2024-05-13T15:41:35.540+0000] {processor.py:183} INFO - Processing /home/airflow/.local/lib/python3.8/site-packages/airflow/example_dags/example_complex.py took 0.196 seconds
[2024-05-13T15:42:06.487+0000] {processor.py:161} INFO - Started process (PID=3665) to work on /home/airflow/.local/lib/python3.8/site-packages/airflow/example_dags/example_complex.py
[2024-05-13T15:42:06.488+0000] {processor.py:830} INFO - Processing file /home/airflow/.local/lib/python3.8/site-packages/airflow/example_dags/example_complex.py for tasks to queue
[2024-05-13T15:42:06.489+0000] {logging_mixin.py:188} INFO - [2024-05-13T15:42:06.489+0000] {dagbag.py:540} INFO - Filling up the DagBag from /home/airflow/.local/lib/python3.8/site-packages/airflow/example_dags/example_complex.py
[2024-05-13T15:42:06.499+0000] {processor.py:840} INFO - DAG(s) 'example_complex' retrieved from /home/airflow/.local/lib/python3.8/site-packages/airflow/example_dags/example_complex.py
[2024-05-13T15:42:06.525+0000] {logging_mixin.py:188} INFO - [2024-05-13T15:42:06.525+0000] {dag.py:3047} INFO - Sync 1 DAGs
[2024-05-13T15:42:06.654+0000] {logging_mixin.py:188} INFO - [2024-05-13T15:42:06.654+0000] {dag.py:3834} INFO - Setting next_dagrun for example_complex to None, run_after=None
[2024-05-13T15:42:06.673+0000] {processor.py:183} INFO - Processing /home/airflow/.local/lib/python3.8/site-packages/airflow/example_dags/example_complex.py took 0.189 seconds
[2024-05-13T15:42:36.746+0000] {processor.py:161} INFO - Started process (PID=3733) to work on /home/airflow/.local/lib/python3.8/site-packages/airflow/example_dags/example_complex.py
[2024-05-13T15:42:36.748+0000] {processor.py:830} INFO - Processing file /home/airflow/.local/lib/python3.8/site-packages/airflow/example_dags/example_complex.py for tasks to queue
[2024-05-13T15:42:36.750+0000] {logging_mixin.py:188} INFO - [2024-05-13T15:42:36.749+0000] {dagbag.py:540} INFO - Filling up the DagBag from /home/airflow/.local/lib/python3.8/site-packages/airflow/example_dags/example_complex.py
[2024-05-13T15:42:36.760+0000] {processor.py:840} INFO - DAG(s) 'example_complex' retrieved from /home/airflow/.local/lib/python3.8/site-packages/airflow/example_dags/example_complex.py
[2024-05-13T15:42:36.792+0000] {logging_mixin.py:188} INFO - [2024-05-13T15:42:36.791+0000] {dag.py:3047} INFO - Sync 1 DAGs
[2024-05-13T15:42:36.804+0000] {logging_mixin.py:188} INFO - [2024-05-13T15:42:36.804+0000] {dag.py:3834} INFO - Setting next_dagrun for example_complex to None, run_after=None
[2024-05-13T15:42:36.826+0000] {processor.py:183} INFO - Processing /home/airflow/.local/lib/python3.8/site-packages/airflow/example_dags/example_complex.py took 0.082 seconds
[2024-05-13T15:43:06.856+0000] {processor.py:161} INFO - Started process (PID=3800) to work on /home/airflow/.local/lib/python3.8/site-packages/airflow/example_dags/example_complex.py
[2024-05-13T15:43:06.857+0000] {processor.py:830} INFO - Processing file /home/airflow/.local/lib/python3.8/site-packages/airflow/example_dags/example_complex.py for tasks to queue
[2024-05-13T15:43:06.859+0000] {logging_mixin.py:188} INFO - [2024-05-13T15:43:06.859+0000] {dagbag.py:540} INFO - Filling up the DagBag from /home/airflow/.local/lib/python3.8/site-packages/airflow/example_dags/example_complex.py
[2024-05-13T15:43:06.869+0000] {processor.py:840} INFO - DAG(s) 'example_complex' retrieved from /home/airflow/.local/lib/python3.8/site-packages/airflow/example_dags/example_complex.py
[2024-05-13T15:43:06.901+0000] {logging_mixin.py:188} INFO - [2024-05-13T15:43:06.901+0000] {dag.py:3047} INFO - Sync 1 DAGs
[2024-05-13T15:43:06.914+0000] {logging_mixin.py:188} INFO - [2024-05-13T15:43:06.914+0000] {dag.py:3834} INFO - Setting next_dagrun for example_complex to None, run_after=None
[2024-05-13T15:43:06.934+0000] {processor.py:183} INFO - Processing /home/airflow/.local/lib/python3.8/site-packages/airflow/example_dags/example_complex.py took 0.081 seconds
[2024-05-13T15:43:37.420+0000] {processor.py:161} INFO - Started process (PID=3869) to work on /home/airflow/.local/lib/python3.8/site-packages/airflow/example_dags/example_complex.py
[2024-05-13T15:43:37.421+0000] {processor.py:830} INFO - Processing file /home/airflow/.local/lib/python3.8/site-packages/airflow/example_dags/example_complex.py for tasks to queue
[2024-05-13T15:43:37.423+0000] {logging_mixin.py:188} INFO - [2024-05-13T15:43:37.423+0000] {dagbag.py:540} INFO - Filling up the DagBag from /home/airflow/.local/lib/python3.8/site-packages/airflow/example_dags/example_complex.py
[2024-05-13T15:43:37.432+0000] {processor.py:840} INFO - DAG(s) 'example_complex' retrieved from /home/airflow/.local/lib/python3.8/site-packages/airflow/example_dags/example_complex.py
[2024-05-13T15:43:37.465+0000] {logging_mixin.py:188} INFO - [2024-05-13T15:43:37.465+0000] {dag.py:3047} INFO - Sync 1 DAGs
[2024-05-13T15:43:37.481+0000] {logging_mixin.py:188} INFO - [2024-05-13T15:43:37.481+0000] {dag.py:3834} INFO - Setting next_dagrun for example_complex to None, run_after=None
[2024-05-13T15:43:37.502+0000] {processor.py:183} INFO - Processing /home/airflow/.local/lib/python3.8/site-packages/airflow/example_dags/example_complex.py took 0.085 seconds
[2024-05-13T15:44:07.851+0000] {processor.py:161} INFO - Started process (PID=3937) to work on /home/airflow/.local/lib/python3.8/site-packages/airflow/example_dags/example_complex.py
[2024-05-13T15:44:07.853+0000] {processor.py:830} INFO - Processing file /home/airflow/.local/lib/python3.8/site-packages/airflow/example_dags/example_complex.py for tasks to queue
[2024-05-13T15:44:07.855+0000] {logging_mixin.py:188} INFO - [2024-05-13T15:44:07.855+0000] {dagbag.py:540} INFO - Filling up the DagBag from /home/airflow/.local/lib/python3.8/site-packages/airflow/example_dags/example_complex.py
[2024-05-13T15:44:07.870+0000] {processor.py:840} INFO - DAG(s) 'example_complex' retrieved from /home/airflow/.local/lib/python3.8/site-packages/airflow/example_dags/example_complex.py
[2024-05-13T15:44:07.902+0000] {logging_mixin.py:188} INFO - [2024-05-13T15:44:07.902+0000] {dag.py:3047} INFO - Sync 1 DAGs
[2024-05-13T15:44:07.914+0000] {logging_mixin.py:188} INFO - [2024-05-13T15:44:07.914+0000] {dag.py:3834} INFO - Setting next_dagrun for example_complex to None, run_after=None
[2024-05-13T15:44:07.935+0000] {processor.py:183} INFO - Processing /home/airflow/.local/lib/python3.8/site-packages/airflow/example_dags/example_complex.py took 0.087 seconds
