[2024-05-13T15:15:19.836+0000] {processor.py:161} INFO - Started process (PID=101) to work on /home/airflow/.local/lib/python3.8/site-packages/airflow/example_dags/example_latest_only.py
[2024-05-13T15:15:19.837+0000] {processor.py:830} INFO - Processing file /home/airflow/.local/lib/python3.8/site-packages/airflow/example_dags/example_latest_only.py for tasks to queue
[2024-05-13T15:15:19.839+0000] {logging_mixin.py:188} INFO - [2024-05-13T15:15:19.839+0000] {dagbag.py:540} INFO - Filling up the DagBag from /home/airflow/.local/lib/python3.8/site-packages/airflow/example_dags/example_latest_only.py
[2024-05-13T15:15:19.847+0000] {processor.py:840} INFO - DAG(s) 'latest_only' retrieved from /home/airflow/.local/lib/python3.8/site-packages/airflow/example_dags/example_latest_only.py
[2024-05-13T15:15:19.974+0000] {logging_mixin.py:188} INFO - [2024-05-13T15:15:19.973+0000] {override.py:1769} INFO - Created Permission View: can delete on DAG:latest_only
[2024-05-13T15:15:19.992+0000] {logging_mixin.py:188} INFO - [2024-05-13T15:15:19.992+0000] {override.py:1769} INFO - Created Permission View: can edit on DAG:latest_only
[2024-05-13T15:15:20.005+0000] {logging_mixin.py:188} INFO - [2024-05-13T15:15:20.004+0000] {override.py:1769} INFO - Created Permission View: can read on DAG:latest_only
[2024-05-13T15:15:20.006+0000] {logging_mixin.py:188} INFO - [2024-05-13T15:15:20.006+0000] {dag.py:3047} INFO - Sync 1 DAGs
[2024-05-13T15:15:20.022+0000] {logging_mixin.py:188} INFO - [2024-05-13T15:15:20.022+0000] {dag.py:3069} INFO - Creating ORM DAG for latest_only
[2024-05-13T15:15:20.035+0000] {logging_mixin.py:188} INFO - [2024-05-13T15:15:20.035+0000] {dag.py:3834} INFO - Setting next_dagrun for latest_only to 2024-05-13 08:00:00+00:00, run_after=2024-05-13 12:00:00+00:00
[2024-05-13T15:15:20.064+0000] {processor.py:183} INFO - Processing /home/airflow/.local/lib/python3.8/site-packages/airflow/example_dags/example_latest_only.py took 0.231 seconds
[2024-05-13T15:15:50.205+0000] {processor.py:161} INFO - Started process (PID=169) to work on /home/airflow/.local/lib/python3.8/site-packages/airflow/example_dags/example_latest_only.py
[2024-05-13T15:15:50.207+0000] {processor.py:830} INFO - Processing file /home/airflow/.local/lib/python3.8/site-packages/airflow/example_dags/example_latest_only.py for tasks to queue
[2024-05-13T15:15:50.208+0000] {logging_mixin.py:188} INFO - [2024-05-13T15:15:50.208+0000] {dagbag.py:540} INFO - Filling up the DagBag from /home/airflow/.local/lib/python3.8/site-packages/airflow/example_dags/example_latest_only.py
[2024-05-13T15:15:50.213+0000] {processor.py:840} INFO - DAG(s) 'latest_only' retrieved from /home/airflow/.local/lib/python3.8/site-packages/airflow/example_dags/example_latest_only.py
[2024-05-13T15:15:50.233+0000] {logging_mixin.py:188} INFO - [2024-05-13T15:15:50.232+0000] {dag.py:3047} INFO - Sync 1 DAGs
[2024-05-13T15:15:50.254+0000] {logging_mixin.py:188} INFO - [2024-05-13T15:15:50.254+0000] {dag.py:3834} INFO - Setting next_dagrun for latest_only to 2024-05-13 08:00:00+00:00, run_after=2024-05-13 12:00:00+00:00
[2024-05-13T15:15:50.271+0000] {processor.py:183} INFO - Processing /home/airflow/.local/lib/python3.8/site-packages/airflow/example_dags/example_latest_only.py took 0.069 seconds
[2024-05-13T15:16:20.954+0000] {processor.py:161} INFO - Started process (PID=237) to work on /home/airflow/.local/lib/python3.8/site-packages/airflow/example_dags/example_latest_only.py
[2024-05-13T15:16:20.955+0000] {processor.py:830} INFO - Processing file /home/airflow/.local/lib/python3.8/site-packages/airflow/example_dags/example_latest_only.py for tasks to queue
[2024-05-13T15:16:20.957+0000] {logging_mixin.py:188} INFO - [2024-05-13T15:16:20.957+0000] {dagbag.py:540} INFO - Filling up the DagBag from /home/airflow/.local/lib/python3.8/site-packages/airflow/example_dags/example_latest_only.py
[2024-05-13T15:16:20.963+0000] {processor.py:840} INFO - DAG(s) 'latest_only' retrieved from /home/airflow/.local/lib/python3.8/site-packages/airflow/example_dags/example_latest_only.py
[2024-05-13T15:16:20.983+0000] {logging_mixin.py:188} INFO - [2024-05-13T15:16:20.983+0000] {dag.py:3047} INFO - Sync 1 DAGs
[2024-05-13T15:16:21.006+0000] {logging_mixin.py:188} INFO - [2024-05-13T15:16:21.005+0000] {dag.py:3834} INFO - Setting next_dagrun for latest_only to 2024-05-13 08:00:00+00:00, run_after=2024-05-13 12:00:00+00:00
[2024-05-13T15:16:21.025+0000] {processor.py:183} INFO - Processing /home/airflow/.local/lib/python3.8/site-packages/airflow/example_dags/example_latest_only.py took 0.074 seconds
[2024-05-13T15:16:52.061+0000] {processor.py:161} INFO - Started process (PID=305) to work on /home/airflow/.local/lib/python3.8/site-packages/airflow/example_dags/example_latest_only.py
[2024-05-13T15:16:52.062+0000] {processor.py:830} INFO - Processing file /home/airflow/.local/lib/python3.8/site-packages/airflow/example_dags/example_latest_only.py for tasks to queue
[2024-05-13T15:16:52.064+0000] {logging_mixin.py:188} INFO - [2024-05-13T15:16:52.063+0000] {dagbag.py:540} INFO - Filling up the DagBag from /home/airflow/.local/lib/python3.8/site-packages/airflow/example_dags/example_latest_only.py
[2024-05-13T15:16:52.069+0000] {processor.py:840} INFO - DAG(s) 'latest_only' retrieved from /home/airflow/.local/lib/python3.8/site-packages/airflow/example_dags/example_latest_only.py
[2024-05-13T15:16:52.093+0000] {logging_mixin.py:188} INFO - [2024-05-13T15:16:52.092+0000] {dag.py:3047} INFO - Sync 1 DAGs
[2024-05-13T15:16:52.115+0000] {logging_mixin.py:188} INFO - [2024-05-13T15:16:52.115+0000] {dag.py:3834} INFO - Setting next_dagrun for latest_only to 2024-05-13 08:00:00+00:00, run_after=2024-05-13 12:00:00+00:00
[2024-05-13T15:16:52.143+0000] {processor.py:183} INFO - Processing /home/airflow/.local/lib/python3.8/site-packages/airflow/example_dags/example_latest_only.py took 0.086 seconds
[2024-05-13T15:17:23.197+0000] {processor.py:161} INFO - Started process (PID=372) to work on /home/airflow/.local/lib/python3.8/site-packages/airflow/example_dags/example_latest_only.py
[2024-05-13T15:17:23.198+0000] {processor.py:830} INFO - Processing file /home/airflow/.local/lib/python3.8/site-packages/airflow/example_dags/example_latest_only.py for tasks to queue
[2024-05-13T15:17:23.200+0000] {logging_mixin.py:188} INFO - [2024-05-13T15:17:23.199+0000] {dagbag.py:540} INFO - Filling up the DagBag from /home/airflow/.local/lib/python3.8/site-packages/airflow/example_dags/example_latest_only.py
[2024-05-13T15:17:23.204+0000] {processor.py:840} INFO - DAG(s) 'latest_only' retrieved from /home/airflow/.local/lib/python3.8/site-packages/airflow/example_dags/example_latest_only.py
[2024-05-13T15:17:23.225+0000] {logging_mixin.py:188} INFO - [2024-05-13T15:17:23.225+0000] {dag.py:3047} INFO - Sync 1 DAGs
[2024-05-13T15:17:23.246+0000] {logging_mixin.py:188} INFO - [2024-05-13T15:17:23.246+0000] {dag.py:3834} INFO - Setting next_dagrun for latest_only to 2024-05-13 08:00:00+00:00, run_after=2024-05-13 12:00:00+00:00
[2024-05-13T15:17:23.266+0000] {processor.py:183} INFO - Processing /home/airflow/.local/lib/python3.8/site-packages/airflow/example_dags/example_latest_only.py took 0.072 seconds
[2024-05-13T15:17:53.345+0000] {processor.py:161} INFO - Started process (PID=428) to work on /home/airflow/.local/lib/python3.8/site-packages/airflow/example_dags/example_latest_only.py
[2024-05-13T15:17:53.345+0000] {processor.py:830} INFO - Processing file /home/airflow/.local/lib/python3.8/site-packages/airflow/example_dags/example_latest_only.py for tasks to queue
[2024-05-13T15:17:53.347+0000] {logging_mixin.py:188} INFO - [2024-05-13T15:17:53.347+0000] {dagbag.py:540} INFO - Filling up the DagBag from /home/airflow/.local/lib/python3.8/site-packages/airflow/example_dags/example_latest_only.py
[2024-05-13T15:17:53.353+0000] {processor.py:840} INFO - DAG(s) 'latest_only' retrieved from /home/airflow/.local/lib/python3.8/site-packages/airflow/example_dags/example_latest_only.py
[2024-05-13T15:17:53.370+0000] {logging_mixin.py:188} INFO - [2024-05-13T15:17:53.370+0000] {dag.py:3047} INFO - Sync 1 DAGs
[2024-05-13T15:17:53.390+0000] {logging_mixin.py:188} INFO - [2024-05-13T15:17:53.390+0000] {dag.py:3834} INFO - Setting next_dagrun for latest_only to 2024-05-13 08:00:00+00:00, run_after=2024-05-13 12:00:00+00:00
[2024-05-13T15:17:53.407+0000] {processor.py:183} INFO - Processing /home/airflow/.local/lib/python3.8/site-packages/airflow/example_dags/example_latest_only.py took 0.066 seconds
[2024-05-13T15:18:23.536+0000] {processor.py:161} INFO - Started process (PID=496) to work on /home/airflow/.local/lib/python3.8/site-packages/airflow/example_dags/example_latest_only.py
[2024-05-13T15:18:23.537+0000] {processor.py:830} INFO - Processing file /home/airflow/.local/lib/python3.8/site-packages/airflow/example_dags/example_latest_only.py for tasks to queue
[2024-05-13T15:18:23.540+0000] {logging_mixin.py:188} INFO - [2024-05-13T15:18:23.539+0000] {dagbag.py:540} INFO - Filling up the DagBag from /home/airflow/.local/lib/python3.8/site-packages/airflow/example_dags/example_latest_only.py
[2024-05-13T15:18:23.546+0000] {processor.py:840} INFO - DAG(s) 'latest_only' retrieved from /home/airflow/.local/lib/python3.8/site-packages/airflow/example_dags/example_latest_only.py
[2024-05-13T15:18:23.570+0000] {logging_mixin.py:188} INFO - [2024-05-13T15:18:23.570+0000] {dag.py:3047} INFO - Sync 1 DAGs
[2024-05-13T15:18:23.597+0000] {logging_mixin.py:188} INFO - [2024-05-13T15:18:23.596+0000] {dag.py:3834} INFO - Setting next_dagrun for latest_only to 2024-05-13 08:00:00+00:00, run_after=2024-05-13 12:00:00+00:00
[2024-05-13T15:18:23.620+0000] {processor.py:183} INFO - Processing /home/airflow/.local/lib/python3.8/site-packages/airflow/example_dags/example_latest_only.py took 0.089 seconds
[2024-05-13T15:18:53.720+0000] {processor.py:161} INFO - Started process (PID=564) to work on /home/airflow/.local/lib/python3.8/site-packages/airflow/example_dags/example_latest_only.py
[2024-05-13T15:18:53.721+0000] {processor.py:830} INFO - Processing file /home/airflow/.local/lib/python3.8/site-packages/airflow/example_dags/example_latest_only.py for tasks to queue
[2024-05-13T15:18:53.723+0000] {logging_mixin.py:188} INFO - [2024-05-13T15:18:53.723+0000] {dagbag.py:540} INFO - Filling up the DagBag from /home/airflow/.local/lib/python3.8/site-packages/airflow/example_dags/example_latest_only.py
[2024-05-13T15:18:53.728+0000] {processor.py:840} INFO - DAG(s) 'latest_only' retrieved from /home/airflow/.local/lib/python3.8/site-packages/airflow/example_dags/example_latest_only.py
[2024-05-13T15:18:53.750+0000] {logging_mixin.py:188} INFO - [2024-05-13T15:18:53.749+0000] {dag.py:3047} INFO - Sync 1 DAGs
[2024-05-13T15:18:53.770+0000] {logging_mixin.py:188} INFO - [2024-05-13T15:18:53.769+0000] {dag.py:3834} INFO - Setting next_dagrun for latest_only to 2024-05-13 08:00:00+00:00, run_after=2024-05-13 12:00:00+00:00
[2024-05-13T15:18:53.792+0000] {processor.py:183} INFO - Processing /home/airflow/.local/lib/python3.8/site-packages/airflow/example_dags/example_latest_only.py took 0.075 seconds
[2024-05-13T15:19:23.871+0000] {processor.py:161} INFO - Started process (PID=632) to work on /home/airflow/.local/lib/python3.8/site-packages/airflow/example_dags/example_latest_only.py
[2024-05-13T15:19:23.872+0000] {processor.py:830} INFO - Processing file /home/airflow/.local/lib/python3.8/site-packages/airflow/example_dags/example_latest_only.py for tasks to queue
[2024-05-13T15:19:23.874+0000] {logging_mixin.py:188} INFO - [2024-05-13T15:19:23.874+0000] {dagbag.py:540} INFO - Filling up the DagBag from /home/airflow/.local/lib/python3.8/site-packages/airflow/example_dags/example_latest_only.py
[2024-05-13T15:19:23.879+0000] {processor.py:840} INFO - DAG(s) 'latest_only' retrieved from /home/airflow/.local/lib/python3.8/site-packages/airflow/example_dags/example_latest_only.py
[2024-05-13T15:19:23.897+0000] {logging_mixin.py:188} INFO - [2024-05-13T15:19:23.897+0000] {dag.py:3047} INFO - Sync 1 DAGs
[2024-05-13T15:19:23.918+0000] {logging_mixin.py:188} INFO - [2024-05-13T15:19:23.917+0000] {dag.py:3834} INFO - Setting next_dagrun for latest_only to 2024-05-13 08:00:00+00:00, run_after=2024-05-13 12:00:00+00:00
[2024-05-13T15:19:23.937+0000] {processor.py:183} INFO - Processing /home/airflow/.local/lib/python3.8/site-packages/airflow/example_dags/example_latest_only.py took 0.068 seconds
[2024-05-13T15:19:54.154+0000] {processor.py:161} INFO - Started process (PID=700) to work on /home/airflow/.local/lib/python3.8/site-packages/airflow/example_dags/example_latest_only.py
[2024-05-13T15:19:54.155+0000] {processor.py:830} INFO - Processing file /home/airflow/.local/lib/python3.8/site-packages/airflow/example_dags/example_latest_only.py for tasks to queue
[2024-05-13T15:19:54.156+0000] {logging_mixin.py:188} INFO - [2024-05-13T15:19:54.156+0000] {dagbag.py:540} INFO - Filling up the DagBag from /home/airflow/.local/lib/python3.8/site-packages/airflow/example_dags/example_latest_only.py
[2024-05-13T15:19:54.161+0000] {processor.py:840} INFO - DAG(s) 'latest_only' retrieved from /home/airflow/.local/lib/python3.8/site-packages/airflow/example_dags/example_latest_only.py
[2024-05-13T15:19:54.179+0000] {logging_mixin.py:188} INFO - [2024-05-13T15:19:54.178+0000] {dag.py:3047} INFO - Sync 1 DAGs
[2024-05-13T15:19:54.199+0000] {logging_mixin.py:188} INFO - [2024-05-13T15:19:54.198+0000] {dag.py:3834} INFO - Setting next_dagrun for latest_only to 2024-05-13 08:00:00+00:00, run_after=2024-05-13 12:00:00+00:00
[2024-05-13T15:19:54.216+0000] {processor.py:183} INFO - Processing /home/airflow/.local/lib/python3.8/site-packages/airflow/example_dags/example_latest_only.py took 0.065 seconds
[2024-05-13T15:20:24.550+0000] {processor.py:161} INFO - Started process (PID=768) to work on /home/airflow/.local/lib/python3.8/site-packages/airflow/example_dags/example_latest_only.py
[2024-05-13T15:20:24.551+0000] {processor.py:830} INFO - Processing file /home/airflow/.local/lib/python3.8/site-packages/airflow/example_dags/example_latest_only.py for tasks to queue
[2024-05-13T15:20:24.554+0000] {logging_mixin.py:188} INFO - [2024-05-13T15:20:24.554+0000] {dagbag.py:540} INFO - Filling up the DagBag from /home/airflow/.local/lib/python3.8/site-packages/airflow/example_dags/example_latest_only.py
[2024-05-13T15:20:24.560+0000] {processor.py:840} INFO - DAG(s) 'latest_only' retrieved from /home/airflow/.local/lib/python3.8/site-packages/airflow/example_dags/example_latest_only.py
[2024-05-13T15:20:24.582+0000] {logging_mixin.py:188} INFO - [2024-05-13T15:20:24.581+0000] {dag.py:3047} INFO - Sync 1 DAGs
[2024-05-13T15:20:24.607+0000] {logging_mixin.py:188} INFO - [2024-05-13T15:20:24.607+0000] {dag.py:3834} INFO - Setting next_dagrun for latest_only to 2024-05-13 08:00:00+00:00, run_after=2024-05-13 12:00:00+00:00
[2024-05-13T15:20:24.632+0000] {processor.py:183} INFO - Processing /home/airflow/.local/lib/python3.8/site-packages/airflow/example_dags/example_latest_only.py took 0.087 seconds
[2024-05-13T15:20:54.905+0000] {processor.py:161} INFO - Started process (PID=840) to work on /home/airflow/.local/lib/python3.8/site-packages/airflow/example_dags/example_latest_only.py
[2024-05-13T15:20:54.907+0000] {processor.py:830} INFO - Processing file /home/airflow/.local/lib/python3.8/site-packages/airflow/example_dags/example_latest_only.py for tasks to queue
[2024-05-13T15:20:54.909+0000] {logging_mixin.py:188} INFO - [2024-05-13T15:20:54.909+0000] {dagbag.py:540} INFO - Filling up the DagBag from /home/airflow/.local/lib/python3.8/site-packages/airflow/example_dags/example_latest_only.py
[2024-05-13T15:20:54.915+0000] {processor.py:840} INFO - DAG(s) 'latest_only' retrieved from /home/airflow/.local/lib/python3.8/site-packages/airflow/example_dags/example_latest_only.py
[2024-05-13T15:20:54.942+0000] {logging_mixin.py:188} INFO - [2024-05-13T15:20:54.942+0000] {dag.py:3047} INFO - Sync 1 DAGs
[2024-05-13T15:20:54.971+0000] {logging_mixin.py:188} INFO - [2024-05-13T15:20:54.971+0000] {dag.py:3834} INFO - Setting next_dagrun for latest_only to 2024-05-13 08:00:00+00:00, run_after=2024-05-13 12:00:00+00:00
[2024-05-13T15:20:54.995+0000] {processor.py:183} INFO - Processing /home/airflow/.local/lib/python3.8/site-packages/airflow/example_dags/example_latest_only.py took 0.094 seconds
[2024-05-13T15:21:25.111+0000] {processor.py:161} INFO - Started process (PID=908) to work on /home/airflow/.local/lib/python3.8/site-packages/airflow/example_dags/example_latest_only.py
[2024-05-13T15:21:25.112+0000] {processor.py:830} INFO - Processing file /home/airflow/.local/lib/python3.8/site-packages/airflow/example_dags/example_latest_only.py for tasks to queue
[2024-05-13T15:21:25.114+0000] {logging_mixin.py:188} INFO - [2024-05-13T15:21:25.114+0000] {dagbag.py:540} INFO - Filling up the DagBag from /home/airflow/.local/lib/python3.8/site-packages/airflow/example_dags/example_latest_only.py
[2024-05-13T15:21:25.119+0000] {processor.py:840} INFO - DAG(s) 'latest_only' retrieved from /home/airflow/.local/lib/python3.8/site-packages/airflow/example_dags/example_latest_only.py
[2024-05-13T15:21:25.139+0000] {logging_mixin.py:188} INFO - [2024-05-13T15:21:25.138+0000] {dag.py:3047} INFO - Sync 1 DAGs
[2024-05-13T15:21:25.160+0000] {logging_mixin.py:188} INFO - [2024-05-13T15:21:25.159+0000] {dag.py:3834} INFO - Setting next_dagrun for latest_only to 2024-05-13 08:00:00+00:00, run_after=2024-05-13 12:00:00+00:00
[2024-05-13T15:21:25.178+0000] {processor.py:183} INFO - Processing /home/airflow/.local/lib/python3.8/site-packages/airflow/example_dags/example_latest_only.py took 0.070 seconds
[2024-05-13T15:21:55.378+0000] {processor.py:161} INFO - Started process (PID=976) to work on /home/airflow/.local/lib/python3.8/site-packages/airflow/example_dags/example_latest_only.py
[2024-05-13T15:21:55.380+0000] {processor.py:830} INFO - Processing file /home/airflow/.local/lib/python3.8/site-packages/airflow/example_dags/example_latest_only.py for tasks to queue
[2024-05-13T15:21:55.384+0000] {logging_mixin.py:188} INFO - [2024-05-13T15:21:55.384+0000] {dagbag.py:540} INFO - Filling up the DagBag from /home/airflow/.local/lib/python3.8/site-packages/airflow/example_dags/example_latest_only.py
[2024-05-13T15:21:55.391+0000] {processor.py:840} INFO - DAG(s) 'latest_only' retrieved from /home/airflow/.local/lib/python3.8/site-packages/airflow/example_dags/example_latest_only.py
[2024-05-13T15:21:55.412+0000] {logging_mixin.py:188} INFO - [2024-05-13T15:21:55.412+0000] {dag.py:3047} INFO - Sync 1 DAGs
[2024-05-13T15:21:55.441+0000] {logging_mixin.py:188} INFO - [2024-05-13T15:21:55.440+0000] {dag.py:3834} INFO - Setting next_dagrun for latest_only to 2024-05-13 08:00:00+00:00, run_after=2024-05-13 12:00:00+00:00
[2024-05-13T15:21:55.468+0000] {processor.py:183} INFO - Processing /home/airflow/.local/lib/python3.8/site-packages/airflow/example_dags/example_latest_only.py took 0.093 seconds
[2024-05-13T15:22:26.324+0000] {processor.py:161} INFO - Started process (PID=1044) to work on /home/airflow/.local/lib/python3.8/site-packages/airflow/example_dags/example_latest_only.py
[2024-05-13T15:22:26.326+0000] {processor.py:830} INFO - Processing file /home/airflow/.local/lib/python3.8/site-packages/airflow/example_dags/example_latest_only.py for tasks to queue
[2024-05-13T15:22:26.328+0000] {logging_mixin.py:188} INFO - [2024-05-13T15:22:26.327+0000] {dagbag.py:540} INFO - Filling up the DagBag from /home/airflow/.local/lib/python3.8/site-packages/airflow/example_dags/example_latest_only.py
[2024-05-13T15:22:26.339+0000] {processor.py:840} INFO - DAG(s) 'latest_only' retrieved from /home/airflow/.local/lib/python3.8/site-packages/airflow/example_dags/example_latest_only.py
[2024-05-13T15:22:26.363+0000] {logging_mixin.py:188} INFO - [2024-05-13T15:22:26.363+0000] {dag.py:3047} INFO - Sync 1 DAGs
[2024-05-13T15:22:26.396+0000] {logging_mixin.py:188} INFO - [2024-05-13T15:22:26.395+0000] {dag.py:3834} INFO - Setting next_dagrun for latest_only to 2024-05-13 08:00:00+00:00, run_after=2024-05-13 12:00:00+00:00
[2024-05-13T15:22:26.426+0000] {processor.py:183} INFO - Processing /home/airflow/.local/lib/python3.8/site-packages/airflow/example_dags/example_latest_only.py took 0.106 seconds
[2024-05-13T15:22:56.714+0000] {processor.py:161} INFO - Started process (PID=1113) to work on /home/airflow/.local/lib/python3.8/site-packages/airflow/example_dags/example_latest_only.py
[2024-05-13T15:22:56.715+0000] {processor.py:830} INFO - Processing file /home/airflow/.local/lib/python3.8/site-packages/airflow/example_dags/example_latest_only.py for tasks to queue
[2024-05-13T15:22:56.717+0000] {logging_mixin.py:188} INFO - [2024-05-13T15:22:56.717+0000] {dagbag.py:540} INFO - Filling up the DagBag from /home/airflow/.local/lib/python3.8/site-packages/airflow/example_dags/example_latest_only.py
[2024-05-13T15:22:56.724+0000] {processor.py:840} INFO - DAG(s) 'latest_only' retrieved from /home/airflow/.local/lib/python3.8/site-packages/airflow/example_dags/example_latest_only.py
[2024-05-13T15:22:56.748+0000] {logging_mixin.py:188} INFO - [2024-05-13T15:22:56.748+0000] {dag.py:3047} INFO - Sync 1 DAGs
[2024-05-13T15:22:56.775+0000] {logging_mixin.py:188} INFO - [2024-05-13T15:22:56.774+0000] {dag.py:3834} INFO - Setting next_dagrun for latest_only to 2024-05-13 08:00:00+00:00, run_after=2024-05-13 12:00:00+00:00
[2024-05-13T15:22:56.798+0000] {processor.py:183} INFO - Processing /home/airflow/.local/lib/python3.8/site-packages/airflow/example_dags/example_latest_only.py took 0.087 seconds
[2024-05-13T15:23:27.094+0000] {processor.py:161} INFO - Started process (PID=1181) to work on /home/airflow/.local/lib/python3.8/site-packages/airflow/example_dags/example_latest_only.py
[2024-05-13T15:23:27.095+0000] {processor.py:830} INFO - Processing file /home/airflow/.local/lib/python3.8/site-packages/airflow/example_dags/example_latest_only.py for tasks to queue
[2024-05-13T15:23:27.097+0000] {logging_mixin.py:188} INFO - [2024-05-13T15:23:27.097+0000] {dagbag.py:540} INFO - Filling up the DagBag from /home/airflow/.local/lib/python3.8/site-packages/airflow/example_dags/example_latest_only.py
[2024-05-13T15:23:27.104+0000] {processor.py:840} INFO - DAG(s) 'latest_only' retrieved from /home/airflow/.local/lib/python3.8/site-packages/airflow/example_dags/example_latest_only.py
[2024-05-13T15:23:27.128+0000] {logging_mixin.py:188} INFO - [2024-05-13T15:23:27.128+0000] {dag.py:3047} INFO - Sync 1 DAGs
[2024-05-13T15:23:27.157+0000] {logging_mixin.py:188} INFO - [2024-05-13T15:23:27.157+0000] {dag.py:3834} INFO - Setting next_dagrun for latest_only to 2024-05-13 08:00:00+00:00, run_after=2024-05-13 12:00:00+00:00
[2024-05-13T15:23:27.183+0000] {processor.py:183} INFO - Processing /home/airflow/.local/lib/python3.8/site-packages/airflow/example_dags/example_latest_only.py took 0.093 seconds
[2024-05-13T15:23:57.944+0000] {processor.py:161} INFO - Started process (PID=1249) to work on /home/airflow/.local/lib/python3.8/site-packages/airflow/example_dags/example_latest_only.py
[2024-05-13T15:23:57.945+0000] {processor.py:830} INFO - Processing file /home/airflow/.local/lib/python3.8/site-packages/airflow/example_dags/example_latest_only.py for tasks to queue
[2024-05-13T15:23:57.948+0000] {logging_mixin.py:188} INFO - [2024-05-13T15:23:57.948+0000] {dagbag.py:540} INFO - Filling up the DagBag from /home/airflow/.local/lib/python3.8/site-packages/airflow/example_dags/example_latest_only.py
[2024-05-13T15:23:57.956+0000] {processor.py:840} INFO - DAG(s) 'latest_only' retrieved from /home/airflow/.local/lib/python3.8/site-packages/airflow/example_dags/example_latest_only.py
[2024-05-13T15:23:57.979+0000] {logging_mixin.py:188} INFO - [2024-05-13T15:23:57.978+0000] {dag.py:3047} INFO - Sync 1 DAGs
[2024-05-13T15:23:58.005+0000] {logging_mixin.py:188} INFO - [2024-05-13T15:23:58.004+0000] {dag.py:3834} INFO - Setting next_dagrun for latest_only to 2024-05-13 08:00:00+00:00, run_after=2024-05-13 12:00:00+00:00
[2024-05-13T15:23:58.029+0000] {processor.py:183} INFO - Processing /home/airflow/.local/lib/python3.8/site-packages/airflow/example_dags/example_latest_only.py took 0.089 seconds
[2024-05-13T15:24:28.154+0000] {processor.py:161} INFO - Started process (PID=1317) to work on /home/airflow/.local/lib/python3.8/site-packages/airflow/example_dags/example_latest_only.py
[2024-05-13T15:24:28.155+0000] {processor.py:830} INFO - Processing file /home/airflow/.local/lib/python3.8/site-packages/airflow/example_dags/example_latest_only.py for tasks to queue
[2024-05-13T15:24:28.157+0000] {logging_mixin.py:188} INFO - [2024-05-13T15:24:28.157+0000] {dagbag.py:540} INFO - Filling up the DagBag from /home/airflow/.local/lib/python3.8/site-packages/airflow/example_dags/example_latest_only.py
[2024-05-13T15:24:28.162+0000] {processor.py:840} INFO - DAG(s) 'latest_only' retrieved from /home/airflow/.local/lib/python3.8/site-packages/airflow/example_dags/example_latest_only.py
[2024-05-13T15:24:28.181+0000] {logging_mixin.py:188} INFO - [2024-05-13T15:24:28.180+0000] {dag.py:3047} INFO - Sync 1 DAGs
[2024-05-13T15:24:28.200+0000] {logging_mixin.py:188} INFO - [2024-05-13T15:24:28.199+0000] {dag.py:3834} INFO - Setting next_dagrun for latest_only to 2024-05-13 08:00:00+00:00, run_after=2024-05-13 12:00:00+00:00
[2024-05-13T15:24:28.221+0000] {processor.py:183} INFO - Processing /home/airflow/.local/lib/python3.8/site-packages/airflow/example_dags/example_latest_only.py took 0.070 seconds
[2024-05-13T15:24:58.316+0000] {processor.py:161} INFO - Started process (PID=1385) to work on /home/airflow/.local/lib/python3.8/site-packages/airflow/example_dags/example_latest_only.py
[2024-05-13T15:24:58.317+0000] {processor.py:830} INFO - Processing file /home/airflow/.local/lib/python3.8/site-packages/airflow/example_dags/example_latest_only.py for tasks to queue
[2024-05-13T15:24:58.319+0000] {logging_mixin.py:188} INFO - [2024-05-13T15:24:58.319+0000] {dagbag.py:540} INFO - Filling up the DagBag from /home/airflow/.local/lib/python3.8/site-packages/airflow/example_dags/example_latest_only.py
[2024-05-13T15:24:58.324+0000] {processor.py:840} INFO - DAG(s) 'latest_only' retrieved from /home/airflow/.local/lib/python3.8/site-packages/airflow/example_dags/example_latest_only.py
[2024-05-13T15:24:58.342+0000] {logging_mixin.py:188} INFO - [2024-05-13T15:24:58.342+0000] {dag.py:3047} INFO - Sync 1 DAGs
[2024-05-13T15:24:58.362+0000] {logging_mixin.py:188} INFO - [2024-05-13T15:24:58.362+0000] {dag.py:3834} INFO - Setting next_dagrun for latest_only to 2024-05-13 08:00:00+00:00, run_after=2024-05-13 12:00:00+00:00
[2024-05-13T15:24:58.381+0000] {processor.py:183} INFO - Processing /home/airflow/.local/lib/python3.8/site-packages/airflow/example_dags/example_latest_only.py took 0.068 seconds
[2024-05-13T15:25:28.639+0000] {processor.py:161} INFO - Started process (PID=1454) to work on /home/airflow/.local/lib/python3.8/site-packages/airflow/example_dags/example_latest_only.py
[2024-05-13T15:25:28.640+0000] {processor.py:830} INFO - Processing file /home/airflow/.local/lib/python3.8/site-packages/airflow/example_dags/example_latest_only.py for tasks to queue
[2024-05-13T15:25:28.643+0000] {logging_mixin.py:188} INFO - [2024-05-13T15:25:28.643+0000] {dagbag.py:540} INFO - Filling up the DagBag from /home/airflow/.local/lib/python3.8/site-packages/airflow/example_dags/example_latest_only.py
[2024-05-13T15:25:28.648+0000] {processor.py:840} INFO - DAG(s) 'latest_only' retrieved from /home/airflow/.local/lib/python3.8/site-packages/airflow/example_dags/example_latest_only.py
[2024-05-13T15:25:28.668+0000] {logging_mixin.py:188} INFO - [2024-05-13T15:25:28.667+0000] {dag.py:3047} INFO - Sync 1 DAGs
[2024-05-13T15:25:28.693+0000] {logging_mixin.py:188} INFO - [2024-05-13T15:25:28.693+0000] {dag.py:3834} INFO - Setting next_dagrun for latest_only to 2024-05-13 08:00:00+00:00, run_after=2024-05-13 12:00:00+00:00
[2024-05-13T15:25:28.714+0000] {processor.py:183} INFO - Processing /home/airflow/.local/lib/python3.8/site-packages/airflow/example_dags/example_latest_only.py took 0.078 seconds
[2024-05-13T15:25:59.050+0000] {processor.py:161} INFO - Started process (PID=1522) to work on /home/airflow/.local/lib/python3.8/site-packages/airflow/example_dags/example_latest_only.py
[2024-05-13T15:25:59.051+0000] {processor.py:830} INFO - Processing file /home/airflow/.local/lib/python3.8/site-packages/airflow/example_dags/example_latest_only.py for tasks to queue
[2024-05-13T15:25:59.054+0000] {logging_mixin.py:188} INFO - [2024-05-13T15:25:59.054+0000] {dagbag.py:540} INFO - Filling up the DagBag from /home/airflow/.local/lib/python3.8/site-packages/airflow/example_dags/example_latest_only.py
[2024-05-13T15:25:59.059+0000] {processor.py:840} INFO - DAG(s) 'latest_only' retrieved from /home/airflow/.local/lib/python3.8/site-packages/airflow/example_dags/example_latest_only.py
[2024-05-13T15:25:59.077+0000] {logging_mixin.py:188} INFO - [2024-05-13T15:25:59.077+0000] {dag.py:3047} INFO - Sync 1 DAGs
[2024-05-13T15:25:59.098+0000] {logging_mixin.py:188} INFO - [2024-05-13T15:25:59.097+0000] {dag.py:3834} INFO - Setting next_dagrun for latest_only to 2024-05-13 08:00:00+00:00, run_after=2024-05-13 12:00:00+00:00
[2024-05-13T15:25:59.119+0000] {processor.py:183} INFO - Processing /home/airflow/.local/lib/python3.8/site-packages/airflow/example_dags/example_latest_only.py took 0.072 seconds
[2024-05-13T15:26:29.345+0000] {processor.py:161} INFO - Started process (PID=1590) to work on /home/airflow/.local/lib/python3.8/site-packages/airflow/example_dags/example_latest_only.py
[2024-05-13T15:26:29.347+0000] {processor.py:830} INFO - Processing file /home/airflow/.local/lib/python3.8/site-packages/airflow/example_dags/example_latest_only.py for tasks to queue
[2024-05-13T15:26:29.348+0000] {logging_mixin.py:188} INFO - [2024-05-13T15:26:29.348+0000] {dagbag.py:540} INFO - Filling up the DagBag from /home/airflow/.local/lib/python3.8/site-packages/airflow/example_dags/example_latest_only.py
[2024-05-13T15:26:29.353+0000] {processor.py:840} INFO - DAG(s) 'latest_only' retrieved from /home/airflow/.local/lib/python3.8/site-packages/airflow/example_dags/example_latest_only.py
[2024-05-13T15:26:29.370+0000] {logging_mixin.py:188} INFO - [2024-05-13T15:26:29.370+0000] {dag.py:3047} INFO - Sync 1 DAGs
[2024-05-13T15:26:29.389+0000] {logging_mixin.py:188} INFO - [2024-05-13T15:26:29.389+0000] {dag.py:3834} INFO - Setting next_dagrun for latest_only to 2024-05-13 08:00:00+00:00, run_after=2024-05-13 12:00:00+00:00
[2024-05-13T15:26:29.406+0000] {processor.py:183} INFO - Processing /home/airflow/.local/lib/python3.8/site-packages/airflow/example_dags/example_latest_only.py took 0.064 seconds
[2024-05-13T15:26:59.753+0000] {processor.py:161} INFO - Started process (PID=1658) to work on /home/airflow/.local/lib/python3.8/site-packages/airflow/example_dags/example_latest_only.py
[2024-05-13T15:26:59.754+0000] {processor.py:830} INFO - Processing file /home/airflow/.local/lib/python3.8/site-packages/airflow/example_dags/example_latest_only.py for tasks to queue
[2024-05-13T15:26:59.756+0000] {logging_mixin.py:188} INFO - [2024-05-13T15:26:59.756+0000] {dagbag.py:540} INFO - Filling up the DagBag from /home/airflow/.local/lib/python3.8/site-packages/airflow/example_dags/example_latest_only.py
[2024-05-13T15:26:59.761+0000] {processor.py:840} INFO - DAG(s) 'latest_only' retrieved from /home/airflow/.local/lib/python3.8/site-packages/airflow/example_dags/example_latest_only.py
[2024-05-13T15:26:59.779+0000] {logging_mixin.py:188} INFO - [2024-05-13T15:26:59.779+0000] {dag.py:3047} INFO - Sync 1 DAGs
[2024-05-13T15:26:59.798+0000] {logging_mixin.py:188} INFO - [2024-05-13T15:26:59.798+0000] {dag.py:3834} INFO - Setting next_dagrun for latest_only to 2024-05-13 08:00:00+00:00, run_after=2024-05-13 12:00:00+00:00
[2024-05-13T15:26:59.816+0000] {processor.py:183} INFO - Processing /home/airflow/.local/lib/python3.8/site-packages/airflow/example_dags/example_latest_only.py took 0.065 seconds
[2024-05-13T15:27:30.293+0000] {processor.py:161} INFO - Started process (PID=1726) to work on /home/airflow/.local/lib/python3.8/site-packages/airflow/example_dags/example_latest_only.py
[2024-05-13T15:27:30.294+0000] {processor.py:830} INFO - Processing file /home/airflow/.local/lib/python3.8/site-packages/airflow/example_dags/example_latest_only.py for tasks to queue
[2024-05-13T15:27:30.297+0000] {logging_mixin.py:188} INFO - [2024-05-13T15:27:30.296+0000] {dagbag.py:540} INFO - Filling up the DagBag from /home/airflow/.local/lib/python3.8/site-packages/airflow/example_dags/example_latest_only.py
[2024-05-13T15:27:30.303+0000] {processor.py:840} INFO - DAG(s) 'latest_only' retrieved from /home/airflow/.local/lib/python3.8/site-packages/airflow/example_dags/example_latest_only.py
[2024-05-13T15:27:30.329+0000] {logging_mixin.py:188} INFO - [2024-05-13T15:27:30.329+0000] {dag.py:3047} INFO - Sync 1 DAGs
[2024-05-13T15:27:30.357+0000] {logging_mixin.py:188} INFO - [2024-05-13T15:27:30.357+0000] {dag.py:3834} INFO - Setting next_dagrun for latest_only to 2024-05-13 08:00:00+00:00, run_after=2024-05-13 12:00:00+00:00
[2024-05-13T15:27:30.388+0000] {processor.py:183} INFO - Processing /home/airflow/.local/lib/python3.8/site-packages/airflow/example_dags/example_latest_only.py took 0.098 seconds
[2024-05-13T15:28:00.433+0000] {processor.py:161} INFO - Started process (PID=1794) to work on /home/airflow/.local/lib/python3.8/site-packages/airflow/example_dags/example_latest_only.py
[2024-05-13T15:28:00.434+0000] {processor.py:830} INFO - Processing file /home/airflow/.local/lib/python3.8/site-packages/airflow/example_dags/example_latest_only.py for tasks to queue
[2024-05-13T15:28:00.437+0000] {logging_mixin.py:188} INFO - [2024-05-13T15:28:00.436+0000] {dagbag.py:540} INFO - Filling up the DagBag from /home/airflow/.local/lib/python3.8/site-packages/airflow/example_dags/example_latest_only.py
[2024-05-13T15:28:00.442+0000] {processor.py:840} INFO - DAG(s) 'latest_only' retrieved from /home/airflow/.local/lib/python3.8/site-packages/airflow/example_dags/example_latest_only.py
[2024-05-13T15:28:00.459+0000] {logging_mixin.py:188} INFO - [2024-05-13T15:28:00.459+0000] {dag.py:3047} INFO - Sync 1 DAGs
[2024-05-13T15:28:00.480+0000] {logging_mixin.py:188} INFO - [2024-05-13T15:28:00.480+0000] {dag.py:3834} INFO - Setting next_dagrun for latest_only to 2024-05-13 08:00:00+00:00, run_after=2024-05-13 12:00:00+00:00
[2024-05-13T15:28:00.496+0000] {processor.py:183} INFO - Processing /home/airflow/.local/lib/python3.8/site-packages/airflow/example_dags/example_latest_only.py took 0.066 seconds
[2024-05-13T15:28:30.825+0000] {processor.py:161} INFO - Started process (PID=1862) to work on /home/airflow/.local/lib/python3.8/site-packages/airflow/example_dags/example_latest_only.py
[2024-05-13T15:28:30.826+0000] {processor.py:830} INFO - Processing file /home/airflow/.local/lib/python3.8/site-packages/airflow/example_dags/example_latest_only.py for tasks to queue
[2024-05-13T15:28:30.828+0000] {logging_mixin.py:188} INFO - [2024-05-13T15:28:30.828+0000] {dagbag.py:540} INFO - Filling up the DagBag from /home/airflow/.local/lib/python3.8/site-packages/airflow/example_dags/example_latest_only.py
[2024-05-13T15:28:30.833+0000] {processor.py:840} INFO - DAG(s) 'latest_only' retrieved from /home/airflow/.local/lib/python3.8/site-packages/airflow/example_dags/example_latest_only.py
[2024-05-13T15:28:30.853+0000] {logging_mixin.py:188} INFO - [2024-05-13T15:28:30.853+0000] {dag.py:3047} INFO - Sync 1 DAGs
[2024-05-13T15:28:30.877+0000] {logging_mixin.py:188} INFO - [2024-05-13T15:28:30.876+0000] {dag.py:3834} INFO - Setting next_dagrun for latest_only to 2024-05-13 08:00:00+00:00, run_after=2024-05-13 12:00:00+00:00
[2024-05-13T15:28:30.904+0000] {processor.py:183} INFO - Processing /home/airflow/.local/lib/python3.8/site-packages/airflow/example_dags/example_latest_only.py took 0.082 seconds
[2024-05-13T15:29:01.041+0000] {processor.py:161} INFO - Started process (PID=1930) to work on /home/airflow/.local/lib/python3.8/site-packages/airflow/example_dags/example_latest_only.py
[2024-05-13T15:29:01.042+0000] {processor.py:830} INFO - Processing file /home/airflow/.local/lib/python3.8/site-packages/airflow/example_dags/example_latest_only.py for tasks to queue
[2024-05-13T15:29:01.044+0000] {logging_mixin.py:188} INFO - [2024-05-13T15:29:01.044+0000] {dagbag.py:540} INFO - Filling up the DagBag from /home/airflow/.local/lib/python3.8/site-packages/airflow/example_dags/example_latest_only.py
[2024-05-13T15:29:01.049+0000] {processor.py:840} INFO - DAG(s) 'latest_only' retrieved from /home/airflow/.local/lib/python3.8/site-packages/airflow/example_dags/example_latest_only.py
[2024-05-13T15:29:01.069+0000] {logging_mixin.py:188} INFO - [2024-05-13T15:29:01.069+0000] {dag.py:3047} INFO - Sync 1 DAGs
[2024-05-13T15:29:01.092+0000] {logging_mixin.py:188} INFO - [2024-05-13T15:29:01.092+0000] {dag.py:3834} INFO - Setting next_dagrun for latest_only to 2024-05-13 08:00:00+00:00, run_after=2024-05-13 12:00:00+00:00
[2024-05-13T15:29:01.111+0000] {processor.py:183} INFO - Processing /home/airflow/.local/lib/python3.8/site-packages/airflow/example_dags/example_latest_only.py took 0.072 seconds
[2024-05-13T15:29:31.578+0000] {processor.py:161} INFO - Started process (PID=1998) to work on /home/airflow/.local/lib/python3.8/site-packages/airflow/example_dags/example_latest_only.py
[2024-05-13T15:29:31.579+0000] {processor.py:830} INFO - Processing file /home/airflow/.local/lib/python3.8/site-packages/airflow/example_dags/example_latest_only.py for tasks to queue
[2024-05-13T15:29:31.581+0000] {logging_mixin.py:188} INFO - [2024-05-13T15:29:31.581+0000] {dagbag.py:540} INFO - Filling up the DagBag from /home/airflow/.local/lib/python3.8/site-packages/airflow/example_dags/example_latest_only.py
[2024-05-13T15:29:31.590+0000] {processor.py:840} INFO - DAG(s) 'latest_only' retrieved from /home/airflow/.local/lib/python3.8/site-packages/airflow/example_dags/example_latest_only.py
[2024-05-13T15:29:31.623+0000] {logging_mixin.py:188} INFO - [2024-05-13T15:29:31.623+0000] {dag.py:3047} INFO - Sync 1 DAGs
[2024-05-13T15:29:31.663+0000] {logging_mixin.py:188} INFO - [2024-05-13T15:29:31.663+0000] {dag.py:3834} INFO - Setting next_dagrun for latest_only to 2024-05-13 08:00:00+00:00, run_after=2024-05-13 12:00:00+00:00
[2024-05-13T15:29:31.711+0000] {processor.py:183} INFO - Processing /home/airflow/.local/lib/python3.8/site-packages/airflow/example_dags/example_latest_only.py took 0.138 seconds
[2024-05-13T15:30:02.339+0000] {processor.py:161} INFO - Started process (PID=2066) to work on /home/airflow/.local/lib/python3.8/site-packages/airflow/example_dags/example_latest_only.py
[2024-05-13T15:30:02.340+0000] {processor.py:830} INFO - Processing file /home/airflow/.local/lib/python3.8/site-packages/airflow/example_dags/example_latest_only.py for tasks to queue
[2024-05-13T15:30:02.341+0000] {logging_mixin.py:188} INFO - [2024-05-13T15:30:02.341+0000] {dagbag.py:540} INFO - Filling up the DagBag from /home/airflow/.local/lib/python3.8/site-packages/airflow/example_dags/example_latest_only.py
[2024-05-13T15:30:02.346+0000] {processor.py:840} INFO - DAG(s) 'latest_only' retrieved from /home/airflow/.local/lib/python3.8/site-packages/airflow/example_dags/example_latest_only.py
[2024-05-13T15:30:02.364+0000] {logging_mixin.py:188} INFO - [2024-05-13T15:30:02.363+0000] {dag.py:3047} INFO - Sync 1 DAGs
[2024-05-13T15:30:02.384+0000] {logging_mixin.py:188} INFO - [2024-05-13T15:30:02.384+0000] {dag.py:3834} INFO - Setting next_dagrun for latest_only to 2024-05-13 08:00:00+00:00, run_after=2024-05-13 12:00:00+00:00
[2024-05-13T15:30:02.401+0000] {processor.py:183} INFO - Processing /home/airflow/.local/lib/python3.8/site-packages/airflow/example_dags/example_latest_only.py took 0.065 seconds
[2024-05-13T15:30:32.502+0000] {processor.py:161} INFO - Started process (PID=2134) to work on /home/airflow/.local/lib/python3.8/site-packages/airflow/example_dags/example_latest_only.py
[2024-05-13T15:30:32.503+0000] {processor.py:830} INFO - Processing file /home/airflow/.local/lib/python3.8/site-packages/airflow/example_dags/example_latest_only.py for tasks to queue
[2024-05-13T15:30:32.505+0000] {logging_mixin.py:188} INFO - [2024-05-13T15:30:32.505+0000] {dagbag.py:540} INFO - Filling up the DagBag from /home/airflow/.local/lib/python3.8/site-packages/airflow/example_dags/example_latest_only.py
[2024-05-13T15:30:32.510+0000] {processor.py:840} INFO - DAG(s) 'latest_only' retrieved from /home/airflow/.local/lib/python3.8/site-packages/airflow/example_dags/example_latest_only.py
[2024-05-13T15:30:32.528+0000] {logging_mixin.py:188} INFO - [2024-05-13T15:30:32.528+0000] {dag.py:3047} INFO - Sync 1 DAGs
[2024-05-13T15:30:32.550+0000] {logging_mixin.py:188} INFO - [2024-05-13T15:30:32.550+0000] {dag.py:3834} INFO - Setting next_dagrun for latest_only to 2024-05-13 08:00:00+00:00, run_after=2024-05-13 12:00:00+00:00
[2024-05-13T15:30:32.572+0000] {processor.py:183} INFO - Processing /home/airflow/.local/lib/python3.8/site-packages/airflow/example_dags/example_latest_only.py took 0.073 seconds
[2024-05-13T15:31:02.605+0000] {processor.py:161} INFO - Started process (PID=2202) to work on /home/airflow/.local/lib/python3.8/site-packages/airflow/example_dags/example_latest_only.py
[2024-05-13T15:31:02.606+0000] {processor.py:830} INFO - Processing file /home/airflow/.local/lib/python3.8/site-packages/airflow/example_dags/example_latest_only.py for tasks to queue
[2024-05-13T15:31:02.608+0000] {logging_mixin.py:188} INFO - [2024-05-13T15:31:02.607+0000] {dagbag.py:540} INFO - Filling up the DagBag from /home/airflow/.local/lib/python3.8/site-packages/airflow/example_dags/example_latest_only.py
[2024-05-13T15:31:02.612+0000] {processor.py:840} INFO - DAG(s) 'latest_only' retrieved from /home/airflow/.local/lib/python3.8/site-packages/airflow/example_dags/example_latest_only.py
[2024-05-13T15:31:02.631+0000] {logging_mixin.py:188} INFO - [2024-05-13T15:31:02.631+0000] {dag.py:3047} INFO - Sync 1 DAGs
[2024-05-13T15:31:02.651+0000] {logging_mixin.py:188} INFO - [2024-05-13T15:31:02.651+0000] {dag.py:3834} INFO - Setting next_dagrun for latest_only to 2024-05-13 08:00:00+00:00, run_after=2024-05-13 12:00:00+00:00
[2024-05-13T15:31:02.667+0000] {processor.py:183} INFO - Processing /home/airflow/.local/lib/python3.8/site-packages/airflow/example_dags/example_latest_only.py took 0.065 seconds
[2024-05-13T15:31:32.778+0000] {processor.py:161} INFO - Started process (PID=2270) to work on /home/airflow/.local/lib/python3.8/site-packages/airflow/example_dags/example_latest_only.py
[2024-05-13T15:31:32.779+0000] {processor.py:830} INFO - Processing file /home/airflow/.local/lib/python3.8/site-packages/airflow/example_dags/example_latest_only.py for tasks to queue
[2024-05-13T15:31:32.781+0000] {logging_mixin.py:188} INFO - [2024-05-13T15:31:32.780+0000] {dagbag.py:540} INFO - Filling up the DagBag from /home/airflow/.local/lib/python3.8/site-packages/airflow/example_dags/example_latest_only.py
[2024-05-13T15:31:32.785+0000] {processor.py:840} INFO - DAG(s) 'latest_only' retrieved from /home/airflow/.local/lib/python3.8/site-packages/airflow/example_dags/example_latest_only.py
[2024-05-13T15:31:32.803+0000] {logging_mixin.py:188} INFO - [2024-05-13T15:31:32.803+0000] {dag.py:3047} INFO - Sync 1 DAGs
[2024-05-13T15:31:32.824+0000] {logging_mixin.py:188} INFO - [2024-05-13T15:31:32.823+0000] {dag.py:3834} INFO - Setting next_dagrun for latest_only to 2024-05-13 08:00:00+00:00, run_after=2024-05-13 12:00:00+00:00
[2024-05-13T15:31:32.842+0000] {processor.py:183} INFO - Processing /home/airflow/.local/lib/python3.8/site-packages/airflow/example_dags/example_latest_only.py took 0.068 seconds
[2024-05-13T15:32:03.219+0000] {processor.py:161} INFO - Started process (PID=2338) to work on /home/airflow/.local/lib/python3.8/site-packages/airflow/example_dags/example_latest_only.py
[2024-05-13T15:32:03.220+0000] {processor.py:830} INFO - Processing file /home/airflow/.local/lib/python3.8/site-packages/airflow/example_dags/example_latest_only.py for tasks to queue
[2024-05-13T15:32:03.221+0000] {logging_mixin.py:188} INFO - [2024-05-13T15:32:03.221+0000] {dagbag.py:540} INFO - Filling up the DagBag from /home/airflow/.local/lib/python3.8/site-packages/airflow/example_dags/example_latest_only.py
[2024-05-13T15:32:03.226+0000] {processor.py:840} INFO - DAG(s) 'latest_only' retrieved from /home/airflow/.local/lib/python3.8/site-packages/airflow/example_dags/example_latest_only.py
[2024-05-13T15:32:03.243+0000] {logging_mixin.py:188} INFO - [2024-05-13T15:32:03.243+0000] {dag.py:3047} INFO - Sync 1 DAGs
[2024-05-13T15:32:03.262+0000] {logging_mixin.py:188} INFO - [2024-05-13T15:32:03.262+0000] {dag.py:3834} INFO - Setting next_dagrun for latest_only to 2024-05-13 08:00:00+00:00, run_after=2024-05-13 12:00:00+00:00
[2024-05-13T15:32:03.281+0000] {processor.py:183} INFO - Processing /home/airflow/.local/lib/python3.8/site-packages/airflow/example_dags/example_latest_only.py took 0.065 seconds
[2024-05-13T15:32:33.863+0000] {processor.py:161} INFO - Started process (PID=2406) to work on /home/airflow/.local/lib/python3.8/site-packages/airflow/example_dags/example_latest_only.py
[2024-05-13T15:32:33.864+0000] {processor.py:830} INFO - Processing file /home/airflow/.local/lib/python3.8/site-packages/airflow/example_dags/example_latest_only.py for tasks to queue
[2024-05-13T15:32:33.866+0000] {logging_mixin.py:188} INFO - [2024-05-13T15:32:33.865+0000] {dagbag.py:540} INFO - Filling up the DagBag from /home/airflow/.local/lib/python3.8/site-packages/airflow/example_dags/example_latest_only.py
[2024-05-13T15:32:33.871+0000] {processor.py:840} INFO - DAG(s) 'latest_only' retrieved from /home/airflow/.local/lib/python3.8/site-packages/airflow/example_dags/example_latest_only.py
[2024-05-13T15:32:33.897+0000] {logging_mixin.py:188} INFO - [2024-05-13T15:32:33.896+0000] {dag.py:3047} INFO - Sync 1 DAGs
[2024-05-13T15:32:33.923+0000] {logging_mixin.py:188} INFO - [2024-05-13T15:32:33.922+0000] {dag.py:3834} INFO - Setting next_dagrun for latest_only to 2024-05-13 08:00:00+00:00, run_after=2024-05-13 12:00:00+00:00
[2024-05-13T15:32:33.945+0000] {processor.py:183} INFO - Processing /home/airflow/.local/lib/python3.8/site-packages/airflow/example_dags/example_latest_only.py took 0.085 seconds
[2024-05-13T15:33:04.331+0000] {processor.py:161} INFO - Started process (PID=2474) to work on /home/airflow/.local/lib/python3.8/site-packages/airflow/example_dags/example_latest_only.py
[2024-05-13T15:33:04.332+0000] {processor.py:830} INFO - Processing file /home/airflow/.local/lib/python3.8/site-packages/airflow/example_dags/example_latest_only.py for tasks to queue
[2024-05-13T15:33:04.334+0000] {logging_mixin.py:188} INFO - [2024-05-13T15:33:04.333+0000] {dagbag.py:540} INFO - Filling up the DagBag from /home/airflow/.local/lib/python3.8/site-packages/airflow/example_dags/example_latest_only.py
[2024-05-13T15:33:04.339+0000] {processor.py:840} INFO - DAG(s) 'latest_only' retrieved from /home/airflow/.local/lib/python3.8/site-packages/airflow/example_dags/example_latest_only.py
[2024-05-13T15:33:04.361+0000] {logging_mixin.py:188} INFO - [2024-05-13T15:33:04.361+0000] {dag.py:3047} INFO - Sync 1 DAGs
[2024-05-13T15:33:04.384+0000] {logging_mixin.py:188} INFO - [2024-05-13T15:33:04.384+0000] {dag.py:3834} INFO - Setting next_dagrun for latest_only to 2024-05-13 08:00:00+00:00, run_after=2024-05-13 12:00:00+00:00
[2024-05-13T15:33:04.404+0000] {processor.py:183} INFO - Processing /home/airflow/.local/lib/python3.8/site-packages/airflow/example_dags/example_latest_only.py took 0.076 seconds
[2024-05-13T15:33:35.166+0000] {processor.py:161} INFO - Started process (PID=2542) to work on /home/airflow/.local/lib/python3.8/site-packages/airflow/example_dags/example_latest_only.py
[2024-05-13T15:33:35.171+0000] {processor.py:830} INFO - Processing file /home/airflow/.local/lib/python3.8/site-packages/airflow/example_dags/example_latest_only.py for tasks to queue
[2024-05-13T15:33:35.174+0000] {logging_mixin.py:188} INFO - [2024-05-13T15:33:35.173+0000] {dagbag.py:540} INFO - Filling up the DagBag from /home/airflow/.local/lib/python3.8/site-packages/airflow/example_dags/example_latest_only.py
[2024-05-13T15:33:35.183+0000] {processor.py:840} INFO - DAG(s) 'latest_only' retrieved from /home/airflow/.local/lib/python3.8/site-packages/airflow/example_dags/example_latest_only.py
[2024-05-13T15:33:35.208+0000] {logging_mixin.py:188} INFO - [2024-05-13T15:33:35.208+0000] {dag.py:3047} INFO - Sync 1 DAGs
[2024-05-13T15:33:35.236+0000] {logging_mixin.py:188} INFO - [2024-05-13T15:33:35.236+0000] {dag.py:3834} INFO - Setting next_dagrun for latest_only to 2024-05-13 08:00:00+00:00, run_after=2024-05-13 12:00:00+00:00
[2024-05-13T15:33:35.256+0000] {processor.py:183} INFO - Processing /home/airflow/.local/lib/python3.8/site-packages/airflow/example_dags/example_latest_only.py took 0.095 seconds
[2024-05-13T15:34:05.930+0000] {processor.py:161} INFO - Started process (PID=2610) to work on /home/airflow/.local/lib/python3.8/site-packages/airflow/example_dags/example_latest_only.py
[2024-05-13T15:34:05.931+0000] {processor.py:830} INFO - Processing file /home/airflow/.local/lib/python3.8/site-packages/airflow/example_dags/example_latest_only.py for tasks to queue
[2024-05-13T15:34:05.933+0000] {logging_mixin.py:188} INFO - [2024-05-13T15:34:05.933+0000] {dagbag.py:540} INFO - Filling up the DagBag from /home/airflow/.local/lib/python3.8/site-packages/airflow/example_dags/example_latest_only.py
[2024-05-13T15:34:05.938+0000] {processor.py:840} INFO - DAG(s) 'latest_only' retrieved from /home/airflow/.local/lib/python3.8/site-packages/airflow/example_dags/example_latest_only.py
[2024-05-13T15:34:05.957+0000] {logging_mixin.py:188} INFO - [2024-05-13T15:34:05.957+0000] {dag.py:3047} INFO - Sync 1 DAGs
[2024-05-13T15:34:05.976+0000] {logging_mixin.py:188} INFO - [2024-05-13T15:34:05.976+0000] {dag.py:3834} INFO - Setting next_dagrun for latest_only to 2024-05-13 08:00:00+00:00, run_after=2024-05-13 12:00:00+00:00
[2024-05-13T15:34:05.997+0000] {processor.py:183} INFO - Processing /home/airflow/.local/lib/python3.8/site-packages/airflow/example_dags/example_latest_only.py took 0.069 seconds
[2024-05-13T15:34:36.424+0000] {processor.py:161} INFO - Started process (PID=2679) to work on /home/airflow/.local/lib/python3.8/site-packages/airflow/example_dags/example_latest_only.py
[2024-05-13T15:34:36.424+0000] {processor.py:830} INFO - Processing file /home/airflow/.local/lib/python3.8/site-packages/airflow/example_dags/example_latest_only.py for tasks to queue
[2024-05-13T15:34:36.426+0000] {logging_mixin.py:188} INFO - [2024-05-13T15:34:36.426+0000] {dagbag.py:540} INFO - Filling up the DagBag from /home/airflow/.local/lib/python3.8/site-packages/airflow/example_dags/example_latest_only.py
[2024-05-13T15:34:36.430+0000] {processor.py:840} INFO - DAG(s) 'latest_only' retrieved from /home/airflow/.local/lib/python3.8/site-packages/airflow/example_dags/example_latest_only.py
[2024-05-13T15:34:36.449+0000] {logging_mixin.py:188} INFO - [2024-05-13T15:34:36.448+0000] {dag.py:3047} INFO - Sync 1 DAGs
[2024-05-13T15:34:36.468+0000] {logging_mixin.py:188} INFO - [2024-05-13T15:34:36.467+0000] {dag.py:3834} INFO - Setting next_dagrun for latest_only to 2024-05-13 08:00:00+00:00, run_after=2024-05-13 12:00:00+00:00
[2024-05-13T15:34:36.486+0000] {processor.py:183} INFO - Processing /home/airflow/.local/lib/python3.8/site-packages/airflow/example_dags/example_latest_only.py took 0.065 seconds
[2024-05-13T15:35:07.017+0000] {processor.py:161} INFO - Started process (PID=2747) to work on /home/airflow/.local/lib/python3.8/site-packages/airflow/example_dags/example_latest_only.py
[2024-05-13T15:35:07.018+0000] {processor.py:830} INFO - Processing file /home/airflow/.local/lib/python3.8/site-packages/airflow/example_dags/example_latest_only.py for tasks to queue
[2024-05-13T15:35:07.020+0000] {logging_mixin.py:188} INFO - [2024-05-13T15:35:07.019+0000] {dagbag.py:540} INFO - Filling up the DagBag from /home/airflow/.local/lib/python3.8/site-packages/airflow/example_dags/example_latest_only.py
[2024-05-13T15:35:07.024+0000] {processor.py:840} INFO - DAG(s) 'latest_only' retrieved from /home/airflow/.local/lib/python3.8/site-packages/airflow/example_dags/example_latest_only.py
[2024-05-13T15:35:07.042+0000] {logging_mixin.py:188} INFO - [2024-05-13T15:35:07.042+0000] {dag.py:3047} INFO - Sync 1 DAGs
[2024-05-13T15:35:07.063+0000] {logging_mixin.py:188} INFO - [2024-05-13T15:35:07.063+0000] {dag.py:3834} INFO - Setting next_dagrun for latest_only to 2024-05-13 08:00:00+00:00, run_after=2024-05-13 12:00:00+00:00
[2024-05-13T15:35:07.081+0000] {processor.py:183} INFO - Processing /home/airflow/.local/lib/python3.8/site-packages/airflow/example_dags/example_latest_only.py took 0.067 seconds
[2024-05-13T15:35:37.574+0000] {processor.py:161} INFO - Started process (PID=2815) to work on /home/airflow/.local/lib/python3.8/site-packages/airflow/example_dags/example_latest_only.py
[2024-05-13T15:35:37.575+0000] {processor.py:830} INFO - Processing file /home/airflow/.local/lib/python3.8/site-packages/airflow/example_dags/example_latest_only.py for tasks to queue
[2024-05-13T15:35:37.576+0000] {logging_mixin.py:188} INFO - [2024-05-13T15:35:37.576+0000] {dagbag.py:540} INFO - Filling up the DagBag from /home/airflow/.local/lib/python3.8/site-packages/airflow/example_dags/example_latest_only.py
[2024-05-13T15:35:37.581+0000] {processor.py:840} INFO - DAG(s) 'latest_only' retrieved from /home/airflow/.local/lib/python3.8/site-packages/airflow/example_dags/example_latest_only.py
[2024-05-13T15:35:37.598+0000] {logging_mixin.py:188} INFO - [2024-05-13T15:35:37.598+0000] {dag.py:3047} INFO - Sync 1 DAGs
[2024-05-13T15:35:37.616+0000] {logging_mixin.py:188} INFO - [2024-05-13T15:35:37.616+0000] {dag.py:3834} INFO - Setting next_dagrun for latest_only to 2024-05-13 08:00:00+00:00, run_after=2024-05-13 12:00:00+00:00
[2024-05-13T15:35:37.634+0000] {processor.py:183} INFO - Processing /home/airflow/.local/lib/python3.8/site-packages/airflow/example_dags/example_latest_only.py took 0.063 seconds
[2024-05-13T15:36:08.296+0000] {processor.py:161} INFO - Started process (PID=2883) to work on /home/airflow/.local/lib/python3.8/site-packages/airflow/example_dags/example_latest_only.py
[2024-05-13T15:36:08.297+0000] {processor.py:830} INFO - Processing file /home/airflow/.local/lib/python3.8/site-packages/airflow/example_dags/example_latest_only.py for tasks to queue
[2024-05-13T15:36:08.301+0000] {logging_mixin.py:188} INFO - [2024-05-13T15:36:08.301+0000] {dagbag.py:540} INFO - Filling up the DagBag from /home/airflow/.local/lib/python3.8/site-packages/airflow/example_dags/example_latest_only.py
[2024-05-13T15:36:08.308+0000] {processor.py:840} INFO - DAG(s) 'latest_only' retrieved from /home/airflow/.local/lib/python3.8/site-packages/airflow/example_dags/example_latest_only.py
[2024-05-13T15:36:08.330+0000] {logging_mixin.py:188} INFO - [2024-05-13T15:36:08.329+0000] {dag.py:3047} INFO - Sync 1 DAGs
[2024-05-13T15:36:08.357+0000] {logging_mixin.py:188} INFO - [2024-05-13T15:36:08.356+0000] {dag.py:3834} INFO - Setting next_dagrun for latest_only to 2024-05-13 08:00:00+00:00, run_after=2024-05-13 12:00:00+00:00
[2024-05-13T15:36:08.385+0000] {processor.py:183} INFO - Processing /home/airflow/.local/lib/python3.8/site-packages/airflow/example_dags/example_latest_only.py took 0.093 seconds
[2024-05-13T15:36:39.335+0000] {processor.py:161} INFO - Started process (PID=2939) to work on /home/airflow/.local/lib/python3.8/site-packages/airflow/example_dags/example_latest_only.py
[2024-05-13T15:36:39.338+0000] {processor.py:830} INFO - Processing file /home/airflow/.local/lib/python3.8/site-packages/airflow/example_dags/example_latest_only.py for tasks to queue
[2024-05-13T15:36:39.344+0000] {logging_mixin.py:188} INFO - [2024-05-13T15:36:39.343+0000] {dagbag.py:540} INFO - Filling up the DagBag from /home/airflow/.local/lib/python3.8/site-packages/airflow/example_dags/example_latest_only.py
[2024-05-13T15:36:39.349+0000] {processor.py:840} INFO - DAG(s) 'latest_only' retrieved from /home/airflow/.local/lib/python3.8/site-packages/airflow/example_dags/example_latest_only.py
[2024-05-13T15:36:39.372+0000] {logging_mixin.py:188} INFO - [2024-05-13T15:36:39.372+0000] {dag.py:3047} INFO - Sync 1 DAGs
[2024-05-13T15:36:39.434+0000] {logging_mixin.py:188} INFO - [2024-05-13T15:36:39.434+0000] {dag.py:3834} INFO - Setting next_dagrun for latest_only to 2024-05-13 08:00:00+00:00, run_after=2024-05-13 12:00:00+00:00
[2024-05-13T15:36:39.476+0000] {processor.py:183} INFO - Processing /home/airflow/.local/lib/python3.8/site-packages/airflow/example_dags/example_latest_only.py took 0.144 seconds
[2024-05-13T15:37:10.366+0000] {processor.py:161} INFO - Started process (PID=3007) to work on /home/airflow/.local/lib/python3.8/site-packages/airflow/example_dags/example_latest_only.py
[2024-05-13T15:37:10.367+0000] {processor.py:830} INFO - Processing file /home/airflow/.local/lib/python3.8/site-packages/airflow/example_dags/example_latest_only.py for tasks to queue
[2024-05-13T15:37:10.369+0000] {logging_mixin.py:188} INFO - [2024-05-13T15:37:10.369+0000] {dagbag.py:540} INFO - Filling up the DagBag from /home/airflow/.local/lib/python3.8/site-packages/airflow/example_dags/example_latest_only.py
[2024-05-13T15:37:10.373+0000] {processor.py:840} INFO - DAG(s) 'latest_only' retrieved from /home/airflow/.local/lib/python3.8/site-packages/airflow/example_dags/example_latest_only.py
[2024-05-13T15:37:10.391+0000] {logging_mixin.py:188} INFO - [2024-05-13T15:37:10.391+0000] {dag.py:3047} INFO - Sync 1 DAGs
[2024-05-13T15:37:10.415+0000] {logging_mixin.py:188} INFO - [2024-05-13T15:37:10.415+0000] {dag.py:3834} INFO - Setting next_dagrun for latest_only to 2024-05-13 08:00:00+00:00, run_after=2024-05-13 12:00:00+00:00
[2024-05-13T15:37:10.439+0000] {processor.py:183} INFO - Processing /home/airflow/.local/lib/python3.8/site-packages/airflow/example_dags/example_latest_only.py took 0.076 seconds
[2024-05-13T15:37:40.766+0000] {processor.py:161} INFO - Started process (PID=3074) to work on /home/airflow/.local/lib/python3.8/site-packages/airflow/example_dags/example_latest_only.py
[2024-05-13T15:37:40.767+0000] {processor.py:830} INFO - Processing file /home/airflow/.local/lib/python3.8/site-packages/airflow/example_dags/example_latest_only.py for tasks to queue
[2024-05-13T15:37:40.769+0000] {logging_mixin.py:188} INFO - [2024-05-13T15:37:40.769+0000] {dagbag.py:540} INFO - Filling up the DagBag from /home/airflow/.local/lib/python3.8/site-packages/airflow/example_dags/example_latest_only.py
[2024-05-13T15:37:40.774+0000] {processor.py:840} INFO - DAG(s) 'latest_only' retrieved from /home/airflow/.local/lib/python3.8/site-packages/airflow/example_dags/example_latest_only.py
[2024-05-13T15:37:40.796+0000] {logging_mixin.py:188} INFO - [2024-05-13T15:37:40.796+0000] {dag.py:3047} INFO - Sync 1 DAGs
[2024-05-13T15:37:40.817+0000] {logging_mixin.py:188} INFO - [2024-05-13T15:37:40.817+0000] {dag.py:3834} INFO - Setting next_dagrun for latest_only to 2024-05-13 08:00:00+00:00, run_after=2024-05-13 12:00:00+00:00
[2024-05-13T15:37:40.840+0000] {processor.py:183} INFO - Processing /home/airflow/.local/lib/python3.8/site-packages/airflow/example_dags/example_latest_only.py took 0.078 seconds
[2024-05-13T15:38:11.315+0000] {processor.py:161} INFO - Started process (PID=3142) to work on /home/airflow/.local/lib/python3.8/site-packages/airflow/example_dags/example_latest_only.py
[2024-05-13T15:38:11.316+0000] {processor.py:830} INFO - Processing file /home/airflow/.local/lib/python3.8/site-packages/airflow/example_dags/example_latest_only.py for tasks to queue
[2024-05-13T15:38:11.317+0000] {logging_mixin.py:188} INFO - [2024-05-13T15:38:11.317+0000] {dagbag.py:540} INFO - Filling up the DagBag from /home/airflow/.local/lib/python3.8/site-packages/airflow/example_dags/example_latest_only.py
[2024-05-13T15:38:11.323+0000] {processor.py:840} INFO - DAG(s) 'latest_only' retrieved from /home/airflow/.local/lib/python3.8/site-packages/airflow/example_dags/example_latest_only.py
[2024-05-13T15:38:11.343+0000] {logging_mixin.py:188} INFO - [2024-05-13T15:38:11.342+0000] {dag.py:3047} INFO - Sync 1 DAGs
[2024-05-13T15:38:11.364+0000] {logging_mixin.py:188} INFO - [2024-05-13T15:38:11.364+0000] {dag.py:3834} INFO - Setting next_dagrun for latest_only to 2024-05-13 08:00:00+00:00, run_after=2024-05-13 12:00:00+00:00
[2024-05-13T15:38:11.381+0000] {processor.py:183} INFO - Processing /home/airflow/.local/lib/python3.8/site-packages/airflow/example_dags/example_latest_only.py took 0.070 seconds
[2024-05-13T15:38:41.969+0000] {processor.py:161} INFO - Started process (PID=3210) to work on /home/airflow/.local/lib/python3.8/site-packages/airflow/example_dags/example_latest_only.py
[2024-05-13T15:38:41.970+0000] {processor.py:830} INFO - Processing file /home/airflow/.local/lib/python3.8/site-packages/airflow/example_dags/example_latest_only.py for tasks to queue
[2024-05-13T15:38:41.972+0000] {logging_mixin.py:188} INFO - [2024-05-13T15:38:41.972+0000] {dagbag.py:540} INFO - Filling up the DagBag from /home/airflow/.local/lib/python3.8/site-packages/airflow/example_dags/example_latest_only.py
[2024-05-13T15:38:41.978+0000] {processor.py:840} INFO - DAG(s) 'latest_only' retrieved from /home/airflow/.local/lib/python3.8/site-packages/airflow/example_dags/example_latest_only.py
[2024-05-13T15:38:42.002+0000] {logging_mixin.py:188} INFO - [2024-05-13T15:38:42.001+0000] {dag.py:3047} INFO - Sync 1 DAGs
[2024-05-13T15:38:42.029+0000] {logging_mixin.py:188} INFO - [2024-05-13T15:38:42.029+0000] {dag.py:3834} INFO - Setting next_dagrun for latest_only to 2024-05-13 08:00:00+00:00, run_after=2024-05-13 12:00:00+00:00
[2024-05-13T15:38:42.058+0000] {processor.py:183} INFO - Processing /home/airflow/.local/lib/python3.8/site-packages/airflow/example_dags/example_latest_only.py took 0.091 seconds
[2024-05-13T15:39:13.045+0000] {processor.py:161} INFO - Started process (PID=3278) to work on /home/airflow/.local/lib/python3.8/site-packages/airflow/example_dags/example_latest_only.py
[2024-05-13T15:39:13.047+0000] {processor.py:830} INFO - Processing file /home/airflow/.local/lib/python3.8/site-packages/airflow/example_dags/example_latest_only.py for tasks to queue
[2024-05-13T15:39:13.051+0000] {logging_mixin.py:188} INFO - [2024-05-13T15:39:13.050+0000] {dagbag.py:540} INFO - Filling up the DagBag from /home/airflow/.local/lib/python3.8/site-packages/airflow/example_dags/example_latest_only.py
[2024-05-13T15:39:13.060+0000] {processor.py:840} INFO - DAG(s) 'latest_only' retrieved from /home/airflow/.local/lib/python3.8/site-packages/airflow/example_dags/example_latest_only.py
[2024-05-13T15:39:13.091+0000] {logging_mixin.py:188} INFO - [2024-05-13T15:39:13.090+0000] {dag.py:3047} INFO - Sync 1 DAGs
[2024-05-13T15:39:13.320+0000] {logging_mixin.py:188} INFO - [2024-05-13T15:39:13.320+0000] {dag.py:3834} INFO - Setting next_dagrun for latest_only to 2024-05-13 08:00:00+00:00, run_after=2024-05-13 12:00:00+00:00
[2024-05-13T15:39:13.365+0000] {processor.py:183} INFO - Processing /home/airflow/.local/lib/python3.8/site-packages/airflow/example_dags/example_latest_only.py took 0.326 seconds
[2024-05-13T15:39:43.477+0000] {processor.py:161} INFO - Started process (PID=3346) to work on /home/airflow/.local/lib/python3.8/site-packages/airflow/example_dags/example_latest_only.py
[2024-05-13T15:39:43.478+0000] {processor.py:830} INFO - Processing file /home/airflow/.local/lib/python3.8/site-packages/airflow/example_dags/example_latest_only.py for tasks to queue
[2024-05-13T15:39:43.481+0000] {logging_mixin.py:188} INFO - [2024-05-13T15:39:43.480+0000] {dagbag.py:540} INFO - Filling up the DagBag from /home/airflow/.local/lib/python3.8/site-packages/airflow/example_dags/example_latest_only.py
[2024-05-13T15:39:43.485+0000] {processor.py:840} INFO - DAG(s) 'latest_only' retrieved from /home/airflow/.local/lib/python3.8/site-packages/airflow/example_dags/example_latest_only.py
[2024-05-13T15:39:43.506+0000] {logging_mixin.py:188} INFO - [2024-05-13T15:39:43.505+0000] {dag.py:3047} INFO - Sync 1 DAGs
[2024-05-13T15:39:43.527+0000] {logging_mixin.py:188} INFO - [2024-05-13T15:39:43.527+0000] {dag.py:3834} INFO - Setting next_dagrun for latest_only to 2024-05-13 08:00:00+00:00, run_after=2024-05-13 12:00:00+00:00
[2024-05-13T15:39:43.683+0000] {processor.py:183} INFO - Processing /home/airflow/.local/lib/python3.8/site-packages/airflow/example_dags/example_latest_only.py took 0.209 seconds
[2024-05-13T15:40:14.246+0000] {processor.py:161} INFO - Started process (PID=3414) to work on /home/airflow/.local/lib/python3.8/site-packages/airflow/example_dags/example_latest_only.py
[2024-05-13T15:40:14.247+0000] {processor.py:830} INFO - Processing file /home/airflow/.local/lib/python3.8/site-packages/airflow/example_dags/example_latest_only.py for tasks to queue
[2024-05-13T15:40:14.249+0000] {logging_mixin.py:188} INFO - [2024-05-13T15:40:14.248+0000] {dagbag.py:540} INFO - Filling up the DagBag from /home/airflow/.local/lib/python3.8/site-packages/airflow/example_dags/example_latest_only.py
[2024-05-13T15:40:14.253+0000] {processor.py:840} INFO - DAG(s) 'latest_only' retrieved from /home/airflow/.local/lib/python3.8/site-packages/airflow/example_dags/example_latest_only.py
[2024-05-13T15:40:14.271+0000] {logging_mixin.py:188} INFO - [2024-05-13T15:40:14.271+0000] {dag.py:3047} INFO - Sync 1 DAGs
[2024-05-13T15:40:14.290+0000] {logging_mixin.py:188} INFO - [2024-05-13T15:40:14.290+0000] {dag.py:3834} INFO - Setting next_dagrun for latest_only to 2024-05-13 08:00:00+00:00, run_after=2024-05-13 12:00:00+00:00
[2024-05-13T15:40:14.311+0000] {processor.py:183} INFO - Processing /home/airflow/.local/lib/python3.8/site-packages/airflow/example_dags/example_latest_only.py took 0.068 seconds
[2024-05-13T15:40:44.363+0000] {processor.py:161} INFO - Started process (PID=3482) to work on /home/airflow/.local/lib/python3.8/site-packages/airflow/example_dags/example_latest_only.py
[2024-05-13T15:40:44.365+0000] {processor.py:830} INFO - Processing file /home/airflow/.local/lib/python3.8/site-packages/airflow/example_dags/example_latest_only.py for tasks to queue
[2024-05-13T15:40:44.370+0000] {logging_mixin.py:188} INFO - [2024-05-13T15:40:44.369+0000] {dagbag.py:540} INFO - Filling up the DagBag from /home/airflow/.local/lib/python3.8/site-packages/airflow/example_dags/example_latest_only.py
[2024-05-13T15:40:44.378+0000] {processor.py:840} INFO - DAG(s) 'latest_only' retrieved from /home/airflow/.local/lib/python3.8/site-packages/airflow/example_dags/example_latest_only.py
[2024-05-13T15:40:44.412+0000] {logging_mixin.py:188} INFO - [2024-05-13T15:40:44.411+0000] {dag.py:3047} INFO - Sync 1 DAGs
[2024-05-13T15:40:44.442+0000] {logging_mixin.py:188} INFO - [2024-05-13T15:40:44.441+0000] {dag.py:3834} INFO - Setting next_dagrun for latest_only to 2024-05-13 08:00:00+00:00, run_after=2024-05-13 12:00:00+00:00
[2024-05-13T15:40:44.471+0000] {processor.py:183} INFO - Processing /home/airflow/.local/lib/python3.8/site-packages/airflow/example_dags/example_latest_only.py took 0.113 seconds
[2024-05-13T15:41:14.559+0000] {processor.py:161} INFO - Started process (PID=3550) to work on /home/airflow/.local/lib/python3.8/site-packages/airflow/example_dags/example_latest_only.py
[2024-05-13T15:41:14.561+0000] {processor.py:830} INFO - Processing file /home/airflow/.local/lib/python3.8/site-packages/airflow/example_dags/example_latest_only.py for tasks to queue
[2024-05-13T15:41:14.562+0000] {logging_mixin.py:188} INFO - [2024-05-13T15:41:14.562+0000] {dagbag.py:540} INFO - Filling up the DagBag from /home/airflow/.local/lib/python3.8/site-packages/airflow/example_dags/example_latest_only.py
[2024-05-13T15:41:14.567+0000] {processor.py:840} INFO - DAG(s) 'latest_only' retrieved from /home/airflow/.local/lib/python3.8/site-packages/airflow/example_dags/example_latest_only.py
[2024-05-13T15:41:14.588+0000] {logging_mixin.py:188} INFO - [2024-05-13T15:41:14.588+0000] {dag.py:3047} INFO - Sync 1 DAGs
[2024-05-13T15:41:14.611+0000] {logging_mixin.py:188} INFO - [2024-05-13T15:41:14.611+0000] {dag.py:3834} INFO - Setting next_dagrun for latest_only to 2024-05-13 08:00:00+00:00, run_after=2024-05-13 12:00:00+00:00
[2024-05-13T15:41:14.628+0000] {processor.py:183} INFO - Processing /home/airflow/.local/lib/python3.8/site-packages/airflow/example_dags/example_latest_only.py took 0.073 seconds
[2024-05-13T15:41:45.185+0000] {processor.py:161} INFO - Started process (PID=3618) to work on /home/airflow/.local/lib/python3.8/site-packages/airflow/example_dags/example_latest_only.py
[2024-05-13T15:41:45.186+0000] {processor.py:830} INFO - Processing file /home/airflow/.local/lib/python3.8/site-packages/airflow/example_dags/example_latest_only.py for tasks to queue
[2024-05-13T15:41:45.188+0000] {logging_mixin.py:188} INFO - [2024-05-13T15:41:45.188+0000] {dagbag.py:540} INFO - Filling up the DagBag from /home/airflow/.local/lib/python3.8/site-packages/airflow/example_dags/example_latest_only.py
[2024-05-13T15:41:45.193+0000] {processor.py:840} INFO - DAG(s) 'latest_only' retrieved from /home/airflow/.local/lib/python3.8/site-packages/airflow/example_dags/example_latest_only.py
[2024-05-13T15:41:45.211+0000] {logging_mixin.py:188} INFO - [2024-05-13T15:41:45.211+0000] {dag.py:3047} INFO - Sync 1 DAGs
[2024-05-13T15:41:45.232+0000] {logging_mixin.py:188} INFO - [2024-05-13T15:41:45.232+0000] {dag.py:3834} INFO - Setting next_dagrun for latest_only to 2024-05-13 08:00:00+00:00, run_after=2024-05-13 12:00:00+00:00
[2024-05-13T15:41:45.249+0000] {processor.py:183} INFO - Processing /home/airflow/.local/lib/python3.8/site-packages/airflow/example_dags/example_latest_only.py took 0.067 seconds
[2024-05-13T15:42:15.812+0000] {processor.py:161} INFO - Started process (PID=3686) to work on /home/airflow/.local/lib/python3.8/site-packages/airflow/example_dags/example_latest_only.py
[2024-05-13T15:42:15.813+0000] {processor.py:830} INFO - Processing file /home/airflow/.local/lib/python3.8/site-packages/airflow/example_dags/example_latest_only.py for tasks to queue
[2024-05-13T15:42:15.815+0000] {logging_mixin.py:188} INFO - [2024-05-13T15:42:15.815+0000] {dagbag.py:540} INFO - Filling up the DagBag from /home/airflow/.local/lib/python3.8/site-packages/airflow/example_dags/example_latest_only.py
[2024-05-13T15:42:15.820+0000] {processor.py:840} INFO - DAG(s) 'latest_only' retrieved from /home/airflow/.local/lib/python3.8/site-packages/airflow/example_dags/example_latest_only.py
[2024-05-13T15:42:15.968+0000] {logging_mixin.py:188} INFO - [2024-05-13T15:42:15.968+0000] {dag.py:3047} INFO - Sync 1 DAGs
[2024-05-13T15:42:15.989+0000] {logging_mixin.py:188} INFO - [2024-05-13T15:42:15.988+0000] {dag.py:3834} INFO - Setting next_dagrun for latest_only to 2024-05-13 08:00:00+00:00, run_after=2024-05-13 12:00:00+00:00
[2024-05-13T15:42:16.009+0000] {processor.py:183} INFO - Processing /home/airflow/.local/lib/python3.8/site-packages/airflow/example_dags/example_latest_only.py took 0.200 seconds
[2024-05-13T15:42:46.097+0000] {processor.py:161} INFO - Started process (PID=3754) to work on /home/airflow/.local/lib/python3.8/site-packages/airflow/example_dags/example_latest_only.py
[2024-05-13T15:42:46.098+0000] {processor.py:830} INFO - Processing file /home/airflow/.local/lib/python3.8/site-packages/airflow/example_dags/example_latest_only.py for tasks to queue
[2024-05-13T15:42:46.100+0000] {logging_mixin.py:188} INFO - [2024-05-13T15:42:46.100+0000] {dagbag.py:540} INFO - Filling up the DagBag from /home/airflow/.local/lib/python3.8/site-packages/airflow/example_dags/example_latest_only.py
[2024-05-13T15:42:46.105+0000] {processor.py:840} INFO - DAG(s) 'latest_only' retrieved from /home/airflow/.local/lib/python3.8/site-packages/airflow/example_dags/example_latest_only.py
[2024-05-13T15:42:46.129+0000] {logging_mixin.py:188} INFO - [2024-05-13T15:42:46.129+0000] {dag.py:3047} INFO - Sync 1 DAGs
[2024-05-13T15:42:46.156+0000] {logging_mixin.py:188} INFO - [2024-05-13T15:42:46.155+0000] {dag.py:3834} INFO - Setting next_dagrun for latest_only to 2024-05-13 08:00:00+00:00, run_after=2024-05-13 12:00:00+00:00
[2024-05-13T15:42:46.182+0000] {processor.py:183} INFO - Processing /home/airflow/.local/lib/python3.8/site-packages/airflow/example_dags/example_latest_only.py took 0.088 seconds
[2024-05-13T15:43:17.044+0000] {processor.py:161} INFO - Started process (PID=3828) to work on /home/airflow/.local/lib/python3.8/site-packages/airflow/example_dags/example_latest_only.py
[2024-05-13T15:43:17.045+0000] {processor.py:830} INFO - Processing file /home/airflow/.local/lib/python3.8/site-packages/airflow/example_dags/example_latest_only.py for tasks to queue
[2024-05-13T15:43:17.049+0000] {logging_mixin.py:188} INFO - [2024-05-13T15:43:17.048+0000] {dagbag.py:540} INFO - Filling up the DagBag from /home/airflow/.local/lib/python3.8/site-packages/airflow/example_dags/example_latest_only.py
[2024-05-13T15:43:17.054+0000] {processor.py:840} INFO - DAG(s) 'latest_only' retrieved from /home/airflow/.local/lib/python3.8/site-packages/airflow/example_dags/example_latest_only.py
[2024-05-13T15:43:17.075+0000] {logging_mixin.py:188} INFO - [2024-05-13T15:43:17.075+0000] {dag.py:3047} INFO - Sync 1 DAGs
[2024-05-13T15:43:17.099+0000] {logging_mixin.py:188} INFO - [2024-05-13T15:43:17.099+0000] {dag.py:3834} INFO - Setting next_dagrun for latest_only to 2024-05-13 08:00:00+00:00, run_after=2024-05-13 12:00:00+00:00
[2024-05-13T15:43:17.123+0000] {processor.py:183} INFO - Processing /home/airflow/.local/lib/python3.8/site-packages/airflow/example_dags/example_latest_only.py took 0.084 seconds
[2024-05-13T15:43:47.546+0000] {processor.py:161} INFO - Started process (PID=3896) to work on /home/airflow/.local/lib/python3.8/site-packages/airflow/example_dags/example_latest_only.py
[2024-05-13T15:43:47.548+0000] {processor.py:830} INFO - Processing file /home/airflow/.local/lib/python3.8/site-packages/airflow/example_dags/example_latest_only.py for tasks to queue
[2024-05-13T15:43:47.551+0000] {logging_mixin.py:188} INFO - [2024-05-13T15:43:47.551+0000] {dagbag.py:540} INFO - Filling up the DagBag from /home/airflow/.local/lib/python3.8/site-packages/airflow/example_dags/example_latest_only.py
[2024-05-13T15:43:47.556+0000] {processor.py:840} INFO - DAG(s) 'latest_only' retrieved from /home/airflow/.local/lib/python3.8/site-packages/airflow/example_dags/example_latest_only.py
[2024-05-13T15:43:47.580+0000] {logging_mixin.py:188} INFO - [2024-05-13T15:43:47.580+0000] {dag.py:3047} INFO - Sync 1 DAGs
[2024-05-13T15:43:47.606+0000] {logging_mixin.py:188} INFO - [2024-05-13T15:43:47.606+0000] {dag.py:3834} INFO - Setting next_dagrun for latest_only to 2024-05-13 08:00:00+00:00, run_after=2024-05-13 12:00:00+00:00
[2024-05-13T15:43:47.629+0000] {processor.py:183} INFO - Processing /home/airflow/.local/lib/python3.8/site-packages/airflow/example_dags/example_latest_only.py took 0.088 seconds
[2024-05-13T15:44:17.893+0000] {processor.py:161} INFO - Started process (PID=3964) to work on /home/airflow/.local/lib/python3.8/site-packages/airflow/example_dags/example_latest_only.py
[2024-05-13T15:44:17.894+0000] {processor.py:830} INFO - Processing file /home/airflow/.local/lib/python3.8/site-packages/airflow/example_dags/example_latest_only.py for tasks to queue
[2024-05-13T15:44:17.895+0000] {logging_mixin.py:188} INFO - [2024-05-13T15:44:17.895+0000] {dagbag.py:540} INFO - Filling up the DagBag from /home/airflow/.local/lib/python3.8/site-packages/airflow/example_dags/example_latest_only.py
[2024-05-13T15:44:17.900+0000] {processor.py:840} INFO - DAG(s) 'latest_only' retrieved from /home/airflow/.local/lib/python3.8/site-packages/airflow/example_dags/example_latest_only.py
[2024-05-13T15:44:17.920+0000] {logging_mixin.py:188} INFO - [2024-05-13T15:44:17.920+0000] {dag.py:3047} INFO - Sync 1 DAGs
[2024-05-13T15:44:17.942+0000] {logging_mixin.py:188} INFO - [2024-05-13T15:44:17.942+0000] {dag.py:3834} INFO - Setting next_dagrun for latest_only to 2024-05-13 08:00:00+00:00, run_after=2024-05-13 12:00:00+00:00
[2024-05-13T15:44:17.960+0000] {processor.py:183} INFO - Processing /home/airflow/.local/lib/python3.8/site-packages/airflow/example_dags/example_latest_only.py took 0.071 seconds
