[2024-05-13T15:15:18.182+0000] {processor.py:161} INFO - Started process (PID=87) to work on /home/airflow/.local/lib/python3.8/site-packages/airflow/example_dags/example_python_decorator.py
[2024-05-13T15:15:18.184+0000] {processor.py:830} INFO - Processing file /home/airflow/.local/lib/python3.8/site-packages/airflow/example_dags/example_python_decorator.py for tasks to queue
[2024-05-13T15:15:18.187+0000] {logging_mixin.py:188} INFO - [2024-05-13T15:15:18.187+0000] {dagbag.py:540} INFO - Filling up the DagBag from /home/airflow/.local/lib/python3.8/site-packages/airflow/example_dags/example_python_decorator.py
[2024-05-13T15:15:18.208+0000] {processor.py:840} INFO - DAG(s) 'example_python_decorator' retrieved from /home/airflow/.local/lib/python3.8/site-packages/airflow/example_dags/example_python_decorator.py
[2024-05-13T15:15:18.355+0000] {logging_mixin.py:188} INFO - [2024-05-13T15:15:18.355+0000] {override.py:1769} INFO - Created Permission View: can delete on DAG:example_python_decorator
[2024-05-13T15:15:18.382+0000] {logging_mixin.py:188} INFO - [2024-05-13T15:15:18.381+0000] {override.py:1769} INFO - Created Permission View: can edit on DAG:example_python_decorator
[2024-05-13T15:15:18.402+0000] {logging_mixin.py:188} INFO - [2024-05-13T15:15:18.401+0000] {override.py:1769} INFO - Created Permission View: can read on DAG:example_python_decorator
[2024-05-13T15:15:18.403+0000] {logging_mixin.py:188} INFO - [2024-05-13T15:15:18.403+0000] {dag.py:3047} INFO - Sync 1 DAGs
[2024-05-13T15:15:18.420+0000] {logging_mixin.py:188} INFO - [2024-05-13T15:15:18.419+0000] {dag.py:3069} INFO - Creating ORM DAG for example_python_decorator
[2024-05-13T15:15:18.421+0000] {logging_mixin.py:188} INFO - [2024-05-13T15:15:18.421+0000] {dag.py:3834} INFO - Setting next_dagrun for example_python_decorator to None, run_after=None
[2024-05-13T15:15:18.443+0000] {processor.py:183} INFO - Processing /home/airflow/.local/lib/python3.8/site-packages/airflow/example_dags/example_python_decorator.py took 0.266 seconds
[2024-05-13T15:15:49.277+0000] {processor.py:161} INFO - Started process (PID=154) to work on /home/airflow/.local/lib/python3.8/site-packages/airflow/example_dags/example_python_decorator.py
[2024-05-13T15:15:49.279+0000] {processor.py:830} INFO - Processing file /home/airflow/.local/lib/python3.8/site-packages/airflow/example_dags/example_python_decorator.py for tasks to queue
[2024-05-13T15:15:49.281+0000] {logging_mixin.py:188} INFO - [2024-05-13T15:15:49.280+0000] {dagbag.py:540} INFO - Filling up the DagBag from /home/airflow/.local/lib/python3.8/site-packages/airflow/example_dags/example_python_decorator.py
[2024-05-13T15:15:49.297+0000] {processor.py:840} INFO - DAG(s) 'example_python_decorator' retrieved from /home/airflow/.local/lib/python3.8/site-packages/airflow/example_dags/example_python_decorator.py
[2024-05-13T15:15:49.322+0000] {logging_mixin.py:188} INFO - [2024-05-13T15:15:49.321+0000] {dag.py:3047} INFO - Sync 1 DAGs
[2024-05-13T15:15:49.338+0000] {logging_mixin.py:188} INFO - [2024-05-13T15:15:49.338+0000] {dag.py:3834} INFO - Setting next_dagrun for example_python_decorator to None, run_after=None
[2024-05-13T15:15:49.359+0000] {processor.py:183} INFO - Processing /home/airflow/.local/lib/python3.8/site-packages/airflow/example_dags/example_python_decorator.py took 0.085 seconds
[2024-05-13T15:16:19.433+0000] {processor.py:161} INFO - Started process (PID=210) to work on /home/airflow/.local/lib/python3.8/site-packages/airflow/example_dags/example_python_decorator.py
[2024-05-13T15:16:19.435+0000] {processor.py:830} INFO - Processing file /home/airflow/.local/lib/python3.8/site-packages/airflow/example_dags/example_python_decorator.py for tasks to queue
[2024-05-13T15:16:19.437+0000] {logging_mixin.py:188} INFO - [2024-05-13T15:16:19.436+0000] {dagbag.py:540} INFO - Filling up the DagBag from /home/airflow/.local/lib/python3.8/site-packages/airflow/example_dags/example_python_decorator.py
[2024-05-13T15:16:19.452+0000] {processor.py:840} INFO - DAG(s) 'example_python_decorator' retrieved from /home/airflow/.local/lib/python3.8/site-packages/airflow/example_dags/example_python_decorator.py
[2024-05-13T15:16:19.481+0000] {logging_mixin.py:188} INFO - [2024-05-13T15:16:19.481+0000] {dag.py:3047} INFO - Sync 1 DAGs
[2024-05-13T15:16:19.495+0000] {logging_mixin.py:188} INFO - [2024-05-13T15:16:19.495+0000] {dag.py:3834} INFO - Setting next_dagrun for example_python_decorator to None, run_after=None
[2024-05-13T15:16:19.518+0000] {processor.py:183} INFO - Processing /home/airflow/.local/lib/python3.8/site-packages/airflow/example_dags/example_python_decorator.py took 0.088 seconds
[2024-05-13T15:16:49.809+0000] {processor.py:161} INFO - Started process (PID=278) to work on /home/airflow/.local/lib/python3.8/site-packages/airflow/example_dags/example_python_decorator.py
[2024-05-13T15:16:49.810+0000] {processor.py:830} INFO - Processing file /home/airflow/.local/lib/python3.8/site-packages/airflow/example_dags/example_python_decorator.py for tasks to queue
[2024-05-13T15:16:49.812+0000] {logging_mixin.py:188} INFO - [2024-05-13T15:16:49.812+0000] {dagbag.py:540} INFO - Filling up the DagBag from /home/airflow/.local/lib/python3.8/site-packages/airflow/example_dags/example_python_decorator.py
[2024-05-13T15:16:49.824+0000] {processor.py:840} INFO - DAG(s) 'example_python_decorator' retrieved from /home/airflow/.local/lib/python3.8/site-packages/airflow/example_dags/example_python_decorator.py
[2024-05-13T15:16:49.845+0000] {logging_mixin.py:188} INFO - [2024-05-13T15:16:49.845+0000] {dag.py:3047} INFO - Sync 1 DAGs
[2024-05-13T15:16:49.856+0000] {logging_mixin.py:188} INFO - [2024-05-13T15:16:49.856+0000] {dag.py:3834} INFO - Setting next_dagrun for example_python_decorator to None, run_after=None
[2024-05-13T15:16:49.876+0000] {processor.py:183} INFO - Processing /home/airflow/.local/lib/python3.8/site-packages/airflow/example_dags/example_python_decorator.py took 0.070 seconds
[2024-05-13T15:17:20.056+0000] {processor.py:161} INFO - Started process (PID=346) to work on /home/airflow/.local/lib/python3.8/site-packages/airflow/example_dags/example_python_decorator.py
[2024-05-13T15:17:20.057+0000] {processor.py:830} INFO - Processing file /home/airflow/.local/lib/python3.8/site-packages/airflow/example_dags/example_python_decorator.py for tasks to queue
[2024-05-13T15:17:20.060+0000] {logging_mixin.py:188} INFO - [2024-05-13T15:17:20.060+0000] {dagbag.py:540} INFO - Filling up the DagBag from /home/airflow/.local/lib/python3.8/site-packages/airflow/example_dags/example_python_decorator.py
[2024-05-13T15:17:20.074+0000] {processor.py:840} INFO - DAG(s) 'example_python_decorator' retrieved from /home/airflow/.local/lib/python3.8/site-packages/airflow/example_dags/example_python_decorator.py
[2024-05-13T15:17:20.097+0000] {logging_mixin.py:188} INFO - [2024-05-13T15:17:20.097+0000] {dag.py:3047} INFO - Sync 1 DAGs
[2024-05-13T15:17:20.109+0000] {logging_mixin.py:188} INFO - [2024-05-13T15:17:20.108+0000] {dag.py:3834} INFO - Setting next_dagrun for example_python_decorator to None, run_after=None
[2024-05-13T15:17:20.131+0000] {processor.py:183} INFO - Processing /home/airflow/.local/lib/python3.8/site-packages/airflow/example_dags/example_python_decorator.py took 0.079 seconds
[2024-05-13T15:17:50.157+0000] {processor.py:161} INFO - Started process (PID=413) to work on /home/airflow/.local/lib/python3.8/site-packages/airflow/example_dags/example_python_decorator.py
[2024-05-13T15:17:50.158+0000] {processor.py:830} INFO - Processing file /home/airflow/.local/lib/python3.8/site-packages/airflow/example_dags/example_python_decorator.py for tasks to queue
[2024-05-13T15:17:50.160+0000] {logging_mixin.py:188} INFO - [2024-05-13T15:17:50.160+0000] {dagbag.py:540} INFO - Filling up the DagBag from /home/airflow/.local/lib/python3.8/site-packages/airflow/example_dags/example_python_decorator.py
[2024-05-13T15:17:50.172+0000] {processor.py:840} INFO - DAG(s) 'example_python_decorator' retrieved from /home/airflow/.local/lib/python3.8/site-packages/airflow/example_dags/example_python_decorator.py
[2024-05-13T15:17:50.192+0000] {logging_mixin.py:188} INFO - [2024-05-13T15:17:50.191+0000] {dag.py:3047} INFO - Sync 1 DAGs
[2024-05-13T15:17:50.202+0000] {logging_mixin.py:188} INFO - [2024-05-13T15:17:50.202+0000] {dag.py:3834} INFO - Setting next_dagrun for example_python_decorator to None, run_after=None
[2024-05-13T15:17:50.221+0000] {processor.py:183} INFO - Processing /home/airflow/.local/lib/python3.8/site-packages/airflow/example_dags/example_python_decorator.py took 0.066 seconds
[2024-05-13T15:18:20.608+0000] {processor.py:161} INFO - Started process (PID=482) to work on /home/airflow/.local/lib/python3.8/site-packages/airflow/example_dags/example_python_decorator.py
[2024-05-13T15:18:20.609+0000] {processor.py:830} INFO - Processing file /home/airflow/.local/lib/python3.8/site-packages/airflow/example_dags/example_python_decorator.py for tasks to queue
[2024-05-13T15:18:20.611+0000] {logging_mixin.py:188} INFO - [2024-05-13T15:18:20.611+0000] {dagbag.py:540} INFO - Filling up the DagBag from /home/airflow/.local/lib/python3.8/site-packages/airflow/example_dags/example_python_decorator.py
[2024-05-13T15:18:20.623+0000] {processor.py:840} INFO - DAG(s) 'example_python_decorator' retrieved from /home/airflow/.local/lib/python3.8/site-packages/airflow/example_dags/example_python_decorator.py
[2024-05-13T15:18:20.644+0000] {logging_mixin.py:188} INFO - [2024-05-13T15:18:20.644+0000] {dag.py:3047} INFO - Sync 1 DAGs
[2024-05-13T15:18:20.655+0000] {logging_mixin.py:188} INFO - [2024-05-13T15:18:20.655+0000] {dag.py:3834} INFO - Setting next_dagrun for example_python_decorator to None, run_after=None
[2024-05-13T15:18:20.676+0000] {processor.py:183} INFO - Processing /home/airflow/.local/lib/python3.8/site-packages/airflow/example_dags/example_python_decorator.py took 0.070 seconds
[2024-05-13T15:18:50.972+0000] {processor.py:161} INFO - Started process (PID=550) to work on /home/airflow/.local/lib/python3.8/site-packages/airflow/example_dags/example_python_decorator.py
[2024-05-13T15:18:50.974+0000] {processor.py:830} INFO - Processing file /home/airflow/.local/lib/python3.8/site-packages/airflow/example_dags/example_python_decorator.py for tasks to queue
[2024-05-13T15:18:50.976+0000] {logging_mixin.py:188} INFO - [2024-05-13T15:18:50.975+0000] {dagbag.py:540} INFO - Filling up the DagBag from /home/airflow/.local/lib/python3.8/site-packages/airflow/example_dags/example_python_decorator.py
[2024-05-13T15:18:50.989+0000] {processor.py:840} INFO - DAG(s) 'example_python_decorator' retrieved from /home/airflow/.local/lib/python3.8/site-packages/airflow/example_dags/example_python_decorator.py
[2024-05-13T15:18:51.009+0000] {logging_mixin.py:188} INFO - [2024-05-13T15:18:51.009+0000] {dag.py:3047} INFO - Sync 1 DAGs
[2024-05-13T15:18:51.021+0000] {logging_mixin.py:188} INFO - [2024-05-13T15:18:51.020+0000] {dag.py:3834} INFO - Setting next_dagrun for example_python_decorator to None, run_after=None
[2024-05-13T15:18:51.039+0000] {processor.py:183} INFO - Processing /home/airflow/.local/lib/python3.8/site-packages/airflow/example_dags/example_python_decorator.py took 0.069 seconds
[2024-05-13T15:19:21.127+0000] {processor.py:161} INFO - Started process (PID=618) to work on /home/airflow/.local/lib/python3.8/site-packages/airflow/example_dags/example_python_decorator.py
[2024-05-13T15:19:21.129+0000] {processor.py:830} INFO - Processing file /home/airflow/.local/lib/python3.8/site-packages/airflow/example_dags/example_python_decorator.py for tasks to queue
[2024-05-13T15:19:21.131+0000] {logging_mixin.py:188} INFO - [2024-05-13T15:19:21.131+0000] {dagbag.py:540} INFO - Filling up the DagBag from /home/airflow/.local/lib/python3.8/site-packages/airflow/example_dags/example_python_decorator.py
[2024-05-13T15:19:21.142+0000] {processor.py:840} INFO - DAG(s) 'example_python_decorator' retrieved from /home/airflow/.local/lib/python3.8/site-packages/airflow/example_dags/example_python_decorator.py
[2024-05-13T15:19:21.163+0000] {logging_mixin.py:188} INFO - [2024-05-13T15:19:21.163+0000] {dag.py:3047} INFO - Sync 1 DAGs
[2024-05-13T15:19:21.174+0000] {logging_mixin.py:188} INFO - [2024-05-13T15:19:21.174+0000] {dag.py:3834} INFO - Setting next_dagrun for example_python_decorator to None, run_after=None
[2024-05-13T15:19:21.191+0000] {processor.py:183} INFO - Processing /home/airflow/.local/lib/python3.8/site-packages/airflow/example_dags/example_python_decorator.py took 0.068 seconds
[2024-05-13T15:19:51.225+0000] {processor.py:161} INFO - Started process (PID=685) to work on /home/airflow/.local/lib/python3.8/site-packages/airflow/example_dags/example_python_decorator.py
[2024-05-13T15:19:51.226+0000] {processor.py:830} INFO - Processing file /home/airflow/.local/lib/python3.8/site-packages/airflow/example_dags/example_python_decorator.py for tasks to queue
[2024-05-13T15:19:51.228+0000] {logging_mixin.py:188} INFO - [2024-05-13T15:19:51.227+0000] {dagbag.py:540} INFO - Filling up the DagBag from /home/airflow/.local/lib/python3.8/site-packages/airflow/example_dags/example_python_decorator.py
[2024-05-13T15:19:51.239+0000] {processor.py:840} INFO - DAG(s) 'example_python_decorator' retrieved from /home/airflow/.local/lib/python3.8/site-packages/airflow/example_dags/example_python_decorator.py
[2024-05-13T15:19:51.260+0000] {logging_mixin.py:188} INFO - [2024-05-13T15:19:51.259+0000] {dag.py:3047} INFO - Sync 1 DAGs
[2024-05-13T15:19:51.271+0000] {logging_mixin.py:188} INFO - [2024-05-13T15:19:51.271+0000] {dag.py:3834} INFO - Setting next_dagrun for example_python_decorator to None, run_after=None
[2024-05-13T15:19:51.289+0000] {processor.py:183} INFO - Processing /home/airflow/.local/lib/python3.8/site-packages/airflow/example_dags/example_python_decorator.py took 0.066 seconds
[2024-05-13T15:20:21.505+0000] {processor.py:161} INFO - Started process (PID=753) to work on /home/airflow/.local/lib/python3.8/site-packages/airflow/example_dags/example_python_decorator.py
[2024-05-13T15:20:21.506+0000] {processor.py:830} INFO - Processing file /home/airflow/.local/lib/python3.8/site-packages/airflow/example_dags/example_python_decorator.py for tasks to queue
[2024-05-13T15:20:21.508+0000] {logging_mixin.py:188} INFO - [2024-05-13T15:20:21.507+0000] {dagbag.py:540} INFO - Filling up the DagBag from /home/airflow/.local/lib/python3.8/site-packages/airflow/example_dags/example_python_decorator.py
[2024-05-13T15:20:21.519+0000] {processor.py:840} INFO - DAG(s) 'example_python_decorator' retrieved from /home/airflow/.local/lib/python3.8/site-packages/airflow/example_dags/example_python_decorator.py
[2024-05-13T15:20:21.541+0000] {logging_mixin.py:188} INFO - [2024-05-13T15:20:21.541+0000] {dag.py:3047} INFO - Sync 1 DAGs
[2024-05-13T15:20:21.552+0000] {logging_mixin.py:188} INFO - [2024-05-13T15:20:21.552+0000] {dag.py:3834} INFO - Setting next_dagrun for example_python_decorator to None, run_after=None
[2024-05-13T15:20:21.571+0000] {processor.py:183} INFO - Processing /home/airflow/.local/lib/python3.8/site-packages/airflow/example_dags/example_python_decorator.py took 0.069 seconds
[2024-05-13T15:20:52.128+0000] {processor.py:161} INFO - Started process (PID=826) to work on /home/airflow/.local/lib/python3.8/site-packages/airflow/example_dags/example_python_decorator.py
[2024-05-13T15:20:52.129+0000] {processor.py:830} INFO - Processing file /home/airflow/.local/lib/python3.8/site-packages/airflow/example_dags/example_python_decorator.py for tasks to queue
[2024-05-13T15:20:52.131+0000] {logging_mixin.py:188} INFO - [2024-05-13T15:20:52.131+0000] {dagbag.py:540} INFO - Filling up the DagBag from /home/airflow/.local/lib/python3.8/site-packages/airflow/example_dags/example_python_decorator.py
[2024-05-13T15:20:52.152+0000] {processor.py:840} INFO - DAG(s) 'example_python_decorator' retrieved from /home/airflow/.local/lib/python3.8/site-packages/airflow/example_dags/example_python_decorator.py
[2024-05-13T15:20:52.175+0000] {logging_mixin.py:188} INFO - [2024-05-13T15:20:52.175+0000] {dag.py:3047} INFO - Sync 1 DAGs
[2024-05-13T15:20:52.190+0000] {logging_mixin.py:188} INFO - [2024-05-13T15:20:52.190+0000] {dag.py:3834} INFO - Setting next_dagrun for example_python_decorator to None, run_after=None
[2024-05-13T15:20:52.215+0000] {processor.py:183} INFO - Processing /home/airflow/.local/lib/python3.8/site-packages/airflow/example_dags/example_python_decorator.py took 0.091 seconds
[2024-05-13T15:21:22.265+0000] {processor.py:161} INFO - Started process (PID=893) to work on /home/airflow/.local/lib/python3.8/site-packages/airflow/example_dags/example_python_decorator.py
[2024-05-13T15:21:22.266+0000] {processor.py:830} INFO - Processing file /home/airflow/.local/lib/python3.8/site-packages/airflow/example_dags/example_python_decorator.py for tasks to queue
[2024-05-13T15:21:22.268+0000] {logging_mixin.py:188} INFO - [2024-05-13T15:21:22.268+0000] {dagbag.py:540} INFO - Filling up the DagBag from /home/airflow/.local/lib/python3.8/site-packages/airflow/example_dags/example_python_decorator.py
[2024-05-13T15:21:22.281+0000] {processor.py:840} INFO - DAG(s) 'example_python_decorator' retrieved from /home/airflow/.local/lib/python3.8/site-packages/airflow/example_dags/example_python_decorator.py
[2024-05-13T15:21:22.307+0000] {logging_mixin.py:188} INFO - [2024-05-13T15:21:22.306+0000] {dag.py:3047} INFO - Sync 1 DAGs
[2024-05-13T15:21:22.323+0000] {logging_mixin.py:188} INFO - [2024-05-13T15:21:22.322+0000] {dag.py:3834} INFO - Setting next_dagrun for example_python_decorator to None, run_after=None
[2024-05-13T15:21:22.353+0000] {processor.py:183} INFO - Processing /home/airflow/.local/lib/python3.8/site-packages/airflow/example_dags/example_python_decorator.py took 0.091 seconds
[2024-05-13T15:21:52.459+0000] {processor.py:161} INFO - Started process (PID=961) to work on /home/airflow/.local/lib/python3.8/site-packages/airflow/example_dags/example_python_decorator.py
[2024-05-13T15:21:52.460+0000] {processor.py:830} INFO - Processing file /home/airflow/.local/lib/python3.8/site-packages/airflow/example_dags/example_python_decorator.py for tasks to queue
[2024-05-13T15:21:52.462+0000] {logging_mixin.py:188} INFO - [2024-05-13T15:21:52.462+0000] {dagbag.py:540} INFO - Filling up the DagBag from /home/airflow/.local/lib/python3.8/site-packages/airflow/example_dags/example_python_decorator.py
[2024-05-13T15:21:52.476+0000] {processor.py:840} INFO - DAG(s) 'example_python_decorator' retrieved from /home/airflow/.local/lib/python3.8/site-packages/airflow/example_dags/example_python_decorator.py
[2024-05-13T15:21:52.498+0000] {logging_mixin.py:188} INFO - [2024-05-13T15:21:52.498+0000] {dag.py:3047} INFO - Sync 1 DAGs
[2024-05-13T15:21:52.511+0000] {logging_mixin.py:188} INFO - [2024-05-13T15:21:52.511+0000] {dag.py:3834} INFO - Setting next_dagrun for example_python_decorator to None, run_after=None
[2024-05-13T15:21:52.531+0000] {processor.py:183} INFO - Processing /home/airflow/.local/lib/python3.8/site-packages/airflow/example_dags/example_python_decorator.py took 0.075 seconds
[2024-05-13T15:22:23.413+0000] {processor.py:161} INFO - Started process (PID=1030) to work on /home/airflow/.local/lib/python3.8/site-packages/airflow/example_dags/example_python_decorator.py
[2024-05-13T15:22:23.415+0000] {processor.py:830} INFO - Processing file /home/airflow/.local/lib/python3.8/site-packages/airflow/example_dags/example_python_decorator.py for tasks to queue
[2024-05-13T15:22:23.417+0000] {logging_mixin.py:188} INFO - [2024-05-13T15:22:23.416+0000] {dagbag.py:540} INFO - Filling up the DagBag from /home/airflow/.local/lib/python3.8/site-packages/airflow/example_dags/example_python_decorator.py
[2024-05-13T15:22:23.430+0000] {processor.py:840} INFO - DAG(s) 'example_python_decorator' retrieved from /home/airflow/.local/lib/python3.8/site-packages/airflow/example_dags/example_python_decorator.py
[2024-05-13T15:22:23.454+0000] {logging_mixin.py:188} INFO - [2024-05-13T15:22:23.454+0000] {dag.py:3047} INFO - Sync 1 DAGs
[2024-05-13T15:22:23.467+0000] {logging_mixin.py:188} INFO - [2024-05-13T15:22:23.466+0000] {dag.py:3834} INFO - Setting next_dagrun for example_python_decorator to None, run_after=None
[2024-05-13T15:22:23.493+0000] {processor.py:183} INFO - Processing /home/airflow/.local/lib/python3.8/site-packages/airflow/example_dags/example_python_decorator.py took 0.083 seconds
[2024-05-13T15:22:53.571+0000] {processor.py:161} INFO - Started process (PID=1098) to work on /home/airflow/.local/lib/python3.8/site-packages/airflow/example_dags/example_python_decorator.py
[2024-05-13T15:22:53.572+0000] {processor.py:830} INFO - Processing file /home/airflow/.local/lib/python3.8/site-packages/airflow/example_dags/example_python_decorator.py for tasks to queue
[2024-05-13T15:22:53.574+0000] {logging_mixin.py:188} INFO - [2024-05-13T15:22:53.574+0000] {dagbag.py:540} INFO - Filling up the DagBag from /home/airflow/.local/lib/python3.8/site-packages/airflow/example_dags/example_python_decorator.py
[2024-05-13T15:22:53.592+0000] {processor.py:840} INFO - DAG(s) 'example_python_decorator' retrieved from /home/airflow/.local/lib/python3.8/site-packages/airflow/example_dags/example_python_decorator.py
[2024-05-13T15:22:53.617+0000] {logging_mixin.py:188} INFO - [2024-05-13T15:22:53.617+0000] {dag.py:3047} INFO - Sync 1 DAGs
[2024-05-13T15:22:53.629+0000] {logging_mixin.py:188} INFO - [2024-05-13T15:22:53.628+0000] {dag.py:3834} INFO - Setting next_dagrun for example_python_decorator to None, run_after=None
[2024-05-13T15:22:53.651+0000] {processor.py:183} INFO - Processing /home/airflow/.local/lib/python3.8/site-packages/airflow/example_dags/example_python_decorator.py took 0.086 seconds
[2024-05-13T15:23:23.880+0000] {processor.py:161} INFO - Started process (PID=1166) to work on /home/airflow/.local/lib/python3.8/site-packages/airflow/example_dags/example_python_decorator.py
[2024-05-13T15:23:23.881+0000] {processor.py:830} INFO - Processing file /home/airflow/.local/lib/python3.8/site-packages/airflow/example_dags/example_python_decorator.py for tasks to queue
[2024-05-13T15:23:23.883+0000] {logging_mixin.py:188} INFO - [2024-05-13T15:23:23.883+0000] {dagbag.py:540} INFO - Filling up the DagBag from /home/airflow/.local/lib/python3.8/site-packages/airflow/example_dags/example_python_decorator.py
[2024-05-13T15:23:23.904+0000] {processor.py:840} INFO - DAG(s) 'example_python_decorator' retrieved from /home/airflow/.local/lib/python3.8/site-packages/airflow/example_dags/example_python_decorator.py
[2024-05-13T15:23:23.929+0000] {logging_mixin.py:188} INFO - [2024-05-13T15:23:23.929+0000] {dag.py:3047} INFO - Sync 1 DAGs
[2024-05-13T15:23:23.943+0000] {logging_mixin.py:188} INFO - [2024-05-13T15:23:23.943+0000] {dag.py:3834} INFO - Setting next_dagrun for example_python_decorator to None, run_after=None
[2024-05-13T15:23:23.970+0000] {processor.py:183} INFO - Processing /home/airflow/.local/lib/python3.8/site-packages/airflow/example_dags/example_python_decorator.py took 0.094 seconds
[2024-05-13T15:23:54.115+0000] {processor.py:161} INFO - Started process (PID=1234) to work on /home/airflow/.local/lib/python3.8/site-packages/airflow/example_dags/example_python_decorator.py
[2024-05-13T15:23:54.116+0000] {processor.py:830} INFO - Processing file /home/airflow/.local/lib/python3.8/site-packages/airflow/example_dags/example_python_decorator.py for tasks to queue
[2024-05-13T15:23:54.118+0000] {logging_mixin.py:188} INFO - [2024-05-13T15:23:54.118+0000] {dagbag.py:540} INFO - Filling up the DagBag from /home/airflow/.local/lib/python3.8/site-packages/airflow/example_dags/example_python_decorator.py
[2024-05-13T15:23:54.130+0000] {processor.py:840} INFO - DAG(s) 'example_python_decorator' retrieved from /home/airflow/.local/lib/python3.8/site-packages/airflow/example_dags/example_python_decorator.py
[2024-05-13T15:23:54.152+0000] {logging_mixin.py:188} INFO - [2024-05-13T15:23:54.152+0000] {dag.py:3047} INFO - Sync 1 DAGs
[2024-05-13T15:23:54.164+0000] {logging_mixin.py:188} INFO - [2024-05-13T15:23:54.163+0000] {dag.py:3834} INFO - Setting next_dagrun for example_python_decorator to None, run_after=None
[2024-05-13T15:23:54.186+0000] {processor.py:183} INFO - Processing /home/airflow/.local/lib/python3.8/site-packages/airflow/example_dags/example_python_decorator.py took 0.074 seconds
[2024-05-13T15:24:24.385+0000] {processor.py:161} INFO - Started process (PID=1302) to work on /home/airflow/.local/lib/python3.8/site-packages/airflow/example_dags/example_python_decorator.py
[2024-05-13T15:24:24.386+0000] {processor.py:830} INFO - Processing file /home/airflow/.local/lib/python3.8/site-packages/airflow/example_dags/example_python_decorator.py for tasks to queue
[2024-05-13T15:24:24.388+0000] {logging_mixin.py:188} INFO - [2024-05-13T15:24:24.387+0000] {dagbag.py:540} INFO - Filling up the DagBag from /home/airflow/.local/lib/python3.8/site-packages/airflow/example_dags/example_python_decorator.py
[2024-05-13T15:24:24.400+0000] {processor.py:840} INFO - DAG(s) 'example_python_decorator' retrieved from /home/airflow/.local/lib/python3.8/site-packages/airflow/example_dags/example_python_decorator.py
[2024-05-13T15:24:24.418+0000] {logging_mixin.py:188} INFO - [2024-05-13T15:24:24.418+0000] {dag.py:3047} INFO - Sync 1 DAGs
[2024-05-13T15:24:24.428+0000] {logging_mixin.py:188} INFO - [2024-05-13T15:24:24.428+0000] {dag.py:3834} INFO - Setting next_dagrun for example_python_decorator to None, run_after=None
[2024-05-13T15:24:24.447+0000] {processor.py:183} INFO - Processing /home/airflow/.local/lib/python3.8/site-packages/airflow/example_dags/example_python_decorator.py took 0.066 seconds
[2024-05-13T15:24:54.481+0000] {processor.py:161} INFO - Started process (PID=1370) to work on /home/airflow/.local/lib/python3.8/site-packages/airflow/example_dags/example_python_decorator.py
[2024-05-13T15:24:54.482+0000] {processor.py:830} INFO - Processing file /home/airflow/.local/lib/python3.8/site-packages/airflow/example_dags/example_python_decorator.py for tasks to queue
[2024-05-13T15:24:54.484+0000] {logging_mixin.py:188} INFO - [2024-05-13T15:24:54.483+0000] {dagbag.py:540} INFO - Filling up the DagBag from /home/airflow/.local/lib/python3.8/site-packages/airflow/example_dags/example_python_decorator.py
[2024-05-13T15:24:54.498+0000] {processor.py:840} INFO - DAG(s) 'example_python_decorator' retrieved from /home/airflow/.local/lib/python3.8/site-packages/airflow/example_dags/example_python_decorator.py
[2024-05-13T15:24:54.518+0000] {logging_mixin.py:188} INFO - [2024-05-13T15:24:54.518+0000] {dag.py:3047} INFO - Sync 1 DAGs
[2024-05-13T15:24:54.529+0000] {logging_mixin.py:188} INFO - [2024-05-13T15:24:54.528+0000] {dag.py:3834} INFO - Setting next_dagrun for example_python_decorator to None, run_after=None
[2024-05-13T15:24:54.552+0000] {processor.py:183} INFO - Processing /home/airflow/.local/lib/python3.8/site-packages/airflow/example_dags/example_python_decorator.py took 0.075 seconds
[2024-05-13T15:25:24.724+0000] {processor.py:161} INFO - Started process (PID=1439) to work on /home/airflow/.local/lib/python3.8/site-packages/airflow/example_dags/example_python_decorator.py
[2024-05-13T15:25:24.725+0000] {processor.py:830} INFO - Processing file /home/airflow/.local/lib/python3.8/site-packages/airflow/example_dags/example_python_decorator.py for tasks to queue
[2024-05-13T15:25:24.727+0000] {logging_mixin.py:188} INFO - [2024-05-13T15:25:24.726+0000] {dagbag.py:540} INFO - Filling up the DagBag from /home/airflow/.local/lib/python3.8/site-packages/airflow/example_dags/example_python_decorator.py
[2024-05-13T15:25:24.738+0000] {processor.py:840} INFO - DAG(s) 'example_python_decorator' retrieved from /home/airflow/.local/lib/python3.8/site-packages/airflow/example_dags/example_python_decorator.py
[2024-05-13T15:25:24.756+0000] {logging_mixin.py:188} INFO - [2024-05-13T15:25:24.756+0000] {dag.py:3047} INFO - Sync 1 DAGs
[2024-05-13T15:25:24.766+0000] {logging_mixin.py:188} INFO - [2024-05-13T15:25:24.766+0000] {dag.py:3834} INFO - Setting next_dagrun for example_python_decorator to None, run_after=None
[2024-05-13T15:25:24.786+0000] {processor.py:183} INFO - Processing /home/airflow/.local/lib/python3.8/site-packages/airflow/example_dags/example_python_decorator.py took 0.065 seconds
[2024-05-13T15:25:55.376+0000] {processor.py:161} INFO - Started process (PID=1507) to work on /home/airflow/.local/lib/python3.8/site-packages/airflow/example_dags/example_python_decorator.py
[2024-05-13T15:25:55.377+0000] {processor.py:830} INFO - Processing file /home/airflow/.local/lib/python3.8/site-packages/airflow/example_dags/example_python_decorator.py for tasks to queue
[2024-05-13T15:25:55.379+0000] {logging_mixin.py:188} INFO - [2024-05-13T15:25:55.378+0000] {dagbag.py:540} INFO - Filling up the DagBag from /home/airflow/.local/lib/python3.8/site-packages/airflow/example_dags/example_python_decorator.py
[2024-05-13T15:25:55.390+0000] {processor.py:840} INFO - DAG(s) 'example_python_decorator' retrieved from /home/airflow/.local/lib/python3.8/site-packages/airflow/example_dags/example_python_decorator.py
[2024-05-13T15:25:55.410+0000] {logging_mixin.py:188} INFO - [2024-05-13T15:25:55.410+0000] {dag.py:3047} INFO - Sync 1 DAGs
[2024-05-13T15:25:55.421+0000] {logging_mixin.py:188} INFO - [2024-05-13T15:25:55.421+0000] {dag.py:3834} INFO - Setting next_dagrun for example_python_decorator to None, run_after=None
[2024-05-13T15:25:55.439+0000] {processor.py:183} INFO - Processing /home/airflow/.local/lib/python3.8/site-packages/airflow/example_dags/example_python_decorator.py took 0.067 seconds
[2024-05-13T15:26:25.565+0000] {processor.py:161} INFO - Started process (PID=1575) to work on /home/airflow/.local/lib/python3.8/site-packages/airflow/example_dags/example_python_decorator.py
[2024-05-13T15:26:25.566+0000] {processor.py:830} INFO - Processing file /home/airflow/.local/lib/python3.8/site-packages/airflow/example_dags/example_python_decorator.py for tasks to queue
[2024-05-13T15:26:25.568+0000] {logging_mixin.py:188} INFO - [2024-05-13T15:26:25.568+0000] {dagbag.py:540} INFO - Filling up the DagBag from /home/airflow/.local/lib/python3.8/site-packages/airflow/example_dags/example_python_decorator.py
[2024-05-13T15:26:25.579+0000] {processor.py:840} INFO - DAG(s) 'example_python_decorator' retrieved from /home/airflow/.local/lib/python3.8/site-packages/airflow/example_dags/example_python_decorator.py
[2024-05-13T15:26:25.596+0000] {logging_mixin.py:188} INFO - [2024-05-13T15:26:25.596+0000] {dag.py:3047} INFO - Sync 1 DAGs
[2024-05-13T15:26:25.606+0000] {logging_mixin.py:188} INFO - [2024-05-13T15:26:25.606+0000] {dag.py:3834} INFO - Setting next_dagrun for example_python_decorator to None, run_after=None
[2024-05-13T15:26:25.623+0000] {processor.py:183} INFO - Processing /home/airflow/.local/lib/python3.8/site-packages/airflow/example_dags/example_python_decorator.py took 0.061 seconds
[2024-05-13T15:26:56.050+0000] {processor.py:161} INFO - Started process (PID=1643) to work on /home/airflow/.local/lib/python3.8/site-packages/airflow/example_dags/example_python_decorator.py
[2024-05-13T15:26:56.051+0000] {processor.py:830} INFO - Processing file /home/airflow/.local/lib/python3.8/site-packages/airflow/example_dags/example_python_decorator.py for tasks to queue
[2024-05-13T15:26:56.052+0000] {logging_mixin.py:188} INFO - [2024-05-13T15:26:56.052+0000] {dagbag.py:540} INFO - Filling up the DagBag from /home/airflow/.local/lib/python3.8/site-packages/airflow/example_dags/example_python_decorator.py
[2024-05-13T15:26:56.064+0000] {processor.py:840} INFO - DAG(s) 'example_python_decorator' retrieved from /home/airflow/.local/lib/python3.8/site-packages/airflow/example_dags/example_python_decorator.py
[2024-05-13T15:26:56.083+0000] {logging_mixin.py:188} INFO - [2024-05-13T15:26:56.083+0000] {dag.py:3047} INFO - Sync 1 DAGs
[2024-05-13T15:26:56.094+0000] {logging_mixin.py:188} INFO - [2024-05-13T15:26:56.094+0000] {dag.py:3834} INFO - Setting next_dagrun for example_python_decorator to None, run_after=None
[2024-05-13T15:26:56.115+0000] {processor.py:183} INFO - Processing /home/airflow/.local/lib/python3.8/site-packages/airflow/example_dags/example_python_decorator.py took 0.068 seconds
[2024-05-13T15:27:26.247+0000] {processor.py:161} INFO - Started process (PID=1711) to work on /home/airflow/.local/lib/python3.8/site-packages/airflow/example_dags/example_python_decorator.py
[2024-05-13T15:27:26.249+0000] {processor.py:830} INFO - Processing file /home/airflow/.local/lib/python3.8/site-packages/airflow/example_dags/example_python_decorator.py for tasks to queue
[2024-05-13T15:27:26.252+0000] {logging_mixin.py:188} INFO - [2024-05-13T15:27:26.251+0000] {dagbag.py:540} INFO - Filling up the DagBag from /home/airflow/.local/lib/python3.8/site-packages/airflow/example_dags/example_python_decorator.py
[2024-05-13T15:27:26.266+0000] {processor.py:840} INFO - DAG(s) 'example_python_decorator' retrieved from /home/airflow/.local/lib/python3.8/site-packages/airflow/example_dags/example_python_decorator.py
[2024-05-13T15:27:26.296+0000] {logging_mixin.py:188} INFO - [2024-05-13T15:27:26.296+0000] {dag.py:3047} INFO - Sync 1 DAGs
[2024-05-13T15:27:26.313+0000] {logging_mixin.py:188} INFO - [2024-05-13T15:27:26.312+0000] {dag.py:3834} INFO - Setting next_dagrun for example_python_decorator to None, run_after=None
[2024-05-13T15:27:26.343+0000] {processor.py:183} INFO - Processing /home/airflow/.local/lib/python3.8/site-packages/airflow/example_dags/example_python_decorator.py took 0.100 seconds
[2024-05-13T15:27:56.680+0000] {processor.py:161} INFO - Started process (PID=1779) to work on /home/airflow/.local/lib/python3.8/site-packages/airflow/example_dags/example_python_decorator.py
[2024-05-13T15:27:56.681+0000] {processor.py:830} INFO - Processing file /home/airflow/.local/lib/python3.8/site-packages/airflow/example_dags/example_python_decorator.py for tasks to queue
[2024-05-13T15:27:56.683+0000] {logging_mixin.py:188} INFO - [2024-05-13T15:27:56.683+0000] {dagbag.py:540} INFO - Filling up the DagBag from /home/airflow/.local/lib/python3.8/site-packages/airflow/example_dags/example_python_decorator.py
[2024-05-13T15:27:56.694+0000] {processor.py:840} INFO - DAG(s) 'example_python_decorator' retrieved from /home/airflow/.local/lib/python3.8/site-packages/airflow/example_dags/example_python_decorator.py
[2024-05-13T15:27:56.713+0000] {logging_mixin.py:188} INFO - [2024-05-13T15:27:56.713+0000] {dag.py:3047} INFO - Sync 1 DAGs
[2024-05-13T15:27:56.724+0000] {logging_mixin.py:188} INFO - [2024-05-13T15:27:56.724+0000] {dag.py:3834} INFO - Setting next_dagrun for example_python_decorator to None, run_after=None
[2024-05-13T15:27:56.744+0000] {processor.py:183} INFO - Processing /home/airflow/.local/lib/python3.8/site-packages/airflow/example_dags/example_python_decorator.py took 0.066 seconds
[2024-05-13T15:28:26.873+0000] {processor.py:161} INFO - Started process (PID=1847) to work on /home/airflow/.local/lib/python3.8/site-packages/airflow/example_dags/example_python_decorator.py
[2024-05-13T15:28:26.874+0000] {processor.py:830} INFO - Processing file /home/airflow/.local/lib/python3.8/site-packages/airflow/example_dags/example_python_decorator.py for tasks to queue
[2024-05-13T15:28:26.875+0000] {logging_mixin.py:188} INFO - [2024-05-13T15:28:26.875+0000] {dagbag.py:540} INFO - Filling up the DagBag from /home/airflow/.local/lib/python3.8/site-packages/airflow/example_dags/example_python_decorator.py
[2024-05-13T15:28:26.886+0000] {processor.py:840} INFO - DAG(s) 'example_python_decorator' retrieved from /home/airflow/.local/lib/python3.8/site-packages/airflow/example_dags/example_python_decorator.py
[2024-05-13T15:28:26.904+0000] {logging_mixin.py:188} INFO - [2024-05-13T15:28:26.904+0000] {dag.py:3047} INFO - Sync 1 DAGs
[2024-05-13T15:28:26.914+0000] {logging_mixin.py:188} INFO - [2024-05-13T15:28:26.914+0000] {dag.py:3834} INFO - Setting next_dagrun for example_python_decorator to None, run_after=None
[2024-05-13T15:28:26.932+0000] {processor.py:183} INFO - Processing /home/airflow/.local/lib/python3.8/site-packages/airflow/example_dags/example_python_decorator.py took 0.062 seconds
[2024-05-13T15:28:57.144+0000] {processor.py:161} INFO - Started process (PID=1915) to work on /home/airflow/.local/lib/python3.8/site-packages/airflow/example_dags/example_python_decorator.py
[2024-05-13T15:28:57.145+0000] {processor.py:830} INFO - Processing file /home/airflow/.local/lib/python3.8/site-packages/airflow/example_dags/example_python_decorator.py for tasks to queue
[2024-05-13T15:28:57.147+0000] {logging_mixin.py:188} INFO - [2024-05-13T15:28:57.147+0000] {dagbag.py:540} INFO - Filling up the DagBag from /home/airflow/.local/lib/python3.8/site-packages/airflow/example_dags/example_python_decorator.py
[2024-05-13T15:28:57.159+0000] {processor.py:840} INFO - DAG(s) 'example_python_decorator' retrieved from /home/airflow/.local/lib/python3.8/site-packages/airflow/example_dags/example_python_decorator.py
[2024-05-13T15:28:57.180+0000] {logging_mixin.py:188} INFO - [2024-05-13T15:28:57.179+0000] {dag.py:3047} INFO - Sync 1 DAGs
[2024-05-13T15:28:57.191+0000] {logging_mixin.py:188} INFO - [2024-05-13T15:28:57.191+0000] {dag.py:3834} INFO - Setting next_dagrun for example_python_decorator to None, run_after=None
[2024-05-13T15:28:57.209+0000] {processor.py:183} INFO - Processing /home/airflow/.local/lib/python3.8/site-packages/airflow/example_dags/example_python_decorator.py took 0.069 seconds
[2024-05-13T15:29:27.602+0000] {processor.py:161} INFO - Started process (PID=1983) to work on /home/airflow/.local/lib/python3.8/site-packages/airflow/example_dags/example_python_decorator.py
[2024-05-13T15:29:27.603+0000] {processor.py:830} INFO - Processing file /home/airflow/.local/lib/python3.8/site-packages/airflow/example_dags/example_python_decorator.py for tasks to queue
[2024-05-13T15:29:27.604+0000] {logging_mixin.py:188} INFO - [2024-05-13T15:29:27.604+0000] {dagbag.py:540} INFO - Filling up the DagBag from /home/airflow/.local/lib/python3.8/site-packages/airflow/example_dags/example_python_decorator.py
[2024-05-13T15:29:27.620+0000] {processor.py:840} INFO - DAG(s) 'example_python_decorator' retrieved from /home/airflow/.local/lib/python3.8/site-packages/airflow/example_dags/example_python_decorator.py
[2024-05-13T15:29:27.641+0000] {logging_mixin.py:188} INFO - [2024-05-13T15:29:27.640+0000] {dag.py:3047} INFO - Sync 1 DAGs
[2024-05-13T15:29:27.657+0000] {logging_mixin.py:188} INFO - [2024-05-13T15:29:27.656+0000] {dag.py:3834} INFO - Setting next_dagrun for example_python_decorator to None, run_after=None
[2024-05-13T15:29:27.680+0000] {processor.py:183} INFO - Processing /home/airflow/.local/lib/python3.8/site-packages/airflow/example_dags/example_python_decorator.py took 0.081 seconds
[2024-05-13T15:29:58.454+0000] {processor.py:161} INFO - Started process (PID=2051) to work on /home/airflow/.local/lib/python3.8/site-packages/airflow/example_dags/example_python_decorator.py
[2024-05-13T15:29:58.455+0000] {processor.py:830} INFO - Processing file /home/airflow/.local/lib/python3.8/site-packages/airflow/example_dags/example_python_decorator.py for tasks to queue
[2024-05-13T15:29:58.458+0000] {logging_mixin.py:188} INFO - [2024-05-13T15:29:58.457+0000] {dagbag.py:540} INFO - Filling up the DagBag from /home/airflow/.local/lib/python3.8/site-packages/airflow/example_dags/example_python_decorator.py
[2024-05-13T15:29:58.475+0000] {processor.py:840} INFO - DAG(s) 'example_python_decorator' retrieved from /home/airflow/.local/lib/python3.8/site-packages/airflow/example_dags/example_python_decorator.py
[2024-05-13T15:29:58.500+0000] {logging_mixin.py:188} INFO - [2024-05-13T15:29:58.500+0000] {dag.py:3047} INFO - Sync 1 DAGs
[2024-05-13T15:29:58.516+0000] {logging_mixin.py:188} INFO - [2024-05-13T15:29:58.515+0000] {dag.py:3834} INFO - Setting next_dagrun for example_python_decorator to None, run_after=None
[2024-05-13T15:29:58.547+0000] {processor.py:183} INFO - Processing /home/airflow/.local/lib/python3.8/site-packages/airflow/example_dags/example_python_decorator.py took 0.097 seconds
[2024-05-13T15:30:28.632+0000] {processor.py:161} INFO - Started process (PID=2119) to work on /home/airflow/.local/lib/python3.8/site-packages/airflow/example_dags/example_python_decorator.py
[2024-05-13T15:30:28.633+0000] {processor.py:830} INFO - Processing file /home/airflow/.local/lib/python3.8/site-packages/airflow/example_dags/example_python_decorator.py for tasks to queue
[2024-05-13T15:30:28.634+0000] {logging_mixin.py:188} INFO - [2024-05-13T15:30:28.634+0000] {dagbag.py:540} INFO - Filling up the DagBag from /home/airflow/.local/lib/python3.8/site-packages/airflow/example_dags/example_python_decorator.py
[2024-05-13T15:30:28.645+0000] {processor.py:840} INFO - DAG(s) 'example_python_decorator' retrieved from /home/airflow/.local/lib/python3.8/site-packages/airflow/example_dags/example_python_decorator.py
[2024-05-13T15:30:28.663+0000] {logging_mixin.py:188} INFO - [2024-05-13T15:30:28.663+0000] {dag.py:3047} INFO - Sync 1 DAGs
[2024-05-13T15:30:28.674+0000] {logging_mixin.py:188} INFO - [2024-05-13T15:30:28.674+0000] {dag.py:3834} INFO - Setting next_dagrun for example_python_decorator to None, run_after=None
[2024-05-13T15:30:28.693+0000] {processor.py:183} INFO - Processing /home/airflow/.local/lib/python3.8/site-packages/airflow/example_dags/example_python_decorator.py took 0.064 seconds
[2024-05-13T15:30:58.744+0000] {processor.py:161} INFO - Started process (PID=2187) to work on /home/airflow/.local/lib/python3.8/site-packages/airflow/example_dags/example_python_decorator.py
[2024-05-13T15:30:58.745+0000] {processor.py:830} INFO - Processing file /home/airflow/.local/lib/python3.8/site-packages/airflow/example_dags/example_python_decorator.py for tasks to queue
[2024-05-13T15:30:58.747+0000] {logging_mixin.py:188} INFO - [2024-05-13T15:30:58.746+0000] {dagbag.py:540} INFO - Filling up the DagBag from /home/airflow/.local/lib/python3.8/site-packages/airflow/example_dags/example_python_decorator.py
[2024-05-13T15:30:58.758+0000] {processor.py:840} INFO - DAG(s) 'example_python_decorator' retrieved from /home/airflow/.local/lib/python3.8/site-packages/airflow/example_dags/example_python_decorator.py
[2024-05-13T15:30:58.778+0000] {logging_mixin.py:188} INFO - [2024-05-13T15:30:58.778+0000] {dag.py:3047} INFO - Sync 1 DAGs
[2024-05-13T15:30:58.789+0000] {logging_mixin.py:188} INFO - [2024-05-13T15:30:58.789+0000] {dag.py:3834} INFO - Setting next_dagrun for example_python_decorator to None, run_after=None
[2024-05-13T15:30:58.808+0000] {processor.py:183} INFO - Processing /home/airflow/.local/lib/python3.8/site-packages/airflow/example_dags/example_python_decorator.py took 0.067 seconds
[2024-05-13T15:31:29.058+0000] {processor.py:161} INFO - Started process (PID=2255) to work on /home/airflow/.local/lib/python3.8/site-packages/airflow/example_dags/example_python_decorator.py
[2024-05-13T15:31:29.060+0000] {processor.py:830} INFO - Processing file /home/airflow/.local/lib/python3.8/site-packages/airflow/example_dags/example_python_decorator.py for tasks to queue
[2024-05-13T15:31:29.061+0000] {logging_mixin.py:188} INFO - [2024-05-13T15:31:29.061+0000] {dagbag.py:540} INFO - Filling up the DagBag from /home/airflow/.local/lib/python3.8/site-packages/airflow/example_dags/example_python_decorator.py
[2024-05-13T15:31:29.073+0000] {processor.py:840} INFO - DAG(s) 'example_python_decorator' retrieved from /home/airflow/.local/lib/python3.8/site-packages/airflow/example_dags/example_python_decorator.py
[2024-05-13T15:31:29.094+0000] {logging_mixin.py:188} INFO - [2024-05-13T15:31:29.093+0000] {dag.py:3047} INFO - Sync 1 DAGs
[2024-05-13T15:31:29.104+0000] {logging_mixin.py:188} INFO - [2024-05-13T15:31:29.104+0000] {dag.py:3834} INFO - Setting next_dagrun for example_python_decorator to None, run_after=None
[2024-05-13T15:31:29.124+0000] {processor.py:183} INFO - Processing /home/airflow/.local/lib/python3.8/site-packages/airflow/example_dags/example_python_decorator.py took 0.069 seconds
[2024-05-13T15:31:59.466+0000] {processor.py:161} INFO - Started process (PID=2323) to work on /home/airflow/.local/lib/python3.8/site-packages/airflow/example_dags/example_python_decorator.py
[2024-05-13T15:31:59.467+0000] {processor.py:830} INFO - Processing file /home/airflow/.local/lib/python3.8/site-packages/airflow/example_dags/example_python_decorator.py for tasks to queue
[2024-05-13T15:31:59.469+0000] {logging_mixin.py:188} INFO - [2024-05-13T15:31:59.469+0000] {dagbag.py:540} INFO - Filling up the DagBag from /home/airflow/.local/lib/python3.8/site-packages/airflow/example_dags/example_python_decorator.py
[2024-05-13T15:31:59.480+0000] {processor.py:840} INFO - DAG(s) 'example_python_decorator' retrieved from /home/airflow/.local/lib/python3.8/site-packages/airflow/example_dags/example_python_decorator.py
[2024-05-13T15:31:59.499+0000] {logging_mixin.py:188} INFO - [2024-05-13T15:31:59.499+0000] {dag.py:3047} INFO - Sync 1 DAGs
[2024-05-13T15:31:59.511+0000] {logging_mixin.py:188} INFO - [2024-05-13T15:31:59.511+0000] {dag.py:3834} INFO - Setting next_dagrun for example_python_decorator to None, run_after=None
[2024-05-13T15:31:59.527+0000] {processor.py:183} INFO - Processing /home/airflow/.local/lib/python3.8/site-packages/airflow/example_dags/example_python_decorator.py took 0.064 seconds
[2024-05-13T15:32:29.967+0000] {processor.py:161} INFO - Started process (PID=2391) to work on /home/airflow/.local/lib/python3.8/site-packages/airflow/example_dags/example_python_decorator.py
[2024-05-13T15:32:29.968+0000] {processor.py:830} INFO - Processing file /home/airflow/.local/lib/python3.8/site-packages/airflow/example_dags/example_python_decorator.py for tasks to queue
[2024-05-13T15:32:29.972+0000] {logging_mixin.py:188} INFO - [2024-05-13T15:32:29.971+0000] {dagbag.py:540} INFO - Filling up the DagBag from /home/airflow/.local/lib/python3.8/site-packages/airflow/example_dags/example_python_decorator.py
[2024-05-13T15:32:29.986+0000] {processor.py:840} INFO - DAG(s) 'example_python_decorator' retrieved from /home/airflow/.local/lib/python3.8/site-packages/airflow/example_dags/example_python_decorator.py
[2024-05-13T15:32:30.008+0000] {logging_mixin.py:188} INFO - [2024-05-13T15:32:30.007+0000] {dag.py:3047} INFO - Sync 1 DAGs
[2024-05-13T15:32:30.024+0000] {logging_mixin.py:188} INFO - [2024-05-13T15:32:30.023+0000] {dag.py:3834} INFO - Setting next_dagrun for example_python_decorator to None, run_after=None
[2024-05-13T15:32:30.052+0000] {processor.py:183} INFO - Processing /home/airflow/.local/lib/python3.8/site-packages/airflow/example_dags/example_python_decorator.py took 0.089 seconds
[2024-05-13T15:33:00.282+0000] {processor.py:161} INFO - Started process (PID=2458) to work on /home/airflow/.local/lib/python3.8/site-packages/airflow/example_dags/example_python_decorator.py
[2024-05-13T15:33:00.283+0000] {processor.py:830} INFO - Processing file /home/airflow/.local/lib/python3.8/site-packages/airflow/example_dags/example_python_decorator.py for tasks to queue
[2024-05-13T15:33:00.286+0000] {logging_mixin.py:188} INFO - [2024-05-13T15:33:00.285+0000] {dagbag.py:540} INFO - Filling up the DagBag from /home/airflow/.local/lib/python3.8/site-packages/airflow/example_dags/example_python_decorator.py
[2024-05-13T15:33:00.299+0000] {processor.py:840} INFO - DAG(s) 'example_python_decorator' retrieved from /home/airflow/.local/lib/python3.8/site-packages/airflow/example_dags/example_python_decorator.py
[2024-05-13T15:33:00.325+0000] {logging_mixin.py:188} INFO - [2024-05-13T15:33:00.325+0000] {dag.py:3047} INFO - Sync 1 DAGs
[2024-05-13T15:33:00.336+0000] {logging_mixin.py:188} INFO - [2024-05-13T15:33:00.336+0000] {dag.py:3834} INFO - Setting next_dagrun for example_python_decorator to None, run_after=None
[2024-05-13T15:33:00.361+0000] {processor.py:183} INFO - Processing /home/airflow/.local/lib/python3.8/site-packages/airflow/example_dags/example_python_decorator.py took 0.084 seconds
[2024-05-13T15:33:30.459+0000] {processor.py:161} INFO - Started process (PID=2514) to work on /home/airflow/.local/lib/python3.8/site-packages/airflow/example_dags/example_python_decorator.py
[2024-05-13T15:33:30.460+0000] {processor.py:830} INFO - Processing file /home/airflow/.local/lib/python3.8/site-packages/airflow/example_dags/example_python_decorator.py for tasks to queue
[2024-05-13T15:33:30.462+0000] {logging_mixin.py:188} INFO - [2024-05-13T15:33:30.462+0000] {dagbag.py:540} INFO - Filling up the DagBag from /home/airflow/.local/lib/python3.8/site-packages/airflow/example_dags/example_python_decorator.py
[2024-05-13T15:33:30.475+0000] {processor.py:840} INFO - DAG(s) 'example_python_decorator' retrieved from /home/airflow/.local/lib/python3.8/site-packages/airflow/example_dags/example_python_decorator.py
[2024-05-13T15:33:30.497+0000] {logging_mixin.py:188} INFO - [2024-05-13T15:33:30.496+0000] {dag.py:3047} INFO - Sync 1 DAGs
[2024-05-13T15:33:30.508+0000] {logging_mixin.py:188} INFO - [2024-05-13T15:33:30.508+0000] {dag.py:3834} INFO - Setting next_dagrun for example_python_decorator to None, run_after=None
[2024-05-13T15:33:30.532+0000] {processor.py:183} INFO - Processing /home/airflow/.local/lib/python3.8/site-packages/airflow/example_dags/example_python_decorator.py took 0.076 seconds
[2024-05-13T15:34:00.637+0000] {processor.py:161} INFO - Started process (PID=2582) to work on /home/airflow/.local/lib/python3.8/site-packages/airflow/example_dags/example_python_decorator.py
[2024-05-13T15:34:00.638+0000] {processor.py:830} INFO - Processing file /home/airflow/.local/lib/python3.8/site-packages/airflow/example_dags/example_python_decorator.py for tasks to queue
[2024-05-13T15:34:00.640+0000] {logging_mixin.py:188} INFO - [2024-05-13T15:34:00.640+0000] {dagbag.py:540} INFO - Filling up the DagBag from /home/airflow/.local/lib/python3.8/site-packages/airflow/example_dags/example_python_decorator.py
[2024-05-13T15:34:00.653+0000] {processor.py:840} INFO - DAG(s) 'example_python_decorator' retrieved from /home/airflow/.local/lib/python3.8/site-packages/airflow/example_dags/example_python_decorator.py
[2024-05-13T15:34:00.674+0000] {logging_mixin.py:188} INFO - [2024-05-13T15:34:00.674+0000] {dag.py:3047} INFO - Sync 1 DAGs
[2024-05-13T15:34:00.686+0000] {logging_mixin.py:188} INFO - [2024-05-13T15:34:00.686+0000] {dag.py:3834} INFO - Setting next_dagrun for example_python_decorator to None, run_after=None
[2024-05-13T15:34:00.708+0000] {processor.py:183} INFO - Processing /home/airflow/.local/lib/python3.8/site-packages/airflow/example_dags/example_python_decorator.py took 0.074 seconds
[2024-05-13T15:34:30.736+0000] {processor.py:161} INFO - Started process (PID=2651) to work on /home/airflow/.local/lib/python3.8/site-packages/airflow/example_dags/example_python_decorator.py
[2024-05-13T15:34:30.737+0000] {processor.py:830} INFO - Processing file /home/airflow/.local/lib/python3.8/site-packages/airflow/example_dags/example_python_decorator.py for tasks to queue
[2024-05-13T15:34:30.739+0000] {logging_mixin.py:188} INFO - [2024-05-13T15:34:30.739+0000] {dagbag.py:540} INFO - Filling up the DagBag from /home/airflow/.local/lib/python3.8/site-packages/airflow/example_dags/example_python_decorator.py
[2024-05-13T15:34:30.752+0000] {processor.py:840} INFO - DAG(s) 'example_python_decorator' retrieved from /home/airflow/.local/lib/python3.8/site-packages/airflow/example_dags/example_python_decorator.py
[2024-05-13T15:34:30.774+0000] {logging_mixin.py:188} INFO - [2024-05-13T15:34:30.774+0000] {dag.py:3047} INFO - Sync 1 DAGs
[2024-05-13T15:34:30.786+0000] {logging_mixin.py:188} INFO - [2024-05-13T15:34:30.786+0000] {dag.py:3834} INFO - Setting next_dagrun for example_python_decorator to None, run_after=None
[2024-05-13T15:34:30.809+0000] {processor.py:183} INFO - Processing /home/airflow/.local/lib/python3.8/site-packages/airflow/example_dags/example_python_decorator.py took 0.076 seconds
[2024-05-13T15:35:01.007+0000] {processor.py:161} INFO - Started process (PID=2719) to work on /home/airflow/.local/lib/python3.8/site-packages/airflow/example_dags/example_python_decorator.py
[2024-05-13T15:35:01.008+0000] {processor.py:830} INFO - Processing file /home/airflow/.local/lib/python3.8/site-packages/airflow/example_dags/example_python_decorator.py for tasks to queue
[2024-05-13T15:35:01.009+0000] {logging_mixin.py:188} INFO - [2024-05-13T15:35:01.009+0000] {dagbag.py:540} INFO - Filling up the DagBag from /home/airflow/.local/lib/python3.8/site-packages/airflow/example_dags/example_python_decorator.py
[2024-05-13T15:35:01.020+0000] {processor.py:840} INFO - DAG(s) 'example_python_decorator' retrieved from /home/airflow/.local/lib/python3.8/site-packages/airflow/example_dags/example_python_decorator.py
[2024-05-13T15:35:01.038+0000] {logging_mixin.py:188} INFO - [2024-05-13T15:35:01.038+0000] {dag.py:3047} INFO - Sync 1 DAGs
[2024-05-13T15:35:01.049+0000] {logging_mixin.py:188} INFO - [2024-05-13T15:35:01.049+0000] {dag.py:3834} INFO - Setting next_dagrun for example_python_decorator to None, run_after=None
[2024-05-13T15:35:01.066+0000] {processor.py:183} INFO - Processing /home/airflow/.local/lib/python3.8/site-packages/airflow/example_dags/example_python_decorator.py took 0.062 seconds
[2024-05-13T15:35:31.465+0000] {processor.py:161} INFO - Started process (PID=2787) to work on /home/airflow/.local/lib/python3.8/site-packages/airflow/example_dags/example_python_decorator.py
[2024-05-13T15:35:31.465+0000] {processor.py:830} INFO - Processing file /home/airflow/.local/lib/python3.8/site-packages/airflow/example_dags/example_python_decorator.py for tasks to queue
[2024-05-13T15:35:31.467+0000] {logging_mixin.py:188} INFO - [2024-05-13T15:35:31.467+0000] {dagbag.py:540} INFO - Filling up the DagBag from /home/airflow/.local/lib/python3.8/site-packages/airflow/example_dags/example_python_decorator.py
[2024-05-13T15:35:31.478+0000] {processor.py:840} INFO - DAG(s) 'example_python_decorator' retrieved from /home/airflow/.local/lib/python3.8/site-packages/airflow/example_dags/example_python_decorator.py
[2024-05-13T15:35:31.497+0000] {logging_mixin.py:188} INFO - [2024-05-13T15:35:31.496+0000] {dag.py:3047} INFO - Sync 1 DAGs
[2024-05-13T15:35:31.507+0000] {logging_mixin.py:188} INFO - [2024-05-13T15:35:31.507+0000] {dag.py:3834} INFO - Setting next_dagrun for example_python_decorator to None, run_after=None
[2024-05-13T15:35:31.523+0000] {processor.py:183} INFO - Processing /home/airflow/.local/lib/python3.8/site-packages/airflow/example_dags/example_python_decorator.py took 0.062 seconds
[2024-05-13T15:36:01.992+0000] {processor.py:161} INFO - Started process (PID=2855) to work on /home/airflow/.local/lib/python3.8/site-packages/airflow/example_dags/example_python_decorator.py
[2024-05-13T15:36:01.993+0000] {processor.py:830} INFO - Processing file /home/airflow/.local/lib/python3.8/site-packages/airflow/example_dags/example_python_decorator.py for tasks to queue
[2024-05-13T15:36:01.995+0000] {logging_mixin.py:188} INFO - [2024-05-13T15:36:01.995+0000] {dagbag.py:540} INFO - Filling up the DagBag from /home/airflow/.local/lib/python3.8/site-packages/airflow/example_dags/example_python_decorator.py
[2024-05-13T15:36:02.010+0000] {processor.py:840} INFO - DAG(s) 'example_python_decorator' retrieved from /home/airflow/.local/lib/python3.8/site-packages/airflow/example_dags/example_python_decorator.py
[2024-05-13T15:36:02.033+0000] {logging_mixin.py:188} INFO - [2024-05-13T15:36:02.032+0000] {dag.py:3047} INFO - Sync 1 DAGs
[2024-05-13T15:36:02.045+0000] {logging_mixin.py:188} INFO - [2024-05-13T15:36:02.045+0000] {dag.py:3834} INFO - Setting next_dagrun for example_python_decorator to None, run_after=None
[2024-05-13T15:36:02.066+0000] {processor.py:183} INFO - Processing /home/airflow/.local/lib/python3.8/site-packages/airflow/example_dags/example_python_decorator.py took 0.077 seconds
[2024-05-13T15:36:32.416+0000] {processor.py:161} INFO - Started process (PID=2923) to work on /home/airflow/.local/lib/python3.8/site-packages/airflow/example_dags/example_python_decorator.py
[2024-05-13T15:36:32.417+0000] {processor.py:830} INFO - Processing file /home/airflow/.local/lib/python3.8/site-packages/airflow/example_dags/example_python_decorator.py for tasks to queue
[2024-05-13T15:36:32.419+0000] {logging_mixin.py:188} INFO - [2024-05-13T15:36:32.419+0000] {dagbag.py:540} INFO - Filling up the DagBag from /home/airflow/.local/lib/python3.8/site-packages/airflow/example_dags/example_python_decorator.py
[2024-05-13T15:36:32.430+0000] {processor.py:840} INFO - DAG(s) 'example_python_decorator' retrieved from /home/airflow/.local/lib/python3.8/site-packages/airflow/example_dags/example_python_decorator.py
[2024-05-13T15:36:32.448+0000] {logging_mixin.py:188} INFO - [2024-05-13T15:36:32.447+0000] {dag.py:3047} INFO - Sync 1 DAGs
[2024-05-13T15:36:32.459+0000] {logging_mixin.py:188} INFO - [2024-05-13T15:36:32.458+0000] {dag.py:3834} INFO - Setting next_dagrun for example_python_decorator to None, run_after=None
[2024-05-13T15:36:32.476+0000] {processor.py:183} INFO - Processing /home/airflow/.local/lib/python3.8/site-packages/airflow/example_dags/example_python_decorator.py took 0.063 seconds
[2024-05-13T15:37:03.236+0000] {processor.py:161} INFO - Started process (PID=2989) to work on /home/airflow/.local/lib/python3.8/site-packages/airflow/example_dags/example_python_decorator.py
[2024-05-13T15:37:03.237+0000] {processor.py:830} INFO - Processing file /home/airflow/.local/lib/python3.8/site-packages/airflow/example_dags/example_python_decorator.py for tasks to queue
[2024-05-13T15:37:03.239+0000] {logging_mixin.py:188} INFO - [2024-05-13T15:37:03.239+0000] {dagbag.py:540} INFO - Filling up the DagBag from /home/airflow/.local/lib/python3.8/site-packages/airflow/example_dags/example_python_decorator.py
[2024-05-13T15:37:03.250+0000] {processor.py:840} INFO - DAG(s) 'example_python_decorator' retrieved from /home/airflow/.local/lib/python3.8/site-packages/airflow/example_dags/example_python_decorator.py
[2024-05-13T15:37:03.269+0000] {logging_mixin.py:188} INFO - [2024-05-13T15:37:03.268+0000] {dag.py:3047} INFO - Sync 1 DAGs
[2024-05-13T15:37:03.278+0000] {logging_mixin.py:188} INFO - [2024-05-13T15:37:03.278+0000] {dag.py:3834} INFO - Setting next_dagrun for example_python_decorator to None, run_after=None
[2024-05-13T15:37:03.298+0000] {processor.py:183} INFO - Processing /home/airflow/.local/lib/python3.8/site-packages/airflow/example_dags/example_python_decorator.py took 0.064 seconds
[2024-05-13T15:37:33.550+0000] {processor.py:161} INFO - Started process (PID=3057) to work on /home/airflow/.local/lib/python3.8/site-packages/airflow/example_dags/example_python_decorator.py
[2024-05-13T15:37:33.551+0000] {processor.py:830} INFO - Processing file /home/airflow/.local/lib/python3.8/site-packages/airflow/example_dags/example_python_decorator.py for tasks to queue
[2024-05-13T15:37:33.553+0000] {logging_mixin.py:188} INFO - [2024-05-13T15:37:33.553+0000] {dagbag.py:540} INFO - Filling up the DagBag from /home/airflow/.local/lib/python3.8/site-packages/airflow/example_dags/example_python_decorator.py
[2024-05-13T15:37:33.566+0000] {processor.py:840} INFO - DAG(s) 'example_python_decorator' retrieved from /home/airflow/.local/lib/python3.8/site-packages/airflow/example_dags/example_python_decorator.py
[2024-05-13T15:37:33.589+0000] {logging_mixin.py:188} INFO - [2024-05-13T15:37:33.589+0000] {dag.py:3047} INFO - Sync 1 DAGs
[2024-05-13T15:37:33.601+0000] {logging_mixin.py:188} INFO - [2024-05-13T15:37:33.601+0000] {dag.py:3834} INFO - Setting next_dagrun for example_python_decorator to None, run_after=None
[2024-05-13T15:37:33.619+0000] {processor.py:183} INFO - Processing /home/airflow/.local/lib/python3.8/site-packages/airflow/example_dags/example_python_decorator.py took 0.072 seconds
[2024-05-13T15:38:04.480+0000] {processor.py:161} INFO - Started process (PID=3125) to work on /home/airflow/.local/lib/python3.8/site-packages/airflow/example_dags/example_python_decorator.py
[2024-05-13T15:38:04.481+0000] {processor.py:830} INFO - Processing file /home/airflow/.local/lib/python3.8/site-packages/airflow/example_dags/example_python_decorator.py for tasks to queue
[2024-05-13T15:38:04.483+0000] {logging_mixin.py:188} INFO - [2024-05-13T15:38:04.482+0000] {dagbag.py:540} INFO - Filling up the DagBag from /home/airflow/.local/lib/python3.8/site-packages/airflow/example_dags/example_python_decorator.py
[2024-05-13T15:38:04.496+0000] {processor.py:840} INFO - DAG(s) 'example_python_decorator' retrieved from /home/airflow/.local/lib/python3.8/site-packages/airflow/example_dags/example_python_decorator.py
[2024-05-13T15:38:04.520+0000] {logging_mixin.py:188} INFO - [2024-05-13T15:38:04.520+0000] {dag.py:3047} INFO - Sync 1 DAGs
[2024-05-13T15:38:04.530+0000] {logging_mixin.py:188} INFO - [2024-05-13T15:38:04.530+0000] {dag.py:3834} INFO - Setting next_dagrun for example_python_decorator to None, run_after=None
[2024-05-13T15:38:04.554+0000] {processor.py:183} INFO - Processing /home/airflow/.local/lib/python3.8/site-packages/airflow/example_dags/example_python_decorator.py took 0.078 seconds
[2024-05-13T15:38:34.714+0000] {processor.py:161} INFO - Started process (PID=3193) to work on /home/airflow/.local/lib/python3.8/site-packages/airflow/example_dags/example_python_decorator.py
[2024-05-13T15:38:34.715+0000] {processor.py:830} INFO - Processing file /home/airflow/.local/lib/python3.8/site-packages/airflow/example_dags/example_python_decorator.py for tasks to queue
[2024-05-13T15:38:34.716+0000] {logging_mixin.py:188} INFO - [2024-05-13T15:38:34.716+0000] {dagbag.py:540} INFO - Filling up the DagBag from /home/airflow/.local/lib/python3.8/site-packages/airflow/example_dags/example_python_decorator.py
[2024-05-13T15:38:34.730+0000] {processor.py:840} INFO - DAG(s) 'example_python_decorator' retrieved from /home/airflow/.local/lib/python3.8/site-packages/airflow/example_dags/example_python_decorator.py
[2024-05-13T15:38:34.749+0000] {logging_mixin.py:188} INFO - [2024-05-13T15:38:34.749+0000] {dag.py:3047} INFO - Sync 1 DAGs
[2024-05-13T15:38:34.762+0000] {logging_mixin.py:188} INFO - [2024-05-13T15:38:34.762+0000] {dag.py:3834} INFO - Setting next_dagrun for example_python_decorator to None, run_after=None
[2024-05-13T15:38:34.787+0000] {processor.py:183} INFO - Processing /home/airflow/.local/lib/python3.8/site-packages/airflow/example_dags/example_python_decorator.py took 0.076 seconds
[2024-05-13T15:39:05.252+0000] {processor.py:161} INFO - Started process (PID=3261) to work on /home/airflow/.local/lib/python3.8/site-packages/airflow/example_dags/example_python_decorator.py
[2024-05-13T15:39:05.253+0000] {processor.py:830} INFO - Processing file /home/airflow/.local/lib/python3.8/site-packages/airflow/example_dags/example_python_decorator.py for tasks to queue
[2024-05-13T15:39:05.255+0000] {logging_mixin.py:188} INFO - [2024-05-13T15:39:05.255+0000] {dagbag.py:540} INFO - Filling up the DagBag from /home/airflow/.local/lib/python3.8/site-packages/airflow/example_dags/example_python_decorator.py
[2024-05-13T15:39:05.274+0000] {processor.py:840} INFO - DAG(s) 'example_python_decorator' retrieved from /home/airflow/.local/lib/python3.8/site-packages/airflow/example_dags/example_python_decorator.py
[2024-05-13T15:39:05.297+0000] {logging_mixin.py:188} INFO - [2024-05-13T15:39:05.296+0000] {dag.py:3047} INFO - Sync 1 DAGs
[2024-05-13T15:39:05.318+0000] {logging_mixin.py:188} INFO - [2024-05-13T15:39:05.317+0000] {dag.py:3834} INFO - Setting next_dagrun for example_python_decorator to None, run_after=None
[2024-05-13T15:39:05.345+0000] {processor.py:183} INFO - Processing /home/airflow/.local/lib/python3.8/site-packages/airflow/example_dags/example_python_decorator.py took 0.097 seconds
[2024-05-13T15:39:35.824+0000] {processor.py:161} INFO - Started process (PID=3329) to work on /home/airflow/.local/lib/python3.8/site-packages/airflow/example_dags/example_python_decorator.py
[2024-05-13T15:39:35.825+0000] {processor.py:830} INFO - Processing file /home/airflow/.local/lib/python3.8/site-packages/airflow/example_dags/example_python_decorator.py for tasks to queue
[2024-05-13T15:39:35.828+0000] {logging_mixin.py:188} INFO - [2024-05-13T15:39:35.827+0000] {dagbag.py:540} INFO - Filling up the DagBag from /home/airflow/.local/lib/python3.8/site-packages/airflow/example_dags/example_python_decorator.py
[2024-05-13T15:39:35.840+0000] {processor.py:840} INFO - DAG(s) 'example_python_decorator' retrieved from /home/airflow/.local/lib/python3.8/site-packages/airflow/example_dags/example_python_decorator.py
[2024-05-13T15:39:35.864+0000] {logging_mixin.py:188} INFO - [2024-05-13T15:39:35.863+0000] {dag.py:3047} INFO - Sync 1 DAGs
[2024-05-13T15:39:35.875+0000] {logging_mixin.py:188} INFO - [2024-05-13T15:39:35.874+0000] {dag.py:3834} INFO - Setting next_dagrun for example_python_decorator to None, run_after=None
[2024-05-13T15:39:35.894+0000] {processor.py:183} INFO - Processing /home/airflow/.local/lib/python3.8/site-packages/airflow/example_dags/example_python_decorator.py took 0.072 seconds
[2024-05-13T15:40:06.195+0000] {processor.py:161} INFO - Started process (PID=3397) to work on /home/airflow/.local/lib/python3.8/site-packages/airflow/example_dags/example_python_decorator.py
[2024-05-13T15:40:06.197+0000] {processor.py:830} INFO - Processing file /home/airflow/.local/lib/python3.8/site-packages/airflow/example_dags/example_python_decorator.py for tasks to queue
[2024-05-13T15:40:06.199+0000] {logging_mixin.py:188} INFO - [2024-05-13T15:40:06.199+0000] {dagbag.py:540} INFO - Filling up the DagBag from /home/airflow/.local/lib/python3.8/site-packages/airflow/example_dags/example_python_decorator.py
[2024-05-13T15:40:06.214+0000] {processor.py:840} INFO - DAG(s) 'example_python_decorator' retrieved from /home/airflow/.local/lib/python3.8/site-packages/airflow/example_dags/example_python_decorator.py
[2024-05-13T15:40:06.237+0000] {logging_mixin.py:188} INFO - [2024-05-13T15:40:06.237+0000] {dag.py:3047} INFO - Sync 1 DAGs
[2024-05-13T15:40:06.252+0000] {logging_mixin.py:188} INFO - [2024-05-13T15:40:06.251+0000] {dag.py:3834} INFO - Setting next_dagrun for example_python_decorator to None, run_after=None
[2024-05-13T15:40:06.278+0000] {processor.py:183} INFO - Processing /home/airflow/.local/lib/python3.8/site-packages/airflow/example_dags/example_python_decorator.py took 0.086 seconds
[2024-05-13T15:40:36.458+0000] {processor.py:161} INFO - Started process (PID=3465) to work on /home/airflow/.local/lib/python3.8/site-packages/airflow/example_dags/example_python_decorator.py
[2024-05-13T15:40:36.459+0000] {processor.py:830} INFO - Processing file /home/airflow/.local/lib/python3.8/site-packages/airflow/example_dags/example_python_decorator.py for tasks to queue
[2024-05-13T15:40:36.461+0000] {logging_mixin.py:188} INFO - [2024-05-13T15:40:36.461+0000] {dagbag.py:540} INFO - Filling up the DagBag from /home/airflow/.local/lib/python3.8/site-packages/airflow/example_dags/example_python_decorator.py
[2024-05-13T15:40:36.472+0000] {processor.py:840} INFO - DAG(s) 'example_python_decorator' retrieved from /home/airflow/.local/lib/python3.8/site-packages/airflow/example_dags/example_python_decorator.py
[2024-05-13T15:40:36.492+0000] {logging_mixin.py:188} INFO - [2024-05-13T15:40:36.492+0000] {dag.py:3047} INFO - Sync 1 DAGs
[2024-05-13T15:40:36.503+0000] {logging_mixin.py:188} INFO - [2024-05-13T15:40:36.503+0000] {dag.py:3834} INFO - Setting next_dagrun for example_python_decorator to None, run_after=None
[2024-05-13T15:40:36.522+0000] {processor.py:183} INFO - Processing /home/airflow/.local/lib/python3.8/site-packages/airflow/example_dags/example_python_decorator.py took 0.067 seconds
[2024-05-13T15:41:06.583+0000] {processor.py:161} INFO - Started process (PID=3533) to work on /home/airflow/.local/lib/python3.8/site-packages/airflow/example_dags/example_python_decorator.py
[2024-05-13T15:41:06.584+0000] {processor.py:830} INFO - Processing file /home/airflow/.local/lib/python3.8/site-packages/airflow/example_dags/example_python_decorator.py for tasks to queue
[2024-05-13T15:41:06.586+0000] {logging_mixin.py:188} INFO - [2024-05-13T15:41:06.585+0000] {dagbag.py:540} INFO - Filling up the DagBag from /home/airflow/.local/lib/python3.8/site-packages/airflow/example_dags/example_python_decorator.py
[2024-05-13T15:41:06.598+0000] {processor.py:840} INFO - DAG(s) 'example_python_decorator' retrieved from /home/airflow/.local/lib/python3.8/site-packages/airflow/example_dags/example_python_decorator.py
[2024-05-13T15:41:06.618+0000] {logging_mixin.py:188} INFO - [2024-05-13T15:41:06.618+0000] {dag.py:3047} INFO - Sync 1 DAGs
[2024-05-13T15:41:06.630+0000] {logging_mixin.py:188} INFO - [2024-05-13T15:41:06.630+0000] {dag.py:3834} INFO - Setting next_dagrun for example_python_decorator to None, run_after=None
[2024-05-13T15:41:06.647+0000] {processor.py:183} INFO - Processing /home/airflow/.local/lib/python3.8/site-packages/airflow/example_dags/example_python_decorator.py took 0.067 seconds
[2024-05-13T15:41:37.035+0000] {processor.py:161} INFO - Started process (PID=3601) to work on /home/airflow/.local/lib/python3.8/site-packages/airflow/example_dags/example_python_decorator.py
[2024-05-13T15:41:37.036+0000] {processor.py:830} INFO - Processing file /home/airflow/.local/lib/python3.8/site-packages/airflow/example_dags/example_python_decorator.py for tasks to queue
[2024-05-13T15:41:37.038+0000] {logging_mixin.py:188} INFO - [2024-05-13T15:41:37.037+0000] {dagbag.py:540} INFO - Filling up the DagBag from /home/airflow/.local/lib/python3.8/site-packages/airflow/example_dags/example_python_decorator.py
[2024-05-13T15:41:37.049+0000] {processor.py:840} INFO - DAG(s) 'example_python_decorator' retrieved from /home/airflow/.local/lib/python3.8/site-packages/airflow/example_dags/example_python_decorator.py
[2024-05-13T15:41:37.180+0000] {logging_mixin.py:188} INFO - [2024-05-13T15:41:37.179+0000] {dag.py:3047} INFO - Sync 1 DAGs
[2024-05-13T15:41:37.189+0000] {logging_mixin.py:188} INFO - [2024-05-13T15:41:37.189+0000] {dag.py:3834} INFO - Setting next_dagrun for example_python_decorator to None, run_after=None
[2024-05-13T15:41:37.208+0000] {processor.py:183} INFO - Processing /home/airflow/.local/lib/python3.8/site-packages/airflow/example_dags/example_python_decorator.py took 0.175 seconds
[2024-05-13T15:42:07.917+0000] {processor.py:161} INFO - Started process (PID=3669) to work on /home/airflow/.local/lib/python3.8/site-packages/airflow/example_dags/example_python_decorator.py
[2024-05-13T15:42:07.918+0000] {processor.py:830} INFO - Processing file /home/airflow/.local/lib/python3.8/site-packages/airflow/example_dags/example_python_decorator.py for tasks to queue
[2024-05-13T15:42:07.920+0000] {logging_mixin.py:188} INFO - [2024-05-13T15:42:07.920+0000] {dagbag.py:540} INFO - Filling up the DagBag from /home/airflow/.local/lib/python3.8/site-packages/airflow/example_dags/example_python_decorator.py
[2024-05-13T15:42:07.931+0000] {processor.py:840} INFO - DAG(s) 'example_python_decorator' retrieved from /home/airflow/.local/lib/python3.8/site-packages/airflow/example_dags/example_python_decorator.py
[2024-05-13T15:42:07.951+0000] {logging_mixin.py:188} INFO - [2024-05-13T15:42:07.951+0000] {dag.py:3047} INFO - Sync 1 DAGs
[2024-05-13T15:42:08.096+0000] {logging_mixin.py:188} INFO - [2024-05-13T15:42:08.094+0000] {dag.py:3834} INFO - Setting next_dagrun for example_python_decorator to None, run_after=None
[2024-05-13T15:42:08.119+0000] {processor.py:183} INFO - Processing /home/airflow/.local/lib/python3.8/site-packages/airflow/example_dags/example_python_decorator.py took 0.205 seconds
[2024-05-13T15:42:38.976+0000] {processor.py:161} INFO - Started process (PID=3737) to work on /home/airflow/.local/lib/python3.8/site-packages/airflow/example_dags/example_python_decorator.py
[2024-05-13T15:42:38.977+0000] {processor.py:830} INFO - Processing file /home/airflow/.local/lib/python3.8/site-packages/airflow/example_dags/example_python_decorator.py for tasks to queue
[2024-05-13T15:42:38.979+0000] {logging_mixin.py:188} INFO - [2024-05-13T15:42:38.978+0000] {dagbag.py:540} INFO - Filling up the DagBag from /home/airflow/.local/lib/python3.8/site-packages/airflow/example_dags/example_python_decorator.py
[2024-05-13T15:42:38.993+0000] {processor.py:840} INFO - DAG(s) 'example_python_decorator' retrieved from /home/airflow/.local/lib/python3.8/site-packages/airflow/example_dags/example_python_decorator.py
[2024-05-13T15:42:39.013+0000] {logging_mixin.py:188} INFO - [2024-05-13T15:42:39.013+0000] {dag.py:3047} INFO - Sync 1 DAGs
[2024-05-13T15:42:39.028+0000] {logging_mixin.py:188} INFO - [2024-05-13T15:42:39.027+0000] {dag.py:3834} INFO - Setting next_dagrun for example_python_decorator to None, run_after=None
[2024-05-13T15:42:39.047+0000] {processor.py:183} INFO - Processing /home/airflow/.local/lib/python3.8/site-packages/airflow/example_dags/example_python_decorator.py took 0.073 seconds
[2024-05-13T15:43:09.091+0000] {processor.py:161} INFO - Started process (PID=3805) to work on /home/airflow/.local/lib/python3.8/site-packages/airflow/example_dags/example_python_decorator.py
[2024-05-13T15:43:09.092+0000] {processor.py:830} INFO - Processing file /home/airflow/.local/lib/python3.8/site-packages/airflow/example_dags/example_python_decorator.py for tasks to queue
[2024-05-13T15:43:09.094+0000] {logging_mixin.py:188} INFO - [2024-05-13T15:43:09.093+0000] {dagbag.py:540} INFO - Filling up the DagBag from /home/airflow/.local/lib/python3.8/site-packages/airflow/example_dags/example_python_decorator.py
[2024-05-13T15:43:09.108+0000] {processor.py:840} INFO - DAG(s) 'example_python_decorator' retrieved from /home/airflow/.local/lib/python3.8/site-packages/airflow/example_dags/example_python_decorator.py
[2024-05-13T15:43:09.130+0000] {logging_mixin.py:188} INFO - [2024-05-13T15:43:09.129+0000] {dag.py:3047} INFO - Sync 1 DAGs
[2024-05-13T15:43:09.145+0000] {logging_mixin.py:188} INFO - [2024-05-13T15:43:09.145+0000] {dag.py:3834} INFO - Setting next_dagrun for example_python_decorator to None, run_after=None
[2024-05-13T15:43:09.168+0000] {processor.py:183} INFO - Processing /home/airflow/.local/lib/python3.8/site-packages/airflow/example_dags/example_python_decorator.py took 0.080 seconds
[2024-05-13T15:43:39.637+0000] {processor.py:161} INFO - Started process (PID=3873) to work on /home/airflow/.local/lib/python3.8/site-packages/airflow/example_dags/example_python_decorator.py
[2024-05-13T15:43:39.639+0000] {processor.py:830} INFO - Processing file /home/airflow/.local/lib/python3.8/site-packages/airflow/example_dags/example_python_decorator.py for tasks to queue
[2024-05-13T15:43:39.641+0000] {logging_mixin.py:188} INFO - [2024-05-13T15:43:39.641+0000] {dagbag.py:540} INFO - Filling up the DagBag from /home/airflow/.local/lib/python3.8/site-packages/airflow/example_dags/example_python_decorator.py
[2024-05-13T15:43:39.653+0000] {processor.py:840} INFO - DAG(s) 'example_python_decorator' retrieved from /home/airflow/.local/lib/python3.8/site-packages/airflow/example_dags/example_python_decorator.py
[2024-05-13T15:43:39.679+0000] {logging_mixin.py:188} INFO - [2024-05-13T15:43:39.678+0000] {dag.py:3047} INFO - Sync 1 DAGs
[2024-05-13T15:43:39.690+0000] {logging_mixin.py:188} INFO - [2024-05-13T15:43:39.690+0000] {dag.py:3834} INFO - Setting next_dagrun for example_python_decorator to None, run_after=None
[2024-05-13T15:43:39.716+0000] {processor.py:183} INFO - Processing /home/airflow/.local/lib/python3.8/site-packages/airflow/example_dags/example_python_decorator.py took 0.081 seconds
[2024-05-13T15:44:10.079+0000] {processor.py:161} INFO - Started process (PID=3941) to work on /home/airflow/.local/lib/python3.8/site-packages/airflow/example_dags/example_python_decorator.py
[2024-05-13T15:44:10.080+0000] {processor.py:830} INFO - Processing file /home/airflow/.local/lib/python3.8/site-packages/airflow/example_dags/example_python_decorator.py for tasks to queue
[2024-05-13T15:44:10.081+0000] {logging_mixin.py:188} INFO - [2024-05-13T15:44:10.081+0000] {dagbag.py:540} INFO - Filling up the DagBag from /home/airflow/.local/lib/python3.8/site-packages/airflow/example_dags/example_python_decorator.py
[2024-05-13T15:44:10.098+0000] {processor.py:840} INFO - DAG(s) 'example_python_decorator' retrieved from /home/airflow/.local/lib/python3.8/site-packages/airflow/example_dags/example_python_decorator.py
[2024-05-13T15:44:10.117+0000] {logging_mixin.py:188} INFO - [2024-05-13T15:44:10.117+0000] {dag.py:3047} INFO - Sync 1 DAGs
[2024-05-13T15:44:10.131+0000] {logging_mixin.py:188} INFO - [2024-05-13T15:44:10.130+0000] {dag.py:3834} INFO - Setting next_dagrun for example_python_decorator to None, run_after=None
[2024-05-13T15:44:10.149+0000] {processor.py:183} INFO - Processing /home/airflow/.local/lib/python3.8/site-packages/airflow/example_dags/example_python_decorator.py took 0.072 seconds
