[2024-05-13T15:15:18.474+0000] {processor.py:161} INFO - Started process (PID=88) to work on /home/airflow/.local/lib/python3.8/site-packages/airflow/example_dags/example_nested_branch_dag.py
[2024-05-13T15:15:18.476+0000] {processor.py:830} INFO - Processing file /home/airflow/.local/lib/python3.8/site-packages/airflow/example_dags/example_nested_branch_dag.py for tasks to queue
[2024-05-13T15:15:18.478+0000] {logging_mixin.py:188} INFO - [2024-05-13T15:15:18.478+0000] {dagbag.py:540} INFO - Filling up the DagBag from /home/airflow/.local/lib/python3.8/site-packages/airflow/example_dags/example_nested_branch_dag.py
[2024-05-13T15:15:18.492+0000] {processor.py:840} INFO - DAG(s) 'example_nested_branch_dag' retrieved from /home/airflow/.local/lib/python3.8/site-packages/airflow/example_dags/example_nested_branch_dag.py
[2024-05-13T15:15:18.602+0000] {logging_mixin.py:188} INFO - [2024-05-13T15:15:18.601+0000] {override.py:1769} INFO - Created Permission View: can delete on DAG:example_nested_branch_dag
[2024-05-13T15:15:18.613+0000] {logging_mixin.py:188} INFO - [2024-05-13T15:15:18.612+0000] {override.py:1769} INFO - Created Permission View: can edit on DAG:example_nested_branch_dag
[2024-05-13T15:15:18.620+0000] {logging_mixin.py:188} INFO - [2024-05-13T15:15:18.619+0000] {override.py:1769} INFO - Created Permission View: can read on DAG:example_nested_branch_dag
[2024-05-13T15:15:18.620+0000] {logging_mixin.py:188} INFO - [2024-05-13T15:15:18.620+0000] {dag.py:3047} INFO - Sync 1 DAGs
[2024-05-13T15:15:18.630+0000] {logging_mixin.py:188} INFO - [2024-05-13T15:15:18.630+0000] {dag.py:3069} INFO - Creating ORM DAG for example_nested_branch_dag
[2024-05-13T15:15:18.641+0000] {logging_mixin.py:188} INFO - [2024-05-13T15:15:18.641+0000] {dag.py:3834} INFO - Setting next_dagrun for example_nested_branch_dag to 2024-05-12 00:00:00+00:00, run_after=2024-05-13 00:00:00+00:00
[2024-05-13T15:15:18.660+0000] {processor.py:183} INFO - Processing /home/airflow/.local/lib/python3.8/site-packages/airflow/example_dags/example_nested_branch_dag.py took 0.190 seconds
[2024-05-13T15:15:49.386+0000] {processor.py:161} INFO - Started process (PID=155) to work on /home/airflow/.local/lib/python3.8/site-packages/airflow/example_dags/example_nested_branch_dag.py
[2024-05-13T15:15:49.387+0000] {processor.py:830} INFO - Processing file /home/airflow/.local/lib/python3.8/site-packages/airflow/example_dags/example_nested_branch_dag.py for tasks to queue
[2024-05-13T15:15:49.389+0000] {logging_mixin.py:188} INFO - [2024-05-13T15:15:49.389+0000] {dagbag.py:540} INFO - Filling up the DagBag from /home/airflow/.local/lib/python3.8/site-packages/airflow/example_dags/example_nested_branch_dag.py
[2024-05-13T15:15:49.401+0000] {processor.py:840} INFO - DAG(s) 'example_nested_branch_dag' retrieved from /home/airflow/.local/lib/python3.8/site-packages/airflow/example_dags/example_nested_branch_dag.py
[2024-05-13T15:15:49.422+0000] {logging_mixin.py:188} INFO - [2024-05-13T15:15:49.421+0000] {dag.py:3047} INFO - Sync 1 DAGs
[2024-05-13T15:15:49.445+0000] {logging_mixin.py:188} INFO - [2024-05-13T15:15:49.445+0000] {dag.py:3834} INFO - Setting next_dagrun for example_nested_branch_dag to 2024-05-12 00:00:00+00:00, run_after=2024-05-13 00:00:00+00:00
[2024-05-13T15:15:49.469+0000] {processor.py:183} INFO - Processing /home/airflow/.local/lib/python3.8/site-packages/airflow/example_dags/example_nested_branch_dag.py took 0.087 seconds
[2024-05-13T15:16:19.547+0000] {processor.py:161} INFO - Started process (PID=211) to work on /home/airflow/.local/lib/python3.8/site-packages/airflow/example_dags/example_nested_branch_dag.py
[2024-05-13T15:16:19.548+0000] {processor.py:830} INFO - Processing file /home/airflow/.local/lib/python3.8/site-packages/airflow/example_dags/example_nested_branch_dag.py for tasks to queue
[2024-05-13T15:16:19.550+0000] {logging_mixin.py:188} INFO - [2024-05-13T15:16:19.550+0000] {dagbag.py:540} INFO - Filling up the DagBag from /home/airflow/.local/lib/python3.8/site-packages/airflow/example_dags/example_nested_branch_dag.py
[2024-05-13T15:16:19.560+0000] {processor.py:840} INFO - DAG(s) 'example_nested_branch_dag' retrieved from /home/airflow/.local/lib/python3.8/site-packages/airflow/example_dags/example_nested_branch_dag.py
[2024-05-13T15:16:19.591+0000] {logging_mixin.py:188} INFO - [2024-05-13T15:16:19.590+0000] {dag.py:3047} INFO - Sync 1 DAGs
[2024-05-13T15:16:19.627+0000] {logging_mixin.py:188} INFO - [2024-05-13T15:16:19.627+0000] {dag.py:3834} INFO - Setting next_dagrun for example_nested_branch_dag to 2024-05-12 00:00:00+00:00, run_after=2024-05-13 00:00:00+00:00
[2024-05-13T15:16:19.655+0000] {processor.py:183} INFO - Processing /home/airflow/.local/lib/python3.8/site-packages/airflow/example_dags/example_nested_branch_dag.py took 0.112 seconds
[2024-05-13T15:16:49.898+0000] {processor.py:161} INFO - Started process (PID=279) to work on /home/airflow/.local/lib/python3.8/site-packages/airflow/example_dags/example_nested_branch_dag.py
[2024-05-13T15:16:49.899+0000] {processor.py:830} INFO - Processing file /home/airflow/.local/lib/python3.8/site-packages/airflow/example_dags/example_nested_branch_dag.py for tasks to queue
[2024-05-13T15:16:49.901+0000] {logging_mixin.py:188} INFO - [2024-05-13T15:16:49.901+0000] {dagbag.py:540} INFO - Filling up the DagBag from /home/airflow/.local/lib/python3.8/site-packages/airflow/example_dags/example_nested_branch_dag.py
[2024-05-13T15:16:49.910+0000] {processor.py:840} INFO - DAG(s) 'example_nested_branch_dag' retrieved from /home/airflow/.local/lib/python3.8/site-packages/airflow/example_dags/example_nested_branch_dag.py
[2024-05-13T15:16:49.930+0000] {logging_mixin.py:188} INFO - [2024-05-13T15:16:49.930+0000] {dag.py:3047} INFO - Sync 1 DAGs
[2024-05-13T15:16:49.952+0000] {logging_mixin.py:188} INFO - [2024-05-13T15:16:49.952+0000] {dag.py:3834} INFO - Setting next_dagrun for example_nested_branch_dag to 2024-05-12 00:00:00+00:00, run_after=2024-05-13 00:00:00+00:00
[2024-05-13T15:16:49.974+0000] {processor.py:183} INFO - Processing /home/airflow/.local/lib/python3.8/site-packages/airflow/example_dags/example_nested_branch_dag.py took 0.079 seconds
[2024-05-13T15:17:20.157+0000] {processor.py:161} INFO - Started process (PID=347) to work on /home/airflow/.local/lib/python3.8/site-packages/airflow/example_dags/example_nested_branch_dag.py
[2024-05-13T15:17:20.158+0000] {processor.py:830} INFO - Processing file /home/airflow/.local/lib/python3.8/site-packages/airflow/example_dags/example_nested_branch_dag.py for tasks to queue
[2024-05-13T15:17:20.160+0000] {logging_mixin.py:188} INFO - [2024-05-13T15:17:20.160+0000] {dagbag.py:540} INFO - Filling up the DagBag from /home/airflow/.local/lib/python3.8/site-packages/airflow/example_dags/example_nested_branch_dag.py
[2024-05-13T15:17:20.170+0000] {processor.py:840} INFO - DAG(s) 'example_nested_branch_dag' retrieved from /home/airflow/.local/lib/python3.8/site-packages/airflow/example_dags/example_nested_branch_dag.py
[2024-05-13T15:17:20.191+0000] {logging_mixin.py:188} INFO - [2024-05-13T15:17:20.190+0000] {dag.py:3047} INFO - Sync 1 DAGs
[2024-05-13T15:17:20.213+0000] {logging_mixin.py:188} INFO - [2024-05-13T15:17:20.213+0000] {dag.py:3834} INFO - Setting next_dagrun for example_nested_branch_dag to 2024-05-12 00:00:00+00:00, run_after=2024-05-13 00:00:00+00:00
[2024-05-13T15:17:20.233+0000] {processor.py:183} INFO - Processing /home/airflow/.local/lib/python3.8/site-packages/airflow/example_dags/example_nested_branch_dag.py took 0.079 seconds
[2024-05-13T15:17:50.498+0000] {processor.py:161} INFO - Started process (PID=415) to work on /home/airflow/.local/lib/python3.8/site-packages/airflow/example_dags/example_nested_branch_dag.py
[2024-05-13T15:17:50.499+0000] {processor.py:830} INFO - Processing file /home/airflow/.local/lib/python3.8/site-packages/airflow/example_dags/example_nested_branch_dag.py for tasks to queue
[2024-05-13T15:17:50.501+0000] {logging_mixin.py:188} INFO - [2024-05-13T15:17:50.501+0000] {dagbag.py:540} INFO - Filling up the DagBag from /home/airflow/.local/lib/python3.8/site-packages/airflow/example_dags/example_nested_branch_dag.py
[2024-05-13T15:17:50.510+0000] {processor.py:840} INFO - DAG(s) 'example_nested_branch_dag' retrieved from /home/airflow/.local/lib/python3.8/site-packages/airflow/example_dags/example_nested_branch_dag.py
[2024-05-13T15:17:50.534+0000] {logging_mixin.py:188} INFO - [2024-05-13T15:17:50.533+0000] {dag.py:3047} INFO - Sync 1 DAGs
[2024-05-13T15:17:50.558+0000] {logging_mixin.py:188} INFO - [2024-05-13T15:17:50.558+0000] {dag.py:3834} INFO - Setting next_dagrun for example_nested_branch_dag to 2024-05-12 00:00:00+00:00, run_after=2024-05-13 00:00:00+00:00
[2024-05-13T15:17:50.587+0000] {processor.py:183} INFO - Processing /home/airflow/.local/lib/python3.8/site-packages/airflow/example_dags/example_nested_branch_dag.py took 0.092 seconds
[2024-05-13T15:18:20.699+0000] {processor.py:161} INFO - Started process (PID=483) to work on /home/airflow/.local/lib/python3.8/site-packages/airflow/example_dags/example_nested_branch_dag.py
[2024-05-13T15:18:20.700+0000] {processor.py:830} INFO - Processing file /home/airflow/.local/lib/python3.8/site-packages/airflow/example_dags/example_nested_branch_dag.py for tasks to queue
[2024-05-13T15:18:20.702+0000] {logging_mixin.py:188} INFO - [2024-05-13T15:18:20.702+0000] {dagbag.py:540} INFO - Filling up the DagBag from /home/airflow/.local/lib/python3.8/site-packages/airflow/example_dags/example_nested_branch_dag.py
[2024-05-13T15:18:20.711+0000] {processor.py:840} INFO - DAG(s) 'example_nested_branch_dag' retrieved from /home/airflow/.local/lib/python3.8/site-packages/airflow/example_dags/example_nested_branch_dag.py
[2024-05-13T15:18:20.731+0000] {logging_mixin.py:188} INFO - [2024-05-13T15:18:20.731+0000] {dag.py:3047} INFO - Sync 1 DAGs
[2024-05-13T15:18:20.751+0000] {logging_mixin.py:188} INFO - [2024-05-13T15:18:20.751+0000] {dag.py:3834} INFO - Setting next_dagrun for example_nested_branch_dag to 2024-05-12 00:00:00+00:00, run_after=2024-05-13 00:00:00+00:00
[2024-05-13T15:18:20.774+0000] {processor.py:183} INFO - Processing /home/airflow/.local/lib/python3.8/site-packages/airflow/example_dags/example_nested_branch_dag.py took 0.078 seconds
[2024-05-13T15:18:51.048+0000] {processor.py:161} INFO - Started process (PID=551) to work on /home/airflow/.local/lib/python3.8/site-packages/airflow/example_dags/example_nested_branch_dag.py
[2024-05-13T15:18:51.049+0000] {processor.py:830} INFO - Processing file /home/airflow/.local/lib/python3.8/site-packages/airflow/example_dags/example_nested_branch_dag.py for tasks to queue
[2024-05-13T15:18:51.051+0000] {logging_mixin.py:188} INFO - [2024-05-13T15:18:51.051+0000] {dagbag.py:540} INFO - Filling up the DagBag from /home/airflow/.local/lib/python3.8/site-packages/airflow/example_dags/example_nested_branch_dag.py
[2024-05-13T15:18:51.059+0000] {processor.py:840} INFO - DAG(s) 'example_nested_branch_dag' retrieved from /home/airflow/.local/lib/python3.8/site-packages/airflow/example_dags/example_nested_branch_dag.py
[2024-05-13T15:18:51.079+0000] {logging_mixin.py:188} INFO - [2024-05-13T15:18:51.079+0000] {dag.py:3047} INFO - Sync 1 DAGs
[2024-05-13T15:18:51.099+0000] {logging_mixin.py:188} INFO - [2024-05-13T15:18:51.099+0000] {dag.py:3834} INFO - Setting next_dagrun for example_nested_branch_dag to 2024-05-12 00:00:00+00:00, run_after=2024-05-13 00:00:00+00:00
[2024-05-13T15:18:51.120+0000] {processor.py:183} INFO - Processing /home/airflow/.local/lib/python3.8/site-packages/airflow/example_dags/example_nested_branch_dag.py took 0.074 seconds
[2024-05-13T15:19:21.215+0000] {processor.py:161} INFO - Started process (PID=619) to work on /home/airflow/.local/lib/python3.8/site-packages/airflow/example_dags/example_nested_branch_dag.py
[2024-05-13T15:19:21.216+0000] {processor.py:830} INFO - Processing file /home/airflow/.local/lib/python3.8/site-packages/airflow/example_dags/example_nested_branch_dag.py for tasks to queue
[2024-05-13T15:19:21.218+0000] {logging_mixin.py:188} INFO - [2024-05-13T15:19:21.218+0000] {dagbag.py:540} INFO - Filling up the DagBag from /home/airflow/.local/lib/python3.8/site-packages/airflow/example_dags/example_nested_branch_dag.py
[2024-05-13T15:19:21.228+0000] {processor.py:840} INFO - DAG(s) 'example_nested_branch_dag' retrieved from /home/airflow/.local/lib/python3.8/site-packages/airflow/example_dags/example_nested_branch_dag.py
[2024-05-13T15:19:21.254+0000] {logging_mixin.py:188} INFO - [2024-05-13T15:19:21.254+0000] {dag.py:3047} INFO - Sync 1 DAGs
[2024-05-13T15:19:21.280+0000] {logging_mixin.py:188} INFO - [2024-05-13T15:19:21.280+0000] {dag.py:3834} INFO - Setting next_dagrun for example_nested_branch_dag to 2024-05-12 00:00:00+00:00, run_after=2024-05-13 00:00:00+00:00
[2024-05-13T15:19:21.303+0000] {processor.py:183} INFO - Processing /home/airflow/.local/lib/python3.8/site-packages/airflow/example_dags/example_nested_branch_dag.py took 0.091 seconds
[2024-05-13T15:19:51.534+0000] {processor.py:161} INFO - Started process (PID=687) to work on /home/airflow/.local/lib/python3.8/site-packages/airflow/example_dags/example_nested_branch_dag.py
[2024-05-13T15:19:51.535+0000] {processor.py:830} INFO - Processing file /home/airflow/.local/lib/python3.8/site-packages/airflow/example_dags/example_nested_branch_dag.py for tasks to queue
[2024-05-13T15:19:51.537+0000] {logging_mixin.py:188} INFO - [2024-05-13T15:19:51.537+0000] {dagbag.py:540} INFO - Filling up the DagBag from /home/airflow/.local/lib/python3.8/site-packages/airflow/example_dags/example_nested_branch_dag.py
[2024-05-13T15:19:51.546+0000] {processor.py:840} INFO - DAG(s) 'example_nested_branch_dag' retrieved from /home/airflow/.local/lib/python3.8/site-packages/airflow/example_dags/example_nested_branch_dag.py
[2024-05-13T15:19:51.566+0000] {logging_mixin.py:188} INFO - [2024-05-13T15:19:51.566+0000] {dag.py:3047} INFO - Sync 1 DAGs
[2024-05-13T15:19:51.591+0000] {logging_mixin.py:188} INFO - [2024-05-13T15:19:51.591+0000] {dag.py:3834} INFO - Setting next_dagrun for example_nested_branch_dag to 2024-05-12 00:00:00+00:00, run_after=2024-05-13 00:00:00+00:00
[2024-05-13T15:19:51.610+0000] {processor.py:183} INFO - Processing /home/airflow/.local/lib/python3.8/site-packages/airflow/example_dags/example_nested_branch_dag.py took 0.079 seconds
[2024-05-13T15:20:21.827+0000] {processor.py:161} INFO - Started process (PID=755) to work on /home/airflow/.local/lib/python3.8/site-packages/airflow/example_dags/example_nested_branch_dag.py
[2024-05-13T15:20:21.828+0000] {processor.py:830} INFO - Processing file /home/airflow/.local/lib/python3.8/site-packages/airflow/example_dags/example_nested_branch_dag.py for tasks to queue
[2024-05-13T15:20:21.830+0000] {logging_mixin.py:188} INFO - [2024-05-13T15:20:21.829+0000] {dagbag.py:540} INFO - Filling up the DagBag from /home/airflow/.local/lib/python3.8/site-packages/airflow/example_dags/example_nested_branch_dag.py
[2024-05-13T15:20:21.842+0000] {processor.py:840} INFO - DAG(s) 'example_nested_branch_dag' retrieved from /home/airflow/.local/lib/python3.8/site-packages/airflow/example_dags/example_nested_branch_dag.py
[2024-05-13T15:20:21.866+0000] {logging_mixin.py:188} INFO - [2024-05-13T15:20:21.865+0000] {dag.py:3047} INFO - Sync 1 DAGs
[2024-05-13T15:20:21.897+0000] {logging_mixin.py:188} INFO - [2024-05-13T15:20:21.896+0000] {dag.py:3834} INFO - Setting next_dagrun for example_nested_branch_dag to 2024-05-12 00:00:00+00:00, run_after=2024-05-13 00:00:00+00:00
[2024-05-13T15:20:21.922+0000] {processor.py:183} INFO - Processing /home/airflow/.local/lib/python3.8/site-packages/airflow/example_dags/example_nested_branch_dag.py took 0.099 seconds
[2024-05-13T15:20:52.247+0000] {processor.py:161} INFO - Started process (PID=827) to work on /home/airflow/.local/lib/python3.8/site-packages/airflow/example_dags/example_nested_branch_dag.py
[2024-05-13T15:20:52.248+0000] {processor.py:830} INFO - Processing file /home/airflow/.local/lib/python3.8/site-packages/airflow/example_dags/example_nested_branch_dag.py for tasks to queue
[2024-05-13T15:20:52.252+0000] {logging_mixin.py:188} INFO - [2024-05-13T15:20:52.252+0000] {dagbag.py:540} INFO - Filling up the DagBag from /home/airflow/.local/lib/python3.8/site-packages/airflow/example_dags/example_nested_branch_dag.py
[2024-05-13T15:20:52.263+0000] {processor.py:840} INFO - DAG(s) 'example_nested_branch_dag' retrieved from /home/airflow/.local/lib/python3.8/site-packages/airflow/example_dags/example_nested_branch_dag.py
[2024-05-13T15:20:52.286+0000] {logging_mixin.py:188} INFO - [2024-05-13T15:20:52.286+0000] {dag.py:3047} INFO - Sync 1 DAGs
[2024-05-13T15:20:52.312+0000] {logging_mixin.py:188} INFO - [2024-05-13T15:20:52.312+0000] {dag.py:3834} INFO - Setting next_dagrun for example_nested_branch_dag to 2024-05-12 00:00:00+00:00, run_after=2024-05-13 00:00:00+00:00
[2024-05-13T15:20:52.338+0000] {processor.py:183} INFO - Processing /home/airflow/.local/lib/python3.8/site-packages/airflow/example_dags/example_nested_branch_dag.py took 0.095 seconds
[2024-05-13T15:21:22.393+0000] {processor.py:161} INFO - Started process (PID=895) to work on /home/airflow/.local/lib/python3.8/site-packages/airflow/example_dags/example_nested_branch_dag.py
[2024-05-13T15:21:22.394+0000] {processor.py:830} INFO - Processing file /home/airflow/.local/lib/python3.8/site-packages/airflow/example_dags/example_nested_branch_dag.py for tasks to queue
[2024-05-13T15:21:22.396+0000] {logging_mixin.py:188} INFO - [2024-05-13T15:21:22.396+0000] {dagbag.py:540} INFO - Filling up the DagBag from /home/airflow/.local/lib/python3.8/site-packages/airflow/example_dags/example_nested_branch_dag.py
[2024-05-13T15:21:22.409+0000] {processor.py:840} INFO - DAG(s) 'example_nested_branch_dag' retrieved from /home/airflow/.local/lib/python3.8/site-packages/airflow/example_dags/example_nested_branch_dag.py
[2024-05-13T15:21:22.429+0000] {logging_mixin.py:188} INFO - [2024-05-13T15:21:22.429+0000] {dag.py:3047} INFO - Sync 1 DAGs
[2024-05-13T15:21:22.455+0000] {logging_mixin.py:188} INFO - [2024-05-13T15:21:22.455+0000] {dag.py:3834} INFO - Setting next_dagrun for example_nested_branch_dag to 2024-05-12 00:00:00+00:00, run_after=2024-05-13 00:00:00+00:00
[2024-05-13T15:21:22.478+0000] {processor.py:183} INFO - Processing /home/airflow/.local/lib/python3.8/site-packages/airflow/example_dags/example_nested_branch_dag.py took 0.088 seconds
[2024-05-13T15:21:52.562+0000] {processor.py:161} INFO - Started process (PID=962) to work on /home/airflow/.local/lib/python3.8/site-packages/airflow/example_dags/example_nested_branch_dag.py
[2024-05-13T15:21:52.563+0000] {processor.py:830} INFO - Processing file /home/airflow/.local/lib/python3.8/site-packages/airflow/example_dags/example_nested_branch_dag.py for tasks to queue
[2024-05-13T15:21:52.565+0000] {logging_mixin.py:188} INFO - [2024-05-13T15:21:52.565+0000] {dagbag.py:540} INFO - Filling up the DagBag from /home/airflow/.local/lib/python3.8/site-packages/airflow/example_dags/example_nested_branch_dag.py
[2024-05-13T15:21:52.575+0000] {processor.py:840} INFO - DAG(s) 'example_nested_branch_dag' retrieved from /home/airflow/.local/lib/python3.8/site-packages/airflow/example_dags/example_nested_branch_dag.py
[2024-05-13T15:21:52.596+0000] {logging_mixin.py:188} INFO - [2024-05-13T15:21:52.596+0000] {dag.py:3047} INFO - Sync 1 DAGs
[2024-05-13T15:21:52.618+0000] {logging_mixin.py:188} INFO - [2024-05-13T15:21:52.618+0000] {dag.py:3834} INFO - Setting next_dagrun for example_nested_branch_dag to 2024-05-12 00:00:00+00:00, run_after=2024-05-13 00:00:00+00:00
[2024-05-13T15:21:52.637+0000] {processor.py:183} INFO - Processing /home/airflow/.local/lib/python3.8/site-packages/airflow/example_dags/example_nested_branch_dag.py took 0.079 seconds
[2024-05-13T15:22:23.522+0000] {processor.py:161} INFO - Started process (PID=1031) to work on /home/airflow/.local/lib/python3.8/site-packages/airflow/example_dags/example_nested_branch_dag.py
[2024-05-13T15:22:23.523+0000] {processor.py:830} INFO - Processing file /home/airflow/.local/lib/python3.8/site-packages/airflow/example_dags/example_nested_branch_dag.py for tasks to queue
[2024-05-13T15:22:23.526+0000] {logging_mixin.py:188} INFO - [2024-05-13T15:22:23.526+0000] {dagbag.py:540} INFO - Filling up the DagBag from /home/airflow/.local/lib/python3.8/site-packages/airflow/example_dags/example_nested_branch_dag.py
[2024-05-13T15:22:23.537+0000] {processor.py:840} INFO - DAG(s) 'example_nested_branch_dag' retrieved from /home/airflow/.local/lib/python3.8/site-packages/airflow/example_dags/example_nested_branch_dag.py
[2024-05-13T15:22:23.565+0000] {logging_mixin.py:188} INFO - [2024-05-13T15:22:23.564+0000] {dag.py:3047} INFO - Sync 1 DAGs
[2024-05-13T15:22:23.597+0000] {logging_mixin.py:188} INFO - [2024-05-13T15:22:23.597+0000] {dag.py:3834} INFO - Setting next_dagrun for example_nested_branch_dag to 2024-05-12 00:00:00+00:00, run_after=2024-05-13 00:00:00+00:00
[2024-05-13T15:22:23.625+0000] {processor.py:183} INFO - Processing /home/airflow/.local/lib/python3.8/site-packages/airflow/example_dags/example_nested_branch_dag.py took 0.106 seconds
[2024-05-13T15:22:53.946+0000] {processor.py:161} INFO - Started process (PID=1100) to work on /home/airflow/.local/lib/python3.8/site-packages/airflow/example_dags/example_nested_branch_dag.py
[2024-05-13T15:22:53.948+0000] {processor.py:830} INFO - Processing file /home/airflow/.local/lib/python3.8/site-packages/airflow/example_dags/example_nested_branch_dag.py for tasks to queue
[2024-05-13T15:22:53.950+0000] {logging_mixin.py:188} INFO - [2024-05-13T15:22:53.950+0000] {dagbag.py:540} INFO - Filling up the DagBag from /home/airflow/.local/lib/python3.8/site-packages/airflow/example_dags/example_nested_branch_dag.py
[2024-05-13T15:22:53.961+0000] {processor.py:840} INFO - DAG(s) 'example_nested_branch_dag' retrieved from /home/airflow/.local/lib/python3.8/site-packages/airflow/example_dags/example_nested_branch_dag.py
[2024-05-13T15:22:53.989+0000] {logging_mixin.py:188} INFO - [2024-05-13T15:22:53.988+0000] {dag.py:3047} INFO - Sync 1 DAGs
[2024-05-13T15:22:54.017+0000] {logging_mixin.py:188} INFO - [2024-05-13T15:22:54.016+0000] {dag.py:3834} INFO - Setting next_dagrun for example_nested_branch_dag to 2024-05-12 00:00:00+00:00, run_after=2024-05-13 00:00:00+00:00
[2024-05-13T15:22:54.043+0000] {processor.py:183} INFO - Processing /home/airflow/.local/lib/python3.8/site-packages/airflow/example_dags/example_nested_branch_dag.py took 0.100 seconds
[2024-05-13T15:23:24.305+0000] {processor.py:161} INFO - Started process (PID=1168) to work on /home/airflow/.local/lib/python3.8/site-packages/airflow/example_dags/example_nested_branch_dag.py
[2024-05-13T15:23:24.306+0000] {processor.py:830} INFO - Processing file /home/airflow/.local/lib/python3.8/site-packages/airflow/example_dags/example_nested_branch_dag.py for tasks to queue
[2024-05-13T15:23:24.310+0000] {logging_mixin.py:188} INFO - [2024-05-13T15:23:24.309+0000] {dagbag.py:540} INFO - Filling up the DagBag from /home/airflow/.local/lib/python3.8/site-packages/airflow/example_dags/example_nested_branch_dag.py
[2024-05-13T15:23:24.326+0000] {processor.py:840} INFO - DAG(s) 'example_nested_branch_dag' retrieved from /home/airflow/.local/lib/python3.8/site-packages/airflow/example_dags/example_nested_branch_dag.py
[2024-05-13T15:23:24.359+0000] {logging_mixin.py:188} INFO - [2024-05-13T15:23:24.358+0000] {dag.py:3047} INFO - Sync 1 DAGs
[2024-05-13T15:23:24.387+0000] {logging_mixin.py:188} INFO - [2024-05-13T15:23:24.387+0000] {dag.py:3834} INFO - Setting next_dagrun for example_nested_branch_dag to 2024-05-12 00:00:00+00:00, run_after=2024-05-13 00:00:00+00:00
[2024-05-13T15:23:24.413+0000] {processor.py:183} INFO - Processing /home/airflow/.local/lib/python3.8/site-packages/airflow/example_dags/example_nested_branch_dag.py took 0.113 seconds
[2024-05-13T15:23:55.173+0000] {processor.py:161} INFO - Started process (PID=1236) to work on /home/airflow/.local/lib/python3.8/site-packages/airflow/example_dags/example_nested_branch_dag.py
[2024-05-13T15:23:55.174+0000] {processor.py:830} INFO - Processing file /home/airflow/.local/lib/python3.8/site-packages/airflow/example_dags/example_nested_branch_dag.py for tasks to queue
[2024-05-13T15:23:55.176+0000] {logging_mixin.py:188} INFO - [2024-05-13T15:23:55.175+0000] {dagbag.py:540} INFO - Filling up the DagBag from /home/airflow/.local/lib/python3.8/site-packages/airflow/example_dags/example_nested_branch_dag.py
[2024-05-13T15:23:55.187+0000] {processor.py:840} INFO - DAG(s) 'example_nested_branch_dag' retrieved from /home/airflow/.local/lib/python3.8/site-packages/airflow/example_dags/example_nested_branch_dag.py
[2024-05-13T15:23:55.211+0000] {logging_mixin.py:188} INFO - [2024-05-13T15:23:55.211+0000] {dag.py:3047} INFO - Sync 1 DAGs
[2024-05-13T15:23:55.235+0000] {logging_mixin.py:188} INFO - [2024-05-13T15:23:55.234+0000] {dag.py:3834} INFO - Setting next_dagrun for example_nested_branch_dag to 2024-05-12 00:00:00+00:00, run_after=2024-05-13 00:00:00+00:00
[2024-05-13T15:23:55.257+0000] {processor.py:183} INFO - Processing /home/airflow/.local/lib/python3.8/site-packages/airflow/example_dags/example_nested_branch_dag.py took 0.088 seconds
[2024-05-13T15:24:25.415+0000] {processor.py:161} INFO - Started process (PID=1304) to work on /home/airflow/.local/lib/python3.8/site-packages/airflow/example_dags/example_nested_branch_dag.py
[2024-05-13T15:24:25.416+0000] {processor.py:830} INFO - Processing file /home/airflow/.local/lib/python3.8/site-packages/airflow/example_dags/example_nested_branch_dag.py for tasks to queue
[2024-05-13T15:24:25.417+0000] {logging_mixin.py:188} INFO - [2024-05-13T15:24:25.417+0000] {dagbag.py:540} INFO - Filling up the DagBag from /home/airflow/.local/lib/python3.8/site-packages/airflow/example_dags/example_nested_branch_dag.py
[2024-05-13T15:24:25.426+0000] {processor.py:840} INFO - DAG(s) 'example_nested_branch_dag' retrieved from /home/airflow/.local/lib/python3.8/site-packages/airflow/example_dags/example_nested_branch_dag.py
[2024-05-13T15:24:25.445+0000] {logging_mixin.py:188} INFO - [2024-05-13T15:24:25.444+0000] {dag.py:3047} INFO - Sync 1 DAGs
[2024-05-13T15:24:25.466+0000] {logging_mixin.py:188} INFO - [2024-05-13T15:24:25.465+0000] {dag.py:3834} INFO - Setting next_dagrun for example_nested_branch_dag to 2024-05-12 00:00:00+00:00, run_after=2024-05-13 00:00:00+00:00
[2024-05-13T15:24:25.483+0000] {processor.py:183} INFO - Processing /home/airflow/.local/lib/python3.8/site-packages/airflow/example_dags/example_nested_branch_dag.py took 0.071 seconds
[2024-05-13T15:24:55.588+0000] {processor.py:161} INFO - Started process (PID=1371) to work on /home/airflow/.local/lib/python3.8/site-packages/airflow/example_dags/example_nested_branch_dag.py
[2024-05-13T15:24:55.589+0000] {processor.py:830} INFO - Processing file /home/airflow/.local/lib/python3.8/site-packages/airflow/example_dags/example_nested_branch_dag.py for tasks to queue
[2024-05-13T15:24:55.591+0000] {logging_mixin.py:188} INFO - [2024-05-13T15:24:55.590+0000] {dagbag.py:540} INFO - Filling up the DagBag from /home/airflow/.local/lib/python3.8/site-packages/airflow/example_dags/example_nested_branch_dag.py
[2024-05-13T15:24:55.600+0000] {processor.py:840} INFO - DAG(s) 'example_nested_branch_dag' retrieved from /home/airflow/.local/lib/python3.8/site-packages/airflow/example_dags/example_nested_branch_dag.py
[2024-05-13T15:24:55.621+0000] {logging_mixin.py:188} INFO - [2024-05-13T15:24:55.621+0000] {dag.py:3047} INFO - Sync 1 DAGs
[2024-05-13T15:24:55.642+0000] {logging_mixin.py:188} INFO - [2024-05-13T15:24:55.641+0000] {dag.py:3834} INFO - Setting next_dagrun for example_nested_branch_dag to 2024-05-12 00:00:00+00:00, run_after=2024-05-13 00:00:00+00:00
[2024-05-13T15:24:55.662+0000] {processor.py:183} INFO - Processing /home/airflow/.local/lib/python3.8/site-packages/airflow/example_dags/example_nested_branch_dag.py took 0.077 seconds
[2024-05-13T15:25:25.739+0000] {processor.py:161} INFO - Started process (PID=1440) to work on /home/airflow/.local/lib/python3.8/site-packages/airflow/example_dags/example_nested_branch_dag.py
[2024-05-13T15:25:25.740+0000] {processor.py:830} INFO - Processing file /home/airflow/.local/lib/python3.8/site-packages/airflow/example_dags/example_nested_branch_dag.py for tasks to queue
[2024-05-13T15:25:25.742+0000] {logging_mixin.py:188} INFO - [2024-05-13T15:25:25.742+0000] {dagbag.py:540} INFO - Filling up the DagBag from /home/airflow/.local/lib/python3.8/site-packages/airflow/example_dags/example_nested_branch_dag.py
[2024-05-13T15:25:25.751+0000] {processor.py:840} INFO - DAG(s) 'example_nested_branch_dag' retrieved from /home/airflow/.local/lib/python3.8/site-packages/airflow/example_dags/example_nested_branch_dag.py
[2024-05-13T15:25:25.772+0000] {logging_mixin.py:188} INFO - [2024-05-13T15:25:25.772+0000] {dag.py:3047} INFO - Sync 1 DAGs
[2024-05-13T15:25:25.792+0000] {logging_mixin.py:188} INFO - [2024-05-13T15:25:25.792+0000] {dag.py:3834} INFO - Setting next_dagrun for example_nested_branch_dag to 2024-05-12 00:00:00+00:00, run_after=2024-05-13 00:00:00+00:00
[2024-05-13T15:25:25.814+0000] {processor.py:183} INFO - Processing /home/airflow/.local/lib/python3.8/site-packages/airflow/example_dags/example_nested_branch_dag.py took 0.079 seconds
[2024-05-13T15:25:56.403+0000] {processor.py:161} INFO - Started process (PID=1509) to work on /home/airflow/.local/lib/python3.8/site-packages/airflow/example_dags/example_nested_branch_dag.py
[2024-05-13T15:25:56.404+0000] {processor.py:830} INFO - Processing file /home/airflow/.local/lib/python3.8/site-packages/airflow/example_dags/example_nested_branch_dag.py for tasks to queue
[2024-05-13T15:25:56.405+0000] {logging_mixin.py:188} INFO - [2024-05-13T15:25:56.405+0000] {dagbag.py:540} INFO - Filling up the DagBag from /home/airflow/.local/lib/python3.8/site-packages/airflow/example_dags/example_nested_branch_dag.py
[2024-05-13T15:25:56.414+0000] {processor.py:840} INFO - DAG(s) 'example_nested_branch_dag' retrieved from /home/airflow/.local/lib/python3.8/site-packages/airflow/example_dags/example_nested_branch_dag.py
[2024-05-13T15:25:56.434+0000] {logging_mixin.py:188} INFO - [2024-05-13T15:25:56.433+0000] {dag.py:3047} INFO - Sync 1 DAGs
[2024-05-13T15:25:56.453+0000] {logging_mixin.py:188} INFO - [2024-05-13T15:25:56.453+0000] {dag.py:3834} INFO - Setting next_dagrun for example_nested_branch_dag to 2024-05-12 00:00:00+00:00, run_after=2024-05-13 00:00:00+00:00
[2024-05-13T15:25:56.471+0000] {processor.py:183} INFO - Processing /home/airflow/.local/lib/python3.8/site-packages/airflow/example_dags/example_nested_branch_dag.py took 0.071 seconds
[2024-05-13T15:26:26.598+0000] {processor.py:161} INFO - Started process (PID=1576) to work on /home/airflow/.local/lib/python3.8/site-packages/airflow/example_dags/example_nested_branch_dag.py
[2024-05-13T15:26:26.599+0000] {processor.py:830} INFO - Processing file /home/airflow/.local/lib/python3.8/site-packages/airflow/example_dags/example_nested_branch_dag.py for tasks to queue
[2024-05-13T15:26:26.601+0000] {logging_mixin.py:188} INFO - [2024-05-13T15:26:26.601+0000] {dagbag.py:540} INFO - Filling up the DagBag from /home/airflow/.local/lib/python3.8/site-packages/airflow/example_dags/example_nested_branch_dag.py
[2024-05-13T15:26:26.610+0000] {processor.py:840} INFO - DAG(s) 'example_nested_branch_dag' retrieved from /home/airflow/.local/lib/python3.8/site-packages/airflow/example_dags/example_nested_branch_dag.py
[2024-05-13T15:26:26.631+0000] {logging_mixin.py:188} INFO - [2024-05-13T15:26:26.631+0000] {dag.py:3047} INFO - Sync 1 DAGs
[2024-05-13T15:26:26.652+0000] {logging_mixin.py:188} INFO - [2024-05-13T15:26:26.652+0000] {dag.py:3834} INFO - Setting next_dagrun for example_nested_branch_dag to 2024-05-12 00:00:00+00:00, run_after=2024-05-13 00:00:00+00:00
[2024-05-13T15:26:26.671+0000] {processor.py:183} INFO - Processing /home/airflow/.local/lib/python3.8/site-packages/airflow/example_dags/example_nested_branch_dag.py took 0.076 seconds
[2024-05-13T15:26:57.079+0000] {processor.py:161} INFO - Started process (PID=1645) to work on /home/airflow/.local/lib/python3.8/site-packages/airflow/example_dags/example_nested_branch_dag.py
[2024-05-13T15:26:57.080+0000] {processor.py:830} INFO - Processing file /home/airflow/.local/lib/python3.8/site-packages/airflow/example_dags/example_nested_branch_dag.py for tasks to queue
[2024-05-13T15:26:57.082+0000] {logging_mixin.py:188} INFO - [2024-05-13T15:26:57.081+0000] {dagbag.py:540} INFO - Filling up the DagBag from /home/airflow/.local/lib/python3.8/site-packages/airflow/example_dags/example_nested_branch_dag.py
[2024-05-13T15:26:57.091+0000] {processor.py:840} INFO - DAG(s) 'example_nested_branch_dag' retrieved from /home/airflow/.local/lib/python3.8/site-packages/airflow/example_dags/example_nested_branch_dag.py
[2024-05-13T15:26:57.111+0000] {logging_mixin.py:188} INFO - [2024-05-13T15:26:57.111+0000] {dag.py:3047} INFO - Sync 1 DAGs
[2024-05-13T15:26:57.131+0000] {logging_mixin.py:188} INFO - [2024-05-13T15:26:57.131+0000] {dag.py:3834} INFO - Setting next_dagrun for example_nested_branch_dag to 2024-05-12 00:00:00+00:00, run_after=2024-05-13 00:00:00+00:00
[2024-05-13T15:26:57.151+0000] {processor.py:183} INFO - Processing /home/airflow/.local/lib/python3.8/site-packages/airflow/example_dags/example_nested_branch_dag.py took 0.075 seconds
[2024-05-13T15:27:27.362+0000] {processor.py:161} INFO - Started process (PID=1713) to work on /home/airflow/.local/lib/python3.8/site-packages/airflow/example_dags/example_nested_branch_dag.py
[2024-05-13T15:27:27.363+0000] {processor.py:830} INFO - Processing file /home/airflow/.local/lib/python3.8/site-packages/airflow/example_dags/example_nested_branch_dag.py for tasks to queue
[2024-05-13T15:27:27.364+0000] {logging_mixin.py:188} INFO - [2024-05-13T15:27:27.364+0000] {dagbag.py:540} INFO - Filling up the DagBag from /home/airflow/.local/lib/python3.8/site-packages/airflow/example_dags/example_nested_branch_dag.py
[2024-05-13T15:27:27.373+0000] {processor.py:840} INFO - DAG(s) 'example_nested_branch_dag' retrieved from /home/airflow/.local/lib/python3.8/site-packages/airflow/example_dags/example_nested_branch_dag.py
[2024-05-13T15:27:27.402+0000] {logging_mixin.py:188} INFO - [2024-05-13T15:27:27.402+0000] {dag.py:3047} INFO - Sync 1 DAGs
[2024-05-13T15:27:27.434+0000] {logging_mixin.py:188} INFO - [2024-05-13T15:27:27.434+0000] {dag.py:3834} INFO - Setting next_dagrun for example_nested_branch_dag to 2024-05-12 00:00:00+00:00, run_after=2024-05-13 00:00:00+00:00
[2024-05-13T15:27:27.468+0000] {processor.py:183} INFO - Processing /home/airflow/.local/lib/python3.8/site-packages/airflow/example_dags/example_nested_branch_dag.py took 0.109 seconds
[2024-05-13T15:27:57.716+0000] {processor.py:161} INFO - Started process (PID=1781) to work on /home/airflow/.local/lib/python3.8/site-packages/airflow/example_dags/example_nested_branch_dag.py
[2024-05-13T15:27:57.717+0000] {processor.py:830} INFO - Processing file /home/airflow/.local/lib/python3.8/site-packages/airflow/example_dags/example_nested_branch_dag.py for tasks to queue
[2024-05-13T15:27:57.719+0000] {logging_mixin.py:188} INFO - [2024-05-13T15:27:57.718+0000] {dagbag.py:540} INFO - Filling up the DagBag from /home/airflow/.local/lib/python3.8/site-packages/airflow/example_dags/example_nested_branch_dag.py
[2024-05-13T15:27:57.727+0000] {processor.py:840} INFO - DAG(s) 'example_nested_branch_dag' retrieved from /home/airflow/.local/lib/python3.8/site-packages/airflow/example_dags/example_nested_branch_dag.py
[2024-05-13T15:27:57.747+0000] {logging_mixin.py:188} INFO - [2024-05-13T15:27:57.747+0000] {dag.py:3047} INFO - Sync 1 DAGs
[2024-05-13T15:27:57.767+0000] {logging_mixin.py:188} INFO - [2024-05-13T15:27:57.767+0000] {dag.py:3834} INFO - Setting next_dagrun for example_nested_branch_dag to 2024-05-12 00:00:00+00:00, run_after=2024-05-13 00:00:00+00:00
[2024-05-13T15:27:57.784+0000] {processor.py:183} INFO - Processing /home/airflow/.local/lib/python3.8/site-packages/airflow/example_dags/example_nested_branch_dag.py took 0.071 seconds
[2024-05-13T15:28:27.908+0000] {processor.py:161} INFO - Started process (PID=1848) to work on /home/airflow/.local/lib/python3.8/site-packages/airflow/example_dags/example_nested_branch_dag.py
[2024-05-13T15:28:27.909+0000] {processor.py:830} INFO - Processing file /home/airflow/.local/lib/python3.8/site-packages/airflow/example_dags/example_nested_branch_dag.py for tasks to queue
[2024-05-13T15:28:27.911+0000] {logging_mixin.py:188} INFO - [2024-05-13T15:28:27.911+0000] {dagbag.py:540} INFO - Filling up the DagBag from /home/airflow/.local/lib/python3.8/site-packages/airflow/example_dags/example_nested_branch_dag.py
[2024-05-13T15:28:27.922+0000] {processor.py:840} INFO - DAG(s) 'example_nested_branch_dag' retrieved from /home/airflow/.local/lib/python3.8/site-packages/airflow/example_dags/example_nested_branch_dag.py
[2024-05-13T15:28:27.943+0000] {logging_mixin.py:188} INFO - [2024-05-13T15:28:27.943+0000] {dag.py:3047} INFO - Sync 1 DAGs
[2024-05-13T15:28:27.966+0000] {logging_mixin.py:188} INFO - [2024-05-13T15:28:27.965+0000] {dag.py:3834} INFO - Setting next_dagrun for example_nested_branch_dag to 2024-05-12 00:00:00+00:00, run_after=2024-05-13 00:00:00+00:00
[2024-05-13T15:28:27.985+0000] {processor.py:183} INFO - Processing /home/airflow/.local/lib/python3.8/site-packages/airflow/example_dags/example_nested_branch_dag.py took 0.081 seconds
[2024-05-13T15:28:58.230+0000] {processor.py:161} INFO - Started process (PID=1916) to work on /home/airflow/.local/lib/python3.8/site-packages/airflow/example_dags/example_nested_branch_dag.py
[2024-05-13T15:28:58.231+0000] {processor.py:830} INFO - Processing file /home/airflow/.local/lib/python3.8/site-packages/airflow/example_dags/example_nested_branch_dag.py for tasks to queue
[2024-05-13T15:28:58.234+0000] {logging_mixin.py:188} INFO - [2024-05-13T15:28:58.233+0000] {dagbag.py:540} INFO - Filling up the DagBag from /home/airflow/.local/lib/python3.8/site-packages/airflow/example_dags/example_nested_branch_dag.py
[2024-05-13T15:28:58.242+0000] {processor.py:840} INFO - DAG(s) 'example_nested_branch_dag' retrieved from /home/airflow/.local/lib/python3.8/site-packages/airflow/example_dags/example_nested_branch_dag.py
[2024-05-13T15:28:58.264+0000] {logging_mixin.py:188} INFO - [2024-05-13T15:28:58.263+0000] {dag.py:3047} INFO - Sync 1 DAGs
[2024-05-13T15:28:58.287+0000] {logging_mixin.py:188} INFO - [2024-05-13T15:28:58.286+0000] {dag.py:3834} INFO - Setting next_dagrun for example_nested_branch_dag to 2024-05-12 00:00:00+00:00, run_after=2024-05-13 00:00:00+00:00
[2024-05-13T15:28:58.311+0000] {processor.py:183} INFO - Processing /home/airflow/.local/lib/python3.8/site-packages/airflow/example_dags/example_nested_branch_dag.py took 0.084 seconds
[2024-05-13T15:29:28.619+0000] {processor.py:161} INFO - Started process (PID=1984) to work on /home/airflow/.local/lib/python3.8/site-packages/airflow/example_dags/example_nested_branch_dag.py
[2024-05-13T15:29:28.620+0000] {processor.py:830} INFO - Processing file /home/airflow/.local/lib/python3.8/site-packages/airflow/example_dags/example_nested_branch_dag.py for tasks to queue
[2024-05-13T15:29:28.622+0000] {logging_mixin.py:188} INFO - [2024-05-13T15:29:28.622+0000] {dagbag.py:540} INFO - Filling up the DagBag from /home/airflow/.local/lib/python3.8/site-packages/airflow/example_dags/example_nested_branch_dag.py
[2024-05-13T15:29:28.633+0000] {processor.py:840} INFO - DAG(s) 'example_nested_branch_dag' retrieved from /home/airflow/.local/lib/python3.8/site-packages/airflow/example_dags/example_nested_branch_dag.py
[2024-05-13T15:29:28.656+0000] {logging_mixin.py:188} INFO - [2024-05-13T15:29:28.656+0000] {dag.py:3047} INFO - Sync 1 DAGs
[2024-05-13T15:29:28.683+0000] {logging_mixin.py:188} INFO - [2024-05-13T15:29:28.683+0000] {dag.py:3834} INFO - Setting next_dagrun for example_nested_branch_dag to 2024-05-12 00:00:00+00:00, run_after=2024-05-13 00:00:00+00:00
[2024-05-13T15:29:28.708+0000] {processor.py:183} INFO - Processing /home/airflow/.local/lib/python3.8/site-packages/airflow/example_dags/example_nested_branch_dag.py took 0.092 seconds
[2024-05-13T15:29:59.575+0000] {processor.py:161} INFO - Started process (PID=2052) to work on /home/airflow/.local/lib/python3.8/site-packages/airflow/example_dags/example_nested_branch_dag.py
[2024-05-13T15:29:59.576+0000] {processor.py:830} INFO - Processing file /home/airflow/.local/lib/python3.8/site-packages/airflow/example_dags/example_nested_branch_dag.py for tasks to queue
[2024-05-13T15:29:59.578+0000] {logging_mixin.py:188} INFO - [2024-05-13T15:29:59.578+0000] {dagbag.py:540} INFO - Filling up the DagBag from /home/airflow/.local/lib/python3.8/site-packages/airflow/example_dags/example_nested_branch_dag.py
[2024-05-13T15:29:59.587+0000] {processor.py:840} INFO - DAG(s) 'example_nested_branch_dag' retrieved from /home/airflow/.local/lib/python3.8/site-packages/airflow/example_dags/example_nested_branch_dag.py
[2024-05-13T15:29:59.607+0000] {logging_mixin.py:188} INFO - [2024-05-13T15:29:59.607+0000] {dag.py:3047} INFO - Sync 1 DAGs
[2024-05-13T15:29:59.627+0000] {logging_mixin.py:188} INFO - [2024-05-13T15:29:59.627+0000] {dag.py:3834} INFO - Setting next_dagrun for example_nested_branch_dag to 2024-05-12 00:00:00+00:00, run_after=2024-05-13 00:00:00+00:00
[2024-05-13T15:29:59.649+0000] {processor.py:183} INFO - Processing /home/airflow/.local/lib/python3.8/site-packages/airflow/example_dags/example_nested_branch_dag.py took 0.078 seconds
[2024-05-13T15:30:29.675+0000] {processor.py:161} INFO - Started process (PID=2120) to work on /home/airflow/.local/lib/python3.8/site-packages/airflow/example_dags/example_nested_branch_dag.py
[2024-05-13T15:30:29.676+0000] {processor.py:830} INFO - Processing file /home/airflow/.local/lib/python3.8/site-packages/airflow/example_dags/example_nested_branch_dag.py for tasks to queue
[2024-05-13T15:30:29.678+0000] {logging_mixin.py:188} INFO - [2024-05-13T15:30:29.678+0000] {dagbag.py:540} INFO - Filling up the DagBag from /home/airflow/.local/lib/python3.8/site-packages/airflow/example_dags/example_nested_branch_dag.py
[2024-05-13T15:30:29.686+0000] {processor.py:840} INFO - DAG(s) 'example_nested_branch_dag' retrieved from /home/airflow/.local/lib/python3.8/site-packages/airflow/example_dags/example_nested_branch_dag.py
[2024-05-13T15:30:29.706+0000] {logging_mixin.py:188} INFO - [2024-05-13T15:30:29.706+0000] {dag.py:3047} INFO - Sync 1 DAGs
[2024-05-13T15:30:29.727+0000] {logging_mixin.py:188} INFO - [2024-05-13T15:30:29.727+0000] {dag.py:3834} INFO - Setting next_dagrun for example_nested_branch_dag to 2024-05-12 00:00:00+00:00, run_after=2024-05-13 00:00:00+00:00
[2024-05-13T15:30:29.745+0000] {processor.py:183} INFO - Processing /home/airflow/.local/lib/python3.8/site-packages/airflow/example_dags/example_nested_branch_dag.py took 0.073 seconds
[2024-05-13T15:30:59.834+0000] {processor.py:161} INFO - Started process (PID=2188) to work on /home/airflow/.local/lib/python3.8/site-packages/airflow/example_dags/example_nested_branch_dag.py
[2024-05-13T15:30:59.835+0000] {processor.py:830} INFO - Processing file /home/airflow/.local/lib/python3.8/site-packages/airflow/example_dags/example_nested_branch_dag.py for tasks to queue
[2024-05-13T15:30:59.837+0000] {logging_mixin.py:188} INFO - [2024-05-13T15:30:59.836+0000] {dagbag.py:540} INFO - Filling up the DagBag from /home/airflow/.local/lib/python3.8/site-packages/airflow/example_dags/example_nested_branch_dag.py
[2024-05-13T15:30:59.847+0000] {processor.py:840} INFO - DAG(s) 'example_nested_branch_dag' retrieved from /home/airflow/.local/lib/python3.8/site-packages/airflow/example_dags/example_nested_branch_dag.py
[2024-05-13T15:30:59.867+0000] {logging_mixin.py:188} INFO - [2024-05-13T15:30:59.867+0000] {dag.py:3047} INFO - Sync 1 DAGs
[2024-05-13T15:30:59.886+0000] {logging_mixin.py:188} INFO - [2024-05-13T15:30:59.886+0000] {dag.py:3834} INFO - Setting next_dagrun for example_nested_branch_dag to 2024-05-12 00:00:00+00:00, run_after=2024-05-13 00:00:00+00:00
[2024-05-13T15:30:59.906+0000] {processor.py:183} INFO - Processing /home/airflow/.local/lib/python3.8/site-packages/airflow/example_dags/example_nested_branch_dag.py took 0.076 seconds
[2024-05-13T15:31:30.149+0000] {processor.py:161} INFO - Started process (PID=2256) to work on /home/airflow/.local/lib/python3.8/site-packages/airflow/example_dags/example_nested_branch_dag.py
[2024-05-13T15:31:30.150+0000] {processor.py:830} INFO - Processing file /home/airflow/.local/lib/python3.8/site-packages/airflow/example_dags/example_nested_branch_dag.py for tasks to queue
[2024-05-13T15:31:30.152+0000] {logging_mixin.py:188} INFO - [2024-05-13T15:31:30.151+0000] {dagbag.py:540} INFO - Filling up the DagBag from /home/airflow/.local/lib/python3.8/site-packages/airflow/example_dags/example_nested_branch_dag.py
[2024-05-13T15:31:30.160+0000] {processor.py:840} INFO - DAG(s) 'example_nested_branch_dag' retrieved from /home/airflow/.local/lib/python3.8/site-packages/airflow/example_dags/example_nested_branch_dag.py
[2024-05-13T15:31:30.180+0000] {logging_mixin.py:188} INFO - [2024-05-13T15:31:30.180+0000] {dag.py:3047} INFO - Sync 1 DAGs
[2024-05-13T15:31:30.200+0000] {logging_mixin.py:188} INFO - [2024-05-13T15:31:30.199+0000] {dag.py:3834} INFO - Setting next_dagrun for example_nested_branch_dag to 2024-05-12 00:00:00+00:00, run_after=2024-05-13 00:00:00+00:00
[2024-05-13T15:31:30.219+0000] {processor.py:183} INFO - Processing /home/airflow/.local/lib/python3.8/site-packages/airflow/example_dags/example_nested_branch_dag.py took 0.074 seconds
[2024-05-13T15:32:00.495+0000] {processor.py:161} INFO - Started process (PID=2324) to work on /home/airflow/.local/lib/python3.8/site-packages/airflow/example_dags/example_nested_branch_dag.py
[2024-05-13T15:32:00.496+0000] {processor.py:830} INFO - Processing file /home/airflow/.local/lib/python3.8/site-packages/airflow/example_dags/example_nested_branch_dag.py for tasks to queue
[2024-05-13T15:32:00.498+0000] {logging_mixin.py:188} INFO - [2024-05-13T15:32:00.498+0000] {dagbag.py:540} INFO - Filling up the DagBag from /home/airflow/.local/lib/python3.8/site-packages/airflow/example_dags/example_nested_branch_dag.py
[2024-05-13T15:32:00.507+0000] {processor.py:840} INFO - DAG(s) 'example_nested_branch_dag' retrieved from /home/airflow/.local/lib/python3.8/site-packages/airflow/example_dags/example_nested_branch_dag.py
[2024-05-13T15:32:00.526+0000] {logging_mixin.py:188} INFO - [2024-05-13T15:32:00.526+0000] {dag.py:3047} INFO - Sync 1 DAGs
[2024-05-13T15:32:00.547+0000] {logging_mixin.py:188} INFO - [2024-05-13T15:32:00.546+0000] {dag.py:3834} INFO - Setting next_dagrun for example_nested_branch_dag to 2024-05-12 00:00:00+00:00, run_after=2024-05-13 00:00:00+00:00
[2024-05-13T15:32:00.566+0000] {processor.py:183} INFO - Processing /home/airflow/.local/lib/python3.8/site-packages/airflow/example_dags/example_nested_branch_dag.py took 0.073 seconds
[2024-05-13T15:32:31.082+0000] {processor.py:161} INFO - Started process (PID=2392) to work on /home/airflow/.local/lib/python3.8/site-packages/airflow/example_dags/example_nested_branch_dag.py
[2024-05-13T15:32:31.083+0000] {processor.py:830} INFO - Processing file /home/airflow/.local/lib/python3.8/site-packages/airflow/example_dags/example_nested_branch_dag.py for tasks to queue
[2024-05-13T15:32:31.085+0000] {logging_mixin.py:188} INFO - [2024-05-13T15:32:31.085+0000] {dagbag.py:540} INFO - Filling up the DagBag from /home/airflow/.local/lib/python3.8/site-packages/airflow/example_dags/example_nested_branch_dag.py
[2024-05-13T15:32:31.095+0000] {processor.py:840} INFO - DAG(s) 'example_nested_branch_dag' retrieved from /home/airflow/.local/lib/python3.8/site-packages/airflow/example_dags/example_nested_branch_dag.py
[2024-05-13T15:32:31.116+0000] {logging_mixin.py:188} INFO - [2024-05-13T15:32:31.115+0000] {dag.py:3047} INFO - Sync 1 DAGs
[2024-05-13T15:32:31.137+0000] {logging_mixin.py:188} INFO - [2024-05-13T15:32:31.137+0000] {dag.py:3834} INFO - Setting next_dagrun for example_nested_branch_dag to 2024-05-12 00:00:00+00:00, run_after=2024-05-13 00:00:00+00:00
[2024-05-13T15:32:31.158+0000] {processor.py:183} INFO - Processing /home/airflow/.local/lib/python3.8/site-packages/airflow/example_dags/example_nested_branch_dag.py took 0.079 seconds
[2024-05-13T15:33:01.394+0000] {processor.py:161} INFO - Started process (PID=2460) to work on /home/airflow/.local/lib/python3.8/site-packages/airflow/example_dags/example_nested_branch_dag.py
[2024-05-13T15:33:01.395+0000] {processor.py:830} INFO - Processing file /home/airflow/.local/lib/python3.8/site-packages/airflow/example_dags/example_nested_branch_dag.py for tasks to queue
[2024-05-13T15:33:01.396+0000] {logging_mixin.py:188} INFO - [2024-05-13T15:33:01.396+0000] {dagbag.py:540} INFO - Filling up the DagBag from /home/airflow/.local/lib/python3.8/site-packages/airflow/example_dags/example_nested_branch_dag.py
[2024-05-13T15:33:01.408+0000] {processor.py:840} INFO - DAG(s) 'example_nested_branch_dag' retrieved from /home/airflow/.local/lib/python3.8/site-packages/airflow/example_dags/example_nested_branch_dag.py
[2024-05-13T15:33:01.430+0000] {logging_mixin.py:188} INFO - [2024-05-13T15:33:01.430+0000] {dag.py:3047} INFO - Sync 1 DAGs
[2024-05-13T15:33:01.459+0000] {logging_mixin.py:188} INFO - [2024-05-13T15:33:01.459+0000] {dag.py:3834} INFO - Setting next_dagrun for example_nested_branch_dag to 2024-05-12 00:00:00+00:00, run_after=2024-05-13 00:00:00+00:00
[2024-05-13T15:33:01.484+0000] {processor.py:183} INFO - Processing /home/airflow/.local/lib/python3.8/site-packages/airflow/example_dags/example_nested_branch_dag.py took 0.093 seconds
[2024-05-13T15:33:31.590+0000] {processor.py:161} INFO - Started process (PID=2527) to work on /home/airflow/.local/lib/python3.8/site-packages/airflow/example_dags/example_nested_branch_dag.py
[2024-05-13T15:33:31.591+0000] {processor.py:830} INFO - Processing file /home/airflow/.local/lib/python3.8/site-packages/airflow/example_dags/example_nested_branch_dag.py for tasks to queue
[2024-05-13T15:33:31.595+0000] {logging_mixin.py:188} INFO - [2024-05-13T15:33:31.594+0000] {dagbag.py:540} INFO - Filling up the DagBag from /home/airflow/.local/lib/python3.8/site-packages/airflow/example_dags/example_nested_branch_dag.py
[2024-05-13T15:33:31.619+0000] {processor.py:840} INFO - DAG(s) 'example_nested_branch_dag' retrieved from /home/airflow/.local/lib/python3.8/site-packages/airflow/example_dags/example_nested_branch_dag.py
[2024-05-13T15:33:31.646+0000] {logging_mixin.py:188} INFO - [2024-05-13T15:33:31.646+0000] {dag.py:3047} INFO - Sync 1 DAGs
[2024-05-13T15:33:31.671+0000] {logging_mixin.py:188} INFO - [2024-05-13T15:33:31.670+0000] {dag.py:3834} INFO - Setting next_dagrun for example_nested_branch_dag to 2024-05-12 00:00:00+00:00, run_after=2024-05-13 00:00:00+00:00
[2024-05-13T15:33:31.694+0000] {processor.py:183} INFO - Processing /home/airflow/.local/lib/python3.8/site-packages/airflow/example_dags/example_nested_branch_dag.py took 0.108 seconds
[2024-05-13T15:34:01.744+0000] {processor.py:161} INFO - Started process (PID=2583) to work on /home/airflow/.local/lib/python3.8/site-packages/airflow/example_dags/example_nested_branch_dag.py
[2024-05-13T15:34:01.746+0000] {processor.py:830} INFO - Processing file /home/airflow/.local/lib/python3.8/site-packages/airflow/example_dags/example_nested_branch_dag.py for tasks to queue
[2024-05-13T15:34:01.748+0000] {logging_mixin.py:188} INFO - [2024-05-13T15:34:01.748+0000] {dagbag.py:540} INFO - Filling up the DagBag from /home/airflow/.local/lib/python3.8/site-packages/airflow/example_dags/example_nested_branch_dag.py
[2024-05-13T15:34:01.760+0000] {processor.py:840} INFO - DAG(s) 'example_nested_branch_dag' retrieved from /home/airflow/.local/lib/python3.8/site-packages/airflow/example_dags/example_nested_branch_dag.py
[2024-05-13T15:34:01.785+0000] {logging_mixin.py:188} INFO - [2024-05-13T15:34:01.785+0000] {dag.py:3047} INFO - Sync 1 DAGs
[2024-05-13T15:34:01.808+0000] {logging_mixin.py:188} INFO - [2024-05-13T15:34:01.808+0000] {dag.py:3834} INFO - Setting next_dagrun for example_nested_branch_dag to 2024-05-12 00:00:00+00:00, run_after=2024-05-13 00:00:00+00:00
[2024-05-13T15:34:01.829+0000] {processor.py:183} INFO - Processing /home/airflow/.local/lib/python3.8/site-packages/airflow/example_dags/example_nested_branch_dag.py took 0.089 seconds
[2024-05-13T15:34:32.820+0000] {processor.py:161} INFO - Started process (PID=2652) to work on /home/airflow/.local/lib/python3.8/site-packages/airflow/example_dags/example_nested_branch_dag.py
[2024-05-13T15:34:32.821+0000] {processor.py:830} INFO - Processing file /home/airflow/.local/lib/python3.8/site-packages/airflow/example_dags/example_nested_branch_dag.py for tasks to queue
[2024-05-13T15:34:32.823+0000] {logging_mixin.py:188} INFO - [2024-05-13T15:34:32.823+0000] {dagbag.py:540} INFO - Filling up the DagBag from /home/airflow/.local/lib/python3.8/site-packages/airflow/example_dags/example_nested_branch_dag.py
[2024-05-13T15:34:32.832+0000] {processor.py:840} INFO - DAG(s) 'example_nested_branch_dag' retrieved from /home/airflow/.local/lib/python3.8/site-packages/airflow/example_dags/example_nested_branch_dag.py
[2024-05-13T15:34:32.852+0000] {logging_mixin.py:188} INFO - [2024-05-13T15:34:32.852+0000] {dag.py:3047} INFO - Sync 1 DAGs
[2024-05-13T15:34:32.872+0000] {logging_mixin.py:188} INFO - [2024-05-13T15:34:32.871+0000] {dag.py:3834} INFO - Setting next_dagrun for example_nested_branch_dag to 2024-05-12 00:00:00+00:00, run_after=2024-05-13 00:00:00+00:00
[2024-05-13T15:34:32.892+0000] {processor.py:183} INFO - Processing /home/airflow/.local/lib/python3.8/site-packages/airflow/example_dags/example_nested_branch_dag.py took 0.075 seconds
[2024-05-13T15:35:03.030+0000] {processor.py:161} INFO - Started process (PID=2720) to work on /home/airflow/.local/lib/python3.8/site-packages/airflow/example_dags/example_nested_branch_dag.py
[2024-05-13T15:35:03.031+0000] {processor.py:830} INFO - Processing file /home/airflow/.local/lib/python3.8/site-packages/airflow/example_dags/example_nested_branch_dag.py for tasks to queue
[2024-05-13T15:35:03.033+0000] {logging_mixin.py:188} INFO - [2024-05-13T15:35:03.032+0000] {dagbag.py:540} INFO - Filling up the DagBag from /home/airflow/.local/lib/python3.8/site-packages/airflow/example_dags/example_nested_branch_dag.py
[2024-05-13T15:35:03.042+0000] {processor.py:840} INFO - DAG(s) 'example_nested_branch_dag' retrieved from /home/airflow/.local/lib/python3.8/site-packages/airflow/example_dags/example_nested_branch_dag.py
[2024-05-13T15:35:03.062+0000] {logging_mixin.py:188} INFO - [2024-05-13T15:35:03.062+0000] {dag.py:3047} INFO - Sync 1 DAGs
[2024-05-13T15:35:03.084+0000] {logging_mixin.py:188} INFO - [2024-05-13T15:35:03.083+0000] {dag.py:3834} INFO - Setting next_dagrun for example_nested_branch_dag to 2024-05-12 00:00:00+00:00, run_after=2024-05-13 00:00:00+00:00
[2024-05-13T15:35:03.102+0000] {processor.py:183} INFO - Processing /home/airflow/.local/lib/python3.8/site-packages/airflow/example_dags/example_nested_branch_dag.py took 0.076 seconds
[2024-05-13T15:35:33.485+0000] {processor.py:161} INFO - Started process (PID=2788) to work on /home/airflow/.local/lib/python3.8/site-packages/airflow/example_dags/example_nested_branch_dag.py
[2024-05-13T15:35:33.486+0000] {processor.py:830} INFO - Processing file /home/airflow/.local/lib/python3.8/site-packages/airflow/example_dags/example_nested_branch_dag.py for tasks to queue
[2024-05-13T15:35:33.487+0000] {logging_mixin.py:188} INFO - [2024-05-13T15:35:33.487+0000] {dagbag.py:540} INFO - Filling up the DagBag from /home/airflow/.local/lib/python3.8/site-packages/airflow/example_dags/example_nested_branch_dag.py
[2024-05-13T15:35:33.496+0000] {processor.py:840} INFO - DAG(s) 'example_nested_branch_dag' retrieved from /home/airflow/.local/lib/python3.8/site-packages/airflow/example_dags/example_nested_branch_dag.py
[2024-05-13T15:35:33.515+0000] {logging_mixin.py:188} INFO - [2024-05-13T15:35:33.515+0000] {dag.py:3047} INFO - Sync 1 DAGs
[2024-05-13T15:35:33.534+0000] {logging_mixin.py:188} INFO - [2024-05-13T15:35:33.534+0000] {dag.py:3834} INFO - Setting next_dagrun for example_nested_branch_dag to 2024-05-12 00:00:00+00:00, run_after=2024-05-13 00:00:00+00:00
[2024-05-13T15:35:33.554+0000] {processor.py:183} INFO - Processing /home/airflow/.local/lib/python3.8/site-packages/airflow/example_dags/example_nested_branch_dag.py took 0.072 seconds
[2024-05-13T15:36:04.009+0000] {processor.py:161} INFO - Started process (PID=2856) to work on /home/airflow/.local/lib/python3.8/site-packages/airflow/example_dags/example_nested_branch_dag.py
[2024-05-13T15:36:04.010+0000] {processor.py:830} INFO - Processing file /home/airflow/.local/lib/python3.8/site-packages/airflow/example_dags/example_nested_branch_dag.py for tasks to queue
[2024-05-13T15:36:04.012+0000] {logging_mixin.py:188} INFO - [2024-05-13T15:36:04.011+0000] {dagbag.py:540} INFO - Filling up the DagBag from /home/airflow/.local/lib/python3.8/site-packages/airflow/example_dags/example_nested_branch_dag.py
[2024-05-13T15:36:04.021+0000] {processor.py:840} INFO - DAG(s) 'example_nested_branch_dag' retrieved from /home/airflow/.local/lib/python3.8/site-packages/airflow/example_dags/example_nested_branch_dag.py
[2024-05-13T15:36:04.041+0000] {logging_mixin.py:188} INFO - [2024-05-13T15:36:04.040+0000] {dag.py:3047} INFO - Sync 1 DAGs
[2024-05-13T15:36:04.061+0000] {logging_mixin.py:188} INFO - [2024-05-13T15:36:04.061+0000] {dag.py:3834} INFO - Setting next_dagrun for example_nested_branch_dag to 2024-05-12 00:00:00+00:00, run_after=2024-05-13 00:00:00+00:00
[2024-05-13T15:36:04.080+0000] {processor.py:183} INFO - Processing /home/airflow/.local/lib/python3.8/site-packages/airflow/example_dags/example_nested_branch_dag.py took 0.075 seconds
[2024-05-13T15:36:34.436+0000] {processor.py:161} INFO - Started process (PID=2924) to work on /home/airflow/.local/lib/python3.8/site-packages/airflow/example_dags/example_nested_branch_dag.py
[2024-05-13T15:36:34.437+0000] {processor.py:830} INFO - Processing file /home/airflow/.local/lib/python3.8/site-packages/airflow/example_dags/example_nested_branch_dag.py for tasks to queue
[2024-05-13T15:36:34.439+0000] {logging_mixin.py:188} INFO - [2024-05-13T15:36:34.438+0000] {dagbag.py:540} INFO - Filling up the DagBag from /home/airflow/.local/lib/python3.8/site-packages/airflow/example_dags/example_nested_branch_dag.py
[2024-05-13T15:36:34.447+0000] {processor.py:840} INFO - DAG(s) 'example_nested_branch_dag' retrieved from /home/airflow/.local/lib/python3.8/site-packages/airflow/example_dags/example_nested_branch_dag.py
[2024-05-13T15:36:34.467+0000] {logging_mixin.py:188} INFO - [2024-05-13T15:36:34.467+0000] {dag.py:3047} INFO - Sync 1 DAGs
[2024-05-13T15:36:34.500+0000] {logging_mixin.py:188} INFO - [2024-05-13T15:36:34.500+0000] {dag.py:3834} INFO - Setting next_dagrun for example_nested_branch_dag to 2024-05-12 00:00:00+00:00, run_after=2024-05-13 00:00:00+00:00
[2024-05-13T15:36:34.519+0000] {processor.py:183} INFO - Processing /home/airflow/.local/lib/python3.8/site-packages/airflow/example_dags/example_nested_branch_dag.py took 0.086 seconds
[2024-05-13T15:37:04.735+0000] {processor.py:161} INFO - Started process (PID=2992) to work on /home/airflow/.local/lib/python3.8/site-packages/airflow/example_dags/example_nested_branch_dag.py
[2024-05-13T15:37:04.736+0000] {processor.py:830} INFO - Processing file /home/airflow/.local/lib/python3.8/site-packages/airflow/example_dags/example_nested_branch_dag.py for tasks to queue
[2024-05-13T15:37:04.738+0000] {logging_mixin.py:188} INFO - [2024-05-13T15:37:04.737+0000] {dagbag.py:540} INFO - Filling up the DagBag from /home/airflow/.local/lib/python3.8/site-packages/airflow/example_dags/example_nested_branch_dag.py
[2024-05-13T15:37:04.746+0000] {processor.py:840} INFO - DAG(s) 'example_nested_branch_dag' retrieved from /home/airflow/.local/lib/python3.8/site-packages/airflow/example_dags/example_nested_branch_dag.py
[2024-05-13T15:37:04.767+0000] {logging_mixin.py:188} INFO - [2024-05-13T15:37:04.766+0000] {dag.py:3047} INFO - Sync 1 DAGs
[2024-05-13T15:37:04.786+0000] {logging_mixin.py:188} INFO - [2024-05-13T15:37:04.786+0000] {dag.py:3834} INFO - Setting next_dagrun for example_nested_branch_dag to 2024-05-12 00:00:00+00:00, run_after=2024-05-13 00:00:00+00:00
[2024-05-13T15:37:04.807+0000] {processor.py:183} INFO - Processing /home/airflow/.local/lib/python3.8/site-packages/airflow/example_dags/example_nested_branch_dag.py took 0.075 seconds
[2024-05-13T15:37:35.017+0000] {processor.py:161} INFO - Started process (PID=3060) to work on /home/airflow/.local/lib/python3.8/site-packages/airflow/example_dags/example_nested_branch_dag.py
[2024-05-13T15:37:35.018+0000] {processor.py:830} INFO - Processing file /home/airflow/.local/lib/python3.8/site-packages/airflow/example_dags/example_nested_branch_dag.py for tasks to queue
[2024-05-13T15:37:35.020+0000] {logging_mixin.py:188} INFO - [2024-05-13T15:37:35.020+0000] {dagbag.py:540} INFO - Filling up the DagBag from /home/airflow/.local/lib/python3.8/site-packages/airflow/example_dags/example_nested_branch_dag.py
[2024-05-13T15:37:35.031+0000] {processor.py:840} INFO - DAG(s) 'example_nested_branch_dag' retrieved from /home/airflow/.local/lib/python3.8/site-packages/airflow/example_dags/example_nested_branch_dag.py
[2024-05-13T15:37:35.052+0000] {logging_mixin.py:188} INFO - [2024-05-13T15:37:35.052+0000] {dag.py:3047} INFO - Sync 1 DAGs
[2024-05-13T15:37:35.076+0000] {logging_mixin.py:188} INFO - [2024-05-13T15:37:35.075+0000] {dag.py:3834} INFO - Setting next_dagrun for example_nested_branch_dag to 2024-05-12 00:00:00+00:00, run_after=2024-05-13 00:00:00+00:00
[2024-05-13T15:37:35.099+0000] {processor.py:183} INFO - Processing /home/airflow/.local/lib/python3.8/site-packages/airflow/example_dags/example_nested_branch_dag.py took 0.085 seconds
[2024-05-13T15:38:05.504+0000] {processor.py:161} INFO - Started process (PID=3126) to work on /home/airflow/.local/lib/python3.8/site-packages/airflow/example_dags/example_nested_branch_dag.py
[2024-05-13T15:38:05.505+0000] {processor.py:830} INFO - Processing file /home/airflow/.local/lib/python3.8/site-packages/airflow/example_dags/example_nested_branch_dag.py for tasks to queue
[2024-05-13T15:38:05.507+0000] {logging_mixin.py:188} INFO - [2024-05-13T15:38:05.507+0000] {dagbag.py:540} INFO - Filling up the DagBag from /home/airflow/.local/lib/python3.8/site-packages/airflow/example_dags/example_nested_branch_dag.py
[2024-05-13T15:38:05.516+0000] {processor.py:840} INFO - DAG(s) 'example_nested_branch_dag' retrieved from /home/airflow/.local/lib/python3.8/site-packages/airflow/example_dags/example_nested_branch_dag.py
[2024-05-13T15:38:05.538+0000] {logging_mixin.py:188} INFO - [2024-05-13T15:38:05.538+0000] {dag.py:3047} INFO - Sync 1 DAGs
[2024-05-13T15:38:05.560+0000] {logging_mixin.py:188} INFO - [2024-05-13T15:38:05.560+0000] {dag.py:3834} INFO - Setting next_dagrun for example_nested_branch_dag to 2024-05-12 00:00:00+00:00, run_after=2024-05-13 00:00:00+00:00
[2024-05-13T15:38:05.584+0000] {processor.py:183} INFO - Processing /home/airflow/.local/lib/python3.8/site-packages/airflow/example_dags/example_nested_branch_dag.py took 0.083 seconds
[2024-05-13T15:38:35.735+0000] {processor.py:161} INFO - Started process (PID=3194) to work on /home/airflow/.local/lib/python3.8/site-packages/airflow/example_dags/example_nested_branch_dag.py
[2024-05-13T15:38:35.736+0000] {processor.py:830} INFO - Processing file /home/airflow/.local/lib/python3.8/site-packages/airflow/example_dags/example_nested_branch_dag.py for tasks to queue
[2024-05-13T15:38:35.739+0000] {logging_mixin.py:188} INFO - [2024-05-13T15:38:35.738+0000] {dagbag.py:540} INFO - Filling up the DagBag from /home/airflow/.local/lib/python3.8/site-packages/airflow/example_dags/example_nested_branch_dag.py
[2024-05-13T15:38:35.751+0000] {processor.py:840} INFO - DAG(s) 'example_nested_branch_dag' retrieved from /home/airflow/.local/lib/python3.8/site-packages/airflow/example_dags/example_nested_branch_dag.py
[2024-05-13T15:38:35.781+0000] {logging_mixin.py:188} INFO - [2024-05-13T15:38:35.780+0000] {dag.py:3047} INFO - Sync 1 DAGs
[2024-05-13T15:38:35.809+0000] {logging_mixin.py:188} INFO - [2024-05-13T15:38:35.808+0000] {dag.py:3834} INFO - Setting next_dagrun for example_nested_branch_dag to 2024-05-12 00:00:00+00:00, run_after=2024-05-13 00:00:00+00:00
[2024-05-13T15:38:35.982+0000] {processor.py:183} INFO - Processing /home/airflow/.local/lib/python3.8/site-packages/airflow/example_dags/example_nested_branch_dag.py took 0.251 seconds
[2024-05-13T15:39:06.378+0000] {processor.py:161} INFO - Started process (PID=3262) to work on /home/airflow/.local/lib/python3.8/site-packages/airflow/example_dags/example_nested_branch_dag.py
[2024-05-13T15:39:06.380+0000] {processor.py:830} INFO - Processing file /home/airflow/.local/lib/python3.8/site-packages/airflow/example_dags/example_nested_branch_dag.py for tasks to queue
[2024-05-13T15:39:06.383+0000] {logging_mixin.py:188} INFO - [2024-05-13T15:39:06.383+0000] {dagbag.py:540} INFO - Filling up the DagBag from /home/airflow/.local/lib/python3.8/site-packages/airflow/example_dags/example_nested_branch_dag.py
[2024-05-13T15:39:06.399+0000] {processor.py:840} INFO - DAG(s) 'example_nested_branch_dag' retrieved from /home/airflow/.local/lib/python3.8/site-packages/airflow/example_dags/example_nested_branch_dag.py
[2024-05-13T15:39:06.432+0000] {logging_mixin.py:188} INFO - [2024-05-13T15:39:06.431+0000] {dag.py:3047} INFO - Sync 1 DAGs
[2024-05-13T15:39:06.465+0000] {logging_mixin.py:188} INFO - [2024-05-13T15:39:06.465+0000] {dag.py:3834} INFO - Setting next_dagrun for example_nested_branch_dag to 2024-05-12 00:00:00+00:00, run_after=2024-05-13 00:00:00+00:00
[2024-05-13T15:39:06.490+0000] {processor.py:183} INFO - Processing /home/airflow/.local/lib/python3.8/site-packages/airflow/example_dags/example_nested_branch_dag.py took 0.117 seconds
[2024-05-13T15:39:36.850+0000] {processor.py:161} INFO - Started process (PID=3330) to work on /home/airflow/.local/lib/python3.8/site-packages/airflow/example_dags/example_nested_branch_dag.py
[2024-05-13T15:39:36.852+0000] {processor.py:830} INFO - Processing file /home/airflow/.local/lib/python3.8/site-packages/airflow/example_dags/example_nested_branch_dag.py for tasks to queue
[2024-05-13T15:39:36.854+0000] {logging_mixin.py:188} INFO - [2024-05-13T15:39:36.854+0000] {dagbag.py:540} INFO - Filling up the DagBag from /home/airflow/.local/lib/python3.8/site-packages/airflow/example_dags/example_nested_branch_dag.py
[2024-05-13T15:39:36.871+0000] {processor.py:840} INFO - DAG(s) 'example_nested_branch_dag' retrieved from /home/airflow/.local/lib/python3.8/site-packages/airflow/example_dags/example_nested_branch_dag.py
[2024-05-13T15:39:36.904+0000] {logging_mixin.py:188} INFO - [2024-05-13T15:39:36.903+0000] {dag.py:3047} INFO - Sync 1 DAGs
[2024-05-13T15:39:36.942+0000] {logging_mixin.py:188} INFO - [2024-05-13T15:39:36.942+0000] {dag.py:3834} INFO - Setting next_dagrun for example_nested_branch_dag to 2024-05-12 00:00:00+00:00, run_after=2024-05-13 00:00:00+00:00
[2024-05-13T15:39:36.967+0000] {processor.py:183} INFO - Processing /home/airflow/.local/lib/python3.8/site-packages/airflow/example_dags/example_nested_branch_dag.py took 0.121 seconds
[2024-05-13T15:40:07.306+0000] {processor.py:161} INFO - Started process (PID=3398) to work on /home/airflow/.local/lib/python3.8/site-packages/airflow/example_dags/example_nested_branch_dag.py
[2024-05-13T15:40:07.307+0000] {processor.py:830} INFO - Processing file /home/airflow/.local/lib/python3.8/site-packages/airflow/example_dags/example_nested_branch_dag.py for tasks to queue
[2024-05-13T15:40:07.309+0000] {logging_mixin.py:188} INFO - [2024-05-13T15:40:07.309+0000] {dagbag.py:540} INFO - Filling up the DagBag from /home/airflow/.local/lib/python3.8/site-packages/airflow/example_dags/example_nested_branch_dag.py
[2024-05-13T15:40:07.318+0000] {processor.py:840} INFO - DAG(s) 'example_nested_branch_dag' retrieved from /home/airflow/.local/lib/python3.8/site-packages/airflow/example_dags/example_nested_branch_dag.py
[2024-05-13T15:40:07.339+0000] {logging_mixin.py:188} INFO - [2024-05-13T15:40:07.339+0000] {dag.py:3047} INFO - Sync 1 DAGs
[2024-05-13T15:40:07.360+0000] {logging_mixin.py:188} INFO - [2024-05-13T15:40:07.360+0000] {dag.py:3834} INFO - Setting next_dagrun for example_nested_branch_dag to 2024-05-12 00:00:00+00:00, run_after=2024-05-13 00:00:00+00:00
[2024-05-13T15:40:07.379+0000] {processor.py:183} INFO - Processing /home/airflow/.local/lib/python3.8/site-packages/airflow/example_dags/example_nested_branch_dag.py took 0.077 seconds
[2024-05-13T15:40:37.471+0000] {processor.py:161} INFO - Started process (PID=3466) to work on /home/airflow/.local/lib/python3.8/site-packages/airflow/example_dags/example_nested_branch_dag.py
[2024-05-13T15:40:37.472+0000] {processor.py:830} INFO - Processing file /home/airflow/.local/lib/python3.8/site-packages/airflow/example_dags/example_nested_branch_dag.py for tasks to queue
[2024-05-13T15:40:37.474+0000] {logging_mixin.py:188} INFO - [2024-05-13T15:40:37.474+0000] {dagbag.py:540} INFO - Filling up the DagBag from /home/airflow/.local/lib/python3.8/site-packages/airflow/example_dags/example_nested_branch_dag.py
[2024-05-13T15:40:37.483+0000] {processor.py:840} INFO - DAG(s) 'example_nested_branch_dag' retrieved from /home/airflow/.local/lib/python3.8/site-packages/airflow/example_dags/example_nested_branch_dag.py
[2024-05-13T15:40:37.504+0000] {logging_mixin.py:188} INFO - [2024-05-13T15:40:37.504+0000] {dag.py:3047} INFO - Sync 1 DAGs
[2024-05-13T15:40:37.525+0000] {logging_mixin.py:188} INFO - [2024-05-13T15:40:37.525+0000] {dag.py:3834} INFO - Setting next_dagrun for example_nested_branch_dag to 2024-05-12 00:00:00+00:00, run_after=2024-05-13 00:00:00+00:00
[2024-05-13T15:40:37.543+0000] {processor.py:183} INFO - Processing /home/airflow/.local/lib/python3.8/site-packages/airflow/example_dags/example_nested_branch_dag.py took 0.075 seconds
[2024-05-13T15:41:07.605+0000] {processor.py:161} INFO - Started process (PID=3534) to work on /home/airflow/.local/lib/python3.8/site-packages/airflow/example_dags/example_nested_branch_dag.py
[2024-05-13T15:41:07.606+0000] {processor.py:830} INFO - Processing file /home/airflow/.local/lib/python3.8/site-packages/airflow/example_dags/example_nested_branch_dag.py for tasks to queue
[2024-05-13T15:41:07.609+0000] {logging_mixin.py:188} INFO - [2024-05-13T15:41:07.609+0000] {dagbag.py:540} INFO - Filling up the DagBag from /home/airflow/.local/lib/python3.8/site-packages/airflow/example_dags/example_nested_branch_dag.py
[2024-05-13T15:41:07.623+0000] {processor.py:840} INFO - DAG(s) 'example_nested_branch_dag' retrieved from /home/airflow/.local/lib/python3.8/site-packages/airflow/example_dags/example_nested_branch_dag.py
[2024-05-13T15:41:07.644+0000] {logging_mixin.py:188} INFO - [2024-05-13T15:41:07.644+0000] {dag.py:3047} INFO - Sync 1 DAGs
[2024-05-13T15:41:07.667+0000] {logging_mixin.py:188} INFO - [2024-05-13T15:41:07.667+0000] {dag.py:3834} INFO - Setting next_dagrun for example_nested_branch_dag to 2024-05-12 00:00:00+00:00, run_after=2024-05-13 00:00:00+00:00
[2024-05-13T15:41:07.688+0000] {processor.py:183} INFO - Processing /home/airflow/.local/lib/python3.8/site-packages/airflow/example_dags/example_nested_branch_dag.py took 0.087 seconds
[2024-05-13T15:41:38.057+0000] {processor.py:161} INFO - Started process (PID=3602) to work on /home/airflow/.local/lib/python3.8/site-packages/airflow/example_dags/example_nested_branch_dag.py
[2024-05-13T15:41:38.058+0000] {processor.py:830} INFO - Processing file /home/airflow/.local/lib/python3.8/site-packages/airflow/example_dags/example_nested_branch_dag.py for tasks to queue
[2024-05-13T15:41:38.060+0000] {logging_mixin.py:188} INFO - [2024-05-13T15:41:38.059+0000] {dagbag.py:540} INFO - Filling up the DagBag from /home/airflow/.local/lib/python3.8/site-packages/airflow/example_dags/example_nested_branch_dag.py
[2024-05-13T15:41:38.069+0000] {processor.py:840} INFO - DAG(s) 'example_nested_branch_dag' retrieved from /home/airflow/.local/lib/python3.8/site-packages/airflow/example_dags/example_nested_branch_dag.py
[2024-05-13T15:41:38.091+0000] {logging_mixin.py:188} INFO - [2024-05-13T15:41:38.090+0000] {dag.py:3047} INFO - Sync 1 DAGs
[2024-05-13T15:41:38.243+0000] {logging_mixin.py:188} INFO - [2024-05-13T15:41:38.242+0000] {dag.py:3834} INFO - Setting next_dagrun for example_nested_branch_dag to 2024-05-12 00:00:00+00:00, run_after=2024-05-13 00:00:00+00:00
[2024-05-13T15:41:38.264+0000] {processor.py:183} INFO - Processing /home/airflow/.local/lib/python3.8/site-packages/airflow/example_dags/example_nested_branch_dag.py took 0.211 seconds
[2024-05-13T15:42:09.153+0000] {processor.py:161} INFO - Started process (PID=3670) to work on /home/airflow/.local/lib/python3.8/site-packages/airflow/example_dags/example_nested_branch_dag.py
[2024-05-13T15:42:09.155+0000] {processor.py:830} INFO - Processing file /home/airflow/.local/lib/python3.8/site-packages/airflow/example_dags/example_nested_branch_dag.py for tasks to queue
[2024-05-13T15:42:09.157+0000] {logging_mixin.py:188} INFO - [2024-05-13T15:42:09.157+0000] {dagbag.py:540} INFO - Filling up the DagBag from /home/airflow/.local/lib/python3.8/site-packages/airflow/example_dags/example_nested_branch_dag.py
[2024-05-13T15:42:09.166+0000] {processor.py:840} INFO - DAG(s) 'example_nested_branch_dag' retrieved from /home/airflow/.local/lib/python3.8/site-packages/airflow/example_dags/example_nested_branch_dag.py
[2024-05-13T15:42:09.188+0000] {logging_mixin.py:188} INFO - [2024-05-13T15:42:09.188+0000] {dag.py:3047} INFO - Sync 1 DAGs
[2024-05-13T15:42:09.333+0000] {logging_mixin.py:188} INFO - [2024-05-13T15:42:09.333+0000] {dag.py:3834} INFO - Setting next_dagrun for example_nested_branch_dag to 2024-05-12 00:00:00+00:00, run_after=2024-05-13 00:00:00+00:00
[2024-05-13T15:42:09.350+0000] {processor.py:183} INFO - Processing /home/airflow/.local/lib/python3.8/site-packages/airflow/example_dags/example_nested_branch_dag.py took 0.200 seconds
[2024-05-13T15:42:40.000+0000] {processor.py:161} INFO - Started process (PID=3738) to work on /home/airflow/.local/lib/python3.8/site-packages/airflow/example_dags/example_nested_branch_dag.py
[2024-05-13T15:42:40.001+0000] {processor.py:830} INFO - Processing file /home/airflow/.local/lib/python3.8/site-packages/airflow/example_dags/example_nested_branch_dag.py for tasks to queue
[2024-05-13T15:42:40.003+0000] {logging_mixin.py:188} INFO - [2024-05-13T15:42:40.003+0000] {dagbag.py:540} INFO - Filling up the DagBag from /home/airflow/.local/lib/python3.8/site-packages/airflow/example_dags/example_nested_branch_dag.py
[2024-05-13T15:42:40.014+0000] {processor.py:840} INFO - DAG(s) 'example_nested_branch_dag' retrieved from /home/airflow/.local/lib/python3.8/site-packages/airflow/example_dags/example_nested_branch_dag.py
[2024-05-13T15:42:40.034+0000] {logging_mixin.py:188} INFO - [2024-05-13T15:42:40.034+0000] {dag.py:3047} INFO - Sync 1 DAGs
[2024-05-13T15:42:40.059+0000] {logging_mixin.py:188} INFO - [2024-05-13T15:42:40.059+0000] {dag.py:3834} INFO - Setting next_dagrun for example_nested_branch_dag to 2024-05-12 00:00:00+00:00, run_after=2024-05-13 00:00:00+00:00
[2024-05-13T15:42:40.078+0000] {processor.py:183} INFO - Processing /home/airflow/.local/lib/python3.8/site-packages/airflow/example_dags/example_nested_branch_dag.py took 0.081 seconds
[2024-05-13T15:43:10.109+0000] {processor.py:161} INFO - Started process (PID=3806) to work on /home/airflow/.local/lib/python3.8/site-packages/airflow/example_dags/example_nested_branch_dag.py
[2024-05-13T15:43:10.110+0000] {processor.py:830} INFO - Processing file /home/airflow/.local/lib/python3.8/site-packages/airflow/example_dags/example_nested_branch_dag.py for tasks to queue
[2024-05-13T15:43:10.112+0000] {logging_mixin.py:188} INFO - [2024-05-13T15:43:10.112+0000] {dagbag.py:540} INFO - Filling up the DagBag from /home/airflow/.local/lib/python3.8/site-packages/airflow/example_dags/example_nested_branch_dag.py
[2024-05-13T15:43:10.122+0000] {processor.py:840} INFO - DAG(s) 'example_nested_branch_dag' retrieved from /home/airflow/.local/lib/python3.8/site-packages/airflow/example_dags/example_nested_branch_dag.py
[2024-05-13T15:43:10.146+0000] {logging_mixin.py:188} INFO - [2024-05-13T15:43:10.146+0000] {dag.py:3047} INFO - Sync 1 DAGs
[2024-05-13T15:43:10.170+0000] {logging_mixin.py:188} INFO - [2024-05-13T15:43:10.169+0000] {dag.py:3834} INFO - Setting next_dagrun for example_nested_branch_dag to 2024-05-12 00:00:00+00:00, run_after=2024-05-13 00:00:00+00:00
[2024-05-13T15:43:10.193+0000] {processor.py:183} INFO - Processing /home/airflow/.local/lib/python3.8/site-packages/airflow/example_dags/example_nested_branch_dag.py took 0.087 seconds
[2024-05-13T15:43:40.664+0000] {processor.py:161} INFO - Started process (PID=3874) to work on /home/airflow/.local/lib/python3.8/site-packages/airflow/example_dags/example_nested_branch_dag.py
[2024-05-13T15:43:40.665+0000] {processor.py:830} INFO - Processing file /home/airflow/.local/lib/python3.8/site-packages/airflow/example_dags/example_nested_branch_dag.py for tasks to queue
[2024-05-13T15:43:40.668+0000] {logging_mixin.py:188} INFO - [2024-05-13T15:43:40.667+0000] {dagbag.py:540} INFO - Filling up the DagBag from /home/airflow/.local/lib/python3.8/site-packages/airflow/example_dags/example_nested_branch_dag.py
[2024-05-13T15:43:40.677+0000] {processor.py:840} INFO - DAG(s) 'example_nested_branch_dag' retrieved from /home/airflow/.local/lib/python3.8/site-packages/airflow/example_dags/example_nested_branch_dag.py
[2024-05-13T15:43:40.701+0000] {logging_mixin.py:188} INFO - [2024-05-13T15:43:40.701+0000] {dag.py:3047} INFO - Sync 1 DAGs
[2024-05-13T15:43:40.724+0000] {logging_mixin.py:188} INFO - [2024-05-13T15:43:40.724+0000] {dag.py:3834} INFO - Setting next_dagrun for example_nested_branch_dag to 2024-05-12 00:00:00+00:00, run_after=2024-05-13 00:00:00+00:00
[2024-05-13T15:43:40.745+0000] {processor.py:183} INFO - Processing /home/airflow/.local/lib/python3.8/site-packages/airflow/example_dags/example_nested_branch_dag.py took 0.084 seconds
[2024-05-13T15:44:11.103+0000] {processor.py:161} INFO - Started process (PID=3942) to work on /home/airflow/.local/lib/python3.8/site-packages/airflow/example_dags/example_nested_branch_dag.py
[2024-05-13T15:44:11.104+0000] {processor.py:830} INFO - Processing file /home/airflow/.local/lib/python3.8/site-packages/airflow/example_dags/example_nested_branch_dag.py for tasks to queue
[2024-05-13T15:44:11.106+0000] {logging_mixin.py:188} INFO - [2024-05-13T15:44:11.106+0000] {dagbag.py:540} INFO - Filling up the DagBag from /home/airflow/.local/lib/python3.8/site-packages/airflow/example_dags/example_nested_branch_dag.py
[2024-05-13T15:44:11.115+0000] {processor.py:840} INFO - DAG(s) 'example_nested_branch_dag' retrieved from /home/airflow/.local/lib/python3.8/site-packages/airflow/example_dags/example_nested_branch_dag.py
[2024-05-13T15:44:11.137+0000] {logging_mixin.py:188} INFO - [2024-05-13T15:44:11.136+0000] {dag.py:3047} INFO - Sync 1 DAGs
[2024-05-13T15:44:11.156+0000] {logging_mixin.py:188} INFO - [2024-05-13T15:44:11.156+0000] {dag.py:3834} INFO - Setting next_dagrun for example_nested_branch_dag to 2024-05-12 00:00:00+00:00, run_after=2024-05-13 00:00:00+00:00
[2024-05-13T15:44:11.178+0000] {processor.py:183} INFO - Processing /home/airflow/.local/lib/python3.8/site-packages/airflow/example_dags/example_nested_branch_dag.py took 0.077 seconds
