[2024-05-13T15:15:17.649+0000] {processor.py:161} INFO - Started process (PID=85) to work on /home/airflow/.local/lib/python3.8/site-packages/airflow/example_dags/example_python_operator.py
[2024-05-13T15:15:17.650+0000] {processor.py:830} INFO - Processing file /home/airflow/.local/lib/python3.8/site-packages/airflow/example_dags/example_python_operator.py for tasks to queue
[2024-05-13T15:15:17.653+0000] {logging_mixin.py:188} INFO - [2024-05-13T15:15:17.652+0000] {dagbag.py:540} INFO - Filling up the DagBag from /home/airflow/.local/lib/python3.8/site-packages/airflow/example_dags/example_python_operator.py
[2024-05-13T15:15:17.671+0000] {processor.py:840} INFO - DAG(s) 'example_python_operator' retrieved from /home/airflow/.local/lib/python3.8/site-packages/airflow/example_dags/example_python_operator.py
[2024-05-13T15:15:17.826+0000] {logging_mixin.py:188} INFO - [2024-05-13T15:15:17.825+0000] {override.py:1769} INFO - Created Permission View: can delete on DAG:example_python_operator
[2024-05-13T15:15:17.846+0000] {logging_mixin.py:188} INFO - [2024-05-13T15:15:17.846+0000] {override.py:1769} INFO - Created Permission View: can edit on DAG:example_python_operator
[2024-05-13T15:15:17.864+0000] {logging_mixin.py:188} INFO - [2024-05-13T15:15:17.863+0000] {override.py:1769} INFO - Created Permission View: can read on DAG:example_python_operator
[2024-05-13T15:15:17.866+0000] {logging_mixin.py:188} INFO - [2024-05-13T15:15:17.865+0000] {dag.py:3047} INFO - Sync 1 DAGs
[2024-05-13T15:15:17.882+0000] {logging_mixin.py:188} INFO - [2024-05-13T15:15:17.881+0000] {dag.py:3069} INFO - Creating ORM DAG for example_python_operator
[2024-05-13T15:15:17.883+0000] {logging_mixin.py:188} INFO - [2024-05-13T15:15:17.883+0000] {dag.py:3834} INFO - Setting next_dagrun for example_python_operator to None, run_after=None
[2024-05-13T15:15:17.918+0000] {processor.py:183} INFO - Processing /home/airflow/.local/lib/python3.8/site-packages/airflow/example_dags/example_python_operator.py took 0.273 seconds
[2024-05-13T15:15:48.789+0000] {processor.py:161} INFO - Started process (PID=141) to work on /home/airflow/.local/lib/python3.8/site-packages/airflow/example_dags/example_python_operator.py
[2024-05-13T15:15:48.790+0000] {processor.py:830} INFO - Processing file /home/airflow/.local/lib/python3.8/site-packages/airflow/example_dags/example_python_operator.py for tasks to queue
[2024-05-13T15:15:48.792+0000] {logging_mixin.py:188} INFO - [2024-05-13T15:15:48.792+0000] {dagbag.py:540} INFO - Filling up the DagBag from /home/airflow/.local/lib/python3.8/site-packages/airflow/example_dags/example_python_operator.py
[2024-05-13T15:15:48.807+0000] {processor.py:840} INFO - DAG(s) 'example_python_operator' retrieved from /home/airflow/.local/lib/python3.8/site-packages/airflow/example_dags/example_python_operator.py
[2024-05-13T15:15:48.837+0000] {logging_mixin.py:188} INFO - [2024-05-13T15:15:48.836+0000] {dag.py:3047} INFO - Sync 1 DAGs
[2024-05-13T15:15:48.853+0000] {logging_mixin.py:188} INFO - [2024-05-13T15:15:48.853+0000] {dag.py:3834} INFO - Setting next_dagrun for example_python_operator to None, run_after=None
[2024-05-13T15:15:48.881+0000] {processor.py:183} INFO - Processing /home/airflow/.local/lib/python3.8/site-packages/airflow/example_dags/example_python_operator.py took 0.095 seconds
[2024-05-13T15:16:19.321+0000] {processor.py:161} INFO - Started process (PID=208) to work on /home/airflow/.local/lib/python3.8/site-packages/airflow/example_dags/example_python_operator.py
[2024-05-13T15:16:19.324+0000] {processor.py:830} INFO - Processing file /home/airflow/.local/lib/python3.8/site-packages/airflow/example_dags/example_python_operator.py for tasks to queue
[2024-05-13T15:16:19.326+0000] {logging_mixin.py:188} INFO - [2024-05-13T15:16:19.326+0000] {dagbag.py:540} INFO - Filling up the DagBag from /home/airflow/.local/lib/python3.8/site-packages/airflow/example_dags/example_python_operator.py
[2024-05-13T15:16:19.338+0000] {processor.py:840} INFO - DAG(s) 'example_python_operator' retrieved from /home/airflow/.local/lib/python3.8/site-packages/airflow/example_dags/example_python_operator.py
[2024-05-13T15:16:19.367+0000] {logging_mixin.py:188} INFO - [2024-05-13T15:16:19.366+0000] {dag.py:3047} INFO - Sync 1 DAGs
[2024-05-13T15:16:19.380+0000] {logging_mixin.py:188} INFO - [2024-05-13T15:16:19.379+0000] {dag.py:3834} INFO - Setting next_dagrun for example_python_operator to None, run_after=None
[2024-05-13T15:16:19.405+0000] {processor.py:183} INFO - Processing /home/airflow/.local/lib/python3.8/site-packages/airflow/example_dags/example_python_operator.py took 0.088 seconds
[2024-05-13T15:16:49.722+0000] {processor.py:161} INFO - Started process (PID=276) to work on /home/airflow/.local/lib/python3.8/site-packages/airflow/example_dags/example_python_operator.py
[2024-05-13T15:16:49.723+0000] {processor.py:830} INFO - Processing file /home/airflow/.local/lib/python3.8/site-packages/airflow/example_dags/example_python_operator.py for tasks to queue
[2024-05-13T15:16:49.725+0000] {logging_mixin.py:188} INFO - [2024-05-13T15:16:49.725+0000] {dagbag.py:540} INFO - Filling up the DagBag from /home/airflow/.local/lib/python3.8/site-packages/airflow/example_dags/example_python_operator.py
[2024-05-13T15:16:49.737+0000] {processor.py:840} INFO - DAG(s) 'example_python_operator' retrieved from /home/airflow/.local/lib/python3.8/site-packages/airflow/example_dags/example_python_operator.py
[2024-05-13T15:16:49.756+0000] {logging_mixin.py:188} INFO - [2024-05-13T15:16:49.756+0000] {dag.py:3047} INFO - Sync 1 DAGs
[2024-05-13T15:16:49.767+0000] {logging_mixin.py:188} INFO - [2024-05-13T15:16:49.767+0000] {dag.py:3834} INFO - Setting next_dagrun for example_python_operator to None, run_after=None
[2024-05-13T15:16:49.786+0000] {processor.py:183} INFO - Processing /home/airflow/.local/lib/python3.8/site-packages/airflow/example_dags/example_python_operator.py took 0.067 seconds
[2024-05-13T15:17:19.956+0000] {processor.py:161} INFO - Started process (PID=344) to work on /home/airflow/.local/lib/python3.8/site-packages/airflow/example_dags/example_python_operator.py
[2024-05-13T15:17:19.958+0000] {processor.py:830} INFO - Processing file /home/airflow/.local/lib/python3.8/site-packages/airflow/example_dags/example_python_operator.py for tasks to queue
[2024-05-13T15:17:19.961+0000] {logging_mixin.py:188} INFO - [2024-05-13T15:17:19.960+0000] {dagbag.py:540} INFO - Filling up the DagBag from /home/airflow/.local/lib/python3.8/site-packages/airflow/example_dags/example_python_operator.py
[2024-05-13T15:17:19.971+0000] {processor.py:840} INFO - DAG(s) 'example_python_operator' retrieved from /home/airflow/.local/lib/python3.8/site-packages/airflow/example_dags/example_python_operator.py
[2024-05-13T15:17:19.994+0000] {logging_mixin.py:188} INFO - [2024-05-13T15:17:19.994+0000] {dag.py:3047} INFO - Sync 1 DAGs
[2024-05-13T15:17:20.006+0000] {logging_mixin.py:188} INFO - [2024-05-13T15:17:20.006+0000] {dag.py:3834} INFO - Setting next_dagrun for example_python_operator to None, run_after=None
[2024-05-13T15:17:20.033+0000] {processor.py:183} INFO - Processing /home/airflow/.local/lib/python3.8/site-packages/airflow/example_dags/example_python_operator.py took 0.080 seconds
[2024-05-13T15:17:50.070+0000] {processor.py:161} INFO - Started process (PID=412) to work on /home/airflow/.local/lib/python3.8/site-packages/airflow/example_dags/example_python_operator.py
[2024-05-13T15:17:50.071+0000] {processor.py:830} INFO - Processing file /home/airflow/.local/lib/python3.8/site-packages/airflow/example_dags/example_python_operator.py for tasks to queue
[2024-05-13T15:17:50.073+0000] {logging_mixin.py:188} INFO - [2024-05-13T15:17:50.073+0000] {dagbag.py:540} INFO - Filling up the DagBag from /home/airflow/.local/lib/python3.8/site-packages/airflow/example_dags/example_python_operator.py
[2024-05-13T15:17:50.083+0000] {processor.py:840} INFO - DAG(s) 'example_python_operator' retrieved from /home/airflow/.local/lib/python3.8/site-packages/airflow/example_dags/example_python_operator.py
[2024-05-13T15:17:50.102+0000] {logging_mixin.py:188} INFO - [2024-05-13T15:17:50.101+0000] {dag.py:3047} INFO - Sync 1 DAGs
[2024-05-13T15:17:50.112+0000] {logging_mixin.py:188} INFO - [2024-05-13T15:17:50.112+0000] {dag.py:3834} INFO - Setting next_dagrun for example_python_operator to None, run_after=None
[2024-05-13T15:17:50.131+0000] {processor.py:183} INFO - Processing /home/airflow/.local/lib/python3.8/site-packages/airflow/example_dags/example_python_operator.py took 0.063 seconds
[2024-05-13T15:18:20.520+0000] {processor.py:161} INFO - Started process (PID=480) to work on /home/airflow/.local/lib/python3.8/site-packages/airflow/example_dags/example_python_operator.py
[2024-05-13T15:18:20.521+0000] {processor.py:830} INFO - Processing file /home/airflow/.local/lib/python3.8/site-packages/airflow/example_dags/example_python_operator.py for tasks to queue
[2024-05-13T15:18:20.524+0000] {logging_mixin.py:188} INFO - [2024-05-13T15:18:20.523+0000] {dagbag.py:540} INFO - Filling up the DagBag from /home/airflow/.local/lib/python3.8/site-packages/airflow/example_dags/example_python_operator.py
[2024-05-13T15:18:20.533+0000] {processor.py:840} INFO - DAG(s) 'example_python_operator' retrieved from /home/airflow/.local/lib/python3.8/site-packages/airflow/example_dags/example_python_operator.py
[2024-05-13T15:18:20.553+0000] {logging_mixin.py:188} INFO - [2024-05-13T15:18:20.553+0000] {dag.py:3047} INFO - Sync 1 DAGs
[2024-05-13T15:18:20.566+0000] {logging_mixin.py:188} INFO - [2024-05-13T15:18:20.566+0000] {dag.py:3834} INFO - Setting next_dagrun for example_python_operator to None, run_after=None
[2024-05-13T15:18:20.585+0000] {processor.py:183} INFO - Processing /home/airflow/.local/lib/python3.8/site-packages/airflow/example_dags/example_python_operator.py took 0.068 seconds
[2024-05-13T15:18:50.886+0000] {processor.py:161} INFO - Started process (PID=548) to work on /home/airflow/.local/lib/python3.8/site-packages/airflow/example_dags/example_python_operator.py
[2024-05-13T15:18:50.887+0000] {processor.py:830} INFO - Processing file /home/airflow/.local/lib/python3.8/site-packages/airflow/example_dags/example_python_operator.py for tasks to queue
[2024-05-13T15:18:50.889+0000] {logging_mixin.py:188} INFO - [2024-05-13T15:18:50.889+0000] {dagbag.py:540} INFO - Filling up the DagBag from /home/airflow/.local/lib/python3.8/site-packages/airflow/example_dags/example_python_operator.py
[2024-05-13T15:18:50.898+0000] {processor.py:840} INFO - DAG(s) 'example_python_operator' retrieved from /home/airflow/.local/lib/python3.8/site-packages/airflow/example_dags/example_python_operator.py
[2024-05-13T15:18:50.919+0000] {logging_mixin.py:188} INFO - [2024-05-13T15:18:50.919+0000] {dag.py:3047} INFO - Sync 1 DAGs
[2024-05-13T15:18:50.930+0000] {logging_mixin.py:188} INFO - [2024-05-13T15:18:50.930+0000] {dag.py:3834} INFO - Setting next_dagrun for example_python_operator to None, run_after=None
[2024-05-13T15:18:50.951+0000] {processor.py:183} INFO - Processing /home/airflow/.local/lib/python3.8/site-packages/airflow/example_dags/example_python_operator.py took 0.067 seconds
[2024-05-13T15:19:21.037+0000] {processor.py:161} INFO - Started process (PID=616) to work on /home/airflow/.local/lib/python3.8/site-packages/airflow/example_dags/example_python_operator.py
[2024-05-13T15:19:21.039+0000] {processor.py:830} INFO - Processing file /home/airflow/.local/lib/python3.8/site-packages/airflow/example_dags/example_python_operator.py for tasks to queue
[2024-05-13T15:19:21.041+0000] {logging_mixin.py:188} INFO - [2024-05-13T15:19:21.040+0000] {dagbag.py:540} INFO - Filling up the DagBag from /home/airflow/.local/lib/python3.8/site-packages/airflow/example_dags/example_python_operator.py
[2024-05-13T15:19:21.050+0000] {processor.py:840} INFO - DAG(s) 'example_python_operator' retrieved from /home/airflow/.local/lib/python3.8/site-packages/airflow/example_dags/example_python_operator.py
[2024-05-13T15:19:21.072+0000] {logging_mixin.py:188} INFO - [2024-05-13T15:19:21.071+0000] {dag.py:3047} INFO - Sync 1 DAGs
[2024-05-13T15:19:21.083+0000] {logging_mixin.py:188} INFO - [2024-05-13T15:19:21.082+0000] {dag.py:3834} INFO - Setting next_dagrun for example_python_operator to None, run_after=None
[2024-05-13T15:19:21.103+0000] {processor.py:183} INFO - Processing /home/airflow/.local/lib/python3.8/site-packages/airflow/example_dags/example_python_operator.py took 0.069 seconds
[2024-05-13T15:19:51.192+0000] {processor.py:161} INFO - Started process (PID=684) to work on /home/airflow/.local/lib/python3.8/site-packages/airflow/example_dags/example_python_operator.py
[2024-05-13T15:19:51.193+0000] {processor.py:830} INFO - Processing file /home/airflow/.local/lib/python3.8/site-packages/airflow/example_dags/example_python_operator.py for tasks to queue
[2024-05-13T15:19:51.195+0000] {logging_mixin.py:188} INFO - [2024-05-13T15:19:51.195+0000] {dagbag.py:540} INFO - Filling up the DagBag from /home/airflow/.local/lib/python3.8/site-packages/airflow/example_dags/example_python_operator.py
[2024-05-13T15:19:51.207+0000] {processor.py:840} INFO - DAG(s) 'example_python_operator' retrieved from /home/airflow/.local/lib/python3.8/site-packages/airflow/example_dags/example_python_operator.py
[2024-05-13T15:19:51.229+0000] {logging_mixin.py:188} INFO - [2024-05-13T15:19:51.228+0000] {dag.py:3047} INFO - Sync 1 DAGs
[2024-05-13T15:19:51.240+0000] {logging_mixin.py:188} INFO - [2024-05-13T15:19:51.239+0000] {dag.py:3834} INFO - Setting next_dagrun for example_python_operator to None, run_after=None
[2024-05-13T15:19:51.260+0000] {processor.py:183} INFO - Processing /home/airflow/.local/lib/python3.8/site-packages/airflow/example_dags/example_python_operator.py took 0.071 seconds
[2024-05-13T15:20:21.504+0000] {processor.py:161} INFO - Started process (PID=752) to work on /home/airflow/.local/lib/python3.8/site-packages/airflow/example_dags/example_python_operator.py
[2024-05-13T15:20:21.505+0000] {processor.py:830} INFO - Processing file /home/airflow/.local/lib/python3.8/site-packages/airflow/example_dags/example_python_operator.py for tasks to queue
[2024-05-13T15:20:21.507+0000] {logging_mixin.py:188} INFO - [2024-05-13T15:20:21.506+0000] {dagbag.py:540} INFO - Filling up the DagBag from /home/airflow/.local/lib/python3.8/site-packages/airflow/example_dags/example_python_operator.py
[2024-05-13T15:20:21.516+0000] {processor.py:840} INFO - DAG(s) 'example_python_operator' retrieved from /home/airflow/.local/lib/python3.8/site-packages/airflow/example_dags/example_python_operator.py
[2024-05-13T15:20:21.539+0000] {logging_mixin.py:188} INFO - [2024-05-13T15:20:21.539+0000] {dag.py:3047} INFO - Sync 1 DAGs
[2024-05-13T15:20:21.551+0000] {logging_mixin.py:188} INFO - [2024-05-13T15:20:21.550+0000] {dag.py:3834} INFO - Setting next_dagrun for example_python_operator to None, run_after=None
[2024-05-13T15:20:21.570+0000] {processor.py:183} INFO - Processing /home/airflow/.local/lib/python3.8/site-packages/airflow/example_dags/example_python_operator.py took 0.070 seconds
[2024-05-13T15:20:52.023+0000] {processor.py:161} INFO - Started process (PID=824) to work on /home/airflow/.local/lib/python3.8/site-packages/airflow/example_dags/example_python_operator.py
[2024-05-13T15:20:52.024+0000] {processor.py:830} INFO - Processing file /home/airflow/.local/lib/python3.8/site-packages/airflow/example_dags/example_python_operator.py for tasks to queue
[2024-05-13T15:20:52.026+0000] {logging_mixin.py:188} INFO - [2024-05-13T15:20:52.026+0000] {dagbag.py:540} INFO - Filling up the DagBag from /home/airflow/.local/lib/python3.8/site-packages/airflow/example_dags/example_python_operator.py
[2024-05-13T15:20:52.038+0000] {processor.py:840} INFO - DAG(s) 'example_python_operator' retrieved from /home/airflow/.local/lib/python3.8/site-packages/airflow/example_dags/example_python_operator.py
[2024-05-13T15:20:52.063+0000] {logging_mixin.py:188} INFO - [2024-05-13T15:20:52.063+0000] {dag.py:3047} INFO - Sync 1 DAGs
[2024-05-13T15:20:52.078+0000] {logging_mixin.py:188} INFO - [2024-05-13T15:20:52.078+0000] {dag.py:3834} INFO - Setting next_dagrun for example_python_operator to None, run_after=None
[2024-05-13T15:20:52.101+0000] {processor.py:183} INFO - Processing /home/airflow/.local/lib/python3.8/site-packages/airflow/example_dags/example_python_operator.py took 0.081 seconds
[2024-05-13T15:21:22.167+0000] {processor.py:161} INFO - Started process (PID=892) to work on /home/airflow/.local/lib/python3.8/site-packages/airflow/example_dags/example_python_operator.py
[2024-05-13T15:21:22.168+0000] {processor.py:830} INFO - Processing file /home/airflow/.local/lib/python3.8/site-packages/airflow/example_dags/example_python_operator.py for tasks to queue
[2024-05-13T15:21:22.170+0000] {logging_mixin.py:188} INFO - [2024-05-13T15:21:22.170+0000] {dagbag.py:540} INFO - Filling up the DagBag from /home/airflow/.local/lib/python3.8/site-packages/airflow/example_dags/example_python_operator.py
[2024-05-13T15:21:22.181+0000] {processor.py:840} INFO - DAG(s) 'example_python_operator' retrieved from /home/airflow/.local/lib/python3.8/site-packages/airflow/example_dags/example_python_operator.py
[2024-05-13T15:21:22.202+0000] {logging_mixin.py:188} INFO - [2024-05-13T15:21:22.202+0000] {dag.py:3047} INFO - Sync 1 DAGs
[2024-05-13T15:21:22.214+0000] {logging_mixin.py:188} INFO - [2024-05-13T15:21:22.214+0000] {dag.py:3834} INFO - Setting next_dagrun for example_python_operator to None, run_after=None
[2024-05-13T15:21:22.236+0000] {processor.py:183} INFO - Processing /home/airflow/.local/lib/python3.8/site-packages/airflow/example_dags/example_python_operator.py took 0.072 seconds
[2024-05-13T15:21:52.347+0000] {processor.py:161} INFO - Started process (PID=960) to work on /home/airflow/.local/lib/python3.8/site-packages/airflow/example_dags/example_python_operator.py
[2024-05-13T15:21:52.349+0000] {processor.py:830} INFO - Processing file /home/airflow/.local/lib/python3.8/site-packages/airflow/example_dags/example_python_operator.py for tasks to queue
[2024-05-13T15:21:52.351+0000] {logging_mixin.py:188} INFO - [2024-05-13T15:21:52.350+0000] {dagbag.py:540} INFO - Filling up the DagBag from /home/airflow/.local/lib/python3.8/site-packages/airflow/example_dags/example_python_operator.py
[2024-05-13T15:21:52.363+0000] {processor.py:840} INFO - DAG(s) 'example_python_operator' retrieved from /home/airflow/.local/lib/python3.8/site-packages/airflow/example_dags/example_python_operator.py
[2024-05-13T15:21:52.391+0000] {logging_mixin.py:188} INFO - [2024-05-13T15:21:52.391+0000] {dag.py:3047} INFO - Sync 1 DAGs
[2024-05-13T15:21:52.408+0000] {logging_mixin.py:188} INFO - [2024-05-13T15:21:52.407+0000] {dag.py:3834} INFO - Setting next_dagrun for example_python_operator to None, run_after=None
[2024-05-13T15:21:52.428+0000] {processor.py:183} INFO - Processing /home/airflow/.local/lib/python3.8/site-packages/airflow/example_dags/example_python_operator.py took 0.084 seconds
[2024-05-13T15:22:23.311+0000] {processor.py:161} INFO - Started process (PID=1028) to work on /home/airflow/.local/lib/python3.8/site-packages/airflow/example_dags/example_python_operator.py
[2024-05-13T15:22:23.312+0000] {processor.py:830} INFO - Processing file /home/airflow/.local/lib/python3.8/site-packages/airflow/example_dags/example_python_operator.py for tasks to queue
[2024-05-13T15:22:23.314+0000] {logging_mixin.py:188} INFO - [2024-05-13T15:22:23.314+0000] {dagbag.py:540} INFO - Filling up the DagBag from /home/airflow/.local/lib/python3.8/site-packages/airflow/example_dags/example_python_operator.py
[2024-05-13T15:22:23.325+0000] {processor.py:840} INFO - DAG(s) 'example_python_operator' retrieved from /home/airflow/.local/lib/python3.8/site-packages/airflow/example_dags/example_python_operator.py
[2024-05-13T15:22:23.350+0000] {logging_mixin.py:188} INFO - [2024-05-13T15:22:23.349+0000] {dag.py:3047} INFO - Sync 1 DAGs
[2024-05-13T15:22:23.362+0000] {logging_mixin.py:188} INFO - [2024-05-13T15:22:23.362+0000] {dag.py:3834} INFO - Setting next_dagrun for example_python_operator to None, run_after=None
[2024-05-13T15:22:23.387+0000] {processor.py:183} INFO - Processing /home/airflow/.local/lib/python3.8/site-packages/airflow/example_dags/example_python_operator.py took 0.080 seconds
[2024-05-13T15:22:53.568+0000] {processor.py:161} INFO - Started process (PID=1097) to work on /home/airflow/.local/lib/python3.8/site-packages/airflow/example_dags/example_python_operator.py
[2024-05-13T15:22:53.571+0000] {processor.py:830} INFO - Processing file /home/airflow/.local/lib/python3.8/site-packages/airflow/example_dags/example_python_operator.py for tasks to queue
[2024-05-13T15:22:53.573+0000] {logging_mixin.py:188} INFO - [2024-05-13T15:22:53.573+0000] {dagbag.py:540} INFO - Filling up the DagBag from /home/airflow/.local/lib/python3.8/site-packages/airflow/example_dags/example_python_operator.py
[2024-05-13T15:22:53.588+0000] {processor.py:840} INFO - DAG(s) 'example_python_operator' retrieved from /home/airflow/.local/lib/python3.8/site-packages/airflow/example_dags/example_python_operator.py
[2024-05-13T15:22:53.615+0000] {logging_mixin.py:188} INFO - [2024-05-13T15:22:53.615+0000] {dag.py:3047} INFO - Sync 1 DAGs
[2024-05-13T15:22:53.628+0000] {logging_mixin.py:188} INFO - [2024-05-13T15:22:53.628+0000] {dag.py:3834} INFO - Setting next_dagrun for example_python_operator to None, run_after=None
[2024-05-13T15:22:53.651+0000] {processor.py:183} INFO - Processing /home/airflow/.local/lib/python3.8/site-packages/airflow/example_dags/example_python_operator.py took 0.087 seconds
[2024-05-13T15:23:23.878+0000] {processor.py:161} INFO - Started process (PID=1165) to work on /home/airflow/.local/lib/python3.8/site-packages/airflow/example_dags/example_python_operator.py
[2024-05-13T15:23:23.879+0000] {processor.py:830} INFO - Processing file /home/airflow/.local/lib/python3.8/site-packages/airflow/example_dags/example_python_operator.py for tasks to queue
[2024-05-13T15:23:23.882+0000] {logging_mixin.py:188} INFO - [2024-05-13T15:23:23.881+0000] {dagbag.py:540} INFO - Filling up the DagBag from /home/airflow/.local/lib/python3.8/site-packages/airflow/example_dags/example_python_operator.py
[2024-05-13T15:23:23.895+0000] {processor.py:840} INFO - DAG(s) 'example_python_operator' retrieved from /home/airflow/.local/lib/python3.8/site-packages/airflow/example_dags/example_python_operator.py
[2024-05-13T15:23:23.924+0000] {logging_mixin.py:188} INFO - [2024-05-13T15:23:23.924+0000] {dag.py:3047} INFO - Sync 1 DAGs
[2024-05-13T15:23:23.938+0000] {logging_mixin.py:188} INFO - [2024-05-13T15:23:23.937+0000] {dag.py:3834} INFO - Setting next_dagrun for example_python_operator to None, run_after=None
[2024-05-13T15:23:23.966+0000] {processor.py:183} INFO - Processing /home/airflow/.local/lib/python3.8/site-packages/airflow/example_dags/example_python_operator.py took 0.091 seconds
[2024-05-13T15:23:54.114+0000] {processor.py:161} INFO - Started process (PID=1233) to work on /home/airflow/.local/lib/python3.8/site-packages/airflow/example_dags/example_python_operator.py
[2024-05-13T15:23:54.116+0000] {processor.py:830} INFO - Processing file /home/airflow/.local/lib/python3.8/site-packages/airflow/example_dags/example_python_operator.py for tasks to queue
[2024-05-13T15:23:54.117+0000] {logging_mixin.py:188} INFO - [2024-05-13T15:23:54.117+0000] {dagbag.py:540} INFO - Filling up the DagBag from /home/airflow/.local/lib/python3.8/site-packages/airflow/example_dags/example_python_operator.py
[2024-05-13T15:23:54.127+0000] {processor.py:840} INFO - DAG(s) 'example_python_operator' retrieved from /home/airflow/.local/lib/python3.8/site-packages/airflow/example_dags/example_python_operator.py
[2024-05-13T15:23:54.151+0000] {logging_mixin.py:188} INFO - [2024-05-13T15:23:54.151+0000] {dag.py:3047} INFO - Sync 1 DAGs
[2024-05-13T15:23:54.163+0000] {logging_mixin.py:188} INFO - [2024-05-13T15:23:54.163+0000] {dag.py:3834} INFO - Setting next_dagrun for example_python_operator to None, run_after=None
[2024-05-13T15:23:54.185+0000] {processor.py:183} INFO - Processing /home/airflow/.local/lib/python3.8/site-packages/airflow/example_dags/example_python_operator.py took 0.074 seconds
[2024-05-13T15:24:24.382+0000] {processor.py:161} INFO - Started process (PID=1301) to work on /home/airflow/.local/lib/python3.8/site-packages/airflow/example_dags/example_python_operator.py
[2024-05-13T15:24:24.383+0000] {processor.py:830} INFO - Processing file /home/airflow/.local/lib/python3.8/site-packages/airflow/example_dags/example_python_operator.py for tasks to queue
[2024-05-13T15:24:24.385+0000] {logging_mixin.py:188} INFO - [2024-05-13T15:24:24.385+0000] {dagbag.py:540} INFO - Filling up the DagBag from /home/airflow/.local/lib/python3.8/site-packages/airflow/example_dags/example_python_operator.py
[2024-05-13T15:24:24.394+0000] {processor.py:840} INFO - DAG(s) 'example_python_operator' retrieved from /home/airflow/.local/lib/python3.8/site-packages/airflow/example_dags/example_python_operator.py
[2024-05-13T15:24:24.415+0000] {logging_mixin.py:188} INFO - [2024-05-13T15:24:24.414+0000] {dag.py:3047} INFO - Sync 1 DAGs
[2024-05-13T15:24:24.425+0000] {logging_mixin.py:188} INFO - [2024-05-13T15:24:24.425+0000] {dag.py:3834} INFO - Setting next_dagrun for example_python_operator to None, run_after=None
[2024-05-13T15:24:24.444+0000] {processor.py:183} INFO - Processing /home/airflow/.local/lib/python3.8/site-packages/airflow/example_dags/example_python_operator.py took 0.066 seconds
[2024-05-13T15:24:54.480+0000] {processor.py:161} INFO - Started process (PID=1369) to work on /home/airflow/.local/lib/python3.8/site-packages/airflow/example_dags/example_python_operator.py
[2024-05-13T15:24:54.481+0000] {processor.py:830} INFO - Processing file /home/airflow/.local/lib/python3.8/site-packages/airflow/example_dags/example_python_operator.py for tasks to queue
[2024-05-13T15:24:54.483+0000] {logging_mixin.py:188} INFO - [2024-05-13T15:24:54.483+0000] {dagbag.py:540} INFO - Filling up the DagBag from /home/airflow/.local/lib/python3.8/site-packages/airflow/example_dags/example_python_operator.py
[2024-05-13T15:24:54.494+0000] {processor.py:840} INFO - DAG(s) 'example_python_operator' retrieved from /home/airflow/.local/lib/python3.8/site-packages/airflow/example_dags/example_python_operator.py
[2024-05-13T15:24:54.518+0000] {logging_mixin.py:188} INFO - [2024-05-13T15:24:54.517+0000] {dag.py:3047} INFO - Sync 1 DAGs
[2024-05-13T15:24:54.529+0000] {logging_mixin.py:188} INFO - [2024-05-13T15:24:54.528+0000] {dag.py:3834} INFO - Setting next_dagrun for example_python_operator to None, run_after=None
[2024-05-13T15:24:54.552+0000] {processor.py:183} INFO - Processing /home/airflow/.local/lib/python3.8/site-packages/airflow/example_dags/example_python_operator.py took 0.075 seconds
[2024-05-13T15:25:24.723+0000] {processor.py:161} INFO - Started process (PID=1438) to work on /home/airflow/.local/lib/python3.8/site-packages/airflow/example_dags/example_python_operator.py
[2024-05-13T15:25:24.724+0000] {processor.py:830} INFO - Processing file /home/airflow/.local/lib/python3.8/site-packages/airflow/example_dags/example_python_operator.py for tasks to queue
[2024-05-13T15:25:24.726+0000] {logging_mixin.py:188} INFO - [2024-05-13T15:25:24.725+0000] {dagbag.py:540} INFO - Filling up the DagBag from /home/airflow/.local/lib/python3.8/site-packages/airflow/example_dags/example_python_operator.py
[2024-05-13T15:25:24.735+0000] {processor.py:840} INFO - DAG(s) 'example_python_operator' retrieved from /home/airflow/.local/lib/python3.8/site-packages/airflow/example_dags/example_python_operator.py
[2024-05-13T15:25:24.756+0000] {logging_mixin.py:188} INFO - [2024-05-13T15:25:24.756+0000] {dag.py:3047} INFO - Sync 1 DAGs
[2024-05-13T15:25:24.766+0000] {logging_mixin.py:188} INFO - [2024-05-13T15:25:24.766+0000] {dag.py:3834} INFO - Setting next_dagrun for example_python_operator to None, run_after=None
[2024-05-13T15:25:24.786+0000] {processor.py:183} INFO - Processing /home/airflow/.local/lib/python3.8/site-packages/airflow/example_dags/example_python_operator.py took 0.066 seconds
[2024-05-13T15:25:55.374+0000] {processor.py:161} INFO - Started process (PID=1506) to work on /home/airflow/.local/lib/python3.8/site-packages/airflow/example_dags/example_python_operator.py
[2024-05-13T15:25:55.376+0000] {processor.py:830} INFO - Processing file /home/airflow/.local/lib/python3.8/site-packages/airflow/example_dags/example_python_operator.py for tasks to queue
[2024-05-13T15:25:55.378+0000] {logging_mixin.py:188} INFO - [2024-05-13T15:25:55.377+0000] {dagbag.py:540} INFO - Filling up the DagBag from /home/airflow/.local/lib/python3.8/site-packages/airflow/example_dags/example_python_operator.py
[2024-05-13T15:25:55.388+0000] {processor.py:840} INFO - DAG(s) 'example_python_operator' retrieved from /home/airflow/.local/lib/python3.8/site-packages/airflow/example_dags/example_python_operator.py
[2024-05-13T15:25:55.410+0000] {logging_mixin.py:188} INFO - [2024-05-13T15:25:55.410+0000] {dag.py:3047} INFO - Sync 1 DAGs
[2024-05-13T15:25:55.421+0000] {logging_mixin.py:188} INFO - [2024-05-13T15:25:55.421+0000] {dag.py:3834} INFO - Setting next_dagrun for example_python_operator to None, run_after=None
[2024-05-13T15:25:55.439+0000] {processor.py:183} INFO - Processing /home/airflow/.local/lib/python3.8/site-packages/airflow/example_dags/example_python_operator.py took 0.068 seconds
[2024-05-13T15:26:25.565+0000] {processor.py:161} INFO - Started process (PID=1574) to work on /home/airflow/.local/lib/python3.8/site-packages/airflow/example_dags/example_python_operator.py
[2024-05-13T15:26:25.566+0000] {processor.py:830} INFO - Processing file /home/airflow/.local/lib/python3.8/site-packages/airflow/example_dags/example_python_operator.py for tasks to queue
[2024-05-13T15:26:25.567+0000] {logging_mixin.py:188} INFO - [2024-05-13T15:26:25.567+0000] {dagbag.py:540} INFO - Filling up the DagBag from /home/airflow/.local/lib/python3.8/site-packages/airflow/example_dags/example_python_operator.py
[2024-05-13T15:26:25.576+0000] {processor.py:840} INFO - DAG(s) 'example_python_operator' retrieved from /home/airflow/.local/lib/python3.8/site-packages/airflow/example_dags/example_python_operator.py
[2024-05-13T15:26:25.596+0000] {logging_mixin.py:188} INFO - [2024-05-13T15:26:25.595+0000] {dag.py:3047} INFO - Sync 1 DAGs
[2024-05-13T15:26:25.606+0000] {logging_mixin.py:188} INFO - [2024-05-13T15:26:25.606+0000] {dag.py:3834} INFO - Setting next_dagrun for example_python_operator to None, run_after=None
[2024-05-13T15:26:25.623+0000] {processor.py:183} INFO - Processing /home/airflow/.local/lib/python3.8/site-packages/airflow/example_dags/example_python_operator.py took 0.061 seconds
[2024-05-13T15:26:56.047+0000] {processor.py:161} INFO - Started process (PID=1642) to work on /home/airflow/.local/lib/python3.8/site-packages/airflow/example_dags/example_python_operator.py
[2024-05-13T15:26:56.048+0000] {processor.py:830} INFO - Processing file /home/airflow/.local/lib/python3.8/site-packages/airflow/example_dags/example_python_operator.py for tasks to queue
[2024-05-13T15:26:56.050+0000] {logging_mixin.py:188} INFO - [2024-05-13T15:26:56.050+0000] {dagbag.py:540} INFO - Filling up the DagBag from /home/airflow/.local/lib/python3.8/site-packages/airflow/example_dags/example_python_operator.py
[2024-05-13T15:26:56.059+0000] {processor.py:840} INFO - DAG(s) 'example_python_operator' retrieved from /home/airflow/.local/lib/python3.8/site-packages/airflow/example_dags/example_python_operator.py
[2024-05-13T15:26:56.080+0000] {logging_mixin.py:188} INFO - [2024-05-13T15:26:56.080+0000] {dag.py:3047} INFO - Sync 1 DAGs
[2024-05-13T15:26:56.091+0000] {logging_mixin.py:188} INFO - [2024-05-13T15:26:56.091+0000] {dag.py:3834} INFO - Setting next_dagrun for example_python_operator to None, run_after=None
[2024-05-13T15:26:56.114+0000] {processor.py:183} INFO - Processing /home/airflow/.local/lib/python3.8/site-packages/airflow/example_dags/example_python_operator.py took 0.069 seconds
[2024-05-13T15:27:26.244+0000] {processor.py:161} INFO - Started process (PID=1710) to work on /home/airflow/.local/lib/python3.8/site-packages/airflow/example_dags/example_python_operator.py
[2024-05-13T15:27:26.246+0000] {processor.py:830} INFO - Processing file /home/airflow/.local/lib/python3.8/site-packages/airflow/example_dags/example_python_operator.py for tasks to queue
[2024-05-13T15:27:26.250+0000] {logging_mixin.py:188} INFO - [2024-05-13T15:27:26.249+0000] {dagbag.py:540} INFO - Filling up the DagBag from /home/airflow/.local/lib/python3.8/site-packages/airflow/example_dags/example_python_operator.py
[2024-05-13T15:27:26.263+0000] {processor.py:840} INFO - DAG(s) 'example_python_operator' retrieved from /home/airflow/.local/lib/python3.8/site-packages/airflow/example_dags/example_python_operator.py
[2024-05-13T15:27:26.295+0000] {logging_mixin.py:188} INFO - [2024-05-13T15:27:26.294+0000] {dag.py:3047} INFO - Sync 1 DAGs
[2024-05-13T15:27:26.311+0000] {logging_mixin.py:188} INFO - [2024-05-13T15:27:26.311+0000] {dag.py:3834} INFO - Setting next_dagrun for example_python_operator to None, run_after=None
[2024-05-13T15:27:26.342+0000] {processor.py:183} INFO - Processing /home/airflow/.local/lib/python3.8/site-packages/airflow/example_dags/example_python_operator.py took 0.101 seconds
[2024-05-13T15:27:56.680+0000] {processor.py:161} INFO - Started process (PID=1778) to work on /home/airflow/.local/lib/python3.8/site-packages/airflow/example_dags/example_python_operator.py
[2024-05-13T15:27:56.681+0000] {processor.py:830} INFO - Processing file /home/airflow/.local/lib/python3.8/site-packages/airflow/example_dags/example_python_operator.py for tasks to queue
[2024-05-13T15:27:56.683+0000] {logging_mixin.py:188} INFO - [2024-05-13T15:27:56.683+0000] {dagbag.py:540} INFO - Filling up the DagBag from /home/airflow/.local/lib/python3.8/site-packages/airflow/example_dags/example_python_operator.py
[2024-05-13T15:27:56.693+0000] {processor.py:840} INFO - DAG(s) 'example_python_operator' retrieved from /home/airflow/.local/lib/python3.8/site-packages/airflow/example_dags/example_python_operator.py
[2024-05-13T15:27:56.713+0000] {logging_mixin.py:188} INFO - [2024-05-13T15:27:56.713+0000] {dag.py:3047} INFO - Sync 1 DAGs
[2024-05-13T15:27:56.724+0000] {logging_mixin.py:188} INFO - [2024-05-13T15:27:56.724+0000] {dag.py:3834} INFO - Setting next_dagrun for example_python_operator to None, run_after=None
[2024-05-13T15:27:56.744+0000] {processor.py:183} INFO - Processing /home/airflow/.local/lib/python3.8/site-packages/airflow/example_dags/example_python_operator.py took 0.066 seconds
[2024-05-13T15:28:26.872+0000] {processor.py:161} INFO - Started process (PID=1846) to work on /home/airflow/.local/lib/python3.8/site-packages/airflow/example_dags/example_python_operator.py
[2024-05-13T15:28:26.873+0000] {processor.py:830} INFO - Processing file /home/airflow/.local/lib/python3.8/site-packages/airflow/example_dags/example_python_operator.py for tasks to queue
[2024-05-13T15:28:26.875+0000] {logging_mixin.py:188} INFO - [2024-05-13T15:28:26.875+0000] {dagbag.py:540} INFO - Filling up the DagBag from /home/airflow/.local/lib/python3.8/site-packages/airflow/example_dags/example_python_operator.py
[2024-05-13T15:28:26.884+0000] {processor.py:840} INFO - DAG(s) 'example_python_operator' retrieved from /home/airflow/.local/lib/python3.8/site-packages/airflow/example_dags/example_python_operator.py
[2024-05-13T15:28:26.903+0000] {logging_mixin.py:188} INFO - [2024-05-13T15:28:26.903+0000] {dag.py:3047} INFO - Sync 1 DAGs
[2024-05-13T15:28:26.914+0000] {logging_mixin.py:188} INFO - [2024-05-13T15:28:26.914+0000] {dag.py:3834} INFO - Setting next_dagrun for example_python_operator to None, run_after=None
[2024-05-13T15:28:26.932+0000] {processor.py:183} INFO - Processing /home/airflow/.local/lib/python3.8/site-packages/airflow/example_dags/example_python_operator.py took 0.063 seconds
[2024-05-13T15:28:57.139+0000] {processor.py:161} INFO - Started process (PID=1914) to work on /home/airflow/.local/lib/python3.8/site-packages/airflow/example_dags/example_python_operator.py
[2024-05-13T15:28:57.139+0000] {processor.py:830} INFO - Processing file /home/airflow/.local/lib/python3.8/site-packages/airflow/example_dags/example_python_operator.py for tasks to queue
[2024-05-13T15:28:57.141+0000] {logging_mixin.py:188} INFO - [2024-05-13T15:28:57.141+0000] {dagbag.py:540} INFO - Filling up the DagBag from /home/airflow/.local/lib/python3.8/site-packages/airflow/example_dags/example_python_operator.py
[2024-05-13T15:28:57.150+0000] {processor.py:840} INFO - DAG(s) 'example_python_operator' retrieved from /home/airflow/.local/lib/python3.8/site-packages/airflow/example_dags/example_python_operator.py
[2024-05-13T15:28:57.170+0000] {logging_mixin.py:188} INFO - [2024-05-13T15:28:57.170+0000] {dag.py:3047} INFO - Sync 1 DAGs
[2024-05-13T15:28:57.181+0000] {logging_mixin.py:188} INFO - [2024-05-13T15:28:57.181+0000] {dag.py:3834} INFO - Setting next_dagrun for example_python_operator to None, run_after=None
[2024-05-13T15:28:57.201+0000] {processor.py:183} INFO - Processing /home/airflow/.local/lib/python3.8/site-packages/airflow/example_dags/example_python_operator.py took 0.066 seconds
[2024-05-13T15:29:27.601+0000] {processor.py:161} INFO - Started process (PID=1982) to work on /home/airflow/.local/lib/python3.8/site-packages/airflow/example_dags/example_python_operator.py
[2024-05-13T15:29:27.602+0000] {processor.py:830} INFO - Processing file /home/airflow/.local/lib/python3.8/site-packages/airflow/example_dags/example_python_operator.py for tasks to queue
[2024-05-13T15:29:27.604+0000] {logging_mixin.py:188} INFO - [2024-05-13T15:29:27.603+0000] {dagbag.py:540} INFO - Filling up the DagBag from /home/airflow/.local/lib/python3.8/site-packages/airflow/example_dags/example_python_operator.py
[2024-05-13T15:29:27.616+0000] {processor.py:840} INFO - DAG(s) 'example_python_operator' retrieved from /home/airflow/.local/lib/python3.8/site-packages/airflow/example_dags/example_python_operator.py
[2024-05-13T15:29:27.638+0000] {logging_mixin.py:188} INFO - [2024-05-13T15:29:27.638+0000] {dag.py:3047} INFO - Sync 1 DAGs
[2024-05-13T15:29:27.653+0000] {logging_mixin.py:188} INFO - [2024-05-13T15:29:27.652+0000] {dag.py:3834} INFO - Setting next_dagrun for example_python_operator to None, run_after=None
[2024-05-13T15:29:27.679+0000] {processor.py:183} INFO - Processing /home/airflow/.local/lib/python3.8/site-packages/airflow/example_dags/example_python_operator.py took 0.081 seconds
[2024-05-13T15:29:58.451+0000] {processor.py:161} INFO - Started process (PID=2050) to work on /home/airflow/.local/lib/python3.8/site-packages/airflow/example_dags/example_python_operator.py
[2024-05-13T15:29:58.453+0000] {processor.py:830} INFO - Processing file /home/airflow/.local/lib/python3.8/site-packages/airflow/example_dags/example_python_operator.py for tasks to queue
[2024-05-13T15:29:58.455+0000] {logging_mixin.py:188} INFO - [2024-05-13T15:29:58.455+0000] {dagbag.py:540} INFO - Filling up the DagBag from /home/airflow/.local/lib/python3.8/site-packages/airflow/example_dags/example_python_operator.py
[2024-05-13T15:29:58.469+0000] {processor.py:840} INFO - DAG(s) 'example_python_operator' retrieved from /home/airflow/.local/lib/python3.8/site-packages/airflow/example_dags/example_python_operator.py
[2024-05-13T15:29:58.495+0000] {logging_mixin.py:188} INFO - [2024-05-13T15:29:58.495+0000] {dag.py:3047} INFO - Sync 1 DAGs
[2024-05-13T15:29:58.510+0000] {logging_mixin.py:188} INFO - [2024-05-13T15:29:58.510+0000] {dag.py:3834} INFO - Setting next_dagrun for example_python_operator to None, run_after=None
[2024-05-13T15:29:58.534+0000] {processor.py:183} INFO - Processing /home/airflow/.local/lib/python3.8/site-packages/airflow/example_dags/example_python_operator.py took 0.086 seconds
[2024-05-13T15:30:28.631+0000] {processor.py:161} INFO - Started process (PID=2118) to work on /home/airflow/.local/lib/python3.8/site-packages/airflow/example_dags/example_python_operator.py
[2024-05-13T15:30:28.632+0000] {processor.py:830} INFO - Processing file /home/airflow/.local/lib/python3.8/site-packages/airflow/example_dags/example_python_operator.py for tasks to queue
[2024-05-13T15:30:28.633+0000] {logging_mixin.py:188} INFO - [2024-05-13T15:30:28.633+0000] {dagbag.py:540} INFO - Filling up the DagBag from /home/airflow/.local/lib/python3.8/site-packages/airflow/example_dags/example_python_operator.py
[2024-05-13T15:30:28.642+0000] {processor.py:840} INFO - DAG(s) 'example_python_operator' retrieved from /home/airflow/.local/lib/python3.8/site-packages/airflow/example_dags/example_python_operator.py
[2024-05-13T15:30:28.662+0000] {logging_mixin.py:188} INFO - [2024-05-13T15:30:28.661+0000] {dag.py:3047} INFO - Sync 1 DAGs
[2024-05-13T15:30:28.673+0000] {logging_mixin.py:188} INFO - [2024-05-13T15:30:28.673+0000] {dag.py:3834} INFO - Setting next_dagrun for example_python_operator to None, run_after=None
[2024-05-13T15:30:28.692+0000] {processor.py:183} INFO - Processing /home/airflow/.local/lib/python3.8/site-packages/airflow/example_dags/example_python_operator.py took 0.064 seconds
[2024-05-13T15:30:58.743+0000] {processor.py:161} INFO - Started process (PID=2186) to work on /home/airflow/.local/lib/python3.8/site-packages/airflow/example_dags/example_python_operator.py
[2024-05-13T15:30:58.744+0000] {processor.py:830} INFO - Processing file /home/airflow/.local/lib/python3.8/site-packages/airflow/example_dags/example_python_operator.py for tasks to queue
[2024-05-13T15:30:58.746+0000] {logging_mixin.py:188} INFO - [2024-05-13T15:30:58.745+0000] {dagbag.py:540} INFO - Filling up the DagBag from /home/airflow/.local/lib/python3.8/site-packages/airflow/example_dags/example_python_operator.py
[2024-05-13T15:30:58.755+0000] {processor.py:840} INFO - DAG(s) 'example_python_operator' retrieved from /home/airflow/.local/lib/python3.8/site-packages/airflow/example_dags/example_python_operator.py
[2024-05-13T15:30:58.775+0000] {logging_mixin.py:188} INFO - [2024-05-13T15:30:58.775+0000] {dag.py:3047} INFO - Sync 1 DAGs
[2024-05-13T15:30:58.786+0000] {logging_mixin.py:188} INFO - [2024-05-13T15:30:58.786+0000] {dag.py:3834} INFO - Setting next_dagrun for example_python_operator to None, run_after=None
[2024-05-13T15:30:58.805+0000] {processor.py:183} INFO - Processing /home/airflow/.local/lib/python3.8/site-packages/airflow/example_dags/example_python_operator.py took 0.065 seconds
[2024-05-13T15:31:29.054+0000] {processor.py:161} INFO - Started process (PID=2254) to work on /home/airflow/.local/lib/python3.8/site-packages/airflow/example_dags/example_python_operator.py
[2024-05-13T15:31:29.055+0000] {processor.py:830} INFO - Processing file /home/airflow/.local/lib/python3.8/site-packages/airflow/example_dags/example_python_operator.py for tasks to queue
[2024-05-13T15:31:29.056+0000] {logging_mixin.py:188} INFO - [2024-05-13T15:31:29.056+0000] {dagbag.py:540} INFO - Filling up the DagBag from /home/airflow/.local/lib/python3.8/site-packages/airflow/example_dags/example_python_operator.py
[2024-05-13T15:31:29.066+0000] {processor.py:840} INFO - DAG(s) 'example_python_operator' retrieved from /home/airflow/.local/lib/python3.8/site-packages/airflow/example_dags/example_python_operator.py
[2024-05-13T15:31:29.088+0000] {logging_mixin.py:188} INFO - [2024-05-13T15:31:29.087+0000] {dag.py:3047} INFO - Sync 1 DAGs
[2024-05-13T15:31:29.099+0000] {logging_mixin.py:188} INFO - [2024-05-13T15:31:29.099+0000] {dag.py:3834} INFO - Setting next_dagrun for example_python_operator to None, run_after=None
[2024-05-13T15:31:29.119+0000] {processor.py:183} INFO - Processing /home/airflow/.local/lib/python3.8/site-packages/airflow/example_dags/example_python_operator.py took 0.069 seconds
[2024-05-13T15:31:59.462+0000] {processor.py:161} INFO - Started process (PID=2322) to work on /home/airflow/.local/lib/python3.8/site-packages/airflow/example_dags/example_python_operator.py
[2024-05-13T15:31:59.463+0000] {processor.py:830} INFO - Processing file /home/airflow/.local/lib/python3.8/site-packages/airflow/example_dags/example_python_operator.py for tasks to queue
[2024-05-13T15:31:59.465+0000] {logging_mixin.py:188} INFO - [2024-05-13T15:31:59.465+0000] {dagbag.py:540} INFO - Filling up the DagBag from /home/airflow/.local/lib/python3.8/site-packages/airflow/example_dags/example_python_operator.py
[2024-05-13T15:31:59.475+0000] {processor.py:840} INFO - DAG(s) 'example_python_operator' retrieved from /home/airflow/.local/lib/python3.8/site-packages/airflow/example_dags/example_python_operator.py
[2024-05-13T15:31:59.495+0000] {logging_mixin.py:188} INFO - [2024-05-13T15:31:59.495+0000] {dag.py:3047} INFO - Sync 1 DAGs
[2024-05-13T15:31:59.508+0000] {logging_mixin.py:188} INFO - [2024-05-13T15:31:59.507+0000] {dag.py:3834} INFO - Setting next_dagrun for example_python_operator to None, run_after=None
[2024-05-13T15:31:59.527+0000] {processor.py:183} INFO - Processing /home/airflow/.local/lib/python3.8/site-packages/airflow/example_dags/example_python_operator.py took 0.068 seconds
[2024-05-13T15:32:29.961+0000] {processor.py:161} INFO - Started process (PID=2390) to work on /home/airflow/.local/lib/python3.8/site-packages/airflow/example_dags/example_python_operator.py
[2024-05-13T15:32:29.962+0000] {processor.py:830} INFO - Processing file /home/airflow/.local/lib/python3.8/site-packages/airflow/example_dags/example_python_operator.py for tasks to queue
[2024-05-13T15:32:29.965+0000] {logging_mixin.py:188} INFO - [2024-05-13T15:32:29.965+0000] {dagbag.py:540} INFO - Filling up the DagBag from /home/airflow/.local/lib/python3.8/site-packages/airflow/example_dags/example_python_operator.py
[2024-05-13T15:32:29.976+0000] {processor.py:840} INFO - DAG(s) 'example_python_operator' retrieved from /home/airflow/.local/lib/python3.8/site-packages/airflow/example_dags/example_python_operator.py
[2024-05-13T15:32:30.000+0000] {logging_mixin.py:188} INFO - [2024-05-13T15:32:30.000+0000] {dag.py:3047} INFO - Sync 1 DAGs
[2024-05-13T15:32:30.016+0000] {logging_mixin.py:188} INFO - [2024-05-13T15:32:30.015+0000] {dag.py:3834} INFO - Setting next_dagrun for example_python_operator to None, run_after=None
[2024-05-13T15:32:30.042+0000] {processor.py:183} INFO - Processing /home/airflow/.local/lib/python3.8/site-packages/airflow/example_dags/example_python_operator.py took 0.086 seconds
[2024-05-13T15:33:00.175+0000] {processor.py:161} INFO - Started process (PID=2457) to work on /home/airflow/.local/lib/python3.8/site-packages/airflow/example_dags/example_python_operator.py
[2024-05-13T15:33:00.177+0000] {processor.py:830} INFO - Processing file /home/airflow/.local/lib/python3.8/site-packages/airflow/example_dags/example_python_operator.py for tasks to queue
[2024-05-13T15:33:00.180+0000] {logging_mixin.py:188} INFO - [2024-05-13T15:33:00.179+0000] {dagbag.py:540} INFO - Filling up the DagBag from /home/airflow/.local/lib/python3.8/site-packages/airflow/example_dags/example_python_operator.py
[2024-05-13T15:33:00.190+0000] {processor.py:840} INFO - DAG(s) 'example_python_operator' retrieved from /home/airflow/.local/lib/python3.8/site-packages/airflow/example_dags/example_python_operator.py
[2024-05-13T15:33:00.214+0000] {logging_mixin.py:188} INFO - [2024-05-13T15:33:00.214+0000] {dag.py:3047} INFO - Sync 1 DAGs
[2024-05-13T15:33:00.226+0000] {logging_mixin.py:188} INFO - [2024-05-13T15:33:00.226+0000] {dag.py:3834} INFO - Setting next_dagrun for example_python_operator to None, run_after=None
[2024-05-13T15:33:00.251+0000] {processor.py:183} INFO - Processing /home/airflow/.local/lib/python3.8/site-packages/airflow/example_dags/example_python_operator.py took 0.081 seconds
[2024-05-13T15:33:30.358+0000] {processor.py:161} INFO - Started process (PID=2513) to work on /home/airflow/.local/lib/python3.8/site-packages/airflow/example_dags/example_python_operator.py
[2024-05-13T15:33:30.359+0000] {processor.py:830} INFO - Processing file /home/airflow/.local/lib/python3.8/site-packages/airflow/example_dags/example_python_operator.py for tasks to queue
[2024-05-13T15:33:30.362+0000] {logging_mixin.py:188} INFO - [2024-05-13T15:33:30.361+0000] {dagbag.py:540} INFO - Filling up the DagBag from /home/airflow/.local/lib/python3.8/site-packages/airflow/example_dags/example_python_operator.py
[2024-05-13T15:33:30.372+0000] {processor.py:840} INFO - DAG(s) 'example_python_operator' retrieved from /home/airflow/.local/lib/python3.8/site-packages/airflow/example_dags/example_python_operator.py
[2024-05-13T15:33:30.396+0000] {logging_mixin.py:188} INFO - [2024-05-13T15:33:30.396+0000] {dag.py:3047} INFO - Sync 1 DAGs
[2024-05-13T15:33:30.410+0000] {logging_mixin.py:188} INFO - [2024-05-13T15:33:30.409+0000] {dag.py:3834} INFO - Setting next_dagrun for example_python_operator to None, run_after=None
[2024-05-13T15:33:30.431+0000] {processor.py:183} INFO - Processing /home/airflow/.local/lib/python3.8/site-packages/airflow/example_dags/example_python_operator.py took 0.076 seconds
[2024-05-13T15:34:00.514+0000] {processor.py:161} INFO - Started process (PID=2581) to work on /home/airflow/.local/lib/python3.8/site-packages/airflow/example_dags/example_python_operator.py
[2024-05-13T15:34:00.516+0000] {processor.py:830} INFO - Processing file /home/airflow/.local/lib/python3.8/site-packages/airflow/example_dags/example_python_operator.py for tasks to queue
[2024-05-13T15:34:00.519+0000] {logging_mixin.py:188} INFO - [2024-05-13T15:34:00.519+0000] {dagbag.py:540} INFO - Filling up the DagBag from /home/airflow/.local/lib/python3.8/site-packages/airflow/example_dags/example_python_operator.py
[2024-05-13T15:34:00.531+0000] {processor.py:840} INFO - DAG(s) 'example_python_operator' retrieved from /home/airflow/.local/lib/python3.8/site-packages/airflow/example_dags/example_python_operator.py
[2024-05-13T15:34:00.561+0000] {logging_mixin.py:188} INFO - [2024-05-13T15:34:00.560+0000] {dag.py:3047} INFO - Sync 1 DAGs
[2024-05-13T15:34:00.575+0000] {logging_mixin.py:188} INFO - [2024-05-13T15:34:00.574+0000] {dag.py:3834} INFO - Setting next_dagrun for example_python_operator to None, run_after=None
[2024-05-13T15:34:00.607+0000] {processor.py:183} INFO - Processing /home/airflow/.local/lib/python3.8/site-packages/airflow/example_dags/example_python_operator.py took 0.097 seconds
[2024-05-13T15:34:30.711+0000] {processor.py:161} INFO - Started process (PID=2650) to work on /home/airflow/.local/lib/python3.8/site-packages/airflow/example_dags/example_python_operator.py
[2024-05-13T15:34:30.712+0000] {processor.py:830} INFO - Processing file /home/airflow/.local/lib/python3.8/site-packages/airflow/example_dags/example_python_operator.py for tasks to queue
[2024-05-13T15:34:30.715+0000] {logging_mixin.py:188} INFO - [2024-05-13T15:34:30.715+0000] {dagbag.py:540} INFO - Filling up the DagBag from /home/airflow/.local/lib/python3.8/site-packages/airflow/example_dags/example_python_operator.py
[2024-05-13T15:34:30.725+0000] {processor.py:840} INFO - DAG(s) 'example_python_operator' retrieved from /home/airflow/.local/lib/python3.8/site-packages/airflow/example_dags/example_python_operator.py
[2024-05-13T15:34:30.745+0000] {logging_mixin.py:188} INFO - [2024-05-13T15:34:30.745+0000] {dag.py:3047} INFO - Sync 1 DAGs
[2024-05-13T15:34:30.760+0000] {logging_mixin.py:188} INFO - [2024-05-13T15:34:30.759+0000] {dag.py:3834} INFO - Setting next_dagrun for example_python_operator to None, run_after=None
[2024-05-13T15:34:30.779+0000] {processor.py:183} INFO - Processing /home/airflow/.local/lib/python3.8/site-packages/airflow/example_dags/example_python_operator.py took 0.071 seconds
[2024-05-13T15:35:01.005+0000] {processor.py:161} INFO - Started process (PID=2718) to work on /home/airflow/.local/lib/python3.8/site-packages/airflow/example_dags/example_python_operator.py
[2024-05-13T15:35:01.006+0000] {processor.py:830} INFO - Processing file /home/airflow/.local/lib/python3.8/site-packages/airflow/example_dags/example_python_operator.py for tasks to queue
[2024-05-13T15:35:01.008+0000] {logging_mixin.py:188} INFO - [2024-05-13T15:35:01.008+0000] {dagbag.py:540} INFO - Filling up the DagBag from /home/airflow/.local/lib/python3.8/site-packages/airflow/example_dags/example_python_operator.py
[2024-05-13T15:35:01.017+0000] {processor.py:840} INFO - DAG(s) 'example_python_operator' retrieved from /home/airflow/.local/lib/python3.8/site-packages/airflow/example_dags/example_python_operator.py
[2024-05-13T15:35:01.036+0000] {logging_mixin.py:188} INFO - [2024-05-13T15:35:01.036+0000] {dag.py:3047} INFO - Sync 1 DAGs
[2024-05-13T15:35:01.048+0000] {logging_mixin.py:188} INFO - [2024-05-13T15:35:01.047+0000] {dag.py:3834} INFO - Setting next_dagrun for example_python_operator to None, run_after=None
[2024-05-13T15:35:01.066+0000] {processor.py:183} INFO - Processing /home/airflow/.local/lib/python3.8/site-packages/airflow/example_dags/example_python_operator.py took 0.064 seconds
[2024-05-13T15:35:31.464+0000] {processor.py:161} INFO - Started process (PID=2786) to work on /home/airflow/.local/lib/python3.8/site-packages/airflow/example_dags/example_python_operator.py
[2024-05-13T15:35:31.465+0000] {processor.py:830} INFO - Processing file /home/airflow/.local/lib/python3.8/site-packages/airflow/example_dags/example_python_operator.py for tasks to queue
[2024-05-13T15:35:31.466+0000] {logging_mixin.py:188} INFO - [2024-05-13T15:35:31.466+0000] {dagbag.py:540} INFO - Filling up the DagBag from /home/airflow/.local/lib/python3.8/site-packages/airflow/example_dags/example_python_operator.py
[2024-05-13T15:35:31.475+0000] {processor.py:840} INFO - DAG(s) 'example_python_operator' retrieved from /home/airflow/.local/lib/python3.8/site-packages/airflow/example_dags/example_python_operator.py
[2024-05-13T15:35:31.494+0000] {logging_mixin.py:188} INFO - [2024-05-13T15:35:31.494+0000] {dag.py:3047} INFO - Sync 1 DAGs
[2024-05-13T15:35:31.505+0000] {logging_mixin.py:188} INFO - [2024-05-13T15:35:31.504+0000] {dag.py:3834} INFO - Setting next_dagrun for example_python_operator to None, run_after=None
[2024-05-13T15:35:31.523+0000] {processor.py:183} INFO - Processing /home/airflow/.local/lib/python3.8/site-packages/airflow/example_dags/example_python_operator.py took 0.063 seconds
[2024-05-13T15:36:01.990+0000] {processor.py:161} INFO - Started process (PID=2854) to work on /home/airflow/.local/lib/python3.8/site-packages/airflow/example_dags/example_python_operator.py
[2024-05-13T15:36:01.991+0000] {processor.py:830} INFO - Processing file /home/airflow/.local/lib/python3.8/site-packages/airflow/example_dags/example_python_operator.py for tasks to queue
[2024-05-13T15:36:01.993+0000] {logging_mixin.py:188} INFO - [2024-05-13T15:36:01.993+0000] {dagbag.py:540} INFO - Filling up the DagBag from /home/airflow/.local/lib/python3.8/site-packages/airflow/example_dags/example_python_operator.py
[2024-05-13T15:36:02.005+0000] {processor.py:840} INFO - DAG(s) 'example_python_operator' retrieved from /home/airflow/.local/lib/python3.8/site-packages/airflow/example_dags/example_python_operator.py
[2024-05-13T15:36:02.029+0000] {logging_mixin.py:188} INFO - [2024-05-13T15:36:02.029+0000] {dag.py:3047} INFO - Sync 1 DAGs
[2024-05-13T15:36:02.042+0000] {logging_mixin.py:188} INFO - [2024-05-13T15:36:02.041+0000] {dag.py:3834} INFO - Setting next_dagrun for example_python_operator to None, run_after=None
[2024-05-13T15:36:02.065+0000] {processor.py:183} INFO - Processing /home/airflow/.local/lib/python3.8/site-packages/airflow/example_dags/example_python_operator.py took 0.079 seconds
[2024-05-13T15:36:32.414+0000] {processor.py:161} INFO - Started process (PID=2922) to work on /home/airflow/.local/lib/python3.8/site-packages/airflow/example_dags/example_python_operator.py
[2024-05-13T15:36:32.415+0000] {processor.py:830} INFO - Processing file /home/airflow/.local/lib/python3.8/site-packages/airflow/example_dags/example_python_operator.py for tasks to queue
[2024-05-13T15:36:32.418+0000] {logging_mixin.py:188} INFO - [2024-05-13T15:36:32.418+0000] {dagbag.py:540} INFO - Filling up the DagBag from /home/airflow/.local/lib/python3.8/site-packages/airflow/example_dags/example_python_operator.py
[2024-05-13T15:36:32.427+0000] {processor.py:840} INFO - DAG(s) 'example_python_operator' retrieved from /home/airflow/.local/lib/python3.8/site-packages/airflow/example_dags/example_python_operator.py
[2024-05-13T15:36:32.447+0000] {logging_mixin.py:188} INFO - [2024-05-13T15:36:32.447+0000] {dag.py:3047} INFO - Sync 1 DAGs
[2024-05-13T15:36:32.459+0000] {logging_mixin.py:188} INFO - [2024-05-13T15:36:32.458+0000] {dag.py:3834} INFO - Setting next_dagrun for example_python_operator to None, run_after=None
[2024-05-13T15:36:32.476+0000] {processor.py:183} INFO - Processing /home/airflow/.local/lib/python3.8/site-packages/airflow/example_dags/example_python_operator.py took 0.065 seconds
[2024-05-13T15:37:03.235+0000] {processor.py:161} INFO - Started process (PID=2988) to work on /home/airflow/.local/lib/python3.8/site-packages/airflow/example_dags/example_python_operator.py
[2024-05-13T15:37:03.236+0000] {processor.py:830} INFO - Processing file /home/airflow/.local/lib/python3.8/site-packages/airflow/example_dags/example_python_operator.py for tasks to queue
[2024-05-13T15:37:03.237+0000] {logging_mixin.py:188} INFO - [2024-05-13T15:37:03.237+0000] {dagbag.py:540} INFO - Filling up the DagBag from /home/airflow/.local/lib/python3.8/site-packages/airflow/example_dags/example_python_operator.py
[2024-05-13T15:37:03.247+0000] {processor.py:840} INFO - DAG(s) 'example_python_operator' retrieved from /home/airflow/.local/lib/python3.8/site-packages/airflow/example_dags/example_python_operator.py
[2024-05-13T15:37:03.267+0000] {logging_mixin.py:188} INFO - [2024-05-13T15:37:03.267+0000] {dag.py:3047} INFO - Sync 1 DAGs
[2024-05-13T15:37:03.278+0000] {logging_mixin.py:188} INFO - [2024-05-13T15:37:03.278+0000] {dag.py:3834} INFO - Setting next_dagrun for example_python_operator to None, run_after=None
[2024-05-13T15:37:03.297+0000] {processor.py:183} INFO - Processing /home/airflow/.local/lib/python3.8/site-packages/airflow/example_dags/example_python_operator.py took 0.065 seconds
[2024-05-13T15:37:33.548+0000] {processor.py:161} INFO - Started process (PID=3056) to work on /home/airflow/.local/lib/python3.8/site-packages/airflow/example_dags/example_python_operator.py
[2024-05-13T15:37:33.549+0000] {processor.py:830} INFO - Processing file /home/airflow/.local/lib/python3.8/site-packages/airflow/example_dags/example_python_operator.py for tasks to queue
[2024-05-13T15:37:33.551+0000] {logging_mixin.py:188} INFO - [2024-05-13T15:37:33.551+0000] {dagbag.py:540} INFO - Filling up the DagBag from /home/airflow/.local/lib/python3.8/site-packages/airflow/example_dags/example_python_operator.py
[2024-05-13T15:37:33.562+0000] {processor.py:840} INFO - DAG(s) 'example_python_operator' retrieved from /home/airflow/.local/lib/python3.8/site-packages/airflow/example_dags/example_python_operator.py
[2024-05-13T15:37:33.585+0000] {logging_mixin.py:188} INFO - [2024-05-13T15:37:33.585+0000] {dag.py:3047} INFO - Sync 1 DAGs
[2024-05-13T15:37:33.598+0000] {logging_mixin.py:188} INFO - [2024-05-13T15:37:33.598+0000] {dag.py:3834} INFO - Setting next_dagrun for example_python_operator to None, run_after=None
[2024-05-13T15:37:33.617+0000] {processor.py:183} INFO - Processing /home/airflow/.local/lib/python3.8/site-packages/airflow/example_dags/example_python_operator.py took 0.072 seconds
[2024-05-13T15:38:04.477+0000] {processor.py:161} INFO - Started process (PID=3124) to work on /home/airflow/.local/lib/python3.8/site-packages/airflow/example_dags/example_python_operator.py
[2024-05-13T15:38:04.479+0000] {processor.py:830} INFO - Processing file /home/airflow/.local/lib/python3.8/site-packages/airflow/example_dags/example_python_operator.py for tasks to queue
[2024-05-13T15:38:04.481+0000] {logging_mixin.py:188} INFO - [2024-05-13T15:38:04.481+0000] {dagbag.py:540} INFO - Filling up the DagBag from /home/airflow/.local/lib/python3.8/site-packages/airflow/example_dags/example_python_operator.py
[2024-05-13T15:38:04.492+0000] {processor.py:840} INFO - DAG(s) 'example_python_operator' retrieved from /home/airflow/.local/lib/python3.8/site-packages/airflow/example_dags/example_python_operator.py
[2024-05-13T15:38:04.518+0000] {logging_mixin.py:188} INFO - [2024-05-13T15:38:04.518+0000] {dag.py:3047} INFO - Sync 1 DAGs
[2024-05-13T15:38:04.530+0000] {logging_mixin.py:188} INFO - [2024-05-13T15:38:04.530+0000] {dag.py:3834} INFO - Setting next_dagrun for example_python_operator to None, run_after=None
[2024-05-13T15:38:04.555+0000] {processor.py:183} INFO - Processing /home/airflow/.local/lib/python3.8/site-packages/airflow/example_dags/example_python_operator.py took 0.085 seconds
[2024-05-13T15:38:34.711+0000] {processor.py:161} INFO - Started process (PID=3192) to work on /home/airflow/.local/lib/python3.8/site-packages/airflow/example_dags/example_python_operator.py
[2024-05-13T15:38:34.712+0000] {processor.py:830} INFO - Processing file /home/airflow/.local/lib/python3.8/site-packages/airflow/example_dags/example_python_operator.py for tasks to queue
[2024-05-13T15:38:34.714+0000] {logging_mixin.py:188} INFO - [2024-05-13T15:38:34.714+0000] {dagbag.py:540} INFO - Filling up the DagBag from /home/airflow/.local/lib/python3.8/site-packages/airflow/example_dags/example_python_operator.py
[2024-05-13T15:38:34.724+0000] {processor.py:840} INFO - DAG(s) 'example_python_operator' retrieved from /home/airflow/.local/lib/python3.8/site-packages/airflow/example_dags/example_python_operator.py
[2024-05-13T15:38:34.746+0000] {logging_mixin.py:188} INFO - [2024-05-13T15:38:34.745+0000] {dag.py:3047} INFO - Sync 1 DAGs
[2024-05-13T15:38:34.757+0000] {logging_mixin.py:188} INFO - [2024-05-13T15:38:34.757+0000] {dag.py:3834} INFO - Setting next_dagrun for example_python_operator to None, run_after=None
[2024-05-13T15:38:34.787+0000] {processor.py:183} INFO - Processing /home/airflow/.local/lib/python3.8/site-packages/airflow/example_dags/example_python_operator.py took 0.080 seconds
[2024-05-13T15:39:05.249+0000] {processor.py:161} INFO - Started process (PID=3260) to work on /home/airflow/.local/lib/python3.8/site-packages/airflow/example_dags/example_python_operator.py
[2024-05-13T15:39:05.250+0000] {processor.py:830} INFO - Processing file /home/airflow/.local/lib/python3.8/site-packages/airflow/example_dags/example_python_operator.py for tasks to queue
[2024-05-13T15:39:05.253+0000] {logging_mixin.py:188} INFO - [2024-05-13T15:39:05.253+0000] {dagbag.py:540} INFO - Filling up the DagBag from /home/airflow/.local/lib/python3.8/site-packages/airflow/example_dags/example_python_operator.py
[2024-05-13T15:39:05.266+0000] {processor.py:840} INFO - DAG(s) 'example_python_operator' retrieved from /home/airflow/.local/lib/python3.8/site-packages/airflow/example_dags/example_python_operator.py
[2024-05-13T15:39:05.289+0000] {logging_mixin.py:188} INFO - [2024-05-13T15:39:05.289+0000] {dag.py:3047} INFO - Sync 1 DAGs
[2024-05-13T15:39:05.306+0000] {logging_mixin.py:188} INFO - [2024-05-13T15:39:05.305+0000] {dag.py:3834} INFO - Setting next_dagrun for example_python_operator to None, run_after=None
[2024-05-13T15:39:05.333+0000] {processor.py:183} INFO - Processing /home/airflow/.local/lib/python3.8/site-packages/airflow/example_dags/example_python_operator.py took 0.087 seconds
[2024-05-13T15:39:35.822+0000] {processor.py:161} INFO - Started process (PID=3328) to work on /home/airflow/.local/lib/python3.8/site-packages/airflow/example_dags/example_python_operator.py
[2024-05-13T15:39:35.823+0000] {processor.py:830} INFO - Processing file /home/airflow/.local/lib/python3.8/site-packages/airflow/example_dags/example_python_operator.py for tasks to queue
[2024-05-13T15:39:35.825+0000] {logging_mixin.py:188} INFO - [2024-05-13T15:39:35.824+0000] {dagbag.py:540} INFO - Filling up the DagBag from /home/airflow/.local/lib/python3.8/site-packages/airflow/example_dags/example_python_operator.py
[2024-05-13T15:39:35.835+0000] {processor.py:840} INFO - DAG(s) 'example_python_operator' retrieved from /home/airflow/.local/lib/python3.8/site-packages/airflow/example_dags/example_python_operator.py
[2024-05-13T15:39:35.859+0000] {logging_mixin.py:188} INFO - [2024-05-13T15:39:35.859+0000] {dag.py:3047} INFO - Sync 1 DAGs
[2024-05-13T15:39:35.871+0000] {logging_mixin.py:188} INFO - [2024-05-13T15:39:35.871+0000] {dag.py:3834} INFO - Setting next_dagrun for example_python_operator to None, run_after=None
[2024-05-13T15:39:35.892+0000] {processor.py:183} INFO - Processing /home/airflow/.local/lib/python3.8/site-packages/airflow/example_dags/example_python_operator.py took 0.075 seconds
[2024-05-13T15:40:06.193+0000] {processor.py:161} INFO - Started process (PID=3396) to work on /home/airflow/.local/lib/python3.8/site-packages/airflow/example_dags/example_python_operator.py
[2024-05-13T15:40:06.194+0000] {processor.py:830} INFO - Processing file /home/airflow/.local/lib/python3.8/site-packages/airflow/example_dags/example_python_operator.py for tasks to queue
[2024-05-13T15:40:06.196+0000] {logging_mixin.py:188} INFO - [2024-05-13T15:40:06.196+0000] {dagbag.py:540} INFO - Filling up the DagBag from /home/airflow/.local/lib/python3.8/site-packages/airflow/example_dags/example_python_operator.py
[2024-05-13T15:40:06.208+0000] {processor.py:840} INFO - DAG(s) 'example_python_operator' retrieved from /home/airflow/.local/lib/python3.8/site-packages/airflow/example_dags/example_python_operator.py
[2024-05-13T15:40:06.231+0000] {logging_mixin.py:188} INFO - [2024-05-13T15:40:06.230+0000] {dag.py:3047} INFO - Sync 1 DAGs
[2024-05-13T15:40:06.245+0000] {logging_mixin.py:188} INFO - [2024-05-13T15:40:06.245+0000] {dag.py:3834} INFO - Setting next_dagrun for example_python_operator to None, run_after=None
[2024-05-13T15:40:06.270+0000] {processor.py:183} INFO - Processing /home/airflow/.local/lib/python3.8/site-packages/airflow/example_dags/example_python_operator.py took 0.081 seconds
[2024-05-13T15:40:36.456+0000] {processor.py:161} INFO - Started process (PID=3464) to work on /home/airflow/.local/lib/python3.8/site-packages/airflow/example_dags/example_python_operator.py
[2024-05-13T15:40:36.458+0000] {processor.py:830} INFO - Processing file /home/airflow/.local/lib/python3.8/site-packages/airflow/example_dags/example_python_operator.py for tasks to queue
[2024-05-13T15:40:36.460+0000] {logging_mixin.py:188} INFO - [2024-05-13T15:40:36.459+0000] {dagbag.py:540} INFO - Filling up the DagBag from /home/airflow/.local/lib/python3.8/site-packages/airflow/example_dags/example_python_operator.py
[2024-05-13T15:40:36.469+0000] {processor.py:840} INFO - DAG(s) 'example_python_operator' retrieved from /home/airflow/.local/lib/python3.8/site-packages/airflow/example_dags/example_python_operator.py
[2024-05-13T15:40:36.490+0000] {logging_mixin.py:188} INFO - [2024-05-13T15:40:36.490+0000] {dag.py:3047} INFO - Sync 1 DAGs
[2024-05-13T15:40:36.502+0000] {logging_mixin.py:188} INFO - [2024-05-13T15:40:36.502+0000] {dag.py:3834} INFO - Setting next_dagrun for example_python_operator to None, run_after=None
[2024-05-13T15:40:36.521+0000] {processor.py:183} INFO - Processing /home/airflow/.local/lib/python3.8/site-packages/airflow/example_dags/example_python_operator.py took 0.068 seconds
[2024-05-13T15:41:06.579+0000] {processor.py:161} INFO - Started process (PID=3532) to work on /home/airflow/.local/lib/python3.8/site-packages/airflow/example_dags/example_python_operator.py
[2024-05-13T15:41:06.580+0000] {processor.py:830} INFO - Processing file /home/airflow/.local/lib/python3.8/site-packages/airflow/example_dags/example_python_operator.py for tasks to queue
[2024-05-13T15:41:06.581+0000] {logging_mixin.py:188} INFO - [2024-05-13T15:41:06.581+0000] {dagbag.py:540} INFO - Filling up the DagBag from /home/airflow/.local/lib/python3.8/site-packages/airflow/example_dags/example_python_operator.py
[2024-05-13T15:41:06.592+0000] {processor.py:840} INFO - DAG(s) 'example_python_operator' retrieved from /home/airflow/.local/lib/python3.8/site-packages/airflow/example_dags/example_python_operator.py
[2024-05-13T15:41:06.613+0000] {logging_mixin.py:188} INFO - [2024-05-13T15:41:06.613+0000] {dag.py:3047} INFO - Sync 1 DAGs
[2024-05-13T15:41:06.625+0000] {logging_mixin.py:188} INFO - [2024-05-13T15:41:06.625+0000] {dag.py:3834} INFO - Setting next_dagrun for example_python_operator to None, run_after=None
[2024-05-13T15:41:06.643+0000] {processor.py:183} INFO - Processing /home/airflow/.local/lib/python3.8/site-packages/airflow/example_dags/example_python_operator.py took 0.067 seconds
[2024-05-13T15:41:37.034+0000] {processor.py:161} INFO - Started process (PID=3600) to work on /home/airflow/.local/lib/python3.8/site-packages/airflow/example_dags/example_python_operator.py
[2024-05-13T15:41:37.035+0000] {processor.py:830} INFO - Processing file /home/airflow/.local/lib/python3.8/site-packages/airflow/example_dags/example_python_operator.py for tasks to queue
[2024-05-13T15:41:37.037+0000] {logging_mixin.py:188} INFO - [2024-05-13T15:41:37.037+0000] {dagbag.py:540} INFO - Filling up the DagBag from /home/airflow/.local/lib/python3.8/site-packages/airflow/example_dags/example_python_operator.py
[2024-05-13T15:41:37.046+0000] {processor.py:840} INFO - DAG(s) 'example_python_operator' retrieved from /home/airflow/.local/lib/python3.8/site-packages/airflow/example_dags/example_python_operator.py
[2024-05-13T15:41:37.180+0000] {logging_mixin.py:188} INFO - [2024-05-13T15:41:37.179+0000] {dag.py:3047} INFO - Sync 1 DAGs
[2024-05-13T15:41:37.189+0000] {logging_mixin.py:188} INFO - [2024-05-13T15:41:37.189+0000] {dag.py:3834} INFO - Setting next_dagrun for example_python_operator to None, run_after=None
[2024-05-13T15:41:37.208+0000] {processor.py:183} INFO - Processing /home/airflow/.local/lib/python3.8/site-packages/airflow/example_dags/example_python_operator.py took 0.177 seconds
[2024-05-13T15:42:07.913+0000] {processor.py:161} INFO - Started process (PID=3668) to work on /home/airflow/.local/lib/python3.8/site-packages/airflow/example_dags/example_python_operator.py
[2024-05-13T15:42:07.914+0000] {processor.py:830} INFO - Processing file /home/airflow/.local/lib/python3.8/site-packages/airflow/example_dags/example_python_operator.py for tasks to queue
[2024-05-13T15:42:07.916+0000] {logging_mixin.py:188} INFO - [2024-05-13T15:42:07.915+0000] {dagbag.py:540} INFO - Filling up the DagBag from /home/airflow/.local/lib/python3.8/site-packages/airflow/example_dags/example_python_operator.py
[2024-05-13T15:42:07.926+0000] {processor.py:840} INFO - DAG(s) 'example_python_operator' retrieved from /home/airflow/.local/lib/python3.8/site-packages/airflow/example_dags/example_python_operator.py
[2024-05-13T15:42:07.946+0000] {logging_mixin.py:188} INFO - [2024-05-13T15:42:07.946+0000] {dag.py:3047} INFO - Sync 1 DAGs
[2024-05-13T15:42:08.102+0000] {logging_mixin.py:188} INFO - [2024-05-13T15:42:08.102+0000] {dag.py:3834} INFO - Setting next_dagrun for example_python_operator to None, run_after=None
[2024-05-13T15:42:08.124+0000] {processor.py:183} INFO - Processing /home/airflow/.local/lib/python3.8/site-packages/airflow/example_dags/example_python_operator.py took 0.214 seconds
[2024-05-13T15:42:38.975+0000] {processor.py:161} INFO - Started process (PID=3736) to work on /home/airflow/.local/lib/python3.8/site-packages/airflow/example_dags/example_python_operator.py
[2024-05-13T15:42:38.976+0000] {processor.py:830} INFO - Processing file /home/airflow/.local/lib/python3.8/site-packages/airflow/example_dags/example_python_operator.py for tasks to queue
[2024-05-13T15:42:38.977+0000] {logging_mixin.py:188} INFO - [2024-05-13T15:42:38.977+0000] {dagbag.py:540} INFO - Filling up the DagBag from /home/airflow/.local/lib/python3.8/site-packages/airflow/example_dags/example_python_operator.py
[2024-05-13T15:42:38.989+0000] {processor.py:840} INFO - DAG(s) 'example_python_operator' retrieved from /home/airflow/.local/lib/python3.8/site-packages/airflow/example_dags/example_python_operator.py
[2024-05-13T15:42:39.012+0000] {logging_mixin.py:188} INFO - [2024-05-13T15:42:39.012+0000] {dag.py:3047} INFO - Sync 1 DAGs
[2024-05-13T15:42:39.027+0000] {logging_mixin.py:188} INFO - [2024-05-13T15:42:39.026+0000] {dag.py:3834} INFO - Setting next_dagrun for example_python_operator to None, run_after=None
[2024-05-13T15:42:39.047+0000] {processor.py:183} INFO - Processing /home/airflow/.local/lib/python3.8/site-packages/airflow/example_dags/example_python_operator.py took 0.075 seconds
[2024-05-13T15:43:09.088+0000] {processor.py:161} INFO - Started process (PID=3804) to work on /home/airflow/.local/lib/python3.8/site-packages/airflow/example_dags/example_python_operator.py
[2024-05-13T15:43:09.089+0000] {processor.py:830} INFO - Processing file /home/airflow/.local/lib/python3.8/site-packages/airflow/example_dags/example_python_operator.py for tasks to queue
[2024-05-13T15:43:09.091+0000] {logging_mixin.py:188} INFO - [2024-05-13T15:43:09.091+0000] {dagbag.py:540} INFO - Filling up the DagBag from /home/airflow/.local/lib/python3.8/site-packages/airflow/example_dags/example_python_operator.py
[2024-05-13T15:43:09.102+0000] {processor.py:840} INFO - DAG(s) 'example_python_operator' retrieved from /home/airflow/.local/lib/python3.8/site-packages/airflow/example_dags/example_python_operator.py
[2024-05-13T15:43:09.125+0000] {logging_mixin.py:188} INFO - [2024-05-13T15:43:09.125+0000] {dag.py:3047} INFO - Sync 1 DAGs
[2024-05-13T15:43:09.141+0000] {logging_mixin.py:188} INFO - [2024-05-13T15:43:09.140+0000] {dag.py:3834} INFO - Setting next_dagrun for example_python_operator to None, run_after=None
[2024-05-13T15:43:09.164+0000] {processor.py:183} INFO - Processing /home/airflow/.local/lib/python3.8/site-packages/airflow/example_dags/example_python_operator.py took 0.078 seconds
[2024-05-13T15:43:39.635+0000] {processor.py:161} INFO - Started process (PID=3872) to work on /home/airflow/.local/lib/python3.8/site-packages/airflow/example_dags/example_python_operator.py
[2024-05-13T15:43:39.636+0000] {processor.py:830} INFO - Processing file /home/airflow/.local/lib/python3.8/site-packages/airflow/example_dags/example_python_operator.py for tasks to queue
[2024-05-13T15:43:39.638+0000] {logging_mixin.py:188} INFO - [2024-05-13T15:43:39.638+0000] {dagbag.py:540} INFO - Filling up the DagBag from /home/airflow/.local/lib/python3.8/site-packages/airflow/example_dags/example_python_operator.py
[2024-05-13T15:43:39.652+0000] {processor.py:840} INFO - DAG(s) 'example_python_operator' retrieved from /home/airflow/.local/lib/python3.8/site-packages/airflow/example_dags/example_python_operator.py
[2024-05-13T15:43:39.679+0000] {logging_mixin.py:188} INFO - [2024-05-13T15:43:39.678+0000] {dag.py:3047} INFO - Sync 1 DAGs
[2024-05-13T15:43:39.690+0000] {logging_mixin.py:188} INFO - [2024-05-13T15:43:39.690+0000] {dag.py:3834} INFO - Setting next_dagrun for example_python_operator to None, run_after=None
[2024-05-13T15:43:39.716+0000] {processor.py:183} INFO - Processing /home/airflow/.local/lib/python3.8/site-packages/airflow/example_dags/example_python_operator.py took 0.085 seconds
[2024-05-13T15:44:10.076+0000] {processor.py:161} INFO - Started process (PID=3940) to work on /home/airflow/.local/lib/python3.8/site-packages/airflow/example_dags/example_python_operator.py
[2024-05-13T15:44:10.077+0000] {processor.py:830} INFO - Processing file /home/airflow/.local/lib/python3.8/site-packages/airflow/example_dags/example_python_operator.py for tasks to queue
[2024-05-13T15:44:10.079+0000] {logging_mixin.py:188} INFO - [2024-05-13T15:44:10.079+0000] {dagbag.py:540} INFO - Filling up the DagBag from /home/airflow/.local/lib/python3.8/site-packages/airflow/example_dags/example_python_operator.py
[2024-05-13T15:44:10.093+0000] {processor.py:840} INFO - DAG(s) 'example_python_operator' retrieved from /home/airflow/.local/lib/python3.8/site-packages/airflow/example_dags/example_python_operator.py
[2024-05-13T15:44:10.114+0000] {logging_mixin.py:188} INFO - [2024-05-13T15:44:10.113+0000] {dag.py:3047} INFO - Sync 1 DAGs
[2024-05-13T15:44:10.125+0000] {logging_mixin.py:188} INFO - [2024-05-13T15:44:10.125+0000] {dag.py:3834} INFO - Setting next_dagrun for example_python_operator to None, run_after=None
[2024-05-13T15:44:10.146+0000] {processor.py:183} INFO - Processing /home/airflow/.local/lib/python3.8/site-packages/airflow/example_dags/example_python_operator.py took 0.073 seconds
