[2024-05-13T15:15:19.612+0000] {processor.py:161} INFO - Started process (PID=99) to work on /home/airflow/.local/lib/python3.8/site-packages/airflow/example_dags/example_skip_dag.py
[2024-05-13T15:15:19.613+0000] {processor.py:830} INFO - Processing file /home/airflow/.local/lib/python3.8/site-packages/airflow/example_dags/example_skip_dag.py for tasks to queue
[2024-05-13T15:15:19.615+0000] {logging_mixin.py:188} INFO - [2024-05-13T15:15:19.615+0000] {dagbag.py:540} INFO - Filling up the DagBag from /home/airflow/.local/lib/python3.8/site-packages/airflow/example_dags/example_skip_dag.py
[2024-05-13T15:15:19.626+0000] {processor.py:840} INFO - DAG(s) 'example_skip_dag' retrieved from /home/airflow/.local/lib/python3.8/site-packages/airflow/example_dags/example_skip_dag.py
[2024-05-13T15:15:19.748+0000] {logging_mixin.py:188} INFO - [2024-05-13T15:15:19.748+0000] {override.py:1769} INFO - Created Permission View: can delete on DAG:example_skip_dag
[2024-05-13T15:15:19.758+0000] {logging_mixin.py:188} INFO - [2024-05-13T15:15:19.758+0000] {override.py:1769} INFO - Created Permission View: can edit on DAG:example_skip_dag
[2024-05-13T15:15:19.767+0000] {logging_mixin.py:188} INFO - [2024-05-13T15:15:19.766+0000] {override.py:1769} INFO - Created Permission View: can read on DAG:example_skip_dag
[2024-05-13T15:15:19.767+0000] {logging_mixin.py:188} INFO - [2024-05-13T15:15:19.767+0000] {dag.py:3047} INFO - Sync 1 DAGs
[2024-05-13T15:15:19.778+0000] {logging_mixin.py:188} INFO - [2024-05-13T15:15:19.778+0000] {dag.py:3069} INFO - Creating ORM DAG for example_skip_dag
[2024-05-13T15:15:19.790+0000] {logging_mixin.py:188} INFO - [2024-05-13T15:15:19.789+0000] {dag.py:3834} INFO - Setting next_dagrun for example_skip_dag to 2024-05-12 00:00:00+00:00, run_after=2024-05-13 00:00:00+00:00
[2024-05-13T15:15:19.809+0000] {processor.py:183} INFO - Processing /home/airflow/.local/lib/python3.8/site-packages/airflow/example_dags/example_skip_dag.py took 0.201 seconds
[2024-05-13T15:15:50.114+0000] {processor.py:161} INFO - Started process (PID=167) to work on /home/airflow/.local/lib/python3.8/site-packages/airflow/example_dags/example_skip_dag.py
[2024-05-13T15:15:50.115+0000] {processor.py:830} INFO - Processing file /home/airflow/.local/lib/python3.8/site-packages/airflow/example_dags/example_skip_dag.py for tasks to queue
[2024-05-13T15:15:50.117+0000] {logging_mixin.py:188} INFO - [2024-05-13T15:15:50.116+0000] {dagbag.py:540} INFO - Filling up the DagBag from /home/airflow/.local/lib/python3.8/site-packages/airflow/example_dags/example_skip_dag.py
[2024-05-13T15:15:50.122+0000] {processor.py:840} INFO - DAG(s) 'example_skip_dag' retrieved from /home/airflow/.local/lib/python3.8/site-packages/airflow/example_dags/example_skip_dag.py
[2024-05-13T15:15:50.142+0000] {logging_mixin.py:188} INFO - [2024-05-13T15:15:50.141+0000] {dag.py:3047} INFO - Sync 1 DAGs
[2024-05-13T15:15:50.163+0000] {logging_mixin.py:188} INFO - [2024-05-13T15:15:50.162+0000] {dag.py:3834} INFO - Setting next_dagrun for example_skip_dag to 2024-05-12 00:00:00+00:00, run_after=2024-05-13 00:00:00+00:00
[2024-05-13T15:15:50.180+0000] {processor.py:183} INFO - Processing /home/airflow/.local/lib/python3.8/site-packages/airflow/example_dags/example_skip_dag.py took 0.070 seconds
[2024-05-13T15:16:20.762+0000] {processor.py:161} INFO - Started process (PID=235) to work on /home/airflow/.local/lib/python3.8/site-packages/airflow/example_dags/example_skip_dag.py
[2024-05-13T15:16:20.763+0000] {processor.py:830} INFO - Processing file /home/airflow/.local/lib/python3.8/site-packages/airflow/example_dags/example_skip_dag.py for tasks to queue
[2024-05-13T15:16:20.766+0000] {logging_mixin.py:188} INFO - [2024-05-13T15:16:20.766+0000] {dagbag.py:540} INFO - Filling up the DagBag from /home/airflow/.local/lib/python3.8/site-packages/airflow/example_dags/example_skip_dag.py
[2024-05-13T15:16:20.774+0000] {processor.py:840} INFO - DAG(s) 'example_skip_dag' retrieved from /home/airflow/.local/lib/python3.8/site-packages/airflow/example_dags/example_skip_dag.py
[2024-05-13T15:16:20.798+0000] {logging_mixin.py:188} INFO - [2024-05-13T15:16:20.797+0000] {dag.py:3047} INFO - Sync 1 DAGs
[2024-05-13T15:16:20.820+0000] {logging_mixin.py:188} INFO - [2024-05-13T15:16:20.819+0000] {dag.py:3834} INFO - Setting next_dagrun for example_skip_dag to 2024-05-12 00:00:00+00:00, run_after=2024-05-13 00:00:00+00:00
[2024-05-13T15:16:20.842+0000] {processor.py:183} INFO - Processing /home/airflow/.local/lib/python3.8/site-packages/airflow/example_dags/example_skip_dag.py took 0.083 seconds
[2024-05-13T15:16:51.925+0000] {processor.py:161} INFO - Started process (PID=303) to work on /home/airflow/.local/lib/python3.8/site-packages/airflow/example_dags/example_skip_dag.py
[2024-05-13T15:16:51.926+0000] {processor.py:830} INFO - Processing file /home/airflow/.local/lib/python3.8/site-packages/airflow/example_dags/example_skip_dag.py for tasks to queue
[2024-05-13T15:16:51.929+0000] {logging_mixin.py:188} INFO - [2024-05-13T15:16:51.928+0000] {dagbag.py:540} INFO - Filling up the DagBag from /home/airflow/.local/lib/python3.8/site-packages/airflow/example_dags/example_skip_dag.py
[2024-05-13T15:16:51.934+0000] {processor.py:840} INFO - DAG(s) 'example_skip_dag' retrieved from /home/airflow/.local/lib/python3.8/site-packages/airflow/example_dags/example_skip_dag.py
[2024-05-13T15:16:51.959+0000] {logging_mixin.py:188} INFO - [2024-05-13T15:16:51.958+0000] {dag.py:3047} INFO - Sync 1 DAGs
[2024-05-13T15:16:51.982+0000] {logging_mixin.py:188} INFO - [2024-05-13T15:16:51.981+0000] {dag.py:3834} INFO - Setting next_dagrun for example_skip_dag to 2024-05-12 00:00:00+00:00, run_after=2024-05-13 00:00:00+00:00
[2024-05-13T15:16:52.006+0000] {processor.py:183} INFO - Processing /home/airflow/.local/lib/python3.8/site-packages/airflow/example_dags/example_skip_dag.py took 0.084 seconds
[2024-05-13T15:17:22.996+0000] {processor.py:161} INFO - Started process (PID=370) to work on /home/airflow/.local/lib/python3.8/site-packages/airflow/example_dags/example_skip_dag.py
[2024-05-13T15:17:22.997+0000] {processor.py:830} INFO - Processing file /home/airflow/.local/lib/python3.8/site-packages/airflow/example_dags/example_skip_dag.py for tasks to queue
[2024-05-13T15:17:22.999+0000] {logging_mixin.py:188} INFO - [2024-05-13T15:17:22.999+0000] {dagbag.py:540} INFO - Filling up the DagBag from /home/airflow/.local/lib/python3.8/site-packages/airflow/example_dags/example_skip_dag.py
[2024-05-13T15:17:23.006+0000] {processor.py:840} INFO - DAG(s) 'example_skip_dag' retrieved from /home/airflow/.local/lib/python3.8/site-packages/airflow/example_dags/example_skip_dag.py
[2024-05-13T15:17:23.033+0000] {logging_mixin.py:188} INFO - [2024-05-13T15:17:23.032+0000] {dag.py:3047} INFO - Sync 1 DAGs
[2024-05-13T15:17:23.053+0000] {logging_mixin.py:188} INFO - [2024-05-13T15:17:23.053+0000] {dag.py:3834} INFO - Setting next_dagrun for example_skip_dag to 2024-05-12 00:00:00+00:00, run_after=2024-05-13 00:00:00+00:00
[2024-05-13T15:17:23.071+0000] {processor.py:183} INFO - Processing /home/airflow/.local/lib/python3.8/site-packages/airflow/example_dags/example_skip_dag.py took 0.078 seconds
[2024-05-13T15:17:53.162+0000] {processor.py:161} INFO - Started process (PID=426) to work on /home/airflow/.local/lib/python3.8/site-packages/airflow/example_dags/example_skip_dag.py
[2024-05-13T15:17:53.163+0000] {processor.py:830} INFO - Processing file /home/airflow/.local/lib/python3.8/site-packages/airflow/example_dags/example_skip_dag.py for tasks to queue
[2024-05-13T15:17:53.165+0000] {logging_mixin.py:188} INFO - [2024-05-13T15:17:53.165+0000] {dagbag.py:540} INFO - Filling up the DagBag from /home/airflow/.local/lib/python3.8/site-packages/airflow/example_dags/example_skip_dag.py
[2024-05-13T15:17:53.171+0000] {processor.py:840} INFO - DAG(s) 'example_skip_dag' retrieved from /home/airflow/.local/lib/python3.8/site-packages/airflow/example_dags/example_skip_dag.py
[2024-05-13T15:17:53.190+0000] {logging_mixin.py:188} INFO - [2024-05-13T15:17:53.190+0000] {dag.py:3047} INFO - Sync 1 DAGs
[2024-05-13T15:17:53.208+0000] {logging_mixin.py:188} INFO - [2024-05-13T15:17:53.208+0000] {dag.py:3834} INFO - Setting next_dagrun for example_skip_dag to 2024-05-12 00:00:00+00:00, run_after=2024-05-13 00:00:00+00:00
[2024-05-13T15:17:53.228+0000] {processor.py:183} INFO - Processing /home/airflow/.local/lib/python3.8/site-packages/airflow/example_dags/example_skip_dag.py took 0.068 seconds
[2024-05-13T15:18:23.377+0000] {processor.py:161} INFO - Started process (PID=494) to work on /home/airflow/.local/lib/python3.8/site-packages/airflow/example_dags/example_skip_dag.py
[2024-05-13T15:18:23.378+0000] {processor.py:830} INFO - Processing file /home/airflow/.local/lib/python3.8/site-packages/airflow/example_dags/example_skip_dag.py for tasks to queue
[2024-05-13T15:18:23.380+0000] {logging_mixin.py:188} INFO - [2024-05-13T15:18:23.380+0000] {dagbag.py:540} INFO - Filling up the DagBag from /home/airflow/.local/lib/python3.8/site-packages/airflow/example_dags/example_skip_dag.py
[2024-05-13T15:18:23.390+0000] {processor.py:840} INFO - DAG(s) 'example_skip_dag' retrieved from /home/airflow/.local/lib/python3.8/site-packages/airflow/example_dags/example_skip_dag.py
[2024-05-13T15:18:23.416+0000] {logging_mixin.py:188} INFO - [2024-05-13T15:18:23.415+0000] {dag.py:3047} INFO - Sync 1 DAGs
[2024-05-13T15:18:23.442+0000] {logging_mixin.py:188} INFO - [2024-05-13T15:18:23.442+0000] {dag.py:3834} INFO - Setting next_dagrun for example_skip_dag to 2024-05-12 00:00:00+00:00, run_after=2024-05-13 00:00:00+00:00
[2024-05-13T15:18:23.467+0000] {processor.py:183} INFO - Processing /home/airflow/.local/lib/python3.8/site-packages/airflow/example_dags/example_skip_dag.py took 0.094 seconds
[2024-05-13T15:18:53.601+0000] {processor.py:161} INFO - Started process (PID=562) to work on /home/airflow/.local/lib/python3.8/site-packages/airflow/example_dags/example_skip_dag.py
[2024-05-13T15:18:53.602+0000] {processor.py:830} INFO - Processing file /home/airflow/.local/lib/python3.8/site-packages/airflow/example_dags/example_skip_dag.py for tasks to queue
[2024-05-13T15:18:53.604+0000] {logging_mixin.py:188} INFO - [2024-05-13T15:18:53.603+0000] {dagbag.py:540} INFO - Filling up the DagBag from /home/airflow/.local/lib/python3.8/site-packages/airflow/example_dags/example_skip_dag.py
[2024-05-13T15:18:53.610+0000] {processor.py:840} INFO - DAG(s) 'example_skip_dag' retrieved from /home/airflow/.local/lib/python3.8/site-packages/airflow/example_dags/example_skip_dag.py
[2024-05-13T15:18:53.630+0000] {logging_mixin.py:188} INFO - [2024-05-13T15:18:53.629+0000] {dag.py:3047} INFO - Sync 1 DAGs
[2024-05-13T15:18:53.651+0000] {logging_mixin.py:188} INFO - [2024-05-13T15:18:53.651+0000] {dag.py:3834} INFO - Setting next_dagrun for example_skip_dag to 2024-05-12 00:00:00+00:00, run_after=2024-05-13 00:00:00+00:00
[2024-05-13T15:18:53.672+0000] {processor.py:183} INFO - Processing /home/airflow/.local/lib/python3.8/site-packages/airflow/example_dags/example_skip_dag.py took 0.075 seconds
[2024-05-13T15:19:23.755+0000] {processor.py:161} INFO - Started process (PID=630) to work on /home/airflow/.local/lib/python3.8/site-packages/airflow/example_dags/example_skip_dag.py
[2024-05-13T15:19:23.756+0000] {processor.py:830} INFO - Processing file /home/airflow/.local/lib/python3.8/site-packages/airflow/example_dags/example_skip_dag.py for tasks to queue
[2024-05-13T15:19:23.758+0000] {logging_mixin.py:188} INFO - [2024-05-13T15:19:23.757+0000] {dagbag.py:540} INFO - Filling up the DagBag from /home/airflow/.local/lib/python3.8/site-packages/airflow/example_dags/example_skip_dag.py
[2024-05-13T15:19:23.763+0000] {processor.py:840} INFO - DAG(s) 'example_skip_dag' retrieved from /home/airflow/.local/lib/python3.8/site-packages/airflow/example_dags/example_skip_dag.py
[2024-05-13T15:19:23.783+0000] {logging_mixin.py:188} INFO - [2024-05-13T15:19:23.782+0000] {dag.py:3047} INFO - Sync 1 DAGs
[2024-05-13T15:19:23.803+0000] {logging_mixin.py:188} INFO - [2024-05-13T15:19:23.803+0000] {dag.py:3834} INFO - Setting next_dagrun for example_skip_dag to 2024-05-12 00:00:00+00:00, run_after=2024-05-13 00:00:00+00:00
[2024-05-13T15:19:23.820+0000] {processor.py:183} INFO - Processing /home/airflow/.local/lib/python3.8/site-packages/airflow/example_dags/example_skip_dag.py took 0.068 seconds
[2024-05-13T15:19:54.039+0000] {processor.py:161} INFO - Started process (PID=698) to work on /home/airflow/.local/lib/python3.8/site-packages/airflow/example_dags/example_skip_dag.py
[2024-05-13T15:19:54.039+0000] {processor.py:830} INFO - Processing file /home/airflow/.local/lib/python3.8/site-packages/airflow/example_dags/example_skip_dag.py for tasks to queue
[2024-05-13T15:19:54.041+0000] {logging_mixin.py:188} INFO - [2024-05-13T15:19:54.041+0000] {dagbag.py:540} INFO - Filling up the DagBag from /home/airflow/.local/lib/python3.8/site-packages/airflow/example_dags/example_skip_dag.py
[2024-05-13T15:19:54.047+0000] {processor.py:840} INFO - DAG(s) 'example_skip_dag' retrieved from /home/airflow/.local/lib/python3.8/site-packages/airflow/example_dags/example_skip_dag.py
[2024-05-13T15:19:54.066+0000] {logging_mixin.py:188} INFO - [2024-05-13T15:19:54.066+0000] {dag.py:3047} INFO - Sync 1 DAGs
[2024-05-13T15:19:54.086+0000] {logging_mixin.py:188} INFO - [2024-05-13T15:19:54.086+0000] {dag.py:3834} INFO - Setting next_dagrun for example_skip_dag to 2024-05-12 00:00:00+00:00, run_after=2024-05-13 00:00:00+00:00
[2024-05-13T15:19:54.105+0000] {processor.py:183} INFO - Processing /home/airflow/.local/lib/python3.8/site-packages/airflow/example_dags/example_skip_dag.py took 0.069 seconds
[2024-05-13T15:20:24.384+0000] {processor.py:161} INFO - Started process (PID=766) to work on /home/airflow/.local/lib/python3.8/site-packages/airflow/example_dags/example_skip_dag.py
[2024-05-13T15:20:24.385+0000] {processor.py:830} INFO - Processing file /home/airflow/.local/lib/python3.8/site-packages/airflow/example_dags/example_skip_dag.py for tasks to queue
[2024-05-13T15:20:24.387+0000] {logging_mixin.py:188} INFO - [2024-05-13T15:20:24.387+0000] {dagbag.py:540} INFO - Filling up the DagBag from /home/airflow/.local/lib/python3.8/site-packages/airflow/example_dags/example_skip_dag.py
[2024-05-13T15:20:24.394+0000] {processor.py:840} INFO - DAG(s) 'example_skip_dag' retrieved from /home/airflow/.local/lib/python3.8/site-packages/airflow/example_dags/example_skip_dag.py
[2024-05-13T15:20:24.423+0000] {logging_mixin.py:188} INFO - [2024-05-13T15:20:24.422+0000] {dag.py:3047} INFO - Sync 1 DAGs
[2024-05-13T15:20:24.450+0000] {logging_mixin.py:188} INFO - [2024-05-13T15:20:24.450+0000] {dag.py:3834} INFO - Setting next_dagrun for example_skip_dag to 2024-05-12 00:00:00+00:00, run_after=2024-05-13 00:00:00+00:00
[2024-05-13T15:20:24.481+0000] {processor.py:183} INFO - Processing /home/airflow/.local/lib/python3.8/site-packages/airflow/example_dags/example_skip_dag.py took 0.100 seconds
[2024-05-13T15:20:54.773+0000] {processor.py:161} INFO - Started process (PID=838) to work on /home/airflow/.local/lib/python3.8/site-packages/airflow/example_dags/example_skip_dag.py
[2024-05-13T15:20:54.774+0000] {processor.py:830} INFO - Processing file /home/airflow/.local/lib/python3.8/site-packages/airflow/example_dags/example_skip_dag.py for tasks to queue
[2024-05-13T15:20:54.776+0000] {logging_mixin.py:188} INFO - [2024-05-13T15:20:54.776+0000] {dagbag.py:540} INFO - Filling up the DagBag from /home/airflow/.local/lib/python3.8/site-packages/airflow/example_dags/example_skip_dag.py
[2024-05-13T15:20:54.783+0000] {processor.py:840} INFO - DAG(s) 'example_skip_dag' retrieved from /home/airflow/.local/lib/python3.8/site-packages/airflow/example_dags/example_skip_dag.py
[2024-05-13T15:20:54.806+0000] {logging_mixin.py:188} INFO - [2024-05-13T15:20:54.806+0000] {dag.py:3047} INFO - Sync 1 DAGs
[2024-05-13T15:20:54.833+0000] {logging_mixin.py:188} INFO - [2024-05-13T15:20:54.832+0000] {dag.py:3834} INFO - Setting next_dagrun for example_skip_dag to 2024-05-12 00:00:00+00:00, run_after=2024-05-13 00:00:00+00:00
[2024-05-13T15:20:54.853+0000] {processor.py:183} INFO - Processing /home/airflow/.local/lib/python3.8/site-packages/airflow/example_dags/example_skip_dag.py took 0.083 seconds
[2024-05-13T15:21:24.977+0000] {processor.py:161} INFO - Started process (PID=906) to work on /home/airflow/.local/lib/python3.8/site-packages/airflow/example_dags/example_skip_dag.py
[2024-05-13T15:21:24.978+0000] {processor.py:830} INFO - Processing file /home/airflow/.local/lib/python3.8/site-packages/airflow/example_dags/example_skip_dag.py for tasks to queue
[2024-05-13T15:21:24.980+0000] {logging_mixin.py:188} INFO - [2024-05-13T15:21:24.980+0000] {dagbag.py:540} INFO - Filling up the DagBag from /home/airflow/.local/lib/python3.8/site-packages/airflow/example_dags/example_skip_dag.py
[2024-05-13T15:21:24.987+0000] {processor.py:840} INFO - DAG(s) 'example_skip_dag' retrieved from /home/airflow/.local/lib/python3.8/site-packages/airflow/example_dags/example_skip_dag.py
[2024-05-13T15:21:25.009+0000] {logging_mixin.py:188} INFO - [2024-05-13T15:21:25.009+0000] {dag.py:3047} INFO - Sync 1 DAGs
[2024-05-13T15:21:25.036+0000] {logging_mixin.py:188} INFO - [2024-05-13T15:21:25.036+0000] {dag.py:3834} INFO - Setting next_dagrun for example_skip_dag to 2024-05-12 00:00:00+00:00, run_after=2024-05-13 00:00:00+00:00
[2024-05-13T15:21:25.059+0000] {processor.py:183} INFO - Processing /home/airflow/.local/lib/python3.8/site-packages/airflow/example_dags/example_skip_dag.py took 0.085 seconds
[2024-05-13T15:21:55.244+0000] {processor.py:161} INFO - Started process (PID=974) to work on /home/airflow/.local/lib/python3.8/site-packages/airflow/example_dags/example_skip_dag.py
[2024-05-13T15:21:55.246+0000] {processor.py:830} INFO - Processing file /home/airflow/.local/lib/python3.8/site-packages/airflow/example_dags/example_skip_dag.py for tasks to queue
[2024-05-13T15:21:55.248+0000] {logging_mixin.py:188} INFO - [2024-05-13T15:21:55.248+0000] {dagbag.py:540} INFO - Filling up the DagBag from /home/airflow/.local/lib/python3.8/site-packages/airflow/example_dags/example_skip_dag.py
[2024-05-13T15:21:55.255+0000] {processor.py:840} INFO - DAG(s) 'example_skip_dag' retrieved from /home/airflow/.local/lib/python3.8/site-packages/airflow/example_dags/example_skip_dag.py
[2024-05-13T15:21:55.276+0000] {logging_mixin.py:188} INFO - [2024-05-13T15:21:55.276+0000] {dag.py:3047} INFO - Sync 1 DAGs
[2024-05-13T15:21:55.303+0000] {logging_mixin.py:188} INFO - [2024-05-13T15:21:55.303+0000] {dag.py:3834} INFO - Setting next_dagrun for example_skip_dag to 2024-05-12 00:00:00+00:00, run_after=2024-05-13 00:00:00+00:00
[2024-05-13T15:21:55.324+0000] {processor.py:183} INFO - Processing /home/airflow/.local/lib/python3.8/site-packages/airflow/example_dags/example_skip_dag.py took 0.083 seconds
[2024-05-13T15:22:26.160+0000] {processor.py:161} INFO - Started process (PID=1042) to work on /home/airflow/.local/lib/python3.8/site-packages/airflow/example_dags/example_skip_dag.py
[2024-05-13T15:22:26.161+0000] {processor.py:830} INFO - Processing file /home/airflow/.local/lib/python3.8/site-packages/airflow/example_dags/example_skip_dag.py for tasks to queue
[2024-05-13T15:22:26.166+0000] {logging_mixin.py:188} INFO - [2024-05-13T15:22:26.165+0000] {dagbag.py:540} INFO - Filling up the DagBag from /home/airflow/.local/lib/python3.8/site-packages/airflow/example_dags/example_skip_dag.py
[2024-05-13T15:22:26.174+0000] {processor.py:840} INFO - DAG(s) 'example_skip_dag' retrieved from /home/airflow/.local/lib/python3.8/site-packages/airflow/example_dags/example_skip_dag.py
[2024-05-13T15:22:26.205+0000] {logging_mixin.py:188} INFO - [2024-05-13T15:22:26.204+0000] {dag.py:3047} INFO - Sync 1 DAGs
[2024-05-13T15:22:26.233+0000] {logging_mixin.py:188} INFO - [2024-05-13T15:22:26.233+0000] {dag.py:3834} INFO - Setting next_dagrun for example_skip_dag to 2024-05-12 00:00:00+00:00, run_after=2024-05-13 00:00:00+00:00
[2024-05-13T15:22:26.258+0000] {processor.py:183} INFO - Processing /home/airflow/.local/lib/python3.8/site-packages/airflow/example_dags/example_skip_dag.py took 0.103 seconds
[2024-05-13T15:22:56.585+0000] {processor.py:161} INFO - Started process (PID=1111) to work on /home/airflow/.local/lib/python3.8/site-packages/airflow/example_dags/example_skip_dag.py
[2024-05-13T15:22:56.586+0000] {processor.py:830} INFO - Processing file /home/airflow/.local/lib/python3.8/site-packages/airflow/example_dags/example_skip_dag.py for tasks to queue
[2024-05-13T15:22:56.588+0000] {logging_mixin.py:188} INFO - [2024-05-13T15:22:56.588+0000] {dagbag.py:540} INFO - Filling up the DagBag from /home/airflow/.local/lib/python3.8/site-packages/airflow/example_dags/example_skip_dag.py
[2024-05-13T15:22:56.594+0000] {processor.py:840} INFO - DAG(s) 'example_skip_dag' retrieved from /home/airflow/.local/lib/python3.8/site-packages/airflow/example_dags/example_skip_dag.py
[2024-05-13T15:22:56.616+0000] {logging_mixin.py:188} INFO - [2024-05-13T15:22:56.616+0000] {dag.py:3047} INFO - Sync 1 DAGs
[2024-05-13T15:22:56.638+0000] {logging_mixin.py:188} INFO - [2024-05-13T15:22:56.638+0000] {dag.py:3834} INFO - Setting next_dagrun for example_skip_dag to 2024-05-12 00:00:00+00:00, run_after=2024-05-13 00:00:00+00:00
[2024-05-13T15:22:56.658+0000] {processor.py:183} INFO - Processing /home/airflow/.local/lib/python3.8/site-packages/airflow/example_dags/example_skip_dag.py took 0.077 seconds
[2024-05-13T15:23:26.937+0000] {processor.py:161} INFO - Started process (PID=1179) to work on /home/airflow/.local/lib/python3.8/site-packages/airflow/example_dags/example_skip_dag.py
[2024-05-13T15:23:26.938+0000] {processor.py:830} INFO - Processing file /home/airflow/.local/lib/python3.8/site-packages/airflow/example_dags/example_skip_dag.py for tasks to queue
[2024-05-13T15:23:26.940+0000] {logging_mixin.py:188} INFO - [2024-05-13T15:23:26.940+0000] {dagbag.py:540} INFO - Filling up the DagBag from /home/airflow/.local/lib/python3.8/site-packages/airflow/example_dags/example_skip_dag.py
[2024-05-13T15:23:26.947+0000] {processor.py:840} INFO - DAG(s) 'example_skip_dag' retrieved from /home/airflow/.local/lib/python3.8/site-packages/airflow/example_dags/example_skip_dag.py
[2024-05-13T15:23:26.969+0000] {logging_mixin.py:188} INFO - [2024-05-13T15:23:26.969+0000] {dag.py:3047} INFO - Sync 1 DAGs
[2024-05-13T15:23:26.989+0000] {logging_mixin.py:188} INFO - [2024-05-13T15:23:26.989+0000] {dag.py:3834} INFO - Setting next_dagrun for example_skip_dag to 2024-05-12 00:00:00+00:00, run_after=2024-05-13 00:00:00+00:00
[2024-05-13T15:23:27.019+0000] {processor.py:183} INFO - Processing /home/airflow/.local/lib/python3.8/site-packages/airflow/example_dags/example_skip_dag.py took 0.084 seconds
[2024-05-13T15:23:57.775+0000] {processor.py:161} INFO - Started process (PID=1247) to work on /home/airflow/.local/lib/python3.8/site-packages/airflow/example_dags/example_skip_dag.py
[2024-05-13T15:23:57.777+0000] {processor.py:830} INFO - Processing file /home/airflow/.local/lib/python3.8/site-packages/airflow/example_dags/example_skip_dag.py for tasks to queue
[2024-05-13T15:23:57.779+0000] {logging_mixin.py:188} INFO - [2024-05-13T15:23:57.779+0000] {dagbag.py:540} INFO - Filling up the DagBag from /home/airflow/.local/lib/python3.8/site-packages/airflow/example_dags/example_skip_dag.py
[2024-05-13T15:23:57.788+0000] {processor.py:840} INFO - DAG(s) 'example_skip_dag' retrieved from /home/airflow/.local/lib/python3.8/site-packages/airflow/example_dags/example_skip_dag.py
[2024-05-13T15:23:57.818+0000] {logging_mixin.py:188} INFO - [2024-05-13T15:23:57.817+0000] {dag.py:3047} INFO - Sync 1 DAGs
[2024-05-13T15:23:57.846+0000] {logging_mixin.py:188} INFO - [2024-05-13T15:23:57.846+0000] {dag.py:3834} INFO - Setting next_dagrun for example_skip_dag to 2024-05-12 00:00:00+00:00, run_after=2024-05-13 00:00:00+00:00
[2024-05-13T15:23:57.880+0000] {processor.py:183} INFO - Processing /home/airflow/.local/lib/python3.8/site-packages/airflow/example_dags/example_skip_dag.py took 0.109 seconds
[2024-05-13T15:24:28.039+0000] {processor.py:161} INFO - Started process (PID=1315) to work on /home/airflow/.local/lib/python3.8/site-packages/airflow/example_dags/example_skip_dag.py
[2024-05-13T15:24:28.040+0000] {processor.py:830} INFO - Processing file /home/airflow/.local/lib/python3.8/site-packages/airflow/example_dags/example_skip_dag.py for tasks to queue
[2024-05-13T15:24:28.042+0000] {logging_mixin.py:188} INFO - [2024-05-13T15:24:28.041+0000] {dagbag.py:540} INFO - Filling up the DagBag from /home/airflow/.local/lib/python3.8/site-packages/airflow/example_dags/example_skip_dag.py
[2024-05-13T15:24:28.047+0000] {processor.py:840} INFO - DAG(s) 'example_skip_dag' retrieved from /home/airflow/.local/lib/python3.8/site-packages/airflow/example_dags/example_skip_dag.py
[2024-05-13T15:24:28.066+0000] {logging_mixin.py:188} INFO - [2024-05-13T15:24:28.066+0000] {dag.py:3047} INFO - Sync 1 DAGs
[2024-05-13T15:24:28.086+0000] {logging_mixin.py:188} INFO - [2024-05-13T15:24:28.086+0000] {dag.py:3834} INFO - Setting next_dagrun for example_skip_dag to 2024-05-12 00:00:00+00:00, run_after=2024-05-13 00:00:00+00:00
[2024-05-13T15:24:28.106+0000] {processor.py:183} INFO - Processing /home/airflow/.local/lib/python3.8/site-packages/airflow/example_dags/example_skip_dag.py took 0.070 seconds
[2024-05-13T15:24:58.202+0000] {processor.py:161} INFO - Started process (PID=1383) to work on /home/airflow/.local/lib/python3.8/site-packages/airflow/example_dags/example_skip_dag.py
[2024-05-13T15:24:58.203+0000] {processor.py:830} INFO - Processing file /home/airflow/.local/lib/python3.8/site-packages/airflow/example_dags/example_skip_dag.py for tasks to queue
[2024-05-13T15:24:58.205+0000] {logging_mixin.py:188} INFO - [2024-05-13T15:24:58.204+0000] {dagbag.py:540} INFO - Filling up the DagBag from /home/airflow/.local/lib/python3.8/site-packages/airflow/example_dags/example_skip_dag.py
[2024-05-13T15:24:58.210+0000] {processor.py:840} INFO - DAG(s) 'example_skip_dag' retrieved from /home/airflow/.local/lib/python3.8/site-packages/airflow/example_dags/example_skip_dag.py
[2024-05-13T15:24:58.231+0000] {logging_mixin.py:188} INFO - [2024-05-13T15:24:58.231+0000] {dag.py:3047} INFO - Sync 1 DAGs
[2024-05-13T15:24:58.251+0000] {logging_mixin.py:188} INFO - [2024-05-13T15:24:58.250+0000] {dag.py:3834} INFO - Setting next_dagrun for example_skip_dag to 2024-05-12 00:00:00+00:00, run_after=2024-05-13 00:00:00+00:00
[2024-05-13T15:24:58.266+0000] {processor.py:183} INFO - Processing /home/airflow/.local/lib/python3.8/site-packages/airflow/example_dags/example_skip_dag.py took 0.067 seconds
[2024-05-13T15:25:28.510+0000] {processor.py:161} INFO - Started process (PID=1452) to work on /home/airflow/.local/lib/python3.8/site-packages/airflow/example_dags/example_skip_dag.py
[2024-05-13T15:25:28.511+0000] {processor.py:830} INFO - Processing file /home/airflow/.local/lib/python3.8/site-packages/airflow/example_dags/example_skip_dag.py for tasks to queue
[2024-05-13T15:25:28.513+0000] {logging_mixin.py:188} INFO - [2024-05-13T15:25:28.512+0000] {dagbag.py:540} INFO - Filling up the DagBag from /home/airflow/.local/lib/python3.8/site-packages/airflow/example_dags/example_skip_dag.py
[2024-05-13T15:25:28.519+0000] {processor.py:840} INFO - DAG(s) 'example_skip_dag' retrieved from /home/airflow/.local/lib/python3.8/site-packages/airflow/example_dags/example_skip_dag.py
[2024-05-13T15:25:28.544+0000] {logging_mixin.py:188} INFO - [2024-05-13T15:25:28.543+0000] {dag.py:3047} INFO - Sync 1 DAGs
[2024-05-13T15:25:28.568+0000] {logging_mixin.py:188} INFO - [2024-05-13T15:25:28.567+0000] {dag.py:3834} INFO - Setting next_dagrun for example_skip_dag to 2024-05-12 00:00:00+00:00, run_after=2024-05-13 00:00:00+00:00
[2024-05-13T15:25:28.588+0000] {processor.py:183} INFO - Processing /home/airflow/.local/lib/python3.8/site-packages/airflow/example_dags/example_skip_dag.py took 0.081 seconds
[2024-05-13T15:25:58.933+0000] {processor.py:161} INFO - Started process (PID=1520) to work on /home/airflow/.local/lib/python3.8/site-packages/airflow/example_dags/example_skip_dag.py
[2024-05-13T15:25:58.934+0000] {processor.py:830} INFO - Processing file /home/airflow/.local/lib/python3.8/site-packages/airflow/example_dags/example_skip_dag.py for tasks to queue
[2024-05-13T15:25:58.935+0000] {logging_mixin.py:188} INFO - [2024-05-13T15:25:58.935+0000] {dagbag.py:540} INFO - Filling up the DagBag from /home/airflow/.local/lib/python3.8/site-packages/airflow/example_dags/example_skip_dag.py
[2024-05-13T15:25:58.941+0000] {processor.py:840} INFO - DAG(s) 'example_skip_dag' retrieved from /home/airflow/.local/lib/python3.8/site-packages/airflow/example_dags/example_skip_dag.py
[2024-05-13T15:25:58.963+0000] {logging_mixin.py:188} INFO - [2024-05-13T15:25:58.962+0000] {dag.py:3047} INFO - Sync 1 DAGs
[2024-05-13T15:25:58.982+0000] {logging_mixin.py:188} INFO - [2024-05-13T15:25:58.982+0000] {dag.py:3834} INFO - Setting next_dagrun for example_skip_dag to 2024-05-12 00:00:00+00:00, run_after=2024-05-13 00:00:00+00:00
[2024-05-13T15:25:59.001+0000] {processor.py:183} INFO - Processing /home/airflow/.local/lib/python3.8/site-packages/airflow/example_dags/example_skip_dag.py took 0.072 seconds
[2024-05-13T15:26:29.227+0000] {processor.py:161} INFO - Started process (PID=1588) to work on /home/airflow/.local/lib/python3.8/site-packages/airflow/example_dags/example_skip_dag.py
[2024-05-13T15:26:29.228+0000] {processor.py:830} INFO - Processing file /home/airflow/.local/lib/python3.8/site-packages/airflow/example_dags/example_skip_dag.py for tasks to queue
[2024-05-13T15:26:29.230+0000] {logging_mixin.py:188} INFO - [2024-05-13T15:26:29.229+0000] {dagbag.py:540} INFO - Filling up the DagBag from /home/airflow/.local/lib/python3.8/site-packages/airflow/example_dags/example_skip_dag.py
[2024-05-13T15:26:29.236+0000] {processor.py:840} INFO - DAG(s) 'example_skip_dag' retrieved from /home/airflow/.local/lib/python3.8/site-packages/airflow/example_dags/example_skip_dag.py
[2024-05-13T15:26:29.257+0000] {logging_mixin.py:188} INFO - [2024-05-13T15:26:29.256+0000] {dag.py:3047} INFO - Sync 1 DAGs
[2024-05-13T15:26:29.275+0000] {logging_mixin.py:188} INFO - [2024-05-13T15:26:29.275+0000] {dag.py:3834} INFO - Setting next_dagrun for example_skip_dag to 2024-05-12 00:00:00+00:00, run_after=2024-05-13 00:00:00+00:00
[2024-05-13T15:26:29.294+0000] {processor.py:183} INFO - Processing /home/airflow/.local/lib/python3.8/site-packages/airflow/example_dags/example_skip_dag.py took 0.070 seconds
[2024-05-13T15:26:59.636+0000] {processor.py:161} INFO - Started process (PID=1656) to work on /home/airflow/.local/lib/python3.8/site-packages/airflow/example_dags/example_skip_dag.py
[2024-05-13T15:26:59.637+0000] {processor.py:830} INFO - Processing file /home/airflow/.local/lib/python3.8/site-packages/airflow/example_dags/example_skip_dag.py for tasks to queue
[2024-05-13T15:26:59.639+0000] {logging_mixin.py:188} INFO - [2024-05-13T15:26:59.639+0000] {dagbag.py:540} INFO - Filling up the DagBag from /home/airflow/.local/lib/python3.8/site-packages/airflow/example_dags/example_skip_dag.py
[2024-05-13T15:26:59.645+0000] {processor.py:840} INFO - DAG(s) 'example_skip_dag' retrieved from /home/airflow/.local/lib/python3.8/site-packages/airflow/example_dags/example_skip_dag.py
[2024-05-13T15:26:59.664+0000] {logging_mixin.py:188} INFO - [2024-05-13T15:26:59.664+0000] {dag.py:3047} INFO - Sync 1 DAGs
[2024-05-13T15:26:59.684+0000] {logging_mixin.py:188} INFO - [2024-05-13T15:26:59.683+0000] {dag.py:3834} INFO - Setting next_dagrun for example_skip_dag to 2024-05-12 00:00:00+00:00, run_after=2024-05-13 00:00:00+00:00
[2024-05-13T15:26:59.702+0000] {processor.py:183} INFO - Processing /home/airflow/.local/lib/python3.8/site-packages/airflow/example_dags/example_skip_dag.py took 0.069 seconds
[2024-05-13T15:27:30.142+0000] {processor.py:161} INFO - Started process (PID=1724) to work on /home/airflow/.local/lib/python3.8/site-packages/airflow/example_dags/example_skip_dag.py
[2024-05-13T15:27:30.144+0000] {processor.py:830} INFO - Processing file /home/airflow/.local/lib/python3.8/site-packages/airflow/example_dags/example_skip_dag.py for tasks to queue
[2024-05-13T15:27:30.146+0000] {logging_mixin.py:188} INFO - [2024-05-13T15:27:30.146+0000] {dagbag.py:540} INFO - Filling up the DagBag from /home/airflow/.local/lib/python3.8/site-packages/airflow/example_dags/example_skip_dag.py
[2024-05-13T15:27:30.156+0000] {processor.py:840} INFO - DAG(s) 'example_skip_dag' retrieved from /home/airflow/.local/lib/python3.8/site-packages/airflow/example_dags/example_skip_dag.py
[2024-05-13T15:27:30.183+0000] {logging_mixin.py:188} INFO - [2024-05-13T15:27:30.182+0000] {dag.py:3047} INFO - Sync 1 DAGs
[2024-05-13T15:27:30.206+0000] {logging_mixin.py:188} INFO - [2024-05-13T15:27:30.206+0000] {dag.py:3834} INFO - Setting next_dagrun for example_skip_dag to 2024-05-12 00:00:00+00:00, run_after=2024-05-13 00:00:00+00:00
[2024-05-13T15:27:30.237+0000] {processor.py:183} INFO - Processing /home/airflow/.local/lib/python3.8/site-packages/airflow/example_dags/example_skip_dag.py took 0.098 seconds
[2024-05-13T15:28:00.317+0000] {processor.py:161} INFO - Started process (PID=1792) to work on /home/airflow/.local/lib/python3.8/site-packages/airflow/example_dags/example_skip_dag.py
[2024-05-13T15:28:00.317+0000] {processor.py:830} INFO - Processing file /home/airflow/.local/lib/python3.8/site-packages/airflow/example_dags/example_skip_dag.py for tasks to queue
[2024-05-13T15:28:00.319+0000] {logging_mixin.py:188} INFO - [2024-05-13T15:28:00.319+0000] {dagbag.py:540} INFO - Filling up the DagBag from /home/airflow/.local/lib/python3.8/site-packages/airflow/example_dags/example_skip_dag.py
[2024-05-13T15:28:00.325+0000] {processor.py:840} INFO - DAG(s) 'example_skip_dag' retrieved from /home/airflow/.local/lib/python3.8/site-packages/airflow/example_dags/example_skip_dag.py
[2024-05-13T15:28:00.345+0000] {logging_mixin.py:188} INFO - [2024-05-13T15:28:00.345+0000] {dag.py:3047} INFO - Sync 1 DAGs
[2024-05-13T15:28:00.364+0000] {logging_mixin.py:188} INFO - [2024-05-13T15:28:00.364+0000] {dag.py:3834} INFO - Setting next_dagrun for example_skip_dag to 2024-05-12 00:00:00+00:00, run_after=2024-05-13 00:00:00+00:00
[2024-05-13T15:28:00.383+0000] {processor.py:183} INFO - Processing /home/airflow/.local/lib/python3.8/site-packages/airflow/example_dags/example_skip_dag.py took 0.070 seconds
[2024-05-13T15:28:30.699+0000] {processor.py:161} INFO - Started process (PID=1860) to work on /home/airflow/.local/lib/python3.8/site-packages/airflow/example_dags/example_skip_dag.py
[2024-05-13T15:28:30.700+0000] {processor.py:830} INFO - Processing file /home/airflow/.local/lib/python3.8/site-packages/airflow/example_dags/example_skip_dag.py for tasks to queue
[2024-05-13T15:28:30.702+0000] {logging_mixin.py:188} INFO - [2024-05-13T15:28:30.702+0000] {dagbag.py:540} INFO - Filling up the DagBag from /home/airflow/.local/lib/python3.8/site-packages/airflow/example_dags/example_skip_dag.py
[2024-05-13T15:28:30.708+0000] {processor.py:840} INFO - DAG(s) 'example_skip_dag' retrieved from /home/airflow/.local/lib/python3.8/site-packages/airflow/example_dags/example_skip_dag.py
[2024-05-13T15:28:30.733+0000] {logging_mixin.py:188} INFO - [2024-05-13T15:28:30.733+0000] {dag.py:3047} INFO - Sync 1 DAGs
[2024-05-13T15:28:30.755+0000] {logging_mixin.py:188} INFO - [2024-05-13T15:28:30.755+0000] {dag.py:3834} INFO - Setting next_dagrun for example_skip_dag to 2024-05-12 00:00:00+00:00, run_after=2024-05-13 00:00:00+00:00
[2024-05-13T15:28:30.776+0000] {processor.py:183} INFO - Processing /home/airflow/.local/lib/python3.8/site-packages/airflow/example_dags/example_skip_dag.py took 0.081 seconds
[2024-05-13T15:29:00.904+0000] {processor.py:161} INFO - Started process (PID=1928) to work on /home/airflow/.local/lib/python3.8/site-packages/airflow/example_dags/example_skip_dag.py
[2024-05-13T15:29:00.905+0000] {processor.py:830} INFO - Processing file /home/airflow/.local/lib/python3.8/site-packages/airflow/example_dags/example_skip_dag.py for tasks to queue
[2024-05-13T15:29:00.907+0000] {logging_mixin.py:188} INFO - [2024-05-13T15:29:00.907+0000] {dagbag.py:540} INFO - Filling up the DagBag from /home/airflow/.local/lib/python3.8/site-packages/airflow/example_dags/example_skip_dag.py
[2024-05-13T15:29:00.915+0000] {processor.py:840} INFO - DAG(s) 'example_skip_dag' retrieved from /home/airflow/.local/lib/python3.8/site-packages/airflow/example_dags/example_skip_dag.py
[2024-05-13T15:29:00.937+0000] {logging_mixin.py:188} INFO - [2024-05-13T15:29:00.936+0000] {dag.py:3047} INFO - Sync 1 DAGs
[2024-05-13T15:29:00.960+0000] {logging_mixin.py:188} INFO - [2024-05-13T15:29:00.960+0000] {dag.py:3834} INFO - Setting next_dagrun for example_skip_dag to 2024-05-12 00:00:00+00:00, run_after=2024-05-13 00:00:00+00:00
[2024-05-13T15:29:00.985+0000] {processor.py:183} INFO - Processing /home/airflow/.local/lib/python3.8/site-packages/airflow/example_dags/example_skip_dag.py took 0.085 seconds
[2024-05-13T15:29:31.348+0000] {processor.py:161} INFO - Started process (PID=1996) to work on /home/airflow/.local/lib/python3.8/site-packages/airflow/example_dags/example_skip_dag.py
[2024-05-13T15:29:31.349+0000] {processor.py:830} INFO - Processing file /home/airflow/.local/lib/python3.8/site-packages/airflow/example_dags/example_skip_dag.py for tasks to queue
[2024-05-13T15:29:31.351+0000] {logging_mixin.py:188} INFO - [2024-05-13T15:29:31.351+0000] {dagbag.py:540} INFO - Filling up the DagBag from /home/airflow/.local/lib/python3.8/site-packages/airflow/example_dags/example_skip_dag.py
[2024-05-13T15:29:31.360+0000] {processor.py:840} INFO - DAG(s) 'example_skip_dag' retrieved from /home/airflow/.local/lib/python3.8/site-packages/airflow/example_dags/example_skip_dag.py
[2024-05-13T15:29:31.386+0000] {logging_mixin.py:188} INFO - [2024-05-13T15:29:31.385+0000] {dag.py:3047} INFO - Sync 1 DAGs
[2024-05-13T15:29:31.420+0000] {logging_mixin.py:188} INFO - [2024-05-13T15:29:31.420+0000] {dag.py:3834} INFO - Setting next_dagrun for example_skip_dag to 2024-05-12 00:00:00+00:00, run_after=2024-05-13 00:00:00+00:00
[2024-05-13T15:29:31.464+0000] {processor.py:183} INFO - Processing /home/airflow/.local/lib/python3.8/site-packages/airflow/example_dags/example_skip_dag.py took 0.120 seconds
[2024-05-13T15:30:02.222+0000] {processor.py:161} INFO - Started process (PID=2064) to work on /home/airflow/.local/lib/python3.8/site-packages/airflow/example_dags/example_skip_dag.py
[2024-05-13T15:30:02.223+0000] {processor.py:830} INFO - Processing file /home/airflow/.local/lib/python3.8/site-packages/airflow/example_dags/example_skip_dag.py for tasks to queue
[2024-05-13T15:30:02.225+0000] {logging_mixin.py:188} INFO - [2024-05-13T15:30:02.224+0000] {dagbag.py:540} INFO - Filling up the DagBag from /home/airflow/.local/lib/python3.8/site-packages/airflow/example_dags/example_skip_dag.py
[2024-05-13T15:30:02.230+0000] {processor.py:840} INFO - DAG(s) 'example_skip_dag' retrieved from /home/airflow/.local/lib/python3.8/site-packages/airflow/example_dags/example_skip_dag.py
[2024-05-13T15:30:02.250+0000] {logging_mixin.py:188} INFO - [2024-05-13T15:30:02.250+0000] {dag.py:3047} INFO - Sync 1 DAGs
[2024-05-13T15:30:02.269+0000] {logging_mixin.py:188} INFO - [2024-05-13T15:30:02.269+0000] {dag.py:3834} INFO - Setting next_dagrun for example_skip_dag to 2024-05-12 00:00:00+00:00, run_after=2024-05-13 00:00:00+00:00
[2024-05-13T15:30:02.289+0000] {processor.py:183} INFO - Processing /home/airflow/.local/lib/python3.8/site-packages/airflow/example_dags/example_skip_dag.py took 0.069 seconds
[2024-05-13T15:30:32.318+0000] {processor.py:161} INFO - Started process (PID=2131) to work on /home/airflow/.local/lib/python3.8/site-packages/airflow/example_dags/example_skip_dag.py
[2024-05-13T15:30:32.319+0000] {processor.py:830} INFO - Processing file /home/airflow/.local/lib/python3.8/site-packages/airflow/example_dags/example_skip_dag.py for tasks to queue
[2024-05-13T15:30:32.321+0000] {logging_mixin.py:188} INFO - [2024-05-13T15:30:32.321+0000] {dagbag.py:540} INFO - Filling up the DagBag from /home/airflow/.local/lib/python3.8/site-packages/airflow/example_dags/example_skip_dag.py
[2024-05-13T15:30:32.327+0000] {processor.py:840} INFO - DAG(s) 'example_skip_dag' retrieved from /home/airflow/.local/lib/python3.8/site-packages/airflow/example_dags/example_skip_dag.py
[2024-05-13T15:30:32.346+0000] {logging_mixin.py:188} INFO - [2024-05-13T15:30:32.345+0000] {dag.py:3047} INFO - Sync 1 DAGs
[2024-05-13T15:30:32.365+0000] {logging_mixin.py:188} INFO - [2024-05-13T15:30:32.365+0000] {dag.py:3834} INFO - Setting next_dagrun for example_skip_dag to 2024-05-12 00:00:00+00:00, run_after=2024-05-13 00:00:00+00:00
[2024-05-13T15:30:32.384+0000] {processor.py:183} INFO - Processing /home/airflow/.local/lib/python3.8/site-packages/airflow/example_dags/example_skip_dag.py took 0.068 seconds
[2024-05-13T15:31:02.420+0000] {processor.py:161} INFO - Started process (PID=2199) to work on /home/airflow/.local/lib/python3.8/site-packages/airflow/example_dags/example_skip_dag.py
[2024-05-13T15:31:02.421+0000] {processor.py:830} INFO - Processing file /home/airflow/.local/lib/python3.8/site-packages/airflow/example_dags/example_skip_dag.py for tasks to queue
[2024-05-13T15:31:02.423+0000] {logging_mixin.py:188} INFO - [2024-05-13T15:31:02.423+0000] {dagbag.py:540} INFO - Filling up the DagBag from /home/airflow/.local/lib/python3.8/site-packages/airflow/example_dags/example_skip_dag.py
[2024-05-13T15:31:02.429+0000] {processor.py:840} INFO - DAG(s) 'example_skip_dag' retrieved from /home/airflow/.local/lib/python3.8/site-packages/airflow/example_dags/example_skip_dag.py
[2024-05-13T15:31:02.447+0000] {logging_mixin.py:188} INFO - [2024-05-13T15:31:02.447+0000] {dag.py:3047} INFO - Sync 1 DAGs
[2024-05-13T15:31:02.468+0000] {logging_mixin.py:188} INFO - [2024-05-13T15:31:02.468+0000] {dag.py:3834} INFO - Setting next_dagrun for example_skip_dag to 2024-05-12 00:00:00+00:00, run_after=2024-05-13 00:00:00+00:00
[2024-05-13T15:31:02.484+0000] {processor.py:183} INFO - Processing /home/airflow/.local/lib/python3.8/site-packages/airflow/example_dags/example_skip_dag.py took 0.067 seconds
[2024-05-13T15:31:32.644+0000] {processor.py:161} INFO - Started process (PID=2267) to work on /home/airflow/.local/lib/python3.8/site-packages/airflow/example_dags/example_skip_dag.py
[2024-05-13T15:31:32.645+0000] {processor.py:830} INFO - Processing file /home/airflow/.local/lib/python3.8/site-packages/airflow/example_dags/example_skip_dag.py for tasks to queue
[2024-05-13T15:31:32.647+0000] {logging_mixin.py:188} INFO - [2024-05-13T15:31:32.647+0000] {dagbag.py:540} INFO - Filling up the DagBag from /home/airflow/.local/lib/python3.8/site-packages/airflow/example_dags/example_skip_dag.py
[2024-05-13T15:31:32.653+0000] {processor.py:840} INFO - DAG(s) 'example_skip_dag' retrieved from /home/airflow/.local/lib/python3.8/site-packages/airflow/example_dags/example_skip_dag.py
[2024-05-13T15:31:32.672+0000] {logging_mixin.py:188} INFO - [2024-05-13T15:31:32.672+0000] {dag.py:3047} INFO - Sync 1 DAGs
[2024-05-13T15:31:32.691+0000] {logging_mixin.py:188} INFO - [2024-05-13T15:31:32.691+0000] {dag.py:3834} INFO - Setting next_dagrun for example_skip_dag to 2024-05-12 00:00:00+00:00, run_after=2024-05-13 00:00:00+00:00
[2024-05-13T15:31:32.708+0000] {processor.py:183} INFO - Processing /home/airflow/.local/lib/python3.8/site-packages/airflow/example_dags/example_skip_dag.py took 0.066 seconds
[2024-05-13T15:32:03.131+0000] {processor.py:161} INFO - Started process (PID=2336) to work on /home/airflow/.local/lib/python3.8/site-packages/airflow/example_dags/example_skip_dag.py
[2024-05-13T15:32:03.132+0000] {processor.py:830} INFO - Processing file /home/airflow/.local/lib/python3.8/site-packages/airflow/example_dags/example_skip_dag.py for tasks to queue
[2024-05-13T15:32:03.133+0000] {logging_mixin.py:188} INFO - [2024-05-13T15:32:03.133+0000] {dagbag.py:540} INFO - Filling up the DagBag from /home/airflow/.local/lib/python3.8/site-packages/airflow/example_dags/example_skip_dag.py
[2024-05-13T15:32:03.140+0000] {processor.py:840} INFO - DAG(s) 'example_skip_dag' retrieved from /home/airflow/.local/lib/python3.8/site-packages/airflow/example_dags/example_skip_dag.py
[2024-05-13T15:32:03.159+0000] {logging_mixin.py:188} INFO - [2024-05-13T15:32:03.159+0000] {dag.py:3047} INFO - Sync 1 DAGs
[2024-05-13T15:32:03.179+0000] {logging_mixin.py:188} INFO - [2024-05-13T15:32:03.179+0000] {dag.py:3834} INFO - Setting next_dagrun for example_skip_dag to 2024-05-12 00:00:00+00:00, run_after=2024-05-13 00:00:00+00:00
[2024-05-13T15:32:03.197+0000] {processor.py:183} INFO - Processing /home/airflow/.local/lib/python3.8/site-packages/airflow/example_dags/example_skip_dag.py took 0.069 seconds
[2024-05-13T15:32:33.766+0000] {processor.py:161} INFO - Started process (PID=2404) to work on /home/airflow/.local/lib/python3.8/site-packages/airflow/example_dags/example_skip_dag.py
[2024-05-13T15:32:33.767+0000] {processor.py:830} INFO - Processing file /home/airflow/.local/lib/python3.8/site-packages/airflow/example_dags/example_skip_dag.py for tasks to queue
[2024-05-13T15:32:33.769+0000] {logging_mixin.py:188} INFO - [2024-05-13T15:32:33.769+0000] {dagbag.py:540} INFO - Filling up the DagBag from /home/airflow/.local/lib/python3.8/site-packages/airflow/example_dags/example_skip_dag.py
[2024-05-13T15:32:33.776+0000] {processor.py:840} INFO - DAG(s) 'example_skip_dag' retrieved from /home/airflow/.local/lib/python3.8/site-packages/airflow/example_dags/example_skip_dag.py
[2024-05-13T15:32:33.798+0000] {logging_mixin.py:188} INFO - [2024-05-13T15:32:33.798+0000] {dag.py:3047} INFO - Sync 1 DAGs
[2024-05-13T15:32:33.818+0000] {logging_mixin.py:188} INFO - [2024-05-13T15:32:33.817+0000] {dag.py:3834} INFO - Setting next_dagrun for example_skip_dag to 2024-05-12 00:00:00+00:00, run_after=2024-05-13 00:00:00+00:00
[2024-05-13T15:32:33.837+0000] {processor.py:183} INFO - Processing /home/airflow/.local/lib/python3.8/site-packages/airflow/example_dags/example_skip_dag.py took 0.074 seconds
[2024-05-13T15:33:04.130+0000] {processor.py:161} INFO - Started process (PID=2472) to work on /home/airflow/.local/lib/python3.8/site-packages/airflow/example_dags/example_skip_dag.py
[2024-05-13T15:33:04.131+0000] {processor.py:830} INFO - Processing file /home/airflow/.local/lib/python3.8/site-packages/airflow/example_dags/example_skip_dag.py for tasks to queue
[2024-05-13T15:33:04.133+0000] {logging_mixin.py:188} INFO - [2024-05-13T15:33:04.133+0000] {dagbag.py:540} INFO - Filling up the DagBag from /home/airflow/.local/lib/python3.8/site-packages/airflow/example_dags/example_skip_dag.py
[2024-05-13T15:33:04.143+0000] {processor.py:840} INFO - DAG(s) 'example_skip_dag' retrieved from /home/airflow/.local/lib/python3.8/site-packages/airflow/example_dags/example_skip_dag.py
[2024-05-13T15:33:04.164+0000] {logging_mixin.py:188} INFO - [2024-05-13T15:33:04.163+0000] {dag.py:3047} INFO - Sync 1 DAGs
[2024-05-13T15:33:04.190+0000] {logging_mixin.py:188} INFO - [2024-05-13T15:33:04.190+0000] {dag.py:3834} INFO - Setting next_dagrun for example_skip_dag to 2024-05-12 00:00:00+00:00, run_after=2024-05-13 00:00:00+00:00
[2024-05-13T15:33:04.210+0000] {processor.py:183} INFO - Processing /home/airflow/.local/lib/python3.8/site-packages/airflow/example_dags/example_skip_dag.py took 0.083 seconds
[2024-05-13T15:33:35.014+0000] {processor.py:161} INFO - Started process (PID=2540) to work on /home/airflow/.local/lib/python3.8/site-packages/airflow/example_dags/example_skip_dag.py
[2024-05-13T15:33:35.016+0000] {processor.py:830} INFO - Processing file /home/airflow/.local/lib/python3.8/site-packages/airflow/example_dags/example_skip_dag.py for tasks to queue
[2024-05-13T15:33:35.018+0000] {logging_mixin.py:188} INFO - [2024-05-13T15:33:35.018+0000] {dagbag.py:540} INFO - Filling up the DagBag from /home/airflow/.local/lib/python3.8/site-packages/airflow/example_dags/example_skip_dag.py
[2024-05-13T15:33:35.029+0000] {processor.py:840} INFO - DAG(s) 'example_skip_dag' retrieved from /home/airflow/.local/lib/python3.8/site-packages/airflow/example_dags/example_skip_dag.py
[2024-05-13T15:33:35.056+0000] {logging_mixin.py:188} INFO - [2024-05-13T15:33:35.055+0000] {dag.py:3047} INFO - Sync 1 DAGs
[2024-05-13T15:33:35.092+0000] {logging_mixin.py:188} INFO - [2024-05-13T15:33:35.092+0000] {dag.py:3834} INFO - Setting next_dagrun for example_skip_dag to 2024-05-12 00:00:00+00:00, run_after=2024-05-13 00:00:00+00:00
[2024-05-13T15:33:35.126+0000] {processor.py:183} INFO - Processing /home/airflow/.local/lib/python3.8/site-packages/airflow/example_dags/example_skip_dag.py took 0.116 seconds
[2024-05-13T15:34:05.744+0000] {processor.py:161} INFO - Started process (PID=2608) to work on /home/airflow/.local/lib/python3.8/site-packages/airflow/example_dags/example_skip_dag.py
[2024-05-13T15:34:05.745+0000] {processor.py:830} INFO - Processing file /home/airflow/.local/lib/python3.8/site-packages/airflow/example_dags/example_skip_dag.py for tasks to queue
[2024-05-13T15:34:05.747+0000] {logging_mixin.py:188} INFO - [2024-05-13T15:34:05.747+0000] {dagbag.py:540} INFO - Filling up the DagBag from /home/airflow/.local/lib/python3.8/site-packages/airflow/example_dags/example_skip_dag.py
[2024-05-13T15:34:05.753+0000] {processor.py:840} INFO - DAG(s) 'example_skip_dag' retrieved from /home/airflow/.local/lib/python3.8/site-packages/airflow/example_dags/example_skip_dag.py
[2024-05-13T15:34:05.773+0000] {logging_mixin.py:188} INFO - [2024-05-13T15:34:05.772+0000] {dag.py:3047} INFO - Sync 1 DAGs
[2024-05-13T15:34:05.795+0000] {logging_mixin.py:188} INFO - [2024-05-13T15:34:05.795+0000] {dag.py:3834} INFO - Setting next_dagrun for example_skip_dag to 2024-05-12 00:00:00+00:00, run_after=2024-05-13 00:00:00+00:00
[2024-05-13T15:34:05.814+0000] {processor.py:183} INFO - Processing /home/airflow/.local/lib/python3.8/site-packages/airflow/example_dags/example_skip_dag.py took 0.074 seconds
[2024-05-13T15:34:36.248+0000] {processor.py:161} INFO - Started process (PID=2677) to work on /home/airflow/.local/lib/python3.8/site-packages/airflow/example_dags/example_skip_dag.py
[2024-05-13T15:34:36.249+0000] {processor.py:830} INFO - Processing file /home/airflow/.local/lib/python3.8/site-packages/airflow/example_dags/example_skip_dag.py for tasks to queue
[2024-05-13T15:34:36.253+0000] {logging_mixin.py:188} INFO - [2024-05-13T15:34:36.253+0000] {dagbag.py:540} INFO - Filling up the DagBag from /home/airflow/.local/lib/python3.8/site-packages/airflow/example_dags/example_skip_dag.py
[2024-05-13T15:34:36.259+0000] {processor.py:840} INFO - DAG(s) 'example_skip_dag' retrieved from /home/airflow/.local/lib/python3.8/site-packages/airflow/example_dags/example_skip_dag.py
[2024-05-13T15:34:36.278+0000] {logging_mixin.py:188} INFO - [2024-05-13T15:34:36.278+0000] {dag.py:3047} INFO - Sync 1 DAGs
[2024-05-13T15:34:36.299+0000] {logging_mixin.py:188} INFO - [2024-05-13T15:34:36.299+0000] {dag.py:3834} INFO - Setting next_dagrun for example_skip_dag to 2024-05-12 00:00:00+00:00, run_after=2024-05-13 00:00:00+00:00
[2024-05-13T15:34:36.314+0000] {processor.py:183} INFO - Processing /home/airflow/.local/lib/python3.8/site-packages/airflow/example_dags/example_skip_dag.py took 0.069 seconds
[2024-05-13T15:35:06.905+0000] {processor.py:161} INFO - Started process (PID=2745) to work on /home/airflow/.local/lib/python3.8/site-packages/airflow/example_dags/example_skip_dag.py
[2024-05-13T15:35:06.906+0000] {processor.py:830} INFO - Processing file /home/airflow/.local/lib/python3.8/site-packages/airflow/example_dags/example_skip_dag.py for tasks to queue
[2024-05-13T15:35:06.909+0000] {logging_mixin.py:188} INFO - [2024-05-13T15:35:06.908+0000] {dagbag.py:540} INFO - Filling up the DagBag from /home/airflow/.local/lib/python3.8/site-packages/airflow/example_dags/example_skip_dag.py
[2024-05-13T15:35:06.916+0000] {processor.py:840} INFO - DAG(s) 'example_skip_dag' retrieved from /home/airflow/.local/lib/python3.8/site-packages/airflow/example_dags/example_skip_dag.py
[2024-05-13T15:35:06.937+0000] {logging_mixin.py:188} INFO - [2024-05-13T15:35:06.937+0000] {dag.py:3047} INFO - Sync 1 DAGs
[2024-05-13T15:35:06.962+0000] {logging_mixin.py:188} INFO - [2024-05-13T15:35:06.962+0000] {dag.py:3834} INFO - Setting next_dagrun for example_skip_dag to 2024-05-12 00:00:00+00:00, run_after=2024-05-13 00:00:00+00:00
[2024-05-13T15:35:06.982+0000] {processor.py:183} INFO - Processing /home/airflow/.local/lib/python3.8/site-packages/airflow/example_dags/example_skip_dag.py took 0.080 seconds
[2024-05-13T15:35:37.473+0000] {processor.py:161} INFO - Started process (PID=2813) to work on /home/airflow/.local/lib/python3.8/site-packages/airflow/example_dags/example_skip_dag.py
[2024-05-13T15:35:37.474+0000] {processor.py:830} INFO - Processing file /home/airflow/.local/lib/python3.8/site-packages/airflow/example_dags/example_skip_dag.py for tasks to queue
[2024-05-13T15:35:37.476+0000] {logging_mixin.py:188} INFO - [2024-05-13T15:35:37.476+0000] {dagbag.py:540} INFO - Filling up the DagBag from /home/airflow/.local/lib/python3.8/site-packages/airflow/example_dags/example_skip_dag.py
[2024-05-13T15:35:37.482+0000] {processor.py:840} INFO - DAG(s) 'example_skip_dag' retrieved from /home/airflow/.local/lib/python3.8/site-packages/airflow/example_dags/example_skip_dag.py
[2024-05-13T15:35:37.501+0000] {logging_mixin.py:188} INFO - [2024-05-13T15:35:37.500+0000] {dag.py:3047} INFO - Sync 1 DAGs
[2024-05-13T15:35:37.519+0000] {logging_mixin.py:188} INFO - [2024-05-13T15:35:37.519+0000] {dag.py:3834} INFO - Setting next_dagrun for example_skip_dag to 2024-05-12 00:00:00+00:00, run_after=2024-05-13 00:00:00+00:00
[2024-05-13T15:35:37.540+0000] {processor.py:183} INFO - Processing /home/airflow/.local/lib/python3.8/site-packages/airflow/example_dags/example_skip_dag.py took 0.070 seconds
[2024-05-13T15:36:08.042+0000] {processor.py:161} INFO - Started process (PID=2880) to work on /home/airflow/.local/lib/python3.8/site-packages/airflow/example_dags/example_skip_dag.py
[2024-05-13T15:36:08.044+0000] {processor.py:830} INFO - Processing file /home/airflow/.local/lib/python3.8/site-packages/airflow/example_dags/example_skip_dag.py for tasks to queue
[2024-05-13T15:36:08.045+0000] {logging_mixin.py:188} INFO - [2024-05-13T15:36:08.045+0000] {dagbag.py:540} INFO - Filling up the DagBag from /home/airflow/.local/lib/python3.8/site-packages/airflow/example_dags/example_skip_dag.py
[2024-05-13T15:36:08.053+0000] {processor.py:840} INFO - DAG(s) 'example_skip_dag' retrieved from /home/airflow/.local/lib/python3.8/site-packages/airflow/example_dags/example_skip_dag.py
[2024-05-13T15:36:08.081+0000] {logging_mixin.py:188} INFO - [2024-05-13T15:36:08.081+0000] {dag.py:3047} INFO - Sync 1 DAGs
[2024-05-13T15:36:08.107+0000] {logging_mixin.py:188} INFO - [2024-05-13T15:36:08.107+0000] {dag.py:3834} INFO - Setting next_dagrun for example_skip_dag to 2024-05-12 00:00:00+00:00, run_after=2024-05-13 00:00:00+00:00
[2024-05-13T15:36:08.138+0000] {processor.py:183} INFO - Processing /home/airflow/.local/lib/python3.8/site-packages/airflow/example_dags/example_skip_dag.py took 0.099 seconds
[2024-05-13T15:36:38.306+0000] {processor.py:161} INFO - Started process (PID=2936) to work on /home/airflow/.local/lib/python3.8/site-packages/airflow/example_dags/example_skip_dag.py
[2024-05-13T15:36:38.307+0000] {processor.py:830} INFO - Processing file /home/airflow/.local/lib/python3.8/site-packages/airflow/example_dags/example_skip_dag.py for tasks to queue
[2024-05-13T15:36:38.308+0000] {logging_mixin.py:188} INFO - [2024-05-13T15:36:38.308+0000] {dagbag.py:540} INFO - Filling up the DagBag from /home/airflow/.local/lib/python3.8/site-packages/airflow/example_dags/example_skip_dag.py
[2024-05-13T15:36:38.314+0000] {processor.py:840} INFO - DAG(s) 'example_skip_dag' retrieved from /home/airflow/.local/lib/python3.8/site-packages/airflow/example_dags/example_skip_dag.py
[2024-05-13T15:36:38.334+0000] {logging_mixin.py:188} INFO - [2024-05-13T15:36:38.333+0000] {dag.py:3047} INFO - Sync 1 DAGs
[2024-05-13T15:36:38.354+0000] {logging_mixin.py:188} INFO - [2024-05-13T15:36:38.353+0000] {dag.py:3834} INFO - Setting next_dagrun for example_skip_dag to 2024-05-12 00:00:00+00:00, run_after=2024-05-13 00:00:00+00:00
[2024-05-13T15:36:38.371+0000] {processor.py:183} INFO - Processing /home/airflow/.local/lib/python3.8/site-packages/airflow/example_dags/example_skip_dag.py took 0.068 seconds
[2024-05-13T15:37:09.263+0000] {processor.py:161} INFO - Started process (PID=3004) to work on /home/airflow/.local/lib/python3.8/site-packages/airflow/example_dags/example_skip_dag.py
[2024-05-13T15:37:09.264+0000] {processor.py:830} INFO - Processing file /home/airflow/.local/lib/python3.8/site-packages/airflow/example_dags/example_skip_dag.py for tasks to queue
[2024-05-13T15:37:09.266+0000] {logging_mixin.py:188} INFO - [2024-05-13T15:37:09.266+0000] {dagbag.py:540} INFO - Filling up the DagBag from /home/airflow/.local/lib/python3.8/site-packages/airflow/example_dags/example_skip_dag.py
[2024-05-13T15:37:09.272+0000] {processor.py:840} INFO - DAG(s) 'example_skip_dag' retrieved from /home/airflow/.local/lib/python3.8/site-packages/airflow/example_dags/example_skip_dag.py
[2024-05-13T15:37:09.292+0000] {logging_mixin.py:188} INFO - [2024-05-13T15:37:09.292+0000] {dag.py:3047} INFO - Sync 1 DAGs
[2024-05-13T15:37:09.312+0000] {logging_mixin.py:188} INFO - [2024-05-13T15:37:09.312+0000] {dag.py:3834} INFO - Setting next_dagrun for example_skip_dag to 2024-05-12 00:00:00+00:00, run_after=2024-05-13 00:00:00+00:00
[2024-05-13T15:37:09.329+0000] {processor.py:183} INFO - Processing /home/airflow/.local/lib/python3.8/site-packages/airflow/example_dags/example_skip_dag.py took 0.069 seconds
[2024-05-13T15:37:39.651+0000] {processor.py:161} INFO - Started process (PID=3072) to work on /home/airflow/.local/lib/python3.8/site-packages/airflow/example_dags/example_skip_dag.py
[2024-05-13T15:37:39.652+0000] {processor.py:830} INFO - Processing file /home/airflow/.local/lib/python3.8/site-packages/airflow/example_dags/example_skip_dag.py for tasks to queue
[2024-05-13T15:37:39.654+0000] {logging_mixin.py:188} INFO - [2024-05-13T15:37:39.654+0000] {dagbag.py:540} INFO - Filling up the DagBag from /home/airflow/.local/lib/python3.8/site-packages/airflow/example_dags/example_skip_dag.py
[2024-05-13T15:37:39.660+0000] {processor.py:840} INFO - DAG(s) 'example_skip_dag' retrieved from /home/airflow/.local/lib/python3.8/site-packages/airflow/example_dags/example_skip_dag.py
[2024-05-13T15:37:39.685+0000] {logging_mixin.py:188} INFO - [2024-05-13T15:37:39.684+0000] {dag.py:3047} INFO - Sync 1 DAGs
[2024-05-13T15:37:39.705+0000] {logging_mixin.py:188} INFO - [2024-05-13T15:37:39.705+0000] {dag.py:3834} INFO - Setting next_dagrun for example_skip_dag to 2024-05-12 00:00:00+00:00, run_after=2024-05-13 00:00:00+00:00
[2024-05-13T15:37:39.727+0000] {processor.py:183} INFO - Processing /home/airflow/.local/lib/python3.8/site-packages/airflow/example_dags/example_skip_dag.py took 0.079 seconds
[2024-05-13T15:38:10.194+0000] {processor.py:161} INFO - Started process (PID=3140) to work on /home/airflow/.local/lib/python3.8/site-packages/airflow/example_dags/example_skip_dag.py
[2024-05-13T15:38:10.196+0000] {processor.py:830} INFO - Processing file /home/airflow/.local/lib/python3.8/site-packages/airflow/example_dags/example_skip_dag.py for tasks to queue
[2024-05-13T15:38:10.199+0000] {logging_mixin.py:188} INFO - [2024-05-13T15:38:10.198+0000] {dagbag.py:540} INFO - Filling up the DagBag from /home/airflow/.local/lib/python3.8/site-packages/airflow/example_dags/example_skip_dag.py
[2024-05-13T15:38:10.208+0000] {processor.py:840} INFO - DAG(s) 'example_skip_dag' retrieved from /home/airflow/.local/lib/python3.8/site-packages/airflow/example_dags/example_skip_dag.py
[2024-05-13T15:38:10.232+0000] {logging_mixin.py:188} INFO - [2024-05-13T15:38:10.232+0000] {dag.py:3047} INFO - Sync 1 DAGs
[2024-05-13T15:38:10.255+0000] {logging_mixin.py:188} INFO - [2024-05-13T15:38:10.255+0000] {dag.py:3834} INFO - Setting next_dagrun for example_skip_dag to 2024-05-12 00:00:00+00:00, run_after=2024-05-13 00:00:00+00:00
[2024-05-13T15:38:10.283+0000] {processor.py:183} INFO - Processing /home/airflow/.local/lib/python3.8/site-packages/airflow/example_dags/example_skip_dag.py took 0.092 seconds
[2024-05-13T15:38:40.857+0000] {processor.py:161} INFO - Started process (PID=3208) to work on /home/airflow/.local/lib/python3.8/site-packages/airflow/example_dags/example_skip_dag.py
[2024-05-13T15:38:40.858+0000] {processor.py:830} INFO - Processing file /home/airflow/.local/lib/python3.8/site-packages/airflow/example_dags/example_skip_dag.py for tasks to queue
[2024-05-13T15:38:40.859+0000] {logging_mixin.py:188} INFO - [2024-05-13T15:38:40.859+0000] {dagbag.py:540} INFO - Filling up the DagBag from /home/airflow/.local/lib/python3.8/site-packages/airflow/example_dags/example_skip_dag.py
[2024-05-13T15:38:40.866+0000] {processor.py:840} INFO - DAG(s) 'example_skip_dag' retrieved from /home/airflow/.local/lib/python3.8/site-packages/airflow/example_dags/example_skip_dag.py
[2024-05-13T15:38:40.890+0000] {logging_mixin.py:188} INFO - [2024-05-13T15:38:40.890+0000] {dag.py:3047} INFO - Sync 1 DAGs
[2024-05-13T15:38:40.913+0000] {logging_mixin.py:188} INFO - [2024-05-13T15:38:40.912+0000] {dag.py:3834} INFO - Setting next_dagrun for example_skip_dag to 2024-05-12 00:00:00+00:00, run_after=2024-05-13 00:00:00+00:00
[2024-05-13T15:38:40.931+0000] {processor.py:183} INFO - Processing /home/airflow/.local/lib/python3.8/site-packages/airflow/example_dags/example_skip_dag.py took 0.078 seconds
[2024-05-13T15:39:11.804+0000] {processor.py:161} INFO - Started process (PID=3276) to work on /home/airflow/.local/lib/python3.8/site-packages/airflow/example_dags/example_skip_dag.py
[2024-05-13T15:39:11.806+0000] {processor.py:830} INFO - Processing file /home/airflow/.local/lib/python3.8/site-packages/airflow/example_dags/example_skip_dag.py for tasks to queue
[2024-05-13T15:39:11.808+0000] {logging_mixin.py:188} INFO - [2024-05-13T15:39:11.808+0000] {dagbag.py:540} INFO - Filling up the DagBag from /home/airflow/.local/lib/python3.8/site-packages/airflow/example_dags/example_skip_dag.py
[2024-05-13T15:39:11.818+0000] {processor.py:840} INFO - DAG(s) 'example_skip_dag' retrieved from /home/airflow/.local/lib/python3.8/site-packages/airflow/example_dags/example_skip_dag.py
[2024-05-13T15:39:11.858+0000] {logging_mixin.py:188} INFO - [2024-05-13T15:39:11.857+0000] {dag.py:3047} INFO - Sync 1 DAGs
[2024-05-13T15:39:12.027+0000] {logging_mixin.py:188} INFO - [2024-05-13T15:39:12.027+0000] {dag.py:3834} INFO - Setting next_dagrun for example_skip_dag to 2024-05-12 00:00:00+00:00, run_after=2024-05-13 00:00:00+00:00
[2024-05-13T15:39:12.052+0000] {processor.py:183} INFO - Processing /home/airflow/.local/lib/python3.8/site-packages/airflow/example_dags/example_skip_dag.py took 0.252 seconds
[2024-05-13T15:39:42.224+0000] {processor.py:161} INFO - Started process (PID=3344) to work on /home/airflow/.local/lib/python3.8/site-packages/airflow/example_dags/example_skip_dag.py
[2024-05-13T15:39:42.225+0000] {processor.py:830} INFO - Processing file /home/airflow/.local/lib/python3.8/site-packages/airflow/example_dags/example_skip_dag.py for tasks to queue
[2024-05-13T15:39:42.227+0000] {logging_mixin.py:188} INFO - [2024-05-13T15:39:42.227+0000] {dagbag.py:540} INFO - Filling up the DagBag from /home/airflow/.local/lib/python3.8/site-packages/airflow/example_dags/example_skip_dag.py
[2024-05-13T15:39:42.234+0000] {processor.py:840} INFO - DAG(s) 'example_skip_dag' retrieved from /home/airflow/.local/lib/python3.8/site-packages/airflow/example_dags/example_skip_dag.py
[2024-05-13T15:39:42.259+0000] {logging_mixin.py:188} INFO - [2024-05-13T15:39:42.259+0000] {dag.py:3047} INFO - Sync 1 DAGs
[2024-05-13T15:39:42.296+0000] {logging_mixin.py:188} INFO - [2024-05-13T15:39:42.295+0000] {dag.py:3834} INFO - Setting next_dagrun for example_skip_dag to 2024-05-12 00:00:00+00:00, run_after=2024-05-13 00:00:00+00:00
[2024-05-13T15:39:42.443+0000] {processor.py:183} INFO - Processing /home/airflow/.local/lib/python3.8/site-packages/airflow/example_dags/example_skip_dag.py took 0.222 seconds
[2024-05-13T15:40:13.116+0000] {processor.py:161} INFO - Started process (PID=3412) to work on /home/airflow/.local/lib/python3.8/site-packages/airflow/example_dags/example_skip_dag.py
[2024-05-13T15:40:13.117+0000] {processor.py:830} INFO - Processing file /home/airflow/.local/lib/python3.8/site-packages/airflow/example_dags/example_skip_dag.py for tasks to queue
[2024-05-13T15:40:13.120+0000] {logging_mixin.py:188} INFO - [2024-05-13T15:40:13.119+0000] {dagbag.py:540} INFO - Filling up the DagBag from /home/airflow/.local/lib/python3.8/site-packages/airflow/example_dags/example_skip_dag.py
[2024-05-13T15:40:13.127+0000] {processor.py:840} INFO - DAG(s) 'example_skip_dag' retrieved from /home/airflow/.local/lib/python3.8/site-packages/airflow/example_dags/example_skip_dag.py
[2024-05-13T15:40:13.154+0000] {logging_mixin.py:188} INFO - [2024-05-13T15:40:13.154+0000] {dag.py:3047} INFO - Sync 1 DAGs
[2024-05-13T15:40:13.184+0000] {logging_mixin.py:188} INFO - [2024-05-13T15:40:13.184+0000] {dag.py:3834} INFO - Setting next_dagrun for example_skip_dag to 2024-05-12 00:00:00+00:00, run_after=2024-05-13 00:00:00+00:00
[2024-05-13T15:40:13.208+0000] {processor.py:183} INFO - Processing /home/airflow/.local/lib/python3.8/site-packages/airflow/example_dags/example_skip_dag.py took 0.096 seconds
[2024-05-13T15:40:44.125+0000] {processor.py:161} INFO - Started process (PID=3480) to work on /home/airflow/.local/lib/python3.8/site-packages/airflow/example_dags/example_skip_dag.py
[2024-05-13T15:40:44.126+0000] {processor.py:830} INFO - Processing file /home/airflow/.local/lib/python3.8/site-packages/airflow/example_dags/example_skip_dag.py for tasks to queue
[2024-05-13T15:40:44.129+0000] {logging_mixin.py:188} INFO - [2024-05-13T15:40:44.129+0000] {dagbag.py:540} INFO - Filling up the DagBag from /home/airflow/.local/lib/python3.8/site-packages/airflow/example_dags/example_skip_dag.py
[2024-05-13T15:40:44.136+0000] {processor.py:840} INFO - DAG(s) 'example_skip_dag' retrieved from /home/airflow/.local/lib/python3.8/site-packages/airflow/example_dags/example_skip_dag.py
[2024-05-13T15:40:44.158+0000] {logging_mixin.py:188} INFO - [2024-05-13T15:40:44.158+0000] {dag.py:3047} INFO - Sync 1 DAGs
[2024-05-13T15:40:44.185+0000] {logging_mixin.py:188} INFO - [2024-05-13T15:40:44.185+0000] {dag.py:3834} INFO - Setting next_dagrun for example_skip_dag to 2024-05-12 00:00:00+00:00, run_after=2024-05-13 00:00:00+00:00
[2024-05-13T15:40:44.206+0000] {processor.py:183} INFO - Processing /home/airflow/.local/lib/python3.8/site-packages/airflow/example_dags/example_skip_dag.py took 0.085 seconds
[2024-05-13T15:41:14.359+0000] {processor.py:161} INFO - Started process (PID=3547) to work on /home/airflow/.local/lib/python3.8/site-packages/airflow/example_dags/example_skip_dag.py
[2024-05-13T15:41:14.360+0000] {processor.py:830} INFO - Processing file /home/airflow/.local/lib/python3.8/site-packages/airflow/example_dags/example_skip_dag.py for tasks to queue
[2024-05-13T15:41:14.362+0000] {logging_mixin.py:188} INFO - [2024-05-13T15:41:14.362+0000] {dagbag.py:540} INFO - Filling up the DagBag from /home/airflow/.local/lib/python3.8/site-packages/airflow/example_dags/example_skip_dag.py
[2024-05-13T15:41:14.370+0000] {processor.py:840} INFO - DAG(s) 'example_skip_dag' retrieved from /home/airflow/.local/lib/python3.8/site-packages/airflow/example_dags/example_skip_dag.py
[2024-05-13T15:41:14.392+0000] {logging_mixin.py:188} INFO - [2024-05-13T15:41:14.391+0000] {dag.py:3047} INFO - Sync 1 DAGs
[2024-05-13T15:41:14.414+0000] {logging_mixin.py:188} INFO - [2024-05-13T15:41:14.414+0000] {dag.py:3834} INFO - Setting next_dagrun for example_skip_dag to 2024-05-12 00:00:00+00:00, run_after=2024-05-13 00:00:00+00:00
[2024-05-13T15:41:14.435+0000] {processor.py:183} INFO - Processing /home/airflow/.local/lib/python3.8/site-packages/airflow/example_dags/example_skip_dag.py took 0.079 seconds
[2024-05-13T15:41:45.000+0000] {processor.py:161} INFO - Started process (PID=3616) to work on /home/airflow/.local/lib/python3.8/site-packages/airflow/example_dags/example_skip_dag.py
[2024-05-13T15:41:45.002+0000] {processor.py:830} INFO - Processing file /home/airflow/.local/lib/python3.8/site-packages/airflow/example_dags/example_skip_dag.py for tasks to queue
[2024-05-13T15:41:45.003+0000] {logging_mixin.py:188} INFO - [2024-05-13T15:41:45.003+0000] {dagbag.py:540} INFO - Filling up the DagBag from /home/airflow/.local/lib/python3.8/site-packages/airflow/example_dags/example_skip_dag.py
[2024-05-13T15:41:45.010+0000] {processor.py:840} INFO - DAG(s) 'example_skip_dag' retrieved from /home/airflow/.local/lib/python3.8/site-packages/airflow/example_dags/example_skip_dag.py
[2024-05-13T15:41:45.033+0000] {logging_mixin.py:188} INFO - [2024-05-13T15:41:45.033+0000] {dag.py:3047} INFO - Sync 1 DAGs
[2024-05-13T15:41:45.056+0000] {logging_mixin.py:188} INFO - [2024-05-13T15:41:45.056+0000] {dag.py:3834} INFO - Setting next_dagrun for example_skip_dag to 2024-05-12 00:00:00+00:00, run_after=2024-05-13 00:00:00+00:00
[2024-05-13T15:41:45.075+0000] {processor.py:183} INFO - Processing /home/airflow/.local/lib/python3.8/site-packages/airflow/example_dags/example_skip_dag.py took 0.078 seconds
[2024-05-13T15:42:15.608+0000] {processor.py:161} INFO - Started process (PID=3684) to work on /home/airflow/.local/lib/python3.8/site-packages/airflow/example_dags/example_skip_dag.py
[2024-05-13T15:42:15.609+0000] {processor.py:830} INFO - Processing file /home/airflow/.local/lib/python3.8/site-packages/airflow/example_dags/example_skip_dag.py for tasks to queue
[2024-05-13T15:42:15.611+0000] {logging_mixin.py:188} INFO - [2024-05-13T15:42:15.611+0000] {dagbag.py:540} INFO - Filling up the DagBag from /home/airflow/.local/lib/python3.8/site-packages/airflow/example_dags/example_skip_dag.py
[2024-05-13T15:42:15.617+0000] {processor.py:840} INFO - DAG(s) 'example_skip_dag' retrieved from /home/airflow/.local/lib/python3.8/site-packages/airflow/example_dags/example_skip_dag.py
[2024-05-13T15:42:15.749+0000] {logging_mixin.py:188} INFO - [2024-05-13T15:42:15.748+0000] {dag.py:3047} INFO - Sync 1 DAGs
[2024-05-13T15:42:15.767+0000] {logging_mixin.py:188} INFO - [2024-05-13T15:42:15.767+0000] {dag.py:3834} INFO - Setting next_dagrun for example_skip_dag to 2024-05-12 00:00:00+00:00, run_after=2024-05-13 00:00:00+00:00
[2024-05-13T15:42:15.788+0000] {processor.py:183} INFO - Processing /home/airflow/.local/lib/python3.8/site-packages/airflow/example_dags/example_skip_dag.py took 0.182 seconds
[2024-05-13T15:42:45.991+0000] {processor.py:161} INFO - Started process (PID=3752) to work on /home/airflow/.local/lib/python3.8/site-packages/airflow/example_dags/example_skip_dag.py
[2024-05-13T15:42:45.992+0000] {processor.py:830} INFO - Processing file /home/airflow/.local/lib/python3.8/site-packages/airflow/example_dags/example_skip_dag.py for tasks to queue
[2024-05-13T15:42:45.994+0000] {logging_mixin.py:188} INFO - [2024-05-13T15:42:45.994+0000] {dagbag.py:540} INFO - Filling up the DagBag from /home/airflow/.local/lib/python3.8/site-packages/airflow/example_dags/example_skip_dag.py
[2024-05-13T15:42:46.000+0000] {processor.py:840} INFO - DAG(s) 'example_skip_dag' retrieved from /home/airflow/.local/lib/python3.8/site-packages/airflow/example_dags/example_skip_dag.py
[2024-05-13T15:42:46.024+0000] {logging_mixin.py:188} INFO - [2024-05-13T15:42:46.024+0000] {dag.py:3047} INFO - Sync 1 DAGs
[2024-05-13T15:42:46.046+0000] {logging_mixin.py:188} INFO - [2024-05-13T15:42:46.046+0000] {dag.py:3834} INFO - Setting next_dagrun for example_skip_dag to 2024-05-12 00:00:00+00:00, run_after=2024-05-13 00:00:00+00:00
[2024-05-13T15:42:46.067+0000] {processor.py:183} INFO - Processing /home/airflow/.local/lib/python3.8/site-packages/airflow/example_dags/example_skip_dag.py took 0.080 seconds
[2024-05-13T15:43:16.823+0000] {processor.py:161} INFO - Started process (PID=3826) to work on /home/airflow/.local/lib/python3.8/site-packages/airflow/example_dags/example_skip_dag.py
[2024-05-13T15:43:16.823+0000] {processor.py:830} INFO - Processing file /home/airflow/.local/lib/python3.8/site-packages/airflow/example_dags/example_skip_dag.py for tasks to queue
[2024-05-13T15:43:16.825+0000] {logging_mixin.py:188} INFO - [2024-05-13T15:43:16.825+0000] {dagbag.py:540} INFO - Filling up the DagBag from /home/airflow/.local/lib/python3.8/site-packages/airflow/example_dags/example_skip_dag.py
[2024-05-13T15:43:16.831+0000] {processor.py:840} INFO - DAG(s) 'example_skip_dag' retrieved from /home/airflow/.local/lib/python3.8/site-packages/airflow/example_dags/example_skip_dag.py
[2024-05-13T15:43:16.855+0000] {logging_mixin.py:188} INFO - [2024-05-13T15:43:16.855+0000] {dag.py:3047} INFO - Sync 1 DAGs
[2024-05-13T15:43:16.880+0000] {logging_mixin.py:188} INFO - [2024-05-13T15:43:16.880+0000] {dag.py:3834} INFO - Setting next_dagrun for example_skip_dag to 2024-05-12 00:00:00+00:00, run_after=2024-05-13 00:00:00+00:00
[2024-05-13T15:43:16.905+0000] {processor.py:183} INFO - Processing /home/airflow/.local/lib/python3.8/site-packages/airflow/example_dags/example_skip_dag.py took 0.085 seconds
[2024-05-13T15:43:47.369+0000] {processor.py:161} INFO - Started process (PID=3894) to work on /home/airflow/.local/lib/python3.8/site-packages/airflow/example_dags/example_skip_dag.py
[2024-05-13T15:43:47.370+0000] {processor.py:830} INFO - Processing file /home/airflow/.local/lib/python3.8/site-packages/airflow/example_dags/example_skip_dag.py for tasks to queue
[2024-05-13T15:43:47.372+0000] {logging_mixin.py:188} INFO - [2024-05-13T15:43:47.372+0000] {dagbag.py:540} INFO - Filling up the DagBag from /home/airflow/.local/lib/python3.8/site-packages/airflow/example_dags/example_skip_dag.py
[2024-05-13T15:43:47.378+0000] {processor.py:840} INFO - DAG(s) 'example_skip_dag' retrieved from /home/airflow/.local/lib/python3.8/site-packages/airflow/example_dags/example_skip_dag.py
[2024-05-13T15:43:47.399+0000] {logging_mixin.py:188} INFO - [2024-05-13T15:43:47.399+0000] {dag.py:3047} INFO - Sync 1 DAGs
[2024-05-13T15:43:47.423+0000] {logging_mixin.py:188} INFO - [2024-05-13T15:43:47.423+0000] {dag.py:3834} INFO - Setting next_dagrun for example_skip_dag to 2024-05-12 00:00:00+00:00, run_after=2024-05-13 00:00:00+00:00
[2024-05-13T15:43:47.445+0000] {processor.py:183} INFO - Processing /home/airflow/.local/lib/python3.8/site-packages/airflow/example_dags/example_skip_dag.py took 0.079 seconds
[2024-05-13T15:44:17.696+0000] {processor.py:161} INFO - Started process (PID=3962) to work on /home/airflow/.local/lib/python3.8/site-packages/airflow/example_dags/example_skip_dag.py
[2024-05-13T15:44:17.697+0000] {processor.py:830} INFO - Processing file /home/airflow/.local/lib/python3.8/site-packages/airflow/example_dags/example_skip_dag.py for tasks to queue
[2024-05-13T15:44:17.699+0000] {logging_mixin.py:188} INFO - [2024-05-13T15:44:17.699+0000] {dagbag.py:540} INFO - Filling up the DagBag from /home/airflow/.local/lib/python3.8/site-packages/airflow/example_dags/example_skip_dag.py
[2024-05-13T15:44:17.706+0000] {processor.py:840} INFO - DAG(s) 'example_skip_dag' retrieved from /home/airflow/.local/lib/python3.8/site-packages/airflow/example_dags/example_skip_dag.py
[2024-05-13T15:44:17.726+0000] {logging_mixin.py:188} INFO - [2024-05-13T15:44:17.726+0000] {dag.py:3047} INFO - Sync 1 DAGs
[2024-05-13T15:44:17.746+0000] {logging_mixin.py:188} INFO - [2024-05-13T15:44:17.746+0000] {dag.py:3834} INFO - Setting next_dagrun for example_skip_dag to 2024-05-12 00:00:00+00:00, run_after=2024-05-13 00:00:00+00:00
[2024-05-13T15:44:17.768+0000] {processor.py:183} INFO - Processing /home/airflow/.local/lib/python3.8/site-packages/airflow/example_dags/example_skip_dag.py took 0.075 seconds
