[2024-05-13T15:15:23.469+0000] {processor.py:161} INFO - Started process (PID=118) to work on /home/airflow/.local/lib/python3.8/site-packages/airflow/example_dags/example_time_delta_sensor_async.py
[2024-05-13T15:15:23.473+0000] {processor.py:830} INFO - Processing file /home/airflow/.local/lib/python3.8/site-packages/airflow/example_dags/example_time_delta_sensor_async.py for tasks to queue
[2024-05-13T15:15:23.476+0000] {logging_mixin.py:188} INFO - [2024-05-13T15:15:23.475+0000] {dagbag.py:540} INFO - Filling up the DagBag from /home/airflow/.local/lib/python3.8/site-packages/airflow/example_dags/example_time_delta_sensor_async.py
[2024-05-13T15:15:23.486+0000] {processor.py:840} INFO - DAG(s) 'example_time_delta_sensor_async' retrieved from /home/airflow/.local/lib/python3.8/site-packages/airflow/example_dags/example_time_delta_sensor_async.py
[2024-05-13T15:15:23.613+0000] {logging_mixin.py:188} INFO - [2024-05-13T15:15:23.612+0000] {override.py:1769} INFO - Created Permission View: can delete on DAG:example_time_delta_sensor_async
[2024-05-13T15:15:23.629+0000] {logging_mixin.py:188} INFO - [2024-05-13T15:15:23.629+0000] {override.py:1769} INFO - Created Permission View: can edit on DAG:example_time_delta_sensor_async
[2024-05-13T15:15:23.642+0000] {logging_mixin.py:188} INFO - [2024-05-13T15:15:23.641+0000] {override.py:1769} INFO - Created Permission View: can read on DAG:example_time_delta_sensor_async
[2024-05-13T15:15:23.643+0000] {logging_mixin.py:188} INFO - [2024-05-13T15:15:23.643+0000] {dag.py:3047} INFO - Sync 1 DAGs
[2024-05-13T15:15:23.658+0000] {logging_mixin.py:188} INFO - [2024-05-13T15:15:23.658+0000] {dag.py:3069} INFO - Creating ORM DAG for example_time_delta_sensor_async
[2024-05-13T15:15:23.660+0000] {logging_mixin.py:188} INFO - [2024-05-13T15:15:23.660+0000] {dag.py:3834} INFO - Setting next_dagrun for example_time_delta_sensor_async to None, run_after=None
[2024-05-13T15:15:23.686+0000] {processor.py:183} INFO - Processing /home/airflow/.local/lib/python3.8/site-packages/airflow/example_dags/example_time_delta_sensor_async.py took 0.223 seconds
[2024-05-13T15:15:54.326+0000] {processor.py:161} INFO - Started process (PID=186) to work on /home/airflow/.local/lib/python3.8/site-packages/airflow/example_dags/example_time_delta_sensor_async.py
[2024-05-13T15:15:54.327+0000] {processor.py:830} INFO - Processing file /home/airflow/.local/lib/python3.8/site-packages/airflow/example_dags/example_time_delta_sensor_async.py for tasks to queue
[2024-05-13T15:15:54.330+0000] {logging_mixin.py:188} INFO - [2024-05-13T15:15:54.329+0000] {dagbag.py:540} INFO - Filling up the DagBag from /home/airflow/.local/lib/python3.8/site-packages/airflow/example_dags/example_time_delta_sensor_async.py
[2024-05-13T15:15:54.334+0000] {processor.py:840} INFO - DAG(s) 'example_time_delta_sensor_async' retrieved from /home/airflow/.local/lib/python3.8/site-packages/airflow/example_dags/example_time_delta_sensor_async.py
[2024-05-13T15:15:54.357+0000] {logging_mixin.py:188} INFO - [2024-05-13T15:15:54.356+0000] {dag.py:3047} INFO - Sync 1 DAGs
[2024-05-13T15:15:54.369+0000] {logging_mixin.py:188} INFO - [2024-05-13T15:15:54.369+0000] {dag.py:3834} INFO - Setting next_dagrun for example_time_delta_sensor_async to None, run_after=None
[2024-05-13T15:15:54.392+0000] {processor.py:183} INFO - Processing /home/airflow/.local/lib/python3.8/site-packages/airflow/example_dags/example_time_delta_sensor_async.py took 0.069 seconds
[2024-05-13T15:16:24.908+0000] {processor.py:161} INFO - Started process (PID=254) to work on /home/airflow/.local/lib/python3.8/site-packages/airflow/example_dags/example_time_delta_sensor_async.py
[2024-05-13T15:16:24.909+0000] {processor.py:830} INFO - Processing file /home/airflow/.local/lib/python3.8/site-packages/airflow/example_dags/example_time_delta_sensor_async.py for tasks to queue
[2024-05-13T15:16:24.911+0000] {logging_mixin.py:188} INFO - [2024-05-13T15:16:24.910+0000] {dagbag.py:540} INFO - Filling up the DagBag from /home/airflow/.local/lib/python3.8/site-packages/airflow/example_dags/example_time_delta_sensor_async.py
[2024-05-13T15:16:24.915+0000] {processor.py:840} INFO - DAG(s) 'example_time_delta_sensor_async' retrieved from /home/airflow/.local/lib/python3.8/site-packages/airflow/example_dags/example_time_delta_sensor_async.py
[2024-05-13T15:16:24.934+0000] {logging_mixin.py:188} INFO - [2024-05-13T15:16:24.933+0000] {dag.py:3047} INFO - Sync 1 DAGs
[2024-05-13T15:16:24.946+0000] {logging_mixin.py:188} INFO - [2024-05-13T15:16:24.946+0000] {dag.py:3834} INFO - Setting next_dagrun for example_time_delta_sensor_async to None, run_after=None
[2024-05-13T15:16:24.967+0000] {processor.py:183} INFO - Processing /home/airflow/.local/lib/python3.8/site-packages/airflow/example_dags/example_time_delta_sensor_async.py took 0.062 seconds
[2024-05-13T15:16:55.157+0000] {processor.py:161} INFO - Started process (PID=322) to work on /home/airflow/.local/lib/python3.8/site-packages/airflow/example_dags/example_time_delta_sensor_async.py
[2024-05-13T15:16:55.158+0000] {processor.py:830} INFO - Processing file /home/airflow/.local/lib/python3.8/site-packages/airflow/example_dags/example_time_delta_sensor_async.py for tasks to queue
[2024-05-13T15:16:55.160+0000] {logging_mixin.py:188} INFO - [2024-05-13T15:16:55.160+0000] {dagbag.py:540} INFO - Filling up the DagBag from /home/airflow/.local/lib/python3.8/site-packages/airflow/example_dags/example_time_delta_sensor_async.py
[2024-05-13T15:16:55.165+0000] {processor.py:840} INFO - DAG(s) 'example_time_delta_sensor_async' retrieved from /home/airflow/.local/lib/python3.8/site-packages/airflow/example_dags/example_time_delta_sensor_async.py
[2024-05-13T15:16:55.185+0000] {logging_mixin.py:188} INFO - [2024-05-13T15:16:55.185+0000] {dag.py:3047} INFO - Sync 1 DAGs
[2024-05-13T15:16:55.197+0000] {logging_mixin.py:188} INFO - [2024-05-13T15:16:55.197+0000] {dag.py:3834} INFO - Setting next_dagrun for example_time_delta_sensor_async to None, run_after=None
[2024-05-13T15:16:55.217+0000] {processor.py:183} INFO - Processing /home/airflow/.local/lib/python3.8/site-packages/airflow/example_dags/example_time_delta_sensor_async.py took 0.063 seconds
[2024-05-13T15:17:25.292+0000] {processor.py:161} INFO - Started process (PID=389) to work on /home/airflow/.local/lib/python3.8/site-packages/airflow/example_dags/example_time_delta_sensor_async.py
[2024-05-13T15:17:25.293+0000] {processor.py:830} INFO - Processing file /home/airflow/.local/lib/python3.8/site-packages/airflow/example_dags/example_time_delta_sensor_async.py for tasks to queue
[2024-05-13T15:17:25.295+0000] {logging_mixin.py:188} INFO - [2024-05-13T15:17:25.295+0000] {dagbag.py:540} INFO - Filling up the DagBag from /home/airflow/.local/lib/python3.8/site-packages/airflow/example_dags/example_time_delta_sensor_async.py
[2024-05-13T15:17:25.300+0000] {processor.py:840} INFO - DAG(s) 'example_time_delta_sensor_async' retrieved from /home/airflow/.local/lib/python3.8/site-packages/airflow/example_dags/example_time_delta_sensor_async.py
[2024-05-13T15:17:25.319+0000] {logging_mixin.py:188} INFO - [2024-05-13T15:17:25.318+0000] {dag.py:3047} INFO - Sync 1 DAGs
[2024-05-13T15:17:25.329+0000] {logging_mixin.py:188} INFO - [2024-05-13T15:17:25.329+0000] {dag.py:3834} INFO - Setting next_dagrun for example_time_delta_sensor_async to None, run_after=None
[2024-05-13T15:17:25.348+0000] {processor.py:183} INFO - Processing /home/airflow/.local/lib/python3.8/site-packages/airflow/example_dags/example_time_delta_sensor_async.py took 0.059 seconds
[2024-05-13T15:17:55.731+0000] {processor.py:161} INFO - Started process (PID=458) to work on /home/airflow/.local/lib/python3.8/site-packages/airflow/example_dags/example_time_delta_sensor_async.py
[2024-05-13T15:17:55.732+0000] {processor.py:830} INFO - Processing file /home/airflow/.local/lib/python3.8/site-packages/airflow/example_dags/example_time_delta_sensor_async.py for tasks to queue
[2024-05-13T15:17:55.734+0000] {logging_mixin.py:188} INFO - [2024-05-13T15:17:55.734+0000] {dagbag.py:540} INFO - Filling up the DagBag from /home/airflow/.local/lib/python3.8/site-packages/airflow/example_dags/example_time_delta_sensor_async.py
[2024-05-13T15:17:55.738+0000] {processor.py:840} INFO - DAG(s) 'example_time_delta_sensor_async' retrieved from /home/airflow/.local/lib/python3.8/site-packages/airflow/example_dags/example_time_delta_sensor_async.py
[2024-05-13T15:17:55.761+0000] {logging_mixin.py:188} INFO - [2024-05-13T15:17:55.761+0000] {dag.py:3047} INFO - Sync 1 DAGs
[2024-05-13T15:17:55.776+0000] {logging_mixin.py:188} INFO - [2024-05-13T15:17:55.776+0000] {dag.py:3834} INFO - Setting next_dagrun for example_time_delta_sensor_async to None, run_after=None
[2024-05-13T15:17:55.796+0000] {processor.py:183} INFO - Processing /home/airflow/.local/lib/python3.8/site-packages/airflow/example_dags/example_time_delta_sensor_async.py took 0.067 seconds
[2024-05-13T15:18:26.759+0000] {processor.py:161} INFO - Started process (PID=526) to work on /home/airflow/.local/lib/python3.8/site-packages/airflow/example_dags/example_time_delta_sensor_async.py
[2024-05-13T15:18:26.760+0000] {processor.py:830} INFO - Processing file /home/airflow/.local/lib/python3.8/site-packages/airflow/example_dags/example_time_delta_sensor_async.py for tasks to queue
[2024-05-13T15:18:26.762+0000] {logging_mixin.py:188} INFO - [2024-05-13T15:18:26.762+0000] {dagbag.py:540} INFO - Filling up the DagBag from /home/airflow/.local/lib/python3.8/site-packages/airflow/example_dags/example_time_delta_sensor_async.py
[2024-05-13T15:18:26.766+0000] {processor.py:840} INFO - DAG(s) 'example_time_delta_sensor_async' retrieved from /home/airflow/.local/lib/python3.8/site-packages/airflow/example_dags/example_time_delta_sensor_async.py
[2024-05-13T15:18:26.785+0000] {logging_mixin.py:188} INFO - [2024-05-13T15:18:26.784+0000] {dag.py:3047} INFO - Sync 1 DAGs
[2024-05-13T15:18:26.797+0000] {logging_mixin.py:188} INFO - [2024-05-13T15:18:26.796+0000] {dag.py:3834} INFO - Setting next_dagrun for example_time_delta_sensor_async to None, run_after=None
[2024-05-13T15:18:26.815+0000] {processor.py:183} INFO - Processing /home/airflow/.local/lib/python3.8/site-packages/airflow/example_dags/example_time_delta_sensor_async.py took 0.059 seconds
[2024-05-13T15:18:57.225+0000] {processor.py:161} INFO - Started process (PID=594) to work on /home/airflow/.local/lib/python3.8/site-packages/airflow/example_dags/example_time_delta_sensor_async.py
[2024-05-13T15:18:57.226+0000] {processor.py:830} INFO - Processing file /home/airflow/.local/lib/python3.8/site-packages/airflow/example_dags/example_time_delta_sensor_async.py for tasks to queue
[2024-05-13T15:18:57.228+0000] {logging_mixin.py:188} INFO - [2024-05-13T15:18:57.227+0000] {dagbag.py:540} INFO - Filling up the DagBag from /home/airflow/.local/lib/python3.8/site-packages/airflow/example_dags/example_time_delta_sensor_async.py
[2024-05-13T15:18:57.232+0000] {processor.py:840} INFO - DAG(s) 'example_time_delta_sensor_async' retrieved from /home/airflow/.local/lib/python3.8/site-packages/airflow/example_dags/example_time_delta_sensor_async.py
[2024-05-13T15:18:57.250+0000] {logging_mixin.py:188} INFO - [2024-05-13T15:18:57.250+0000] {dag.py:3047} INFO - Sync 1 DAGs
[2024-05-13T15:18:57.261+0000] {logging_mixin.py:188} INFO - [2024-05-13T15:18:57.261+0000] {dag.py:3834} INFO - Setting next_dagrun for example_time_delta_sensor_async to None, run_after=None
[2024-05-13T15:18:57.280+0000] {processor.py:183} INFO - Processing /home/airflow/.local/lib/python3.8/site-packages/airflow/example_dags/example_time_delta_sensor_async.py took 0.058 seconds
[2024-05-13T15:19:28.192+0000] {processor.py:161} INFO - Started process (PID=661) to work on /home/airflow/.local/lib/python3.8/site-packages/airflow/example_dags/example_time_delta_sensor_async.py
[2024-05-13T15:19:28.193+0000] {processor.py:830} INFO - Processing file /home/airflow/.local/lib/python3.8/site-packages/airflow/example_dags/example_time_delta_sensor_async.py for tasks to queue
[2024-05-13T15:19:28.196+0000] {logging_mixin.py:188} INFO - [2024-05-13T15:19:28.195+0000] {dagbag.py:540} INFO - Filling up the DagBag from /home/airflow/.local/lib/python3.8/site-packages/airflow/example_dags/example_time_delta_sensor_async.py
[2024-05-13T15:19:28.201+0000] {processor.py:840} INFO - DAG(s) 'example_time_delta_sensor_async' retrieved from /home/airflow/.local/lib/python3.8/site-packages/airflow/example_dags/example_time_delta_sensor_async.py
[2024-05-13T15:19:28.227+0000] {logging_mixin.py:188} INFO - [2024-05-13T15:19:28.227+0000] {dag.py:3047} INFO - Sync 1 DAGs
[2024-05-13T15:19:28.242+0000] {logging_mixin.py:188} INFO - [2024-05-13T15:19:28.241+0000] {dag.py:3834} INFO - Setting next_dagrun for example_time_delta_sensor_async to None, run_after=None
[2024-05-13T15:19:28.265+0000] {processor.py:183} INFO - Processing /home/airflow/.local/lib/python3.8/site-packages/airflow/example_dags/example_time_delta_sensor_async.py took 0.077 seconds
[2024-05-13T15:19:59.197+0000] {processor.py:161} INFO - Started process (PID=729) to work on /home/airflow/.local/lib/python3.8/site-packages/airflow/example_dags/example_time_delta_sensor_async.py
[2024-05-13T15:19:59.198+0000] {processor.py:830} INFO - Processing file /home/airflow/.local/lib/python3.8/site-packages/airflow/example_dags/example_time_delta_sensor_async.py for tasks to queue
[2024-05-13T15:19:59.200+0000] {logging_mixin.py:188} INFO - [2024-05-13T15:19:59.200+0000] {dagbag.py:540} INFO - Filling up the DagBag from /home/airflow/.local/lib/python3.8/site-packages/airflow/example_dags/example_time_delta_sensor_async.py
[2024-05-13T15:19:59.204+0000] {processor.py:840} INFO - DAG(s) 'example_time_delta_sensor_async' retrieved from /home/airflow/.local/lib/python3.8/site-packages/airflow/example_dags/example_time_delta_sensor_async.py
[2024-05-13T15:19:59.224+0000] {logging_mixin.py:188} INFO - [2024-05-13T15:19:59.224+0000] {dag.py:3047} INFO - Sync 1 DAGs
[2024-05-13T15:19:59.237+0000] {logging_mixin.py:188} INFO - [2024-05-13T15:19:59.236+0000] {dag.py:3834} INFO - Setting next_dagrun for example_time_delta_sensor_async to None, run_after=None
[2024-05-13T15:19:59.256+0000] {processor.py:183} INFO - Processing /home/airflow/.local/lib/python3.8/site-packages/airflow/example_dags/example_time_delta_sensor_async.py took 0.062 seconds
[2024-05-13T15:20:29.680+0000] {processor.py:161} INFO - Started process (PID=785) to work on /home/airflow/.local/lib/python3.8/site-packages/airflow/example_dags/example_time_delta_sensor_async.py
[2024-05-13T15:20:29.681+0000] {processor.py:830} INFO - Processing file /home/airflow/.local/lib/python3.8/site-packages/airflow/example_dags/example_time_delta_sensor_async.py for tasks to queue
[2024-05-13T15:20:29.682+0000] {logging_mixin.py:188} INFO - [2024-05-13T15:20:29.682+0000] {dagbag.py:540} INFO - Filling up the DagBag from /home/airflow/.local/lib/python3.8/site-packages/airflow/example_dags/example_time_delta_sensor_async.py
[2024-05-13T15:20:29.686+0000] {processor.py:840} INFO - DAG(s) 'example_time_delta_sensor_async' retrieved from /home/airflow/.local/lib/python3.8/site-packages/airflow/example_dags/example_time_delta_sensor_async.py
[2024-05-13T15:20:29.705+0000] {logging_mixin.py:188} INFO - [2024-05-13T15:20:29.705+0000] {dag.py:3047} INFO - Sync 1 DAGs
[2024-05-13T15:20:29.717+0000] {logging_mixin.py:188} INFO - [2024-05-13T15:20:29.717+0000] {dag.py:3834} INFO - Setting next_dagrun for example_time_delta_sensor_async to None, run_after=None
[2024-05-13T15:20:29.739+0000] {processor.py:183} INFO - Processing /home/airflow/.local/lib/python3.8/site-packages/airflow/example_dags/example_time_delta_sensor_async.py took 0.062 seconds
[2024-05-13T15:20:59.842+0000] {processor.py:161} INFO - Started process (PID=857) to work on /home/airflow/.local/lib/python3.8/site-packages/airflow/example_dags/example_time_delta_sensor_async.py
[2024-05-13T15:20:59.844+0000] {processor.py:830} INFO - Processing file /home/airflow/.local/lib/python3.8/site-packages/airflow/example_dags/example_time_delta_sensor_async.py for tasks to queue
[2024-05-13T15:20:59.846+0000] {logging_mixin.py:188} INFO - [2024-05-13T15:20:59.846+0000] {dagbag.py:540} INFO - Filling up the DagBag from /home/airflow/.local/lib/python3.8/site-packages/airflow/example_dags/example_time_delta_sensor_async.py
[2024-05-13T15:20:59.850+0000] {processor.py:840} INFO - DAG(s) 'example_time_delta_sensor_async' retrieved from /home/airflow/.local/lib/python3.8/site-packages/airflow/example_dags/example_time_delta_sensor_async.py
[2024-05-13T15:20:59.871+0000] {logging_mixin.py:188} INFO - [2024-05-13T15:20:59.870+0000] {dag.py:3047} INFO - Sync 1 DAGs
[2024-05-13T15:20:59.884+0000] {logging_mixin.py:188} INFO - [2024-05-13T15:20:59.884+0000] {dag.py:3834} INFO - Setting next_dagrun for example_time_delta_sensor_async to None, run_after=None
[2024-05-13T15:20:59.903+0000] {processor.py:183} INFO - Processing /home/airflow/.local/lib/python3.8/site-packages/airflow/example_dags/example_time_delta_sensor_async.py took 0.064 seconds
[2024-05-13T15:21:30.113+0000] {processor.py:161} INFO - Started process (PID=925) to work on /home/airflow/.local/lib/python3.8/site-packages/airflow/example_dags/example_time_delta_sensor_async.py
[2024-05-13T15:21:30.114+0000] {processor.py:830} INFO - Processing file /home/airflow/.local/lib/python3.8/site-packages/airflow/example_dags/example_time_delta_sensor_async.py for tasks to queue
[2024-05-13T15:21:30.116+0000] {logging_mixin.py:188} INFO - [2024-05-13T15:21:30.116+0000] {dagbag.py:540} INFO - Filling up the DagBag from /home/airflow/.local/lib/python3.8/site-packages/airflow/example_dags/example_time_delta_sensor_async.py
[2024-05-13T15:21:30.120+0000] {processor.py:840} INFO - DAG(s) 'example_time_delta_sensor_async' retrieved from /home/airflow/.local/lib/python3.8/site-packages/airflow/example_dags/example_time_delta_sensor_async.py
[2024-05-13T15:21:30.140+0000] {logging_mixin.py:188} INFO - [2024-05-13T15:21:30.140+0000] {dag.py:3047} INFO - Sync 1 DAGs
[2024-05-13T15:21:30.152+0000] {logging_mixin.py:188} INFO - [2024-05-13T15:21:30.151+0000] {dag.py:3834} INFO - Setting next_dagrun for example_time_delta_sensor_async to None, run_after=None
[2024-05-13T15:21:30.173+0000] {processor.py:183} INFO - Processing /home/airflow/.local/lib/python3.8/site-packages/airflow/example_dags/example_time_delta_sensor_async.py took 0.063 seconds
[2024-05-13T15:22:00.465+0000] {processor.py:161} INFO - Started process (PID=993) to work on /home/airflow/.local/lib/python3.8/site-packages/airflow/example_dags/example_time_delta_sensor_async.py
[2024-05-13T15:22:00.467+0000] {processor.py:830} INFO - Processing file /home/airflow/.local/lib/python3.8/site-packages/airflow/example_dags/example_time_delta_sensor_async.py for tasks to queue
[2024-05-13T15:22:00.470+0000] {logging_mixin.py:188} INFO - [2024-05-13T15:22:00.469+0000] {dagbag.py:540} INFO - Filling up the DagBag from /home/airflow/.local/lib/python3.8/site-packages/airflow/example_dags/example_time_delta_sensor_async.py
[2024-05-13T15:22:00.476+0000] {processor.py:840} INFO - DAG(s) 'example_time_delta_sensor_async' retrieved from /home/airflow/.local/lib/python3.8/site-packages/airflow/example_dags/example_time_delta_sensor_async.py
[2024-05-13T15:22:00.504+0000] {logging_mixin.py:188} INFO - [2024-05-13T15:22:00.504+0000] {dag.py:3047} INFO - Sync 1 DAGs
[2024-05-13T15:22:00.519+0000] {logging_mixin.py:188} INFO - [2024-05-13T15:22:00.518+0000] {dag.py:3834} INFO - Setting next_dagrun for example_time_delta_sensor_async to None, run_after=None
[2024-05-13T15:22:00.546+0000] {processor.py:183} INFO - Processing /home/airflow/.local/lib/python3.8/site-packages/airflow/example_dags/example_time_delta_sensor_async.py took 0.085 seconds
[2024-05-13T15:22:31.377+0000] {processor.py:161} INFO - Started process (PID=1061) to work on /home/airflow/.local/lib/python3.8/site-packages/airflow/example_dags/example_time_delta_sensor_async.py
[2024-05-13T15:22:31.378+0000] {processor.py:830} INFO - Processing file /home/airflow/.local/lib/python3.8/site-packages/airflow/example_dags/example_time_delta_sensor_async.py for tasks to queue
[2024-05-13T15:22:31.380+0000] {logging_mixin.py:188} INFO - [2024-05-13T15:22:31.380+0000] {dagbag.py:540} INFO - Filling up the DagBag from /home/airflow/.local/lib/python3.8/site-packages/airflow/example_dags/example_time_delta_sensor_async.py
[2024-05-13T15:22:31.385+0000] {processor.py:840} INFO - DAG(s) 'example_time_delta_sensor_async' retrieved from /home/airflow/.local/lib/python3.8/site-packages/airflow/example_dags/example_time_delta_sensor_async.py
[2024-05-13T15:22:31.405+0000] {logging_mixin.py:188} INFO - [2024-05-13T15:22:31.405+0000] {dag.py:3047} INFO - Sync 1 DAGs
[2024-05-13T15:22:31.417+0000] {logging_mixin.py:188} INFO - [2024-05-13T15:22:31.417+0000] {dag.py:3834} INFO - Setting next_dagrun for example_time_delta_sensor_async to None, run_after=None
[2024-05-13T15:22:31.437+0000] {processor.py:183} INFO - Processing /home/airflow/.local/lib/python3.8/site-packages/airflow/example_dags/example_time_delta_sensor_async.py took 0.063 seconds
[2024-05-13T15:23:01.680+0000] {processor.py:161} INFO - Started process (PID=1130) to work on /home/airflow/.local/lib/python3.8/site-packages/airflow/example_dags/example_time_delta_sensor_async.py
[2024-05-13T15:23:01.681+0000] {processor.py:830} INFO - Processing file /home/airflow/.local/lib/python3.8/site-packages/airflow/example_dags/example_time_delta_sensor_async.py for tasks to queue
[2024-05-13T15:23:01.683+0000] {logging_mixin.py:188} INFO - [2024-05-13T15:23:01.683+0000] {dagbag.py:540} INFO - Filling up the DagBag from /home/airflow/.local/lib/python3.8/site-packages/airflow/example_dags/example_time_delta_sensor_async.py
[2024-05-13T15:23:01.688+0000] {processor.py:840} INFO - DAG(s) 'example_time_delta_sensor_async' retrieved from /home/airflow/.local/lib/python3.8/site-packages/airflow/example_dags/example_time_delta_sensor_async.py
[2024-05-13T15:23:01.708+0000] {logging_mixin.py:188} INFO - [2024-05-13T15:23:01.708+0000] {dag.py:3047} INFO - Sync 1 DAGs
[2024-05-13T15:23:01.722+0000] {logging_mixin.py:188} INFO - [2024-05-13T15:23:01.721+0000] {dag.py:3834} INFO - Setting next_dagrun for example_time_delta_sensor_async to None, run_after=None
[2024-05-13T15:23:01.746+0000] {processor.py:183} INFO - Processing /home/airflow/.local/lib/python3.8/site-packages/airflow/example_dags/example_time_delta_sensor_async.py took 0.069 seconds
[2024-05-13T15:23:32.103+0000] {processor.py:161} INFO - Started process (PID=1198) to work on /home/airflow/.local/lib/python3.8/site-packages/airflow/example_dags/example_time_delta_sensor_async.py
[2024-05-13T15:23:32.105+0000] {processor.py:830} INFO - Processing file /home/airflow/.local/lib/python3.8/site-packages/airflow/example_dags/example_time_delta_sensor_async.py for tasks to queue
[2024-05-13T15:23:32.107+0000] {logging_mixin.py:188} INFO - [2024-05-13T15:23:32.107+0000] {dagbag.py:540} INFO - Filling up the DagBag from /home/airflow/.local/lib/python3.8/site-packages/airflow/example_dags/example_time_delta_sensor_async.py
[2024-05-13T15:23:32.113+0000] {processor.py:840} INFO - DAG(s) 'example_time_delta_sensor_async' retrieved from /home/airflow/.local/lib/python3.8/site-packages/airflow/example_dags/example_time_delta_sensor_async.py
[2024-05-13T15:23:32.136+0000] {logging_mixin.py:188} INFO - [2024-05-13T15:23:32.136+0000] {dag.py:3047} INFO - Sync 1 DAGs
[2024-05-13T15:23:32.151+0000] {logging_mixin.py:188} INFO - [2024-05-13T15:23:32.151+0000] {dag.py:3834} INFO - Setting next_dagrun for example_time_delta_sensor_async to None, run_after=None
[2024-05-13T15:23:32.176+0000] {processor.py:183} INFO - Processing /home/airflow/.local/lib/python3.8/site-packages/airflow/example_dags/example_time_delta_sensor_async.py took 0.076 seconds
[2024-05-13T15:24:02.926+0000] {processor.py:161} INFO - Started process (PID=1266) to work on /home/airflow/.local/lib/python3.8/site-packages/airflow/example_dags/example_time_delta_sensor_async.py
[2024-05-13T15:24:02.928+0000] {processor.py:830} INFO - Processing file /home/airflow/.local/lib/python3.8/site-packages/airflow/example_dags/example_time_delta_sensor_async.py for tasks to queue
[2024-05-13T15:24:02.930+0000] {logging_mixin.py:188} INFO - [2024-05-13T15:24:02.929+0000] {dagbag.py:540} INFO - Filling up the DagBag from /home/airflow/.local/lib/python3.8/site-packages/airflow/example_dags/example_time_delta_sensor_async.py
[2024-05-13T15:24:02.935+0000] {processor.py:840} INFO - DAG(s) 'example_time_delta_sensor_async' retrieved from /home/airflow/.local/lib/python3.8/site-packages/airflow/example_dags/example_time_delta_sensor_async.py
[2024-05-13T15:24:02.958+0000] {logging_mixin.py:188} INFO - [2024-05-13T15:24:02.957+0000] {dag.py:3047} INFO - Sync 1 DAGs
[2024-05-13T15:24:02.970+0000] {logging_mixin.py:188} INFO - [2024-05-13T15:24:02.970+0000] {dag.py:3834} INFO - Setting next_dagrun for example_time_delta_sensor_async to None, run_after=None
[2024-05-13T15:24:02.990+0000] {processor.py:183} INFO - Processing /home/airflow/.local/lib/python3.8/site-packages/airflow/example_dags/example_time_delta_sensor_async.py took 0.067 seconds
[2024-05-13T15:24:33.073+0000] {processor.py:161} INFO - Started process (PID=1334) to work on /home/airflow/.local/lib/python3.8/site-packages/airflow/example_dags/example_time_delta_sensor_async.py
[2024-05-13T15:24:33.074+0000] {processor.py:830} INFO - Processing file /home/airflow/.local/lib/python3.8/site-packages/airflow/example_dags/example_time_delta_sensor_async.py for tasks to queue
[2024-05-13T15:24:33.076+0000] {logging_mixin.py:188} INFO - [2024-05-13T15:24:33.076+0000] {dagbag.py:540} INFO - Filling up the DagBag from /home/airflow/.local/lib/python3.8/site-packages/airflow/example_dags/example_time_delta_sensor_async.py
[2024-05-13T15:24:33.080+0000] {processor.py:840} INFO - DAG(s) 'example_time_delta_sensor_async' retrieved from /home/airflow/.local/lib/python3.8/site-packages/airflow/example_dags/example_time_delta_sensor_async.py
[2024-05-13T15:24:33.099+0000] {logging_mixin.py:188} INFO - [2024-05-13T15:24:33.098+0000] {dag.py:3047} INFO - Sync 1 DAGs
[2024-05-13T15:24:33.110+0000] {logging_mixin.py:188} INFO - [2024-05-13T15:24:33.109+0000] {dag.py:3834} INFO - Setting next_dagrun for example_time_delta_sensor_async to None, run_after=None
[2024-05-13T15:24:33.130+0000] {processor.py:183} INFO - Processing /home/airflow/.local/lib/python3.8/site-packages/airflow/example_dags/example_time_delta_sensor_async.py took 0.061 seconds
[2024-05-13T15:25:03.264+0000] {processor.py:161} INFO - Started process (PID=1402) to work on /home/airflow/.local/lib/python3.8/site-packages/airflow/example_dags/example_time_delta_sensor_async.py
[2024-05-13T15:25:03.265+0000] {processor.py:830} INFO - Processing file /home/airflow/.local/lib/python3.8/site-packages/airflow/example_dags/example_time_delta_sensor_async.py for tasks to queue
[2024-05-13T15:25:03.267+0000] {logging_mixin.py:188} INFO - [2024-05-13T15:25:03.266+0000] {dagbag.py:540} INFO - Filling up the DagBag from /home/airflow/.local/lib/python3.8/site-packages/airflow/example_dags/example_time_delta_sensor_async.py
[2024-05-13T15:25:03.271+0000] {processor.py:840} INFO - DAG(s) 'example_time_delta_sensor_async' retrieved from /home/airflow/.local/lib/python3.8/site-packages/airflow/example_dags/example_time_delta_sensor_async.py
[2024-05-13T15:25:03.291+0000] {logging_mixin.py:188} INFO - [2024-05-13T15:25:03.291+0000] {dag.py:3047} INFO - Sync 1 DAGs
[2024-05-13T15:25:03.302+0000] {logging_mixin.py:188} INFO - [2024-05-13T15:25:03.302+0000] {dag.py:3834} INFO - Setting next_dagrun for example_time_delta_sensor_async to None, run_after=None
[2024-05-13T15:25:03.323+0000] {processor.py:183} INFO - Processing /home/airflow/.local/lib/python3.8/site-packages/airflow/example_dags/example_time_delta_sensor_async.py took 0.062 seconds
[2024-05-13T15:25:33.459+0000] {processor.py:161} INFO - Started process (PID=1471) to work on /home/airflow/.local/lib/python3.8/site-packages/airflow/example_dags/example_time_delta_sensor_async.py
[2024-05-13T15:25:33.459+0000] {processor.py:830} INFO - Processing file /home/airflow/.local/lib/python3.8/site-packages/airflow/example_dags/example_time_delta_sensor_async.py for tasks to queue
[2024-05-13T15:25:33.461+0000] {logging_mixin.py:188} INFO - [2024-05-13T15:25:33.461+0000] {dagbag.py:540} INFO - Filling up the DagBag from /home/airflow/.local/lib/python3.8/site-packages/airflow/example_dags/example_time_delta_sensor_async.py
[2024-05-13T15:25:33.465+0000] {processor.py:840} INFO - DAG(s) 'example_time_delta_sensor_async' retrieved from /home/airflow/.local/lib/python3.8/site-packages/airflow/example_dags/example_time_delta_sensor_async.py
[2024-05-13T15:25:33.484+0000] {logging_mixin.py:188} INFO - [2024-05-13T15:25:33.484+0000] {dag.py:3047} INFO - Sync 1 DAGs
[2024-05-13T15:25:33.495+0000] {logging_mixin.py:188} INFO - [2024-05-13T15:25:33.494+0000] {dag.py:3834} INFO - Setting next_dagrun for example_time_delta_sensor_async to None, run_after=None
[2024-05-13T15:25:33.515+0000] {processor.py:183} INFO - Processing /home/airflow/.local/lib/python3.8/site-packages/airflow/example_dags/example_time_delta_sensor_async.py took 0.059 seconds
[2024-05-13T15:26:03.836+0000] {processor.py:161} INFO - Started process (PID=1539) to work on /home/airflow/.local/lib/python3.8/site-packages/airflow/example_dags/example_time_delta_sensor_async.py
[2024-05-13T15:26:03.838+0000] {processor.py:830} INFO - Processing file /home/airflow/.local/lib/python3.8/site-packages/airflow/example_dags/example_time_delta_sensor_async.py for tasks to queue
[2024-05-13T15:26:03.839+0000] {logging_mixin.py:188} INFO - [2024-05-13T15:26:03.839+0000] {dagbag.py:540} INFO - Filling up the DagBag from /home/airflow/.local/lib/python3.8/site-packages/airflow/example_dags/example_time_delta_sensor_async.py
[2024-05-13T15:26:03.844+0000] {processor.py:840} INFO - DAG(s) 'example_time_delta_sensor_async' retrieved from /home/airflow/.local/lib/python3.8/site-packages/airflow/example_dags/example_time_delta_sensor_async.py
[2024-05-13T15:26:03.863+0000] {logging_mixin.py:188} INFO - [2024-05-13T15:26:03.863+0000] {dag.py:3047} INFO - Sync 1 DAGs
[2024-05-13T15:26:03.877+0000] {logging_mixin.py:188} INFO - [2024-05-13T15:26:03.877+0000] {dag.py:3834} INFO - Setting next_dagrun for example_time_delta_sensor_async to None, run_after=None
[2024-05-13T15:26:03.896+0000] {processor.py:183} INFO - Processing /home/airflow/.local/lib/python3.8/site-packages/airflow/example_dags/example_time_delta_sensor_async.py took 0.063 seconds
[2024-05-13T15:26:34.129+0000] {processor.py:161} INFO - Started process (PID=1607) to work on /home/airflow/.local/lib/python3.8/site-packages/airflow/example_dags/example_time_delta_sensor_async.py
[2024-05-13T15:26:34.130+0000] {processor.py:830} INFO - Processing file /home/airflow/.local/lib/python3.8/site-packages/airflow/example_dags/example_time_delta_sensor_async.py for tasks to queue
[2024-05-13T15:26:34.132+0000] {logging_mixin.py:188} INFO - [2024-05-13T15:26:34.131+0000] {dagbag.py:540} INFO - Filling up the DagBag from /home/airflow/.local/lib/python3.8/site-packages/airflow/example_dags/example_time_delta_sensor_async.py
[2024-05-13T15:26:34.136+0000] {processor.py:840} INFO - DAG(s) 'example_time_delta_sensor_async' retrieved from /home/airflow/.local/lib/python3.8/site-packages/airflow/example_dags/example_time_delta_sensor_async.py
[2024-05-13T15:26:34.154+0000] {logging_mixin.py:188} INFO - [2024-05-13T15:26:34.154+0000] {dag.py:3047} INFO - Sync 1 DAGs
[2024-05-13T15:26:34.165+0000] {logging_mixin.py:188} INFO - [2024-05-13T15:26:34.164+0000] {dag.py:3834} INFO - Setting next_dagrun for example_time_delta_sensor_async to None, run_after=None
[2024-05-13T15:26:34.183+0000] {processor.py:183} INFO - Processing /home/airflow/.local/lib/python3.8/site-packages/airflow/example_dags/example_time_delta_sensor_async.py took 0.057 seconds
[2024-05-13T15:27:04.557+0000] {processor.py:161} INFO - Started process (PID=1675) to work on /home/airflow/.local/lib/python3.8/site-packages/airflow/example_dags/example_time_delta_sensor_async.py
[2024-05-13T15:27:04.558+0000] {processor.py:830} INFO - Processing file /home/airflow/.local/lib/python3.8/site-packages/airflow/example_dags/example_time_delta_sensor_async.py for tasks to queue
[2024-05-13T15:27:04.559+0000] {logging_mixin.py:188} INFO - [2024-05-13T15:27:04.559+0000] {dagbag.py:540} INFO - Filling up the DagBag from /home/airflow/.local/lib/python3.8/site-packages/airflow/example_dags/example_time_delta_sensor_async.py
[2024-05-13T15:27:04.563+0000] {processor.py:840} INFO - DAG(s) 'example_time_delta_sensor_async' retrieved from /home/airflow/.local/lib/python3.8/site-packages/airflow/example_dags/example_time_delta_sensor_async.py
[2024-05-13T15:27:04.582+0000] {logging_mixin.py:188} INFO - [2024-05-13T15:27:04.582+0000] {dag.py:3047} INFO - Sync 1 DAGs
[2024-05-13T15:27:04.593+0000] {logging_mixin.py:188} INFO - [2024-05-13T15:27:04.593+0000] {dag.py:3834} INFO - Setting next_dagrun for example_time_delta_sensor_async to None, run_after=None
[2024-05-13T15:27:04.611+0000] {processor.py:183} INFO - Processing /home/airflow/.local/lib/python3.8/site-packages/airflow/example_dags/example_time_delta_sensor_async.py took 0.057 seconds
[2024-05-13T15:27:35.254+0000] {processor.py:161} INFO - Started process (PID=1743) to work on /home/airflow/.local/lib/python3.8/site-packages/airflow/example_dags/example_time_delta_sensor_async.py
[2024-05-13T15:27:35.255+0000] {processor.py:830} INFO - Processing file /home/airflow/.local/lib/python3.8/site-packages/airflow/example_dags/example_time_delta_sensor_async.py for tasks to queue
[2024-05-13T15:27:35.257+0000] {logging_mixin.py:188} INFO - [2024-05-13T15:27:35.256+0000] {dagbag.py:540} INFO - Filling up the DagBag from /home/airflow/.local/lib/python3.8/site-packages/airflow/example_dags/example_time_delta_sensor_async.py
[2024-05-13T15:27:35.261+0000] {processor.py:840} INFO - DAG(s) 'example_time_delta_sensor_async' retrieved from /home/airflow/.local/lib/python3.8/site-packages/airflow/example_dags/example_time_delta_sensor_async.py
[2024-05-13T15:27:35.281+0000] {logging_mixin.py:188} INFO - [2024-05-13T15:27:35.281+0000] {dag.py:3047} INFO - Sync 1 DAGs
[2024-05-13T15:27:35.293+0000] {logging_mixin.py:188} INFO - [2024-05-13T15:27:35.293+0000] {dag.py:3834} INFO - Setting next_dagrun for example_time_delta_sensor_async to None, run_after=None
[2024-05-13T15:27:35.312+0000] {processor.py:183} INFO - Processing /home/airflow/.local/lib/python3.8/site-packages/airflow/example_dags/example_time_delta_sensor_async.py took 0.061 seconds
[2024-05-13T15:28:05.422+0000] {processor.py:161} INFO - Started process (PID=1811) to work on /home/airflow/.local/lib/python3.8/site-packages/airflow/example_dags/example_time_delta_sensor_async.py
[2024-05-13T15:28:05.423+0000] {processor.py:830} INFO - Processing file /home/airflow/.local/lib/python3.8/site-packages/airflow/example_dags/example_time_delta_sensor_async.py for tasks to queue
[2024-05-13T15:28:05.425+0000] {logging_mixin.py:188} INFO - [2024-05-13T15:28:05.424+0000] {dagbag.py:540} INFO - Filling up the DagBag from /home/airflow/.local/lib/python3.8/site-packages/airflow/example_dags/example_time_delta_sensor_async.py
[2024-05-13T15:28:05.429+0000] {processor.py:840} INFO - DAG(s) 'example_time_delta_sensor_async' retrieved from /home/airflow/.local/lib/python3.8/site-packages/airflow/example_dags/example_time_delta_sensor_async.py
[2024-05-13T15:28:05.446+0000] {logging_mixin.py:188} INFO - [2024-05-13T15:28:05.446+0000] {dag.py:3047} INFO - Sync 1 DAGs
[2024-05-13T15:28:05.458+0000] {logging_mixin.py:188} INFO - [2024-05-13T15:28:05.458+0000] {dag.py:3834} INFO - Setting next_dagrun for example_time_delta_sensor_async to None, run_after=None
[2024-05-13T15:28:05.475+0000] {processor.py:183} INFO - Processing /home/airflow/.local/lib/python3.8/site-packages/airflow/example_dags/example_time_delta_sensor_async.py took 0.056 seconds
[2024-05-13T15:28:35.722+0000] {processor.py:161} INFO - Started process (PID=1879) to work on /home/airflow/.local/lib/python3.8/site-packages/airflow/example_dags/example_time_delta_sensor_async.py
[2024-05-13T15:28:35.723+0000] {processor.py:830} INFO - Processing file /home/airflow/.local/lib/python3.8/site-packages/airflow/example_dags/example_time_delta_sensor_async.py for tasks to queue
[2024-05-13T15:28:35.725+0000] {logging_mixin.py:188} INFO - [2024-05-13T15:28:35.725+0000] {dagbag.py:540} INFO - Filling up the DagBag from /home/airflow/.local/lib/python3.8/site-packages/airflow/example_dags/example_time_delta_sensor_async.py
[2024-05-13T15:28:35.729+0000] {processor.py:840} INFO - DAG(s) 'example_time_delta_sensor_async' retrieved from /home/airflow/.local/lib/python3.8/site-packages/airflow/example_dags/example_time_delta_sensor_async.py
[2024-05-13T15:28:35.751+0000] {logging_mixin.py:188} INFO - [2024-05-13T15:28:35.751+0000] {dag.py:3047} INFO - Sync 1 DAGs
[2024-05-13T15:28:35.763+0000] {logging_mixin.py:188} INFO - [2024-05-13T15:28:35.762+0000] {dag.py:3834} INFO - Setting next_dagrun for example_time_delta_sensor_async to None, run_after=None
[2024-05-13T15:28:35.781+0000] {processor.py:183} INFO - Processing /home/airflow/.local/lib/python3.8/site-packages/airflow/example_dags/example_time_delta_sensor_async.py took 0.063 seconds
[2024-05-13T15:29:05.923+0000] {processor.py:161} INFO - Started process (PID=1946) to work on /home/airflow/.local/lib/python3.8/site-packages/airflow/example_dags/example_time_delta_sensor_async.py
[2024-05-13T15:29:05.925+0000] {processor.py:830} INFO - Processing file /home/airflow/.local/lib/python3.8/site-packages/airflow/example_dags/example_time_delta_sensor_async.py for tasks to queue
[2024-05-13T15:29:05.927+0000] {logging_mixin.py:188} INFO - [2024-05-13T15:29:05.927+0000] {dagbag.py:540} INFO - Filling up the DagBag from /home/airflow/.local/lib/python3.8/site-packages/airflow/example_dags/example_time_delta_sensor_async.py
[2024-05-13T15:29:05.931+0000] {processor.py:840} INFO - DAG(s) 'example_time_delta_sensor_async' retrieved from /home/airflow/.local/lib/python3.8/site-packages/airflow/example_dags/example_time_delta_sensor_async.py
[2024-05-13T15:29:05.951+0000] {logging_mixin.py:188} INFO - [2024-05-13T15:29:05.950+0000] {dag.py:3047} INFO - Sync 1 DAGs
[2024-05-13T15:29:05.965+0000] {logging_mixin.py:188} INFO - [2024-05-13T15:29:05.965+0000] {dag.py:3834} INFO - Setting next_dagrun for example_time_delta_sensor_async to None, run_after=None
[2024-05-13T15:29:05.985+0000] {processor.py:183} INFO - Processing /home/airflow/.local/lib/python3.8/site-packages/airflow/example_dags/example_time_delta_sensor_async.py took 0.065 seconds
[2024-05-13T15:29:36.673+0000] {processor.py:161} INFO - Started process (PID=2015) to work on /home/airflow/.local/lib/python3.8/site-packages/airflow/example_dags/example_time_delta_sensor_async.py
[2024-05-13T15:29:36.675+0000] {processor.py:830} INFO - Processing file /home/airflow/.local/lib/python3.8/site-packages/airflow/example_dags/example_time_delta_sensor_async.py for tasks to queue
[2024-05-13T15:29:36.677+0000] {logging_mixin.py:188} INFO - [2024-05-13T15:29:36.677+0000] {dagbag.py:540} INFO - Filling up the DagBag from /home/airflow/.local/lib/python3.8/site-packages/airflow/example_dags/example_time_delta_sensor_async.py
[2024-05-13T15:29:36.682+0000] {processor.py:840} INFO - DAG(s) 'example_time_delta_sensor_async' retrieved from /home/airflow/.local/lib/python3.8/site-packages/airflow/example_dags/example_time_delta_sensor_async.py
[2024-05-13T15:29:36.708+0000] {logging_mixin.py:188} INFO - [2024-05-13T15:29:36.708+0000] {dag.py:3047} INFO - Sync 1 DAGs
[2024-05-13T15:29:36.724+0000] {logging_mixin.py:188} INFO - [2024-05-13T15:29:36.723+0000] {dag.py:3834} INFO - Setting next_dagrun for example_time_delta_sensor_async to None, run_after=None
[2024-05-13T15:29:36.754+0000] {processor.py:183} INFO - Processing /home/airflow/.local/lib/python3.8/site-packages/airflow/example_dags/example_time_delta_sensor_async.py took 0.085 seconds
[2024-05-13T15:30:07.162+0000] {processor.py:161} INFO - Started process (PID=2083) to work on /home/airflow/.local/lib/python3.8/site-packages/airflow/example_dags/example_time_delta_sensor_async.py
[2024-05-13T15:30:07.163+0000] {processor.py:830} INFO - Processing file /home/airflow/.local/lib/python3.8/site-packages/airflow/example_dags/example_time_delta_sensor_async.py for tasks to queue
[2024-05-13T15:30:07.165+0000] {logging_mixin.py:188} INFO - [2024-05-13T15:30:07.165+0000] {dagbag.py:540} INFO - Filling up the DagBag from /home/airflow/.local/lib/python3.8/site-packages/airflow/example_dags/example_time_delta_sensor_async.py
[2024-05-13T15:30:07.169+0000] {processor.py:840} INFO - DAG(s) 'example_time_delta_sensor_async' retrieved from /home/airflow/.local/lib/python3.8/site-packages/airflow/example_dags/example_time_delta_sensor_async.py
[2024-05-13T15:30:07.189+0000] {logging_mixin.py:188} INFO - [2024-05-13T15:30:07.189+0000] {dag.py:3047} INFO - Sync 1 DAGs
[2024-05-13T15:30:07.200+0000] {logging_mixin.py:188} INFO - [2024-05-13T15:30:07.199+0000] {dag.py:3834} INFO - Setting next_dagrun for example_time_delta_sensor_async to None, run_after=None
[2024-05-13T15:30:07.219+0000] {processor.py:183} INFO - Processing /home/airflow/.local/lib/python3.8/site-packages/airflow/example_dags/example_time_delta_sensor_async.py took 0.060 seconds
[2024-05-13T15:30:37.289+0000] {processor.py:161} INFO - Started process (PID=2151) to work on /home/airflow/.local/lib/python3.8/site-packages/airflow/example_dags/example_time_delta_sensor_async.py
[2024-05-13T15:30:37.290+0000] {processor.py:830} INFO - Processing file /home/airflow/.local/lib/python3.8/site-packages/airflow/example_dags/example_time_delta_sensor_async.py for tasks to queue
[2024-05-13T15:30:37.292+0000] {logging_mixin.py:188} INFO - [2024-05-13T15:30:37.291+0000] {dagbag.py:540} INFO - Filling up the DagBag from /home/airflow/.local/lib/python3.8/site-packages/airflow/example_dags/example_time_delta_sensor_async.py
[2024-05-13T15:30:37.296+0000] {processor.py:840} INFO - DAG(s) 'example_time_delta_sensor_async' retrieved from /home/airflow/.local/lib/python3.8/site-packages/airflow/example_dags/example_time_delta_sensor_async.py
[2024-05-13T15:30:37.313+0000] {logging_mixin.py:188} INFO - [2024-05-13T15:30:37.313+0000] {dag.py:3047} INFO - Sync 1 DAGs
[2024-05-13T15:30:37.325+0000] {logging_mixin.py:188} INFO - [2024-05-13T15:30:37.325+0000] {dag.py:3834} INFO - Setting next_dagrun for example_time_delta_sensor_async to None, run_after=None
[2024-05-13T15:30:37.344+0000] {processor.py:183} INFO - Processing /home/airflow/.local/lib/python3.8/site-packages/airflow/example_dags/example_time_delta_sensor_async.py took 0.057 seconds
[2024-05-13T15:31:07.455+0000] {processor.py:161} INFO - Started process (PID=2219) to work on /home/airflow/.local/lib/python3.8/site-packages/airflow/example_dags/example_time_delta_sensor_async.py
[2024-05-13T15:31:07.456+0000] {processor.py:830} INFO - Processing file /home/airflow/.local/lib/python3.8/site-packages/airflow/example_dags/example_time_delta_sensor_async.py for tasks to queue
[2024-05-13T15:31:07.457+0000] {logging_mixin.py:188} INFO - [2024-05-13T15:31:07.457+0000] {dagbag.py:540} INFO - Filling up the DagBag from /home/airflow/.local/lib/python3.8/site-packages/airflow/example_dags/example_time_delta_sensor_async.py
[2024-05-13T15:31:07.461+0000] {processor.py:840} INFO - DAG(s) 'example_time_delta_sensor_async' retrieved from /home/airflow/.local/lib/python3.8/site-packages/airflow/example_dags/example_time_delta_sensor_async.py
[2024-05-13T15:31:07.480+0000] {logging_mixin.py:188} INFO - [2024-05-13T15:31:07.480+0000] {dag.py:3047} INFO - Sync 1 DAGs
[2024-05-13T15:31:07.492+0000] {logging_mixin.py:188} INFO - [2024-05-13T15:31:07.491+0000] {dag.py:3834} INFO - Setting next_dagrun for example_time_delta_sensor_async to None, run_after=None
[2024-05-13T15:31:07.511+0000] {processor.py:183} INFO - Processing /home/airflow/.local/lib/python3.8/site-packages/airflow/example_dags/example_time_delta_sensor_async.py took 0.059 seconds
[2024-05-13T15:31:37.618+0000] {processor.py:161} INFO - Started process (PID=2287) to work on /home/airflow/.local/lib/python3.8/site-packages/airflow/example_dags/example_time_delta_sensor_async.py
[2024-05-13T15:31:37.620+0000] {processor.py:830} INFO - Processing file /home/airflow/.local/lib/python3.8/site-packages/airflow/example_dags/example_time_delta_sensor_async.py for tasks to queue
[2024-05-13T15:31:37.622+0000] {logging_mixin.py:188} INFO - [2024-05-13T15:31:37.622+0000] {dagbag.py:540} INFO - Filling up the DagBag from /home/airflow/.local/lib/python3.8/site-packages/airflow/example_dags/example_time_delta_sensor_async.py
[2024-05-13T15:31:37.626+0000] {processor.py:840} INFO - DAG(s) 'example_time_delta_sensor_async' retrieved from /home/airflow/.local/lib/python3.8/site-packages/airflow/example_dags/example_time_delta_sensor_async.py
[2024-05-13T15:31:37.645+0000] {logging_mixin.py:188} INFO - [2024-05-13T15:31:37.645+0000] {dag.py:3047} INFO - Sync 1 DAGs
[2024-05-13T15:31:37.656+0000] {logging_mixin.py:188} INFO - [2024-05-13T15:31:37.655+0000] {dag.py:3834} INFO - Setting next_dagrun for example_time_delta_sensor_async to None, run_after=None
[2024-05-13T15:31:37.677+0000] {processor.py:183} INFO - Processing /home/airflow/.local/lib/python3.8/site-packages/airflow/example_dags/example_time_delta_sensor_async.py took 0.061 seconds
[2024-05-13T15:32:08.002+0000] {processor.py:161} INFO - Started process (PID=2355) to work on /home/airflow/.local/lib/python3.8/site-packages/airflow/example_dags/example_time_delta_sensor_async.py
[2024-05-13T15:32:08.003+0000] {processor.py:830} INFO - Processing file /home/airflow/.local/lib/python3.8/site-packages/airflow/example_dags/example_time_delta_sensor_async.py for tasks to queue
[2024-05-13T15:32:08.005+0000] {logging_mixin.py:188} INFO - [2024-05-13T15:32:08.005+0000] {dagbag.py:540} INFO - Filling up the DagBag from /home/airflow/.local/lib/python3.8/site-packages/airflow/example_dags/example_time_delta_sensor_async.py
[2024-05-13T15:32:08.009+0000] {processor.py:840} INFO - DAG(s) 'example_time_delta_sensor_async' retrieved from /home/airflow/.local/lib/python3.8/site-packages/airflow/example_dags/example_time_delta_sensor_async.py
[2024-05-13T15:32:08.027+0000] {logging_mixin.py:188} INFO - [2024-05-13T15:32:08.027+0000] {dag.py:3047} INFO - Sync 1 DAGs
[2024-05-13T15:32:08.038+0000] {logging_mixin.py:188} INFO - [2024-05-13T15:32:08.038+0000] {dag.py:3834} INFO - Setting next_dagrun for example_time_delta_sensor_async to None, run_after=None
[2024-05-13T15:32:08.058+0000] {processor.py:183} INFO - Processing /home/airflow/.local/lib/python3.8/site-packages/airflow/example_dags/example_time_delta_sensor_async.py took 0.059 seconds
[2024-05-13T15:32:38.764+0000] {processor.py:161} INFO - Started process (PID=2423) to work on /home/airflow/.local/lib/python3.8/site-packages/airflow/example_dags/example_time_delta_sensor_async.py
[2024-05-13T15:32:38.765+0000] {processor.py:830} INFO - Processing file /home/airflow/.local/lib/python3.8/site-packages/airflow/example_dags/example_time_delta_sensor_async.py for tasks to queue
[2024-05-13T15:32:38.767+0000] {logging_mixin.py:188} INFO - [2024-05-13T15:32:38.767+0000] {dagbag.py:540} INFO - Filling up the DagBag from /home/airflow/.local/lib/python3.8/site-packages/airflow/example_dags/example_time_delta_sensor_async.py
[2024-05-13T15:32:38.775+0000] {processor.py:840} INFO - DAG(s) 'example_time_delta_sensor_async' retrieved from /home/airflow/.local/lib/python3.8/site-packages/airflow/example_dags/example_time_delta_sensor_async.py
[2024-05-13T15:32:38.799+0000] {logging_mixin.py:188} INFO - [2024-05-13T15:32:38.799+0000] {dag.py:3047} INFO - Sync 1 DAGs
[2024-05-13T15:32:38.813+0000] {logging_mixin.py:188} INFO - [2024-05-13T15:32:38.813+0000] {dag.py:3834} INFO - Setting next_dagrun for example_time_delta_sensor_async to None, run_after=None
[2024-05-13T15:32:38.836+0000] {processor.py:183} INFO - Processing /home/airflow/.local/lib/python3.8/site-packages/airflow/example_dags/example_time_delta_sensor_async.py took 0.076 seconds
[2024-05-13T15:33:09.287+0000] {processor.py:161} INFO - Started process (PID=2491) to work on /home/airflow/.local/lib/python3.8/site-packages/airflow/example_dags/example_time_delta_sensor_async.py
[2024-05-13T15:33:09.289+0000] {processor.py:830} INFO - Processing file /home/airflow/.local/lib/python3.8/site-packages/airflow/example_dags/example_time_delta_sensor_async.py for tasks to queue
[2024-05-13T15:33:09.291+0000] {logging_mixin.py:188} INFO - [2024-05-13T15:33:09.291+0000] {dagbag.py:540} INFO - Filling up the DagBag from /home/airflow/.local/lib/python3.8/site-packages/airflow/example_dags/example_time_delta_sensor_async.py
[2024-05-13T15:33:09.296+0000] {processor.py:840} INFO - DAG(s) 'example_time_delta_sensor_async' retrieved from /home/airflow/.local/lib/python3.8/site-packages/airflow/example_dags/example_time_delta_sensor_async.py
[2024-05-13T15:33:09.315+0000] {logging_mixin.py:188} INFO - [2024-05-13T15:33:09.314+0000] {dag.py:3047} INFO - Sync 1 DAGs
[2024-05-13T15:33:09.328+0000] {logging_mixin.py:188} INFO - [2024-05-13T15:33:09.328+0000] {dag.py:3834} INFO - Setting next_dagrun for example_time_delta_sensor_async to None, run_after=None
[2024-05-13T15:33:09.348+0000] {processor.py:183} INFO - Processing /home/airflow/.local/lib/python3.8/site-packages/airflow/example_dags/example_time_delta_sensor_async.py took 0.065 seconds
[2024-05-13T15:33:39.377+0000] {processor.py:161} INFO - Started process (PID=2558) to work on /home/airflow/.local/lib/python3.8/site-packages/airflow/example_dags/example_time_delta_sensor_async.py
[2024-05-13T15:33:39.379+0000] {processor.py:830} INFO - Processing file /home/airflow/.local/lib/python3.8/site-packages/airflow/example_dags/example_time_delta_sensor_async.py for tasks to queue
[2024-05-13T15:33:39.381+0000] {logging_mixin.py:188} INFO - [2024-05-13T15:33:39.380+0000] {dagbag.py:540} INFO - Filling up the DagBag from /home/airflow/.local/lib/python3.8/site-packages/airflow/example_dags/example_time_delta_sensor_async.py
[2024-05-13T15:33:39.386+0000] {processor.py:840} INFO - DAG(s) 'example_time_delta_sensor_async' retrieved from /home/airflow/.local/lib/python3.8/site-packages/airflow/example_dags/example_time_delta_sensor_async.py
[2024-05-13T15:33:39.406+0000] {logging_mixin.py:188} INFO - [2024-05-13T15:33:39.406+0000] {dag.py:3047} INFO - Sync 1 DAGs
[2024-05-13T15:33:39.417+0000] {logging_mixin.py:188} INFO - [2024-05-13T15:33:39.417+0000] {dag.py:3834} INFO - Setting next_dagrun for example_time_delta_sensor_async to None, run_after=None
[2024-05-13T15:33:39.450+0000] {processor.py:183} INFO - Processing /home/airflow/.local/lib/python3.8/site-packages/airflow/example_dags/example_time_delta_sensor_async.py took 0.076 seconds
[2024-05-13T15:34:09.915+0000] {processor.py:161} INFO - Started process (PID=2627) to work on /home/airflow/.local/lib/python3.8/site-packages/airflow/example_dags/example_time_delta_sensor_async.py
[2024-05-13T15:34:09.916+0000] {processor.py:830} INFO - Processing file /home/airflow/.local/lib/python3.8/site-packages/airflow/example_dags/example_time_delta_sensor_async.py for tasks to queue
[2024-05-13T15:34:09.919+0000] {logging_mixin.py:188} INFO - [2024-05-13T15:34:09.919+0000] {dagbag.py:540} INFO - Filling up the DagBag from /home/airflow/.local/lib/python3.8/site-packages/airflow/example_dags/example_time_delta_sensor_async.py
[2024-05-13T15:34:09.924+0000] {processor.py:840} INFO - DAG(s) 'example_time_delta_sensor_async' retrieved from /home/airflow/.local/lib/python3.8/site-packages/airflow/example_dags/example_time_delta_sensor_async.py
[2024-05-13T15:34:09.950+0000] {logging_mixin.py:188} INFO - [2024-05-13T15:34:09.949+0000] {dag.py:3047} INFO - Sync 1 DAGs
[2024-05-13T15:34:09.963+0000] {logging_mixin.py:188} INFO - [2024-05-13T15:34:09.962+0000] {dag.py:3834} INFO - Setting next_dagrun for example_time_delta_sensor_async to None, run_after=None
[2024-05-13T15:34:09.990+0000] {processor.py:183} INFO - Processing /home/airflow/.local/lib/python3.8/site-packages/airflow/example_dags/example_time_delta_sensor_async.py took 0.080 seconds
[2024-05-13T15:34:40.193+0000] {processor.py:161} INFO - Started process (PID=2696) to work on /home/airflow/.local/lib/python3.8/site-packages/airflow/example_dags/example_time_delta_sensor_async.py
[2024-05-13T15:34:40.194+0000] {processor.py:830} INFO - Processing file /home/airflow/.local/lib/python3.8/site-packages/airflow/example_dags/example_time_delta_sensor_async.py for tasks to queue
[2024-05-13T15:34:40.196+0000] {logging_mixin.py:188} INFO - [2024-05-13T15:34:40.195+0000] {dagbag.py:540} INFO - Filling up the DagBag from /home/airflow/.local/lib/python3.8/site-packages/airflow/example_dags/example_time_delta_sensor_async.py
[2024-05-13T15:34:40.200+0000] {processor.py:840} INFO - DAG(s) 'example_time_delta_sensor_async' retrieved from /home/airflow/.local/lib/python3.8/site-packages/airflow/example_dags/example_time_delta_sensor_async.py
[2024-05-13T15:34:40.219+0000] {logging_mixin.py:188} INFO - [2024-05-13T15:34:40.218+0000] {dag.py:3047} INFO - Sync 1 DAGs
[2024-05-13T15:34:40.230+0000] {logging_mixin.py:188} INFO - [2024-05-13T15:34:40.229+0000] {dag.py:3834} INFO - Setting next_dagrun for example_time_delta_sensor_async to None, run_after=None
[2024-05-13T15:34:40.246+0000] {processor.py:183} INFO - Processing /home/airflow/.local/lib/python3.8/site-packages/airflow/example_dags/example_time_delta_sensor_async.py took 0.056 seconds
[2024-05-13T15:35:10.785+0000] {processor.py:161} INFO - Started process (PID=2764) to work on /home/airflow/.local/lib/python3.8/site-packages/airflow/example_dags/example_time_delta_sensor_async.py
[2024-05-13T15:35:10.786+0000] {processor.py:830} INFO - Processing file /home/airflow/.local/lib/python3.8/site-packages/airflow/example_dags/example_time_delta_sensor_async.py for tasks to queue
[2024-05-13T15:35:10.788+0000] {logging_mixin.py:188} INFO - [2024-05-13T15:35:10.788+0000] {dagbag.py:540} INFO - Filling up the DagBag from /home/airflow/.local/lib/python3.8/site-packages/airflow/example_dags/example_time_delta_sensor_async.py
[2024-05-13T15:35:10.792+0000] {processor.py:840} INFO - DAG(s) 'example_time_delta_sensor_async' retrieved from /home/airflow/.local/lib/python3.8/site-packages/airflow/example_dags/example_time_delta_sensor_async.py
[2024-05-13T15:35:10.809+0000] {logging_mixin.py:188} INFO - [2024-05-13T15:35:10.809+0000] {dag.py:3047} INFO - Sync 1 DAGs
[2024-05-13T15:35:10.820+0000] {logging_mixin.py:188} INFO - [2024-05-13T15:35:10.820+0000] {dag.py:3834} INFO - Setting next_dagrun for example_time_delta_sensor_async to None, run_after=None
[2024-05-13T15:35:10.839+0000] {processor.py:183} INFO - Processing /home/airflow/.local/lib/python3.8/site-packages/airflow/example_dags/example_time_delta_sensor_async.py took 0.057 seconds
[2024-05-13T15:35:41.291+0000] {processor.py:161} INFO - Started process (PID=2832) to work on /home/airflow/.local/lib/python3.8/site-packages/airflow/example_dags/example_time_delta_sensor_async.py
[2024-05-13T15:35:41.293+0000] {processor.py:830} INFO - Processing file /home/airflow/.local/lib/python3.8/site-packages/airflow/example_dags/example_time_delta_sensor_async.py for tasks to queue
[2024-05-13T15:35:41.294+0000] {logging_mixin.py:188} INFO - [2024-05-13T15:35:41.294+0000] {dagbag.py:540} INFO - Filling up the DagBag from /home/airflow/.local/lib/python3.8/site-packages/airflow/example_dags/example_time_delta_sensor_async.py
[2024-05-13T15:35:41.298+0000] {processor.py:840} INFO - DAG(s) 'example_time_delta_sensor_async' retrieved from /home/airflow/.local/lib/python3.8/site-packages/airflow/example_dags/example_time_delta_sensor_async.py
[2024-05-13T15:35:41.316+0000] {logging_mixin.py:188} INFO - [2024-05-13T15:35:41.316+0000] {dag.py:3047} INFO - Sync 1 DAGs
[2024-05-13T15:35:41.327+0000] {logging_mixin.py:188} INFO - [2024-05-13T15:35:41.327+0000] {dag.py:3834} INFO - Setting next_dagrun for example_time_delta_sensor_async to None, run_after=None
[2024-05-13T15:35:41.345+0000] {processor.py:183} INFO - Processing /home/airflow/.local/lib/python3.8/site-packages/airflow/example_dags/example_time_delta_sensor_async.py took 0.057 seconds
[2024-05-13T15:36:12.316+0000] {processor.py:161} INFO - Started process (PID=2900) to work on /home/airflow/.local/lib/python3.8/site-packages/airflow/example_dags/example_time_delta_sensor_async.py
[2024-05-13T15:36:12.317+0000] {processor.py:830} INFO - Processing file /home/airflow/.local/lib/python3.8/site-packages/airflow/example_dags/example_time_delta_sensor_async.py for tasks to queue
[2024-05-13T15:36:12.319+0000] {logging_mixin.py:188} INFO - [2024-05-13T15:36:12.319+0000] {dagbag.py:540} INFO - Filling up the DagBag from /home/airflow/.local/lib/python3.8/site-packages/airflow/example_dags/example_time_delta_sensor_async.py
[2024-05-13T15:36:12.323+0000] {processor.py:840} INFO - DAG(s) 'example_time_delta_sensor_async' retrieved from /home/airflow/.local/lib/python3.8/site-packages/airflow/example_dags/example_time_delta_sensor_async.py
[2024-05-13T15:36:12.344+0000] {logging_mixin.py:188} INFO - [2024-05-13T15:36:12.343+0000] {dag.py:3047} INFO - Sync 1 DAGs
[2024-05-13T15:36:12.355+0000] {logging_mixin.py:188} INFO - [2024-05-13T15:36:12.355+0000] {dag.py:3834} INFO - Setting next_dagrun for example_time_delta_sensor_async to None, run_after=None
[2024-05-13T15:36:12.377+0000] {processor.py:183} INFO - Processing /home/airflow/.local/lib/python3.8/site-packages/airflow/example_dags/example_time_delta_sensor_async.py took 0.064 seconds
[2024-05-13T15:36:42.554+0000] {processor.py:161} INFO - Started process (PID=2968) to work on /home/airflow/.local/lib/python3.8/site-packages/airflow/example_dags/example_time_delta_sensor_async.py
[2024-05-13T15:36:42.555+0000] {processor.py:830} INFO - Processing file /home/airflow/.local/lib/python3.8/site-packages/airflow/example_dags/example_time_delta_sensor_async.py for tasks to queue
[2024-05-13T15:36:42.557+0000] {logging_mixin.py:188} INFO - [2024-05-13T15:36:42.556+0000] {dagbag.py:540} INFO - Filling up the DagBag from /home/airflow/.local/lib/python3.8/site-packages/airflow/example_dags/example_time_delta_sensor_async.py
[2024-05-13T15:36:42.561+0000] {processor.py:840} INFO - DAG(s) 'example_time_delta_sensor_async' retrieved from /home/airflow/.local/lib/python3.8/site-packages/airflow/example_dags/example_time_delta_sensor_async.py
[2024-05-13T15:36:42.581+0000] {logging_mixin.py:188} INFO - [2024-05-13T15:36:42.581+0000] {dag.py:3047} INFO - Sync 1 DAGs
[2024-05-13T15:36:42.592+0000] {logging_mixin.py:188} INFO - [2024-05-13T15:36:42.592+0000] {dag.py:3834} INFO - Setting next_dagrun for example_time_delta_sensor_async to None, run_after=None
[2024-05-13T15:36:42.611+0000] {processor.py:183} INFO - Processing /home/airflow/.local/lib/python3.8/site-packages/airflow/example_dags/example_time_delta_sensor_async.py took 0.061 seconds
[2024-05-13T15:37:12.770+0000] {processor.py:161} INFO - Started process (PID=3036) to work on /home/airflow/.local/lib/python3.8/site-packages/airflow/example_dags/example_time_delta_sensor_async.py
[2024-05-13T15:37:12.771+0000] {processor.py:830} INFO - Processing file /home/airflow/.local/lib/python3.8/site-packages/airflow/example_dags/example_time_delta_sensor_async.py for tasks to queue
[2024-05-13T15:37:12.773+0000] {logging_mixin.py:188} INFO - [2024-05-13T15:37:12.772+0000] {dagbag.py:540} INFO - Filling up the DagBag from /home/airflow/.local/lib/python3.8/site-packages/airflow/example_dags/example_time_delta_sensor_async.py
[2024-05-13T15:37:12.777+0000] {processor.py:840} INFO - DAG(s) 'example_time_delta_sensor_async' retrieved from /home/airflow/.local/lib/python3.8/site-packages/airflow/example_dags/example_time_delta_sensor_async.py
[2024-05-13T15:37:12.794+0000] {logging_mixin.py:188} INFO - [2024-05-13T15:37:12.794+0000] {dag.py:3047} INFO - Sync 1 DAGs
[2024-05-13T15:37:12.805+0000] {logging_mixin.py:188} INFO - [2024-05-13T15:37:12.804+0000] {dag.py:3834} INFO - Setting next_dagrun for example_time_delta_sensor_async to None, run_after=None
[2024-05-13T15:37:12.822+0000] {processor.py:183} INFO - Processing /home/airflow/.local/lib/python3.8/site-packages/airflow/example_dags/example_time_delta_sensor_async.py took 0.055 seconds
[2024-05-13T15:37:43.625+0000] {processor.py:161} INFO - Started process (PID=3104) to work on /home/airflow/.local/lib/python3.8/site-packages/airflow/example_dags/example_time_delta_sensor_async.py
[2024-05-13T15:37:43.626+0000] {processor.py:830} INFO - Processing file /home/airflow/.local/lib/python3.8/site-packages/airflow/example_dags/example_time_delta_sensor_async.py for tasks to queue
[2024-05-13T15:37:43.628+0000] {logging_mixin.py:188} INFO - [2024-05-13T15:37:43.628+0000] {dagbag.py:540} INFO - Filling up the DagBag from /home/airflow/.local/lib/python3.8/site-packages/airflow/example_dags/example_time_delta_sensor_async.py
[2024-05-13T15:37:43.632+0000] {processor.py:840} INFO - DAG(s) 'example_time_delta_sensor_async' retrieved from /home/airflow/.local/lib/python3.8/site-packages/airflow/example_dags/example_time_delta_sensor_async.py
[2024-05-13T15:37:43.654+0000] {logging_mixin.py:188} INFO - [2024-05-13T15:37:43.654+0000] {dag.py:3047} INFO - Sync 1 DAGs
[2024-05-13T15:37:43.666+0000] {logging_mixin.py:188} INFO - [2024-05-13T15:37:43.666+0000] {dag.py:3834} INFO - Setting next_dagrun for example_time_delta_sensor_async to None, run_after=None
[2024-05-13T15:37:43.695+0000] {processor.py:183} INFO - Processing /home/airflow/.local/lib/python3.8/site-packages/airflow/example_dags/example_time_delta_sensor_async.py took 0.074 seconds
[2024-05-13T15:38:13.851+0000] {processor.py:161} INFO - Started process (PID=3172) to work on /home/airflow/.local/lib/python3.8/site-packages/airflow/example_dags/example_time_delta_sensor_async.py
[2024-05-13T15:38:13.852+0000] {processor.py:830} INFO - Processing file /home/airflow/.local/lib/python3.8/site-packages/airflow/example_dags/example_time_delta_sensor_async.py for tasks to queue
[2024-05-13T15:38:13.854+0000] {logging_mixin.py:188} INFO - [2024-05-13T15:38:13.854+0000] {dagbag.py:540} INFO - Filling up the DagBag from /home/airflow/.local/lib/python3.8/site-packages/airflow/example_dags/example_time_delta_sensor_async.py
[2024-05-13T15:38:13.858+0000] {processor.py:840} INFO - DAG(s) 'example_time_delta_sensor_async' retrieved from /home/airflow/.local/lib/python3.8/site-packages/airflow/example_dags/example_time_delta_sensor_async.py
[2024-05-13T15:38:13.879+0000] {logging_mixin.py:188} INFO - [2024-05-13T15:38:13.879+0000] {dag.py:3047} INFO - Sync 1 DAGs
[2024-05-13T15:38:13.892+0000] {logging_mixin.py:188} INFO - [2024-05-13T15:38:13.891+0000] {dag.py:3834} INFO - Setting next_dagrun for example_time_delta_sensor_async to None, run_after=None
[2024-05-13T15:38:13.910+0000] {processor.py:183} INFO - Processing /home/airflow/.local/lib/python3.8/site-packages/airflow/example_dags/example_time_delta_sensor_async.py took 0.063 seconds
[2024-05-13T15:38:44.478+0000] {processor.py:161} INFO - Started process (PID=3240) to work on /home/airflow/.local/lib/python3.8/site-packages/airflow/example_dags/example_time_delta_sensor_async.py
[2024-05-13T15:38:44.480+0000] {processor.py:830} INFO - Processing file /home/airflow/.local/lib/python3.8/site-packages/airflow/example_dags/example_time_delta_sensor_async.py for tasks to queue
[2024-05-13T15:38:44.484+0000] {logging_mixin.py:188} INFO - [2024-05-13T15:38:44.483+0000] {dagbag.py:540} INFO - Filling up the DagBag from /home/airflow/.local/lib/python3.8/site-packages/airflow/example_dags/example_time_delta_sensor_async.py
[2024-05-13T15:38:44.490+0000] {processor.py:840} INFO - DAG(s) 'example_time_delta_sensor_async' retrieved from /home/airflow/.local/lib/python3.8/site-packages/airflow/example_dags/example_time_delta_sensor_async.py
[2024-05-13T15:38:44.512+0000] {logging_mixin.py:188} INFO - [2024-05-13T15:38:44.512+0000] {dag.py:3047} INFO - Sync 1 DAGs
[2024-05-13T15:38:44.530+0000] {logging_mixin.py:188} INFO - [2024-05-13T15:38:44.529+0000] {dag.py:3834} INFO - Setting next_dagrun for example_time_delta_sensor_async to None, run_after=None
[2024-05-13T15:38:44.552+0000] {processor.py:183} INFO - Processing /home/airflow/.local/lib/python3.8/site-packages/airflow/example_dags/example_time_delta_sensor_async.py took 0.077 seconds
[2024-05-13T15:39:14.645+0000] {processor.py:161} INFO - Started process (PID=3295) to work on /home/airflow/.local/lib/python3.8/site-packages/airflow/example_dags/example_time_delta_sensor_async.py
[2024-05-13T15:39:14.647+0000] {processor.py:830} INFO - Processing file /home/airflow/.local/lib/python3.8/site-packages/airflow/example_dags/example_time_delta_sensor_async.py for tasks to queue
[2024-05-13T15:39:14.649+0000] {logging_mixin.py:188} INFO - [2024-05-13T15:39:14.648+0000] {dagbag.py:540} INFO - Filling up the DagBag from /home/airflow/.local/lib/python3.8/site-packages/airflow/example_dags/example_time_delta_sensor_async.py
[2024-05-13T15:39:14.653+0000] {processor.py:840} INFO - DAG(s) 'example_time_delta_sensor_async' retrieved from /home/airflow/.local/lib/python3.8/site-packages/airflow/example_dags/example_time_delta_sensor_async.py
[2024-05-13T15:39:14.678+0000] {logging_mixin.py:188} INFO - [2024-05-13T15:39:14.678+0000] {dag.py:3047} INFO - Sync 1 DAGs
[2024-05-13T15:39:14.692+0000] {logging_mixin.py:188} INFO - [2024-05-13T15:39:14.691+0000] {dag.py:3834} INFO - Setting next_dagrun for example_time_delta_sensor_async to None, run_after=None
[2024-05-13T15:39:14.716+0000] {processor.py:183} INFO - Processing /home/airflow/.local/lib/python3.8/site-packages/airflow/example_dags/example_time_delta_sensor_async.py took 0.074 seconds
[2024-05-13T15:39:45.651+0000] {processor.py:161} INFO - Started process (PID=3363) to work on /home/airflow/.local/lib/python3.8/site-packages/airflow/example_dags/example_time_delta_sensor_async.py
[2024-05-13T15:39:45.652+0000] {processor.py:830} INFO - Processing file /home/airflow/.local/lib/python3.8/site-packages/airflow/example_dags/example_time_delta_sensor_async.py for tasks to queue
[2024-05-13T15:39:45.654+0000] {logging_mixin.py:188} INFO - [2024-05-13T15:39:45.654+0000] {dagbag.py:540} INFO - Filling up the DagBag from /home/airflow/.local/lib/python3.8/site-packages/airflow/example_dags/example_time_delta_sensor_async.py
[2024-05-13T15:39:45.660+0000] {processor.py:840} INFO - DAG(s) 'example_time_delta_sensor_async' retrieved from /home/airflow/.local/lib/python3.8/site-packages/airflow/example_dags/example_time_delta_sensor_async.py
[2024-05-13T15:39:45.682+0000] {logging_mixin.py:188} INFO - [2024-05-13T15:39:45.681+0000] {dag.py:3047} INFO - Sync 1 DAGs
[2024-05-13T15:39:45.695+0000] {logging_mixin.py:188} INFO - [2024-05-13T15:39:45.695+0000] {dag.py:3834} INFO - Setting next_dagrun for example_time_delta_sensor_async to None, run_after=None
[2024-05-13T15:39:45.715+0000] {processor.py:183} INFO - Processing /home/airflow/.local/lib/python3.8/site-packages/airflow/example_dags/example_time_delta_sensor_async.py took 0.068 seconds
[2024-05-13T15:40:16.636+0000] {processor.py:161} INFO - Started process (PID=3437) to work on /home/airflow/.local/lib/python3.8/site-packages/airflow/example_dags/example_time_delta_sensor_async.py
[2024-05-13T15:40:16.637+0000] {processor.py:830} INFO - Processing file /home/airflow/.local/lib/python3.8/site-packages/airflow/example_dags/example_time_delta_sensor_async.py for tasks to queue
[2024-05-13T15:40:16.640+0000] {logging_mixin.py:188} INFO - [2024-05-13T15:40:16.639+0000] {dagbag.py:540} INFO - Filling up the DagBag from /home/airflow/.local/lib/python3.8/site-packages/airflow/example_dags/example_time_delta_sensor_async.py
[2024-05-13T15:40:16.645+0000] {processor.py:840} INFO - DAG(s) 'example_time_delta_sensor_async' retrieved from /home/airflow/.local/lib/python3.8/site-packages/airflow/example_dags/example_time_delta_sensor_async.py
[2024-05-13T15:40:16.664+0000] {logging_mixin.py:188} INFO - [2024-05-13T15:40:16.664+0000] {dag.py:3047} INFO - Sync 1 DAGs
[2024-05-13T15:40:16.676+0000] {logging_mixin.py:188} INFO - [2024-05-13T15:40:16.676+0000] {dag.py:3834} INFO - Setting next_dagrun for example_time_delta_sensor_async to None, run_after=None
[2024-05-13T15:40:16.694+0000] {processor.py:183} INFO - Processing /home/airflow/.local/lib/python3.8/site-packages/airflow/example_dags/example_time_delta_sensor_async.py took 0.061 seconds
[2024-05-13T15:40:47.533+0000] {processor.py:161} INFO - Started process (PID=3505) to work on /home/airflow/.local/lib/python3.8/site-packages/airflow/example_dags/example_time_delta_sensor_async.py
[2024-05-13T15:40:47.534+0000] {processor.py:830} INFO - Processing file /home/airflow/.local/lib/python3.8/site-packages/airflow/example_dags/example_time_delta_sensor_async.py for tasks to queue
[2024-05-13T15:40:47.536+0000] {logging_mixin.py:188} INFO - [2024-05-13T15:40:47.536+0000] {dagbag.py:540} INFO - Filling up the DagBag from /home/airflow/.local/lib/python3.8/site-packages/airflow/example_dags/example_time_delta_sensor_async.py
[2024-05-13T15:40:47.541+0000] {processor.py:840} INFO - DAG(s) 'example_time_delta_sensor_async' retrieved from /home/airflow/.local/lib/python3.8/site-packages/airflow/example_dags/example_time_delta_sensor_async.py
[2024-05-13T15:40:47.565+0000] {logging_mixin.py:188} INFO - [2024-05-13T15:40:47.564+0000] {dag.py:3047} INFO - Sync 1 DAGs
[2024-05-13T15:40:47.578+0000] {logging_mixin.py:188} INFO - [2024-05-13T15:40:47.577+0000] {dag.py:3834} INFO - Setting next_dagrun for example_time_delta_sensor_async to None, run_after=None
[2024-05-13T15:40:47.605+0000] {processor.py:183} INFO - Processing /home/airflow/.local/lib/python3.8/site-packages/airflow/example_dags/example_time_delta_sensor_async.py took 0.076 seconds
[2024-05-13T15:41:17.900+0000] {processor.py:161} INFO - Started process (PID=3573) to work on /home/airflow/.local/lib/python3.8/site-packages/airflow/example_dags/example_time_delta_sensor_async.py
[2024-05-13T15:41:17.901+0000] {processor.py:830} INFO - Processing file /home/airflow/.local/lib/python3.8/site-packages/airflow/example_dags/example_time_delta_sensor_async.py for tasks to queue
[2024-05-13T15:41:17.903+0000] {logging_mixin.py:188} INFO - [2024-05-13T15:41:17.903+0000] {dagbag.py:540} INFO - Filling up the DagBag from /home/airflow/.local/lib/python3.8/site-packages/airflow/example_dags/example_time_delta_sensor_async.py
[2024-05-13T15:41:17.908+0000] {processor.py:840} INFO - DAG(s) 'example_time_delta_sensor_async' retrieved from /home/airflow/.local/lib/python3.8/site-packages/airflow/example_dags/example_time_delta_sensor_async.py
[2024-05-13T15:41:17.927+0000] {logging_mixin.py:188} INFO - [2024-05-13T15:41:17.926+0000] {dag.py:3047} INFO - Sync 1 DAGs
[2024-05-13T15:41:17.938+0000] {logging_mixin.py:188} INFO - [2024-05-13T15:41:17.938+0000] {dag.py:3834} INFO - Setting next_dagrun for example_time_delta_sensor_async to None, run_after=None
[2024-05-13T15:41:17.956+0000] {processor.py:183} INFO - Processing /home/airflow/.local/lib/python3.8/site-packages/airflow/example_dags/example_time_delta_sensor_async.py took 0.060 seconds
[2024-05-13T15:41:48.906+0000] {processor.py:161} INFO - Started process (PID=3641) to work on /home/airflow/.local/lib/python3.8/site-packages/airflow/example_dags/example_time_delta_sensor_async.py
[2024-05-13T15:41:48.908+0000] {processor.py:830} INFO - Processing file /home/airflow/.local/lib/python3.8/site-packages/airflow/example_dags/example_time_delta_sensor_async.py for tasks to queue
[2024-05-13T15:41:48.910+0000] {logging_mixin.py:188} INFO - [2024-05-13T15:41:48.910+0000] {dagbag.py:540} INFO - Filling up the DagBag from /home/airflow/.local/lib/python3.8/site-packages/airflow/example_dags/example_time_delta_sensor_async.py
[2024-05-13T15:41:48.914+0000] {processor.py:840} INFO - DAG(s) 'example_time_delta_sensor_async' retrieved from /home/airflow/.local/lib/python3.8/site-packages/airflow/example_dags/example_time_delta_sensor_async.py
[2024-05-13T15:41:48.937+0000] {logging_mixin.py:188} INFO - [2024-05-13T15:41:48.937+0000] {dag.py:3047} INFO - Sync 1 DAGs
[2024-05-13T15:41:48.950+0000] {logging_mixin.py:188} INFO - [2024-05-13T15:41:48.949+0000] {dag.py:3834} INFO - Setting next_dagrun for example_time_delta_sensor_async to None, run_after=None
[2024-05-13T15:41:48.974+0000] {processor.py:183} INFO - Processing /home/airflow/.local/lib/python3.8/site-packages/airflow/example_dags/example_time_delta_sensor_async.py took 0.070 seconds
[2024-05-13T15:42:19.465+0000] {processor.py:161} INFO - Started process (PID=3709) to work on /home/airflow/.local/lib/python3.8/site-packages/airflow/example_dags/example_time_delta_sensor_async.py
[2024-05-13T15:42:19.466+0000] {processor.py:830} INFO - Processing file /home/airflow/.local/lib/python3.8/site-packages/airflow/example_dags/example_time_delta_sensor_async.py for tasks to queue
[2024-05-13T15:42:19.468+0000] {logging_mixin.py:188} INFO - [2024-05-13T15:42:19.467+0000] {dagbag.py:540} INFO - Filling up the DagBag from /home/airflow/.local/lib/python3.8/site-packages/airflow/example_dags/example_time_delta_sensor_async.py
[2024-05-13T15:42:19.472+0000] {processor.py:840} INFO - DAG(s) 'example_time_delta_sensor_async' retrieved from /home/airflow/.local/lib/python3.8/site-packages/airflow/example_dags/example_time_delta_sensor_async.py
[2024-05-13T15:42:19.490+0000] {logging_mixin.py:188} INFO - [2024-05-13T15:42:19.490+0000] {dag.py:3047} INFO - Sync 1 DAGs
[2024-05-13T15:42:19.502+0000] {logging_mixin.py:188} INFO - [2024-05-13T15:42:19.501+0000] {dag.py:3834} INFO - Setting next_dagrun for example_time_delta_sensor_async to None, run_after=None
[2024-05-13T15:42:19.522+0000] {processor.py:183} INFO - Processing /home/airflow/.local/lib/python3.8/site-packages/airflow/example_dags/example_time_delta_sensor_async.py took 0.060 seconds
[2024-05-13T15:42:50.386+0000] {processor.py:161} INFO - Started process (PID=3777) to work on /home/airflow/.local/lib/python3.8/site-packages/airflow/example_dags/example_time_delta_sensor_async.py
[2024-05-13T15:42:50.388+0000] {processor.py:830} INFO - Processing file /home/airflow/.local/lib/python3.8/site-packages/airflow/example_dags/example_time_delta_sensor_async.py for tasks to queue
[2024-05-13T15:42:50.390+0000] {logging_mixin.py:188} INFO - [2024-05-13T15:42:50.390+0000] {dagbag.py:540} INFO - Filling up the DagBag from /home/airflow/.local/lib/python3.8/site-packages/airflow/example_dags/example_time_delta_sensor_async.py
[2024-05-13T15:42:50.395+0000] {processor.py:840} INFO - DAG(s) 'example_time_delta_sensor_async' retrieved from /home/airflow/.local/lib/python3.8/site-packages/airflow/example_dags/example_time_delta_sensor_async.py
[2024-05-13T15:42:50.414+0000] {logging_mixin.py:188} INFO - [2024-05-13T15:42:50.414+0000] {dag.py:3047} INFO - Sync 1 DAGs
[2024-05-13T15:42:50.428+0000] {logging_mixin.py:188} INFO - [2024-05-13T15:42:50.427+0000] {dag.py:3834} INFO - Setting next_dagrun for example_time_delta_sensor_async to None, run_after=None
[2024-05-13T15:42:50.448+0000] {processor.py:183} INFO - Processing /home/airflow/.local/lib/python3.8/site-packages/airflow/example_dags/example_time_delta_sensor_async.py took 0.065 seconds
[2024-05-13T15:43:20.964+0000] {processor.py:161} INFO - Started process (PID=3845) to work on /home/airflow/.local/lib/python3.8/site-packages/airflow/example_dags/example_time_delta_sensor_async.py
[2024-05-13T15:43:20.965+0000] {processor.py:830} INFO - Processing file /home/airflow/.local/lib/python3.8/site-packages/airflow/example_dags/example_time_delta_sensor_async.py for tasks to queue
[2024-05-13T15:43:20.967+0000] {logging_mixin.py:188} INFO - [2024-05-13T15:43:20.967+0000] {dagbag.py:540} INFO - Filling up the DagBag from /home/airflow/.local/lib/python3.8/site-packages/airflow/example_dags/example_time_delta_sensor_async.py
[2024-05-13T15:43:20.973+0000] {processor.py:840} INFO - DAG(s) 'example_time_delta_sensor_async' retrieved from /home/airflow/.local/lib/python3.8/site-packages/airflow/example_dags/example_time_delta_sensor_async.py
[2024-05-13T15:43:20.996+0000] {logging_mixin.py:188} INFO - [2024-05-13T15:43:20.995+0000] {dag.py:3047} INFO - Sync 1 DAGs
[2024-05-13T15:43:21.010+0000] {logging_mixin.py:188} INFO - [2024-05-13T15:43:21.010+0000] {dag.py:3834} INFO - Setting next_dagrun for example_time_delta_sensor_async to None, run_after=None
[2024-05-13T15:43:21.034+0000] {processor.py:183} INFO - Processing /home/airflow/.local/lib/python3.8/site-packages/airflow/example_dags/example_time_delta_sensor_async.py took 0.073 seconds
[2024-05-13T15:43:51.453+0000] {processor.py:161} INFO - Started process (PID=3913) to work on /home/airflow/.local/lib/python3.8/site-packages/airflow/example_dags/example_time_delta_sensor_async.py
[2024-05-13T15:43:51.454+0000] {processor.py:830} INFO - Processing file /home/airflow/.local/lib/python3.8/site-packages/airflow/example_dags/example_time_delta_sensor_async.py for tasks to queue
[2024-05-13T15:43:51.457+0000] {logging_mixin.py:188} INFO - [2024-05-13T15:43:51.456+0000] {dagbag.py:540} INFO - Filling up the DagBag from /home/airflow/.local/lib/python3.8/site-packages/airflow/example_dags/example_time_delta_sensor_async.py
[2024-05-13T15:43:51.461+0000] {processor.py:840} INFO - DAG(s) 'example_time_delta_sensor_async' retrieved from /home/airflow/.local/lib/python3.8/site-packages/airflow/example_dags/example_time_delta_sensor_async.py
[2024-05-13T15:43:51.486+0000] {logging_mixin.py:188} INFO - [2024-05-13T15:43:51.486+0000] {dag.py:3047} INFO - Sync 1 DAGs
[2024-05-13T15:43:51.501+0000] {logging_mixin.py:188} INFO - [2024-05-13T15:43:51.500+0000] {dag.py:3834} INFO - Setting next_dagrun for example_time_delta_sensor_async to None, run_after=None
[2024-05-13T15:43:51.526+0000] {processor.py:183} INFO - Processing /home/airflow/.local/lib/python3.8/site-packages/airflow/example_dags/example_time_delta_sensor_async.py took 0.077 seconds
