[2024-05-13T15:15:23.578+0000] {processor.py:161} INFO - Started process (PID=119) to work on /home/airflow/.local/lib/python3.8/site-packages/airflow/example_dags/example_task_group.py
[2024-05-13T15:15:23.580+0000] {processor.py:830} INFO - Processing file /home/airflow/.local/lib/python3.8/site-packages/airflow/example_dags/example_task_group.py for tasks to queue
[2024-05-13T15:15:23.582+0000] {logging_mixin.py:188} INFO - [2024-05-13T15:15:23.581+0000] {dagbag.py:540} INFO - Filling up the DagBag from /home/airflow/.local/lib/python3.8/site-packages/airflow/example_dags/example_task_group.py
[2024-05-13T15:15:23.592+0000] {processor.py:840} INFO - DAG(s) 'example_task_group' retrieved from /home/airflow/.local/lib/python3.8/site-packages/airflow/example_dags/example_task_group.py
[2024-05-13T15:15:23.720+0000] {logging_mixin.py:188} INFO - [2024-05-13T15:15:23.720+0000] {override.py:1769} INFO - Created Permission View: can delete on DAG:example_task_group
[2024-05-13T15:15:23.736+0000] {logging_mixin.py:188} INFO - [2024-05-13T15:15:23.736+0000] {override.py:1769} INFO - Created Permission View: can edit on DAG:example_task_group
[2024-05-13T15:15:23.744+0000] {logging_mixin.py:188} INFO - [2024-05-13T15:15:23.744+0000] {override.py:1769} INFO - Created Permission View: can read on DAG:example_task_group
[2024-05-13T15:15:23.745+0000] {logging_mixin.py:188} INFO - [2024-05-13T15:15:23.745+0000] {dag.py:3047} INFO - Sync 1 DAGs
[2024-05-13T15:15:23.756+0000] {logging_mixin.py:188} INFO - [2024-05-13T15:15:23.756+0000] {dag.py:3069} INFO - Creating ORM DAG for example_task_group
[2024-05-13T15:15:23.767+0000] {logging_mixin.py:188} INFO - [2024-05-13T15:15:23.767+0000] {dag.py:3834} INFO - Setting next_dagrun for example_task_group to 2024-05-12 00:00:00+00:00, run_after=2024-05-13 00:00:00+00:00
[2024-05-13T15:15:23.788+0000] {processor.py:183} INFO - Processing /home/airflow/.local/lib/python3.8/site-packages/airflow/example_dags/example_task_group.py took 0.214 seconds
[2024-05-13T15:15:54.415+0000] {processor.py:161} INFO - Started process (PID=187) to work on /home/airflow/.local/lib/python3.8/site-packages/airflow/example_dags/example_task_group.py
[2024-05-13T15:15:54.416+0000] {processor.py:830} INFO - Processing file /home/airflow/.local/lib/python3.8/site-packages/airflow/example_dags/example_task_group.py for tasks to queue
[2024-05-13T15:15:54.418+0000] {logging_mixin.py:188} INFO - [2024-05-13T15:15:54.417+0000] {dagbag.py:540} INFO - Filling up the DagBag from /home/airflow/.local/lib/python3.8/site-packages/airflow/example_dags/example_task_group.py
[2024-05-13T15:15:54.426+0000] {processor.py:840} INFO - DAG(s) 'example_task_group' retrieved from /home/airflow/.local/lib/python3.8/site-packages/airflow/example_dags/example_task_group.py
[2024-05-13T15:15:54.462+0000] {logging_mixin.py:188} INFO - [2024-05-13T15:15:54.461+0000] {dag.py:3047} INFO - Sync 1 DAGs
[2024-05-13T15:15:54.498+0000] {logging_mixin.py:188} INFO - [2024-05-13T15:15:54.498+0000] {dag.py:3834} INFO - Setting next_dagrun for example_task_group to 2024-05-12 00:00:00+00:00, run_after=2024-05-13 00:00:00+00:00
[2024-05-13T15:15:54.522+0000] {processor.py:183} INFO - Processing /home/airflow/.local/lib/python3.8/site-packages/airflow/example_dags/example_task_group.py took 0.110 seconds
[2024-05-13T15:16:24.989+0000] {processor.py:161} INFO - Started process (PID=255) to work on /home/airflow/.local/lib/python3.8/site-packages/airflow/example_dags/example_task_group.py
[2024-05-13T15:16:24.989+0000] {processor.py:830} INFO - Processing file /home/airflow/.local/lib/python3.8/site-packages/airflow/example_dags/example_task_group.py for tasks to queue
[2024-05-13T15:16:24.991+0000] {logging_mixin.py:188} INFO - [2024-05-13T15:16:24.991+0000] {dagbag.py:540} INFO - Filling up the DagBag from /home/airflow/.local/lib/python3.8/site-packages/airflow/example_dags/example_task_group.py
[2024-05-13T15:16:24.997+0000] {processor.py:840} INFO - DAG(s) 'example_task_group' retrieved from /home/airflow/.local/lib/python3.8/site-packages/airflow/example_dags/example_task_group.py
[2024-05-13T15:16:25.017+0000] {logging_mixin.py:188} INFO - [2024-05-13T15:16:25.017+0000] {dag.py:3047} INFO - Sync 1 DAGs
[2024-05-13T15:16:25.039+0000] {logging_mixin.py:188} INFO - [2024-05-13T15:16:25.038+0000] {dag.py:3834} INFO - Setting next_dagrun for example_task_group to 2024-05-12 00:00:00+00:00, run_after=2024-05-13 00:00:00+00:00
[2024-05-13T15:16:25.056+0000] {processor.py:183} INFO - Processing /home/airflow/.local/lib/python3.8/site-packages/airflow/example_dags/example_task_group.py took 0.070 seconds
[2024-05-13T15:16:55.242+0000] {processor.py:161} INFO - Started process (PID=323) to work on /home/airflow/.local/lib/python3.8/site-packages/airflow/example_dags/example_task_group.py
[2024-05-13T15:16:55.243+0000] {processor.py:830} INFO - Processing file /home/airflow/.local/lib/python3.8/site-packages/airflow/example_dags/example_task_group.py for tasks to queue
[2024-05-13T15:16:55.245+0000] {logging_mixin.py:188} INFO - [2024-05-13T15:16:55.245+0000] {dagbag.py:540} INFO - Filling up the DagBag from /home/airflow/.local/lib/python3.8/site-packages/airflow/example_dags/example_task_group.py
[2024-05-13T15:16:55.252+0000] {processor.py:840} INFO - DAG(s) 'example_task_group' retrieved from /home/airflow/.local/lib/python3.8/site-packages/airflow/example_dags/example_task_group.py
[2024-05-13T15:16:55.272+0000] {logging_mixin.py:188} INFO - [2024-05-13T15:16:55.272+0000] {dag.py:3047} INFO - Sync 1 DAGs
[2024-05-13T15:16:55.293+0000] {logging_mixin.py:188} INFO - [2024-05-13T15:16:55.292+0000] {dag.py:3834} INFO - Setting next_dagrun for example_task_group to 2024-05-12 00:00:00+00:00, run_after=2024-05-13 00:00:00+00:00
[2024-05-13T15:16:55.311+0000] {processor.py:183} INFO - Processing /home/airflow/.local/lib/python3.8/site-packages/airflow/example_dags/example_task_group.py took 0.072 seconds
[2024-05-13T15:17:25.371+0000] {processor.py:161} INFO - Started process (PID=391) to work on /home/airflow/.local/lib/python3.8/site-packages/airflow/example_dags/example_task_group.py
[2024-05-13T15:17:25.372+0000] {processor.py:830} INFO - Processing file /home/airflow/.local/lib/python3.8/site-packages/airflow/example_dags/example_task_group.py for tasks to queue
[2024-05-13T15:17:25.374+0000] {logging_mixin.py:188} INFO - [2024-05-13T15:17:25.374+0000] {dagbag.py:540} INFO - Filling up the DagBag from /home/airflow/.local/lib/python3.8/site-packages/airflow/example_dags/example_task_group.py
[2024-05-13T15:17:25.382+0000] {processor.py:840} INFO - DAG(s) 'example_task_group' retrieved from /home/airflow/.local/lib/python3.8/site-packages/airflow/example_dags/example_task_group.py
[2024-05-13T15:17:25.406+0000] {logging_mixin.py:188} INFO - [2024-05-13T15:17:25.405+0000] {dag.py:3047} INFO - Sync 1 DAGs
[2024-05-13T15:17:25.430+0000] {logging_mixin.py:188} INFO - [2024-05-13T15:17:25.430+0000] {dag.py:3834} INFO - Setting next_dagrun for example_task_group to 2024-05-12 00:00:00+00:00, run_after=2024-05-13 00:00:00+00:00
[2024-05-13T15:17:25.454+0000] {processor.py:183} INFO - Processing /home/airflow/.local/lib/python3.8/site-packages/airflow/example_dags/example_task_group.py took 0.086 seconds
[2024-05-13T15:17:55.820+0000] {processor.py:161} INFO - Started process (PID=459) to work on /home/airflow/.local/lib/python3.8/site-packages/airflow/example_dags/example_task_group.py
[2024-05-13T15:17:55.821+0000] {processor.py:830} INFO - Processing file /home/airflow/.local/lib/python3.8/site-packages/airflow/example_dags/example_task_group.py for tasks to queue
[2024-05-13T15:17:55.823+0000] {logging_mixin.py:188} INFO - [2024-05-13T15:17:55.823+0000] {dagbag.py:540} INFO - Filling up the DagBag from /home/airflow/.local/lib/python3.8/site-packages/airflow/example_dags/example_task_group.py
[2024-05-13T15:17:55.830+0000] {processor.py:840} INFO - DAG(s) 'example_task_group' retrieved from /home/airflow/.local/lib/python3.8/site-packages/airflow/example_dags/example_task_group.py
[2024-05-13T15:17:55.850+0000] {logging_mixin.py:188} INFO - [2024-05-13T15:17:55.850+0000] {dag.py:3047} INFO - Sync 1 DAGs
[2024-05-13T15:17:55.873+0000] {logging_mixin.py:188} INFO - [2024-05-13T15:17:55.873+0000] {dag.py:3834} INFO - Setting next_dagrun for example_task_group to 2024-05-12 00:00:00+00:00, run_after=2024-05-13 00:00:00+00:00
[2024-05-13T15:17:55.891+0000] {processor.py:183} INFO - Processing /home/airflow/.local/lib/python3.8/site-packages/airflow/example_dags/example_task_group.py took 0.074 seconds
[2024-05-13T15:18:26.840+0000] {processor.py:161} INFO - Started process (PID=527) to work on /home/airflow/.local/lib/python3.8/site-packages/airflow/example_dags/example_task_group.py
[2024-05-13T15:18:26.841+0000] {processor.py:830} INFO - Processing file /home/airflow/.local/lib/python3.8/site-packages/airflow/example_dags/example_task_group.py for tasks to queue
[2024-05-13T15:18:26.843+0000] {logging_mixin.py:188} INFO - [2024-05-13T15:18:26.842+0000] {dagbag.py:540} INFO - Filling up the DagBag from /home/airflow/.local/lib/python3.8/site-packages/airflow/example_dags/example_task_group.py
[2024-05-13T15:18:26.849+0000] {processor.py:840} INFO - DAG(s) 'example_task_group' retrieved from /home/airflow/.local/lib/python3.8/site-packages/airflow/example_dags/example_task_group.py
[2024-05-13T15:18:26.868+0000] {logging_mixin.py:188} INFO - [2024-05-13T15:18:26.868+0000] {dag.py:3047} INFO - Sync 1 DAGs
[2024-05-13T15:18:26.887+0000] {logging_mixin.py:188} INFO - [2024-05-13T15:18:26.886+0000] {dag.py:3834} INFO - Setting next_dagrun for example_task_group to 2024-05-12 00:00:00+00:00, run_after=2024-05-13 00:00:00+00:00
[2024-05-13T15:18:26.905+0000] {processor.py:183} INFO - Processing /home/airflow/.local/lib/python3.8/site-packages/airflow/example_dags/example_task_group.py took 0.068 seconds
[2024-05-13T15:18:57.306+0000] {processor.py:161} INFO - Started process (PID=595) to work on /home/airflow/.local/lib/python3.8/site-packages/airflow/example_dags/example_task_group.py
[2024-05-13T15:18:57.307+0000] {processor.py:830} INFO - Processing file /home/airflow/.local/lib/python3.8/site-packages/airflow/example_dags/example_task_group.py for tasks to queue
[2024-05-13T15:18:57.309+0000] {logging_mixin.py:188} INFO - [2024-05-13T15:18:57.309+0000] {dagbag.py:540} INFO - Filling up the DagBag from /home/airflow/.local/lib/python3.8/site-packages/airflow/example_dags/example_task_group.py
[2024-05-13T15:18:57.317+0000] {processor.py:840} INFO - DAG(s) 'example_task_group' retrieved from /home/airflow/.local/lib/python3.8/site-packages/airflow/example_dags/example_task_group.py
[2024-05-13T15:18:57.343+0000] {logging_mixin.py:188} INFO - [2024-05-13T15:18:57.343+0000] {dag.py:3047} INFO - Sync 1 DAGs
[2024-05-13T15:18:57.372+0000] {logging_mixin.py:188} INFO - [2024-05-13T15:18:57.372+0000] {dag.py:3834} INFO - Setting next_dagrun for example_task_group to 2024-05-12 00:00:00+00:00, run_after=2024-05-13 00:00:00+00:00
[2024-05-13T15:18:57.397+0000] {processor.py:183} INFO - Processing /home/airflow/.local/lib/python3.8/site-packages/airflow/example_dags/example_task_group.py took 0.094 seconds
[2024-05-13T15:19:28.291+0000] {processor.py:161} INFO - Started process (PID=662) to work on /home/airflow/.local/lib/python3.8/site-packages/airflow/example_dags/example_task_group.py
[2024-05-13T15:19:28.292+0000] {processor.py:830} INFO - Processing file /home/airflow/.local/lib/python3.8/site-packages/airflow/example_dags/example_task_group.py for tasks to queue
[2024-05-13T15:19:28.295+0000] {logging_mixin.py:188} INFO - [2024-05-13T15:19:28.294+0000] {dagbag.py:540} INFO - Filling up the DagBag from /home/airflow/.local/lib/python3.8/site-packages/airflow/example_dags/example_task_group.py
[2024-05-13T15:19:28.303+0000] {processor.py:840} INFO - DAG(s) 'example_task_group' retrieved from /home/airflow/.local/lib/python3.8/site-packages/airflow/example_dags/example_task_group.py
[2024-05-13T15:19:28.327+0000] {logging_mixin.py:188} INFO - [2024-05-13T15:19:28.327+0000] {dag.py:3047} INFO - Sync 1 DAGs
[2024-05-13T15:19:28.356+0000] {logging_mixin.py:188} INFO - [2024-05-13T15:19:28.355+0000] {dag.py:3834} INFO - Setting next_dagrun for example_task_group to 2024-05-12 00:00:00+00:00, run_after=2024-05-13 00:00:00+00:00
[2024-05-13T15:19:28.384+0000] {processor.py:183} INFO - Processing /home/airflow/.local/lib/python3.8/site-packages/airflow/example_dags/example_task_group.py took 0.097 seconds
[2024-05-13T15:19:59.279+0000] {processor.py:161} INFO - Started process (PID=730) to work on /home/airflow/.local/lib/python3.8/site-packages/airflow/example_dags/example_task_group.py
[2024-05-13T15:19:59.281+0000] {processor.py:830} INFO - Processing file /home/airflow/.local/lib/python3.8/site-packages/airflow/example_dags/example_task_group.py for tasks to queue
[2024-05-13T15:19:59.282+0000] {logging_mixin.py:188} INFO - [2024-05-13T15:19:59.282+0000] {dagbag.py:540} INFO - Filling up the DagBag from /home/airflow/.local/lib/python3.8/site-packages/airflow/example_dags/example_task_group.py
[2024-05-13T15:19:59.289+0000] {processor.py:840} INFO - DAG(s) 'example_task_group' retrieved from /home/airflow/.local/lib/python3.8/site-packages/airflow/example_dags/example_task_group.py
[2024-05-13T15:19:59.308+0000] {logging_mixin.py:188} INFO - [2024-05-13T15:19:59.308+0000] {dag.py:3047} INFO - Sync 1 DAGs
[2024-05-13T15:19:59.329+0000] {logging_mixin.py:188} INFO - [2024-05-13T15:19:59.329+0000] {dag.py:3834} INFO - Setting next_dagrun for example_task_group to 2024-05-12 00:00:00+00:00, run_after=2024-05-13 00:00:00+00:00
[2024-05-13T15:19:59.349+0000] {processor.py:183} INFO - Processing /home/airflow/.local/lib/python3.8/site-packages/airflow/example_dags/example_task_group.py took 0.072 seconds
[2024-05-13T15:20:29.759+0000] {processor.py:161} INFO - Started process (PID=786) to work on /home/airflow/.local/lib/python3.8/site-packages/airflow/example_dags/example_task_group.py
[2024-05-13T15:20:29.760+0000] {processor.py:830} INFO - Processing file /home/airflow/.local/lib/python3.8/site-packages/airflow/example_dags/example_task_group.py for tasks to queue
[2024-05-13T15:20:29.761+0000] {logging_mixin.py:188} INFO - [2024-05-13T15:20:29.761+0000] {dagbag.py:540} INFO - Filling up the DagBag from /home/airflow/.local/lib/python3.8/site-packages/airflow/example_dags/example_task_group.py
[2024-05-13T15:20:29.768+0000] {processor.py:840} INFO - DAG(s) 'example_task_group' retrieved from /home/airflow/.local/lib/python3.8/site-packages/airflow/example_dags/example_task_group.py
[2024-05-13T15:20:29.787+0000] {logging_mixin.py:188} INFO - [2024-05-13T15:20:29.787+0000] {dag.py:3047} INFO - Sync 1 DAGs
[2024-05-13T15:20:29.809+0000] {logging_mixin.py:188} INFO - [2024-05-13T15:20:29.809+0000] {dag.py:3834} INFO - Setting next_dagrun for example_task_group to 2024-05-12 00:00:00+00:00, run_after=2024-05-13 00:00:00+00:00
[2024-05-13T15:20:29.832+0000] {processor.py:183} INFO - Processing /home/airflow/.local/lib/python3.8/site-packages/airflow/example_dags/example_task_group.py took 0.076 seconds
[2024-05-13T15:20:59.932+0000] {processor.py:161} INFO - Started process (PID=858) to work on /home/airflow/.local/lib/python3.8/site-packages/airflow/example_dags/example_task_group.py
[2024-05-13T15:20:59.933+0000] {processor.py:830} INFO - Processing file /home/airflow/.local/lib/python3.8/site-packages/airflow/example_dags/example_task_group.py for tasks to queue
[2024-05-13T15:20:59.935+0000] {logging_mixin.py:188} INFO - [2024-05-13T15:20:59.935+0000] {dagbag.py:540} INFO - Filling up the DagBag from /home/airflow/.local/lib/python3.8/site-packages/airflow/example_dags/example_task_group.py
[2024-05-13T15:20:59.942+0000] {processor.py:840} INFO - DAG(s) 'example_task_group' retrieved from /home/airflow/.local/lib/python3.8/site-packages/airflow/example_dags/example_task_group.py
[2024-05-13T15:20:59.964+0000] {logging_mixin.py:188} INFO - [2024-05-13T15:20:59.963+0000] {dag.py:3047} INFO - Sync 1 DAGs
[2024-05-13T15:20:59.985+0000] {logging_mixin.py:188} INFO - [2024-05-13T15:20:59.985+0000] {dag.py:3834} INFO - Setting next_dagrun for example_task_group to 2024-05-12 00:00:00+00:00, run_after=2024-05-13 00:00:00+00:00
[2024-05-13T15:21:00.003+0000] {processor.py:183} INFO - Processing /home/airflow/.local/lib/python3.8/site-packages/airflow/example_dags/example_task_group.py took 0.075 seconds
[2024-05-13T15:21:30.200+0000] {processor.py:161} INFO - Started process (PID=926) to work on /home/airflow/.local/lib/python3.8/site-packages/airflow/example_dags/example_task_group.py
[2024-05-13T15:21:30.202+0000] {processor.py:830} INFO - Processing file /home/airflow/.local/lib/python3.8/site-packages/airflow/example_dags/example_task_group.py for tasks to queue
[2024-05-13T15:21:30.204+0000] {logging_mixin.py:188} INFO - [2024-05-13T15:21:30.204+0000] {dagbag.py:540} INFO - Filling up the DagBag from /home/airflow/.local/lib/python3.8/site-packages/airflow/example_dags/example_task_group.py
[2024-05-13T15:21:30.212+0000] {processor.py:840} INFO - DAG(s) 'example_task_group' retrieved from /home/airflow/.local/lib/python3.8/site-packages/airflow/example_dags/example_task_group.py
[2024-05-13T15:21:30.235+0000] {logging_mixin.py:188} INFO - [2024-05-13T15:21:30.234+0000] {dag.py:3047} INFO - Sync 1 DAGs
[2024-05-13T15:21:30.257+0000] {logging_mixin.py:188} INFO - [2024-05-13T15:21:30.257+0000] {dag.py:3834} INFO - Setting next_dagrun for example_task_group to 2024-05-12 00:00:00+00:00, run_after=2024-05-13 00:00:00+00:00
[2024-05-13T15:21:30.278+0000] {processor.py:183} INFO - Processing /home/airflow/.local/lib/python3.8/site-packages/airflow/example_dags/example_task_group.py took 0.083 seconds
[2024-05-13T15:22:00.601+0000] {processor.py:161} INFO - Started process (PID=995) to work on /home/airflow/.local/lib/python3.8/site-packages/airflow/example_dags/example_task_group.py
[2024-05-13T15:22:00.602+0000] {processor.py:830} INFO - Processing file /home/airflow/.local/lib/python3.8/site-packages/airflow/example_dags/example_task_group.py for tasks to queue
[2024-05-13T15:22:00.605+0000] {logging_mixin.py:188} INFO - [2024-05-13T15:22:00.604+0000] {dagbag.py:540} INFO - Filling up the DagBag from /home/airflow/.local/lib/python3.8/site-packages/airflow/example_dags/example_task_group.py
[2024-05-13T15:22:00.614+0000] {processor.py:840} INFO - DAG(s) 'example_task_group' retrieved from /home/airflow/.local/lib/python3.8/site-packages/airflow/example_dags/example_task_group.py
[2024-05-13T15:22:00.642+0000] {logging_mixin.py:188} INFO - [2024-05-13T15:22:00.642+0000] {dag.py:3047} INFO - Sync 1 DAGs
[2024-05-13T15:22:00.672+0000] {logging_mixin.py:188} INFO - [2024-05-13T15:22:00.672+0000] {dag.py:3834} INFO - Setting next_dagrun for example_task_group to 2024-05-12 00:00:00+00:00, run_after=2024-05-13 00:00:00+00:00
[2024-05-13T15:22:00.702+0000] {processor.py:183} INFO - Processing /home/airflow/.local/lib/python3.8/site-packages/airflow/example_dags/example_task_group.py took 0.106 seconds
[2024-05-13T15:22:31.463+0000] {processor.py:161} INFO - Started process (PID=1062) to work on /home/airflow/.local/lib/python3.8/site-packages/airflow/example_dags/example_task_group.py
[2024-05-13T15:22:31.464+0000] {processor.py:830} INFO - Processing file /home/airflow/.local/lib/python3.8/site-packages/airflow/example_dags/example_task_group.py for tasks to queue
[2024-05-13T15:22:31.466+0000] {logging_mixin.py:188} INFO - [2024-05-13T15:22:31.466+0000] {dagbag.py:540} INFO - Filling up the DagBag from /home/airflow/.local/lib/python3.8/site-packages/airflow/example_dags/example_task_group.py
[2024-05-13T15:22:31.474+0000] {processor.py:840} INFO - DAG(s) 'example_task_group' retrieved from /home/airflow/.local/lib/python3.8/site-packages/airflow/example_dags/example_task_group.py
[2024-05-13T15:22:31.494+0000] {logging_mixin.py:188} INFO - [2024-05-13T15:22:31.493+0000] {dag.py:3047} INFO - Sync 1 DAGs
[2024-05-13T15:22:31.514+0000] {logging_mixin.py:188} INFO - [2024-05-13T15:22:31.514+0000] {dag.py:3834} INFO - Setting next_dagrun for example_task_group to 2024-05-12 00:00:00+00:00, run_after=2024-05-13 00:00:00+00:00
[2024-05-13T15:22:31.532+0000] {processor.py:183} INFO - Processing /home/airflow/.local/lib/python3.8/site-packages/airflow/example_dags/example_task_group.py took 0.072 seconds
[2024-05-13T15:23:01.776+0000] {processor.py:161} INFO - Started process (PID=1131) to work on /home/airflow/.local/lib/python3.8/site-packages/airflow/example_dags/example_task_group.py
[2024-05-13T15:23:01.777+0000] {processor.py:830} INFO - Processing file /home/airflow/.local/lib/python3.8/site-packages/airflow/example_dags/example_task_group.py for tasks to queue
[2024-05-13T15:23:01.779+0000] {logging_mixin.py:188} INFO - [2024-05-13T15:23:01.779+0000] {dagbag.py:540} INFO - Filling up the DagBag from /home/airflow/.local/lib/python3.8/site-packages/airflow/example_dags/example_task_group.py
[2024-05-13T15:23:01.786+0000] {processor.py:840} INFO - DAG(s) 'example_task_group' retrieved from /home/airflow/.local/lib/python3.8/site-packages/airflow/example_dags/example_task_group.py
[2024-05-13T15:23:01.809+0000] {logging_mixin.py:188} INFO - [2024-05-13T15:23:01.808+0000] {dag.py:3047} INFO - Sync 1 DAGs
[2024-05-13T15:23:01.830+0000] {logging_mixin.py:188} INFO - [2024-05-13T15:23:01.830+0000] {dag.py:3834} INFO - Setting next_dagrun for example_task_group to 2024-05-12 00:00:00+00:00, run_after=2024-05-13 00:00:00+00:00
[2024-05-13T15:23:01.849+0000] {processor.py:183} INFO - Processing /home/airflow/.local/lib/python3.8/site-packages/airflow/example_dags/example_task_group.py took 0.076 seconds
[2024-05-13T15:23:32.204+0000] {processor.py:161} INFO - Started process (PID=1199) to work on /home/airflow/.local/lib/python3.8/site-packages/airflow/example_dags/example_task_group.py
[2024-05-13T15:23:32.205+0000] {processor.py:830} INFO - Processing file /home/airflow/.local/lib/python3.8/site-packages/airflow/example_dags/example_task_group.py for tasks to queue
[2024-05-13T15:23:32.207+0000] {logging_mixin.py:188} INFO - [2024-05-13T15:23:32.207+0000] {dagbag.py:540} INFO - Filling up the DagBag from /home/airflow/.local/lib/python3.8/site-packages/airflow/example_dags/example_task_group.py
[2024-05-13T15:23:32.217+0000] {processor.py:840} INFO - DAG(s) 'example_task_group' retrieved from /home/airflow/.local/lib/python3.8/site-packages/airflow/example_dags/example_task_group.py
[2024-05-13T15:23:32.238+0000] {logging_mixin.py:188} INFO - [2024-05-13T15:23:32.238+0000] {dag.py:3047} INFO - Sync 1 DAGs
[2024-05-13T15:23:32.260+0000] {logging_mixin.py:188} INFO - [2024-05-13T15:23:32.260+0000] {dag.py:3834} INFO - Setting next_dagrun for example_task_group to 2024-05-12 00:00:00+00:00, run_after=2024-05-13 00:00:00+00:00
[2024-05-13T15:23:32.278+0000] {processor.py:183} INFO - Processing /home/airflow/.local/lib/python3.8/site-packages/airflow/example_dags/example_task_group.py took 0.077 seconds
[2024-05-13T15:24:03.012+0000] {processor.py:161} INFO - Started process (PID=1267) to work on /home/airflow/.local/lib/python3.8/site-packages/airflow/example_dags/example_task_group.py
[2024-05-13T15:24:03.013+0000] {processor.py:830} INFO - Processing file /home/airflow/.local/lib/python3.8/site-packages/airflow/example_dags/example_task_group.py for tasks to queue
[2024-05-13T15:24:03.015+0000] {logging_mixin.py:188} INFO - [2024-05-13T15:24:03.015+0000] {dagbag.py:540} INFO - Filling up the DagBag from /home/airflow/.local/lib/python3.8/site-packages/airflow/example_dags/example_task_group.py
[2024-05-13T15:24:03.022+0000] {processor.py:840} INFO - DAG(s) 'example_task_group' retrieved from /home/airflow/.local/lib/python3.8/site-packages/airflow/example_dags/example_task_group.py
[2024-05-13T15:24:03.042+0000] {logging_mixin.py:188} INFO - [2024-05-13T15:24:03.042+0000] {dag.py:3047} INFO - Sync 1 DAGs
[2024-05-13T15:24:03.063+0000] {logging_mixin.py:188} INFO - [2024-05-13T15:24:03.063+0000] {dag.py:3834} INFO - Setting next_dagrun for example_task_group to 2024-05-12 00:00:00+00:00, run_after=2024-05-13 00:00:00+00:00
[2024-05-13T15:24:03.082+0000] {processor.py:183} INFO - Processing /home/airflow/.local/lib/python3.8/site-packages/airflow/example_dags/example_task_group.py took 0.072 seconds
[2024-05-13T15:24:33.153+0000] {processor.py:161} INFO - Started process (PID=1335) to work on /home/airflow/.local/lib/python3.8/site-packages/airflow/example_dags/example_task_group.py
[2024-05-13T15:24:33.154+0000] {processor.py:830} INFO - Processing file /home/airflow/.local/lib/python3.8/site-packages/airflow/example_dags/example_task_group.py for tasks to queue
[2024-05-13T15:24:33.156+0000] {logging_mixin.py:188} INFO - [2024-05-13T15:24:33.155+0000] {dagbag.py:540} INFO - Filling up the DagBag from /home/airflow/.local/lib/python3.8/site-packages/airflow/example_dags/example_task_group.py
[2024-05-13T15:24:33.163+0000] {processor.py:840} INFO - DAG(s) 'example_task_group' retrieved from /home/airflow/.local/lib/python3.8/site-packages/airflow/example_dags/example_task_group.py
[2024-05-13T15:24:33.183+0000] {logging_mixin.py:188} INFO - [2024-05-13T15:24:33.183+0000] {dag.py:3047} INFO - Sync 1 DAGs
[2024-05-13T15:24:33.203+0000] {logging_mixin.py:188} INFO - [2024-05-13T15:24:33.203+0000] {dag.py:3834} INFO - Setting next_dagrun for example_task_group to 2024-05-12 00:00:00+00:00, run_after=2024-05-13 00:00:00+00:00
[2024-05-13T15:24:33.222+0000] {processor.py:183} INFO - Processing /home/airflow/.local/lib/python3.8/site-packages/airflow/example_dags/example_task_group.py took 0.072 seconds
[2024-05-13T15:25:03.348+0000] {processor.py:161} INFO - Started process (PID=1403) to work on /home/airflow/.local/lib/python3.8/site-packages/airflow/example_dags/example_task_group.py
[2024-05-13T15:25:03.350+0000] {processor.py:830} INFO - Processing file /home/airflow/.local/lib/python3.8/site-packages/airflow/example_dags/example_task_group.py for tasks to queue
[2024-05-13T15:25:03.352+0000] {logging_mixin.py:188} INFO - [2024-05-13T15:25:03.351+0000] {dagbag.py:540} INFO - Filling up the DagBag from /home/airflow/.local/lib/python3.8/site-packages/airflow/example_dags/example_task_group.py
[2024-05-13T15:25:03.359+0000] {processor.py:840} INFO - DAG(s) 'example_task_group' retrieved from /home/airflow/.local/lib/python3.8/site-packages/airflow/example_dags/example_task_group.py
[2024-05-13T15:25:03.381+0000] {logging_mixin.py:188} INFO - [2024-05-13T15:25:03.381+0000] {dag.py:3047} INFO - Sync 1 DAGs
[2024-05-13T15:25:03.403+0000] {logging_mixin.py:188} INFO - [2024-05-13T15:25:03.403+0000] {dag.py:3834} INFO - Setting next_dagrun for example_task_group to 2024-05-12 00:00:00+00:00, run_after=2024-05-13 00:00:00+00:00
[2024-05-13T15:25:03.423+0000] {processor.py:183} INFO - Processing /home/airflow/.local/lib/python3.8/site-packages/airflow/example_dags/example_task_group.py took 0.078 seconds
[2024-05-13T15:25:33.539+0000] {processor.py:161} INFO - Started process (PID=1472) to work on /home/airflow/.local/lib/python3.8/site-packages/airflow/example_dags/example_task_group.py
[2024-05-13T15:25:33.540+0000] {processor.py:830} INFO - Processing file /home/airflow/.local/lib/python3.8/site-packages/airflow/example_dags/example_task_group.py for tasks to queue
[2024-05-13T15:25:33.542+0000] {logging_mixin.py:188} INFO - [2024-05-13T15:25:33.542+0000] {dagbag.py:540} INFO - Filling up the DagBag from /home/airflow/.local/lib/python3.8/site-packages/airflow/example_dags/example_task_group.py
[2024-05-13T15:25:33.548+0000] {processor.py:840} INFO - DAG(s) 'example_task_group' retrieved from /home/airflow/.local/lib/python3.8/site-packages/airflow/example_dags/example_task_group.py
[2024-05-13T15:25:33.567+0000] {logging_mixin.py:188} INFO - [2024-05-13T15:25:33.567+0000] {dag.py:3047} INFO - Sync 1 DAGs
[2024-05-13T15:25:33.585+0000] {logging_mixin.py:188} INFO - [2024-05-13T15:25:33.585+0000] {dag.py:3834} INFO - Setting next_dagrun for example_task_group to 2024-05-12 00:00:00+00:00, run_after=2024-05-13 00:00:00+00:00
[2024-05-13T15:25:33.602+0000] {processor.py:183} INFO - Processing /home/airflow/.local/lib/python3.8/site-packages/airflow/example_dags/example_task_group.py took 0.066 seconds
[2024-05-13T15:26:03.920+0000] {processor.py:161} INFO - Started process (PID=1540) to work on /home/airflow/.local/lib/python3.8/site-packages/airflow/example_dags/example_task_group.py
[2024-05-13T15:26:03.922+0000] {processor.py:830} INFO - Processing file /home/airflow/.local/lib/python3.8/site-packages/airflow/example_dags/example_task_group.py for tasks to queue
[2024-05-13T15:26:03.923+0000] {logging_mixin.py:188} INFO - [2024-05-13T15:26:03.923+0000] {dagbag.py:540} INFO - Filling up the DagBag from /home/airflow/.local/lib/python3.8/site-packages/airflow/example_dags/example_task_group.py
[2024-05-13T15:26:03.931+0000] {processor.py:840} INFO - DAG(s) 'example_task_group' retrieved from /home/airflow/.local/lib/python3.8/site-packages/airflow/example_dags/example_task_group.py
[2024-05-13T15:26:03.951+0000] {logging_mixin.py:188} INFO - [2024-05-13T15:26:03.950+0000] {dag.py:3047} INFO - Sync 1 DAGs
[2024-05-13T15:26:03.971+0000] {logging_mixin.py:188} INFO - [2024-05-13T15:26:03.971+0000] {dag.py:3834} INFO - Setting next_dagrun for example_task_group to 2024-05-12 00:00:00+00:00, run_after=2024-05-13 00:00:00+00:00
[2024-05-13T15:26:03.991+0000] {processor.py:183} INFO - Processing /home/airflow/.local/lib/python3.8/site-packages/airflow/example_dags/example_task_group.py took 0.073 seconds
[2024-05-13T15:26:34.207+0000] {processor.py:161} INFO - Started process (PID=1608) to work on /home/airflow/.local/lib/python3.8/site-packages/airflow/example_dags/example_task_group.py
[2024-05-13T15:26:34.208+0000] {processor.py:830} INFO - Processing file /home/airflow/.local/lib/python3.8/site-packages/airflow/example_dags/example_task_group.py for tasks to queue
[2024-05-13T15:26:34.210+0000] {logging_mixin.py:188} INFO - [2024-05-13T15:26:34.210+0000] {dagbag.py:540} INFO - Filling up the DagBag from /home/airflow/.local/lib/python3.8/site-packages/airflow/example_dags/example_task_group.py
[2024-05-13T15:26:34.217+0000] {processor.py:840} INFO - DAG(s) 'example_task_group' retrieved from /home/airflow/.local/lib/python3.8/site-packages/airflow/example_dags/example_task_group.py
[2024-05-13T15:26:34.243+0000] {logging_mixin.py:188} INFO - [2024-05-13T15:26:34.243+0000] {dag.py:3047} INFO - Sync 1 DAGs
[2024-05-13T15:26:34.265+0000] {logging_mixin.py:188} INFO - [2024-05-13T15:26:34.265+0000] {dag.py:3834} INFO - Setting next_dagrun for example_task_group to 2024-05-12 00:00:00+00:00, run_after=2024-05-13 00:00:00+00:00
[2024-05-13T15:26:34.282+0000] {processor.py:183} INFO - Processing /home/airflow/.local/lib/python3.8/site-packages/airflow/example_dags/example_task_group.py took 0.077 seconds
[2024-05-13T15:27:04.636+0000] {processor.py:161} INFO - Started process (PID=1676) to work on /home/airflow/.local/lib/python3.8/site-packages/airflow/example_dags/example_task_group.py
[2024-05-13T15:27:04.637+0000] {processor.py:830} INFO - Processing file /home/airflow/.local/lib/python3.8/site-packages/airflow/example_dags/example_task_group.py for tasks to queue
[2024-05-13T15:27:04.639+0000] {logging_mixin.py:188} INFO - [2024-05-13T15:27:04.639+0000] {dagbag.py:540} INFO - Filling up the DagBag from /home/airflow/.local/lib/python3.8/site-packages/airflow/example_dags/example_task_group.py
[2024-05-13T15:27:04.647+0000] {processor.py:840} INFO - DAG(s) 'example_task_group' retrieved from /home/airflow/.local/lib/python3.8/site-packages/airflow/example_dags/example_task_group.py
[2024-05-13T15:27:04.669+0000] {logging_mixin.py:188} INFO - [2024-05-13T15:27:04.669+0000] {dag.py:3047} INFO - Sync 1 DAGs
[2024-05-13T15:27:04.691+0000] {logging_mixin.py:188} INFO - [2024-05-13T15:27:04.690+0000] {dag.py:3834} INFO - Setting next_dagrun for example_task_group to 2024-05-12 00:00:00+00:00, run_after=2024-05-13 00:00:00+00:00
[2024-05-13T15:27:04.710+0000] {processor.py:183} INFO - Processing /home/airflow/.local/lib/python3.8/site-packages/airflow/example_dags/example_task_group.py took 0.078 seconds
[2024-05-13T15:27:35.334+0000] {processor.py:161} INFO - Started process (PID=1744) to work on /home/airflow/.local/lib/python3.8/site-packages/airflow/example_dags/example_task_group.py
[2024-05-13T15:27:35.335+0000] {processor.py:830} INFO - Processing file /home/airflow/.local/lib/python3.8/site-packages/airflow/example_dags/example_task_group.py for tasks to queue
[2024-05-13T15:27:35.337+0000] {logging_mixin.py:188} INFO - [2024-05-13T15:27:35.337+0000] {dagbag.py:540} INFO - Filling up the DagBag from /home/airflow/.local/lib/python3.8/site-packages/airflow/example_dags/example_task_group.py
[2024-05-13T15:27:35.345+0000] {processor.py:840} INFO - DAG(s) 'example_task_group' retrieved from /home/airflow/.local/lib/python3.8/site-packages/airflow/example_dags/example_task_group.py
[2024-05-13T15:27:35.365+0000] {logging_mixin.py:188} INFO - [2024-05-13T15:27:35.365+0000] {dag.py:3047} INFO - Sync 1 DAGs
[2024-05-13T15:27:35.383+0000] {logging_mixin.py:188} INFO - [2024-05-13T15:27:35.383+0000] {dag.py:3834} INFO - Setting next_dagrun for example_task_group to 2024-05-12 00:00:00+00:00, run_after=2024-05-13 00:00:00+00:00
[2024-05-13T15:27:35.400+0000] {processor.py:183} INFO - Processing /home/airflow/.local/lib/python3.8/site-packages/airflow/example_dags/example_task_group.py took 0.069 seconds
[2024-05-13T15:28:05.497+0000] {processor.py:161} INFO - Started process (PID=1812) to work on /home/airflow/.local/lib/python3.8/site-packages/airflow/example_dags/example_task_group.py
[2024-05-13T15:28:05.498+0000] {processor.py:830} INFO - Processing file /home/airflow/.local/lib/python3.8/site-packages/airflow/example_dags/example_task_group.py for tasks to queue
[2024-05-13T15:28:05.499+0000] {logging_mixin.py:188} INFO - [2024-05-13T15:28:05.499+0000] {dagbag.py:540} INFO - Filling up the DagBag from /home/airflow/.local/lib/python3.8/site-packages/airflow/example_dags/example_task_group.py
[2024-05-13T15:28:05.506+0000] {processor.py:840} INFO - DAG(s) 'example_task_group' retrieved from /home/airflow/.local/lib/python3.8/site-packages/airflow/example_dags/example_task_group.py
[2024-05-13T15:28:05.525+0000] {logging_mixin.py:188} INFO - [2024-05-13T15:28:05.525+0000] {dag.py:3047} INFO - Sync 1 DAGs
[2024-05-13T15:28:05.543+0000] {logging_mixin.py:188} INFO - [2024-05-13T15:28:05.543+0000] {dag.py:3834} INFO - Setting next_dagrun for example_task_group to 2024-05-12 00:00:00+00:00, run_after=2024-05-13 00:00:00+00:00
[2024-05-13T15:28:05.562+0000] {processor.py:183} INFO - Processing /home/airflow/.local/lib/python3.8/site-packages/airflow/example_dags/example_task_group.py took 0.068 seconds
[2024-05-13T15:28:35.805+0000] {processor.py:161} INFO - Started process (PID=1880) to work on /home/airflow/.local/lib/python3.8/site-packages/airflow/example_dags/example_task_group.py
[2024-05-13T15:28:35.806+0000] {processor.py:830} INFO - Processing file /home/airflow/.local/lib/python3.8/site-packages/airflow/example_dags/example_task_group.py for tasks to queue
[2024-05-13T15:28:35.808+0000] {logging_mixin.py:188} INFO - [2024-05-13T15:28:35.807+0000] {dagbag.py:540} INFO - Filling up the DagBag from /home/airflow/.local/lib/python3.8/site-packages/airflow/example_dags/example_task_group.py
[2024-05-13T15:28:35.815+0000] {processor.py:840} INFO - DAG(s) 'example_task_group' retrieved from /home/airflow/.local/lib/python3.8/site-packages/airflow/example_dags/example_task_group.py
[2024-05-13T15:28:35.835+0000] {logging_mixin.py:188} INFO - [2024-05-13T15:28:35.835+0000] {dag.py:3047} INFO - Sync 1 DAGs
[2024-05-13T15:28:35.854+0000] {logging_mixin.py:188} INFO - [2024-05-13T15:28:35.854+0000] {dag.py:3834} INFO - Setting next_dagrun for example_task_group to 2024-05-12 00:00:00+00:00, run_after=2024-05-13 00:00:00+00:00
[2024-05-13T15:28:35.874+0000] {processor.py:183} INFO - Processing /home/airflow/.local/lib/python3.8/site-packages/airflow/example_dags/example_task_group.py took 0.072 seconds
[2024-05-13T15:29:06.010+0000] {processor.py:161} INFO - Started process (PID=1948) to work on /home/airflow/.local/lib/python3.8/site-packages/airflow/example_dags/example_task_group.py
[2024-05-13T15:29:06.011+0000] {processor.py:830} INFO - Processing file /home/airflow/.local/lib/python3.8/site-packages/airflow/example_dags/example_task_group.py for tasks to queue
[2024-05-13T15:29:06.012+0000] {logging_mixin.py:188} INFO - [2024-05-13T15:29:06.012+0000] {dagbag.py:540} INFO - Filling up the DagBag from /home/airflow/.local/lib/python3.8/site-packages/airflow/example_dags/example_task_group.py
[2024-05-13T15:29:06.019+0000] {processor.py:840} INFO - DAG(s) 'example_task_group' retrieved from /home/airflow/.local/lib/python3.8/site-packages/airflow/example_dags/example_task_group.py
[2024-05-13T15:29:06.042+0000] {logging_mixin.py:188} INFO - [2024-05-13T15:29:06.042+0000] {dag.py:3047} INFO - Sync 1 DAGs
[2024-05-13T15:29:06.065+0000] {logging_mixin.py:188} INFO - [2024-05-13T15:29:06.064+0000] {dag.py:3834} INFO - Setting next_dagrun for example_task_group to 2024-05-12 00:00:00+00:00, run_after=2024-05-13 00:00:00+00:00
[2024-05-13T15:29:06.084+0000] {processor.py:183} INFO - Processing /home/airflow/.local/lib/python3.8/site-packages/airflow/example_dags/example_task_group.py took 0.077 seconds
[2024-05-13T15:29:36.788+0000] {processor.py:161} INFO - Started process (PID=2016) to work on /home/airflow/.local/lib/python3.8/site-packages/airflow/example_dags/example_task_group.py
[2024-05-13T15:29:36.789+0000] {processor.py:830} INFO - Processing file /home/airflow/.local/lib/python3.8/site-packages/airflow/example_dags/example_task_group.py for tasks to queue
[2024-05-13T15:29:36.792+0000] {logging_mixin.py:188} INFO - [2024-05-13T15:29:36.791+0000] {dagbag.py:540} INFO - Filling up the DagBag from /home/airflow/.local/lib/python3.8/site-packages/airflow/example_dags/example_task_group.py
[2024-05-13T15:29:36.800+0000] {processor.py:840} INFO - DAG(s) 'example_task_group' retrieved from /home/airflow/.local/lib/python3.8/site-packages/airflow/example_dags/example_task_group.py
[2024-05-13T15:29:36.825+0000] {logging_mixin.py:188} INFO - [2024-05-13T15:29:36.824+0000] {dag.py:3047} INFO - Sync 1 DAGs
[2024-05-13T15:29:36.847+0000] {logging_mixin.py:188} INFO - [2024-05-13T15:29:36.847+0000] {dag.py:3834} INFO - Setting next_dagrun for example_task_group to 2024-05-12 00:00:00+00:00, run_after=2024-05-13 00:00:00+00:00
[2024-05-13T15:29:36.872+0000] {processor.py:183} INFO - Processing /home/airflow/.local/lib/python3.8/site-packages/airflow/example_dags/example_task_group.py took 0.089 seconds
[2024-05-13T15:30:07.243+0000] {processor.py:161} INFO - Started process (PID=2084) to work on /home/airflow/.local/lib/python3.8/site-packages/airflow/example_dags/example_task_group.py
[2024-05-13T15:30:07.245+0000] {processor.py:830} INFO - Processing file /home/airflow/.local/lib/python3.8/site-packages/airflow/example_dags/example_task_group.py for tasks to queue
[2024-05-13T15:30:07.246+0000] {logging_mixin.py:188} INFO - [2024-05-13T15:30:07.246+0000] {dagbag.py:540} INFO - Filling up the DagBag from /home/airflow/.local/lib/python3.8/site-packages/airflow/example_dags/example_task_group.py
[2024-05-13T15:30:07.253+0000] {processor.py:840} INFO - DAG(s) 'example_task_group' retrieved from /home/airflow/.local/lib/python3.8/site-packages/airflow/example_dags/example_task_group.py
[2024-05-13T15:30:07.274+0000] {logging_mixin.py:188} INFO - [2024-05-13T15:30:07.273+0000] {dag.py:3047} INFO - Sync 1 DAGs
[2024-05-13T15:30:07.293+0000] {logging_mixin.py:188} INFO - [2024-05-13T15:30:07.293+0000] {dag.py:3834} INFO - Setting next_dagrun for example_task_group to 2024-05-12 00:00:00+00:00, run_after=2024-05-13 00:00:00+00:00
[2024-05-13T15:30:07.313+0000] {processor.py:183} INFO - Processing /home/airflow/.local/lib/python3.8/site-packages/airflow/example_dags/example_task_group.py took 0.073 seconds
[2024-05-13T15:30:37.368+0000] {processor.py:161} INFO - Started process (PID=2152) to work on /home/airflow/.local/lib/python3.8/site-packages/airflow/example_dags/example_task_group.py
[2024-05-13T15:30:37.369+0000] {processor.py:830} INFO - Processing file /home/airflow/.local/lib/python3.8/site-packages/airflow/example_dags/example_task_group.py for tasks to queue
[2024-05-13T15:30:37.370+0000] {logging_mixin.py:188} INFO - [2024-05-13T15:30:37.370+0000] {dagbag.py:540} INFO - Filling up the DagBag from /home/airflow/.local/lib/python3.8/site-packages/airflow/example_dags/example_task_group.py
[2024-05-13T15:30:37.377+0000] {processor.py:840} INFO - DAG(s) 'example_task_group' retrieved from /home/airflow/.local/lib/python3.8/site-packages/airflow/example_dags/example_task_group.py
[2024-05-13T15:30:37.396+0000] {logging_mixin.py:188} INFO - [2024-05-13T15:30:37.396+0000] {dag.py:3047} INFO - Sync 1 DAGs
[2024-05-13T15:30:37.416+0000] {logging_mixin.py:188} INFO - [2024-05-13T15:30:37.416+0000] {dag.py:3834} INFO - Setting next_dagrun for example_task_group to 2024-05-12 00:00:00+00:00, run_after=2024-05-13 00:00:00+00:00
[2024-05-13T15:30:37.433+0000] {processor.py:183} INFO - Processing /home/airflow/.local/lib/python3.8/site-packages/airflow/example_dags/example_task_group.py took 0.068 seconds
[2024-05-13T15:31:07.537+0000] {processor.py:161} INFO - Started process (PID=2220) to work on /home/airflow/.local/lib/python3.8/site-packages/airflow/example_dags/example_task_group.py
[2024-05-13T15:31:07.538+0000] {processor.py:830} INFO - Processing file /home/airflow/.local/lib/python3.8/site-packages/airflow/example_dags/example_task_group.py for tasks to queue
[2024-05-13T15:31:07.540+0000] {logging_mixin.py:188} INFO - [2024-05-13T15:31:07.540+0000] {dagbag.py:540} INFO - Filling up the DagBag from /home/airflow/.local/lib/python3.8/site-packages/airflow/example_dags/example_task_group.py
[2024-05-13T15:31:07.547+0000] {processor.py:840} INFO - DAG(s) 'example_task_group' retrieved from /home/airflow/.local/lib/python3.8/site-packages/airflow/example_dags/example_task_group.py
[2024-05-13T15:31:07.567+0000] {logging_mixin.py:188} INFO - [2024-05-13T15:31:07.567+0000] {dag.py:3047} INFO - Sync 1 DAGs
[2024-05-13T15:31:07.588+0000] {logging_mixin.py:188} INFO - [2024-05-13T15:31:07.588+0000] {dag.py:3834} INFO - Setting next_dagrun for example_task_group to 2024-05-12 00:00:00+00:00, run_after=2024-05-13 00:00:00+00:00
[2024-05-13T15:31:07.607+0000] {processor.py:183} INFO - Processing /home/airflow/.local/lib/python3.8/site-packages/airflow/example_dags/example_task_group.py took 0.073 seconds
[2024-05-13T15:31:37.703+0000] {processor.py:161} INFO - Started process (PID=2288) to work on /home/airflow/.local/lib/python3.8/site-packages/airflow/example_dags/example_task_group.py
[2024-05-13T15:31:37.704+0000] {processor.py:830} INFO - Processing file /home/airflow/.local/lib/python3.8/site-packages/airflow/example_dags/example_task_group.py for tasks to queue
[2024-05-13T15:31:37.706+0000] {logging_mixin.py:188} INFO - [2024-05-13T15:31:37.706+0000] {dagbag.py:540} INFO - Filling up the DagBag from /home/airflow/.local/lib/python3.8/site-packages/airflow/example_dags/example_task_group.py
[2024-05-13T15:31:37.713+0000] {processor.py:840} INFO - DAG(s) 'example_task_group' retrieved from /home/airflow/.local/lib/python3.8/site-packages/airflow/example_dags/example_task_group.py
[2024-05-13T15:31:37.734+0000] {logging_mixin.py:188} INFO - [2024-05-13T15:31:37.734+0000] {dag.py:3047} INFO - Sync 1 DAGs
[2024-05-13T15:31:37.756+0000] {logging_mixin.py:188} INFO - [2024-05-13T15:31:37.756+0000] {dag.py:3834} INFO - Setting next_dagrun for example_task_group to 2024-05-12 00:00:00+00:00, run_after=2024-05-13 00:00:00+00:00
[2024-05-13T15:31:37.778+0000] {processor.py:183} INFO - Processing /home/airflow/.local/lib/python3.8/site-packages/airflow/example_dags/example_task_group.py took 0.078 seconds
[2024-05-13T15:32:08.078+0000] {processor.py:161} INFO - Started process (PID=2356) to work on /home/airflow/.local/lib/python3.8/site-packages/airflow/example_dags/example_task_group.py
[2024-05-13T15:32:08.079+0000] {processor.py:830} INFO - Processing file /home/airflow/.local/lib/python3.8/site-packages/airflow/example_dags/example_task_group.py for tasks to queue
[2024-05-13T15:32:08.080+0000] {logging_mixin.py:188} INFO - [2024-05-13T15:32:08.080+0000] {dagbag.py:540} INFO - Filling up the DagBag from /home/airflow/.local/lib/python3.8/site-packages/airflow/example_dags/example_task_group.py
[2024-05-13T15:32:08.087+0000] {processor.py:840} INFO - DAG(s) 'example_task_group' retrieved from /home/airflow/.local/lib/python3.8/site-packages/airflow/example_dags/example_task_group.py
[2024-05-13T15:32:08.108+0000] {logging_mixin.py:188} INFO - [2024-05-13T15:32:08.108+0000] {dag.py:3047} INFO - Sync 1 DAGs
[2024-05-13T15:32:08.129+0000] {logging_mixin.py:188} INFO - [2024-05-13T15:32:08.129+0000] {dag.py:3834} INFO - Setting next_dagrun for example_task_group to 2024-05-12 00:00:00+00:00, run_after=2024-05-13 00:00:00+00:00
[2024-05-13T15:32:08.149+0000] {processor.py:183} INFO - Processing /home/airflow/.local/lib/python3.8/site-packages/airflow/example_dags/example_task_group.py took 0.073 seconds
[2024-05-13T15:32:38.862+0000] {processor.py:161} INFO - Started process (PID=2424) to work on /home/airflow/.local/lib/python3.8/site-packages/airflow/example_dags/example_task_group.py
[2024-05-13T15:32:38.864+0000] {processor.py:830} INFO - Processing file /home/airflow/.local/lib/python3.8/site-packages/airflow/example_dags/example_task_group.py for tasks to queue
[2024-05-13T15:32:38.867+0000] {logging_mixin.py:188} INFO - [2024-05-13T15:32:38.866+0000] {dagbag.py:540} INFO - Filling up the DagBag from /home/airflow/.local/lib/python3.8/site-packages/airflow/example_dags/example_task_group.py
[2024-05-13T15:32:38.875+0000] {processor.py:840} INFO - DAG(s) 'example_task_group' retrieved from /home/airflow/.local/lib/python3.8/site-packages/airflow/example_dags/example_task_group.py
[2024-05-13T15:32:38.898+0000] {logging_mixin.py:188} INFO - [2024-05-13T15:32:38.898+0000] {dag.py:3047} INFO - Sync 1 DAGs
[2024-05-13T15:32:38.921+0000] {logging_mixin.py:188} INFO - [2024-05-13T15:32:38.920+0000] {dag.py:3834} INFO - Setting next_dagrun for example_task_group to 2024-05-12 00:00:00+00:00, run_after=2024-05-13 00:00:00+00:00
[2024-05-13T15:32:38.946+0000] {processor.py:183} INFO - Processing /home/airflow/.local/lib/python3.8/site-packages/airflow/example_dags/example_task_group.py took 0.088 seconds
[2024-05-13T15:33:09.379+0000] {processor.py:161} INFO - Started process (PID=2492) to work on /home/airflow/.local/lib/python3.8/site-packages/airflow/example_dags/example_task_group.py
[2024-05-13T15:33:09.380+0000] {processor.py:830} INFO - Processing file /home/airflow/.local/lib/python3.8/site-packages/airflow/example_dags/example_task_group.py for tasks to queue
[2024-05-13T15:33:09.382+0000] {logging_mixin.py:188} INFO - [2024-05-13T15:33:09.382+0000] {dagbag.py:540} INFO - Filling up the DagBag from /home/airflow/.local/lib/python3.8/site-packages/airflow/example_dags/example_task_group.py
[2024-05-13T15:33:09.389+0000] {processor.py:840} INFO - DAG(s) 'example_task_group' retrieved from /home/airflow/.local/lib/python3.8/site-packages/airflow/example_dags/example_task_group.py
[2024-05-13T15:33:09.411+0000] {logging_mixin.py:188} INFO - [2024-05-13T15:33:09.411+0000] {dag.py:3047} INFO - Sync 1 DAGs
[2024-05-13T15:33:09.434+0000] {logging_mixin.py:188} INFO - [2024-05-13T15:33:09.434+0000] {dag.py:3834} INFO - Setting next_dagrun for example_task_group to 2024-05-12 00:00:00+00:00, run_after=2024-05-13 00:00:00+00:00
[2024-05-13T15:33:09.454+0000] {processor.py:183} INFO - Processing /home/airflow/.local/lib/python3.8/site-packages/airflow/example_dags/example_task_group.py took 0.078 seconds
[2024-05-13T15:33:39.521+0000] {processor.py:161} INFO - Started process (PID=2560) to work on /home/airflow/.local/lib/python3.8/site-packages/airflow/example_dags/example_task_group.py
[2024-05-13T15:33:39.523+0000] {processor.py:830} INFO - Processing file /home/airflow/.local/lib/python3.8/site-packages/airflow/example_dags/example_task_group.py for tasks to queue
[2024-05-13T15:33:39.525+0000] {logging_mixin.py:188} INFO - [2024-05-13T15:33:39.525+0000] {dagbag.py:540} INFO - Filling up the DagBag from /home/airflow/.local/lib/python3.8/site-packages/airflow/example_dags/example_task_group.py
[2024-05-13T15:33:39.539+0000] {processor.py:840} INFO - DAG(s) 'example_task_group' retrieved from /home/airflow/.local/lib/python3.8/site-packages/airflow/example_dags/example_task_group.py
[2024-05-13T15:33:39.569+0000] {logging_mixin.py:188} INFO - [2024-05-13T15:33:39.568+0000] {dag.py:3047} INFO - Sync 1 DAGs
[2024-05-13T15:33:39.597+0000] {logging_mixin.py:188} INFO - [2024-05-13T15:33:39.597+0000] {dag.py:3834} INFO - Setting next_dagrun for example_task_group to 2024-05-12 00:00:00+00:00, run_after=2024-05-13 00:00:00+00:00
[2024-05-13T15:33:39.616+0000] {processor.py:183} INFO - Processing /home/airflow/.local/lib/python3.8/site-packages/airflow/example_dags/example_task_group.py took 0.099 seconds
[2024-05-13T15:34:10.024+0000] {processor.py:161} INFO - Started process (PID=2628) to work on /home/airflow/.local/lib/python3.8/site-packages/airflow/example_dags/example_task_group.py
[2024-05-13T15:34:10.025+0000] {processor.py:830} INFO - Processing file /home/airflow/.local/lib/python3.8/site-packages/airflow/example_dags/example_task_group.py for tasks to queue
[2024-05-13T15:34:10.027+0000] {logging_mixin.py:188} INFO - [2024-05-13T15:34:10.027+0000] {dagbag.py:540} INFO - Filling up the DagBag from /home/airflow/.local/lib/python3.8/site-packages/airflow/example_dags/example_task_group.py
[2024-05-13T15:34:10.035+0000] {processor.py:840} INFO - DAG(s) 'example_task_group' retrieved from /home/airflow/.local/lib/python3.8/site-packages/airflow/example_dags/example_task_group.py
[2024-05-13T15:34:10.060+0000] {logging_mixin.py:188} INFO - [2024-05-13T15:34:10.059+0000] {dag.py:3047} INFO - Sync 1 DAGs
[2024-05-13T15:34:10.084+0000] {logging_mixin.py:188} INFO - [2024-05-13T15:34:10.084+0000] {dag.py:3834} INFO - Setting next_dagrun for example_task_group to 2024-05-12 00:00:00+00:00, run_after=2024-05-13 00:00:00+00:00
[2024-05-13T15:34:10.110+0000] {processor.py:183} INFO - Processing /home/airflow/.local/lib/python3.8/site-packages/airflow/example_dags/example_task_group.py took 0.091 seconds
[2024-05-13T15:34:40.271+0000] {processor.py:161} INFO - Started process (PID=2697) to work on /home/airflow/.local/lib/python3.8/site-packages/airflow/example_dags/example_task_group.py
[2024-05-13T15:34:40.272+0000] {processor.py:830} INFO - Processing file /home/airflow/.local/lib/python3.8/site-packages/airflow/example_dags/example_task_group.py for tasks to queue
[2024-05-13T15:34:40.274+0000] {logging_mixin.py:188} INFO - [2024-05-13T15:34:40.274+0000] {dagbag.py:540} INFO - Filling up the DagBag from /home/airflow/.local/lib/python3.8/site-packages/airflow/example_dags/example_task_group.py
[2024-05-13T15:34:40.280+0000] {processor.py:840} INFO - DAG(s) 'example_task_group' retrieved from /home/airflow/.local/lib/python3.8/site-packages/airflow/example_dags/example_task_group.py
[2024-05-13T15:34:40.300+0000] {logging_mixin.py:188} INFO - [2024-05-13T15:34:40.299+0000] {dag.py:3047} INFO - Sync 1 DAGs
[2024-05-13T15:34:40.318+0000] {logging_mixin.py:188} INFO - [2024-05-13T15:34:40.318+0000] {dag.py:3834} INFO - Setting next_dagrun for example_task_group to 2024-05-12 00:00:00+00:00, run_after=2024-05-13 00:00:00+00:00
[2024-05-13T15:34:40.335+0000] {processor.py:183} INFO - Processing /home/airflow/.local/lib/python3.8/site-packages/airflow/example_dags/example_task_group.py took 0.067 seconds
[2024-05-13T15:35:10.862+0000] {processor.py:161} INFO - Started process (PID=2765) to work on /home/airflow/.local/lib/python3.8/site-packages/airflow/example_dags/example_task_group.py
[2024-05-13T15:35:10.863+0000] {processor.py:830} INFO - Processing file /home/airflow/.local/lib/python3.8/site-packages/airflow/example_dags/example_task_group.py for tasks to queue
[2024-05-13T15:35:10.865+0000] {logging_mixin.py:188} INFO - [2024-05-13T15:35:10.865+0000] {dagbag.py:540} INFO - Filling up the DagBag from /home/airflow/.local/lib/python3.8/site-packages/airflow/example_dags/example_task_group.py
[2024-05-13T15:35:10.871+0000] {processor.py:840} INFO - DAG(s) 'example_task_group' retrieved from /home/airflow/.local/lib/python3.8/site-packages/airflow/example_dags/example_task_group.py
[2024-05-13T15:35:10.891+0000] {logging_mixin.py:188} INFO - [2024-05-13T15:35:10.890+0000] {dag.py:3047} INFO - Sync 1 DAGs
[2024-05-13T15:35:10.910+0000] {logging_mixin.py:188} INFO - [2024-05-13T15:35:10.910+0000] {dag.py:3834} INFO - Setting next_dagrun for example_task_group to 2024-05-12 00:00:00+00:00, run_after=2024-05-13 00:00:00+00:00
[2024-05-13T15:35:10.930+0000] {processor.py:183} INFO - Processing /home/airflow/.local/lib/python3.8/site-packages/airflow/example_dags/example_task_group.py took 0.071 seconds
[2024-05-13T15:35:41.369+0000] {processor.py:161} INFO - Started process (PID=2833) to work on /home/airflow/.local/lib/python3.8/site-packages/airflow/example_dags/example_task_group.py
[2024-05-13T15:35:41.370+0000] {processor.py:830} INFO - Processing file /home/airflow/.local/lib/python3.8/site-packages/airflow/example_dags/example_task_group.py for tasks to queue
[2024-05-13T15:35:41.372+0000] {logging_mixin.py:188} INFO - [2024-05-13T15:35:41.372+0000] {dagbag.py:540} INFO - Filling up the DagBag from /home/airflow/.local/lib/python3.8/site-packages/airflow/example_dags/example_task_group.py
[2024-05-13T15:35:41.379+0000] {processor.py:840} INFO - DAG(s) 'example_task_group' retrieved from /home/airflow/.local/lib/python3.8/site-packages/airflow/example_dags/example_task_group.py
[2024-05-13T15:35:41.398+0000] {logging_mixin.py:188} INFO - [2024-05-13T15:35:41.398+0000] {dag.py:3047} INFO - Sync 1 DAGs
[2024-05-13T15:35:41.417+0000] {logging_mixin.py:188} INFO - [2024-05-13T15:35:41.416+0000] {dag.py:3834} INFO - Setting next_dagrun for example_task_group to 2024-05-12 00:00:00+00:00, run_after=2024-05-13 00:00:00+00:00
[2024-05-13T15:35:41.433+0000] {processor.py:183} INFO - Processing /home/airflow/.local/lib/python3.8/site-packages/airflow/example_dags/example_task_group.py took 0.067 seconds
[2024-05-13T15:36:12.403+0000] {processor.py:161} INFO - Started process (PID=2901) to work on /home/airflow/.local/lib/python3.8/site-packages/airflow/example_dags/example_task_group.py
[2024-05-13T15:36:12.404+0000] {processor.py:830} INFO - Processing file /home/airflow/.local/lib/python3.8/site-packages/airflow/example_dags/example_task_group.py for tasks to queue
[2024-05-13T15:36:12.406+0000] {logging_mixin.py:188} INFO - [2024-05-13T15:36:12.406+0000] {dagbag.py:540} INFO - Filling up the DagBag from /home/airflow/.local/lib/python3.8/site-packages/airflow/example_dags/example_task_group.py
[2024-05-13T15:36:12.412+0000] {processor.py:840} INFO - DAG(s) 'example_task_group' retrieved from /home/airflow/.local/lib/python3.8/site-packages/airflow/example_dags/example_task_group.py
[2024-05-13T15:36:12.433+0000] {logging_mixin.py:188} INFO - [2024-05-13T15:36:12.433+0000] {dag.py:3047} INFO - Sync 1 DAGs
[2024-05-13T15:36:12.454+0000] {logging_mixin.py:188} INFO - [2024-05-13T15:36:12.454+0000] {dag.py:3834} INFO - Setting next_dagrun for example_task_group to 2024-05-12 00:00:00+00:00, run_after=2024-05-13 00:00:00+00:00
[2024-05-13T15:36:12.471+0000] {processor.py:183} INFO - Processing /home/airflow/.local/lib/python3.8/site-packages/airflow/example_dags/example_task_group.py took 0.072 seconds
[2024-05-13T15:36:42.637+0000] {processor.py:161} INFO - Started process (PID=2969) to work on /home/airflow/.local/lib/python3.8/site-packages/airflow/example_dags/example_task_group.py
[2024-05-13T15:36:42.638+0000] {processor.py:830} INFO - Processing file /home/airflow/.local/lib/python3.8/site-packages/airflow/example_dags/example_task_group.py for tasks to queue
[2024-05-13T15:36:42.640+0000] {logging_mixin.py:188} INFO - [2024-05-13T15:36:42.640+0000] {dagbag.py:540} INFO - Filling up the DagBag from /home/airflow/.local/lib/python3.8/site-packages/airflow/example_dags/example_task_group.py
[2024-05-13T15:36:42.646+0000] {processor.py:840} INFO - DAG(s) 'example_task_group' retrieved from /home/airflow/.local/lib/python3.8/site-packages/airflow/example_dags/example_task_group.py
[2024-05-13T15:36:42.666+0000] {logging_mixin.py:188} INFO - [2024-05-13T15:36:42.665+0000] {dag.py:3047} INFO - Sync 1 DAGs
[2024-05-13T15:36:42.686+0000] {logging_mixin.py:188} INFO - [2024-05-13T15:36:42.686+0000] {dag.py:3834} INFO - Setting next_dagrun for example_task_group to 2024-05-12 00:00:00+00:00, run_after=2024-05-13 00:00:00+00:00
[2024-05-13T15:36:42.704+0000] {processor.py:183} INFO - Processing /home/airflow/.local/lib/python3.8/site-packages/airflow/example_dags/example_task_group.py took 0.070 seconds
[2024-05-13T15:37:12.847+0000] {processor.py:161} INFO - Started process (PID=3037) to work on /home/airflow/.local/lib/python3.8/site-packages/airflow/example_dags/example_task_group.py
[2024-05-13T15:37:12.848+0000] {processor.py:830} INFO - Processing file /home/airflow/.local/lib/python3.8/site-packages/airflow/example_dags/example_task_group.py for tasks to queue
[2024-05-13T15:37:12.849+0000] {logging_mixin.py:188} INFO - [2024-05-13T15:37:12.849+0000] {dagbag.py:540} INFO - Filling up the DagBag from /home/airflow/.local/lib/python3.8/site-packages/airflow/example_dags/example_task_group.py
[2024-05-13T15:37:12.856+0000] {processor.py:840} INFO - DAG(s) 'example_task_group' retrieved from /home/airflow/.local/lib/python3.8/site-packages/airflow/example_dags/example_task_group.py
[2024-05-13T15:37:12.874+0000] {logging_mixin.py:188} INFO - [2024-05-13T15:37:12.874+0000] {dag.py:3047} INFO - Sync 1 DAGs
[2024-05-13T15:37:12.892+0000] {logging_mixin.py:188} INFO - [2024-05-13T15:37:12.892+0000] {dag.py:3834} INFO - Setting next_dagrun for example_task_group to 2024-05-12 00:00:00+00:00, run_after=2024-05-13 00:00:00+00:00
[2024-05-13T15:37:12.910+0000] {processor.py:183} INFO - Processing /home/airflow/.local/lib/python3.8/site-packages/airflow/example_dags/example_task_group.py took 0.066 seconds
[2024-05-13T15:37:43.721+0000] {processor.py:161} INFO - Started process (PID=3105) to work on /home/airflow/.local/lib/python3.8/site-packages/airflow/example_dags/example_task_group.py
[2024-05-13T15:37:43.722+0000] {processor.py:830} INFO - Processing file /home/airflow/.local/lib/python3.8/site-packages/airflow/example_dags/example_task_group.py for tasks to queue
[2024-05-13T15:37:43.724+0000] {logging_mixin.py:188} INFO - [2024-05-13T15:37:43.724+0000] {dagbag.py:540} INFO - Filling up the DagBag from /home/airflow/.local/lib/python3.8/site-packages/airflow/example_dags/example_task_group.py
[2024-05-13T15:37:43.730+0000] {processor.py:840} INFO - DAG(s) 'example_task_group' retrieved from /home/airflow/.local/lib/python3.8/site-packages/airflow/example_dags/example_task_group.py
[2024-05-13T15:37:43.756+0000] {logging_mixin.py:188} INFO - [2024-05-13T15:37:43.756+0000] {dag.py:3047} INFO - Sync 1 DAGs
[2024-05-13T15:37:43.781+0000] {logging_mixin.py:188} INFO - [2024-05-13T15:37:43.781+0000] {dag.py:3834} INFO - Setting next_dagrun for example_task_group to 2024-05-12 00:00:00+00:00, run_after=2024-05-13 00:00:00+00:00
[2024-05-13T15:37:43.802+0000] {processor.py:183} INFO - Processing /home/airflow/.local/lib/python3.8/site-packages/airflow/example_dags/example_task_group.py took 0.084 seconds
[2024-05-13T15:38:13.935+0000] {processor.py:161} INFO - Started process (PID=3173) to work on /home/airflow/.local/lib/python3.8/site-packages/airflow/example_dags/example_task_group.py
[2024-05-13T15:38:13.936+0000] {processor.py:830} INFO - Processing file /home/airflow/.local/lib/python3.8/site-packages/airflow/example_dags/example_task_group.py for tasks to queue
[2024-05-13T15:38:13.939+0000] {logging_mixin.py:188} INFO - [2024-05-13T15:38:13.938+0000] {dagbag.py:540} INFO - Filling up the DagBag from /home/airflow/.local/lib/python3.8/site-packages/airflow/example_dags/example_task_group.py
[2024-05-13T15:38:13.946+0000] {processor.py:840} INFO - DAG(s) 'example_task_group' retrieved from /home/airflow/.local/lib/python3.8/site-packages/airflow/example_dags/example_task_group.py
[2024-05-13T15:38:13.968+0000] {logging_mixin.py:188} INFO - [2024-05-13T15:38:13.968+0000] {dag.py:3047} INFO - Sync 1 DAGs
[2024-05-13T15:38:13.992+0000] {logging_mixin.py:188} INFO - [2024-05-13T15:38:13.992+0000] {dag.py:3834} INFO - Setting next_dagrun for example_task_group to 2024-05-12 00:00:00+00:00, run_after=2024-05-13 00:00:00+00:00
[2024-05-13T15:38:14.012+0000] {processor.py:183} INFO - Processing /home/airflow/.local/lib/python3.8/site-packages/airflow/example_dags/example_task_group.py took 0.080 seconds
[2024-05-13T15:38:44.579+0000] {processor.py:161} INFO - Started process (PID=3241) to work on /home/airflow/.local/lib/python3.8/site-packages/airflow/example_dags/example_task_group.py
[2024-05-13T15:38:44.581+0000] {processor.py:830} INFO - Processing file /home/airflow/.local/lib/python3.8/site-packages/airflow/example_dags/example_task_group.py for tasks to queue
[2024-05-13T15:38:44.583+0000] {logging_mixin.py:188} INFO - [2024-05-13T15:38:44.583+0000] {dagbag.py:540} INFO - Filling up the DagBag from /home/airflow/.local/lib/python3.8/site-packages/airflow/example_dags/example_task_group.py
[2024-05-13T15:38:44.593+0000] {processor.py:840} INFO - DAG(s) 'example_task_group' retrieved from /home/airflow/.local/lib/python3.8/site-packages/airflow/example_dags/example_task_group.py
[2024-05-13T15:38:44.616+0000] {logging_mixin.py:188} INFO - [2024-05-13T15:38:44.615+0000] {dag.py:3047} INFO - Sync 1 DAGs
[2024-05-13T15:38:44.638+0000] {logging_mixin.py:188} INFO - [2024-05-13T15:38:44.638+0000] {dag.py:3834} INFO - Setting next_dagrun for example_task_group to 2024-05-12 00:00:00+00:00, run_after=2024-05-13 00:00:00+00:00
[2024-05-13T15:38:44.662+0000] {processor.py:183} INFO - Processing /home/airflow/.local/lib/python3.8/site-packages/airflow/example_dags/example_task_group.py took 0.085 seconds
[2024-05-13T15:39:14.757+0000] {processor.py:161} INFO - Started process (PID=3297) to work on /home/airflow/.local/lib/python3.8/site-packages/airflow/example_dags/example_task_group.py
[2024-05-13T15:39:14.758+0000] {processor.py:830} INFO - Processing file /home/airflow/.local/lib/python3.8/site-packages/airflow/example_dags/example_task_group.py for tasks to queue
[2024-05-13T15:39:14.761+0000] {logging_mixin.py:188} INFO - [2024-05-13T15:39:14.760+0000] {dagbag.py:540} INFO - Filling up the DagBag from /home/airflow/.local/lib/python3.8/site-packages/airflow/example_dags/example_task_group.py
[2024-05-13T15:39:14.768+0000] {processor.py:840} INFO - DAG(s) 'example_task_group' retrieved from /home/airflow/.local/lib/python3.8/site-packages/airflow/example_dags/example_task_group.py
[2024-05-13T15:39:14.795+0000] {logging_mixin.py:188} INFO - [2024-05-13T15:39:14.794+0000] {dag.py:3047} INFO - Sync 1 DAGs
[2024-05-13T15:39:14.838+0000] {logging_mixin.py:188} INFO - [2024-05-13T15:39:14.837+0000] {dag.py:3834} INFO - Setting next_dagrun for example_task_group to 2024-05-12 00:00:00+00:00, run_after=2024-05-13 00:00:00+00:00
[2024-05-13T15:39:14.880+0000] {processor.py:183} INFO - Processing /home/airflow/.local/lib/python3.8/site-packages/airflow/example_dags/example_task_group.py took 0.127 seconds
[2024-05-13T15:39:45.684+0000] {processor.py:161} INFO - Started process (PID=3364) to work on /home/airflow/.local/lib/python3.8/site-packages/airflow/example_dags/example_task_group.py
[2024-05-13T15:39:45.686+0000] {processor.py:830} INFO - Processing file /home/airflow/.local/lib/python3.8/site-packages/airflow/example_dags/example_task_group.py for tasks to queue
[2024-05-13T15:39:45.688+0000] {logging_mixin.py:188} INFO - [2024-05-13T15:39:45.687+0000] {dagbag.py:540} INFO - Filling up the DagBag from /home/airflow/.local/lib/python3.8/site-packages/airflow/example_dags/example_task_group.py
[2024-05-13T15:39:45.696+0000] {processor.py:840} INFO - DAG(s) 'example_task_group' retrieved from /home/airflow/.local/lib/python3.8/site-packages/airflow/example_dags/example_task_group.py
[2024-05-13T15:39:45.717+0000] {logging_mixin.py:188} INFO - [2024-05-13T15:39:45.717+0000] {dag.py:3047} INFO - Sync 1 DAGs
[2024-05-13T15:39:45.739+0000] {logging_mixin.py:188} INFO - [2024-05-13T15:39:45.739+0000] {dag.py:3834} INFO - Setting next_dagrun for example_task_group to 2024-05-12 00:00:00+00:00, run_after=2024-05-13 00:00:00+00:00
[2024-05-13T15:39:45.761+0000] {processor.py:183} INFO - Processing /home/airflow/.local/lib/python3.8/site-packages/airflow/example_dags/example_task_group.py took 0.079 seconds
[2024-05-13T15:40:16.693+0000] {processor.py:161} INFO - Started process (PID=3438) to work on /home/airflow/.local/lib/python3.8/site-packages/airflow/example_dags/example_task_group.py
[2024-05-13T15:40:16.694+0000] {processor.py:830} INFO - Processing file /home/airflow/.local/lib/python3.8/site-packages/airflow/example_dags/example_task_group.py for tasks to queue
[2024-05-13T15:40:16.695+0000] {logging_mixin.py:188} INFO - [2024-05-13T15:40:16.695+0000] {dagbag.py:540} INFO - Filling up the DagBag from /home/airflow/.local/lib/python3.8/site-packages/airflow/example_dags/example_task_group.py
[2024-05-13T15:40:16.702+0000] {processor.py:840} INFO - DAG(s) 'example_task_group' retrieved from /home/airflow/.local/lib/python3.8/site-packages/airflow/example_dags/example_task_group.py
[2024-05-13T15:40:16.721+0000] {logging_mixin.py:188} INFO - [2024-05-13T15:40:16.721+0000] {dag.py:3047} INFO - Sync 1 DAGs
[2024-05-13T15:40:16.857+0000] {logging_mixin.py:188} INFO - [2024-05-13T15:40:16.857+0000] {dag.py:3834} INFO - Setting next_dagrun for example_task_group to 2024-05-12 00:00:00+00:00, run_after=2024-05-13 00:00:00+00:00
[2024-05-13T15:40:16.878+0000] {processor.py:183} INFO - Processing /home/airflow/.local/lib/python3.8/site-packages/airflow/example_dags/example_task_group.py took 0.188 seconds
[2024-05-13T15:40:47.635+0000] {processor.py:161} INFO - Started process (PID=3506) to work on /home/airflow/.local/lib/python3.8/site-packages/airflow/example_dags/example_task_group.py
[2024-05-13T15:40:47.636+0000] {processor.py:830} INFO - Processing file /home/airflow/.local/lib/python3.8/site-packages/airflow/example_dags/example_task_group.py for tasks to queue
[2024-05-13T15:40:47.638+0000] {logging_mixin.py:188} INFO - [2024-05-13T15:40:47.638+0000] {dagbag.py:540} INFO - Filling up the DagBag from /home/airflow/.local/lib/python3.8/site-packages/airflow/example_dags/example_task_group.py
[2024-05-13T15:40:47.645+0000] {processor.py:840} INFO - DAG(s) 'example_task_group' retrieved from /home/airflow/.local/lib/python3.8/site-packages/airflow/example_dags/example_task_group.py
[2024-05-13T15:40:47.669+0000] {logging_mixin.py:188} INFO - [2024-05-13T15:40:47.668+0000] {dag.py:3047} INFO - Sync 1 DAGs
[2024-05-13T15:40:47.700+0000] {logging_mixin.py:188} INFO - [2024-05-13T15:40:47.700+0000] {dag.py:3834} INFO - Setting next_dagrun for example_task_group to 2024-05-12 00:00:00+00:00, run_after=2024-05-13 00:00:00+00:00
[2024-05-13T15:40:47.882+0000] {processor.py:183} INFO - Processing /home/airflow/.local/lib/python3.8/site-packages/airflow/example_dags/example_task_group.py took 0.250 seconds
[2024-05-13T15:41:17.983+0000] {processor.py:161} INFO - Started process (PID=3575) to work on /home/airflow/.local/lib/python3.8/site-packages/airflow/example_dags/example_task_group.py
[2024-05-13T15:41:17.984+0000] {processor.py:830} INFO - Processing file /home/airflow/.local/lib/python3.8/site-packages/airflow/example_dags/example_task_group.py for tasks to queue
[2024-05-13T15:41:17.986+0000] {logging_mixin.py:188} INFO - [2024-05-13T15:41:17.985+0000] {dagbag.py:540} INFO - Filling up the DagBag from /home/airflow/.local/lib/python3.8/site-packages/airflow/example_dags/example_task_group.py
[2024-05-13T15:41:17.992+0000] {processor.py:840} INFO - DAG(s) 'example_task_group' retrieved from /home/airflow/.local/lib/python3.8/site-packages/airflow/example_dags/example_task_group.py
[2024-05-13T15:41:18.012+0000] {logging_mixin.py:188} INFO - [2024-05-13T15:41:18.011+0000] {dag.py:3047} INFO - Sync 1 DAGs
[2024-05-13T15:41:18.031+0000] {logging_mixin.py:188} INFO - [2024-05-13T15:41:18.031+0000] {dag.py:3834} INFO - Setting next_dagrun for example_task_group to 2024-05-12 00:00:00+00:00, run_after=2024-05-13 00:00:00+00:00
[2024-05-13T15:41:18.048+0000] {processor.py:183} INFO - Processing /home/airflow/.local/lib/python3.8/site-packages/airflow/example_dags/example_task_group.py took 0.068 seconds
[2024-05-13T15:41:49.000+0000] {processor.py:161} INFO - Started process (PID=3642) to work on /home/airflow/.local/lib/python3.8/site-packages/airflow/example_dags/example_task_group.py
[2024-05-13T15:41:49.002+0000] {processor.py:830} INFO - Processing file /home/airflow/.local/lib/python3.8/site-packages/airflow/example_dags/example_task_group.py for tasks to queue
[2024-05-13T15:41:49.004+0000] {logging_mixin.py:188} INFO - [2024-05-13T15:41:49.003+0000] {dagbag.py:540} INFO - Filling up the DagBag from /home/airflow/.local/lib/python3.8/site-packages/airflow/example_dags/example_task_group.py
[2024-05-13T15:41:49.012+0000] {processor.py:840} INFO - DAG(s) 'example_task_group' retrieved from /home/airflow/.local/lib/python3.8/site-packages/airflow/example_dags/example_task_group.py
[2024-05-13T15:41:49.032+0000] {logging_mixin.py:188} INFO - [2024-05-13T15:41:49.032+0000] {dag.py:3047} INFO - Sync 1 DAGs
[2024-05-13T15:41:49.055+0000] {logging_mixin.py:188} INFO - [2024-05-13T15:41:49.055+0000] {dag.py:3834} INFO - Setting next_dagrun for example_task_group to 2024-05-12 00:00:00+00:00, run_after=2024-05-13 00:00:00+00:00
[2024-05-13T15:41:49.077+0000] {processor.py:183} INFO - Processing /home/airflow/.local/lib/python3.8/site-packages/airflow/example_dags/example_task_group.py took 0.081 seconds
[2024-05-13T15:42:19.467+0000] {processor.py:161} INFO - Started process (PID=3710) to work on /home/airflow/.local/lib/python3.8/site-packages/airflow/example_dags/example_task_group.py
[2024-05-13T15:42:19.468+0000] {processor.py:830} INFO - Processing file /home/airflow/.local/lib/python3.8/site-packages/airflow/example_dags/example_task_group.py for tasks to queue
[2024-05-13T15:42:19.470+0000] {logging_mixin.py:188} INFO - [2024-05-13T15:42:19.469+0000] {dagbag.py:540} INFO - Filling up the DagBag from /home/airflow/.local/lib/python3.8/site-packages/airflow/example_dags/example_task_group.py
[2024-05-13T15:42:19.476+0000] {processor.py:840} INFO - DAG(s) 'example_task_group' retrieved from /home/airflow/.local/lib/python3.8/site-packages/airflow/example_dags/example_task_group.py
[2024-05-13T15:42:19.497+0000] {logging_mixin.py:188} INFO - [2024-05-13T15:42:19.496+0000] {dag.py:3047} INFO - Sync 1 DAGs
[2024-05-13T15:42:19.519+0000] {logging_mixin.py:188} INFO - [2024-05-13T15:42:19.519+0000] {dag.py:3834} INFO - Setting next_dagrun for example_task_group to 2024-05-12 00:00:00+00:00, run_after=2024-05-13 00:00:00+00:00
[2024-05-13T15:42:19.536+0000] {processor.py:183} INFO - Processing /home/airflow/.local/lib/python3.8/site-packages/airflow/example_dags/example_task_group.py took 0.072 seconds
[2024-05-13T15:42:50.472+0000] {processor.py:161} INFO - Started process (PID=3778) to work on /home/airflow/.local/lib/python3.8/site-packages/airflow/example_dags/example_task_group.py
[2024-05-13T15:42:50.474+0000] {processor.py:830} INFO - Processing file /home/airflow/.local/lib/python3.8/site-packages/airflow/example_dags/example_task_group.py for tasks to queue
[2024-05-13T15:42:50.476+0000] {logging_mixin.py:188} INFO - [2024-05-13T15:42:50.475+0000] {dagbag.py:540} INFO - Filling up the DagBag from /home/airflow/.local/lib/python3.8/site-packages/airflow/example_dags/example_task_group.py
[2024-05-13T15:42:50.482+0000] {processor.py:840} INFO - DAG(s) 'example_task_group' retrieved from /home/airflow/.local/lib/python3.8/site-packages/airflow/example_dags/example_task_group.py
[2024-05-13T15:42:50.504+0000] {logging_mixin.py:188} INFO - [2024-05-13T15:42:50.504+0000] {dag.py:3047} INFO - Sync 1 DAGs
[2024-05-13T15:42:50.525+0000] {logging_mixin.py:188} INFO - [2024-05-13T15:42:50.524+0000] {dag.py:3834} INFO - Setting next_dagrun for example_task_group to 2024-05-12 00:00:00+00:00, run_after=2024-05-13 00:00:00+00:00
[2024-05-13T15:42:50.546+0000] {processor.py:183} INFO - Processing /home/airflow/.local/lib/python3.8/site-packages/airflow/example_dags/example_task_group.py took 0.077 seconds
[2024-05-13T15:43:21.060+0000] {processor.py:161} INFO - Started process (PID=3846) to work on /home/airflow/.local/lib/python3.8/site-packages/airflow/example_dags/example_task_group.py
[2024-05-13T15:43:21.061+0000] {processor.py:830} INFO - Processing file /home/airflow/.local/lib/python3.8/site-packages/airflow/example_dags/example_task_group.py for tasks to queue
[2024-05-13T15:43:21.063+0000] {logging_mixin.py:188} INFO - [2024-05-13T15:43:21.063+0000] {dagbag.py:540} INFO - Filling up the DagBag from /home/airflow/.local/lib/python3.8/site-packages/airflow/example_dags/example_task_group.py
[2024-05-13T15:43:21.070+0000] {processor.py:840} INFO - DAG(s) 'example_task_group' retrieved from /home/airflow/.local/lib/python3.8/site-packages/airflow/example_dags/example_task_group.py
[2024-05-13T15:43:21.093+0000] {logging_mixin.py:188} INFO - [2024-05-13T15:43:21.092+0000] {dag.py:3047} INFO - Sync 1 DAGs
[2024-05-13T15:43:21.115+0000] {logging_mixin.py:188} INFO - [2024-05-13T15:43:21.114+0000] {dag.py:3834} INFO - Setting next_dagrun for example_task_group to 2024-05-12 00:00:00+00:00, run_after=2024-05-13 00:00:00+00:00
[2024-05-13T15:43:21.139+0000] {processor.py:183} INFO - Processing /home/airflow/.local/lib/python3.8/site-packages/airflow/example_dags/example_task_group.py took 0.083 seconds
[2024-05-13T15:43:51.556+0000] {processor.py:161} INFO - Started process (PID=3914) to work on /home/airflow/.local/lib/python3.8/site-packages/airflow/example_dags/example_task_group.py
[2024-05-13T15:43:51.557+0000] {processor.py:830} INFO - Processing file /home/airflow/.local/lib/python3.8/site-packages/airflow/example_dags/example_task_group.py for tasks to queue
[2024-05-13T15:43:51.560+0000] {logging_mixin.py:188} INFO - [2024-05-13T15:43:51.559+0000] {dagbag.py:540} INFO - Filling up the DagBag from /home/airflow/.local/lib/python3.8/site-packages/airflow/example_dags/example_task_group.py
[2024-05-13T15:43:51.570+0000] {processor.py:840} INFO - DAG(s) 'example_task_group' retrieved from /home/airflow/.local/lib/python3.8/site-packages/airflow/example_dags/example_task_group.py
[2024-05-13T15:43:51.595+0000] {logging_mixin.py:188} INFO - [2024-05-13T15:43:51.595+0000] {dag.py:3047} INFO - Sync 1 DAGs
[2024-05-13T15:43:51.617+0000] {logging_mixin.py:188} INFO - [2024-05-13T15:43:51.616+0000] {dag.py:3834} INFO - Setting next_dagrun for example_task_group to 2024-05-12 00:00:00+00:00, run_after=2024-05-13 00:00:00+00:00
[2024-05-13T15:43:51.640+0000] {processor.py:183} INFO - Processing /home/airflow/.local/lib/python3.8/site-packages/airflow/example_dags/example_task_group.py took 0.088 seconds
