[2024-05-13T15:15:20.037+0000] {processor.py:161} INFO - Started process (PID=102) to work on /home/airflow/.local/lib/python3.8/site-packages/airflow/example_dags/example_external_task_marker_dag.py
[2024-05-13T15:15:20.039+0000] {processor.py:830} INFO - Processing file /home/airflow/.local/lib/python3.8/site-packages/airflow/example_dags/example_external_task_marker_dag.py for tasks to queue
[2024-05-13T15:15:20.042+0000] {logging_mixin.py:188} INFO - [2024-05-13T15:15:20.042+0000] {dagbag.py:540} INFO - Filling up the DagBag from /home/airflow/.local/lib/python3.8/site-packages/airflow/example_dags/example_external_task_marker_dag.py
[2024-05-13T15:15:20.057+0000] {processor.py:840} INFO - DAG(s) 'example_external_task_marker_child', 'example_external_task_marker_parent' retrieved from /home/airflow/.local/lib/python3.8/site-packages/airflow/example_dags/example_external_task_marker_dag.py
[2024-05-13T15:15:20.179+0000] {logging_mixin.py:188} INFO - [2024-05-13T15:15:20.179+0000] {override.py:1769} INFO - Created Permission View: can delete on DAG:example_external_task_marker_child
[2024-05-13T15:15:20.227+0000] {logging_mixin.py:188} INFO - [2024-05-13T15:15:20.226+0000] {override.py:1769} INFO - Created Permission View: can edit on DAG:example_external_task_marker_child
[2024-05-13T15:15:20.248+0000] {logging_mixin.py:188} INFO - [2024-05-13T15:15:20.248+0000] {override.py:1769} INFO - Created Permission View: can read on DAG:example_external_task_marker_child
[2024-05-13T15:15:20.271+0000] {logging_mixin.py:188} INFO - [2024-05-13T15:15:20.270+0000] {override.py:1769} INFO - Created Permission View: can delete on DAG:example_external_task_marker_parent
[2024-05-13T15:15:20.290+0000] {logging_mixin.py:188} INFO - [2024-05-13T15:15:20.290+0000] {override.py:1769} INFO - Created Permission View: can edit on DAG:example_external_task_marker_parent
[2024-05-13T15:15:20.304+0000] {logging_mixin.py:188} INFO - [2024-05-13T15:15:20.304+0000] {override.py:1769} INFO - Created Permission View: can read on DAG:example_external_task_marker_parent
[2024-05-13T15:15:20.305+0000] {logging_mixin.py:188} INFO - [2024-05-13T15:15:20.305+0000] {dag.py:3047} INFO - Sync 2 DAGs
[2024-05-13T15:15:20.323+0000] {logging_mixin.py:188} INFO - [2024-05-13T15:15:20.322+0000] {dag.py:3069} INFO - Creating ORM DAG for example_external_task_marker_child
[2024-05-13T15:15:20.325+0000] {logging_mixin.py:188} INFO - [2024-05-13T15:15:20.324+0000] {dag.py:3069} INFO - Creating ORM DAG for example_external_task_marker_parent
[2024-05-13T15:15:20.327+0000] {logging_mixin.py:188} INFO - [2024-05-13T15:15:20.326+0000] {dag.py:3834} INFO - Setting next_dagrun for example_external_task_marker_child to None, run_after=None
[2024-05-13T15:15:20.331+0000] {logging_mixin.py:188} INFO - [2024-05-13T15:15:20.331+0000] {dag.py:3834} INFO - Setting next_dagrun for example_external_task_marker_parent to None, run_after=None
[2024-05-13T15:15:20.367+0000] {processor.py:183} INFO - Processing /home/airflow/.local/lib/python3.8/site-packages/airflow/example_dags/example_external_task_marker_dag.py took 0.334 seconds
[2024-05-13T15:15:51.296+0000] {processor.py:161} INFO - Started process (PID=170) to work on /home/airflow/.local/lib/python3.8/site-packages/airflow/example_dags/example_external_task_marker_dag.py
[2024-05-13T15:15:51.298+0000] {processor.py:830} INFO - Processing file /home/airflow/.local/lib/python3.8/site-packages/airflow/example_dags/example_external_task_marker_dag.py for tasks to queue
[2024-05-13T15:15:51.300+0000] {logging_mixin.py:188} INFO - [2024-05-13T15:15:51.300+0000] {dagbag.py:540} INFO - Filling up the DagBag from /home/airflow/.local/lib/python3.8/site-packages/airflow/example_dags/example_external_task_marker_dag.py
[2024-05-13T15:15:51.306+0000] {processor.py:840} INFO - DAG(s) 'example_external_task_marker_child', 'example_external_task_marker_parent' retrieved from /home/airflow/.local/lib/python3.8/site-packages/airflow/example_dags/example_external_task_marker_dag.py
[2024-05-13T15:15:51.327+0000] {logging_mixin.py:188} INFO - [2024-05-13T15:15:51.326+0000] {dag.py:3047} INFO - Sync 2 DAGs
[2024-05-13T15:15:51.338+0000] {logging_mixin.py:188} INFO - [2024-05-13T15:15:51.338+0000] {dag.py:3834} INFO - Setting next_dagrun for example_external_task_marker_child to None, run_after=None
[2024-05-13T15:15:51.342+0000] {logging_mixin.py:188} INFO - [2024-05-13T15:15:51.341+0000] {dag.py:3834} INFO - Setting next_dagrun for example_external_task_marker_parent to None, run_after=None
[2024-05-13T15:15:51.358+0000] {processor.py:183} INFO - Processing /home/airflow/.local/lib/python3.8/site-packages/airflow/example_dags/example_external_task_marker_dag.py took 0.065 seconds
[2024-05-13T15:16:21.967+0000] {processor.py:161} INFO - Started process (PID=238) to work on /home/airflow/.local/lib/python3.8/site-packages/airflow/example_dags/example_external_task_marker_dag.py
[2024-05-13T15:16:21.968+0000] {processor.py:830} INFO - Processing file /home/airflow/.local/lib/python3.8/site-packages/airflow/example_dags/example_external_task_marker_dag.py for tasks to queue
[2024-05-13T15:16:21.970+0000] {logging_mixin.py:188} INFO - [2024-05-13T15:16:21.970+0000] {dagbag.py:540} INFO - Filling up the DagBag from /home/airflow/.local/lib/python3.8/site-packages/airflow/example_dags/example_external_task_marker_dag.py
[2024-05-13T15:16:21.976+0000] {processor.py:840} INFO - DAG(s) 'example_external_task_marker_parent', 'example_external_task_marker_child' retrieved from /home/airflow/.local/lib/python3.8/site-packages/airflow/example_dags/example_external_task_marker_dag.py
[2024-05-13T15:16:22.002+0000] {logging_mixin.py:188} INFO - [2024-05-13T15:16:22.001+0000] {dag.py:3047} INFO - Sync 2 DAGs
[2024-05-13T15:16:22.014+0000] {logging_mixin.py:188} INFO - [2024-05-13T15:16:22.014+0000] {dag.py:3834} INFO - Setting next_dagrun for example_external_task_marker_child to None, run_after=None
[2024-05-13T15:16:22.018+0000] {logging_mixin.py:188} INFO - [2024-05-13T15:16:22.018+0000] {dag.py:3834} INFO - Setting next_dagrun for example_external_task_marker_parent to None, run_after=None
[2024-05-13T15:16:22.039+0000] {processor.py:183} INFO - Processing /home/airflow/.local/lib/python3.8/site-packages/airflow/example_dags/example_external_task_marker_dag.py took 0.076 seconds
[2024-05-13T15:16:52.142+0000] {processor.py:161} INFO - Started process (PID=306) to work on /home/airflow/.local/lib/python3.8/site-packages/airflow/example_dags/example_external_task_marker_dag.py
[2024-05-13T15:16:52.143+0000] {processor.py:830} INFO - Processing file /home/airflow/.local/lib/python3.8/site-packages/airflow/example_dags/example_external_task_marker_dag.py for tasks to queue
[2024-05-13T15:16:52.145+0000] {logging_mixin.py:188} INFO - [2024-05-13T15:16:52.145+0000] {dagbag.py:540} INFO - Filling up the DagBag from /home/airflow/.local/lib/python3.8/site-packages/airflow/example_dags/example_external_task_marker_dag.py
[2024-05-13T15:16:52.152+0000] {processor.py:840} INFO - DAG(s) 'example_external_task_marker_parent', 'example_external_task_marker_child' retrieved from /home/airflow/.local/lib/python3.8/site-packages/airflow/example_dags/example_external_task_marker_dag.py
[2024-05-13T15:16:52.179+0000] {logging_mixin.py:188} INFO - [2024-05-13T15:16:52.178+0000] {dag.py:3047} INFO - Sync 2 DAGs
[2024-05-13T15:16:52.194+0000] {logging_mixin.py:188} INFO - [2024-05-13T15:16:52.194+0000] {dag.py:3834} INFO - Setting next_dagrun for example_external_task_marker_child to None, run_after=None
[2024-05-13T15:16:52.199+0000] {logging_mixin.py:188} INFO - [2024-05-13T15:16:52.198+0000] {dag.py:3834} INFO - Setting next_dagrun for example_external_task_marker_parent to None, run_after=None
[2024-05-13T15:16:52.218+0000] {processor.py:183} INFO - Processing /home/airflow/.local/lib/python3.8/site-packages/airflow/example_dags/example_external_task_marker_dag.py took 0.080 seconds
[2024-05-13T15:17:23.293+0000] {processor.py:161} INFO - Started process (PID=373) to work on /home/airflow/.local/lib/python3.8/site-packages/airflow/example_dags/example_external_task_marker_dag.py
[2024-05-13T15:17:23.294+0000] {processor.py:830} INFO - Processing file /home/airflow/.local/lib/python3.8/site-packages/airflow/example_dags/example_external_task_marker_dag.py for tasks to queue
[2024-05-13T15:17:23.296+0000] {logging_mixin.py:188} INFO - [2024-05-13T15:17:23.296+0000] {dagbag.py:540} INFO - Filling up the DagBag from /home/airflow/.local/lib/python3.8/site-packages/airflow/example_dags/example_external_task_marker_dag.py
[2024-05-13T15:17:23.303+0000] {processor.py:840} INFO - DAG(s) 'example_external_task_marker_parent', 'example_external_task_marker_child' retrieved from /home/airflow/.local/lib/python3.8/site-packages/airflow/example_dags/example_external_task_marker_dag.py
[2024-05-13T15:17:23.326+0000] {logging_mixin.py:188} INFO - [2024-05-13T15:17:23.326+0000] {dag.py:3047} INFO - Sync 2 DAGs
[2024-05-13T15:17:23.338+0000] {logging_mixin.py:188} INFO - [2024-05-13T15:17:23.338+0000] {dag.py:3834} INFO - Setting next_dagrun for example_external_task_marker_child to None, run_after=None
[2024-05-13T15:17:23.341+0000] {logging_mixin.py:188} INFO - [2024-05-13T15:17:23.341+0000] {dag.py:3834} INFO - Setting next_dagrun for example_external_task_marker_parent to None, run_after=None
[2024-05-13T15:17:23.358+0000] {processor.py:183} INFO - Processing /home/airflow/.local/lib/python3.8/site-packages/airflow/example_dags/example_external_task_marker_dag.py took 0.068 seconds
[2024-05-13T15:17:53.432+0000] {processor.py:161} INFO - Started process (PID=429) to work on /home/airflow/.local/lib/python3.8/site-packages/airflow/example_dags/example_external_task_marker_dag.py
[2024-05-13T15:17:53.433+0000] {processor.py:830} INFO - Processing file /home/airflow/.local/lib/python3.8/site-packages/airflow/example_dags/example_external_task_marker_dag.py for tasks to queue
[2024-05-13T15:17:53.434+0000] {logging_mixin.py:188} INFO - [2024-05-13T15:17:53.434+0000] {dagbag.py:540} INFO - Filling up the DagBag from /home/airflow/.local/lib/python3.8/site-packages/airflow/example_dags/example_external_task_marker_dag.py
[2024-05-13T15:17:53.440+0000] {processor.py:840} INFO - DAG(s) 'example_external_task_marker_child', 'example_external_task_marker_parent' retrieved from /home/airflow/.local/lib/python3.8/site-packages/airflow/example_dags/example_external_task_marker_dag.py
[2024-05-13T15:17:53.462+0000] {logging_mixin.py:188} INFO - [2024-05-13T15:17:53.461+0000] {dag.py:3047} INFO - Sync 2 DAGs
[2024-05-13T15:17:53.473+0000] {logging_mixin.py:188} INFO - [2024-05-13T15:17:53.473+0000] {dag.py:3834} INFO - Setting next_dagrun for example_external_task_marker_child to None, run_after=None
[2024-05-13T15:17:53.476+0000] {logging_mixin.py:188} INFO - [2024-05-13T15:17:53.476+0000] {dag.py:3834} INFO - Setting next_dagrun for example_external_task_marker_parent to None, run_after=None
[2024-05-13T15:17:53.494+0000] {processor.py:183} INFO - Processing /home/airflow/.local/lib/python3.8/site-packages/airflow/example_dags/example_external_task_marker_dag.py took 0.065 seconds
[2024-05-13T15:18:23.613+0000] {processor.py:161} INFO - Started process (PID=497) to work on /home/airflow/.local/lib/python3.8/site-packages/airflow/example_dags/example_external_task_marker_dag.py
[2024-05-13T15:18:23.614+0000] {processor.py:830} INFO - Processing file /home/airflow/.local/lib/python3.8/site-packages/airflow/example_dags/example_external_task_marker_dag.py for tasks to queue
[2024-05-13T15:18:23.616+0000] {logging_mixin.py:188} INFO - [2024-05-13T15:18:23.616+0000] {dagbag.py:540} INFO - Filling up the DagBag from /home/airflow/.local/lib/python3.8/site-packages/airflow/example_dags/example_external_task_marker_dag.py
[2024-05-13T15:18:23.626+0000] {processor.py:840} INFO - DAG(s) 'example_external_task_marker_parent', 'example_external_task_marker_child' retrieved from /home/airflow/.local/lib/python3.8/site-packages/airflow/example_dags/example_external_task_marker_dag.py
[2024-05-13T15:18:23.663+0000] {logging_mixin.py:188} INFO - [2024-05-13T15:18:23.663+0000] {dag.py:3047} INFO - Sync 2 DAGs
[2024-05-13T15:18:23.683+0000] {logging_mixin.py:188} INFO - [2024-05-13T15:18:23.683+0000] {dag.py:3834} INFO - Setting next_dagrun for example_external_task_marker_child to None, run_after=None
[2024-05-13T15:18:23.688+0000] {logging_mixin.py:188} INFO - [2024-05-13T15:18:23.688+0000] {dag.py:3834} INFO - Setting next_dagrun for example_external_task_marker_parent to None, run_after=None
[2024-05-13T15:18:23.710+0000] {processor.py:183} INFO - Processing /home/airflow/.local/lib/python3.8/site-packages/airflow/example_dags/example_external_task_marker_dag.py took 0.101 seconds
[2024-05-13T15:18:53.792+0000] {processor.py:161} INFO - Started process (PID=565) to work on /home/airflow/.local/lib/python3.8/site-packages/airflow/example_dags/example_external_task_marker_dag.py
[2024-05-13T15:18:53.793+0000] {processor.py:830} INFO - Processing file /home/airflow/.local/lib/python3.8/site-packages/airflow/example_dags/example_external_task_marker_dag.py for tasks to queue
[2024-05-13T15:18:53.795+0000] {logging_mixin.py:188} INFO - [2024-05-13T15:18:53.795+0000] {dagbag.py:540} INFO - Filling up the DagBag from /home/airflow/.local/lib/python3.8/site-packages/airflow/example_dags/example_external_task_marker_dag.py
[2024-05-13T15:18:53.801+0000] {processor.py:840} INFO - DAG(s) 'example_external_task_marker_parent', 'example_external_task_marker_child' retrieved from /home/airflow/.local/lib/python3.8/site-packages/airflow/example_dags/example_external_task_marker_dag.py
[2024-05-13T15:18:53.824+0000] {logging_mixin.py:188} INFO - [2024-05-13T15:18:53.824+0000] {dag.py:3047} INFO - Sync 2 DAGs
[2024-05-13T15:18:53.838+0000] {logging_mixin.py:188} INFO - [2024-05-13T15:18:53.837+0000] {dag.py:3834} INFO - Setting next_dagrun for example_external_task_marker_child to None, run_after=None
[2024-05-13T15:18:53.842+0000] {logging_mixin.py:188} INFO - [2024-05-13T15:18:53.841+0000] {dag.py:3834} INFO - Setting next_dagrun for example_external_task_marker_parent to None, run_after=None
[2024-05-13T15:18:53.858+0000] {processor.py:183} INFO - Processing /home/airflow/.local/lib/python3.8/site-packages/airflow/example_dags/example_external_task_marker_dag.py took 0.069 seconds
[2024-05-13T15:19:23.930+0000] {processor.py:161} INFO - Started process (PID=633) to work on /home/airflow/.local/lib/python3.8/site-packages/airflow/example_dags/example_external_task_marker_dag.py
[2024-05-13T15:19:23.932+0000] {processor.py:830} INFO - Processing file /home/airflow/.local/lib/python3.8/site-packages/airflow/example_dags/example_external_task_marker_dag.py for tasks to queue
[2024-05-13T15:19:23.934+0000] {logging_mixin.py:188} INFO - [2024-05-13T15:19:23.933+0000] {dagbag.py:540} INFO - Filling up the DagBag from /home/airflow/.local/lib/python3.8/site-packages/airflow/example_dags/example_external_task_marker_dag.py
[2024-05-13T15:19:23.940+0000] {processor.py:840} INFO - DAG(s) 'example_external_task_marker_parent', 'example_external_task_marker_child' retrieved from /home/airflow/.local/lib/python3.8/site-packages/airflow/example_dags/example_external_task_marker_dag.py
[2024-05-13T15:19:23.962+0000] {logging_mixin.py:188} INFO - [2024-05-13T15:19:23.962+0000] {dag.py:3047} INFO - Sync 2 DAGs
[2024-05-13T15:19:23.975+0000] {logging_mixin.py:188} INFO - [2024-05-13T15:19:23.974+0000] {dag.py:3834} INFO - Setting next_dagrun for example_external_task_marker_child to None, run_after=None
[2024-05-13T15:19:23.979+0000] {logging_mixin.py:188} INFO - [2024-05-13T15:19:23.978+0000] {dag.py:3834} INFO - Setting next_dagrun for example_external_task_marker_parent to None, run_after=None
[2024-05-13T15:19:23.994+0000] {processor.py:183} INFO - Processing /home/airflow/.local/lib/python3.8/site-packages/airflow/example_dags/example_external_task_marker_dag.py took 0.067 seconds
[2024-05-13T15:19:54.213+0000] {processor.py:161} INFO - Started process (PID=701) to work on /home/airflow/.local/lib/python3.8/site-packages/airflow/example_dags/example_external_task_marker_dag.py
[2024-05-13T15:19:54.214+0000] {processor.py:830} INFO - Processing file /home/airflow/.local/lib/python3.8/site-packages/airflow/example_dags/example_external_task_marker_dag.py for tasks to queue
[2024-05-13T15:19:54.216+0000] {logging_mixin.py:188} INFO - [2024-05-13T15:19:54.215+0000] {dagbag.py:540} INFO - Filling up the DagBag from /home/airflow/.local/lib/python3.8/site-packages/airflow/example_dags/example_external_task_marker_dag.py
[2024-05-13T15:19:54.221+0000] {processor.py:840} INFO - DAG(s) 'example_external_task_marker_child', 'example_external_task_marker_parent' retrieved from /home/airflow/.local/lib/python3.8/site-packages/airflow/example_dags/example_external_task_marker_dag.py
[2024-05-13T15:19:54.244+0000] {logging_mixin.py:188} INFO - [2024-05-13T15:19:54.244+0000] {dag.py:3047} INFO - Sync 2 DAGs
[2024-05-13T15:19:54.255+0000] {logging_mixin.py:188} INFO - [2024-05-13T15:19:54.254+0000] {dag.py:3834} INFO - Setting next_dagrun for example_external_task_marker_child to None, run_after=None
[2024-05-13T15:19:54.259+0000] {logging_mixin.py:188} INFO - [2024-05-13T15:19:54.258+0000] {dag.py:3834} INFO - Setting next_dagrun for example_external_task_marker_parent to None, run_after=None
[2024-05-13T15:19:54.273+0000] {processor.py:183} INFO - Processing /home/airflow/.local/lib/python3.8/site-packages/airflow/example_dags/example_external_task_marker_dag.py took 0.063 seconds
[2024-05-13T15:20:24.623+0000] {processor.py:161} INFO - Started process (PID=769) to work on /home/airflow/.local/lib/python3.8/site-packages/airflow/example_dags/example_external_task_marker_dag.py
[2024-05-13T15:20:24.625+0000] {processor.py:830} INFO - Processing file /home/airflow/.local/lib/python3.8/site-packages/airflow/example_dags/example_external_task_marker_dag.py for tasks to queue
[2024-05-13T15:20:24.627+0000] {logging_mixin.py:188} INFO - [2024-05-13T15:20:24.627+0000] {dagbag.py:540} INFO - Filling up the DagBag from /home/airflow/.local/lib/python3.8/site-packages/airflow/example_dags/example_external_task_marker_dag.py
[2024-05-13T15:20:24.634+0000] {processor.py:840} INFO - DAG(s) 'example_external_task_marker_child', 'example_external_task_marker_parent' retrieved from /home/airflow/.local/lib/python3.8/site-packages/airflow/example_dags/example_external_task_marker_dag.py
[2024-05-13T15:20:24.667+0000] {logging_mixin.py:188} INFO - [2024-05-13T15:20:24.666+0000] {dag.py:3047} INFO - Sync 2 DAGs
[2024-05-13T15:20:24.682+0000] {logging_mixin.py:188} INFO - [2024-05-13T15:20:24.682+0000] {dag.py:3834} INFO - Setting next_dagrun for example_external_task_marker_child to None, run_after=None
[2024-05-13T15:20:24.690+0000] {logging_mixin.py:188} INFO - [2024-05-13T15:20:24.690+0000] {dag.py:3834} INFO - Setting next_dagrun for example_external_task_marker_parent to None, run_after=None
[2024-05-13T15:20:24.713+0000] {processor.py:183} INFO - Processing /home/airflow/.local/lib/python3.8/site-packages/airflow/example_dags/example_external_task_marker_dag.py took 0.095 seconds
[2024-05-13T15:20:54.989+0000] {processor.py:161} INFO - Started process (PID=841) to work on /home/airflow/.local/lib/python3.8/site-packages/airflow/example_dags/example_external_task_marker_dag.py
[2024-05-13T15:20:54.991+0000] {processor.py:830} INFO - Processing file /home/airflow/.local/lib/python3.8/site-packages/airflow/example_dags/example_external_task_marker_dag.py for tasks to queue
[2024-05-13T15:20:54.993+0000] {logging_mixin.py:188} INFO - [2024-05-13T15:20:54.992+0000] {dagbag.py:540} INFO - Filling up the DagBag from /home/airflow/.local/lib/python3.8/site-packages/airflow/example_dags/example_external_task_marker_dag.py
[2024-05-13T15:20:54.999+0000] {processor.py:840} INFO - DAG(s) 'example_external_task_marker_parent', 'example_external_task_marker_child' retrieved from /home/airflow/.local/lib/python3.8/site-packages/airflow/example_dags/example_external_task_marker_dag.py
[2024-05-13T15:20:55.024+0000] {logging_mixin.py:188} INFO - [2024-05-13T15:20:55.024+0000] {dag.py:3047} INFO - Sync 2 DAGs
[2024-05-13T15:20:55.036+0000] {logging_mixin.py:188} INFO - [2024-05-13T15:20:55.036+0000] {dag.py:3834} INFO - Setting next_dagrun for example_external_task_marker_child to None, run_after=None
[2024-05-13T15:20:55.041+0000] {logging_mixin.py:188} INFO - [2024-05-13T15:20:55.041+0000] {dag.py:3834} INFO - Setting next_dagrun for example_external_task_marker_parent to None, run_after=None
[2024-05-13T15:20:55.059+0000] {processor.py:183} INFO - Processing /home/airflow/.local/lib/python3.8/site-packages/airflow/example_dags/example_external_task_marker_dag.py took 0.073 seconds
[2024-05-13T15:21:25.175+0000] {processor.py:161} INFO - Started process (PID=909) to work on /home/airflow/.local/lib/python3.8/site-packages/airflow/example_dags/example_external_task_marker_dag.py
[2024-05-13T15:21:25.176+0000] {processor.py:830} INFO - Processing file /home/airflow/.local/lib/python3.8/site-packages/airflow/example_dags/example_external_task_marker_dag.py for tasks to queue
[2024-05-13T15:21:25.178+0000] {logging_mixin.py:188} INFO - [2024-05-13T15:21:25.178+0000] {dagbag.py:540} INFO - Filling up the DagBag from /home/airflow/.local/lib/python3.8/site-packages/airflow/example_dags/example_external_task_marker_dag.py
[2024-05-13T15:21:25.185+0000] {processor.py:840} INFO - DAG(s) 'example_external_task_marker_parent', 'example_external_task_marker_child' retrieved from /home/airflow/.local/lib/python3.8/site-packages/airflow/example_dags/example_external_task_marker_dag.py
[2024-05-13T15:21:25.209+0000] {logging_mixin.py:188} INFO - [2024-05-13T15:21:25.209+0000] {dag.py:3047} INFO - Sync 2 DAGs
[2024-05-13T15:21:25.224+0000] {logging_mixin.py:188} INFO - [2024-05-13T15:21:25.223+0000] {dag.py:3834} INFO - Setting next_dagrun for example_external_task_marker_child to None, run_after=None
[2024-05-13T15:21:25.231+0000] {logging_mixin.py:188} INFO - [2024-05-13T15:21:25.231+0000] {dag.py:3834} INFO - Setting next_dagrun for example_external_task_marker_parent to None, run_after=None
[2024-05-13T15:21:25.252+0000] {processor.py:183} INFO - Processing /home/airflow/.local/lib/python3.8/site-packages/airflow/example_dags/example_external_task_marker_dag.py took 0.080 seconds
[2024-05-13T15:21:55.459+0000] {processor.py:161} INFO - Started process (PID=977) to work on /home/airflow/.local/lib/python3.8/site-packages/airflow/example_dags/example_external_task_marker_dag.py
[2024-05-13T15:21:55.460+0000] {processor.py:830} INFO - Processing file /home/airflow/.local/lib/python3.8/site-packages/airflow/example_dags/example_external_task_marker_dag.py for tasks to queue
[2024-05-13T15:21:55.462+0000] {logging_mixin.py:188} INFO - [2024-05-13T15:21:55.462+0000] {dagbag.py:540} INFO - Filling up the DagBag from /home/airflow/.local/lib/python3.8/site-packages/airflow/example_dags/example_external_task_marker_dag.py
[2024-05-13T15:21:55.470+0000] {processor.py:840} INFO - DAG(s) 'example_external_task_marker_parent', 'example_external_task_marker_child' retrieved from /home/airflow/.local/lib/python3.8/site-packages/airflow/example_dags/example_external_task_marker_dag.py
[2024-05-13T15:21:55.504+0000] {logging_mixin.py:188} INFO - [2024-05-13T15:21:55.503+0000] {dag.py:3047} INFO - Sync 2 DAGs
[2024-05-13T15:21:55.522+0000] {logging_mixin.py:188} INFO - [2024-05-13T15:21:55.522+0000] {dag.py:3834} INFO - Setting next_dagrun for example_external_task_marker_child to None, run_after=None
[2024-05-13T15:21:55.528+0000] {logging_mixin.py:188} INFO - [2024-05-13T15:21:55.528+0000] {dag.py:3834} INFO - Setting next_dagrun for example_external_task_marker_parent to None, run_after=None
[2024-05-13T15:21:55.556+0000] {processor.py:183} INFO - Processing /home/airflow/.local/lib/python3.8/site-packages/airflow/example_dags/example_external_task_marker_dag.py took 0.101 seconds
[2024-05-13T15:22:26.428+0000] {processor.py:161} INFO - Started process (PID=1045) to work on /home/airflow/.local/lib/python3.8/site-packages/airflow/example_dags/example_external_task_marker_dag.py
[2024-05-13T15:22:26.430+0000] {processor.py:830} INFO - Processing file /home/airflow/.local/lib/python3.8/site-packages/airflow/example_dags/example_external_task_marker_dag.py for tasks to queue
[2024-05-13T15:22:26.433+0000] {logging_mixin.py:188} INFO - [2024-05-13T15:22:26.432+0000] {dagbag.py:540} INFO - Filling up the DagBag from /home/airflow/.local/lib/python3.8/site-packages/airflow/example_dags/example_external_task_marker_dag.py
[2024-05-13T15:22:26.444+0000] {processor.py:840} INFO - DAG(s) 'example_external_task_marker_child', 'example_external_task_marker_parent' retrieved from /home/airflow/.local/lib/python3.8/site-packages/airflow/example_dags/example_external_task_marker_dag.py
[2024-05-13T15:22:26.478+0000] {logging_mixin.py:188} INFO - [2024-05-13T15:22:26.477+0000] {dag.py:3047} INFO - Sync 2 DAGs
[2024-05-13T15:22:26.493+0000] {logging_mixin.py:188} INFO - [2024-05-13T15:22:26.492+0000] {dag.py:3834} INFO - Setting next_dagrun for example_external_task_marker_child to None, run_after=None
[2024-05-13T15:22:26.498+0000] {logging_mixin.py:188} INFO - [2024-05-13T15:22:26.497+0000] {dag.py:3834} INFO - Setting next_dagrun for example_external_task_marker_parent to None, run_after=None
[2024-05-13T15:22:26.520+0000] {processor.py:183} INFO - Processing /home/airflow/.local/lib/python3.8/site-packages/airflow/example_dags/example_external_task_marker_dag.py took 0.096 seconds
[2024-05-13T15:22:56.794+0000] {processor.py:161} INFO - Started process (PID=1114) to work on /home/airflow/.local/lib/python3.8/site-packages/airflow/example_dags/example_external_task_marker_dag.py
[2024-05-13T15:22:56.795+0000] {processor.py:830} INFO - Processing file /home/airflow/.local/lib/python3.8/site-packages/airflow/example_dags/example_external_task_marker_dag.py for tasks to queue
[2024-05-13T15:22:56.798+0000] {logging_mixin.py:188} INFO - [2024-05-13T15:22:56.798+0000] {dagbag.py:540} INFO - Filling up the DagBag from /home/airflow/.local/lib/python3.8/site-packages/airflow/example_dags/example_external_task_marker_dag.py
[2024-05-13T15:22:56.808+0000] {processor.py:840} INFO - DAG(s) 'example_external_task_marker_parent', 'example_external_task_marker_child' retrieved from /home/airflow/.local/lib/python3.8/site-packages/airflow/example_dags/example_external_task_marker_dag.py
[2024-05-13T15:22:56.847+0000] {logging_mixin.py:188} INFO - [2024-05-13T15:22:56.847+0000] {dag.py:3047} INFO - Sync 2 DAGs
[2024-05-13T15:22:56.862+0000] {logging_mixin.py:188} INFO - [2024-05-13T15:22:56.861+0000] {dag.py:3834} INFO - Setting next_dagrun for example_external_task_marker_child to None, run_after=None
[2024-05-13T15:22:56.867+0000] {logging_mixin.py:188} INFO - [2024-05-13T15:22:56.866+0000] {dag.py:3834} INFO - Setting next_dagrun for example_external_task_marker_parent to None, run_after=None
[2024-05-13T15:22:56.896+0000] {processor.py:183} INFO - Processing /home/airflow/.local/lib/python3.8/site-packages/airflow/example_dags/example_external_task_marker_dag.py took 0.106 seconds
[2024-05-13T15:23:27.206+0000] {processor.py:161} INFO - Started process (PID=1182) to work on /home/airflow/.local/lib/python3.8/site-packages/airflow/example_dags/example_external_task_marker_dag.py
[2024-05-13T15:23:27.207+0000] {processor.py:830} INFO - Processing file /home/airflow/.local/lib/python3.8/site-packages/airflow/example_dags/example_external_task_marker_dag.py for tasks to queue
[2024-05-13T15:23:27.209+0000] {logging_mixin.py:188} INFO - [2024-05-13T15:23:27.209+0000] {dagbag.py:540} INFO - Filling up the DagBag from /home/airflow/.local/lib/python3.8/site-packages/airflow/example_dags/example_external_task_marker_dag.py
[2024-05-13T15:23:27.217+0000] {processor.py:840} INFO - DAG(s) 'example_external_task_marker_child', 'example_external_task_marker_parent' retrieved from /home/airflow/.local/lib/python3.8/site-packages/airflow/example_dags/example_external_task_marker_dag.py
[2024-05-13T15:23:27.240+0000] {logging_mixin.py:188} INFO - [2024-05-13T15:23:27.239+0000] {dag.py:3047} INFO - Sync 2 DAGs
[2024-05-13T15:23:27.253+0000] {logging_mixin.py:188} INFO - [2024-05-13T15:23:27.253+0000] {dag.py:3834} INFO - Setting next_dagrun for example_external_task_marker_child to None, run_after=None
[2024-05-13T15:23:27.259+0000] {logging_mixin.py:188} INFO - [2024-05-13T15:23:27.259+0000] {dag.py:3834} INFO - Setting next_dagrun for example_external_task_marker_parent to None, run_after=None
[2024-05-13T15:23:27.283+0000] {processor.py:183} INFO - Processing /home/airflow/.local/lib/python3.8/site-packages/airflow/example_dags/example_external_task_marker_dag.py took 0.081 seconds
[2024-05-13T15:23:58.024+0000] {processor.py:161} INFO - Started process (PID=1250) to work on /home/airflow/.local/lib/python3.8/site-packages/airflow/example_dags/example_external_task_marker_dag.py
[2024-05-13T15:23:58.025+0000] {processor.py:830} INFO - Processing file /home/airflow/.local/lib/python3.8/site-packages/airflow/example_dags/example_external_task_marker_dag.py for tasks to queue
[2024-05-13T15:23:58.027+0000] {logging_mixin.py:188} INFO - [2024-05-13T15:23:58.027+0000] {dagbag.py:540} INFO - Filling up the DagBag from /home/airflow/.local/lib/python3.8/site-packages/airflow/example_dags/example_external_task_marker_dag.py
[2024-05-13T15:23:58.035+0000] {processor.py:840} INFO - DAG(s) 'example_external_task_marker_parent', 'example_external_task_marker_child' retrieved from /home/airflow/.local/lib/python3.8/site-packages/airflow/example_dags/example_external_task_marker_dag.py
[2024-05-13T15:23:58.062+0000] {logging_mixin.py:188} INFO - [2024-05-13T15:23:58.062+0000] {dag.py:3047} INFO - Sync 2 DAGs
[2024-05-13T15:23:58.078+0000] {logging_mixin.py:188} INFO - [2024-05-13T15:23:58.078+0000] {dag.py:3834} INFO - Setting next_dagrun for example_external_task_marker_child to None, run_after=None
[2024-05-13T15:23:58.085+0000] {logging_mixin.py:188} INFO - [2024-05-13T15:23:58.084+0000] {dag.py:3834} INFO - Setting next_dagrun for example_external_task_marker_parent to None, run_after=None
[2024-05-13T15:23:58.106+0000] {processor.py:183} INFO - Processing /home/airflow/.local/lib/python3.8/site-packages/airflow/example_dags/example_external_task_marker_dag.py took 0.086 seconds
[2024-05-13T15:24:28.217+0000] {processor.py:161} INFO - Started process (PID=1318) to work on /home/airflow/.local/lib/python3.8/site-packages/airflow/example_dags/example_external_task_marker_dag.py
[2024-05-13T15:24:28.218+0000] {processor.py:830} INFO - Processing file /home/airflow/.local/lib/python3.8/site-packages/airflow/example_dags/example_external_task_marker_dag.py for tasks to queue
[2024-05-13T15:24:28.220+0000] {logging_mixin.py:188} INFO - [2024-05-13T15:24:28.220+0000] {dagbag.py:540} INFO - Filling up the DagBag from /home/airflow/.local/lib/python3.8/site-packages/airflow/example_dags/example_external_task_marker_dag.py
[2024-05-13T15:24:28.227+0000] {processor.py:840} INFO - DAG(s) 'example_external_task_marker_child', 'example_external_task_marker_parent' retrieved from /home/airflow/.local/lib/python3.8/site-packages/airflow/example_dags/example_external_task_marker_dag.py
[2024-05-13T15:24:28.250+0000] {logging_mixin.py:188} INFO - [2024-05-13T15:24:28.249+0000] {dag.py:3047} INFO - Sync 2 DAGs
[2024-05-13T15:24:28.263+0000] {logging_mixin.py:188} INFO - [2024-05-13T15:24:28.263+0000] {dag.py:3834} INFO - Setting next_dagrun for example_external_task_marker_child to None, run_after=None
[2024-05-13T15:24:28.267+0000] {logging_mixin.py:188} INFO - [2024-05-13T15:24:28.267+0000] {dag.py:3834} INFO - Setting next_dagrun for example_external_task_marker_parent to None, run_after=None
[2024-05-13T15:24:28.286+0000] {processor.py:183} INFO - Processing /home/airflow/.local/lib/python3.8/site-packages/airflow/example_dags/example_external_task_marker_dag.py took 0.072 seconds
[2024-05-13T15:24:58.374+0000] {processor.py:161} INFO - Started process (PID=1386) to work on /home/airflow/.local/lib/python3.8/site-packages/airflow/example_dags/example_external_task_marker_dag.py
[2024-05-13T15:24:58.376+0000] {processor.py:830} INFO - Processing file /home/airflow/.local/lib/python3.8/site-packages/airflow/example_dags/example_external_task_marker_dag.py for tasks to queue
[2024-05-13T15:24:58.377+0000] {logging_mixin.py:188} INFO - [2024-05-13T15:24:58.377+0000] {dagbag.py:540} INFO - Filling up the DagBag from /home/airflow/.local/lib/python3.8/site-packages/airflow/example_dags/example_external_task_marker_dag.py
[2024-05-13T15:24:58.383+0000] {processor.py:840} INFO - DAG(s) 'example_external_task_marker_parent', 'example_external_task_marker_child' retrieved from /home/airflow/.local/lib/python3.8/site-packages/airflow/example_dags/example_external_task_marker_dag.py
[2024-05-13T15:24:58.404+0000] {logging_mixin.py:188} INFO - [2024-05-13T15:24:58.403+0000] {dag.py:3047} INFO - Sync 2 DAGs
[2024-05-13T15:24:58.415+0000] {logging_mixin.py:188} INFO - [2024-05-13T15:24:58.415+0000] {dag.py:3834} INFO - Setting next_dagrun for example_external_task_marker_child to None, run_after=None
[2024-05-13T15:24:58.419+0000] {logging_mixin.py:188} INFO - [2024-05-13T15:24:58.419+0000] {dag.py:3834} INFO - Setting next_dagrun for example_external_task_marker_parent to None, run_after=None
[2024-05-13T15:24:58.433+0000] {processor.py:183} INFO - Processing /home/airflow/.local/lib/python3.8/site-packages/airflow/example_dags/example_external_task_marker_dag.py took 0.062 seconds
[2024-05-13T15:25:28.714+0000] {processor.py:161} INFO - Started process (PID=1455) to work on /home/airflow/.local/lib/python3.8/site-packages/airflow/example_dags/example_external_task_marker_dag.py
[2024-05-13T15:25:28.715+0000] {processor.py:830} INFO - Processing file /home/airflow/.local/lib/python3.8/site-packages/airflow/example_dags/example_external_task_marker_dag.py for tasks to queue
[2024-05-13T15:25:28.717+0000] {logging_mixin.py:188} INFO - [2024-05-13T15:25:28.716+0000] {dagbag.py:540} INFO - Filling up the DagBag from /home/airflow/.local/lib/python3.8/site-packages/airflow/example_dags/example_external_task_marker_dag.py
[2024-05-13T15:25:28.724+0000] {processor.py:840} INFO - DAG(s) 'example_external_task_marker_parent', 'example_external_task_marker_child' retrieved from /home/airflow/.local/lib/python3.8/site-packages/airflow/example_dags/example_external_task_marker_dag.py
[2024-05-13T15:25:28.749+0000] {logging_mixin.py:188} INFO - [2024-05-13T15:25:28.749+0000] {dag.py:3047} INFO - Sync 2 DAGs
[2024-05-13T15:25:28.762+0000] {logging_mixin.py:188} INFO - [2024-05-13T15:25:28.761+0000] {dag.py:3834} INFO - Setting next_dagrun for example_external_task_marker_child to None, run_after=None
[2024-05-13T15:25:28.766+0000] {logging_mixin.py:188} INFO - [2024-05-13T15:25:28.765+0000] {dag.py:3834} INFO - Setting next_dagrun for example_external_task_marker_parent to None, run_after=None
[2024-05-13T15:25:28.787+0000] {processor.py:183} INFO - Processing /home/airflow/.local/lib/python3.8/site-packages/airflow/example_dags/example_external_task_marker_dag.py took 0.077 seconds
[2024-05-13T15:25:59.116+0000] {processor.py:161} INFO - Started process (PID=1523) to work on /home/airflow/.local/lib/python3.8/site-packages/airflow/example_dags/example_external_task_marker_dag.py
[2024-05-13T15:25:59.117+0000] {processor.py:830} INFO - Processing file /home/airflow/.local/lib/python3.8/site-packages/airflow/example_dags/example_external_task_marker_dag.py for tasks to queue
[2024-05-13T15:25:59.118+0000] {logging_mixin.py:188} INFO - [2024-05-13T15:25:59.118+0000] {dagbag.py:540} INFO - Filling up the DagBag from /home/airflow/.local/lib/python3.8/site-packages/airflow/example_dags/example_external_task_marker_dag.py
[2024-05-13T15:25:59.124+0000] {processor.py:840} INFO - DAG(s) 'example_external_task_marker_child', 'example_external_task_marker_parent' retrieved from /home/airflow/.local/lib/python3.8/site-packages/airflow/example_dags/example_external_task_marker_dag.py
[2024-05-13T15:25:59.147+0000] {logging_mixin.py:188} INFO - [2024-05-13T15:25:59.146+0000] {dag.py:3047} INFO - Sync 2 DAGs
[2024-05-13T15:25:59.161+0000] {logging_mixin.py:188} INFO - [2024-05-13T15:25:59.161+0000] {dag.py:3834} INFO - Setting next_dagrun for example_external_task_marker_child to None, run_after=None
[2024-05-13T15:25:59.165+0000] {logging_mixin.py:188} INFO - [2024-05-13T15:25:59.164+0000] {dag.py:3834} INFO - Setting next_dagrun for example_external_task_marker_parent to None, run_after=None
[2024-05-13T15:25:59.183+0000] {processor.py:183} INFO - Processing /home/airflow/.local/lib/python3.8/site-packages/airflow/example_dags/example_external_task_marker_dag.py took 0.070 seconds
[2024-05-13T15:26:29.401+0000] {processor.py:161} INFO - Started process (PID=1591) to work on /home/airflow/.local/lib/python3.8/site-packages/airflow/example_dags/example_external_task_marker_dag.py
[2024-05-13T15:26:29.402+0000] {processor.py:830} INFO - Processing file /home/airflow/.local/lib/python3.8/site-packages/airflow/example_dags/example_external_task_marker_dag.py for tasks to queue
[2024-05-13T15:26:29.404+0000] {logging_mixin.py:188} INFO - [2024-05-13T15:26:29.403+0000] {dagbag.py:540} INFO - Filling up the DagBag from /home/airflow/.local/lib/python3.8/site-packages/airflow/example_dags/example_external_task_marker_dag.py
[2024-05-13T15:26:29.410+0000] {processor.py:840} INFO - DAG(s) 'example_external_task_marker_child', 'example_external_task_marker_parent' retrieved from /home/airflow/.local/lib/python3.8/site-packages/airflow/example_dags/example_external_task_marker_dag.py
[2024-05-13T15:26:29.432+0000] {logging_mixin.py:188} INFO - [2024-05-13T15:26:29.432+0000] {dag.py:3047} INFO - Sync 2 DAGs
[2024-05-13T15:26:29.444+0000] {logging_mixin.py:188} INFO - [2024-05-13T15:26:29.444+0000] {dag.py:3834} INFO - Setting next_dagrun for example_external_task_marker_child to None, run_after=None
[2024-05-13T15:26:29.448+0000] {logging_mixin.py:188} INFO - [2024-05-13T15:26:29.447+0000] {dag.py:3834} INFO - Setting next_dagrun for example_external_task_marker_parent to None, run_after=None
[2024-05-13T15:26:29.462+0000] {processor.py:183} INFO - Processing /home/airflow/.local/lib/python3.8/site-packages/airflow/example_dags/example_external_task_marker_dag.py took 0.064 seconds
[2024-05-13T15:26:59.810+0000] {processor.py:161} INFO - Started process (PID=1659) to work on /home/airflow/.local/lib/python3.8/site-packages/airflow/example_dags/example_external_task_marker_dag.py
[2024-05-13T15:26:59.811+0000] {processor.py:830} INFO - Processing file /home/airflow/.local/lib/python3.8/site-packages/airflow/example_dags/example_external_task_marker_dag.py for tasks to queue
[2024-05-13T15:26:59.813+0000] {logging_mixin.py:188} INFO - [2024-05-13T15:26:59.813+0000] {dagbag.py:540} INFO - Filling up the DagBag from /home/airflow/.local/lib/python3.8/site-packages/airflow/example_dags/example_external_task_marker_dag.py
[2024-05-13T15:26:59.820+0000] {processor.py:840} INFO - DAG(s) 'example_external_task_marker_parent', 'example_external_task_marker_child' retrieved from /home/airflow/.local/lib/python3.8/site-packages/airflow/example_dags/example_external_task_marker_dag.py
[2024-05-13T15:26:59.841+0000] {logging_mixin.py:188} INFO - [2024-05-13T15:26:59.841+0000] {dag.py:3047} INFO - Sync 2 DAGs
[2024-05-13T15:26:59.852+0000] {logging_mixin.py:188} INFO - [2024-05-13T15:26:59.852+0000] {dag.py:3834} INFO - Setting next_dagrun for example_external_task_marker_child to None, run_after=None
[2024-05-13T15:26:59.856+0000] {logging_mixin.py:188} INFO - [2024-05-13T15:26:59.856+0000] {dag.py:3834} INFO - Setting next_dagrun for example_external_task_marker_parent to None, run_after=None
[2024-05-13T15:26:59.873+0000] {processor.py:183} INFO - Processing /home/airflow/.local/lib/python3.8/site-packages/airflow/example_dags/example_external_task_marker_dag.py took 0.066 seconds
[2024-05-13T15:27:30.384+0000] {processor.py:161} INFO - Started process (PID=1727) to work on /home/airflow/.local/lib/python3.8/site-packages/airflow/example_dags/example_external_task_marker_dag.py
[2024-05-13T15:27:30.385+0000] {processor.py:830} INFO - Processing file /home/airflow/.local/lib/python3.8/site-packages/airflow/example_dags/example_external_task_marker_dag.py for tasks to queue
[2024-05-13T15:27:30.388+0000] {logging_mixin.py:188} INFO - [2024-05-13T15:27:30.387+0000] {dagbag.py:540} INFO - Filling up the DagBag from /home/airflow/.local/lib/python3.8/site-packages/airflow/example_dags/example_external_task_marker_dag.py
[2024-05-13T15:27:30.394+0000] {processor.py:840} INFO - DAG(s) 'example_external_task_marker_child', 'example_external_task_marker_parent' retrieved from /home/airflow/.local/lib/python3.8/site-packages/airflow/example_dags/example_external_task_marker_dag.py
[2024-05-13T15:27:30.434+0000] {logging_mixin.py:188} INFO - [2024-05-13T15:27:30.434+0000] {dag.py:3047} INFO - Sync 2 DAGs
[2024-05-13T15:27:30.449+0000] {logging_mixin.py:188} INFO - [2024-05-13T15:27:30.449+0000] {dag.py:3834} INFO - Setting next_dagrun for example_external_task_marker_child to None, run_after=None
[2024-05-13T15:27:30.457+0000] {logging_mixin.py:188} INFO - [2024-05-13T15:27:30.456+0000] {dag.py:3834} INFO - Setting next_dagrun for example_external_task_marker_parent to None, run_after=None
[2024-05-13T15:27:30.479+0000] {processor.py:183} INFO - Processing /home/airflow/.local/lib/python3.8/site-packages/airflow/example_dags/example_external_task_marker_dag.py took 0.100 seconds
[2024-05-13T15:28:00.521+0000] {processor.py:161} INFO - Started process (PID=1795) to work on /home/airflow/.local/lib/python3.8/site-packages/airflow/example_dags/example_external_task_marker_dag.py
[2024-05-13T15:28:00.522+0000] {processor.py:830} INFO - Processing file /home/airflow/.local/lib/python3.8/site-packages/airflow/example_dags/example_external_task_marker_dag.py for tasks to queue
[2024-05-13T15:28:00.523+0000] {logging_mixin.py:188} INFO - [2024-05-13T15:28:00.523+0000] {dagbag.py:540} INFO - Filling up the DagBag from /home/airflow/.local/lib/python3.8/site-packages/airflow/example_dags/example_external_task_marker_dag.py
[2024-05-13T15:28:00.529+0000] {processor.py:840} INFO - DAG(s) 'example_external_task_marker_parent', 'example_external_task_marker_child' retrieved from /home/airflow/.local/lib/python3.8/site-packages/airflow/example_dags/example_external_task_marker_dag.py
[2024-05-13T15:28:00.551+0000] {logging_mixin.py:188} INFO - [2024-05-13T15:28:00.551+0000] {dag.py:3047} INFO - Sync 2 DAGs
[2024-05-13T15:28:00.562+0000] {logging_mixin.py:188} INFO - [2024-05-13T15:28:00.562+0000] {dag.py:3834} INFO - Setting next_dagrun for example_external_task_marker_child to None, run_after=None
[2024-05-13T15:28:00.565+0000] {logging_mixin.py:188} INFO - [2024-05-13T15:28:00.565+0000] {dag.py:3834} INFO - Setting next_dagrun for example_external_task_marker_parent to None, run_after=None
[2024-05-13T15:28:00.582+0000] {processor.py:183} INFO - Processing /home/airflow/.local/lib/python3.8/site-packages/airflow/example_dags/example_external_task_marker_dag.py took 0.065 seconds
[2024-05-13T15:28:30.905+0000] {processor.py:161} INFO - Started process (PID=1863) to work on /home/airflow/.local/lib/python3.8/site-packages/airflow/example_dags/example_external_task_marker_dag.py
[2024-05-13T15:28:30.906+0000] {processor.py:830} INFO - Processing file /home/airflow/.local/lib/python3.8/site-packages/airflow/example_dags/example_external_task_marker_dag.py for tasks to queue
[2024-05-13T15:28:30.912+0000] {logging_mixin.py:188} INFO - [2024-05-13T15:28:30.911+0000] {dagbag.py:540} INFO - Filling up the DagBag from /home/airflow/.local/lib/python3.8/site-packages/airflow/example_dags/example_external_task_marker_dag.py
[2024-05-13T15:28:30.921+0000] {processor.py:840} INFO - DAG(s) 'example_external_task_marker_child', 'example_external_task_marker_parent' retrieved from /home/airflow/.local/lib/python3.8/site-packages/airflow/example_dags/example_external_task_marker_dag.py
[2024-05-13T15:28:30.949+0000] {logging_mixin.py:188} INFO - [2024-05-13T15:28:30.949+0000] {dag.py:3047} INFO - Sync 2 DAGs
[2024-05-13T15:28:30.967+0000] {logging_mixin.py:188} INFO - [2024-05-13T15:28:30.966+0000] {dag.py:3834} INFO - Setting next_dagrun for example_external_task_marker_child to None, run_after=None
[2024-05-13T15:28:30.975+0000] {logging_mixin.py:188} INFO - [2024-05-13T15:28:30.975+0000] {dag.py:3834} INFO - Setting next_dagrun for example_external_task_marker_parent to None, run_after=None
[2024-05-13T15:28:30.991+0000] {processor.py:183} INFO - Processing /home/airflow/.local/lib/python3.8/site-packages/airflow/example_dags/example_external_task_marker_dag.py took 0.090 seconds
[2024-05-13T15:29:01.103+0000] {processor.py:161} INFO - Started process (PID=1931) to work on /home/airflow/.local/lib/python3.8/site-packages/airflow/example_dags/example_external_task_marker_dag.py
[2024-05-13T15:29:01.105+0000] {processor.py:830} INFO - Processing file /home/airflow/.local/lib/python3.8/site-packages/airflow/example_dags/example_external_task_marker_dag.py for tasks to queue
[2024-05-13T15:29:01.107+0000] {logging_mixin.py:188} INFO - [2024-05-13T15:29:01.106+0000] {dagbag.py:540} INFO - Filling up the DagBag from /home/airflow/.local/lib/python3.8/site-packages/airflow/example_dags/example_external_task_marker_dag.py
[2024-05-13T15:29:01.112+0000] {processor.py:840} INFO - DAG(s) 'example_external_task_marker_parent', 'example_external_task_marker_child' retrieved from /home/airflow/.local/lib/python3.8/site-packages/airflow/example_dags/example_external_task_marker_dag.py
[2024-05-13T15:29:01.138+0000] {logging_mixin.py:188} INFO - [2024-05-13T15:29:01.137+0000] {dag.py:3047} INFO - Sync 2 DAGs
[2024-05-13T15:29:01.150+0000] {logging_mixin.py:188} INFO - [2024-05-13T15:29:01.149+0000] {dag.py:3834} INFO - Setting next_dagrun for example_external_task_marker_child to None, run_after=None
[2024-05-13T15:29:01.153+0000] {logging_mixin.py:188} INFO - [2024-05-13T15:29:01.153+0000] {dag.py:3834} INFO - Setting next_dagrun for example_external_task_marker_parent to None, run_after=None
[2024-05-13T15:29:01.172+0000] {processor.py:183} INFO - Processing /home/airflow/.local/lib/python3.8/site-packages/airflow/example_dags/example_external_task_marker_dag.py took 0.071 seconds
[2024-05-13T15:29:31.679+0000] {processor.py:161} INFO - Started process (PID=1999) to work on /home/airflow/.local/lib/python3.8/site-packages/airflow/example_dags/example_external_task_marker_dag.py
[2024-05-13T15:29:31.681+0000] {processor.py:830} INFO - Processing file /home/airflow/.local/lib/python3.8/site-packages/airflow/example_dags/example_external_task_marker_dag.py for tasks to queue
[2024-05-13T15:29:31.684+0000] {logging_mixin.py:188} INFO - [2024-05-13T15:29:31.683+0000] {dagbag.py:540} INFO - Filling up the DagBag from /home/airflow/.local/lib/python3.8/site-packages/airflow/example_dags/example_external_task_marker_dag.py
[2024-05-13T15:29:31.695+0000] {processor.py:840} INFO - DAG(s) 'example_external_task_marker_parent', 'example_external_task_marker_child' retrieved from /home/airflow/.local/lib/python3.8/site-packages/airflow/example_dags/example_external_task_marker_dag.py
[2024-05-13T15:29:31.730+0000] {logging_mixin.py:188} INFO - [2024-05-13T15:29:31.729+0000] {dag.py:3047} INFO - Sync 2 DAGs
[2024-05-13T15:29:31.754+0000] {logging_mixin.py:188} INFO - [2024-05-13T15:29:31.753+0000] {dag.py:3834} INFO - Setting next_dagrun for example_external_task_marker_child to None, run_after=None
[2024-05-13T15:29:31.760+0000] {logging_mixin.py:188} INFO - [2024-05-13T15:29:31.759+0000] {dag.py:3834} INFO - Setting next_dagrun for example_external_task_marker_parent to None, run_after=None
[2024-05-13T15:29:31.789+0000] {processor.py:183} INFO - Processing /home/airflow/.local/lib/python3.8/site-packages/airflow/example_dags/example_external_task_marker_dag.py took 0.117 seconds
[2024-05-13T15:30:02.394+0000] {processor.py:161} INFO - Started process (PID=2067) to work on /home/airflow/.local/lib/python3.8/site-packages/airflow/example_dags/example_external_task_marker_dag.py
[2024-05-13T15:30:02.395+0000] {processor.py:830} INFO - Processing file /home/airflow/.local/lib/python3.8/site-packages/airflow/example_dags/example_external_task_marker_dag.py for tasks to queue
[2024-05-13T15:30:02.396+0000] {logging_mixin.py:188} INFO - [2024-05-13T15:30:02.396+0000] {dagbag.py:540} INFO - Filling up the DagBag from /home/airflow/.local/lib/python3.8/site-packages/airflow/example_dags/example_external_task_marker_dag.py
[2024-05-13T15:30:02.402+0000] {processor.py:840} INFO - DAG(s) 'example_external_task_marker_child', 'example_external_task_marker_parent' retrieved from /home/airflow/.local/lib/python3.8/site-packages/airflow/example_dags/example_external_task_marker_dag.py
[2024-05-13T15:30:02.423+0000] {logging_mixin.py:188} INFO - [2024-05-13T15:30:02.423+0000] {dag.py:3047} INFO - Sync 2 DAGs
[2024-05-13T15:30:02.435+0000] {logging_mixin.py:188} INFO - [2024-05-13T15:30:02.435+0000] {dag.py:3834} INFO - Setting next_dagrun for example_external_task_marker_child to None, run_after=None
[2024-05-13T15:30:02.439+0000] {logging_mixin.py:188} INFO - [2024-05-13T15:30:02.438+0000] {dag.py:3834} INFO - Setting next_dagrun for example_external_task_marker_parent to None, run_after=None
[2024-05-13T15:30:02.456+0000] {processor.py:183} INFO - Processing /home/airflow/.local/lib/python3.8/site-packages/airflow/example_dags/example_external_task_marker_dag.py took 0.065 seconds
[2024-05-13T15:30:32.530+0000] {processor.py:161} INFO - Started process (PID=2135) to work on /home/airflow/.local/lib/python3.8/site-packages/airflow/example_dags/example_external_task_marker_dag.py
[2024-05-13T15:30:32.531+0000] {processor.py:830} INFO - Processing file /home/airflow/.local/lib/python3.8/site-packages/airflow/example_dags/example_external_task_marker_dag.py for tasks to queue
[2024-05-13T15:30:32.533+0000] {logging_mixin.py:188} INFO - [2024-05-13T15:30:32.533+0000] {dagbag.py:540} INFO - Filling up the DagBag from /home/airflow/.local/lib/python3.8/site-packages/airflow/example_dags/example_external_task_marker_dag.py
[2024-05-13T15:30:32.539+0000] {processor.py:840} INFO - DAG(s) 'example_external_task_marker_child', 'example_external_task_marker_parent' retrieved from /home/airflow/.local/lib/python3.8/site-packages/airflow/example_dags/example_external_task_marker_dag.py
[2024-05-13T15:30:32.565+0000] {logging_mixin.py:188} INFO - [2024-05-13T15:30:32.565+0000] {dag.py:3047} INFO - Sync 2 DAGs
[2024-05-13T15:30:32.578+0000] {logging_mixin.py:188} INFO - [2024-05-13T15:30:32.578+0000] {dag.py:3834} INFO - Setting next_dagrun for example_external_task_marker_child to None, run_after=None
[2024-05-13T15:30:32.583+0000] {logging_mixin.py:188} INFO - [2024-05-13T15:30:32.582+0000] {dag.py:3834} INFO - Setting next_dagrun for example_external_task_marker_parent to None, run_after=None
[2024-05-13T15:30:32.601+0000] {processor.py:183} INFO - Processing /home/airflow/.local/lib/python3.8/site-packages/airflow/example_dags/example_external_task_marker_dag.py took 0.074 seconds
[2024-05-13T15:31:02.690+0000] {processor.py:161} INFO - Started process (PID=2203) to work on /home/airflow/.local/lib/python3.8/site-packages/airflow/example_dags/example_external_task_marker_dag.py
[2024-05-13T15:31:02.691+0000] {processor.py:830} INFO - Processing file /home/airflow/.local/lib/python3.8/site-packages/airflow/example_dags/example_external_task_marker_dag.py for tasks to queue
[2024-05-13T15:31:02.693+0000] {logging_mixin.py:188} INFO - [2024-05-13T15:31:02.692+0000] {dagbag.py:540} INFO - Filling up the DagBag from /home/airflow/.local/lib/python3.8/site-packages/airflow/example_dags/example_external_task_marker_dag.py
[2024-05-13T15:31:02.699+0000] {processor.py:840} INFO - DAG(s) 'example_external_task_marker_child', 'example_external_task_marker_parent' retrieved from /home/airflow/.local/lib/python3.8/site-packages/airflow/example_dags/example_external_task_marker_dag.py
[2024-05-13T15:31:02.721+0000] {logging_mixin.py:188} INFO - [2024-05-13T15:31:02.721+0000] {dag.py:3047} INFO - Sync 2 DAGs
[2024-05-13T15:31:02.734+0000] {logging_mixin.py:188} INFO - [2024-05-13T15:31:02.734+0000] {dag.py:3834} INFO - Setting next_dagrun for example_external_task_marker_child to None, run_after=None
[2024-05-13T15:31:02.738+0000] {logging_mixin.py:188} INFO - [2024-05-13T15:31:02.738+0000] {dag.py:3834} INFO - Setting next_dagrun for example_external_task_marker_parent to None, run_after=None
[2024-05-13T15:31:02.755+0000] {processor.py:183} INFO - Processing /home/airflow/.local/lib/python3.8/site-packages/airflow/example_dags/example_external_task_marker_dag.py took 0.069 seconds
[2024-05-13T15:31:32.847+0000] {processor.py:161} INFO - Started process (PID=2271) to work on /home/airflow/.local/lib/python3.8/site-packages/airflow/example_dags/example_external_task_marker_dag.py
[2024-05-13T15:31:32.848+0000] {processor.py:830} INFO - Processing file /home/airflow/.local/lib/python3.8/site-packages/airflow/example_dags/example_external_task_marker_dag.py for tasks to queue
[2024-05-13T15:31:32.849+0000] {logging_mixin.py:188} INFO - [2024-05-13T15:31:32.849+0000] {dagbag.py:540} INFO - Filling up the DagBag from /home/airflow/.local/lib/python3.8/site-packages/airflow/example_dags/example_external_task_marker_dag.py
[2024-05-13T15:31:32.855+0000] {processor.py:840} INFO - DAG(s) 'example_external_task_marker_parent', 'example_external_task_marker_child' retrieved from /home/airflow/.local/lib/python3.8/site-packages/airflow/example_dags/example_external_task_marker_dag.py
[2024-05-13T15:31:32.875+0000] {logging_mixin.py:188} INFO - [2024-05-13T15:31:32.875+0000] {dag.py:3047} INFO - Sync 2 DAGs
[2024-05-13T15:31:32.886+0000] {logging_mixin.py:188} INFO - [2024-05-13T15:31:32.885+0000] {dag.py:3834} INFO - Setting next_dagrun for example_external_task_marker_child to None, run_after=None
[2024-05-13T15:31:32.889+0000] {logging_mixin.py:188} INFO - [2024-05-13T15:31:32.889+0000] {dag.py:3834} INFO - Setting next_dagrun for example_external_task_marker_parent to None, run_after=None
[2024-05-13T15:31:32.906+0000] {processor.py:183} INFO - Processing /home/airflow/.local/lib/python3.8/site-packages/airflow/example_dags/example_external_task_marker_dag.py took 0.062 seconds
[2024-05-13T15:32:03.274+0000] {processor.py:161} INFO - Started process (PID=2339) to work on /home/airflow/.local/lib/python3.8/site-packages/airflow/example_dags/example_external_task_marker_dag.py
[2024-05-13T15:32:03.275+0000] {processor.py:830} INFO - Processing file /home/airflow/.local/lib/python3.8/site-packages/airflow/example_dags/example_external_task_marker_dag.py for tasks to queue
[2024-05-13T15:32:03.277+0000] {logging_mixin.py:188} INFO - [2024-05-13T15:32:03.277+0000] {dagbag.py:540} INFO - Filling up the DagBag from /home/airflow/.local/lib/python3.8/site-packages/airflow/example_dags/example_external_task_marker_dag.py
[2024-05-13T15:32:03.283+0000] {processor.py:840} INFO - DAG(s) 'example_external_task_marker_child', 'example_external_task_marker_parent' retrieved from /home/airflow/.local/lib/python3.8/site-packages/airflow/example_dags/example_external_task_marker_dag.py
[2024-05-13T15:32:03.307+0000] {logging_mixin.py:188} INFO - [2024-05-13T15:32:03.307+0000] {dag.py:3047} INFO - Sync 2 DAGs
[2024-05-13T15:32:03.318+0000] {logging_mixin.py:188} INFO - [2024-05-13T15:32:03.318+0000] {dag.py:3834} INFO - Setting next_dagrun for example_external_task_marker_child to None, run_after=None
[2024-05-13T15:32:03.322+0000] {logging_mixin.py:188} INFO - [2024-05-13T15:32:03.322+0000] {dag.py:3834} INFO - Setting next_dagrun for example_external_task_marker_parent to None, run_after=None
[2024-05-13T15:32:03.338+0000] {processor.py:183} INFO - Processing /home/airflow/.local/lib/python3.8/site-packages/airflow/example_dags/example_external_task_marker_dag.py took 0.067 seconds
[2024-05-13T15:32:33.941+0000] {processor.py:161} INFO - Started process (PID=2407) to work on /home/airflow/.local/lib/python3.8/site-packages/airflow/example_dags/example_external_task_marker_dag.py
[2024-05-13T15:32:33.942+0000] {processor.py:830} INFO - Processing file /home/airflow/.local/lib/python3.8/site-packages/airflow/example_dags/example_external_task_marker_dag.py for tasks to queue
[2024-05-13T15:32:33.944+0000] {logging_mixin.py:188} INFO - [2024-05-13T15:32:33.943+0000] {dagbag.py:540} INFO - Filling up the DagBag from /home/airflow/.local/lib/python3.8/site-packages/airflow/example_dags/example_external_task_marker_dag.py
[2024-05-13T15:32:33.950+0000] {processor.py:840} INFO - DAG(s) 'example_external_task_marker_child', 'example_external_task_marker_parent' retrieved from /home/airflow/.local/lib/python3.8/site-packages/airflow/example_dags/example_external_task_marker_dag.py
[2024-05-13T15:32:33.974+0000] {logging_mixin.py:188} INFO - [2024-05-13T15:32:33.974+0000] {dag.py:3047} INFO - Sync 2 DAGs
[2024-05-13T15:32:33.987+0000] {logging_mixin.py:188} INFO - [2024-05-13T15:32:33.987+0000] {dag.py:3834} INFO - Setting next_dagrun for example_external_task_marker_child to None, run_after=None
[2024-05-13T15:32:33.991+0000] {logging_mixin.py:188} INFO - [2024-05-13T15:32:33.991+0000] {dag.py:3834} INFO - Setting next_dagrun for example_external_task_marker_parent to None, run_after=None
[2024-05-13T15:32:34.010+0000] {processor.py:183} INFO - Processing /home/airflow/.local/lib/python3.8/site-packages/airflow/example_dags/example_external_task_marker_dag.py took 0.072 seconds
[2024-05-13T15:33:04.434+0000] {processor.py:161} INFO - Started process (PID=2475) to work on /home/airflow/.local/lib/python3.8/site-packages/airflow/example_dags/example_external_task_marker_dag.py
[2024-05-13T15:33:04.435+0000] {processor.py:830} INFO - Processing file /home/airflow/.local/lib/python3.8/site-packages/airflow/example_dags/example_external_task_marker_dag.py for tasks to queue
[2024-05-13T15:33:04.437+0000] {logging_mixin.py:188} INFO - [2024-05-13T15:33:04.436+0000] {dagbag.py:540} INFO - Filling up the DagBag from /home/airflow/.local/lib/python3.8/site-packages/airflow/example_dags/example_external_task_marker_dag.py
[2024-05-13T15:33:04.445+0000] {processor.py:840} INFO - DAG(s) 'example_external_task_marker_parent', 'example_external_task_marker_child' retrieved from /home/airflow/.local/lib/python3.8/site-packages/airflow/example_dags/example_external_task_marker_dag.py
[2024-05-13T15:33:04.469+0000] {logging_mixin.py:188} INFO - [2024-05-13T15:33:04.469+0000] {dag.py:3047} INFO - Sync 2 DAGs
[2024-05-13T15:33:04.482+0000] {logging_mixin.py:188} INFO - [2024-05-13T15:33:04.482+0000] {dag.py:3834} INFO - Setting next_dagrun for example_external_task_marker_child to None, run_after=None
[2024-05-13T15:33:04.487+0000] {logging_mixin.py:188} INFO - [2024-05-13T15:33:04.487+0000] {dag.py:3834} INFO - Setting next_dagrun for example_external_task_marker_parent to None, run_after=None
[2024-05-13T15:33:04.505+0000] {processor.py:183} INFO - Processing /home/airflow/.local/lib/python3.8/site-packages/airflow/example_dags/example_external_task_marker_dag.py took 0.075 seconds
[2024-05-13T15:33:35.248+0000] {processor.py:161} INFO - Started process (PID=2543) to work on /home/airflow/.local/lib/python3.8/site-packages/airflow/example_dags/example_external_task_marker_dag.py
[2024-05-13T15:33:35.249+0000] {processor.py:830} INFO - Processing file /home/airflow/.local/lib/python3.8/site-packages/airflow/example_dags/example_external_task_marker_dag.py for tasks to queue
[2024-05-13T15:33:35.251+0000] {logging_mixin.py:188} INFO - [2024-05-13T15:33:35.250+0000] {dagbag.py:540} INFO - Filling up the DagBag from /home/airflow/.local/lib/python3.8/site-packages/airflow/example_dags/example_external_task_marker_dag.py
[2024-05-13T15:33:35.256+0000] {processor.py:840} INFO - DAG(s) 'example_external_task_marker_child', 'example_external_task_marker_parent' retrieved from /home/airflow/.local/lib/python3.8/site-packages/airflow/example_dags/example_external_task_marker_dag.py
[2024-05-13T15:33:35.283+0000] {logging_mixin.py:188} INFO - [2024-05-13T15:33:35.282+0000] {dag.py:3047} INFO - Sync 2 DAGs
[2024-05-13T15:33:35.294+0000] {logging_mixin.py:188} INFO - [2024-05-13T15:33:35.294+0000] {dag.py:3834} INFO - Setting next_dagrun for example_external_task_marker_child to None, run_after=None
[2024-05-13T15:33:35.300+0000] {logging_mixin.py:188} INFO - [2024-05-13T15:33:35.300+0000] {dag.py:3834} INFO - Setting next_dagrun for example_external_task_marker_parent to None, run_after=None
[2024-05-13T15:33:35.320+0000] {processor.py:183} INFO - Processing /home/airflow/.local/lib/python3.8/site-packages/airflow/example_dags/example_external_task_marker_dag.py took 0.075 seconds
[2024-05-13T15:34:05.935+0000] {processor.py:161} INFO - Started process (PID=2611) to work on /home/airflow/.local/lib/python3.8/site-packages/airflow/example_dags/example_external_task_marker_dag.py
[2024-05-13T15:34:05.936+0000] {processor.py:830} INFO - Processing file /home/airflow/.local/lib/python3.8/site-packages/airflow/example_dags/example_external_task_marker_dag.py for tasks to queue
[2024-05-13T15:34:05.938+0000] {logging_mixin.py:188} INFO - [2024-05-13T15:34:05.938+0000] {dagbag.py:540} INFO - Filling up the DagBag from /home/airflow/.local/lib/python3.8/site-packages/airflow/example_dags/example_external_task_marker_dag.py
[2024-05-13T15:34:05.943+0000] {processor.py:840} INFO - DAG(s) 'example_external_task_marker_parent', 'example_external_task_marker_child' retrieved from /home/airflow/.local/lib/python3.8/site-packages/airflow/example_dags/example_external_task_marker_dag.py
[2024-05-13T15:34:05.966+0000] {logging_mixin.py:188} INFO - [2024-05-13T15:34:05.965+0000] {dag.py:3047} INFO - Sync 2 DAGs
[2024-05-13T15:34:05.977+0000] {logging_mixin.py:188} INFO - [2024-05-13T15:34:05.976+0000] {dag.py:3834} INFO - Setting next_dagrun for example_external_task_marker_child to None, run_after=None
[2024-05-13T15:34:05.981+0000] {logging_mixin.py:188} INFO - [2024-05-13T15:34:05.980+0000] {dag.py:3834} INFO - Setting next_dagrun for example_external_task_marker_parent to None, run_after=None
[2024-05-13T15:34:05.997+0000] {processor.py:183} INFO - Processing /home/airflow/.local/lib/python3.8/site-packages/airflow/example_dags/example_external_task_marker_dag.py took 0.064 seconds
[2024-05-13T15:34:36.426+0000] {processor.py:161} INFO - Started process (PID=2680) to work on /home/airflow/.local/lib/python3.8/site-packages/airflow/example_dags/example_external_task_marker_dag.py
[2024-05-13T15:34:36.427+0000] {processor.py:830} INFO - Processing file /home/airflow/.local/lib/python3.8/site-packages/airflow/example_dags/example_external_task_marker_dag.py for tasks to queue
[2024-05-13T15:34:36.429+0000] {logging_mixin.py:188} INFO - [2024-05-13T15:34:36.428+0000] {dagbag.py:540} INFO - Filling up the DagBag from /home/airflow/.local/lib/python3.8/site-packages/airflow/example_dags/example_external_task_marker_dag.py
[2024-05-13T15:34:36.434+0000] {processor.py:840} INFO - DAG(s) 'example_external_task_marker_child', 'example_external_task_marker_parent' retrieved from /home/airflow/.local/lib/python3.8/site-packages/airflow/example_dags/example_external_task_marker_dag.py
[2024-05-13T15:34:36.456+0000] {logging_mixin.py:188} INFO - [2024-05-13T15:34:36.456+0000] {dag.py:3047} INFO - Sync 2 DAGs
[2024-05-13T15:34:36.468+0000] {logging_mixin.py:188} INFO - [2024-05-13T15:34:36.467+0000] {dag.py:3834} INFO - Setting next_dagrun for example_external_task_marker_child to None, run_after=None
[2024-05-13T15:34:36.472+0000] {logging_mixin.py:188} INFO - [2024-05-13T15:34:36.471+0000] {dag.py:3834} INFO - Setting next_dagrun for example_external_task_marker_parent to None, run_after=None
[2024-05-13T15:34:36.487+0000] {processor.py:183} INFO - Processing /home/airflow/.local/lib/python3.8/site-packages/airflow/example_dags/example_external_task_marker_dag.py took 0.063 seconds
[2024-05-13T15:35:07.090+0000] {processor.py:161} INFO - Started process (PID=2748) to work on /home/airflow/.local/lib/python3.8/site-packages/airflow/example_dags/example_external_task_marker_dag.py
[2024-05-13T15:35:07.091+0000] {processor.py:830} INFO - Processing file /home/airflow/.local/lib/python3.8/site-packages/airflow/example_dags/example_external_task_marker_dag.py for tasks to queue
[2024-05-13T15:35:07.093+0000] {logging_mixin.py:188} INFO - [2024-05-13T15:35:07.092+0000] {dagbag.py:540} INFO - Filling up the DagBag from /home/airflow/.local/lib/python3.8/site-packages/airflow/example_dags/example_external_task_marker_dag.py
[2024-05-13T15:35:07.098+0000] {processor.py:840} INFO - DAG(s) 'example_external_task_marker_child', 'example_external_task_marker_parent' retrieved from /home/airflow/.local/lib/python3.8/site-packages/airflow/example_dags/example_external_task_marker_dag.py
[2024-05-13T15:35:07.120+0000] {logging_mixin.py:188} INFO - [2024-05-13T15:35:07.119+0000] {dag.py:3047} INFO - Sync 2 DAGs
[2024-05-13T15:35:07.132+0000] {logging_mixin.py:188} INFO - [2024-05-13T15:35:07.132+0000] {dag.py:3834} INFO - Setting next_dagrun for example_external_task_marker_child to None, run_after=None
[2024-05-13T15:35:07.136+0000] {logging_mixin.py:188} INFO - [2024-05-13T15:35:07.136+0000] {dag.py:3834} INFO - Setting next_dagrun for example_external_task_marker_parent to None, run_after=None
[2024-05-13T15:35:07.154+0000] {processor.py:183} INFO - Processing /home/airflow/.local/lib/python3.8/site-packages/airflow/example_dags/example_external_task_marker_dag.py took 0.067 seconds
[2024-05-13T15:35:37.654+0000] {processor.py:161} INFO - Started process (PID=2816) to work on /home/airflow/.local/lib/python3.8/site-packages/airflow/example_dags/example_external_task_marker_dag.py
[2024-05-13T15:35:37.655+0000] {processor.py:830} INFO - Processing file /home/airflow/.local/lib/python3.8/site-packages/airflow/example_dags/example_external_task_marker_dag.py for tasks to queue
[2024-05-13T15:35:37.657+0000] {logging_mixin.py:188} INFO - [2024-05-13T15:35:37.657+0000] {dagbag.py:540} INFO - Filling up the DagBag from /home/airflow/.local/lib/python3.8/site-packages/airflow/example_dags/example_external_task_marker_dag.py
[2024-05-13T15:35:37.663+0000] {processor.py:840} INFO - DAG(s) 'example_external_task_marker_child', 'example_external_task_marker_parent' retrieved from /home/airflow/.local/lib/python3.8/site-packages/airflow/example_dags/example_external_task_marker_dag.py
[2024-05-13T15:35:37.685+0000] {logging_mixin.py:188} INFO - [2024-05-13T15:35:37.684+0000] {dag.py:3047} INFO - Sync 2 DAGs
[2024-05-13T15:35:37.698+0000] {logging_mixin.py:188} INFO - [2024-05-13T15:35:37.698+0000] {dag.py:3834} INFO - Setting next_dagrun for example_external_task_marker_child to None, run_after=None
[2024-05-13T15:35:37.702+0000] {logging_mixin.py:188} INFO - [2024-05-13T15:35:37.701+0000] {dag.py:3834} INFO - Setting next_dagrun for example_external_task_marker_parent to None, run_after=None
[2024-05-13T15:35:37.718+0000] {processor.py:183} INFO - Processing /home/airflow/.local/lib/python3.8/site-packages/airflow/example_dags/example_external_task_marker_dag.py took 0.067 seconds
[2024-05-13T15:36:08.419+0000] {processor.py:161} INFO - Started process (PID=2884) to work on /home/airflow/.local/lib/python3.8/site-packages/airflow/example_dags/example_external_task_marker_dag.py
[2024-05-13T15:36:08.420+0000] {processor.py:830} INFO - Processing file /home/airflow/.local/lib/python3.8/site-packages/airflow/example_dags/example_external_task_marker_dag.py for tasks to queue
[2024-05-13T15:36:08.422+0000] {logging_mixin.py:188} INFO - [2024-05-13T15:36:08.422+0000] {dagbag.py:540} INFO - Filling up the DagBag from /home/airflow/.local/lib/python3.8/site-packages/airflow/example_dags/example_external_task_marker_dag.py
[2024-05-13T15:36:08.430+0000] {processor.py:840} INFO - DAG(s) 'example_external_task_marker_child', 'example_external_task_marker_parent' retrieved from /home/airflow/.local/lib/python3.8/site-packages/airflow/example_dags/example_external_task_marker_dag.py
[2024-05-13T15:36:08.459+0000] {logging_mixin.py:188} INFO - [2024-05-13T15:36:08.459+0000] {dag.py:3047} INFO - Sync 2 DAGs
[2024-05-13T15:36:08.474+0000] {logging_mixin.py:188} INFO - [2024-05-13T15:36:08.473+0000] {dag.py:3834} INFO - Setting next_dagrun for example_external_task_marker_child to None, run_after=None
[2024-05-13T15:36:08.480+0000] {logging_mixin.py:188} INFO - [2024-05-13T15:36:08.479+0000] {dag.py:3834} INFO - Setting next_dagrun for example_external_task_marker_parent to None, run_after=None
[2024-05-13T15:36:08.502+0000] {processor.py:183} INFO - Processing /home/airflow/.local/lib/python3.8/site-packages/airflow/example_dags/example_external_task_marker_dag.py took 0.085 seconds
[2024-05-13T15:36:39.505+0000] {processor.py:161} INFO - Started process (PID=2951) to work on /home/airflow/.local/lib/python3.8/site-packages/airflow/example_dags/example_external_task_marker_dag.py
[2024-05-13T15:36:39.506+0000] {processor.py:830} INFO - Processing file /home/airflow/.local/lib/python3.8/site-packages/airflow/example_dags/example_external_task_marker_dag.py for tasks to queue
[2024-05-13T15:36:39.508+0000] {logging_mixin.py:188} INFO - [2024-05-13T15:36:39.508+0000] {dagbag.py:540} INFO - Filling up the DagBag from /home/airflow/.local/lib/python3.8/site-packages/airflow/example_dags/example_external_task_marker_dag.py
[2024-05-13T15:36:39.515+0000] {processor.py:840} INFO - DAG(s) 'example_external_task_marker_parent', 'example_external_task_marker_child' retrieved from /home/airflow/.local/lib/python3.8/site-packages/airflow/example_dags/example_external_task_marker_dag.py
[2024-05-13T15:36:39.543+0000] {logging_mixin.py:188} INFO - [2024-05-13T15:36:39.543+0000] {dag.py:3047} INFO - Sync 2 DAGs
[2024-05-13T15:36:39.557+0000] {logging_mixin.py:188} INFO - [2024-05-13T15:36:39.556+0000] {dag.py:3834} INFO - Setting next_dagrun for example_external_task_marker_child to None, run_after=None
[2024-05-13T15:36:39.561+0000] {logging_mixin.py:188} INFO - [2024-05-13T15:36:39.560+0000] {dag.py:3834} INFO - Setting next_dagrun for example_external_task_marker_parent to None, run_after=None
[2024-05-13T15:36:39.586+0000] {processor.py:183} INFO - Processing /home/airflow/.local/lib/python3.8/site-packages/airflow/example_dags/example_external_task_marker_dag.py took 0.084 seconds
[2024-05-13T15:37:10.482+0000] {processor.py:161} INFO - Started process (PID=3019) to work on /home/airflow/.local/lib/python3.8/site-packages/airflow/example_dags/example_external_task_marker_dag.py
[2024-05-13T15:37:10.486+0000] {processor.py:830} INFO - Processing file /home/airflow/.local/lib/python3.8/site-packages/airflow/example_dags/example_external_task_marker_dag.py for tasks to queue
[2024-05-13T15:37:10.490+0000] {logging_mixin.py:188} INFO - [2024-05-13T15:37:10.489+0000] {dagbag.py:540} INFO - Filling up the DagBag from /home/airflow/.local/lib/python3.8/site-packages/airflow/example_dags/example_external_task_marker_dag.py
[2024-05-13T15:37:10.497+0000] {processor.py:840} INFO - DAG(s) 'example_external_task_marker_parent', 'example_external_task_marker_child' retrieved from /home/airflow/.local/lib/python3.8/site-packages/airflow/example_dags/example_external_task_marker_dag.py
[2024-05-13T15:37:10.519+0000] {logging_mixin.py:188} INFO - [2024-05-13T15:37:10.518+0000] {dag.py:3047} INFO - Sync 2 DAGs
[2024-05-13T15:37:10.530+0000] {logging_mixin.py:188} INFO - [2024-05-13T15:37:10.529+0000] {dag.py:3834} INFO - Setting next_dagrun for example_external_task_marker_child to None, run_after=None
[2024-05-13T15:37:10.533+0000] {logging_mixin.py:188} INFO - [2024-05-13T15:37:10.533+0000] {dag.py:3834} INFO - Setting next_dagrun for example_external_task_marker_parent to None, run_after=None
[2024-05-13T15:37:10.549+0000] {processor.py:183} INFO - Processing /home/airflow/.local/lib/python3.8/site-packages/airflow/example_dags/example_external_task_marker_dag.py took 0.070 seconds
[2024-05-13T15:37:40.767+0000] {processor.py:161} INFO - Started process (PID=3075) to work on /home/airflow/.local/lib/python3.8/site-packages/airflow/example_dags/example_external_task_marker_dag.py
[2024-05-13T15:37:40.768+0000] {processor.py:830} INFO - Processing file /home/airflow/.local/lib/python3.8/site-packages/airflow/example_dags/example_external_task_marker_dag.py for tasks to queue
[2024-05-13T15:37:40.770+0000] {logging_mixin.py:188} INFO - [2024-05-13T15:37:40.770+0000] {dagbag.py:540} INFO - Filling up the DagBag from /home/airflow/.local/lib/python3.8/site-packages/airflow/example_dags/example_external_task_marker_dag.py
[2024-05-13T15:37:40.776+0000] {processor.py:840} INFO - DAG(s) 'example_external_task_marker_child', 'example_external_task_marker_parent' retrieved from /home/airflow/.local/lib/python3.8/site-packages/airflow/example_dags/example_external_task_marker_dag.py
[2024-05-13T15:37:40.800+0000] {logging_mixin.py:188} INFO - [2024-05-13T15:37:40.799+0000] {dag.py:3047} INFO - Sync 2 DAGs
[2024-05-13T15:37:40.812+0000] {logging_mixin.py:188} INFO - [2024-05-13T15:37:40.812+0000] {dag.py:3834} INFO - Setting next_dagrun for example_external_task_marker_child to None, run_after=None
[2024-05-13T15:37:40.816+0000] {logging_mixin.py:188} INFO - [2024-05-13T15:37:40.815+0000] {dag.py:3834} INFO - Setting next_dagrun for example_external_task_marker_parent to None, run_after=None
[2024-05-13T15:37:40.835+0000] {processor.py:183} INFO - Processing /home/airflow/.local/lib/python3.8/site-packages/airflow/example_dags/example_external_task_marker_dag.py took 0.071 seconds
[2024-05-13T15:38:11.315+0000] {processor.py:161} INFO - Started process (PID=3143) to work on /home/airflow/.local/lib/python3.8/site-packages/airflow/example_dags/example_external_task_marker_dag.py
[2024-05-13T15:38:11.316+0000] {processor.py:830} INFO - Processing file /home/airflow/.local/lib/python3.8/site-packages/airflow/example_dags/example_external_task_marker_dag.py for tasks to queue
[2024-05-13T15:38:11.318+0000] {logging_mixin.py:188} INFO - [2024-05-13T15:38:11.318+0000] {dagbag.py:540} INFO - Filling up the DagBag from /home/airflow/.local/lib/python3.8/site-packages/airflow/example_dags/example_external_task_marker_dag.py
[2024-05-13T15:38:11.326+0000] {processor.py:840} INFO - DAG(s) 'example_external_task_marker_parent', 'example_external_task_marker_child' retrieved from /home/airflow/.local/lib/python3.8/site-packages/airflow/example_dags/example_external_task_marker_dag.py
[2024-05-13T15:38:11.347+0000] {logging_mixin.py:188} INFO - [2024-05-13T15:38:11.346+0000] {dag.py:3047} INFO - Sync 2 DAGs
[2024-05-13T15:38:11.360+0000] {logging_mixin.py:188} INFO - [2024-05-13T15:38:11.360+0000] {dag.py:3834} INFO - Setting next_dagrun for example_external_task_marker_child to None, run_after=None
[2024-05-13T15:38:11.364+0000] {logging_mixin.py:188} INFO - [2024-05-13T15:38:11.364+0000] {dag.py:3834} INFO - Setting next_dagrun for example_external_task_marker_parent to None, run_after=None
[2024-05-13T15:38:11.381+0000] {processor.py:183} INFO - Processing /home/airflow/.local/lib/python3.8/site-packages/airflow/example_dags/example_external_task_marker_dag.py took 0.068 seconds
[2024-05-13T15:38:41.971+0000] {processor.py:161} INFO - Started process (PID=3211) to work on /home/airflow/.local/lib/python3.8/site-packages/airflow/example_dags/example_external_task_marker_dag.py
[2024-05-13T15:38:41.972+0000] {processor.py:830} INFO - Processing file /home/airflow/.local/lib/python3.8/site-packages/airflow/example_dags/example_external_task_marker_dag.py for tasks to queue
[2024-05-13T15:38:41.974+0000] {logging_mixin.py:188} INFO - [2024-05-13T15:38:41.974+0000] {dagbag.py:540} INFO - Filling up the DagBag from /home/airflow/.local/lib/python3.8/site-packages/airflow/example_dags/example_external_task_marker_dag.py
[2024-05-13T15:38:41.981+0000] {processor.py:840} INFO - DAG(s) 'example_external_task_marker_parent', 'example_external_task_marker_child' retrieved from /home/airflow/.local/lib/python3.8/site-packages/airflow/example_dags/example_external_task_marker_dag.py
[2024-05-13T15:38:42.009+0000] {logging_mixin.py:188} INFO - [2024-05-13T15:38:42.008+0000] {dag.py:3047} INFO - Sync 2 DAGs
[2024-05-13T15:38:42.024+0000] {logging_mixin.py:188} INFO - [2024-05-13T15:38:42.023+0000] {dag.py:3834} INFO - Setting next_dagrun for example_external_task_marker_child to None, run_after=None
[2024-05-13T15:38:42.032+0000] {logging_mixin.py:188} INFO - [2024-05-13T15:38:42.032+0000] {dag.py:3834} INFO - Setting next_dagrun for example_external_task_marker_parent to None, run_after=None
[2024-05-13T15:38:42.058+0000] {processor.py:183} INFO - Processing /home/airflow/.local/lib/python3.8/site-packages/airflow/example_dags/example_external_task_marker_dag.py took 0.090 seconds
[2024-05-13T15:39:13.051+0000] {processor.py:161} INFO - Started process (PID=3279) to work on /home/airflow/.local/lib/python3.8/site-packages/airflow/example_dags/example_external_task_marker_dag.py
[2024-05-13T15:39:13.052+0000] {processor.py:830} INFO - Processing file /home/airflow/.local/lib/python3.8/site-packages/airflow/example_dags/example_external_task_marker_dag.py for tasks to queue
[2024-05-13T15:39:13.056+0000] {logging_mixin.py:188} INFO - [2024-05-13T15:39:13.056+0000] {dagbag.py:540} INFO - Filling up the DagBag from /home/airflow/.local/lib/python3.8/site-packages/airflow/example_dags/example_external_task_marker_dag.py
[2024-05-13T15:39:13.064+0000] {processor.py:840} INFO - DAG(s) 'example_external_task_marker_child', 'example_external_task_marker_parent' retrieved from /home/airflow/.local/lib/python3.8/site-packages/airflow/example_dags/example_external_task_marker_dag.py
[2024-05-13T15:39:13.096+0000] {logging_mixin.py:188} INFO - [2024-05-13T15:39:13.096+0000] {dag.py:3047} INFO - Sync 2 DAGs
[2024-05-13T15:39:13.114+0000] {logging_mixin.py:188} INFO - [2024-05-13T15:39:13.113+0000] {dag.py:3834} INFO - Setting next_dagrun for example_external_task_marker_child to None, run_after=None
[2024-05-13T15:39:13.120+0000] {logging_mixin.py:188} INFO - [2024-05-13T15:39:13.119+0000] {dag.py:3834} INFO - Setting next_dagrun for example_external_task_marker_parent to None, run_after=None
[2024-05-13T15:39:13.150+0000] {processor.py:183} INFO - Processing /home/airflow/.local/lib/python3.8/site-packages/airflow/example_dags/example_external_task_marker_dag.py took 0.105 seconds
[2024-05-13T15:39:43.478+0000] {processor.py:161} INFO - Started process (PID=3347) to work on /home/airflow/.local/lib/python3.8/site-packages/airflow/example_dags/example_external_task_marker_dag.py
[2024-05-13T15:39:43.480+0000] {processor.py:830} INFO - Processing file /home/airflow/.local/lib/python3.8/site-packages/airflow/example_dags/example_external_task_marker_dag.py for tasks to queue
[2024-05-13T15:39:43.481+0000] {logging_mixin.py:188} INFO - [2024-05-13T15:39:43.481+0000] {dagbag.py:540} INFO - Filling up the DagBag from /home/airflow/.local/lib/python3.8/site-packages/airflow/example_dags/example_external_task_marker_dag.py
[2024-05-13T15:39:43.488+0000] {processor.py:840} INFO - DAG(s) 'example_external_task_marker_child', 'example_external_task_marker_parent' retrieved from /home/airflow/.local/lib/python3.8/site-packages/airflow/example_dags/example_external_task_marker_dag.py
[2024-05-13T15:39:43.512+0000] {logging_mixin.py:188} INFO - [2024-05-13T15:39:43.511+0000] {dag.py:3047} INFO - Sync 2 DAGs
[2024-05-13T15:39:43.524+0000] {logging_mixin.py:188} INFO - [2024-05-13T15:39:43.524+0000] {dag.py:3834} INFO - Setting next_dagrun for example_external_task_marker_child to None, run_after=None
[2024-05-13T15:39:43.529+0000] {logging_mixin.py:188} INFO - [2024-05-13T15:39:43.528+0000] {dag.py:3834} INFO - Setting next_dagrun for example_external_task_marker_parent to None, run_after=None
[2024-05-13T15:39:43.679+0000] {processor.py:183} INFO - Processing /home/airflow/.local/lib/python3.8/site-packages/airflow/example_dags/example_external_task_marker_dag.py took 0.204 seconds
[2024-05-13T15:40:14.247+0000] {processor.py:161} INFO - Started process (PID=3415) to work on /home/airflow/.local/lib/python3.8/site-packages/airflow/example_dags/example_external_task_marker_dag.py
[2024-05-13T15:40:14.248+0000] {processor.py:830} INFO - Processing file /home/airflow/.local/lib/python3.8/site-packages/airflow/example_dags/example_external_task_marker_dag.py for tasks to queue
[2024-05-13T15:40:14.250+0000] {logging_mixin.py:188} INFO - [2024-05-13T15:40:14.250+0000] {dagbag.py:540} INFO - Filling up the DagBag from /home/airflow/.local/lib/python3.8/site-packages/airflow/example_dags/example_external_task_marker_dag.py
[2024-05-13T15:40:14.255+0000] {processor.py:840} INFO - DAG(s) 'example_external_task_marker_child', 'example_external_task_marker_parent' retrieved from /home/airflow/.local/lib/python3.8/site-packages/airflow/example_dags/example_external_task_marker_dag.py
[2024-05-13T15:40:14.274+0000] {logging_mixin.py:188} INFO - [2024-05-13T15:40:14.274+0000] {dag.py:3047} INFO - Sync 2 DAGs
[2024-05-13T15:40:14.285+0000] {logging_mixin.py:188} INFO - [2024-05-13T15:40:14.285+0000] {dag.py:3834} INFO - Setting next_dagrun for example_external_task_marker_child to None, run_after=None
[2024-05-13T15:40:14.289+0000] {logging_mixin.py:188} INFO - [2024-05-13T15:40:14.289+0000] {dag.py:3834} INFO - Setting next_dagrun for example_external_task_marker_parent to None, run_after=None
[2024-05-13T15:40:14.309+0000] {processor.py:183} INFO - Processing /home/airflow/.local/lib/python3.8/site-packages/airflow/example_dags/example_external_task_marker_dag.py took 0.064 seconds
[2024-05-13T15:40:44.433+0000] {processor.py:161} INFO - Started process (PID=3483) to work on /home/airflow/.local/lib/python3.8/site-packages/airflow/example_dags/example_external_task_marker_dag.py
[2024-05-13T15:40:44.434+0000] {processor.py:830} INFO - Processing file /home/airflow/.local/lib/python3.8/site-packages/airflow/example_dags/example_external_task_marker_dag.py for tasks to queue
[2024-05-13T15:40:44.437+0000] {logging_mixin.py:188} INFO - [2024-05-13T15:40:44.436+0000] {dagbag.py:540} INFO - Filling up the DagBag from /home/airflow/.local/lib/python3.8/site-packages/airflow/example_dags/example_external_task_marker_dag.py
[2024-05-13T15:40:44.448+0000] {processor.py:840} INFO - DAG(s) 'example_external_task_marker_parent', 'example_external_task_marker_child' retrieved from /home/airflow/.local/lib/python3.8/site-packages/airflow/example_dags/example_external_task_marker_dag.py
[2024-05-13T15:40:44.482+0000] {logging_mixin.py:188} INFO - [2024-05-13T15:40:44.482+0000] {dag.py:3047} INFO - Sync 2 DAGs
[2024-05-13T15:40:44.497+0000] {logging_mixin.py:188} INFO - [2024-05-13T15:40:44.497+0000] {dag.py:3834} INFO - Setting next_dagrun for example_external_task_marker_child to None, run_after=None
[2024-05-13T15:40:44.502+0000] {logging_mixin.py:188} INFO - [2024-05-13T15:40:44.502+0000] {dag.py:3834} INFO - Setting next_dagrun for example_external_task_marker_parent to None, run_after=None
[2024-05-13T15:40:44.525+0000] {processor.py:183} INFO - Processing /home/airflow/.local/lib/python3.8/site-packages/airflow/example_dags/example_external_task_marker_dag.py took 0.098 seconds
[2024-05-13T15:41:14.650+0000] {processor.py:161} INFO - Started process (PID=3551) to work on /home/airflow/.local/lib/python3.8/site-packages/airflow/example_dags/example_external_task_marker_dag.py
[2024-05-13T15:41:14.651+0000] {processor.py:830} INFO - Processing file /home/airflow/.local/lib/python3.8/site-packages/airflow/example_dags/example_external_task_marker_dag.py for tasks to queue
[2024-05-13T15:41:14.654+0000] {logging_mixin.py:188} INFO - [2024-05-13T15:41:14.653+0000] {dagbag.py:540} INFO - Filling up the DagBag from /home/airflow/.local/lib/python3.8/site-packages/airflow/example_dags/example_external_task_marker_dag.py
[2024-05-13T15:41:14.659+0000] {processor.py:840} INFO - DAG(s) 'example_external_task_marker_parent', 'example_external_task_marker_child' retrieved from /home/airflow/.local/lib/python3.8/site-packages/airflow/example_dags/example_external_task_marker_dag.py
[2024-05-13T15:41:14.683+0000] {logging_mixin.py:188} INFO - [2024-05-13T15:41:14.683+0000] {dag.py:3047} INFO - Sync 2 DAGs
[2024-05-13T15:41:14.694+0000] {logging_mixin.py:188} INFO - [2024-05-13T15:41:14.694+0000] {dag.py:3834} INFO - Setting next_dagrun for example_external_task_marker_child to None, run_after=None
[2024-05-13T15:41:14.698+0000] {logging_mixin.py:188} INFO - [2024-05-13T15:41:14.698+0000] {dag.py:3834} INFO - Setting next_dagrun for example_external_task_marker_parent to None, run_after=None
[2024-05-13T15:41:14.716+0000] {processor.py:183} INFO - Processing /home/airflow/.local/lib/python3.8/site-packages/airflow/example_dags/example_external_task_marker_dag.py took 0.069 seconds
[2024-05-13T15:41:45.214+0000] {processor.py:161} INFO - Started process (PID=3619) to work on /home/airflow/.local/lib/python3.8/site-packages/airflow/example_dags/example_external_task_marker_dag.py
[2024-05-13T15:41:45.215+0000] {processor.py:830} INFO - Processing file /home/airflow/.local/lib/python3.8/site-packages/airflow/example_dags/example_external_task_marker_dag.py for tasks to queue
[2024-05-13T15:41:45.217+0000] {logging_mixin.py:188} INFO - [2024-05-13T15:41:45.217+0000] {dagbag.py:540} INFO - Filling up the DagBag from /home/airflow/.local/lib/python3.8/site-packages/airflow/example_dags/example_external_task_marker_dag.py
[2024-05-13T15:41:45.224+0000] {processor.py:840} INFO - DAG(s) 'example_external_task_marker_child', 'example_external_task_marker_parent' retrieved from /home/airflow/.local/lib/python3.8/site-packages/airflow/example_dags/example_external_task_marker_dag.py
[2024-05-13T15:41:45.245+0000] {logging_mixin.py:188} INFO - [2024-05-13T15:41:45.244+0000] {dag.py:3047} INFO - Sync 2 DAGs
[2024-05-13T15:41:45.256+0000] {logging_mixin.py:188} INFO - [2024-05-13T15:41:45.256+0000] {dag.py:3834} INFO - Setting next_dagrun for example_external_task_marker_child to None, run_after=None
[2024-05-13T15:41:45.263+0000] {logging_mixin.py:188} INFO - [2024-05-13T15:41:45.263+0000] {dag.py:3834} INFO - Setting next_dagrun for example_external_task_marker_parent to None, run_after=None
[2024-05-13T15:41:45.285+0000] {processor.py:183} INFO - Processing /home/airflow/.local/lib/python3.8/site-packages/airflow/example_dags/example_external_task_marker_dag.py took 0.074 seconds
[2024-05-13T15:42:15.913+0000] {processor.py:161} INFO - Started process (PID=3687) to work on /home/airflow/.local/lib/python3.8/site-packages/airflow/example_dags/example_external_task_marker_dag.py
[2024-05-13T15:42:15.914+0000] {processor.py:830} INFO - Processing file /home/airflow/.local/lib/python3.8/site-packages/airflow/example_dags/example_external_task_marker_dag.py for tasks to queue
[2024-05-13T15:42:15.916+0000] {logging_mixin.py:188} INFO - [2024-05-13T15:42:15.916+0000] {dagbag.py:540} INFO - Filling up the DagBag from /home/airflow/.local/lib/python3.8/site-packages/airflow/example_dags/example_external_task_marker_dag.py
[2024-05-13T15:42:15.923+0000] {processor.py:840} INFO - DAG(s) 'example_external_task_marker_child', 'example_external_task_marker_parent' retrieved from /home/airflow/.local/lib/python3.8/site-packages/airflow/example_dags/example_external_task_marker_dag.py
[2024-05-13T15:42:16.068+0000] {logging_mixin.py:188} INFO - [2024-05-13T15:42:16.068+0000] {dag.py:3047} INFO - Sync 2 DAGs
[2024-05-13T15:42:16.085+0000] {logging_mixin.py:188} INFO - [2024-05-13T15:42:16.085+0000] {dag.py:3834} INFO - Setting next_dagrun for example_external_task_marker_child to None, run_after=None
[2024-05-13T15:42:16.091+0000] {logging_mixin.py:188} INFO - [2024-05-13T15:42:16.091+0000] {dag.py:3834} INFO - Setting next_dagrun for example_external_task_marker_parent to None, run_after=None
[2024-05-13T15:42:16.114+0000] {processor.py:183} INFO - Processing /home/airflow/.local/lib/python3.8/site-packages/airflow/example_dags/example_external_task_marker_dag.py took 0.206 seconds
[2024-05-13T15:42:46.214+0000] {processor.py:161} INFO - Started process (PID=3755) to work on /home/airflow/.local/lib/python3.8/site-packages/airflow/example_dags/example_external_task_marker_dag.py
[2024-05-13T15:42:46.215+0000] {processor.py:830} INFO - Processing file /home/airflow/.local/lib/python3.8/site-packages/airflow/example_dags/example_external_task_marker_dag.py for tasks to queue
[2024-05-13T15:42:46.216+0000] {logging_mixin.py:188} INFO - [2024-05-13T15:42:46.216+0000] {dagbag.py:540} INFO - Filling up the DagBag from /home/airflow/.local/lib/python3.8/site-packages/airflow/example_dags/example_external_task_marker_dag.py
[2024-05-13T15:42:46.223+0000] {processor.py:840} INFO - DAG(s) 'example_external_task_marker_parent', 'example_external_task_marker_child' retrieved from /home/airflow/.local/lib/python3.8/site-packages/airflow/example_dags/example_external_task_marker_dag.py
[2024-05-13T15:42:46.247+0000] {logging_mixin.py:188} INFO - [2024-05-13T15:42:46.247+0000] {dag.py:3047} INFO - Sync 2 DAGs
[2024-05-13T15:42:46.260+0000] {logging_mixin.py:188} INFO - [2024-05-13T15:42:46.260+0000] {dag.py:3834} INFO - Setting next_dagrun for example_external_task_marker_child to None, run_after=None
[2024-05-13T15:42:46.265+0000] {logging_mixin.py:188} INFO - [2024-05-13T15:42:46.264+0000] {dag.py:3834} INFO - Setting next_dagrun for example_external_task_marker_parent to None, run_after=None
[2024-05-13T15:42:46.283+0000] {processor.py:183} INFO - Processing /home/airflow/.local/lib/python3.8/site-packages/airflow/example_dags/example_external_task_marker_dag.py took 0.073 seconds
[2024-05-13T15:43:17.092+0000] {processor.py:161} INFO - Started process (PID=3829) to work on /home/airflow/.local/lib/python3.8/site-packages/airflow/example_dags/example_external_task_marker_dag.py
[2024-05-13T15:43:17.093+0000] {processor.py:830} INFO - Processing file /home/airflow/.local/lib/python3.8/site-packages/airflow/example_dags/example_external_task_marker_dag.py for tasks to queue
[2024-05-13T15:43:17.095+0000] {logging_mixin.py:188} INFO - [2024-05-13T15:43:17.094+0000] {dagbag.py:540} INFO - Filling up the DagBag from /home/airflow/.local/lib/python3.8/site-packages/airflow/example_dags/example_external_task_marker_dag.py
[2024-05-13T15:43:17.100+0000] {processor.py:840} INFO - DAG(s) 'example_external_task_marker_child', 'example_external_task_marker_parent' retrieved from /home/airflow/.local/lib/python3.8/site-packages/airflow/example_dags/example_external_task_marker_dag.py
[2024-05-13T15:43:17.128+0000] {logging_mixin.py:188} INFO - [2024-05-13T15:43:17.127+0000] {dag.py:3047} INFO - Sync 2 DAGs
[2024-05-13T15:43:17.141+0000] {logging_mixin.py:188} INFO - [2024-05-13T15:43:17.141+0000] {dag.py:3834} INFO - Setting next_dagrun for example_external_task_marker_child to None, run_after=None
[2024-05-13T15:43:17.145+0000] {logging_mixin.py:188} INFO - [2024-05-13T15:43:17.145+0000] {dag.py:3834} INFO - Setting next_dagrun for example_external_task_marker_parent to None, run_after=None
[2024-05-13T15:43:17.166+0000] {processor.py:183} INFO - Processing /home/airflow/.local/lib/python3.8/site-packages/airflow/example_dags/example_external_task_marker_dag.py took 0.077 seconds
[2024-05-13T15:43:47.571+0000] {processor.py:161} INFO - Started process (PID=3897) to work on /home/airflow/.local/lib/python3.8/site-packages/airflow/example_dags/example_external_task_marker_dag.py
[2024-05-13T15:43:47.572+0000] {processor.py:830} INFO - Processing file /home/airflow/.local/lib/python3.8/site-packages/airflow/example_dags/example_external_task_marker_dag.py for tasks to queue
[2024-05-13T15:43:47.574+0000] {logging_mixin.py:188} INFO - [2024-05-13T15:43:47.574+0000] {dagbag.py:540} INFO - Filling up the DagBag from /home/airflow/.local/lib/python3.8/site-packages/airflow/example_dags/example_external_task_marker_dag.py
[2024-05-13T15:43:47.581+0000] {processor.py:840} INFO - DAG(s) 'example_external_task_marker_parent', 'example_external_task_marker_child' retrieved from /home/airflow/.local/lib/python3.8/site-packages/airflow/example_dags/example_external_task_marker_dag.py
[2024-05-13T15:43:47.607+0000] {logging_mixin.py:188} INFO - [2024-05-13T15:43:47.606+0000] {dag.py:3047} INFO - Sync 2 DAGs
[2024-05-13T15:43:47.620+0000] {logging_mixin.py:188} INFO - [2024-05-13T15:43:47.620+0000] {dag.py:3834} INFO - Setting next_dagrun for example_external_task_marker_child to None, run_after=None
[2024-05-13T15:43:47.625+0000] {logging_mixin.py:188} INFO - [2024-05-13T15:43:47.624+0000] {dag.py:3834} INFO - Setting next_dagrun for example_external_task_marker_parent to None, run_after=None
[2024-05-13T15:43:47.642+0000] {processor.py:183} INFO - Processing /home/airflow/.local/lib/python3.8/site-packages/airflow/example_dags/example_external_task_marker_dag.py took 0.075 seconds
[2024-05-13T15:44:17.927+0000] {processor.py:161} INFO - Started process (PID=3965) to work on /home/airflow/.local/lib/python3.8/site-packages/airflow/example_dags/example_external_task_marker_dag.py
[2024-05-13T15:44:17.929+0000] {processor.py:830} INFO - Processing file /home/airflow/.local/lib/python3.8/site-packages/airflow/example_dags/example_external_task_marker_dag.py for tasks to queue
[2024-05-13T15:44:17.930+0000] {logging_mixin.py:188} INFO - [2024-05-13T15:44:17.930+0000] {dagbag.py:540} INFO - Filling up the DagBag from /home/airflow/.local/lib/python3.8/site-packages/airflow/example_dags/example_external_task_marker_dag.py
[2024-05-13T15:44:17.936+0000] {processor.py:840} INFO - DAG(s) 'example_external_task_marker_child', 'example_external_task_marker_parent' retrieved from /home/airflow/.local/lib/python3.8/site-packages/airflow/example_dags/example_external_task_marker_dag.py
[2024-05-13T15:44:17.958+0000] {logging_mixin.py:188} INFO - [2024-05-13T15:44:17.958+0000] {dag.py:3047} INFO - Sync 2 DAGs
[2024-05-13T15:44:17.970+0000] {logging_mixin.py:188} INFO - [2024-05-13T15:44:17.970+0000] {dag.py:3834} INFO - Setting next_dagrun for example_external_task_marker_child to None, run_after=None
[2024-05-13T15:44:17.974+0000] {logging_mixin.py:188} INFO - [2024-05-13T15:44:17.974+0000] {dag.py:3834} INFO - Setting next_dagrun for example_external_task_marker_parent to None, run_after=None
[2024-05-13T15:44:17.992+0000] {processor.py:183} INFO - Processing /home/airflow/.local/lib/python3.8/site-packages/airflow/example_dags/example_external_task_marker_dag.py took 0.068 seconds
