[2024-05-13T15:15:21.895+0000] {processor.py:161} INFO - Started process (PID=111) to work on /home/airflow/.local/lib/python3.8/site-packages/airflow/example_dags/example_sensors.py
[2024-05-13T15:15:21.896+0000] {processor.py:830} INFO - Processing file /home/airflow/.local/lib/python3.8/site-packages/airflow/example_dags/example_sensors.py for tasks to queue
[2024-05-13T15:15:21.899+0000] {logging_mixin.py:188} INFO - [2024-05-13T15:15:21.899+0000] {dagbag.py:540} INFO - Filling up the DagBag from /home/airflow/.local/lib/python3.8/site-packages/airflow/example_dags/example_sensors.py
[2024-05-13T15:15:21.924+0000] {processor.py:840} INFO - DAG(s) 'example_sensors' retrieved from /home/airflow/.local/lib/python3.8/site-packages/airflow/example_dags/example_sensors.py
[2024-05-13T15:15:22.064+0000] {logging_mixin.py:188} INFO - [2024-05-13T15:15:22.063+0000] {override.py:1769} INFO - Created Permission View: can delete on DAG:example_sensors
[2024-05-13T15:15:22.083+0000] {logging_mixin.py:188} INFO - [2024-05-13T15:15:22.082+0000] {override.py:1769} INFO - Created Permission View: can edit on DAG:example_sensors
[2024-05-13T15:15:22.093+0000] {logging_mixin.py:188} INFO - [2024-05-13T15:15:22.092+0000] {override.py:1769} INFO - Created Permission View: can read on DAG:example_sensors
[2024-05-13T15:15:22.094+0000] {logging_mixin.py:188} INFO - [2024-05-13T15:15:22.094+0000] {dag.py:3047} INFO - Sync 1 DAGs
[2024-05-13T15:15:22.106+0000] {logging_mixin.py:188} INFO - [2024-05-13T15:15:22.105+0000] {dag.py:3069} INFO - Creating ORM DAG for example_sensors
[2024-05-13T15:15:22.107+0000] {logging_mixin.py:188} INFO - [2024-05-13T15:15:22.107+0000] {dag.py:3834} INFO - Setting next_dagrun for example_sensors to None, run_after=None
[2024-05-13T15:15:22.129+0000] {processor.py:183} INFO - Processing /home/airflow/.local/lib/python3.8/site-packages/airflow/example_dags/example_sensors.py took 0.237 seconds
[2024-05-13T15:15:52.790+0000] {processor.py:161} INFO - Started process (PID=179) to work on /home/airflow/.local/lib/python3.8/site-packages/airflow/example_dags/example_sensors.py
[2024-05-13T15:15:52.792+0000] {processor.py:830} INFO - Processing file /home/airflow/.local/lib/python3.8/site-packages/airflow/example_dags/example_sensors.py for tasks to queue
[2024-05-13T15:15:52.794+0000] {logging_mixin.py:188} INFO - [2024-05-13T15:15:52.794+0000] {dagbag.py:540} INFO - Filling up the DagBag from /home/airflow/.local/lib/python3.8/site-packages/airflow/example_dags/example_sensors.py
[2024-05-13T15:15:52.804+0000] {processor.py:840} INFO - DAG(s) 'example_sensors' retrieved from /home/airflow/.local/lib/python3.8/site-packages/airflow/example_dags/example_sensors.py
[2024-05-13T15:15:52.831+0000] {logging_mixin.py:188} INFO - [2024-05-13T15:15:52.831+0000] {dag.py:3047} INFO - Sync 1 DAGs
[2024-05-13T15:15:52.847+0000] {logging_mixin.py:188} INFO - [2024-05-13T15:15:52.847+0000] {dag.py:3834} INFO - Setting next_dagrun for example_sensors to None, run_after=None
[2024-05-13T15:15:52.874+0000] {processor.py:183} INFO - Processing /home/airflow/.local/lib/python3.8/site-packages/airflow/example_dags/example_sensors.py took 0.089 seconds
[2024-05-13T15:16:23.550+0000] {processor.py:161} INFO - Started process (PID=247) to work on /home/airflow/.local/lib/python3.8/site-packages/airflow/example_dags/example_sensors.py
[2024-05-13T15:16:23.551+0000] {processor.py:830} INFO - Processing file /home/airflow/.local/lib/python3.8/site-packages/airflow/example_dags/example_sensors.py for tasks to queue
[2024-05-13T15:16:23.553+0000] {logging_mixin.py:188} INFO - [2024-05-13T15:16:23.553+0000] {dagbag.py:540} INFO - Filling up the DagBag from /home/airflow/.local/lib/python3.8/site-packages/airflow/example_dags/example_sensors.py
[2024-05-13T15:16:23.562+0000] {processor.py:840} INFO - DAG(s) 'example_sensors' retrieved from /home/airflow/.local/lib/python3.8/site-packages/airflow/example_dags/example_sensors.py
[2024-05-13T15:16:23.586+0000] {logging_mixin.py:188} INFO - [2024-05-13T15:16:23.586+0000] {dag.py:3047} INFO - Sync 1 DAGs
[2024-05-13T15:16:23.598+0000] {logging_mixin.py:188} INFO - [2024-05-13T15:16:23.597+0000] {dag.py:3834} INFO - Setting next_dagrun for example_sensors to None, run_after=None
[2024-05-13T15:16:23.621+0000] {processor.py:183} INFO - Processing /home/airflow/.local/lib/python3.8/site-packages/airflow/example_dags/example_sensors.py took 0.074 seconds
[2024-05-13T15:16:53.783+0000] {processor.py:161} INFO - Started process (PID=315) to work on /home/airflow/.local/lib/python3.8/site-packages/airflow/example_dags/example_sensors.py
[2024-05-13T15:16:53.784+0000] {processor.py:830} INFO - Processing file /home/airflow/.local/lib/python3.8/site-packages/airflow/example_dags/example_sensors.py for tasks to queue
[2024-05-13T15:16:53.786+0000] {logging_mixin.py:188} INFO - [2024-05-13T15:16:53.786+0000] {dagbag.py:540} INFO - Filling up the DagBag from /home/airflow/.local/lib/python3.8/site-packages/airflow/example_dags/example_sensors.py
[2024-05-13T15:16:53.794+0000] {processor.py:840} INFO - DAG(s) 'example_sensors' retrieved from /home/airflow/.local/lib/python3.8/site-packages/airflow/example_dags/example_sensors.py
[2024-05-13T15:16:53.820+0000] {logging_mixin.py:188} INFO - [2024-05-13T15:16:53.820+0000] {dag.py:3047} INFO - Sync 1 DAGs
[2024-05-13T15:16:53.834+0000] {logging_mixin.py:188} INFO - [2024-05-13T15:16:53.834+0000] {dag.py:3834} INFO - Setting next_dagrun for example_sensors to None, run_after=None
[2024-05-13T15:16:53.857+0000] {processor.py:183} INFO - Processing /home/airflow/.local/lib/python3.8/site-packages/airflow/example_dags/example_sensors.py took 0.078 seconds
[2024-05-13T15:17:23.919+0000] {processor.py:161} INFO - Started process (PID=383) to work on /home/airflow/.local/lib/python3.8/site-packages/airflow/example_dags/example_sensors.py
[2024-05-13T15:17:23.920+0000] {processor.py:830} INFO - Processing file /home/airflow/.local/lib/python3.8/site-packages/airflow/example_dags/example_sensors.py for tasks to queue
[2024-05-13T15:17:23.921+0000] {logging_mixin.py:188} INFO - [2024-05-13T15:17:23.921+0000] {dagbag.py:540} INFO - Filling up the DagBag from /home/airflow/.local/lib/python3.8/site-packages/airflow/example_dags/example_sensors.py
[2024-05-13T15:17:23.929+0000] {processor.py:840} INFO - DAG(s) 'example_sensors' retrieved from /home/airflow/.local/lib/python3.8/site-packages/airflow/example_dags/example_sensors.py
[2024-05-13T15:17:23.953+0000] {logging_mixin.py:188} INFO - [2024-05-13T15:17:23.952+0000] {dag.py:3047} INFO - Sync 1 DAGs
[2024-05-13T15:17:23.964+0000] {logging_mixin.py:188} INFO - [2024-05-13T15:17:23.963+0000] {dag.py:3834} INFO - Setting next_dagrun for example_sensors to None, run_after=None
[2024-05-13T15:17:23.984+0000] {processor.py:183} INFO - Processing /home/airflow/.local/lib/python3.8/site-packages/airflow/example_dags/example_sensors.py took 0.068 seconds
[2024-05-13T15:17:54.342+0000] {processor.py:161} INFO - Started process (PID=451) to work on /home/airflow/.local/lib/python3.8/site-packages/airflow/example_dags/example_sensors.py
[2024-05-13T15:17:54.343+0000] {processor.py:830} INFO - Processing file /home/airflow/.local/lib/python3.8/site-packages/airflow/example_dags/example_sensors.py for tasks to queue
[2024-05-13T15:17:54.345+0000] {logging_mixin.py:188} INFO - [2024-05-13T15:17:54.345+0000] {dagbag.py:540} INFO - Filling up the DagBag from /home/airflow/.local/lib/python3.8/site-packages/airflow/example_dags/example_sensors.py
[2024-05-13T15:17:54.353+0000] {processor.py:840} INFO - DAG(s) 'example_sensors' retrieved from /home/airflow/.local/lib/python3.8/site-packages/airflow/example_dags/example_sensors.py
[2024-05-13T15:17:54.379+0000] {logging_mixin.py:188} INFO - [2024-05-13T15:17:54.379+0000] {dag.py:3047} INFO - Sync 1 DAGs
[2024-05-13T15:17:54.390+0000] {logging_mixin.py:188} INFO - [2024-05-13T15:17:54.389+0000] {dag.py:3834} INFO - Setting next_dagrun for example_sensors to None, run_after=None
[2024-05-13T15:17:54.409+0000] {processor.py:183} INFO - Processing /home/airflow/.local/lib/python3.8/site-packages/airflow/example_dags/example_sensors.py took 0.070 seconds
[2024-05-13T15:18:24.476+0000] {processor.py:161} INFO - Started process (PID=506) to work on /home/airflow/.local/lib/python3.8/site-packages/airflow/example_dags/example_sensors.py
[2024-05-13T15:18:24.477+0000] {processor.py:830} INFO - Processing file /home/airflow/.local/lib/python3.8/site-packages/airflow/example_dags/example_sensors.py for tasks to queue
[2024-05-13T15:18:24.479+0000] {logging_mixin.py:188} INFO - [2024-05-13T15:18:24.479+0000] {dagbag.py:540} INFO - Filling up the DagBag from /home/airflow/.local/lib/python3.8/site-packages/airflow/example_dags/example_sensors.py
[2024-05-13T15:18:24.490+0000] {processor.py:840} INFO - DAG(s) 'example_sensors' retrieved from /home/airflow/.local/lib/python3.8/site-packages/airflow/example_dags/example_sensors.py
[2024-05-13T15:18:24.517+0000] {logging_mixin.py:188} INFO - [2024-05-13T15:18:24.516+0000] {dag.py:3047} INFO - Sync 1 DAGs
[2024-05-13T15:18:24.531+0000] {logging_mixin.py:188} INFO - [2024-05-13T15:18:24.531+0000] {dag.py:3834} INFO - Setting next_dagrun for example_sensors to None, run_after=None
[2024-05-13T15:18:24.558+0000] {processor.py:183} INFO - Processing /home/airflow/.local/lib/python3.8/site-packages/airflow/example_dags/example_sensors.py took 0.086 seconds
[2024-05-13T15:18:55.199+0000] {processor.py:161} INFO - Started process (PID=574) to work on /home/airflow/.local/lib/python3.8/site-packages/airflow/example_dags/example_sensors.py
[2024-05-13T15:18:55.200+0000] {processor.py:830} INFO - Processing file /home/airflow/.local/lib/python3.8/site-packages/airflow/example_dags/example_sensors.py for tasks to queue
[2024-05-13T15:18:55.202+0000] {logging_mixin.py:188} INFO - [2024-05-13T15:18:55.202+0000] {dagbag.py:540} INFO - Filling up the DagBag from /home/airflow/.local/lib/python3.8/site-packages/airflow/example_dags/example_sensors.py
[2024-05-13T15:18:55.210+0000] {processor.py:840} INFO - DAG(s) 'example_sensors' retrieved from /home/airflow/.local/lib/python3.8/site-packages/airflow/example_dags/example_sensors.py
[2024-05-13T15:18:55.235+0000] {logging_mixin.py:188} INFO - [2024-05-13T15:18:55.235+0000] {dag.py:3047} INFO - Sync 1 DAGs
[2024-05-13T15:18:55.247+0000] {logging_mixin.py:188} INFO - [2024-05-13T15:18:55.247+0000] {dag.py:3834} INFO - Setting next_dagrun for example_sensors to None, run_after=None
[2024-05-13T15:18:55.266+0000] {processor.py:183} INFO - Processing /home/airflow/.local/lib/python3.8/site-packages/airflow/example_dags/example_sensors.py took 0.069 seconds
[2024-05-13T15:19:25.442+0000] {processor.py:161} INFO - Started process (PID=642) to work on /home/airflow/.local/lib/python3.8/site-packages/airflow/example_dags/example_sensors.py
[2024-05-13T15:19:25.450+0000] {processor.py:830} INFO - Processing file /home/airflow/.local/lib/python3.8/site-packages/airflow/example_dags/example_sensors.py for tasks to queue
[2024-05-13T15:19:25.453+0000] {logging_mixin.py:188} INFO - [2024-05-13T15:19:25.452+0000] {dagbag.py:540} INFO - Filling up the DagBag from /home/airflow/.local/lib/python3.8/site-packages/airflow/example_dags/example_sensors.py
[2024-05-13T15:19:25.477+0000] {processor.py:840} INFO - DAG(s) 'example_sensors' retrieved from /home/airflow/.local/lib/python3.8/site-packages/airflow/example_dags/example_sensors.py
[2024-05-13T15:19:25.532+0000] {logging_mixin.py:188} INFO - [2024-05-13T15:19:25.531+0000] {dag.py:3047} INFO - Sync 1 DAGs
[2024-05-13T15:19:25.557+0000] {logging_mixin.py:188} INFO - [2024-05-13T15:19:25.557+0000] {dag.py:3834} INFO - Setting next_dagrun for example_sensors to None, run_after=None
[2024-05-13T15:19:25.594+0000] {processor.py:183} INFO - Processing /home/airflow/.local/lib/python3.8/site-packages/airflow/example_dags/example_sensors.py took 0.158 seconds
[2024-05-13T15:19:55.621+0000] {processor.py:161} INFO - Started process (PID=710) to work on /home/airflow/.local/lib/python3.8/site-packages/airflow/example_dags/example_sensors.py
[2024-05-13T15:19:55.622+0000] {processor.py:830} INFO - Processing file /home/airflow/.local/lib/python3.8/site-packages/airflow/example_dags/example_sensors.py for tasks to queue
[2024-05-13T15:19:55.624+0000] {logging_mixin.py:188} INFO - [2024-05-13T15:19:55.623+0000] {dagbag.py:540} INFO - Filling up the DagBag from /home/airflow/.local/lib/python3.8/site-packages/airflow/example_dags/example_sensors.py
[2024-05-13T15:19:55.634+0000] {processor.py:840} INFO - DAG(s) 'example_sensors' retrieved from /home/airflow/.local/lib/python3.8/site-packages/airflow/example_dags/example_sensors.py
[2024-05-13T15:19:55.662+0000] {logging_mixin.py:188} INFO - [2024-05-13T15:19:55.662+0000] {dag.py:3047} INFO - Sync 1 DAGs
[2024-05-13T15:19:55.673+0000] {logging_mixin.py:188} INFO - [2024-05-13T15:19:55.673+0000] {dag.py:3834} INFO - Setting next_dagrun for example_sensors to None, run_after=None
[2024-05-13T15:19:55.694+0000] {processor.py:183} INFO - Processing /home/airflow/.local/lib/python3.8/site-packages/airflow/example_dags/example_sensors.py took 0.076 seconds
[2024-05-13T15:20:26.140+0000] {processor.py:161} INFO - Started process (PID=778) to work on /home/airflow/.local/lib/python3.8/site-packages/airflow/example_dags/example_sensors.py
[2024-05-13T15:20:26.142+0000] {processor.py:830} INFO - Processing file /home/airflow/.local/lib/python3.8/site-packages/airflow/example_dags/example_sensors.py for tasks to queue
[2024-05-13T15:20:26.145+0000] {logging_mixin.py:188} INFO - [2024-05-13T15:20:26.144+0000] {dagbag.py:540} INFO - Filling up the DagBag from /home/airflow/.local/lib/python3.8/site-packages/airflow/example_dags/example_sensors.py
[2024-05-13T15:20:26.155+0000] {processor.py:840} INFO - DAG(s) 'example_sensors' retrieved from /home/airflow/.local/lib/python3.8/site-packages/airflow/example_dags/example_sensors.py
[2024-05-13T15:20:26.183+0000] {logging_mixin.py:188} INFO - [2024-05-13T15:20:26.182+0000] {dag.py:3047} INFO - Sync 1 DAGs
[2024-05-13T15:20:26.197+0000] {logging_mixin.py:188} INFO - [2024-05-13T15:20:26.196+0000] {dag.py:3834} INFO - Setting next_dagrun for example_sensors to None, run_after=None
[2024-05-13T15:20:26.222+0000] {processor.py:183} INFO - Processing /home/airflow/.local/lib/python3.8/site-packages/airflow/example_dags/example_sensors.py took 0.085 seconds
[2024-05-13T15:20:56.421+0000] {processor.py:161} INFO - Started process (PID=850) to work on /home/airflow/.local/lib/python3.8/site-packages/airflow/example_dags/example_sensors.py
[2024-05-13T15:20:56.422+0000] {processor.py:830} INFO - Processing file /home/airflow/.local/lib/python3.8/site-packages/airflow/example_dags/example_sensors.py for tasks to queue
[2024-05-13T15:20:56.424+0000] {logging_mixin.py:188} INFO - [2024-05-13T15:20:56.424+0000] {dagbag.py:540} INFO - Filling up the DagBag from /home/airflow/.local/lib/python3.8/site-packages/airflow/example_dags/example_sensors.py
[2024-05-13T15:20:56.433+0000] {processor.py:840} INFO - DAG(s) 'example_sensors' retrieved from /home/airflow/.local/lib/python3.8/site-packages/airflow/example_dags/example_sensors.py
[2024-05-13T15:20:56.457+0000] {logging_mixin.py:188} INFO - [2024-05-13T15:20:56.456+0000] {dag.py:3047} INFO - Sync 1 DAGs
[2024-05-13T15:20:56.469+0000] {logging_mixin.py:188} INFO - [2024-05-13T15:20:56.469+0000] {dag.py:3834} INFO - Setting next_dagrun for example_sensors to None, run_after=None
[2024-05-13T15:20:56.490+0000] {processor.py:183} INFO - Processing /home/airflow/.local/lib/python3.8/site-packages/airflow/example_dags/example_sensors.py took 0.071 seconds
[2024-05-13T15:21:26.630+0000] {processor.py:161} INFO - Started process (PID=918) to work on /home/airflow/.local/lib/python3.8/site-packages/airflow/example_dags/example_sensors.py
[2024-05-13T15:21:26.631+0000] {processor.py:830} INFO - Processing file /home/airflow/.local/lib/python3.8/site-packages/airflow/example_dags/example_sensors.py for tasks to queue
[2024-05-13T15:21:26.632+0000] {logging_mixin.py:188} INFO - [2024-05-13T15:21:26.632+0000] {dagbag.py:540} INFO - Filling up the DagBag from /home/airflow/.local/lib/python3.8/site-packages/airflow/example_dags/example_sensors.py
[2024-05-13T15:21:26.640+0000] {processor.py:840} INFO - DAG(s) 'example_sensors' retrieved from /home/airflow/.local/lib/python3.8/site-packages/airflow/example_dags/example_sensors.py
[2024-05-13T15:21:26.667+0000] {logging_mixin.py:188} INFO - [2024-05-13T15:21:26.666+0000] {dag.py:3047} INFO - Sync 1 DAGs
[2024-05-13T15:21:26.679+0000] {logging_mixin.py:188} INFO - [2024-05-13T15:21:26.679+0000] {dag.py:3834} INFO - Setting next_dagrun for example_sensors to None, run_after=None
[2024-05-13T15:21:26.696+0000] {processor.py:183} INFO - Processing /home/airflow/.local/lib/python3.8/site-packages/airflow/example_dags/example_sensors.py took 0.070 seconds
[2024-05-13T15:21:57.003+0000] {processor.py:161} INFO - Started process (PID=986) to work on /home/airflow/.local/lib/python3.8/site-packages/airflow/example_dags/example_sensors.py
[2024-05-13T15:21:57.004+0000] {processor.py:830} INFO - Processing file /home/airflow/.local/lib/python3.8/site-packages/airflow/example_dags/example_sensors.py for tasks to queue
[2024-05-13T15:21:57.007+0000] {logging_mixin.py:188} INFO - [2024-05-13T15:21:57.006+0000] {dagbag.py:540} INFO - Filling up the DagBag from /home/airflow/.local/lib/python3.8/site-packages/airflow/example_dags/example_sensors.py
[2024-05-13T15:21:57.017+0000] {processor.py:840} INFO - DAG(s) 'example_sensors' retrieved from /home/airflow/.local/lib/python3.8/site-packages/airflow/example_dags/example_sensors.py
[2024-05-13T15:21:57.047+0000] {logging_mixin.py:188} INFO - [2024-05-13T15:21:57.047+0000] {dag.py:3047} INFO - Sync 1 DAGs
[2024-05-13T15:21:57.065+0000] {logging_mixin.py:188} INFO - [2024-05-13T15:21:57.065+0000] {dag.py:3834} INFO - Setting next_dagrun for example_sensors to None, run_after=None
[2024-05-13T15:21:57.088+0000] {processor.py:183} INFO - Processing /home/airflow/.local/lib/python3.8/site-packages/airflow/example_dags/example_sensors.py took 0.089 seconds
[2024-05-13T15:22:27.978+0000] {processor.py:161} INFO - Started process (PID=1054) to work on /home/airflow/.local/lib/python3.8/site-packages/airflow/example_dags/example_sensors.py
[2024-05-13T15:22:27.980+0000] {processor.py:830} INFO - Processing file /home/airflow/.local/lib/python3.8/site-packages/airflow/example_dags/example_sensors.py for tasks to queue
[2024-05-13T15:22:27.982+0000] {logging_mixin.py:188} INFO - [2024-05-13T15:22:27.981+0000] {dagbag.py:540} INFO - Filling up the DagBag from /home/airflow/.local/lib/python3.8/site-packages/airflow/example_dags/example_sensors.py
[2024-05-13T15:22:27.992+0000] {processor.py:840} INFO - DAG(s) 'example_sensors' retrieved from /home/airflow/.local/lib/python3.8/site-packages/airflow/example_dags/example_sensors.py
[2024-05-13T15:22:28.024+0000] {logging_mixin.py:188} INFO - [2024-05-13T15:22:28.023+0000] {dag.py:3047} INFO - Sync 1 DAGs
[2024-05-13T15:22:28.040+0000] {logging_mixin.py:188} INFO - [2024-05-13T15:22:28.040+0000] {dag.py:3834} INFO - Setting next_dagrun for example_sensors to None, run_after=None
[2024-05-13T15:22:28.064+0000] {processor.py:183} INFO - Processing /home/airflow/.local/lib/python3.8/site-packages/airflow/example_dags/example_sensors.py took 0.089 seconds
[2024-05-13T15:22:58.315+0000] {processor.py:161} INFO - Started process (PID=1123) to work on /home/airflow/.local/lib/python3.8/site-packages/airflow/example_dags/example_sensors.py
[2024-05-13T15:22:58.316+0000] {processor.py:830} INFO - Processing file /home/airflow/.local/lib/python3.8/site-packages/airflow/example_dags/example_sensors.py for tasks to queue
[2024-05-13T15:22:58.318+0000] {logging_mixin.py:188} INFO - [2024-05-13T15:22:58.318+0000] {dagbag.py:540} INFO - Filling up the DagBag from /home/airflow/.local/lib/python3.8/site-packages/airflow/example_dags/example_sensors.py
[2024-05-13T15:22:58.329+0000] {processor.py:840} INFO - DAG(s) 'example_sensors' retrieved from /home/airflow/.local/lib/python3.8/site-packages/airflow/example_dags/example_sensors.py
[2024-05-13T15:22:58.354+0000] {logging_mixin.py:188} INFO - [2024-05-13T15:22:58.354+0000] {dag.py:3047} INFO - Sync 1 DAGs
[2024-05-13T15:22:58.367+0000] {logging_mixin.py:188} INFO - [2024-05-13T15:22:58.367+0000] {dag.py:3834} INFO - Setting next_dagrun for example_sensors to None, run_after=None
[2024-05-13T15:22:58.390+0000] {processor.py:183} INFO - Processing /home/airflow/.local/lib/python3.8/site-packages/airflow/example_dags/example_sensors.py took 0.078 seconds
[2024-05-13T15:23:28.720+0000] {processor.py:161} INFO - Started process (PID=1191) to work on /home/airflow/.local/lib/python3.8/site-packages/airflow/example_dags/example_sensors.py
[2024-05-13T15:23:28.721+0000] {processor.py:830} INFO - Processing file /home/airflow/.local/lib/python3.8/site-packages/airflow/example_dags/example_sensors.py for tasks to queue
[2024-05-13T15:23:28.723+0000] {logging_mixin.py:188} INFO - [2024-05-13T15:23:28.723+0000] {dagbag.py:540} INFO - Filling up the DagBag from /home/airflow/.local/lib/python3.8/site-packages/airflow/example_dags/example_sensors.py
[2024-05-13T15:23:28.736+0000] {processor.py:840} INFO - DAG(s) 'example_sensors' retrieved from /home/airflow/.local/lib/python3.8/site-packages/airflow/example_dags/example_sensors.py
[2024-05-13T15:23:28.762+0000] {logging_mixin.py:188} INFO - [2024-05-13T15:23:28.762+0000] {dag.py:3047} INFO - Sync 1 DAGs
[2024-05-13T15:23:28.777+0000] {logging_mixin.py:188} INFO - [2024-05-13T15:23:28.777+0000] {dag.py:3834} INFO - Setting next_dagrun for example_sensors to None, run_after=None
[2024-05-13T15:23:28.800+0000] {processor.py:183} INFO - Processing /home/airflow/.local/lib/python3.8/site-packages/airflow/example_dags/example_sensors.py took 0.084 seconds
[2024-05-13T15:23:59.552+0000] {processor.py:161} INFO - Started process (PID=1259) to work on /home/airflow/.local/lib/python3.8/site-packages/airflow/example_dags/example_sensors.py
[2024-05-13T15:23:59.555+0000] {processor.py:830} INFO - Processing file /home/airflow/.local/lib/python3.8/site-packages/airflow/example_dags/example_sensors.py for tasks to queue
[2024-05-13T15:23:59.558+0000] {logging_mixin.py:188} INFO - [2024-05-13T15:23:59.557+0000] {dagbag.py:540} INFO - Filling up the DagBag from /home/airflow/.local/lib/python3.8/site-packages/airflow/example_dags/example_sensors.py
[2024-05-13T15:23:59.569+0000] {processor.py:840} INFO - DAG(s) 'example_sensors' retrieved from /home/airflow/.local/lib/python3.8/site-packages/airflow/example_dags/example_sensors.py
[2024-05-13T15:23:59.601+0000] {logging_mixin.py:188} INFO - [2024-05-13T15:23:59.600+0000] {dag.py:3047} INFO - Sync 1 DAGs
[2024-05-13T15:23:59.617+0000] {logging_mixin.py:188} INFO - [2024-05-13T15:23:59.616+0000] {dag.py:3834} INFO - Setting next_dagrun for example_sensors to None, run_after=None
[2024-05-13T15:23:59.642+0000] {processor.py:183} INFO - Processing /home/airflow/.local/lib/python3.8/site-packages/airflow/example_dags/example_sensors.py took 0.094 seconds
[2024-05-13T15:24:29.720+0000] {processor.py:161} INFO - Started process (PID=1327) to work on /home/airflow/.local/lib/python3.8/site-packages/airflow/example_dags/example_sensors.py
[2024-05-13T15:24:29.721+0000] {processor.py:830} INFO - Processing file /home/airflow/.local/lib/python3.8/site-packages/airflow/example_dags/example_sensors.py for tasks to queue
[2024-05-13T15:24:29.722+0000] {logging_mixin.py:188} INFO - [2024-05-13T15:24:29.722+0000] {dagbag.py:540} INFO - Filling up the DagBag from /home/airflow/.local/lib/python3.8/site-packages/airflow/example_dags/example_sensors.py
[2024-05-13T15:24:29.730+0000] {processor.py:840} INFO - DAG(s) 'example_sensors' retrieved from /home/airflow/.local/lib/python3.8/site-packages/airflow/example_dags/example_sensors.py
[2024-05-13T15:24:29.753+0000] {logging_mixin.py:188} INFO - [2024-05-13T15:24:29.753+0000] {dag.py:3047} INFO - Sync 1 DAGs
[2024-05-13T15:24:29.764+0000] {logging_mixin.py:188} INFO - [2024-05-13T15:24:29.764+0000] {dag.py:3834} INFO - Setting next_dagrun for example_sensors to None, run_after=None
[2024-05-13T15:24:29.781+0000] {processor.py:183} INFO - Processing /home/airflow/.local/lib/python3.8/site-packages/airflow/example_dags/example_sensors.py took 0.064 seconds
[2024-05-13T15:24:59.892+0000] {processor.py:161} INFO - Started process (PID=1395) to work on /home/airflow/.local/lib/python3.8/site-packages/airflow/example_dags/example_sensors.py
[2024-05-13T15:24:59.893+0000] {processor.py:830} INFO - Processing file /home/airflow/.local/lib/python3.8/site-packages/airflow/example_dags/example_sensors.py for tasks to queue
[2024-05-13T15:24:59.896+0000] {logging_mixin.py:188} INFO - [2024-05-13T15:24:59.895+0000] {dagbag.py:540} INFO - Filling up the DagBag from /home/airflow/.local/lib/python3.8/site-packages/airflow/example_dags/example_sensors.py
[2024-05-13T15:24:59.908+0000] {processor.py:840} INFO - DAG(s) 'example_sensors' retrieved from /home/airflow/.local/lib/python3.8/site-packages/airflow/example_dags/example_sensors.py
[2024-05-13T15:24:59.938+0000] {logging_mixin.py:188} INFO - [2024-05-13T15:24:59.938+0000] {dag.py:3047} INFO - Sync 1 DAGs
[2024-05-13T15:24:59.952+0000] {logging_mixin.py:188} INFO - [2024-05-13T15:24:59.952+0000] {dag.py:3834} INFO - Setting next_dagrun for example_sensors to None, run_after=None
[2024-05-13T15:24:59.983+0000] {processor.py:183} INFO - Processing /home/airflow/.local/lib/python3.8/site-packages/airflow/example_dags/example_sensors.py took 0.094 seconds
[2024-05-13T15:25:30.132+0000] {processor.py:161} INFO - Started process (PID=1464) to work on /home/airflow/.local/lib/python3.8/site-packages/airflow/example_dags/example_sensors.py
[2024-05-13T15:25:30.133+0000] {processor.py:830} INFO - Processing file /home/airflow/.local/lib/python3.8/site-packages/airflow/example_dags/example_sensors.py for tasks to queue
[2024-05-13T15:25:30.135+0000] {logging_mixin.py:188} INFO - [2024-05-13T15:25:30.135+0000] {dagbag.py:540} INFO - Filling up the DagBag from /home/airflow/.local/lib/python3.8/site-packages/airflow/example_dags/example_sensors.py
[2024-05-13T15:25:30.144+0000] {processor.py:840} INFO - DAG(s) 'example_sensors' retrieved from /home/airflow/.local/lib/python3.8/site-packages/airflow/example_dags/example_sensors.py
[2024-05-13T15:25:30.167+0000] {logging_mixin.py:188} INFO - [2024-05-13T15:25:30.167+0000] {dag.py:3047} INFO - Sync 1 DAGs
[2024-05-13T15:25:30.179+0000] {logging_mixin.py:188} INFO - [2024-05-13T15:25:30.178+0000] {dag.py:3834} INFO - Setting next_dagrun for example_sensors to None, run_after=None
[2024-05-13T15:25:30.196+0000] {processor.py:183} INFO - Processing /home/airflow/.local/lib/python3.8/site-packages/airflow/example_dags/example_sensors.py took 0.067 seconds
[2024-05-13T15:26:00.504+0000] {processor.py:161} INFO - Started process (PID=1532) to work on /home/airflow/.local/lib/python3.8/site-packages/airflow/example_dags/example_sensors.py
[2024-05-13T15:26:00.505+0000] {processor.py:830} INFO - Processing file /home/airflow/.local/lib/python3.8/site-packages/airflow/example_dags/example_sensors.py for tasks to queue
[2024-05-13T15:26:00.508+0000] {logging_mixin.py:188} INFO - [2024-05-13T15:26:00.507+0000] {dagbag.py:540} INFO - Filling up the DagBag from /home/airflow/.local/lib/python3.8/site-packages/airflow/example_dags/example_sensors.py
[2024-05-13T15:26:00.516+0000] {processor.py:840} INFO - DAG(s) 'example_sensors' retrieved from /home/airflow/.local/lib/python3.8/site-packages/airflow/example_dags/example_sensors.py
[2024-05-13T15:26:00.539+0000] {logging_mixin.py:188} INFO - [2024-05-13T15:26:00.539+0000] {dag.py:3047} INFO - Sync 1 DAGs
[2024-05-13T15:26:00.550+0000] {logging_mixin.py:188} INFO - [2024-05-13T15:26:00.550+0000] {dag.py:3834} INFO - Setting next_dagrun for example_sensors to None, run_after=None
[2024-05-13T15:26:00.567+0000] {processor.py:183} INFO - Processing /home/airflow/.local/lib/python3.8/site-packages/airflow/example_dags/example_sensors.py took 0.066 seconds
[2024-05-13T15:26:30.799+0000] {processor.py:161} INFO - Started process (PID=1600) to work on /home/airflow/.local/lib/python3.8/site-packages/airflow/example_dags/example_sensors.py
[2024-05-13T15:26:30.800+0000] {processor.py:830} INFO - Processing file /home/airflow/.local/lib/python3.8/site-packages/airflow/example_dags/example_sensors.py for tasks to queue
[2024-05-13T15:26:30.802+0000] {logging_mixin.py:188} INFO - [2024-05-13T15:26:30.802+0000] {dagbag.py:540} INFO - Filling up the DagBag from /home/airflow/.local/lib/python3.8/site-packages/airflow/example_dags/example_sensors.py
[2024-05-13T15:26:30.811+0000] {processor.py:840} INFO - DAG(s) 'example_sensors' retrieved from /home/airflow/.local/lib/python3.8/site-packages/airflow/example_dags/example_sensors.py
[2024-05-13T15:26:30.835+0000] {logging_mixin.py:188} INFO - [2024-05-13T15:26:30.835+0000] {dag.py:3047} INFO - Sync 1 DAGs
[2024-05-13T15:26:30.847+0000] {logging_mixin.py:188} INFO - [2024-05-13T15:26:30.846+0000] {dag.py:3834} INFO - Setting next_dagrun for example_sensors to None, run_after=None
[2024-05-13T15:26:30.865+0000] {processor.py:183} INFO - Processing /home/airflow/.local/lib/python3.8/site-packages/airflow/example_dags/example_sensors.py took 0.070 seconds
[2024-05-13T15:27:01.212+0000] {processor.py:161} INFO - Started process (PID=1668) to work on /home/airflow/.local/lib/python3.8/site-packages/airflow/example_dags/example_sensors.py
[2024-05-13T15:27:01.213+0000] {processor.py:830} INFO - Processing file /home/airflow/.local/lib/python3.8/site-packages/airflow/example_dags/example_sensors.py for tasks to queue
[2024-05-13T15:27:01.215+0000] {logging_mixin.py:188} INFO - [2024-05-13T15:27:01.215+0000] {dagbag.py:540} INFO - Filling up the DagBag from /home/airflow/.local/lib/python3.8/site-packages/airflow/example_dags/example_sensors.py
[2024-05-13T15:27:01.223+0000] {processor.py:840} INFO - DAG(s) 'example_sensors' retrieved from /home/airflow/.local/lib/python3.8/site-packages/airflow/example_dags/example_sensors.py
[2024-05-13T15:27:01.245+0000] {logging_mixin.py:188} INFO - [2024-05-13T15:27:01.245+0000] {dag.py:3047} INFO - Sync 1 DAGs
[2024-05-13T15:27:01.257+0000] {logging_mixin.py:188} INFO - [2024-05-13T15:27:01.256+0000] {dag.py:3834} INFO - Setting next_dagrun for example_sensors to None, run_after=None
[2024-05-13T15:27:01.275+0000] {processor.py:183} INFO - Processing /home/airflow/.local/lib/python3.8/site-packages/airflow/example_dags/example_sensors.py took 0.066 seconds
[2024-05-13T15:27:31.881+0000] {processor.py:161} INFO - Started process (PID=1736) to work on /home/airflow/.local/lib/python3.8/site-packages/airflow/example_dags/example_sensors.py
[2024-05-13T15:27:31.883+0000] {processor.py:830} INFO - Processing file /home/airflow/.local/lib/python3.8/site-packages/airflow/example_dags/example_sensors.py for tasks to queue
[2024-05-13T15:27:31.885+0000] {logging_mixin.py:188} INFO - [2024-05-13T15:27:31.884+0000] {dagbag.py:540} INFO - Filling up the DagBag from /home/airflow/.local/lib/python3.8/site-packages/airflow/example_dags/example_sensors.py
[2024-05-13T15:27:31.895+0000] {processor.py:840} INFO - DAG(s) 'example_sensors' retrieved from /home/airflow/.local/lib/python3.8/site-packages/airflow/example_dags/example_sensors.py
[2024-05-13T15:27:31.920+0000] {logging_mixin.py:188} INFO - [2024-05-13T15:27:31.920+0000] {dag.py:3047} INFO - Sync 1 DAGs
[2024-05-13T15:27:31.937+0000] {logging_mixin.py:188} INFO - [2024-05-13T15:27:31.937+0000] {dag.py:3834} INFO - Setting next_dagrun for example_sensors to None, run_after=None
[2024-05-13T15:27:31.960+0000] {processor.py:183} INFO - Processing /home/airflow/.local/lib/python3.8/site-packages/airflow/example_dags/example_sensors.py took 0.081 seconds
[2024-05-13T15:28:01.996+0000] {processor.py:161} INFO - Started process (PID=1804) to work on /home/airflow/.local/lib/python3.8/site-packages/airflow/example_dags/example_sensors.py
[2024-05-13T15:28:01.997+0000] {processor.py:830} INFO - Processing file /home/airflow/.local/lib/python3.8/site-packages/airflow/example_dags/example_sensors.py for tasks to queue
[2024-05-13T15:28:01.999+0000] {logging_mixin.py:188} INFO - [2024-05-13T15:28:01.999+0000] {dagbag.py:540} INFO - Filling up the DagBag from /home/airflow/.local/lib/python3.8/site-packages/airflow/example_dags/example_sensors.py
[2024-05-13T15:28:02.007+0000] {processor.py:840} INFO - DAG(s) 'example_sensors' retrieved from /home/airflow/.local/lib/python3.8/site-packages/airflow/example_dags/example_sensors.py
[2024-05-13T15:28:02.033+0000] {logging_mixin.py:188} INFO - [2024-05-13T15:28:02.033+0000] {dag.py:3047} INFO - Sync 1 DAGs
[2024-05-13T15:28:02.046+0000] {logging_mixin.py:188} INFO - [2024-05-13T15:28:02.046+0000] {dag.py:3834} INFO - Setting next_dagrun for example_sensors to None, run_after=None
[2024-05-13T15:28:02.067+0000] {processor.py:183} INFO - Processing /home/airflow/.local/lib/python3.8/site-packages/airflow/example_dags/example_sensors.py took 0.074 seconds
[2024-05-13T15:28:32.371+0000] {processor.py:161} INFO - Started process (PID=1872) to work on /home/airflow/.local/lib/python3.8/site-packages/airflow/example_dags/example_sensors.py
[2024-05-13T15:28:32.372+0000] {processor.py:830} INFO - Processing file /home/airflow/.local/lib/python3.8/site-packages/airflow/example_dags/example_sensors.py for tasks to queue
[2024-05-13T15:28:32.374+0000] {logging_mixin.py:188} INFO - [2024-05-13T15:28:32.374+0000] {dagbag.py:540} INFO - Filling up the DagBag from /home/airflow/.local/lib/python3.8/site-packages/airflow/example_dags/example_sensors.py
[2024-05-13T15:28:32.382+0000] {processor.py:840} INFO - DAG(s) 'example_sensors' retrieved from /home/airflow/.local/lib/python3.8/site-packages/airflow/example_dags/example_sensors.py
[2024-05-13T15:28:32.406+0000] {logging_mixin.py:188} INFO - [2024-05-13T15:28:32.406+0000] {dag.py:3047} INFO - Sync 1 DAGs
[2024-05-13T15:28:32.417+0000] {logging_mixin.py:188} INFO - [2024-05-13T15:28:32.417+0000] {dag.py:3834} INFO - Setting next_dagrun for example_sensors to None, run_after=None
[2024-05-13T15:28:32.435+0000] {processor.py:183} INFO - Processing /home/airflow/.local/lib/python3.8/site-packages/airflow/example_dags/example_sensors.py took 0.067 seconds
[2024-05-13T15:29:02.558+0000] {processor.py:161} INFO - Started process (PID=1940) to work on /home/airflow/.local/lib/python3.8/site-packages/airflow/example_dags/example_sensors.py
[2024-05-13T15:29:02.560+0000] {processor.py:830} INFO - Processing file /home/airflow/.local/lib/python3.8/site-packages/airflow/example_dags/example_sensors.py for tasks to queue
[2024-05-13T15:29:02.562+0000] {logging_mixin.py:188} INFO - [2024-05-13T15:29:02.561+0000] {dagbag.py:540} INFO - Filling up the DagBag from /home/airflow/.local/lib/python3.8/site-packages/airflow/example_dags/example_sensors.py
[2024-05-13T15:29:02.571+0000] {processor.py:840} INFO - DAG(s) 'example_sensors' retrieved from /home/airflow/.local/lib/python3.8/site-packages/airflow/example_dags/example_sensors.py
[2024-05-13T15:29:02.596+0000] {logging_mixin.py:188} INFO - [2024-05-13T15:29:02.596+0000] {dag.py:3047} INFO - Sync 1 DAGs
[2024-05-13T15:29:02.609+0000] {logging_mixin.py:188} INFO - [2024-05-13T15:29:02.608+0000] {dag.py:3834} INFO - Setting next_dagrun for example_sensors to None, run_after=None
[2024-05-13T15:29:02.630+0000] {processor.py:183} INFO - Processing /home/airflow/.local/lib/python3.8/site-packages/airflow/example_dags/example_sensors.py took 0.075 seconds
[2024-05-13T15:29:33.250+0000] {processor.py:161} INFO - Started process (PID=2008) to work on /home/airflow/.local/lib/python3.8/site-packages/airflow/example_dags/example_sensors.py
[2024-05-13T15:29:33.251+0000] {processor.py:830} INFO - Processing file /home/airflow/.local/lib/python3.8/site-packages/airflow/example_dags/example_sensors.py for tasks to queue
[2024-05-13T15:29:33.254+0000] {logging_mixin.py:188} INFO - [2024-05-13T15:29:33.254+0000] {dagbag.py:540} INFO - Filling up the DagBag from /home/airflow/.local/lib/python3.8/site-packages/airflow/example_dags/example_sensors.py
[2024-05-13T15:29:33.264+0000] {processor.py:840} INFO - DAG(s) 'example_sensors' retrieved from /home/airflow/.local/lib/python3.8/site-packages/airflow/example_dags/example_sensors.py
[2024-05-13T15:29:33.296+0000] {logging_mixin.py:188} INFO - [2024-05-13T15:29:33.295+0000] {dag.py:3047} INFO - Sync 1 DAGs
[2024-05-13T15:29:33.313+0000] {logging_mixin.py:188} INFO - [2024-05-13T15:29:33.312+0000] {dag.py:3834} INFO - Setting next_dagrun for example_sensors to None, run_after=None
[2024-05-13T15:29:33.335+0000] {processor.py:183} INFO - Processing /home/airflow/.local/lib/python3.8/site-packages/airflow/example_dags/example_sensors.py took 0.089 seconds
[2024-05-13T15:30:03.816+0000] {processor.py:161} INFO - Started process (PID=2076) to work on /home/airflow/.local/lib/python3.8/site-packages/airflow/example_dags/example_sensors.py
[2024-05-13T15:30:03.817+0000] {processor.py:830} INFO - Processing file /home/airflow/.local/lib/python3.8/site-packages/airflow/example_dags/example_sensors.py for tasks to queue
[2024-05-13T15:30:03.819+0000] {logging_mixin.py:188} INFO - [2024-05-13T15:30:03.818+0000] {dagbag.py:540} INFO - Filling up the DagBag from /home/airflow/.local/lib/python3.8/site-packages/airflow/example_dags/example_sensors.py
[2024-05-13T15:30:03.827+0000] {processor.py:840} INFO - DAG(s) 'example_sensors' retrieved from /home/airflow/.local/lib/python3.8/site-packages/airflow/example_dags/example_sensors.py
[2024-05-13T15:30:03.851+0000] {logging_mixin.py:188} INFO - [2024-05-13T15:30:03.850+0000] {dag.py:3047} INFO - Sync 1 DAGs
[2024-05-13T15:30:03.863+0000] {logging_mixin.py:188} INFO - [2024-05-13T15:30:03.863+0000] {dag.py:3834} INFO - Setting next_dagrun for example_sensors to None, run_after=None
[2024-05-13T15:30:03.883+0000] {processor.py:183} INFO - Processing /home/airflow/.local/lib/python3.8/site-packages/airflow/example_dags/example_sensors.py took 0.070 seconds
[2024-05-13T15:30:33.961+0000] {processor.py:161} INFO - Started process (PID=2144) to work on /home/airflow/.local/lib/python3.8/site-packages/airflow/example_dags/example_sensors.py
[2024-05-13T15:30:33.962+0000] {processor.py:830} INFO - Processing file /home/airflow/.local/lib/python3.8/site-packages/airflow/example_dags/example_sensors.py for tasks to queue
[2024-05-13T15:30:33.964+0000] {logging_mixin.py:188} INFO - [2024-05-13T15:30:33.963+0000] {dagbag.py:540} INFO - Filling up the DagBag from /home/airflow/.local/lib/python3.8/site-packages/airflow/example_dags/example_sensors.py
[2024-05-13T15:30:33.972+0000] {processor.py:840} INFO - DAG(s) 'example_sensors' retrieved from /home/airflow/.local/lib/python3.8/site-packages/airflow/example_dags/example_sensors.py
[2024-05-13T15:30:33.996+0000] {logging_mixin.py:188} INFO - [2024-05-13T15:30:33.995+0000] {dag.py:3047} INFO - Sync 1 DAGs
[2024-05-13T15:30:34.008+0000] {logging_mixin.py:188} INFO - [2024-05-13T15:30:34.007+0000] {dag.py:3834} INFO - Setting next_dagrun for example_sensors to None, run_after=None
[2024-05-13T15:30:34.024+0000] {processor.py:183} INFO - Processing /home/airflow/.local/lib/python3.8/site-packages/airflow/example_dags/example_sensors.py took 0.066 seconds
[2024-05-13T15:31:04.124+0000] {processor.py:161} INFO - Started process (PID=2212) to work on /home/airflow/.local/lib/python3.8/site-packages/airflow/example_dags/example_sensors.py
[2024-05-13T15:31:04.125+0000] {processor.py:830} INFO - Processing file /home/airflow/.local/lib/python3.8/site-packages/airflow/example_dags/example_sensors.py for tasks to queue
[2024-05-13T15:31:04.127+0000] {logging_mixin.py:188} INFO - [2024-05-13T15:31:04.127+0000] {dagbag.py:540} INFO - Filling up the DagBag from /home/airflow/.local/lib/python3.8/site-packages/airflow/example_dags/example_sensors.py
[2024-05-13T15:31:04.136+0000] {processor.py:840} INFO - DAG(s) 'example_sensors' retrieved from /home/airflow/.local/lib/python3.8/site-packages/airflow/example_dags/example_sensors.py
[2024-05-13T15:31:04.159+0000] {logging_mixin.py:188} INFO - [2024-05-13T15:31:04.158+0000] {dag.py:3047} INFO - Sync 1 DAGs
[2024-05-13T15:31:04.170+0000] {logging_mixin.py:188} INFO - [2024-05-13T15:31:04.170+0000] {dag.py:3834} INFO - Setting next_dagrun for example_sensors to None, run_after=None
[2024-05-13T15:31:04.187+0000] {processor.py:183} INFO - Processing /home/airflow/.local/lib/python3.8/site-packages/airflow/example_dags/example_sensors.py took 0.065 seconds
[2024-05-13T15:31:34.229+0000] {processor.py:161} INFO - Started process (PID=2280) to work on /home/airflow/.local/lib/python3.8/site-packages/airflow/example_dags/example_sensors.py
[2024-05-13T15:31:34.230+0000] {processor.py:830} INFO - Processing file /home/airflow/.local/lib/python3.8/site-packages/airflow/example_dags/example_sensors.py for tasks to queue
[2024-05-13T15:31:34.233+0000] {logging_mixin.py:188} INFO - [2024-05-13T15:31:34.232+0000] {dagbag.py:540} INFO - Filling up the DagBag from /home/airflow/.local/lib/python3.8/site-packages/airflow/example_dags/example_sensors.py
[2024-05-13T15:31:34.241+0000] {processor.py:840} INFO - DAG(s) 'example_sensors' retrieved from /home/airflow/.local/lib/python3.8/site-packages/airflow/example_dags/example_sensors.py
[2024-05-13T15:31:34.263+0000] {logging_mixin.py:188} INFO - [2024-05-13T15:31:34.263+0000] {dag.py:3047} INFO - Sync 1 DAGs
[2024-05-13T15:31:34.274+0000] {logging_mixin.py:188} INFO - [2024-05-13T15:31:34.274+0000] {dag.py:3834} INFO - Setting next_dagrun for example_sensors to None, run_after=None
[2024-05-13T15:31:34.292+0000] {processor.py:183} INFO - Processing /home/airflow/.local/lib/python3.8/site-packages/airflow/example_dags/example_sensors.py took 0.066 seconds
[2024-05-13T15:32:04.670+0000] {processor.py:161} INFO - Started process (PID=2348) to work on /home/airflow/.local/lib/python3.8/site-packages/airflow/example_dags/example_sensors.py
[2024-05-13T15:32:04.671+0000] {processor.py:830} INFO - Processing file /home/airflow/.local/lib/python3.8/site-packages/airflow/example_dags/example_sensors.py for tasks to queue
[2024-05-13T15:32:04.672+0000] {logging_mixin.py:188} INFO - [2024-05-13T15:32:04.672+0000] {dagbag.py:540} INFO - Filling up the DagBag from /home/airflow/.local/lib/python3.8/site-packages/airflow/example_dags/example_sensors.py
[2024-05-13T15:32:04.680+0000] {processor.py:840} INFO - DAG(s) 'example_sensors' retrieved from /home/airflow/.local/lib/python3.8/site-packages/airflow/example_dags/example_sensors.py
[2024-05-13T15:32:04.706+0000] {logging_mixin.py:188} INFO - [2024-05-13T15:32:04.706+0000] {dag.py:3047} INFO - Sync 1 DAGs
[2024-05-13T15:32:04.718+0000] {logging_mixin.py:188} INFO - [2024-05-13T15:32:04.718+0000] {dag.py:3834} INFO - Setting next_dagrun for example_sensors to None, run_after=None
[2024-05-13T15:32:04.739+0000] {processor.py:183} INFO - Processing /home/airflow/.local/lib/python3.8/site-packages/airflow/example_dags/example_sensors.py took 0.073 seconds
[2024-05-13T15:32:35.368+0000] {processor.py:161} INFO - Started process (PID=2416) to work on /home/airflow/.local/lib/python3.8/site-packages/airflow/example_dags/example_sensors.py
[2024-05-13T15:32:35.369+0000] {processor.py:830} INFO - Processing file /home/airflow/.local/lib/python3.8/site-packages/airflow/example_dags/example_sensors.py for tasks to queue
[2024-05-13T15:32:35.374+0000] {logging_mixin.py:188} INFO - [2024-05-13T15:32:35.373+0000] {dagbag.py:540} INFO - Filling up the DagBag from /home/airflow/.local/lib/python3.8/site-packages/airflow/example_dags/example_sensors.py
[2024-05-13T15:32:35.384+0000] {processor.py:840} INFO - DAG(s) 'example_sensors' retrieved from /home/airflow/.local/lib/python3.8/site-packages/airflow/example_dags/example_sensors.py
[2024-05-13T15:32:35.408+0000] {logging_mixin.py:188} INFO - [2024-05-13T15:32:35.408+0000] {dag.py:3047} INFO - Sync 1 DAGs
[2024-05-13T15:32:35.420+0000] {logging_mixin.py:188} INFO - [2024-05-13T15:32:35.420+0000] {dag.py:3834} INFO - Setting next_dagrun for example_sensors to None, run_after=None
[2024-05-13T15:32:35.441+0000] {processor.py:183} INFO - Processing /home/airflow/.local/lib/python3.8/site-packages/airflow/example_dags/example_sensors.py took 0.077 seconds
[2024-05-13T15:33:05.900+0000] {processor.py:161} INFO - Started process (PID=2484) to work on /home/airflow/.local/lib/python3.8/site-packages/airflow/example_dags/example_sensors.py
[2024-05-13T15:33:05.901+0000] {processor.py:830} INFO - Processing file /home/airflow/.local/lib/python3.8/site-packages/airflow/example_dags/example_sensors.py for tasks to queue
[2024-05-13T15:33:05.904+0000] {logging_mixin.py:188} INFO - [2024-05-13T15:33:05.904+0000] {dagbag.py:540} INFO - Filling up the DagBag from /home/airflow/.local/lib/python3.8/site-packages/airflow/example_dags/example_sensors.py
[2024-05-13T15:33:05.913+0000] {processor.py:840} INFO - DAG(s) 'example_sensors' retrieved from /home/airflow/.local/lib/python3.8/site-packages/airflow/example_dags/example_sensors.py
[2024-05-13T15:33:05.940+0000] {logging_mixin.py:188} INFO - [2024-05-13T15:33:05.940+0000] {dag.py:3047} INFO - Sync 1 DAGs
[2024-05-13T15:33:05.955+0000] {logging_mixin.py:188} INFO - [2024-05-13T15:33:05.955+0000] {dag.py:3834} INFO - Setting next_dagrun for example_sensors to None, run_after=None
[2024-05-13T15:33:05.975+0000] {processor.py:183} INFO - Processing /home/airflow/.local/lib/python3.8/site-packages/airflow/example_dags/example_sensors.py took 0.078 seconds
[2024-05-13T15:33:36.868+0000] {processor.py:161} INFO - Started process (PID=2552) to work on /home/airflow/.local/lib/python3.8/site-packages/airflow/example_dags/example_sensors.py
[2024-05-13T15:33:36.869+0000] {processor.py:830} INFO - Processing file /home/airflow/.local/lib/python3.8/site-packages/airflow/example_dags/example_sensors.py for tasks to queue
[2024-05-13T15:33:36.872+0000] {logging_mixin.py:188} INFO - [2024-05-13T15:33:36.872+0000] {dagbag.py:540} INFO - Filling up the DagBag from /home/airflow/.local/lib/python3.8/site-packages/airflow/example_dags/example_sensors.py
[2024-05-13T15:33:36.882+0000] {processor.py:840} INFO - DAG(s) 'example_sensors' retrieved from /home/airflow/.local/lib/python3.8/site-packages/airflow/example_dags/example_sensors.py
[2024-05-13T15:33:36.915+0000] {logging_mixin.py:188} INFO - [2024-05-13T15:33:36.915+0000] {dag.py:3047} INFO - Sync 1 DAGs
[2024-05-13T15:33:36.931+0000] {logging_mixin.py:188} INFO - [2024-05-13T15:33:36.930+0000] {dag.py:3834} INFO - Setting next_dagrun for example_sensors to None, run_after=None
[2024-05-13T15:33:36.969+0000] {processor.py:183} INFO - Processing /home/airflow/.local/lib/python3.8/site-packages/airflow/example_dags/example_sensors.py took 0.107 seconds
[2024-05-13T15:34:07.498+0000] {processor.py:161} INFO - Started process (PID=2620) to work on /home/airflow/.local/lib/python3.8/site-packages/airflow/example_dags/example_sensors.py
[2024-05-13T15:34:07.499+0000] {processor.py:830} INFO - Processing file /home/airflow/.local/lib/python3.8/site-packages/airflow/example_dags/example_sensors.py for tasks to queue
[2024-05-13T15:34:07.501+0000] {logging_mixin.py:188} INFO - [2024-05-13T15:34:07.501+0000] {dagbag.py:540} INFO - Filling up the DagBag from /home/airflow/.local/lib/python3.8/site-packages/airflow/example_dags/example_sensors.py
[2024-05-13T15:34:07.511+0000] {processor.py:840} INFO - DAG(s) 'example_sensors' retrieved from /home/airflow/.local/lib/python3.8/site-packages/airflow/example_dags/example_sensors.py
[2024-05-13T15:34:07.539+0000] {logging_mixin.py:188} INFO - [2024-05-13T15:34:07.538+0000] {dag.py:3047} INFO - Sync 1 DAGs
[2024-05-13T15:34:07.552+0000] {logging_mixin.py:188} INFO - [2024-05-13T15:34:07.552+0000] {dag.py:3834} INFO - Setting next_dagrun for example_sensors to None, run_after=None
[2024-05-13T15:34:07.577+0000] {processor.py:183} INFO - Processing /home/airflow/.local/lib/python3.8/site-packages/airflow/example_dags/example_sensors.py took 0.082 seconds
[2024-05-13T15:34:37.888+0000] {processor.py:161} INFO - Started process (PID=2689) to work on /home/airflow/.local/lib/python3.8/site-packages/airflow/example_dags/example_sensors.py
[2024-05-13T15:34:37.889+0000] {processor.py:830} INFO - Processing file /home/airflow/.local/lib/python3.8/site-packages/airflow/example_dags/example_sensors.py for tasks to queue
[2024-05-13T15:34:37.891+0000] {logging_mixin.py:188} INFO - [2024-05-13T15:34:37.891+0000] {dagbag.py:540} INFO - Filling up the DagBag from /home/airflow/.local/lib/python3.8/site-packages/airflow/example_dags/example_sensors.py
[2024-05-13T15:34:37.899+0000] {processor.py:840} INFO - DAG(s) 'example_sensors' retrieved from /home/airflow/.local/lib/python3.8/site-packages/airflow/example_dags/example_sensors.py
[2024-05-13T15:34:37.921+0000] {logging_mixin.py:188} INFO - [2024-05-13T15:34:37.921+0000] {dag.py:3047} INFO - Sync 1 DAGs
[2024-05-13T15:34:37.932+0000] {logging_mixin.py:188} INFO - [2024-05-13T15:34:37.932+0000] {dag.py:3834} INFO - Setting next_dagrun for example_sensors to None, run_after=None
[2024-05-13T15:34:37.948+0000] {processor.py:183} INFO - Processing /home/airflow/.local/lib/python3.8/site-packages/airflow/example_dags/example_sensors.py took 0.063 seconds
[2024-05-13T15:35:08.473+0000] {processor.py:161} INFO - Started process (PID=2757) to work on /home/airflow/.local/lib/python3.8/site-packages/airflow/example_dags/example_sensors.py
[2024-05-13T15:35:08.474+0000] {processor.py:830} INFO - Processing file /home/airflow/.local/lib/python3.8/site-packages/airflow/example_dags/example_sensors.py for tasks to queue
[2024-05-13T15:35:08.476+0000] {logging_mixin.py:188} INFO - [2024-05-13T15:35:08.476+0000] {dagbag.py:540} INFO - Filling up the DagBag from /home/airflow/.local/lib/python3.8/site-packages/airflow/example_dags/example_sensors.py
[2024-05-13T15:35:08.483+0000] {processor.py:840} INFO - DAG(s) 'example_sensors' retrieved from /home/airflow/.local/lib/python3.8/site-packages/airflow/example_dags/example_sensors.py
[2024-05-13T15:35:08.505+0000] {logging_mixin.py:188} INFO - [2024-05-13T15:35:08.504+0000] {dag.py:3047} INFO - Sync 1 DAGs
[2024-05-13T15:35:08.515+0000] {logging_mixin.py:188} INFO - [2024-05-13T15:35:08.515+0000] {dag.py:3834} INFO - Setting next_dagrun for example_sensors to None, run_after=None
[2024-05-13T15:35:08.534+0000] {processor.py:183} INFO - Processing /home/airflow/.local/lib/python3.8/site-packages/airflow/example_dags/example_sensors.py took 0.064 seconds
[2024-05-13T15:35:38.968+0000] {processor.py:161} INFO - Started process (PID=2825) to work on /home/airflow/.local/lib/python3.8/site-packages/airflow/example_dags/example_sensors.py
[2024-05-13T15:35:38.969+0000] {processor.py:830} INFO - Processing file /home/airflow/.local/lib/python3.8/site-packages/airflow/example_dags/example_sensors.py for tasks to queue
[2024-05-13T15:35:38.971+0000] {logging_mixin.py:188} INFO - [2024-05-13T15:35:38.971+0000] {dagbag.py:540} INFO - Filling up the DagBag from /home/airflow/.local/lib/python3.8/site-packages/airflow/example_dags/example_sensors.py
[2024-05-13T15:35:38.979+0000] {processor.py:840} INFO - DAG(s) 'example_sensors' retrieved from /home/airflow/.local/lib/python3.8/site-packages/airflow/example_dags/example_sensors.py
[2024-05-13T15:35:39.002+0000] {logging_mixin.py:188} INFO - [2024-05-13T15:35:39.002+0000] {dag.py:3047} INFO - Sync 1 DAGs
[2024-05-13T15:35:39.013+0000] {logging_mixin.py:188} INFO - [2024-05-13T15:35:39.012+0000] {dag.py:3834} INFO - Setting next_dagrun for example_sensors to None, run_after=None
[2024-05-13T15:35:39.030+0000] {processor.py:183} INFO - Processing /home/airflow/.local/lib/python3.8/site-packages/airflow/example_dags/example_sensors.py took 0.065 seconds
[2024-05-13T15:36:09.906+0000] {processor.py:161} INFO - Started process (PID=2893) to work on /home/airflow/.local/lib/python3.8/site-packages/airflow/example_dags/example_sensors.py
[2024-05-13T15:36:09.907+0000] {processor.py:830} INFO - Processing file /home/airflow/.local/lib/python3.8/site-packages/airflow/example_dags/example_sensors.py for tasks to queue
[2024-05-13T15:36:09.908+0000] {logging_mixin.py:188} INFO - [2024-05-13T15:36:09.908+0000] {dagbag.py:540} INFO - Filling up the DagBag from /home/airflow/.local/lib/python3.8/site-packages/airflow/example_dags/example_sensors.py
[2024-05-13T15:36:09.916+0000] {processor.py:840} INFO - DAG(s) 'example_sensors' retrieved from /home/airflow/.local/lib/python3.8/site-packages/airflow/example_dags/example_sensors.py
[2024-05-13T15:36:09.941+0000] {logging_mixin.py:188} INFO - [2024-05-13T15:36:09.941+0000] {dag.py:3047} INFO - Sync 1 DAGs
[2024-05-13T15:36:09.953+0000] {logging_mixin.py:188} INFO - [2024-05-13T15:36:09.953+0000] {dag.py:3834} INFO - Setting next_dagrun for example_sensors to None, run_after=None
[2024-05-13T15:36:09.976+0000] {processor.py:183} INFO - Processing /home/airflow/.local/lib/python3.8/site-packages/airflow/example_dags/example_sensors.py took 0.073 seconds
[2024-05-13T15:36:40.274+0000] {processor.py:161} INFO - Started process (PID=2961) to work on /home/airflow/.local/lib/python3.8/site-packages/airflow/example_dags/example_sensors.py
[2024-05-13T15:36:40.275+0000] {processor.py:830} INFO - Processing file /home/airflow/.local/lib/python3.8/site-packages/airflow/example_dags/example_sensors.py for tasks to queue
[2024-05-13T15:36:40.277+0000] {logging_mixin.py:188} INFO - [2024-05-13T15:36:40.277+0000] {dagbag.py:540} INFO - Filling up the DagBag from /home/airflow/.local/lib/python3.8/site-packages/airflow/example_dags/example_sensors.py
[2024-05-13T15:36:40.285+0000] {processor.py:840} INFO - DAG(s) 'example_sensors' retrieved from /home/airflow/.local/lib/python3.8/site-packages/airflow/example_dags/example_sensors.py
[2024-05-13T15:36:40.307+0000] {logging_mixin.py:188} INFO - [2024-05-13T15:36:40.307+0000] {dag.py:3047} INFO - Sync 1 DAGs
[2024-05-13T15:36:40.318+0000] {logging_mixin.py:188} INFO - [2024-05-13T15:36:40.318+0000] {dag.py:3834} INFO - Setting next_dagrun for example_sensors to None, run_after=None
[2024-05-13T15:36:40.338+0000] {processor.py:183} INFO - Processing /home/airflow/.local/lib/python3.8/site-packages/airflow/example_dags/example_sensors.py took 0.067 seconds
[2024-05-13T15:37:11.358+0000] {processor.py:161} INFO - Started process (PID=3029) to work on /home/airflow/.local/lib/python3.8/site-packages/airflow/example_dags/example_sensors.py
[2024-05-13T15:37:11.359+0000] {processor.py:830} INFO - Processing file /home/airflow/.local/lib/python3.8/site-packages/airflow/example_dags/example_sensors.py for tasks to queue
[2024-05-13T15:37:11.361+0000] {logging_mixin.py:188} INFO - [2024-05-13T15:37:11.361+0000] {dagbag.py:540} INFO - Filling up the DagBag from /home/airflow/.local/lib/python3.8/site-packages/airflow/example_dags/example_sensors.py
[2024-05-13T15:37:11.372+0000] {processor.py:840} INFO - DAG(s) 'example_sensors' retrieved from /home/airflow/.local/lib/python3.8/site-packages/airflow/example_dags/example_sensors.py
[2024-05-13T15:37:11.394+0000] {logging_mixin.py:188} INFO - [2024-05-13T15:37:11.394+0000] {dag.py:3047} INFO - Sync 1 DAGs
[2024-05-13T15:37:11.407+0000] {logging_mixin.py:188} INFO - [2024-05-13T15:37:11.406+0000] {dag.py:3834} INFO - Setting next_dagrun for example_sensors to None, run_after=None
[2024-05-13T15:37:11.424+0000] {processor.py:183} INFO - Processing /home/airflow/.local/lib/python3.8/site-packages/airflow/example_dags/example_sensors.py took 0.069 seconds
[2024-05-13T15:37:42.218+0000] {processor.py:161} INFO - Started process (PID=3097) to work on /home/airflow/.local/lib/python3.8/site-packages/airflow/example_dags/example_sensors.py
[2024-05-13T15:37:42.219+0000] {processor.py:830} INFO - Processing file /home/airflow/.local/lib/python3.8/site-packages/airflow/example_dags/example_sensors.py for tasks to queue
[2024-05-13T15:37:42.221+0000] {logging_mixin.py:188} INFO - [2024-05-13T15:37:42.220+0000] {dagbag.py:540} INFO - Filling up the DagBag from /home/airflow/.local/lib/python3.8/site-packages/airflow/example_dags/example_sensors.py
[2024-05-13T15:37:42.229+0000] {processor.py:840} INFO - DAG(s) 'example_sensors' retrieved from /home/airflow/.local/lib/python3.8/site-packages/airflow/example_dags/example_sensors.py
[2024-05-13T15:37:42.253+0000] {logging_mixin.py:188} INFO - [2024-05-13T15:37:42.252+0000] {dag.py:3047} INFO - Sync 1 DAGs
[2024-05-13T15:37:42.264+0000] {logging_mixin.py:188} INFO - [2024-05-13T15:37:42.263+0000] {dag.py:3834} INFO - Setting next_dagrun for example_sensors to None, run_after=None
[2024-05-13T15:37:42.289+0000] {processor.py:183} INFO - Processing /home/airflow/.local/lib/python3.8/site-packages/airflow/example_dags/example_sensors.py took 0.074 seconds
[2024-05-13T15:38:13.116+0000] {processor.py:161} INFO - Started process (PID=3164) to work on /home/airflow/.local/lib/python3.8/site-packages/airflow/example_dags/example_sensors.py
[2024-05-13T15:38:13.118+0000] {processor.py:830} INFO - Processing file /home/airflow/.local/lib/python3.8/site-packages/airflow/example_dags/example_sensors.py for tasks to queue
[2024-05-13T15:38:13.119+0000] {logging_mixin.py:188} INFO - [2024-05-13T15:38:13.119+0000] {dagbag.py:540} INFO - Filling up the DagBag from /home/airflow/.local/lib/python3.8/site-packages/airflow/example_dags/example_sensors.py
[2024-05-13T15:38:13.127+0000] {processor.py:840} INFO - DAG(s) 'example_sensors' retrieved from /home/airflow/.local/lib/python3.8/site-packages/airflow/example_dags/example_sensors.py
[2024-05-13T15:38:13.154+0000] {logging_mixin.py:188} INFO - [2024-05-13T15:38:13.154+0000] {dag.py:3047} INFO - Sync 1 DAGs
[2024-05-13T15:38:13.168+0000] {logging_mixin.py:188} INFO - [2024-05-13T15:38:13.168+0000] {dag.py:3834} INFO - Setting next_dagrun for example_sensors to None, run_after=None
[2024-05-13T15:38:13.188+0000] {processor.py:183} INFO - Processing /home/airflow/.local/lib/python3.8/site-packages/airflow/example_dags/example_sensors.py took 0.075 seconds
[2024-05-13T15:38:43.608+0000] {processor.py:161} INFO - Started process (PID=3220) to work on /home/airflow/.local/lib/python3.8/site-packages/airflow/example_dags/example_sensors.py
[2024-05-13T15:38:43.609+0000] {processor.py:830} INFO - Processing file /home/airflow/.local/lib/python3.8/site-packages/airflow/example_dags/example_sensors.py for tasks to queue
[2024-05-13T15:38:43.611+0000] {logging_mixin.py:188} INFO - [2024-05-13T15:38:43.610+0000] {dagbag.py:540} INFO - Filling up the DagBag from /home/airflow/.local/lib/python3.8/site-packages/airflow/example_dags/example_sensors.py
[2024-05-13T15:38:43.618+0000] {processor.py:840} INFO - DAG(s) 'example_sensors' retrieved from /home/airflow/.local/lib/python3.8/site-packages/airflow/example_dags/example_sensors.py
[2024-05-13T15:38:43.644+0000] {logging_mixin.py:188} INFO - [2024-05-13T15:38:43.643+0000] {dag.py:3047} INFO - Sync 1 DAGs
[2024-05-13T15:38:43.655+0000] {logging_mixin.py:188} INFO - [2024-05-13T15:38:43.655+0000] {dag.py:3834} INFO - Setting next_dagrun for example_sensors to None, run_after=None
[2024-05-13T15:38:43.679+0000] {processor.py:183} INFO - Processing /home/airflow/.local/lib/python3.8/site-packages/airflow/example_dags/example_sensors.py took 0.074 seconds
[2024-05-13T15:39:14.081+0000] {processor.py:161} INFO - Started process (PID=3288) to work on /home/airflow/.local/lib/python3.8/site-packages/airflow/example_dags/example_sensors.py
[2024-05-13T15:39:14.082+0000] {processor.py:830} INFO - Processing file /home/airflow/.local/lib/python3.8/site-packages/airflow/example_dags/example_sensors.py for tasks to queue
[2024-05-13T15:39:14.084+0000] {logging_mixin.py:188} INFO - [2024-05-13T15:39:14.084+0000] {dagbag.py:540} INFO - Filling up the DagBag from /home/airflow/.local/lib/python3.8/site-packages/airflow/example_dags/example_sensors.py
[2024-05-13T15:39:14.093+0000] {processor.py:840} INFO - DAG(s) 'example_sensors' retrieved from /home/airflow/.local/lib/python3.8/site-packages/airflow/example_dags/example_sensors.py
[2024-05-13T15:39:14.121+0000] {logging_mixin.py:188} INFO - [2024-05-13T15:39:14.121+0000] {dag.py:3047} INFO - Sync 1 DAGs
[2024-05-13T15:39:14.134+0000] {logging_mixin.py:188} INFO - [2024-05-13T15:39:14.134+0000] {dag.py:3834} INFO - Setting next_dagrun for example_sensors to None, run_after=None
[2024-05-13T15:39:14.161+0000] {processor.py:183} INFO - Processing /home/airflow/.local/lib/python3.8/site-packages/airflow/example_dags/example_sensors.py took 0.084 seconds
[2024-05-13T15:39:44.858+0000] {processor.py:161} INFO - Started process (PID=3356) to work on /home/airflow/.local/lib/python3.8/site-packages/airflow/example_dags/example_sensors.py
[2024-05-13T15:39:44.859+0000] {processor.py:830} INFO - Processing file /home/airflow/.local/lib/python3.8/site-packages/airflow/example_dags/example_sensors.py for tasks to queue
[2024-05-13T15:39:44.862+0000] {logging_mixin.py:188} INFO - [2024-05-13T15:39:44.861+0000] {dagbag.py:540} INFO - Filling up the DagBag from /home/airflow/.local/lib/python3.8/site-packages/airflow/example_dags/example_sensors.py
[2024-05-13T15:39:44.870+0000] {processor.py:840} INFO - DAG(s) 'example_sensors' retrieved from /home/airflow/.local/lib/python3.8/site-packages/airflow/example_dags/example_sensors.py
[2024-05-13T15:39:44.895+0000] {logging_mixin.py:188} INFO - [2024-05-13T15:39:44.895+0000] {dag.py:3047} INFO - Sync 1 DAGs
[2024-05-13T15:39:45.038+0000] {logging_mixin.py:188} INFO - [2024-05-13T15:39:45.038+0000] {dag.py:3834} INFO - Setting next_dagrun for example_sensors to None, run_after=None
[2024-05-13T15:39:45.059+0000] {processor.py:183} INFO - Processing /home/airflow/.local/lib/python3.8/site-packages/airflow/example_dags/example_sensors.py took 0.204 seconds
[2024-05-13T15:40:15.955+0000] {processor.py:161} INFO - Started process (PID=3424) to work on /home/airflow/.local/lib/python3.8/site-packages/airflow/example_dags/example_sensors.py
[2024-05-13T15:40:15.957+0000] {processor.py:830} INFO - Processing file /home/airflow/.local/lib/python3.8/site-packages/airflow/example_dags/example_sensors.py for tasks to queue
[2024-05-13T15:40:15.959+0000] {logging_mixin.py:188} INFO - [2024-05-13T15:40:15.959+0000] {dagbag.py:540} INFO - Filling up the DagBag from /home/airflow/.local/lib/python3.8/site-packages/airflow/example_dags/example_sensors.py
[2024-05-13T15:40:15.967+0000] {processor.py:840} INFO - DAG(s) 'example_sensors' retrieved from /home/airflow/.local/lib/python3.8/site-packages/airflow/example_dags/example_sensors.py
[2024-05-13T15:40:15.994+0000] {logging_mixin.py:188} INFO - [2024-05-13T15:40:15.994+0000] {dag.py:3047} INFO - Sync 1 DAGs
[2024-05-13T15:40:16.005+0000] {logging_mixin.py:188} INFO - [2024-05-13T15:40:16.005+0000] {dag.py:3834} INFO - Setting next_dagrun for example_sensors to None, run_after=None
[2024-05-13T15:40:16.026+0000] {processor.py:183} INFO - Processing /home/airflow/.local/lib/python3.8/site-packages/airflow/example_dags/example_sensors.py took 0.074 seconds
[2024-05-13T15:40:46.828+0000] {processor.py:161} INFO - Started process (PID=3498) to work on /home/airflow/.local/lib/python3.8/site-packages/airflow/example_dags/example_sensors.py
[2024-05-13T15:40:46.830+0000] {processor.py:830} INFO - Processing file /home/airflow/.local/lib/python3.8/site-packages/airflow/example_dags/example_sensors.py for tasks to queue
[2024-05-13T15:40:46.831+0000] {logging_mixin.py:188} INFO - [2024-05-13T15:40:46.831+0000] {dagbag.py:540} INFO - Filling up the DagBag from /home/airflow/.local/lib/python3.8/site-packages/airflow/example_dags/example_sensors.py
[2024-05-13T15:40:46.840+0000] {processor.py:840} INFO - DAG(s) 'example_sensors' retrieved from /home/airflow/.local/lib/python3.8/site-packages/airflow/example_dags/example_sensors.py
[2024-05-13T15:40:46.862+0000] {logging_mixin.py:188} INFO - [2024-05-13T15:40:46.862+0000] {dag.py:3047} INFO - Sync 1 DAGs
[2024-05-13T15:40:46.876+0000] {logging_mixin.py:188} INFO - [2024-05-13T15:40:46.875+0000] {dag.py:3834} INFO - Setting next_dagrun for example_sensors to None, run_after=None
[2024-05-13T15:40:46.895+0000] {processor.py:183} INFO - Processing /home/airflow/.local/lib/python3.8/site-packages/airflow/example_dags/example_sensors.py took 0.070 seconds
[2024-05-13T15:41:17.188+0000] {processor.py:161} INFO - Started process (PID=3566) to work on /home/airflow/.local/lib/python3.8/site-packages/airflow/example_dags/example_sensors.py
[2024-05-13T15:41:17.190+0000] {processor.py:830} INFO - Processing file /home/airflow/.local/lib/python3.8/site-packages/airflow/example_dags/example_sensors.py for tasks to queue
[2024-05-13T15:41:17.193+0000] {logging_mixin.py:188} INFO - [2024-05-13T15:41:17.193+0000] {dagbag.py:540} INFO - Filling up the DagBag from /home/airflow/.local/lib/python3.8/site-packages/airflow/example_dags/example_sensors.py
[2024-05-13T15:41:17.204+0000] {processor.py:840} INFO - DAG(s) 'example_sensors' retrieved from /home/airflow/.local/lib/python3.8/site-packages/airflow/example_dags/example_sensors.py
[2024-05-13T15:41:17.236+0000] {logging_mixin.py:188} INFO - [2024-05-13T15:41:17.236+0000] {dag.py:3047} INFO - Sync 1 DAGs
[2024-05-13T15:41:17.251+0000] {logging_mixin.py:188} INFO - [2024-05-13T15:41:17.251+0000] {dag.py:3834} INFO - Setting next_dagrun for example_sensors to None, run_after=None
[2024-05-13T15:41:17.277+0000] {processor.py:183} INFO - Processing /home/airflow/.local/lib/python3.8/site-packages/airflow/example_dags/example_sensors.py took 0.093 seconds
[2024-05-13T15:41:47.547+0000] {processor.py:161} INFO - Started process (PID=3634) to work on /home/airflow/.local/lib/python3.8/site-packages/airflow/example_dags/example_sensors.py
[2024-05-13T15:41:47.548+0000] {processor.py:830} INFO - Processing file /home/airflow/.local/lib/python3.8/site-packages/airflow/example_dags/example_sensors.py for tasks to queue
[2024-05-13T15:41:47.550+0000] {logging_mixin.py:188} INFO - [2024-05-13T15:41:47.549+0000] {dagbag.py:540} INFO - Filling up the DagBag from /home/airflow/.local/lib/python3.8/site-packages/airflow/example_dags/example_sensors.py
[2024-05-13T15:41:47.558+0000] {processor.py:840} INFO - DAG(s) 'example_sensors' retrieved from /home/airflow/.local/lib/python3.8/site-packages/airflow/example_dags/example_sensors.py
[2024-05-13T15:41:47.579+0000] {logging_mixin.py:188} INFO - [2024-05-13T15:41:47.578+0000] {dag.py:3047} INFO - Sync 1 DAGs
[2024-05-13T15:41:47.590+0000] {logging_mixin.py:188} INFO - [2024-05-13T15:41:47.589+0000] {dag.py:3834} INFO - Setting next_dagrun for example_sensors to None, run_after=None
[2024-05-13T15:41:47.608+0000] {processor.py:183} INFO - Processing /home/airflow/.local/lib/python3.8/site-packages/airflow/example_dags/example_sensors.py took 0.064 seconds
[2024-05-13T15:42:17.682+0000] {processor.py:161} INFO - Started process (PID=3702) to work on /home/airflow/.local/lib/python3.8/site-packages/airflow/example_dags/example_sensors.py
[2024-05-13T15:42:17.683+0000] {processor.py:830} INFO - Processing file /home/airflow/.local/lib/python3.8/site-packages/airflow/example_dags/example_sensors.py for tasks to queue
[2024-05-13T15:42:17.685+0000] {logging_mixin.py:188} INFO - [2024-05-13T15:42:17.684+0000] {dagbag.py:540} INFO - Filling up the DagBag from /home/airflow/.local/lib/python3.8/site-packages/airflow/example_dags/example_sensors.py
[2024-05-13T15:42:17.810+0000] {processor.py:840} INFO - DAG(s) 'example_sensors' retrieved from /home/airflow/.local/lib/python3.8/site-packages/airflow/example_dags/example_sensors.py
[2024-05-13T15:42:17.830+0000] {logging_mixin.py:188} INFO - [2024-05-13T15:42:17.829+0000] {dag.py:3047} INFO - Sync 1 DAGs
[2024-05-13T15:42:17.840+0000] {logging_mixin.py:188} INFO - [2024-05-13T15:42:17.840+0000] {dag.py:3834} INFO - Setting next_dagrun for example_sensors to None, run_after=None
[2024-05-13T15:42:17.857+0000] {processor.py:183} INFO - Processing /home/airflow/.local/lib/python3.8/site-packages/airflow/example_dags/example_sensors.py took 0.178 seconds
[2024-05-13T15:42:48.007+0000] {processor.py:161} INFO - Started process (PID=3770) to work on /home/airflow/.local/lib/python3.8/site-packages/airflow/example_dags/example_sensors.py
[2024-05-13T15:42:48.008+0000] {processor.py:830} INFO - Processing file /home/airflow/.local/lib/python3.8/site-packages/airflow/example_dags/example_sensors.py for tasks to queue
[2024-05-13T15:42:48.010+0000] {logging_mixin.py:188} INFO - [2024-05-13T15:42:48.010+0000] {dagbag.py:540} INFO - Filling up the DagBag from /home/airflow/.local/lib/python3.8/site-packages/airflow/example_dags/example_sensors.py
[2024-05-13T15:42:48.018+0000] {processor.py:840} INFO - DAG(s) 'example_sensors' retrieved from /home/airflow/.local/lib/python3.8/site-packages/airflow/example_dags/example_sensors.py
[2024-05-13T15:42:48.045+0000] {logging_mixin.py:188} INFO - [2024-05-13T15:42:48.044+0000] {dag.py:3047} INFO - Sync 1 DAGs
[2024-05-13T15:42:48.058+0000] {logging_mixin.py:188} INFO - [2024-05-13T15:42:48.058+0000] {dag.py:3834} INFO - Setting next_dagrun for example_sensors to None, run_after=None
[2024-05-13T15:42:48.082+0000] {processor.py:183} INFO - Processing /home/airflow/.local/lib/python3.8/site-packages/airflow/example_dags/example_sensors.py took 0.079 seconds
[2024-05-13T15:43:18.580+0000] {processor.py:161} INFO - Started process (PID=3838) to work on /home/airflow/.local/lib/python3.8/site-packages/airflow/example_dags/example_sensors.py
[2024-05-13T15:43:18.581+0000] {processor.py:830} INFO - Processing file /home/airflow/.local/lib/python3.8/site-packages/airflow/example_dags/example_sensors.py for tasks to queue
[2024-05-13T15:43:18.583+0000] {logging_mixin.py:188} INFO - [2024-05-13T15:43:18.583+0000] {dagbag.py:540} INFO - Filling up the DagBag from /home/airflow/.local/lib/python3.8/site-packages/airflow/example_dags/example_sensors.py
[2024-05-13T15:43:18.591+0000] {processor.py:840} INFO - DAG(s) 'example_sensors' retrieved from /home/airflow/.local/lib/python3.8/site-packages/airflow/example_dags/example_sensors.py
[2024-05-13T15:43:18.617+0000] {logging_mixin.py:188} INFO - [2024-05-13T15:43:18.616+0000] {dag.py:3047} INFO - Sync 1 DAGs
[2024-05-13T15:43:18.627+0000] {logging_mixin.py:188} INFO - [2024-05-13T15:43:18.627+0000] {dag.py:3834} INFO - Setting next_dagrun for example_sensors to None, run_after=None
[2024-05-13T15:43:18.651+0000] {processor.py:183} INFO - Processing /home/airflow/.local/lib/python3.8/site-packages/airflow/example_dags/example_sensors.py took 0.074 seconds
[2024-05-13T15:43:49.164+0000] {processor.py:161} INFO - Started process (PID=3906) to work on /home/airflow/.local/lib/python3.8/site-packages/airflow/example_dags/example_sensors.py
[2024-05-13T15:43:49.166+0000] {processor.py:830} INFO - Processing file /home/airflow/.local/lib/python3.8/site-packages/airflow/example_dags/example_sensors.py for tasks to queue
[2024-05-13T15:43:49.167+0000] {logging_mixin.py:188} INFO - [2024-05-13T15:43:49.167+0000] {dagbag.py:540} INFO - Filling up the DagBag from /home/airflow/.local/lib/python3.8/site-packages/airflow/example_dags/example_sensors.py
[2024-05-13T15:43:49.176+0000] {processor.py:840} INFO - DAG(s) 'example_sensors' retrieved from /home/airflow/.local/lib/python3.8/site-packages/airflow/example_dags/example_sensors.py
[2024-05-13T15:43:49.204+0000] {logging_mixin.py:188} INFO - [2024-05-13T15:43:49.204+0000] {dag.py:3047} INFO - Sync 1 DAGs
[2024-05-13T15:43:49.218+0000] {logging_mixin.py:188} INFO - [2024-05-13T15:43:49.217+0000] {dag.py:3834} INFO - Setting next_dagrun for example_sensors to None, run_after=None
[2024-05-13T15:43:49.244+0000] {processor.py:183} INFO - Processing /home/airflow/.local/lib/python3.8/site-packages/airflow/example_dags/example_sensors.py took 0.083 seconds
[2024-05-13T15:44:19.421+0000] {processor.py:161} INFO - Started process (PID=3974) to work on /home/airflow/.local/lib/python3.8/site-packages/airflow/example_dags/example_sensors.py
[2024-05-13T15:44:19.422+0000] {processor.py:830} INFO - Processing file /home/airflow/.local/lib/python3.8/site-packages/airflow/example_dags/example_sensors.py for tasks to queue
[2024-05-13T15:44:19.424+0000] {logging_mixin.py:188} INFO - [2024-05-13T15:44:19.424+0000] {dagbag.py:540} INFO - Filling up the DagBag from /home/airflow/.local/lib/python3.8/site-packages/airflow/example_dags/example_sensors.py
[2024-05-13T15:44:19.432+0000] {processor.py:840} INFO - DAG(s) 'example_sensors' retrieved from /home/airflow/.local/lib/python3.8/site-packages/airflow/example_dags/example_sensors.py
[2024-05-13T15:44:19.453+0000] {logging_mixin.py:188} INFO - [2024-05-13T15:44:19.453+0000] {dag.py:3047} INFO - Sync 1 DAGs
[2024-05-13T15:44:19.464+0000] {logging_mixin.py:188} INFO - [2024-05-13T15:44:19.464+0000] {dag.py:3834} INFO - Setting next_dagrun for example_sensors to None, run_after=None
[2024-05-13T15:44:19.480+0000] {processor.py:183} INFO - Processing /home/airflow/.local/lib/python3.8/site-packages/airflow/example_dags/example_sensors.py took 0.061 seconds
