[2024-05-13T15:15:20.095+0000] {processor.py:161} INFO - Started process (PID=103) to work on /home/airflow/.local/lib/python3.8/site-packages/airflow/example_dags/example_short_circuit_decorator.py
[2024-05-13T15:15:20.099+0000] {processor.py:830} INFO - Processing file /home/airflow/.local/lib/python3.8/site-packages/airflow/example_dags/example_short_circuit_decorator.py for tasks to queue
[2024-05-13T15:15:20.102+0000] {logging_mixin.py:188} INFO - [2024-05-13T15:15:20.101+0000] {dagbag.py:540} INFO - Filling up the DagBag from /home/airflow/.local/lib/python3.8/site-packages/airflow/example_dags/example_short_circuit_decorator.py
[2024-05-13T15:15:20.115+0000] {processor.py:840} INFO - DAG(s) 'example_short_circuit_decorator' retrieved from /home/airflow/.local/lib/python3.8/site-packages/airflow/example_dags/example_short_circuit_decorator.py
[2024-05-13T15:15:20.267+0000] {logging_mixin.py:188} INFO - [2024-05-13T15:15:20.266+0000] {override.py:1769} INFO - Created Permission View: can delete on DAG:example_short_circuit_decorator
[2024-05-13T15:15:20.287+0000] {logging_mixin.py:188} INFO - [2024-05-13T15:15:20.286+0000] {override.py:1769} INFO - Created Permission View: can edit on DAG:example_short_circuit_decorator
[2024-05-13T15:15:20.303+0000] {logging_mixin.py:188} INFO - [2024-05-13T15:15:20.303+0000] {override.py:1769} INFO - Created Permission View: can read on DAG:example_short_circuit_decorator
[2024-05-13T15:15:20.304+0000] {logging_mixin.py:188} INFO - [2024-05-13T15:15:20.304+0000] {dag.py:3047} INFO - Sync 1 DAGs
[2024-05-13T15:15:20.322+0000] {logging_mixin.py:188} INFO - [2024-05-13T15:15:20.322+0000] {dag.py:3069} INFO - Creating ORM DAG for example_short_circuit_decorator
[2024-05-13T15:15:20.345+0000] {logging_mixin.py:188} INFO - [2024-05-13T15:15:20.345+0000] {dag.py:3834} INFO - Setting next_dagrun for example_short_circuit_decorator to 2024-05-12 00:00:00+00:00, run_after=2024-05-13 00:00:00+00:00
[2024-05-13T15:15:20.382+0000] {processor.py:183} INFO - Processing /home/airflow/.local/lib/python3.8/site-packages/airflow/example_dags/example_short_circuit_decorator.py took 0.292 seconds
[2024-05-13T15:15:51.297+0000] {processor.py:161} INFO - Started process (PID=171) to work on /home/airflow/.local/lib/python3.8/site-packages/airflow/example_dags/example_short_circuit_decorator.py
[2024-05-13T15:15:51.298+0000] {processor.py:830} INFO - Processing file /home/airflow/.local/lib/python3.8/site-packages/airflow/example_dags/example_short_circuit_decorator.py for tasks to queue
[2024-05-13T15:15:51.300+0000] {logging_mixin.py:188} INFO - [2024-05-13T15:15:51.300+0000] {dagbag.py:540} INFO - Filling up the DagBag from /home/airflow/.local/lib/python3.8/site-packages/airflow/example_dags/example_short_circuit_decorator.py
[2024-05-13T15:15:51.309+0000] {processor.py:840} INFO - DAG(s) 'example_short_circuit_decorator' retrieved from /home/airflow/.local/lib/python3.8/site-packages/airflow/example_dags/example_short_circuit_decorator.py
[2024-05-13T15:15:51.327+0000] {logging_mixin.py:188} INFO - [2024-05-13T15:15:51.327+0000] {dag.py:3047} INFO - Sync 1 DAGs
[2024-05-13T15:15:51.347+0000] {logging_mixin.py:188} INFO - [2024-05-13T15:15:51.346+0000] {dag.py:3834} INFO - Setting next_dagrun for example_short_circuit_decorator to 2024-05-12 00:00:00+00:00, run_after=2024-05-13 00:00:00+00:00
[2024-05-13T15:15:51.364+0000] {processor.py:183} INFO - Processing /home/airflow/.local/lib/python3.8/site-packages/airflow/example_dags/example_short_circuit_decorator.py took 0.070 seconds
[2024-05-13T15:16:21.968+0000] {processor.py:161} INFO - Started process (PID=239) to work on /home/airflow/.local/lib/python3.8/site-packages/airflow/example_dags/example_short_circuit_decorator.py
[2024-05-13T15:16:21.969+0000] {processor.py:830} INFO - Processing file /home/airflow/.local/lib/python3.8/site-packages/airflow/example_dags/example_short_circuit_decorator.py for tasks to queue
[2024-05-13T15:16:21.971+0000] {logging_mixin.py:188} INFO - [2024-05-13T15:16:21.971+0000] {dagbag.py:540} INFO - Filling up the DagBag from /home/airflow/.local/lib/python3.8/site-packages/airflow/example_dags/example_short_circuit_decorator.py
[2024-05-13T15:16:21.980+0000] {processor.py:840} INFO - DAG(s) 'example_short_circuit_decorator' retrieved from /home/airflow/.local/lib/python3.8/site-packages/airflow/example_dags/example_short_circuit_decorator.py
[2024-05-13T15:16:22.003+0000] {logging_mixin.py:188} INFO - [2024-05-13T15:16:22.003+0000] {dag.py:3047} INFO - Sync 1 DAGs
[2024-05-13T15:16:22.023+0000] {logging_mixin.py:188} INFO - [2024-05-13T15:16:22.023+0000] {dag.py:3834} INFO - Setting next_dagrun for example_short_circuit_decorator to 2024-05-12 00:00:00+00:00, run_after=2024-05-13 00:00:00+00:00
[2024-05-13T15:16:22.045+0000] {processor.py:183} INFO - Processing /home/airflow/.local/lib/python3.8/site-packages/airflow/example_dags/example_short_circuit_decorator.py took 0.080 seconds
[2024-05-13T15:16:52.169+0000] {processor.py:161} INFO - Started process (PID=307) to work on /home/airflow/.local/lib/python3.8/site-packages/airflow/example_dags/example_short_circuit_decorator.py
[2024-05-13T15:16:52.170+0000] {processor.py:830} INFO - Processing file /home/airflow/.local/lib/python3.8/site-packages/airflow/example_dags/example_short_circuit_decorator.py for tasks to queue
[2024-05-13T15:16:52.172+0000] {logging_mixin.py:188} INFO - [2024-05-13T15:16:52.172+0000] {dagbag.py:540} INFO - Filling up the DagBag from /home/airflow/.local/lib/python3.8/site-packages/airflow/example_dags/example_short_circuit_decorator.py
[2024-05-13T15:16:52.182+0000] {processor.py:840} INFO - DAG(s) 'example_short_circuit_decorator' retrieved from /home/airflow/.local/lib/python3.8/site-packages/airflow/example_dags/example_short_circuit_decorator.py
[2024-05-13T15:16:52.206+0000] {logging_mixin.py:188} INFO - [2024-05-13T15:16:52.206+0000] {dag.py:3047} INFO - Sync 1 DAGs
[2024-05-13T15:16:52.229+0000] {logging_mixin.py:188} INFO - [2024-05-13T15:16:52.228+0000] {dag.py:3834} INFO - Setting next_dagrun for example_short_circuit_decorator to 2024-05-12 00:00:00+00:00, run_after=2024-05-13 00:00:00+00:00
[2024-05-13T15:16:52.251+0000] {processor.py:183} INFO - Processing /home/airflow/.local/lib/python3.8/site-packages/airflow/example_dags/example_short_circuit_decorator.py took 0.086 seconds
[2024-05-13T15:17:23.380+0000] {processor.py:161} INFO - Started process (PID=374) to work on /home/airflow/.local/lib/python3.8/site-packages/airflow/example_dags/example_short_circuit_decorator.py
[2024-05-13T15:17:23.381+0000] {processor.py:830} INFO - Processing file /home/airflow/.local/lib/python3.8/site-packages/airflow/example_dags/example_short_circuit_decorator.py for tasks to queue
[2024-05-13T15:17:23.383+0000] {logging_mixin.py:188} INFO - [2024-05-13T15:17:23.383+0000] {dagbag.py:540} INFO - Filling up the DagBag from /home/airflow/.local/lib/python3.8/site-packages/airflow/example_dags/example_short_circuit_decorator.py
[2024-05-13T15:17:23.392+0000] {processor.py:840} INFO - DAG(s) 'example_short_circuit_decorator' retrieved from /home/airflow/.local/lib/python3.8/site-packages/airflow/example_dags/example_short_circuit_decorator.py
[2024-05-13T15:17:23.413+0000] {logging_mixin.py:188} INFO - [2024-05-13T15:17:23.412+0000] {dag.py:3047} INFO - Sync 1 DAGs
[2024-05-13T15:17:23.431+0000] {logging_mixin.py:188} INFO - [2024-05-13T15:17:23.430+0000] {dag.py:3834} INFO - Setting next_dagrun for example_short_circuit_decorator to 2024-05-12 00:00:00+00:00, run_after=2024-05-13 00:00:00+00:00
[2024-05-13T15:17:23.449+0000] {processor.py:183} INFO - Processing /home/airflow/.local/lib/python3.8/site-packages/airflow/example_dags/example_short_circuit_decorator.py took 0.072 seconds
[2024-05-13T15:17:53.518+0000] {processor.py:161} INFO - Started process (PID=430) to work on /home/airflow/.local/lib/python3.8/site-packages/airflow/example_dags/example_short_circuit_decorator.py
[2024-05-13T15:17:53.520+0000] {processor.py:830} INFO - Processing file /home/airflow/.local/lib/python3.8/site-packages/airflow/example_dags/example_short_circuit_decorator.py for tasks to queue
[2024-05-13T15:17:53.522+0000] {logging_mixin.py:188} INFO - [2024-05-13T15:17:53.522+0000] {dagbag.py:540} INFO - Filling up the DagBag from /home/airflow/.local/lib/python3.8/site-packages/airflow/example_dags/example_short_circuit_decorator.py
[2024-05-13T15:17:53.531+0000] {processor.py:840} INFO - DAG(s) 'example_short_circuit_decorator' retrieved from /home/airflow/.local/lib/python3.8/site-packages/airflow/example_dags/example_short_circuit_decorator.py
[2024-05-13T15:17:53.551+0000] {logging_mixin.py:188} INFO - [2024-05-13T15:17:53.551+0000] {dag.py:3047} INFO - Sync 1 DAGs
[2024-05-13T15:17:53.571+0000] {logging_mixin.py:188} INFO - [2024-05-13T15:17:53.571+0000] {dag.py:3834} INFO - Setting next_dagrun for example_short_circuit_decorator to 2024-05-12 00:00:00+00:00, run_after=2024-05-13 00:00:00+00:00
[2024-05-13T15:17:53.586+0000] {processor.py:183} INFO - Processing /home/airflow/.local/lib/python3.8/site-packages/airflow/example_dags/example_short_circuit_decorator.py took 0.071 seconds
[2024-05-13T15:18:23.656+0000] {processor.py:161} INFO - Started process (PID=498) to work on /home/airflow/.local/lib/python3.8/site-packages/airflow/example_dags/example_short_circuit_decorator.py
[2024-05-13T15:18:23.658+0000] {processor.py:830} INFO - Processing file /home/airflow/.local/lib/python3.8/site-packages/airflow/example_dags/example_short_circuit_decorator.py for tasks to queue
[2024-05-13T15:18:23.662+0000] {logging_mixin.py:188} INFO - [2024-05-13T15:18:23.661+0000] {dagbag.py:540} INFO - Filling up the DagBag from /home/airflow/.local/lib/python3.8/site-packages/airflow/example_dags/example_short_circuit_decorator.py
[2024-05-13T15:18:23.674+0000] {processor.py:840} INFO - DAG(s) 'example_short_circuit_decorator' retrieved from /home/airflow/.local/lib/python3.8/site-packages/airflow/example_dags/example_short_circuit_decorator.py
[2024-05-13T15:18:23.704+0000] {logging_mixin.py:188} INFO - [2024-05-13T15:18:23.703+0000] {dag.py:3047} INFO - Sync 1 DAGs
[2024-05-13T15:18:23.735+0000] {logging_mixin.py:188} INFO - [2024-05-13T15:18:23.735+0000] {dag.py:3834} INFO - Setting next_dagrun for example_short_circuit_decorator to 2024-05-12 00:00:00+00:00, run_after=2024-05-13 00:00:00+00:00
[2024-05-13T15:18:23.759+0000] {processor.py:183} INFO - Processing /home/airflow/.local/lib/python3.8/site-packages/airflow/example_dags/example_short_circuit_decorator.py took 0.108 seconds
[2024-05-13T15:18:53.816+0000] {processor.py:161} INFO - Started process (PID=566) to work on /home/airflow/.local/lib/python3.8/site-packages/airflow/example_dags/example_short_circuit_decorator.py
[2024-05-13T15:18:53.817+0000] {processor.py:830} INFO - Processing file /home/airflow/.local/lib/python3.8/site-packages/airflow/example_dags/example_short_circuit_decorator.py for tasks to queue
[2024-05-13T15:18:53.819+0000] {logging_mixin.py:188} INFO - [2024-05-13T15:18:53.819+0000] {dagbag.py:540} INFO - Filling up the DagBag from /home/airflow/.local/lib/python3.8/site-packages/airflow/example_dags/example_short_circuit_decorator.py
[2024-05-13T15:18:53.828+0000] {processor.py:840} INFO - DAG(s) 'example_short_circuit_decorator' retrieved from /home/airflow/.local/lib/python3.8/site-packages/airflow/example_dags/example_short_circuit_decorator.py
[2024-05-13T15:18:53.850+0000] {logging_mixin.py:188} INFO - [2024-05-13T15:18:53.850+0000] {dag.py:3047} INFO - Sync 1 DAGs
[2024-05-13T15:18:53.870+0000] {logging_mixin.py:188} INFO - [2024-05-13T15:18:53.870+0000] {dag.py:3834} INFO - Setting next_dagrun for example_short_circuit_decorator to 2024-05-12 00:00:00+00:00, run_after=2024-05-13 00:00:00+00:00
[2024-05-13T15:18:53.894+0000] {processor.py:183} INFO - Processing /home/airflow/.local/lib/python3.8/site-packages/airflow/example_dags/example_short_circuit_decorator.py took 0.080 seconds
[2024-05-13T15:19:23.960+0000] {processor.py:161} INFO - Started process (PID=634) to work on /home/airflow/.local/lib/python3.8/site-packages/airflow/example_dags/example_short_circuit_decorator.py
[2024-05-13T15:19:23.961+0000] {processor.py:830} INFO - Processing file /home/airflow/.local/lib/python3.8/site-packages/airflow/example_dags/example_short_circuit_decorator.py for tasks to queue
[2024-05-13T15:19:23.963+0000] {logging_mixin.py:188} INFO - [2024-05-13T15:19:23.963+0000] {dagbag.py:540} INFO - Filling up the DagBag from /home/airflow/.local/lib/python3.8/site-packages/airflow/example_dags/example_short_circuit_decorator.py
[2024-05-13T15:19:23.973+0000] {processor.py:840} INFO - DAG(s) 'example_short_circuit_decorator' retrieved from /home/airflow/.local/lib/python3.8/site-packages/airflow/example_dags/example_short_circuit_decorator.py
[2024-05-13T15:19:23.994+0000] {logging_mixin.py:188} INFO - [2024-05-13T15:19:23.994+0000] {dag.py:3047} INFO - Sync 1 DAGs
[2024-05-13T15:19:24.015+0000] {logging_mixin.py:188} INFO - [2024-05-13T15:19:24.015+0000] {dag.py:3834} INFO - Setting next_dagrun for example_short_circuit_decorator to 2024-05-12 00:00:00+00:00, run_after=2024-05-13 00:00:00+00:00
[2024-05-13T15:19:24.034+0000] {processor.py:183} INFO - Processing /home/airflow/.local/lib/python3.8/site-packages/airflow/example_dags/example_short_circuit_decorator.py took 0.077 seconds
[2024-05-13T15:19:54.240+0000] {processor.py:161} INFO - Started process (PID=702) to work on /home/airflow/.local/lib/python3.8/site-packages/airflow/example_dags/example_short_circuit_decorator.py
[2024-05-13T15:19:54.241+0000] {processor.py:830} INFO - Processing file /home/airflow/.local/lib/python3.8/site-packages/airflow/example_dags/example_short_circuit_decorator.py for tasks to queue
[2024-05-13T15:19:54.243+0000] {logging_mixin.py:188} INFO - [2024-05-13T15:19:54.243+0000] {dagbag.py:540} INFO - Filling up the DagBag from /home/airflow/.local/lib/python3.8/site-packages/airflow/example_dags/example_short_circuit_decorator.py
[2024-05-13T15:19:54.251+0000] {processor.py:840} INFO - DAG(s) 'example_short_circuit_decorator' retrieved from /home/airflow/.local/lib/python3.8/site-packages/airflow/example_dags/example_short_circuit_decorator.py
[2024-05-13T15:19:54.273+0000] {logging_mixin.py:188} INFO - [2024-05-13T15:19:54.273+0000] {dag.py:3047} INFO - Sync 1 DAGs
[2024-05-13T15:19:54.293+0000] {logging_mixin.py:188} INFO - [2024-05-13T15:19:54.293+0000] {dag.py:3834} INFO - Setting next_dagrun for example_short_circuit_decorator to 2024-05-12 00:00:00+00:00, run_after=2024-05-13 00:00:00+00:00
[2024-05-13T15:19:54.311+0000] {processor.py:183} INFO - Processing /home/airflow/.local/lib/python3.8/site-packages/airflow/example_dags/example_short_circuit_decorator.py took 0.074 seconds
[2024-05-13T15:20:24.660+0000] {processor.py:161} INFO - Started process (PID=770) to work on /home/airflow/.local/lib/python3.8/site-packages/airflow/example_dags/example_short_circuit_decorator.py
[2024-05-13T15:20:24.661+0000] {processor.py:830} INFO - Processing file /home/airflow/.local/lib/python3.8/site-packages/airflow/example_dags/example_short_circuit_decorator.py for tasks to queue
[2024-05-13T15:20:24.664+0000] {logging_mixin.py:188} INFO - [2024-05-13T15:20:24.663+0000] {dagbag.py:540} INFO - Filling up the DagBag from /home/airflow/.local/lib/python3.8/site-packages/airflow/example_dags/example_short_circuit_decorator.py
[2024-05-13T15:20:24.674+0000] {processor.py:840} INFO - DAG(s) 'example_short_circuit_decorator' retrieved from /home/airflow/.local/lib/python3.8/site-packages/airflow/example_dags/example_short_circuit_decorator.py
[2024-05-13T15:20:24.705+0000] {logging_mixin.py:188} INFO - [2024-05-13T15:20:24.704+0000] {dag.py:3047} INFO - Sync 1 DAGs
[2024-05-13T15:20:24.731+0000] {logging_mixin.py:188} INFO - [2024-05-13T15:20:24.731+0000] {dag.py:3834} INFO - Setting next_dagrun for example_short_circuit_decorator to 2024-05-12 00:00:00+00:00, run_after=2024-05-13 00:00:00+00:00
[2024-05-13T15:20:24.750+0000] {processor.py:183} INFO - Processing /home/airflow/.local/lib/python3.8/site-packages/airflow/example_dags/example_short_circuit_decorator.py took 0.093 seconds
[2024-05-13T15:20:55.020+0000] {processor.py:161} INFO - Started process (PID=842) to work on /home/airflow/.local/lib/python3.8/site-packages/airflow/example_dags/example_short_circuit_decorator.py
[2024-05-13T15:20:55.021+0000] {processor.py:830} INFO - Processing file /home/airflow/.local/lib/python3.8/site-packages/airflow/example_dags/example_short_circuit_decorator.py for tasks to queue
[2024-05-13T15:20:55.023+0000] {logging_mixin.py:188} INFO - [2024-05-13T15:20:55.023+0000] {dagbag.py:540} INFO - Filling up the DagBag from /home/airflow/.local/lib/python3.8/site-packages/airflow/example_dags/example_short_circuit_decorator.py
[2024-05-13T15:20:55.031+0000] {processor.py:840} INFO - DAG(s) 'example_short_circuit_decorator' retrieved from /home/airflow/.local/lib/python3.8/site-packages/airflow/example_dags/example_short_circuit_decorator.py
[2024-05-13T15:20:55.054+0000] {logging_mixin.py:188} INFO - [2024-05-13T15:20:55.054+0000] {dag.py:3047} INFO - Sync 1 DAGs
[2024-05-13T15:20:55.076+0000] {logging_mixin.py:188} INFO - [2024-05-13T15:20:55.075+0000] {dag.py:3834} INFO - Setting next_dagrun for example_short_circuit_decorator to 2024-05-12 00:00:00+00:00, run_after=2024-05-13 00:00:00+00:00
[2024-05-13T15:20:55.094+0000] {processor.py:183} INFO - Processing /home/airflow/.local/lib/python3.8/site-packages/airflow/example_dags/example_short_circuit_decorator.py took 0.077 seconds
[2024-05-13T15:21:25.204+0000] {processor.py:161} INFO - Started process (PID=910) to work on /home/airflow/.local/lib/python3.8/site-packages/airflow/example_dags/example_short_circuit_decorator.py
[2024-05-13T15:21:25.205+0000] {processor.py:830} INFO - Processing file /home/airflow/.local/lib/python3.8/site-packages/airflow/example_dags/example_short_circuit_decorator.py for tasks to queue
[2024-05-13T15:21:25.208+0000] {logging_mixin.py:188} INFO - [2024-05-13T15:21:25.207+0000] {dagbag.py:540} INFO - Filling up the DagBag from /home/airflow/.local/lib/python3.8/site-packages/airflow/example_dags/example_short_circuit_decorator.py
[2024-05-13T15:21:25.217+0000] {processor.py:840} INFO - DAG(s) 'example_short_circuit_decorator' retrieved from /home/airflow/.local/lib/python3.8/site-packages/airflow/example_dags/example_short_circuit_decorator.py
[2024-05-13T15:21:25.244+0000] {logging_mixin.py:188} INFO - [2024-05-13T15:21:25.243+0000] {dag.py:3047} INFO - Sync 1 DAGs
[2024-05-13T15:21:25.269+0000] {logging_mixin.py:188} INFO - [2024-05-13T15:21:25.268+0000] {dag.py:3834} INFO - Setting next_dagrun for example_short_circuit_decorator to 2024-05-12 00:00:00+00:00, run_after=2024-05-13 00:00:00+00:00
[2024-05-13T15:21:25.291+0000] {processor.py:183} INFO - Processing /home/airflow/.local/lib/python3.8/site-packages/airflow/example_dags/example_short_circuit_decorator.py took 0.090 seconds
[2024-05-13T15:21:55.501+0000] {processor.py:161} INFO - Started process (PID=978) to work on /home/airflow/.local/lib/python3.8/site-packages/airflow/example_dags/example_short_circuit_decorator.py
[2024-05-13T15:21:55.503+0000] {processor.py:830} INFO - Processing file /home/airflow/.local/lib/python3.8/site-packages/airflow/example_dags/example_short_circuit_decorator.py for tasks to queue
[2024-05-13T15:21:55.506+0000] {logging_mixin.py:188} INFO - [2024-05-13T15:21:55.505+0000] {dagbag.py:540} INFO - Filling up the DagBag from /home/airflow/.local/lib/python3.8/site-packages/airflow/example_dags/example_short_circuit_decorator.py
[2024-05-13T15:21:55.517+0000] {processor.py:840} INFO - DAG(s) 'example_short_circuit_decorator' retrieved from /home/airflow/.local/lib/python3.8/site-packages/airflow/example_dags/example_short_circuit_decorator.py
[2024-05-13T15:21:55.547+0000] {logging_mixin.py:188} INFO - [2024-05-13T15:21:55.547+0000] {dag.py:3047} INFO - Sync 1 DAGs
[2024-05-13T15:21:55.579+0000] {logging_mixin.py:188} INFO - [2024-05-13T15:21:55.578+0000] {dag.py:3834} INFO - Setting next_dagrun for example_short_circuit_decorator to 2024-05-12 00:00:00+00:00, run_after=2024-05-13 00:00:00+00:00
[2024-05-13T15:21:55.606+0000] {processor.py:183} INFO - Processing /home/airflow/.local/lib/python3.8/site-packages/airflow/example_dags/example_short_circuit_decorator.py took 0.109 seconds
[2024-05-13T15:22:26.461+0000] {processor.py:161} INFO - Started process (PID=1046) to work on /home/airflow/.local/lib/python3.8/site-packages/airflow/example_dags/example_short_circuit_decorator.py
[2024-05-13T15:22:26.463+0000] {processor.py:830} INFO - Processing file /home/airflow/.local/lib/python3.8/site-packages/airflow/example_dags/example_short_circuit_decorator.py for tasks to queue
[2024-05-13T15:22:26.465+0000] {logging_mixin.py:188} INFO - [2024-05-13T15:22:26.465+0000] {dagbag.py:540} INFO - Filling up the DagBag from /home/airflow/.local/lib/python3.8/site-packages/airflow/example_dags/example_short_circuit_decorator.py
[2024-05-13T15:22:26.478+0000] {processor.py:840} INFO - DAG(s) 'example_short_circuit_decorator' retrieved from /home/airflow/.local/lib/python3.8/site-packages/airflow/example_dags/example_short_circuit_decorator.py
[2024-05-13T15:22:26.502+0000] {logging_mixin.py:188} INFO - [2024-05-13T15:22:26.502+0000] {dag.py:3047} INFO - Sync 1 DAGs
[2024-05-13T15:22:26.527+0000] {logging_mixin.py:188} INFO - [2024-05-13T15:22:26.527+0000] {dag.py:3834} INFO - Setting next_dagrun for example_short_circuit_decorator to 2024-05-12 00:00:00+00:00, run_after=2024-05-13 00:00:00+00:00
[2024-05-13T15:22:26.560+0000] {processor.py:183} INFO - Processing /home/airflow/.local/lib/python3.8/site-packages/airflow/example_dags/example_short_circuit_decorator.py took 0.103 seconds
[2024-05-13T15:22:56.837+0000] {processor.py:161} INFO - Started process (PID=1115) to work on /home/airflow/.local/lib/python3.8/site-packages/airflow/example_dags/example_short_circuit_decorator.py
[2024-05-13T15:22:56.841+0000] {processor.py:830} INFO - Processing file /home/airflow/.local/lib/python3.8/site-packages/airflow/example_dags/example_short_circuit_decorator.py for tasks to queue
[2024-05-13T15:22:56.843+0000] {logging_mixin.py:188} INFO - [2024-05-13T15:22:56.843+0000] {dagbag.py:540} INFO - Filling up the DagBag from /home/airflow/.local/lib/python3.8/site-packages/airflow/example_dags/example_short_circuit_decorator.py
[2024-05-13T15:22:56.854+0000] {processor.py:840} INFO - DAG(s) 'example_short_circuit_decorator' retrieved from /home/airflow/.local/lib/python3.8/site-packages/airflow/example_dags/example_short_circuit_decorator.py
[2024-05-13T15:22:56.884+0000] {logging_mixin.py:188} INFO - [2024-05-13T15:22:56.883+0000] {dag.py:3047} INFO - Sync 1 DAGs
[2024-05-13T15:22:56.911+0000] {logging_mixin.py:188} INFO - [2024-05-13T15:22:56.911+0000] {dag.py:3834} INFO - Setting next_dagrun for example_short_circuit_decorator to 2024-05-12 00:00:00+00:00, run_after=2024-05-13 00:00:00+00:00
[2024-05-13T15:22:56.935+0000] {processor.py:183} INFO - Processing /home/airflow/.local/lib/python3.8/site-packages/airflow/example_dags/example_short_circuit_decorator.py took 0.108 seconds
[2024-05-13T15:23:27.319+0000] {processor.py:161} INFO - Started process (PID=1183) to work on /home/airflow/.local/lib/python3.8/site-packages/airflow/example_dags/example_short_circuit_decorator.py
[2024-05-13T15:23:27.320+0000] {processor.py:830} INFO - Processing file /home/airflow/.local/lib/python3.8/site-packages/airflow/example_dags/example_short_circuit_decorator.py for tasks to queue
[2024-05-13T15:23:27.322+0000] {logging_mixin.py:188} INFO - [2024-05-13T15:23:27.322+0000] {dagbag.py:540} INFO - Filling up the DagBag from /home/airflow/.local/lib/python3.8/site-packages/airflow/example_dags/example_short_circuit_decorator.py
[2024-05-13T15:23:27.335+0000] {processor.py:840} INFO - DAG(s) 'example_short_circuit_decorator' retrieved from /home/airflow/.local/lib/python3.8/site-packages/airflow/example_dags/example_short_circuit_decorator.py
[2024-05-13T15:23:27.363+0000] {logging_mixin.py:188} INFO - [2024-05-13T15:23:27.363+0000] {dag.py:3047} INFO - Sync 1 DAGs
[2024-05-13T15:23:27.389+0000] {logging_mixin.py:188} INFO - [2024-05-13T15:23:27.389+0000] {dag.py:3834} INFO - Setting next_dagrun for example_short_circuit_decorator to 2024-05-12 00:00:00+00:00, run_after=2024-05-13 00:00:00+00:00
[2024-05-13T15:23:27.416+0000] {processor.py:183} INFO - Processing /home/airflow/.local/lib/python3.8/site-packages/airflow/example_dags/example_short_circuit_decorator.py took 0.100 seconds
[2024-05-13T15:23:58.056+0000] {processor.py:161} INFO - Started process (PID=1251) to work on /home/airflow/.local/lib/python3.8/site-packages/airflow/example_dags/example_short_circuit_decorator.py
[2024-05-13T15:23:58.058+0000] {processor.py:830} INFO - Processing file /home/airflow/.local/lib/python3.8/site-packages/airflow/example_dags/example_short_circuit_decorator.py for tasks to queue
[2024-05-13T15:23:58.060+0000] {logging_mixin.py:188} INFO - [2024-05-13T15:23:58.059+0000] {dagbag.py:540} INFO - Filling up the DagBag from /home/airflow/.local/lib/python3.8/site-packages/airflow/example_dags/example_short_circuit_decorator.py
[2024-05-13T15:23:58.071+0000] {processor.py:840} INFO - DAG(s) 'example_short_circuit_decorator' retrieved from /home/airflow/.local/lib/python3.8/site-packages/airflow/example_dags/example_short_circuit_decorator.py
[2024-05-13T15:23:58.099+0000] {logging_mixin.py:188} INFO - [2024-05-13T15:23:58.099+0000] {dag.py:3047} INFO - Sync 1 DAGs
[2024-05-13T15:23:58.127+0000] {logging_mixin.py:188} INFO - [2024-05-13T15:23:58.127+0000] {dag.py:3834} INFO - Setting next_dagrun for example_short_circuit_decorator to 2024-05-12 00:00:00+00:00, run_after=2024-05-13 00:00:00+00:00
[2024-05-13T15:23:58.151+0000] {processor.py:183} INFO - Processing /home/airflow/.local/lib/python3.8/site-packages/airflow/example_dags/example_short_circuit_decorator.py took 0.098 seconds
[2024-05-13T15:24:28.246+0000] {processor.py:161} INFO - Started process (PID=1319) to work on /home/airflow/.local/lib/python3.8/site-packages/airflow/example_dags/example_short_circuit_decorator.py
[2024-05-13T15:24:28.247+0000] {processor.py:830} INFO - Processing file /home/airflow/.local/lib/python3.8/site-packages/airflow/example_dags/example_short_circuit_decorator.py for tasks to queue
[2024-05-13T15:24:28.249+0000] {logging_mixin.py:188} INFO - [2024-05-13T15:24:28.249+0000] {dagbag.py:540} INFO - Filling up the DagBag from /home/airflow/.local/lib/python3.8/site-packages/airflow/example_dags/example_short_circuit_decorator.py
[2024-05-13T15:24:28.259+0000] {processor.py:840} INFO - DAG(s) 'example_short_circuit_decorator' retrieved from /home/airflow/.local/lib/python3.8/site-packages/airflow/example_dags/example_short_circuit_decorator.py
[2024-05-13T15:24:28.282+0000] {logging_mixin.py:188} INFO - [2024-05-13T15:24:28.282+0000] {dag.py:3047} INFO - Sync 1 DAGs
[2024-05-13T15:24:28.304+0000] {logging_mixin.py:188} INFO - [2024-05-13T15:24:28.303+0000] {dag.py:3834} INFO - Setting next_dagrun for example_short_circuit_decorator to 2024-05-12 00:00:00+00:00, run_after=2024-05-13 00:00:00+00:00
[2024-05-13T15:24:28.325+0000] {processor.py:183} INFO - Processing /home/airflow/.local/lib/python3.8/site-packages/airflow/example_dags/example_short_circuit_decorator.py took 0.082 seconds
[2024-05-13T15:24:58.402+0000] {processor.py:161} INFO - Started process (PID=1387) to work on /home/airflow/.local/lib/python3.8/site-packages/airflow/example_dags/example_short_circuit_decorator.py
[2024-05-13T15:24:58.403+0000] {processor.py:830} INFO - Processing file /home/airflow/.local/lib/python3.8/site-packages/airflow/example_dags/example_short_circuit_decorator.py for tasks to queue
[2024-05-13T15:24:58.404+0000] {logging_mixin.py:188} INFO - [2024-05-13T15:24:58.404+0000] {dagbag.py:540} INFO - Filling up the DagBag from /home/airflow/.local/lib/python3.8/site-packages/airflow/example_dags/example_short_circuit_decorator.py
[2024-05-13T15:24:58.413+0000] {processor.py:840} INFO - DAG(s) 'example_short_circuit_decorator' retrieved from /home/airflow/.local/lib/python3.8/site-packages/airflow/example_dags/example_short_circuit_decorator.py
[2024-05-13T15:24:58.433+0000] {logging_mixin.py:188} INFO - [2024-05-13T15:24:58.433+0000] {dag.py:3047} INFO - Sync 1 DAGs
[2024-05-13T15:24:58.452+0000] {logging_mixin.py:188} INFO - [2024-05-13T15:24:58.452+0000] {dag.py:3834} INFO - Setting next_dagrun for example_short_circuit_decorator to 2024-05-12 00:00:00+00:00, run_after=2024-05-13 00:00:00+00:00
[2024-05-13T15:24:58.469+0000] {processor.py:183} INFO - Processing /home/airflow/.local/lib/python3.8/site-packages/airflow/example_dags/example_short_circuit_decorator.py took 0.070 seconds
[2024-05-13T15:25:28.740+0000] {processor.py:161} INFO - Started process (PID=1456) to work on /home/airflow/.local/lib/python3.8/site-packages/airflow/example_dags/example_short_circuit_decorator.py
[2024-05-13T15:25:28.741+0000] {processor.py:830} INFO - Processing file /home/airflow/.local/lib/python3.8/site-packages/airflow/example_dags/example_short_circuit_decorator.py for tasks to queue
[2024-05-13T15:25:28.743+0000] {logging_mixin.py:188} INFO - [2024-05-13T15:25:28.743+0000] {dagbag.py:540} INFO - Filling up the DagBag from /home/airflow/.local/lib/python3.8/site-packages/airflow/example_dags/example_short_circuit_decorator.py
[2024-05-13T15:25:28.752+0000] {processor.py:840} INFO - DAG(s) 'example_short_circuit_decorator' retrieved from /home/airflow/.local/lib/python3.8/site-packages/airflow/example_dags/example_short_circuit_decorator.py
[2024-05-13T15:25:28.775+0000] {logging_mixin.py:188} INFO - [2024-05-13T15:25:28.775+0000] {dag.py:3047} INFO - Sync 1 DAGs
[2024-05-13T15:25:28.797+0000] {logging_mixin.py:188} INFO - [2024-05-13T15:25:28.797+0000] {dag.py:3834} INFO - Setting next_dagrun for example_short_circuit_decorator to 2024-05-12 00:00:00+00:00, run_after=2024-05-13 00:00:00+00:00
[2024-05-13T15:25:28.817+0000] {processor.py:183} INFO - Processing /home/airflow/.local/lib/python3.8/site-packages/airflow/example_dags/example_short_circuit_decorator.py took 0.081 seconds
[2024-05-13T15:25:59.143+0000] {processor.py:161} INFO - Started process (PID=1524) to work on /home/airflow/.local/lib/python3.8/site-packages/airflow/example_dags/example_short_circuit_decorator.py
[2024-05-13T15:25:59.144+0000] {processor.py:830} INFO - Processing file /home/airflow/.local/lib/python3.8/site-packages/airflow/example_dags/example_short_circuit_decorator.py for tasks to queue
[2024-05-13T15:25:59.145+0000] {logging_mixin.py:188} INFO - [2024-05-13T15:25:59.145+0000] {dagbag.py:540} INFO - Filling up the DagBag from /home/airflow/.local/lib/python3.8/site-packages/airflow/example_dags/example_short_circuit_decorator.py
[2024-05-13T15:25:59.157+0000] {processor.py:840} INFO - DAG(s) 'example_short_circuit_decorator' retrieved from /home/airflow/.local/lib/python3.8/site-packages/airflow/example_dags/example_short_circuit_decorator.py
[2024-05-13T15:25:59.178+0000] {logging_mixin.py:188} INFO - [2024-05-13T15:25:59.177+0000] {dag.py:3047} INFO - Sync 1 DAGs
[2024-05-13T15:25:59.198+0000] {logging_mixin.py:188} INFO - [2024-05-13T15:25:59.198+0000] {dag.py:3834} INFO - Setting next_dagrun for example_short_circuit_decorator to 2024-05-12 00:00:00+00:00, run_after=2024-05-13 00:00:00+00:00
[2024-05-13T15:25:59.217+0000] {processor.py:183} INFO - Processing /home/airflow/.local/lib/python3.8/site-packages/airflow/example_dags/example_short_circuit_decorator.py took 0.077 seconds
[2024-05-13T15:26:29.430+0000] {processor.py:161} INFO - Started process (PID=1592) to work on /home/airflow/.local/lib/python3.8/site-packages/airflow/example_dags/example_short_circuit_decorator.py
[2024-05-13T15:26:29.431+0000] {processor.py:830} INFO - Processing file /home/airflow/.local/lib/python3.8/site-packages/airflow/example_dags/example_short_circuit_decorator.py for tasks to queue
[2024-05-13T15:26:29.433+0000] {logging_mixin.py:188} INFO - [2024-05-13T15:26:29.432+0000] {dagbag.py:540} INFO - Filling up the DagBag from /home/airflow/.local/lib/python3.8/site-packages/airflow/example_dags/example_short_circuit_decorator.py
[2024-05-13T15:26:29.442+0000] {processor.py:840} INFO - DAG(s) 'example_short_circuit_decorator' retrieved from /home/airflow/.local/lib/python3.8/site-packages/airflow/example_dags/example_short_circuit_decorator.py
[2024-05-13T15:26:29.461+0000] {logging_mixin.py:188} INFO - [2024-05-13T15:26:29.461+0000] {dag.py:3047} INFO - Sync 1 DAGs
[2024-05-13T15:26:29.481+0000] {logging_mixin.py:188} INFO - [2024-05-13T15:26:29.481+0000] {dag.py:3834} INFO - Setting next_dagrun for example_short_circuit_decorator to 2024-05-12 00:00:00+00:00, run_after=2024-05-13 00:00:00+00:00
[2024-05-13T15:26:29.498+0000] {processor.py:183} INFO - Processing /home/airflow/.local/lib/python3.8/site-packages/airflow/example_dags/example_short_circuit_decorator.py took 0.072 seconds
[2024-05-13T15:26:59.838+0000] {processor.py:161} INFO - Started process (PID=1660) to work on /home/airflow/.local/lib/python3.8/site-packages/airflow/example_dags/example_short_circuit_decorator.py
[2024-05-13T15:26:59.839+0000] {processor.py:830} INFO - Processing file /home/airflow/.local/lib/python3.8/site-packages/airflow/example_dags/example_short_circuit_decorator.py for tasks to queue
[2024-05-13T15:26:59.841+0000] {logging_mixin.py:188} INFO - [2024-05-13T15:26:59.840+0000] {dagbag.py:540} INFO - Filling up the DagBag from /home/airflow/.local/lib/python3.8/site-packages/airflow/example_dags/example_short_circuit_decorator.py
[2024-05-13T15:26:59.848+0000] {processor.py:840} INFO - DAG(s) 'example_short_circuit_decorator' retrieved from /home/airflow/.local/lib/python3.8/site-packages/airflow/example_dags/example_short_circuit_decorator.py
[2024-05-13T15:26:59.870+0000] {logging_mixin.py:188} INFO - [2024-05-13T15:26:59.869+0000] {dag.py:3047} INFO - Sync 1 DAGs
[2024-05-13T15:26:59.889+0000] {logging_mixin.py:188} INFO - [2024-05-13T15:26:59.888+0000] {dag.py:3834} INFO - Setting next_dagrun for example_short_circuit_decorator to 2024-05-12 00:00:00+00:00, run_after=2024-05-13 00:00:00+00:00
[2024-05-13T15:26:59.905+0000] {processor.py:183} INFO - Processing /home/airflow/.local/lib/python3.8/site-packages/airflow/example_dags/example_short_circuit_decorator.py took 0.070 seconds
[2024-05-13T15:27:30.424+0000] {processor.py:161} INFO - Started process (PID=1728) to work on /home/airflow/.local/lib/python3.8/site-packages/airflow/example_dags/example_short_circuit_decorator.py
[2024-05-13T15:27:30.426+0000] {processor.py:830} INFO - Processing file /home/airflow/.local/lib/python3.8/site-packages/airflow/example_dags/example_short_circuit_decorator.py for tasks to queue
[2024-05-13T15:27:30.428+0000] {logging_mixin.py:188} INFO - [2024-05-13T15:27:30.428+0000] {dagbag.py:540} INFO - Filling up the DagBag from /home/airflow/.local/lib/python3.8/site-packages/airflow/example_dags/example_short_circuit_decorator.py
[2024-05-13T15:27:30.440+0000] {processor.py:840} INFO - DAG(s) 'example_short_circuit_decorator' retrieved from /home/airflow/.local/lib/python3.8/site-packages/airflow/example_dags/example_short_circuit_decorator.py
[2024-05-13T15:27:30.470+0000] {logging_mixin.py:188} INFO - [2024-05-13T15:27:30.470+0000] {dag.py:3047} INFO - Sync 1 DAGs
[2024-05-13T15:27:30.499+0000] {logging_mixin.py:188} INFO - [2024-05-13T15:27:30.499+0000] {dag.py:3834} INFO - Setting next_dagrun for example_short_circuit_decorator to 2024-05-12 00:00:00+00:00, run_after=2024-05-13 00:00:00+00:00
[2024-05-13T15:27:30.526+0000] {processor.py:183} INFO - Processing /home/airflow/.local/lib/python3.8/site-packages/airflow/example_dags/example_short_circuit_decorator.py took 0.107 seconds
[2024-05-13T15:28:00.607+0000] {processor.py:161} INFO - Started process (PID=1796) to work on /home/airflow/.local/lib/python3.8/site-packages/airflow/example_dags/example_short_circuit_decorator.py
[2024-05-13T15:28:00.609+0000] {processor.py:830} INFO - Processing file /home/airflow/.local/lib/python3.8/site-packages/airflow/example_dags/example_short_circuit_decorator.py for tasks to queue
[2024-05-13T15:28:00.610+0000] {logging_mixin.py:188} INFO - [2024-05-13T15:28:00.610+0000] {dagbag.py:540} INFO - Filling up the DagBag from /home/airflow/.local/lib/python3.8/site-packages/airflow/example_dags/example_short_circuit_decorator.py
[2024-05-13T15:28:00.619+0000] {processor.py:840} INFO - DAG(s) 'example_short_circuit_decorator' retrieved from /home/airflow/.local/lib/python3.8/site-packages/airflow/example_dags/example_short_circuit_decorator.py
[2024-05-13T15:28:00.641+0000] {logging_mixin.py:188} INFO - [2024-05-13T15:28:00.640+0000] {dag.py:3047} INFO - Sync 1 DAGs
[2024-05-13T15:28:00.660+0000] {logging_mixin.py:188} INFO - [2024-05-13T15:28:00.660+0000] {dag.py:3834} INFO - Setting next_dagrun for example_short_circuit_decorator to 2024-05-12 00:00:00+00:00, run_after=2024-05-13 00:00:00+00:00
[2024-05-13T15:28:00.678+0000] {processor.py:183} INFO - Processing /home/airflow/.local/lib/python3.8/site-packages/airflow/example_dags/example_short_circuit_decorator.py took 0.073 seconds
[2024-05-13T15:28:30.939+0000] {processor.py:161} INFO - Started process (PID=1864) to work on /home/airflow/.local/lib/python3.8/site-packages/airflow/example_dags/example_short_circuit_decorator.py
[2024-05-13T15:28:30.940+0000] {processor.py:830} INFO - Processing file /home/airflow/.local/lib/python3.8/site-packages/airflow/example_dags/example_short_circuit_decorator.py for tasks to queue
[2024-05-13T15:28:30.943+0000] {logging_mixin.py:188} INFO - [2024-05-13T15:28:30.942+0000] {dagbag.py:540} INFO - Filling up the DagBag from /home/airflow/.local/lib/python3.8/site-packages/airflow/example_dags/example_short_circuit_decorator.py
[2024-05-13T15:28:30.953+0000] {processor.py:840} INFO - DAG(s) 'example_short_circuit_decorator' retrieved from /home/airflow/.local/lib/python3.8/site-packages/airflow/example_dags/example_short_circuit_decorator.py
[2024-05-13T15:28:30.987+0000] {logging_mixin.py:188} INFO - [2024-05-13T15:28:30.986+0000] {dag.py:3047} INFO - Sync 1 DAGs
[2024-05-13T15:28:31.009+0000] {logging_mixin.py:188} INFO - [2024-05-13T15:28:31.008+0000] {dag.py:3834} INFO - Setting next_dagrun for example_short_circuit_decorator to 2024-05-12 00:00:00+00:00, run_after=2024-05-13 00:00:00+00:00
[2024-05-13T15:28:31.028+0000] {processor.py:183} INFO - Processing /home/airflow/.local/lib/python3.8/site-packages/airflow/example_dags/example_short_circuit_decorator.py took 0.093 seconds
[2024-05-13T15:29:01.134+0000] {processor.py:161} INFO - Started process (PID=1932) to work on /home/airflow/.local/lib/python3.8/site-packages/airflow/example_dags/example_short_circuit_decorator.py
[2024-05-13T15:29:01.135+0000] {processor.py:830} INFO - Processing file /home/airflow/.local/lib/python3.8/site-packages/airflow/example_dags/example_short_circuit_decorator.py for tasks to queue
[2024-05-13T15:29:01.138+0000] {logging_mixin.py:188} INFO - [2024-05-13T15:29:01.137+0000] {dagbag.py:540} INFO - Filling up the DagBag from /home/airflow/.local/lib/python3.8/site-packages/airflow/example_dags/example_short_circuit_decorator.py
[2024-05-13T15:29:01.146+0000] {processor.py:840} INFO - DAG(s) 'example_short_circuit_decorator' retrieved from /home/airflow/.local/lib/python3.8/site-packages/airflow/example_dags/example_short_circuit_decorator.py
[2024-05-13T15:29:01.170+0000] {logging_mixin.py:188} INFO - [2024-05-13T15:29:01.169+0000] {dag.py:3047} INFO - Sync 1 DAGs
[2024-05-13T15:29:01.190+0000] {logging_mixin.py:188} INFO - [2024-05-13T15:29:01.190+0000] {dag.py:3834} INFO - Setting next_dagrun for example_short_circuit_decorator to 2024-05-12 00:00:00+00:00, run_after=2024-05-13 00:00:00+00:00
[2024-05-13T15:29:01.206+0000] {processor.py:183} INFO - Processing /home/airflow/.local/lib/python3.8/site-packages/airflow/example_dags/example_short_circuit_decorator.py took 0.075 seconds
[2024-05-13T15:29:31.742+0000] {processor.py:161} INFO - Started process (PID=2000) to work on /home/airflow/.local/lib/python3.8/site-packages/airflow/example_dags/example_short_circuit_decorator.py
[2024-05-13T15:29:31.744+0000] {processor.py:830} INFO - Processing file /home/airflow/.local/lib/python3.8/site-packages/airflow/example_dags/example_short_circuit_decorator.py for tasks to queue
[2024-05-13T15:29:31.747+0000] {logging_mixin.py:188} INFO - [2024-05-13T15:29:31.747+0000] {dagbag.py:540} INFO - Filling up the DagBag from /home/airflow/.local/lib/python3.8/site-packages/airflow/example_dags/example_short_circuit_decorator.py
[2024-05-13T15:29:31.757+0000] {processor.py:840} INFO - DAG(s) 'example_short_circuit_decorator' retrieved from /home/airflow/.local/lib/python3.8/site-packages/airflow/example_dags/example_short_circuit_decorator.py
[2024-05-13T15:29:31.792+0000] {logging_mixin.py:188} INFO - [2024-05-13T15:29:31.792+0000] {dag.py:3047} INFO - Sync 1 DAGs
[2024-05-13T15:29:31.824+0000] {logging_mixin.py:188} INFO - [2024-05-13T15:29:31.824+0000] {dag.py:3834} INFO - Setting next_dagrun for example_short_circuit_decorator to 2024-05-12 00:00:00+00:00, run_after=2024-05-13 00:00:00+00:00
[2024-05-13T15:29:31.854+0000] {processor.py:183} INFO - Processing /home/airflow/.local/lib/python3.8/site-packages/airflow/example_dags/example_short_circuit_decorator.py took 0.117 seconds
[2024-05-13T15:30:02.423+0000] {processor.py:161} INFO - Started process (PID=2068) to work on /home/airflow/.local/lib/python3.8/site-packages/airflow/example_dags/example_short_circuit_decorator.py
[2024-05-13T15:30:02.424+0000] {processor.py:830} INFO - Processing file /home/airflow/.local/lib/python3.8/site-packages/airflow/example_dags/example_short_circuit_decorator.py for tasks to queue
[2024-05-13T15:30:02.426+0000] {logging_mixin.py:188} INFO - [2024-05-13T15:30:02.426+0000] {dagbag.py:540} INFO - Filling up the DagBag from /home/airflow/.local/lib/python3.8/site-packages/airflow/example_dags/example_short_circuit_decorator.py
[2024-05-13T15:30:02.435+0000] {processor.py:840} INFO - DAG(s) 'example_short_circuit_decorator' retrieved from /home/airflow/.local/lib/python3.8/site-packages/airflow/example_dags/example_short_circuit_decorator.py
[2024-05-13T15:30:02.456+0000] {logging_mixin.py:188} INFO - [2024-05-13T15:30:02.456+0000] {dag.py:3047} INFO - Sync 1 DAGs
[2024-05-13T15:30:02.476+0000] {logging_mixin.py:188} INFO - [2024-05-13T15:30:02.476+0000] {dag.py:3834} INFO - Setting next_dagrun for example_short_circuit_decorator to 2024-05-12 00:00:00+00:00, run_after=2024-05-13 00:00:00+00:00
[2024-05-13T15:30:02.494+0000] {processor.py:183} INFO - Processing /home/airflow/.local/lib/python3.8/site-packages/airflow/example_dags/example_short_circuit_decorator.py took 0.074 seconds
[2024-05-13T15:30:32.597+0000] {processor.py:161} INFO - Started process (PID=2136) to work on /home/airflow/.local/lib/python3.8/site-packages/airflow/example_dags/example_short_circuit_decorator.py
[2024-05-13T15:30:32.599+0000] {processor.py:830} INFO - Processing file /home/airflow/.local/lib/python3.8/site-packages/airflow/example_dags/example_short_circuit_decorator.py for tasks to queue
[2024-05-13T15:30:32.601+0000] {logging_mixin.py:188} INFO - [2024-05-13T15:30:32.601+0000] {dagbag.py:540} INFO - Filling up the DagBag from /home/airflow/.local/lib/python3.8/site-packages/airflow/example_dags/example_short_circuit_decorator.py
[2024-05-13T15:30:32.612+0000] {processor.py:840} INFO - DAG(s) 'example_short_circuit_decorator' retrieved from /home/airflow/.local/lib/python3.8/site-packages/airflow/example_dags/example_short_circuit_decorator.py
[2024-05-13T15:30:32.635+0000] {logging_mixin.py:188} INFO - [2024-05-13T15:30:32.635+0000] {dag.py:3047} INFO - Sync 1 DAGs
[2024-05-13T15:30:32.658+0000] {logging_mixin.py:188} INFO - [2024-05-13T15:30:32.658+0000] {dag.py:3834} INFO - Setting next_dagrun for example_short_circuit_decorator to 2024-05-12 00:00:00+00:00, run_after=2024-05-13 00:00:00+00:00
[2024-05-13T15:30:32.680+0000] {processor.py:183} INFO - Processing /home/airflow/.local/lib/python3.8/site-packages/airflow/example_dags/example_short_circuit_decorator.py took 0.086 seconds
[2024-05-13T15:31:02.721+0000] {processor.py:161} INFO - Started process (PID=2204) to work on /home/airflow/.local/lib/python3.8/site-packages/airflow/example_dags/example_short_circuit_decorator.py
[2024-05-13T15:31:02.722+0000] {processor.py:830} INFO - Processing file /home/airflow/.local/lib/python3.8/site-packages/airflow/example_dags/example_short_circuit_decorator.py for tasks to queue
[2024-05-13T15:31:02.725+0000] {logging_mixin.py:188} INFO - [2024-05-13T15:31:02.724+0000] {dagbag.py:540} INFO - Filling up the DagBag from /home/airflow/.local/lib/python3.8/site-packages/airflow/example_dags/example_short_circuit_decorator.py
[2024-05-13T15:31:02.735+0000] {processor.py:840} INFO - DAG(s) 'example_short_circuit_decorator' retrieved from /home/airflow/.local/lib/python3.8/site-packages/airflow/example_dags/example_short_circuit_decorator.py
[2024-05-13T15:31:02.755+0000] {logging_mixin.py:188} INFO - [2024-05-13T15:31:02.755+0000] {dag.py:3047} INFO - Sync 1 DAGs
[2024-05-13T15:31:02.775+0000] {logging_mixin.py:188} INFO - [2024-05-13T15:31:02.775+0000] {dag.py:3834} INFO - Setting next_dagrun for example_short_circuit_decorator to 2024-05-12 00:00:00+00:00, run_after=2024-05-13 00:00:00+00:00
[2024-05-13T15:31:02.794+0000] {processor.py:183} INFO - Processing /home/airflow/.local/lib/python3.8/site-packages/airflow/example_dags/example_short_circuit_decorator.py took 0.076 seconds
[2024-05-13T15:31:32.865+0000] {processor.py:161} INFO - Started process (PID=2272) to work on /home/airflow/.local/lib/python3.8/site-packages/airflow/example_dags/example_short_circuit_decorator.py
[2024-05-13T15:31:32.866+0000] {processor.py:830} INFO - Processing file /home/airflow/.local/lib/python3.8/site-packages/airflow/example_dags/example_short_circuit_decorator.py for tasks to queue
[2024-05-13T15:31:32.868+0000] {logging_mixin.py:188} INFO - [2024-05-13T15:31:32.868+0000] {dagbag.py:540} INFO - Filling up the DagBag from /home/airflow/.local/lib/python3.8/site-packages/airflow/example_dags/example_short_circuit_decorator.py
[2024-05-13T15:31:32.876+0000] {processor.py:840} INFO - DAG(s) 'example_short_circuit_decorator' retrieved from /home/airflow/.local/lib/python3.8/site-packages/airflow/example_dags/example_short_circuit_decorator.py
[2024-05-13T15:31:32.897+0000] {logging_mixin.py:188} INFO - [2024-05-13T15:31:32.897+0000] {dag.py:3047} INFO - Sync 1 DAGs
[2024-05-13T15:31:32.916+0000] {logging_mixin.py:188} INFO - [2024-05-13T15:31:32.915+0000] {dag.py:3834} INFO - Setting next_dagrun for example_short_circuit_decorator to 2024-05-12 00:00:00+00:00, run_after=2024-05-13 00:00:00+00:00
[2024-05-13T15:31:32.933+0000] {processor.py:183} INFO - Processing /home/airflow/.local/lib/python3.8/site-packages/airflow/example_dags/example_short_circuit_decorator.py took 0.071 seconds
[2024-05-13T15:32:03.304+0000] {processor.py:161} INFO - Started process (PID=2340) to work on /home/airflow/.local/lib/python3.8/site-packages/airflow/example_dags/example_short_circuit_decorator.py
[2024-05-13T15:32:03.305+0000] {processor.py:830} INFO - Processing file /home/airflow/.local/lib/python3.8/site-packages/airflow/example_dags/example_short_circuit_decorator.py for tasks to queue
[2024-05-13T15:32:03.306+0000] {logging_mixin.py:188} INFO - [2024-05-13T15:32:03.306+0000] {dagbag.py:540} INFO - Filling up the DagBag from /home/airflow/.local/lib/python3.8/site-packages/airflow/example_dags/example_short_circuit_decorator.py
[2024-05-13T15:32:03.315+0000] {processor.py:840} INFO - DAG(s) 'example_short_circuit_decorator' retrieved from /home/airflow/.local/lib/python3.8/site-packages/airflow/example_dags/example_short_circuit_decorator.py
[2024-05-13T15:32:03.336+0000] {logging_mixin.py:188} INFO - [2024-05-13T15:32:03.336+0000] {dag.py:3047} INFO - Sync 1 DAGs
[2024-05-13T15:32:03.356+0000] {logging_mixin.py:188} INFO - [2024-05-13T15:32:03.356+0000] {dag.py:3834} INFO - Setting next_dagrun for example_short_circuit_decorator to 2024-05-12 00:00:00+00:00, run_after=2024-05-13 00:00:00+00:00
[2024-05-13T15:32:03.372+0000] {processor.py:183} INFO - Processing /home/airflow/.local/lib/python3.8/site-packages/airflow/example_dags/example_short_circuit_decorator.py took 0.071 seconds
[2024-05-13T15:32:33.970+0000] {processor.py:161} INFO - Started process (PID=2408) to work on /home/airflow/.local/lib/python3.8/site-packages/airflow/example_dags/example_short_circuit_decorator.py
[2024-05-13T15:32:33.971+0000] {processor.py:830} INFO - Processing file /home/airflow/.local/lib/python3.8/site-packages/airflow/example_dags/example_short_circuit_decorator.py for tasks to queue
[2024-05-13T15:32:33.973+0000] {logging_mixin.py:188} INFO - [2024-05-13T15:32:33.973+0000] {dagbag.py:540} INFO - Filling up the DagBag from /home/airflow/.local/lib/python3.8/site-packages/airflow/example_dags/example_short_circuit_decorator.py
[2024-05-13T15:32:33.983+0000] {processor.py:840} INFO - DAG(s) 'example_short_circuit_decorator' retrieved from /home/airflow/.local/lib/python3.8/site-packages/airflow/example_dags/example_short_circuit_decorator.py
[2024-05-13T15:32:34.005+0000] {logging_mixin.py:188} INFO - [2024-05-13T15:32:34.005+0000] {dag.py:3047} INFO - Sync 1 DAGs
[2024-05-13T15:32:34.028+0000] {logging_mixin.py:188} INFO - [2024-05-13T15:32:34.028+0000] {dag.py:3834} INFO - Setting next_dagrun for example_short_circuit_decorator to 2024-05-12 00:00:00+00:00, run_after=2024-05-13 00:00:00+00:00
[2024-05-13T15:32:34.047+0000] {processor.py:183} INFO - Processing /home/airflow/.local/lib/python3.8/site-packages/airflow/example_dags/example_short_circuit_decorator.py took 0.080 seconds
[2024-05-13T15:33:04.434+0000] {processor.py:161} INFO - Started process (PID=2476) to work on /home/airflow/.local/lib/python3.8/site-packages/airflow/example_dags/example_short_circuit_decorator.py
[2024-05-13T15:33:04.435+0000] {processor.py:830} INFO - Processing file /home/airflow/.local/lib/python3.8/site-packages/airflow/example_dags/example_short_circuit_decorator.py for tasks to queue
[2024-05-13T15:33:04.436+0000] {logging_mixin.py:188} INFO - [2024-05-13T15:33:04.436+0000] {dagbag.py:540} INFO - Filling up the DagBag from /home/airflow/.local/lib/python3.8/site-packages/airflow/example_dags/example_short_circuit_decorator.py
[2024-05-13T15:33:04.449+0000] {processor.py:840} INFO - DAG(s) 'example_short_circuit_decorator' retrieved from /home/airflow/.local/lib/python3.8/site-packages/airflow/example_dags/example_short_circuit_decorator.py
[2024-05-13T15:33:04.471+0000] {logging_mixin.py:188} INFO - [2024-05-13T15:33:04.470+0000] {dag.py:3047} INFO - Sync 1 DAGs
[2024-05-13T15:33:04.492+0000] {logging_mixin.py:188} INFO - [2024-05-13T15:33:04.492+0000] {dag.py:3834} INFO - Setting next_dagrun for example_short_circuit_decorator to 2024-05-12 00:00:00+00:00, run_after=2024-05-13 00:00:00+00:00
[2024-05-13T15:33:04.512+0000] {processor.py:183} INFO - Processing /home/airflow/.local/lib/python3.8/site-packages/airflow/example_dags/example_short_circuit_decorator.py took 0.081 seconds
[2024-05-13T15:33:35.283+0000] {processor.py:161} INFO - Started process (PID=2544) to work on /home/airflow/.local/lib/python3.8/site-packages/airflow/example_dags/example_short_circuit_decorator.py
[2024-05-13T15:33:35.284+0000] {processor.py:830} INFO - Processing file /home/airflow/.local/lib/python3.8/site-packages/airflow/example_dags/example_short_circuit_decorator.py for tasks to queue
[2024-05-13T15:33:35.285+0000] {logging_mixin.py:188} INFO - [2024-05-13T15:33:35.285+0000] {dagbag.py:540} INFO - Filling up the DagBag from /home/airflow/.local/lib/python3.8/site-packages/airflow/example_dags/example_short_circuit_decorator.py
[2024-05-13T15:33:35.294+0000] {processor.py:840} INFO - DAG(s) 'example_short_circuit_decorator' retrieved from /home/airflow/.local/lib/python3.8/site-packages/airflow/example_dags/example_short_circuit_decorator.py
[2024-05-13T15:33:35.320+0000] {logging_mixin.py:188} INFO - [2024-05-13T15:33:35.319+0000] {dag.py:3047} INFO - Sync 1 DAGs
[2024-05-13T15:33:35.348+0000] {logging_mixin.py:188} INFO - [2024-05-13T15:33:35.347+0000] {dag.py:3834} INFO - Setting next_dagrun for example_short_circuit_decorator to 2024-05-12 00:00:00+00:00, run_after=2024-05-13 00:00:00+00:00
[2024-05-13T15:33:35.396+0000] {processor.py:183} INFO - Processing /home/airflow/.local/lib/python3.8/site-packages/airflow/example_dags/example_short_circuit_decorator.py took 0.116 seconds
[2024-05-13T15:34:06.022+0000] {processor.py:161} INFO - Started process (PID=2612) to work on /home/airflow/.local/lib/python3.8/site-packages/airflow/example_dags/example_short_circuit_decorator.py
[2024-05-13T15:34:06.023+0000] {processor.py:830} INFO - Processing file /home/airflow/.local/lib/python3.8/site-packages/airflow/example_dags/example_short_circuit_decorator.py for tasks to queue
[2024-05-13T15:34:06.025+0000] {logging_mixin.py:188} INFO - [2024-05-13T15:34:06.024+0000] {dagbag.py:540} INFO - Filling up the DagBag from /home/airflow/.local/lib/python3.8/site-packages/airflow/example_dags/example_short_circuit_decorator.py
[2024-05-13T15:34:06.033+0000] {processor.py:840} INFO - DAG(s) 'example_short_circuit_decorator' retrieved from /home/airflow/.local/lib/python3.8/site-packages/airflow/example_dags/example_short_circuit_decorator.py
[2024-05-13T15:34:06.054+0000] {logging_mixin.py:188} INFO - [2024-05-13T15:34:06.054+0000] {dag.py:3047} INFO - Sync 1 DAGs
[2024-05-13T15:34:06.073+0000] {logging_mixin.py:188} INFO - [2024-05-13T15:34:06.073+0000] {dag.py:3834} INFO - Setting next_dagrun for example_short_circuit_decorator to 2024-05-12 00:00:00+00:00, run_after=2024-05-13 00:00:00+00:00
[2024-05-13T15:34:06.089+0000] {processor.py:183} INFO - Processing /home/airflow/.local/lib/python3.8/site-packages/airflow/example_dags/example_short_circuit_decorator.py took 0.071 seconds
[2024-05-13T15:34:36.509+0000] {processor.py:161} INFO - Started process (PID=2681) to work on /home/airflow/.local/lib/python3.8/site-packages/airflow/example_dags/example_short_circuit_decorator.py
[2024-05-13T15:34:36.511+0000] {processor.py:830} INFO - Processing file /home/airflow/.local/lib/python3.8/site-packages/airflow/example_dags/example_short_circuit_decorator.py for tasks to queue
[2024-05-13T15:34:36.512+0000] {logging_mixin.py:188} INFO - [2024-05-13T15:34:36.512+0000] {dagbag.py:540} INFO - Filling up the DagBag from /home/airflow/.local/lib/python3.8/site-packages/airflow/example_dags/example_short_circuit_decorator.py
[2024-05-13T15:34:36.520+0000] {processor.py:840} INFO - DAG(s) 'example_short_circuit_decorator' retrieved from /home/airflow/.local/lib/python3.8/site-packages/airflow/example_dags/example_short_circuit_decorator.py
[2024-05-13T15:34:36.541+0000] {logging_mixin.py:188} INFO - [2024-05-13T15:34:36.541+0000] {dag.py:3047} INFO - Sync 1 DAGs
[2024-05-13T15:34:36.561+0000] {logging_mixin.py:188} INFO - [2024-05-13T15:34:36.561+0000] {dag.py:3834} INFO - Setting next_dagrun for example_short_circuit_decorator to 2024-05-12 00:00:00+00:00, run_after=2024-05-13 00:00:00+00:00
[2024-05-13T15:34:36.578+0000] {processor.py:183} INFO - Processing /home/airflow/.local/lib/python3.8/site-packages/airflow/example_dags/example_short_circuit_decorator.py took 0.072 seconds
[2024-05-13T15:35:07.105+0000] {processor.py:161} INFO - Started process (PID=2749) to work on /home/airflow/.local/lib/python3.8/site-packages/airflow/example_dags/example_short_circuit_decorator.py
[2024-05-13T15:35:07.106+0000] {processor.py:830} INFO - Processing file /home/airflow/.local/lib/python3.8/site-packages/airflow/example_dags/example_short_circuit_decorator.py for tasks to queue
[2024-05-13T15:35:07.108+0000] {logging_mixin.py:188} INFO - [2024-05-13T15:35:07.108+0000] {dagbag.py:540} INFO - Filling up the DagBag from /home/airflow/.local/lib/python3.8/site-packages/airflow/example_dags/example_short_circuit_decorator.py
[2024-05-13T15:35:07.117+0000] {processor.py:840} INFO - DAG(s) 'example_short_circuit_decorator' retrieved from /home/airflow/.local/lib/python3.8/site-packages/airflow/example_dags/example_short_circuit_decorator.py
[2024-05-13T15:35:07.139+0000] {logging_mixin.py:188} INFO - [2024-05-13T15:35:07.139+0000] {dag.py:3047} INFO - Sync 1 DAGs
[2024-05-13T15:35:07.160+0000] {logging_mixin.py:188} INFO - [2024-05-13T15:35:07.160+0000] {dag.py:3834} INFO - Setting next_dagrun for example_short_circuit_decorator to 2024-05-12 00:00:00+00:00, run_after=2024-05-13 00:00:00+00:00
[2024-05-13T15:35:07.177+0000] {processor.py:183} INFO - Processing /home/airflow/.local/lib/python3.8/site-packages/airflow/example_dags/example_short_circuit_decorator.py took 0.075 seconds
[2024-05-13T15:35:37.661+0000] {processor.py:161} INFO - Started process (PID=2817) to work on /home/airflow/.local/lib/python3.8/site-packages/airflow/example_dags/example_short_circuit_decorator.py
[2024-05-13T15:35:37.663+0000] {processor.py:830} INFO - Processing file /home/airflow/.local/lib/python3.8/site-packages/airflow/example_dags/example_short_circuit_decorator.py for tasks to queue
[2024-05-13T15:35:37.664+0000] {logging_mixin.py:188} INFO - [2024-05-13T15:35:37.664+0000] {dagbag.py:540} INFO - Filling up the DagBag from /home/airflow/.local/lib/python3.8/site-packages/airflow/example_dags/example_short_circuit_decorator.py
[2024-05-13T15:35:37.673+0000] {processor.py:840} INFO - DAG(s) 'example_short_circuit_decorator' retrieved from /home/airflow/.local/lib/python3.8/site-packages/airflow/example_dags/example_short_circuit_decorator.py
[2024-05-13T15:35:37.696+0000] {logging_mixin.py:188} INFO - [2024-05-13T15:35:37.696+0000] {dag.py:3047} INFO - Sync 1 DAGs
[2024-05-13T15:35:37.715+0000] {logging_mixin.py:188} INFO - [2024-05-13T15:35:37.715+0000] {dag.py:3834} INFO - Setting next_dagrun for example_short_circuit_decorator to 2024-05-12 00:00:00+00:00, run_after=2024-05-13 00:00:00+00:00
[2024-05-13T15:35:37.733+0000] {processor.py:183} INFO - Processing /home/airflow/.local/lib/python3.8/site-packages/airflow/example_dags/example_short_circuit_decorator.py took 0.075 seconds
[2024-05-13T15:36:08.428+0000] {processor.py:161} INFO - Started process (PID=2885) to work on /home/airflow/.local/lib/python3.8/site-packages/airflow/example_dags/example_short_circuit_decorator.py
[2024-05-13T15:36:08.429+0000] {processor.py:830} INFO - Processing file /home/airflow/.local/lib/python3.8/site-packages/airflow/example_dags/example_short_circuit_decorator.py for tasks to queue
[2024-05-13T15:36:08.432+0000] {logging_mixin.py:188} INFO - [2024-05-13T15:36:08.431+0000] {dagbag.py:540} INFO - Filling up the DagBag from /home/airflow/.local/lib/python3.8/site-packages/airflow/example_dags/example_short_circuit_decorator.py
[2024-05-13T15:36:08.445+0000] {processor.py:840} INFO - DAG(s) 'example_short_circuit_decorator' retrieved from /home/airflow/.local/lib/python3.8/site-packages/airflow/example_dags/example_short_circuit_decorator.py
[2024-05-13T15:36:08.471+0000] {logging_mixin.py:188} INFO - [2024-05-13T15:36:08.471+0000] {dag.py:3047} INFO - Sync 1 DAGs
[2024-05-13T15:36:08.497+0000] {logging_mixin.py:188} INFO - [2024-05-13T15:36:08.497+0000] {dag.py:3834} INFO - Setting next_dagrun for example_short_circuit_decorator to 2024-05-12 00:00:00+00:00, run_after=2024-05-13 00:00:00+00:00
[2024-05-13T15:36:08.524+0000] {processor.py:183} INFO - Processing /home/airflow/.local/lib/python3.8/site-packages/airflow/example_dags/example_short_circuit_decorator.py took 0.100 seconds
[2024-05-13T15:36:39.611+0000] {processor.py:161} INFO - Started process (PID=2952) to work on /home/airflow/.local/lib/python3.8/site-packages/airflow/example_dags/example_short_circuit_decorator.py
[2024-05-13T15:36:39.613+0000] {processor.py:830} INFO - Processing file /home/airflow/.local/lib/python3.8/site-packages/airflow/example_dags/example_short_circuit_decorator.py for tasks to queue
[2024-05-13T15:36:39.615+0000] {logging_mixin.py:188} INFO - [2024-05-13T15:36:39.615+0000] {dagbag.py:540} INFO - Filling up the DagBag from /home/airflow/.local/lib/python3.8/site-packages/airflow/example_dags/example_short_circuit_decorator.py
[2024-05-13T15:36:39.625+0000] {processor.py:840} INFO - DAG(s) 'example_short_circuit_decorator' retrieved from /home/airflow/.local/lib/python3.8/site-packages/airflow/example_dags/example_short_circuit_decorator.py
[2024-05-13T15:36:39.648+0000] {logging_mixin.py:188} INFO - [2024-05-13T15:36:39.648+0000] {dag.py:3047} INFO - Sync 1 DAGs
[2024-05-13T15:36:39.672+0000] {logging_mixin.py:188} INFO - [2024-05-13T15:36:39.671+0000] {dag.py:3834} INFO - Setting next_dagrun for example_short_circuit_decorator to 2024-05-12 00:00:00+00:00, run_after=2024-05-13 00:00:00+00:00
[2024-05-13T15:36:39.693+0000] {processor.py:183} INFO - Processing /home/airflow/.local/lib/python3.8/site-packages/airflow/example_dags/example_short_circuit_decorator.py took 0.085 seconds
[2024-05-13T15:37:10.576+0000] {processor.py:161} INFO - Started process (PID=3020) to work on /home/airflow/.local/lib/python3.8/site-packages/airflow/example_dags/example_short_circuit_decorator.py
[2024-05-13T15:37:10.577+0000] {processor.py:830} INFO - Processing file /home/airflow/.local/lib/python3.8/site-packages/airflow/example_dags/example_short_circuit_decorator.py for tasks to queue
[2024-05-13T15:37:10.579+0000] {logging_mixin.py:188} INFO - [2024-05-13T15:37:10.579+0000] {dagbag.py:540} INFO - Filling up the DagBag from /home/airflow/.local/lib/python3.8/site-packages/airflow/example_dags/example_short_circuit_decorator.py
[2024-05-13T15:37:10.587+0000] {processor.py:840} INFO - DAG(s) 'example_short_circuit_decorator' retrieved from /home/airflow/.local/lib/python3.8/site-packages/airflow/example_dags/example_short_circuit_decorator.py
[2024-05-13T15:37:10.608+0000] {logging_mixin.py:188} INFO - [2024-05-13T15:37:10.607+0000] {dag.py:3047} INFO - Sync 1 DAGs
[2024-05-13T15:37:10.632+0000] {logging_mixin.py:188} INFO - [2024-05-13T15:37:10.632+0000] {dag.py:3834} INFO - Setting next_dagrun for example_short_circuit_decorator to 2024-05-12 00:00:00+00:00, run_after=2024-05-13 00:00:00+00:00
[2024-05-13T15:37:10.653+0000] {processor.py:183} INFO - Processing /home/airflow/.local/lib/python3.8/site-packages/airflow/example_dags/example_short_circuit_decorator.py took 0.081 seconds
[2024-05-13T15:37:40.858+0000] {processor.py:161} INFO - Started process (PID=3076) to work on /home/airflow/.local/lib/python3.8/site-packages/airflow/example_dags/example_short_circuit_decorator.py
[2024-05-13T15:37:40.859+0000] {processor.py:830} INFO - Processing file /home/airflow/.local/lib/python3.8/site-packages/airflow/example_dags/example_short_circuit_decorator.py for tasks to queue
[2024-05-13T15:37:40.862+0000] {logging_mixin.py:188} INFO - [2024-05-13T15:37:40.861+0000] {dagbag.py:540} INFO - Filling up the DagBag from /home/airflow/.local/lib/python3.8/site-packages/airflow/example_dags/example_short_circuit_decorator.py
[2024-05-13T15:37:40.873+0000] {processor.py:840} INFO - DAG(s) 'example_short_circuit_decorator' retrieved from /home/airflow/.local/lib/python3.8/site-packages/airflow/example_dags/example_short_circuit_decorator.py
[2024-05-13T15:37:40.896+0000] {logging_mixin.py:188} INFO - [2024-05-13T15:37:40.896+0000] {dag.py:3047} INFO - Sync 1 DAGs
[2024-05-13T15:37:40.919+0000] {logging_mixin.py:188} INFO - [2024-05-13T15:37:40.919+0000] {dag.py:3834} INFO - Setting next_dagrun for example_short_circuit_decorator to 2024-05-12 00:00:00+00:00, run_after=2024-05-13 00:00:00+00:00
[2024-05-13T15:37:40.938+0000] {processor.py:183} INFO - Processing /home/airflow/.local/lib/python3.8/site-packages/airflow/example_dags/example_short_circuit_decorator.py took 0.084 seconds
[2024-05-13T15:38:11.408+0000] {processor.py:161} INFO - Started process (PID=3144) to work on /home/airflow/.local/lib/python3.8/site-packages/airflow/example_dags/example_short_circuit_decorator.py
[2024-05-13T15:38:11.409+0000] {processor.py:830} INFO - Processing file /home/airflow/.local/lib/python3.8/site-packages/airflow/example_dags/example_short_circuit_decorator.py for tasks to queue
[2024-05-13T15:38:11.411+0000] {logging_mixin.py:188} INFO - [2024-05-13T15:38:11.410+0000] {dagbag.py:540} INFO - Filling up the DagBag from /home/airflow/.local/lib/python3.8/site-packages/airflow/example_dags/example_short_circuit_decorator.py
[2024-05-13T15:38:11.419+0000] {processor.py:840} INFO - DAG(s) 'example_short_circuit_decorator' retrieved from /home/airflow/.local/lib/python3.8/site-packages/airflow/example_dags/example_short_circuit_decorator.py
[2024-05-13T15:38:11.441+0000] {logging_mixin.py:188} INFO - [2024-05-13T15:38:11.441+0000] {dag.py:3047} INFO - Sync 1 DAGs
[2024-05-13T15:38:11.462+0000] {logging_mixin.py:188} INFO - [2024-05-13T15:38:11.462+0000] {dag.py:3834} INFO - Setting next_dagrun for example_short_circuit_decorator to 2024-05-12 00:00:00+00:00, run_after=2024-05-13 00:00:00+00:00
[2024-05-13T15:38:11.482+0000] {processor.py:183} INFO - Processing /home/airflow/.local/lib/python3.8/site-packages/airflow/example_dags/example_short_circuit_decorator.py took 0.077 seconds
[2024-05-13T15:38:42.087+0000] {processor.py:161} INFO - Started process (PID=3212) to work on /home/airflow/.local/lib/python3.8/site-packages/airflow/example_dags/example_short_circuit_decorator.py
[2024-05-13T15:38:42.088+0000] {processor.py:830} INFO - Processing file /home/airflow/.local/lib/python3.8/site-packages/airflow/example_dags/example_short_circuit_decorator.py for tasks to queue
[2024-05-13T15:38:42.090+0000] {logging_mixin.py:188} INFO - [2024-05-13T15:38:42.090+0000] {dagbag.py:540} INFO - Filling up the DagBag from /home/airflow/.local/lib/python3.8/site-packages/airflow/example_dags/example_short_circuit_decorator.py
[2024-05-13T15:38:42.101+0000] {processor.py:840} INFO - DAG(s) 'example_short_circuit_decorator' retrieved from /home/airflow/.local/lib/python3.8/site-packages/airflow/example_dags/example_short_circuit_decorator.py
[2024-05-13T15:38:42.124+0000] {logging_mixin.py:188} INFO - [2024-05-13T15:38:42.124+0000] {dag.py:3047} INFO - Sync 1 DAGs
[2024-05-13T15:38:42.149+0000] {logging_mixin.py:188} INFO - [2024-05-13T15:38:42.149+0000] {dag.py:3834} INFO - Setting next_dagrun for example_short_circuit_decorator to 2024-05-12 00:00:00+00:00, run_after=2024-05-13 00:00:00+00:00
[2024-05-13T15:38:42.174+0000] {processor.py:183} INFO - Processing /home/airflow/.local/lib/python3.8/site-packages/airflow/example_dags/example_short_circuit_decorator.py took 0.090 seconds
[2024-05-13T15:39:13.192+0000] {processor.py:161} INFO - Started process (PID=3280) to work on /home/airflow/.local/lib/python3.8/site-packages/airflow/example_dags/example_short_circuit_decorator.py
[2024-05-13T15:39:13.194+0000] {processor.py:830} INFO - Processing file /home/airflow/.local/lib/python3.8/site-packages/airflow/example_dags/example_short_circuit_decorator.py for tasks to queue
[2024-05-13T15:39:13.195+0000] {logging_mixin.py:188} INFO - [2024-05-13T15:39:13.195+0000] {dagbag.py:540} INFO - Filling up the DagBag from /home/airflow/.local/lib/python3.8/site-packages/airflow/example_dags/example_short_circuit_decorator.py
[2024-05-13T15:39:13.207+0000] {processor.py:840} INFO - DAG(s) 'example_short_circuit_decorator' retrieved from /home/airflow/.local/lib/python3.8/site-packages/airflow/example_dags/example_short_circuit_decorator.py
[2024-05-13T15:39:13.252+0000] {logging_mixin.py:188} INFO - [2024-05-13T15:39:13.252+0000] {dag.py:3047} INFO - Sync 1 DAGs
[2024-05-13T15:39:13.289+0000] {logging_mixin.py:188} INFO - [2024-05-13T15:39:13.289+0000] {dag.py:3834} INFO - Setting next_dagrun for example_short_circuit_decorator to 2024-05-12 00:00:00+00:00, run_after=2024-05-13 00:00:00+00:00
[2024-05-13T15:39:13.320+0000] {processor.py:183} INFO - Processing /home/airflow/.local/lib/python3.8/site-packages/airflow/example_dags/example_short_circuit_decorator.py took 0.132 seconds
[2024-05-13T15:39:43.717+0000] {processor.py:161} INFO - Started process (PID=3348) to work on /home/airflow/.local/lib/python3.8/site-packages/airflow/example_dags/example_short_circuit_decorator.py
[2024-05-13T15:39:43.718+0000] {processor.py:830} INFO - Processing file /home/airflow/.local/lib/python3.8/site-packages/airflow/example_dags/example_short_circuit_decorator.py for tasks to queue
[2024-05-13T15:39:43.720+0000] {logging_mixin.py:188} INFO - [2024-05-13T15:39:43.719+0000] {dagbag.py:540} INFO - Filling up the DagBag from /home/airflow/.local/lib/python3.8/site-packages/airflow/example_dags/example_short_circuit_decorator.py
[2024-05-13T15:39:43.730+0000] {processor.py:840} INFO - DAG(s) 'example_short_circuit_decorator' retrieved from /home/airflow/.local/lib/python3.8/site-packages/airflow/example_dags/example_short_circuit_decorator.py
[2024-05-13T15:39:43.755+0000] {logging_mixin.py:188} INFO - [2024-05-13T15:39:43.754+0000] {dag.py:3047} INFO - Sync 1 DAGs
[2024-05-13T15:39:43.906+0000] {logging_mixin.py:188} INFO - [2024-05-13T15:39:43.905+0000] {dag.py:3834} INFO - Setting next_dagrun for example_short_circuit_decorator to 2024-05-12 00:00:00+00:00, run_after=2024-05-13 00:00:00+00:00
[2024-05-13T15:39:43.927+0000] {processor.py:183} INFO - Processing /home/airflow/.local/lib/python3.8/site-packages/airflow/example_dags/example_short_circuit_decorator.py took 0.215 seconds
[2024-05-13T15:40:14.333+0000] {processor.py:161} INFO - Started process (PID=3416) to work on /home/airflow/.local/lib/python3.8/site-packages/airflow/example_dags/example_short_circuit_decorator.py
[2024-05-13T15:40:14.334+0000] {processor.py:830} INFO - Processing file /home/airflow/.local/lib/python3.8/site-packages/airflow/example_dags/example_short_circuit_decorator.py for tasks to queue
[2024-05-13T15:40:14.336+0000] {logging_mixin.py:188} INFO - [2024-05-13T15:40:14.336+0000] {dagbag.py:540} INFO - Filling up the DagBag from /home/airflow/.local/lib/python3.8/site-packages/airflow/example_dags/example_short_circuit_decorator.py
[2024-05-13T15:40:14.345+0000] {processor.py:840} INFO - DAG(s) 'example_short_circuit_decorator' retrieved from /home/airflow/.local/lib/python3.8/site-packages/airflow/example_dags/example_short_circuit_decorator.py
[2024-05-13T15:40:14.367+0000] {logging_mixin.py:188} INFO - [2024-05-13T15:40:14.367+0000] {dag.py:3047} INFO - Sync 1 DAGs
[2024-05-13T15:40:14.386+0000] {logging_mixin.py:188} INFO - [2024-05-13T15:40:14.386+0000] {dag.py:3834} INFO - Setting next_dagrun for example_short_circuit_decorator to 2024-05-12 00:00:00+00:00, run_after=2024-05-13 00:00:00+00:00
[2024-05-13T15:40:14.403+0000] {processor.py:183} INFO - Processing /home/airflow/.local/lib/python3.8/site-packages/airflow/example_dags/example_short_circuit_decorator.py took 0.073 seconds
[2024-05-13T15:40:44.507+0000] {processor.py:161} INFO - Started process (PID=3484) to work on /home/airflow/.local/lib/python3.8/site-packages/airflow/example_dags/example_short_circuit_decorator.py
[2024-05-13T15:40:44.508+0000] {processor.py:830} INFO - Processing file /home/airflow/.local/lib/python3.8/site-packages/airflow/example_dags/example_short_circuit_decorator.py for tasks to queue
[2024-05-13T15:40:44.510+0000] {logging_mixin.py:188} INFO - [2024-05-13T15:40:44.510+0000] {dagbag.py:540} INFO - Filling up the DagBag from /home/airflow/.local/lib/python3.8/site-packages/airflow/example_dags/example_short_circuit_decorator.py
[2024-05-13T15:40:44.521+0000] {processor.py:840} INFO - DAG(s) 'example_short_circuit_decorator' retrieved from /home/airflow/.local/lib/python3.8/site-packages/airflow/example_dags/example_short_circuit_decorator.py
[2024-05-13T15:40:44.549+0000] {logging_mixin.py:188} INFO - [2024-05-13T15:40:44.549+0000] {dag.py:3047} INFO - Sync 1 DAGs
[2024-05-13T15:40:44.571+0000] {logging_mixin.py:188} INFO - [2024-05-13T15:40:44.571+0000] {dag.py:3834} INFO - Setting next_dagrun for example_short_circuit_decorator to 2024-05-12 00:00:00+00:00, run_after=2024-05-13 00:00:00+00:00
[2024-05-13T15:40:44.593+0000] {processor.py:183} INFO - Processing /home/airflow/.local/lib/python3.8/site-packages/airflow/example_dags/example_short_circuit_decorator.py took 0.091 seconds
[2024-05-13T15:41:14.738+0000] {processor.py:161} INFO - Started process (PID=3552) to work on /home/airflow/.local/lib/python3.8/site-packages/airflow/example_dags/example_short_circuit_decorator.py
[2024-05-13T15:41:14.739+0000] {processor.py:830} INFO - Processing file /home/airflow/.local/lib/python3.8/site-packages/airflow/example_dags/example_short_circuit_decorator.py for tasks to queue
[2024-05-13T15:41:14.741+0000] {logging_mixin.py:188} INFO - [2024-05-13T15:41:14.741+0000] {dagbag.py:540} INFO - Filling up the DagBag from /home/airflow/.local/lib/python3.8/site-packages/airflow/example_dags/example_short_circuit_decorator.py
[2024-05-13T15:41:14.750+0000] {processor.py:840} INFO - DAG(s) 'example_short_circuit_decorator' retrieved from /home/airflow/.local/lib/python3.8/site-packages/airflow/example_dags/example_short_circuit_decorator.py
[2024-05-13T15:41:14.772+0000] {logging_mixin.py:188} INFO - [2024-05-13T15:41:14.771+0000] {dag.py:3047} INFO - Sync 1 DAGs
[2024-05-13T15:41:14.795+0000] {logging_mixin.py:188} INFO - [2024-05-13T15:41:14.794+0000] {dag.py:3834} INFO - Setting next_dagrun for example_short_circuit_decorator to 2024-05-12 00:00:00+00:00, run_after=2024-05-13 00:00:00+00:00
[2024-05-13T15:41:14.815+0000] {processor.py:183} INFO - Processing /home/airflow/.local/lib/python3.8/site-packages/airflow/example_dags/example_short_circuit_decorator.py took 0.080 seconds
[2024-05-13T15:41:45.278+0000] {processor.py:161} INFO - Started process (PID=3620) to work on /home/airflow/.local/lib/python3.8/site-packages/airflow/example_dags/example_short_circuit_decorator.py
[2024-05-13T15:41:45.280+0000] {processor.py:830} INFO - Processing file /home/airflow/.local/lib/python3.8/site-packages/airflow/example_dags/example_short_circuit_decorator.py for tasks to queue
[2024-05-13T15:41:45.282+0000] {logging_mixin.py:188} INFO - [2024-05-13T15:41:45.282+0000] {dagbag.py:540} INFO - Filling up the DagBag from /home/airflow/.local/lib/python3.8/site-packages/airflow/example_dags/example_short_circuit_decorator.py
[2024-05-13T15:41:45.293+0000] {processor.py:840} INFO - DAG(s) 'example_short_circuit_decorator' retrieved from /home/airflow/.local/lib/python3.8/site-packages/airflow/example_dags/example_short_circuit_decorator.py
[2024-05-13T15:41:45.313+0000] {logging_mixin.py:188} INFO - [2024-05-13T15:41:45.313+0000] {dag.py:3047} INFO - Sync 1 DAGs
[2024-05-13T15:41:45.333+0000] {logging_mixin.py:188} INFO - [2024-05-13T15:41:45.333+0000] {dag.py:3834} INFO - Setting next_dagrun for example_short_circuit_decorator to 2024-05-12 00:00:00+00:00, run_after=2024-05-13 00:00:00+00:00
[2024-05-13T15:41:45.351+0000] {processor.py:183} INFO - Processing /home/airflow/.local/lib/python3.8/site-packages/airflow/example_dags/example_short_circuit_decorator.py took 0.076 seconds
[2024-05-13T15:42:16.037+0000] {processor.py:161} INFO - Started process (PID=3688) to work on /home/airflow/.local/lib/python3.8/site-packages/airflow/example_dags/example_short_circuit_decorator.py
[2024-05-13T15:42:16.038+0000] {processor.py:830} INFO - Processing file /home/airflow/.local/lib/python3.8/site-packages/airflow/example_dags/example_short_circuit_decorator.py for tasks to queue
[2024-05-13T15:42:16.040+0000] {logging_mixin.py:188} INFO - [2024-05-13T15:42:16.040+0000] {dagbag.py:540} INFO - Filling up the DagBag from /home/airflow/.local/lib/python3.8/site-packages/airflow/example_dags/example_short_circuit_decorator.py
[2024-05-13T15:42:16.180+0000] {processor.py:840} INFO - DAG(s) 'example_short_circuit_decorator' retrieved from /home/airflow/.local/lib/python3.8/site-packages/airflow/example_dags/example_short_circuit_decorator.py
[2024-05-13T15:42:16.199+0000] {logging_mixin.py:188} INFO - [2024-05-13T15:42:16.199+0000] {dag.py:3047} INFO - Sync 1 DAGs
[2024-05-13T15:42:16.217+0000] {logging_mixin.py:188} INFO - [2024-05-13T15:42:16.217+0000] {dag.py:3834} INFO - Setting next_dagrun for example_short_circuit_decorator to 2024-05-12 00:00:00+00:00, run_after=2024-05-13 00:00:00+00:00
[2024-05-13T15:42:16.237+0000] {processor.py:183} INFO - Processing /home/airflow/.local/lib/python3.8/site-packages/airflow/example_dags/example_short_circuit_decorator.py took 0.203 seconds
[2024-05-13T15:42:46.313+0000] {processor.py:161} INFO - Started process (PID=3756) to work on /home/airflow/.local/lib/python3.8/site-packages/airflow/example_dags/example_short_circuit_decorator.py
[2024-05-13T15:42:46.314+0000] {processor.py:830} INFO - Processing file /home/airflow/.local/lib/python3.8/site-packages/airflow/example_dags/example_short_circuit_decorator.py for tasks to queue
[2024-05-13T15:42:46.316+0000] {logging_mixin.py:188} INFO - [2024-05-13T15:42:46.316+0000] {dagbag.py:540} INFO - Filling up the DagBag from /home/airflow/.local/lib/python3.8/site-packages/airflow/example_dags/example_short_circuit_decorator.py
[2024-05-13T15:42:46.325+0000] {processor.py:840} INFO - DAG(s) 'example_short_circuit_decorator' retrieved from /home/airflow/.local/lib/python3.8/site-packages/airflow/example_dags/example_short_circuit_decorator.py
[2024-05-13T15:42:46.348+0000] {logging_mixin.py:188} INFO - [2024-05-13T15:42:46.348+0000] {dag.py:3047} INFO - Sync 1 DAGs
[2024-05-13T15:42:46.370+0000] {logging_mixin.py:188} INFO - [2024-05-13T15:42:46.369+0000] {dag.py:3834} INFO - Setting next_dagrun for example_short_circuit_decorator to 2024-05-12 00:00:00+00:00, run_after=2024-05-13 00:00:00+00:00
[2024-05-13T15:42:46.389+0000] {processor.py:183} INFO - Processing /home/airflow/.local/lib/python3.8/site-packages/airflow/example_dags/example_short_circuit_decorator.py took 0.078 seconds
[2024-05-13T15:43:17.150+0000] {processor.py:161} INFO - Started process (PID=3830) to work on /home/airflow/.local/lib/python3.8/site-packages/airflow/example_dags/example_short_circuit_decorator.py
[2024-05-13T15:43:17.151+0000] {processor.py:830} INFO - Processing file /home/airflow/.local/lib/python3.8/site-packages/airflow/example_dags/example_short_circuit_decorator.py for tasks to queue
[2024-05-13T15:43:17.153+0000] {logging_mixin.py:188} INFO - [2024-05-13T15:43:17.153+0000] {dagbag.py:540} INFO - Filling up the DagBag from /home/airflow/.local/lib/python3.8/site-packages/airflow/example_dags/example_short_circuit_decorator.py
[2024-05-13T15:43:17.163+0000] {processor.py:840} INFO - DAG(s) 'example_short_circuit_decorator' retrieved from /home/airflow/.local/lib/python3.8/site-packages/airflow/example_dags/example_short_circuit_decorator.py
[2024-05-13T15:43:17.188+0000] {logging_mixin.py:188} INFO - [2024-05-13T15:43:17.188+0000] {dag.py:3047} INFO - Sync 1 DAGs
[2024-05-13T15:43:17.210+0000] {logging_mixin.py:188} INFO - [2024-05-13T15:43:17.210+0000] {dag.py:3834} INFO - Setting next_dagrun for example_short_circuit_decorator to 2024-05-12 00:00:00+00:00, run_after=2024-05-13 00:00:00+00:00
[2024-05-13T15:43:17.232+0000] {processor.py:183} INFO - Processing /home/airflow/.local/lib/python3.8/site-packages/airflow/example_dags/example_short_circuit_decorator.py took 0.086 seconds
[2024-05-13T15:43:47.656+0000] {processor.py:161} INFO - Started process (PID=3898) to work on /home/airflow/.local/lib/python3.8/site-packages/airflow/example_dags/example_short_circuit_decorator.py
[2024-05-13T15:43:47.657+0000] {processor.py:830} INFO - Processing file /home/airflow/.local/lib/python3.8/site-packages/airflow/example_dags/example_short_circuit_decorator.py for tasks to queue
[2024-05-13T15:43:47.660+0000] {logging_mixin.py:188} INFO - [2024-05-13T15:43:47.660+0000] {dagbag.py:540} INFO - Filling up the DagBag from /home/airflow/.local/lib/python3.8/site-packages/airflow/example_dags/example_short_circuit_decorator.py
[2024-05-13T15:43:47.669+0000] {processor.py:840} INFO - DAG(s) 'example_short_circuit_decorator' retrieved from /home/airflow/.local/lib/python3.8/site-packages/airflow/example_dags/example_short_circuit_decorator.py
[2024-05-13T15:43:47.695+0000] {logging_mixin.py:188} INFO - [2024-05-13T15:43:47.695+0000] {dag.py:3047} INFO - Sync 1 DAGs
[2024-05-13T15:43:47.717+0000] {logging_mixin.py:188} INFO - [2024-05-13T15:43:47.717+0000] {dag.py:3834} INFO - Setting next_dagrun for example_short_circuit_decorator to 2024-05-12 00:00:00+00:00, run_after=2024-05-13 00:00:00+00:00
[2024-05-13T15:43:47.742+0000] {processor.py:183} INFO - Processing /home/airflow/.local/lib/python3.8/site-packages/airflow/example_dags/example_short_circuit_decorator.py took 0.089 seconds
[2024-05-13T15:44:17.985+0000] {processor.py:161} INFO - Started process (PID=3966) to work on /home/airflow/.local/lib/python3.8/site-packages/airflow/example_dags/example_short_circuit_decorator.py
[2024-05-13T15:44:17.986+0000] {processor.py:830} INFO - Processing file /home/airflow/.local/lib/python3.8/site-packages/airflow/example_dags/example_short_circuit_decorator.py for tasks to queue
[2024-05-13T15:44:17.988+0000] {logging_mixin.py:188} INFO - [2024-05-13T15:44:17.988+0000] {dagbag.py:540} INFO - Filling up the DagBag from /home/airflow/.local/lib/python3.8/site-packages/airflow/example_dags/example_short_circuit_decorator.py
[2024-05-13T15:44:17.997+0000] {processor.py:840} INFO - DAG(s) 'example_short_circuit_decorator' retrieved from /home/airflow/.local/lib/python3.8/site-packages/airflow/example_dags/example_short_circuit_decorator.py
[2024-05-13T15:44:18.018+0000] {logging_mixin.py:188} INFO - [2024-05-13T15:44:18.018+0000] {dag.py:3047} INFO - Sync 1 DAGs
[2024-05-13T15:44:18.038+0000] {logging_mixin.py:188} INFO - [2024-05-13T15:44:18.038+0000] {dag.py:3834} INFO - Setting next_dagrun for example_short_circuit_decorator to 2024-05-12 00:00:00+00:00, run_after=2024-05-13 00:00:00+00:00
[2024-05-13T15:44:18.058+0000] {processor.py:183} INFO - Processing /home/airflow/.local/lib/python3.8/site-packages/airflow/example_dags/example_short_circuit_decorator.py took 0.076 seconds
