[2024-05-13T15:15:22.592+0000] {processor.py:161} INFO - Started process (PID=114) to work on /home/airflow/.local/lib/python3.8/site-packages/airflow/example_dags/example_branch_labels.py
[2024-05-13T15:15:22.593+0000] {processor.py:830} INFO - Processing file /home/airflow/.local/lib/python3.8/site-packages/airflow/example_dags/example_branch_labels.py for tasks to queue
[2024-05-13T15:15:22.595+0000] {logging_mixin.py:188} INFO - [2024-05-13T15:15:22.595+0000] {dagbag.py:540} INFO - Filling up the DagBag from /home/airflow/.local/lib/python3.8/site-packages/airflow/example_dags/example_branch_labels.py
[2024-05-13T15:15:22.607+0000] {processor.py:840} INFO - DAG(s) 'example_branch_labels' retrieved from /home/airflow/.local/lib/python3.8/site-packages/airflow/example_dags/example_branch_labels.py
[2024-05-13T15:15:22.858+0000] {logging_mixin.py:188} INFO - [2024-05-13T15:15:22.857+0000] {override.py:1769} INFO - Created Permission View: can delete on DAG:example_branch_labels
[2024-05-13T15:15:22.880+0000] {logging_mixin.py:188} INFO - [2024-05-13T15:15:22.879+0000] {override.py:1769} INFO - Created Permission View: can edit on DAG:example_branch_labels
[2024-05-13T15:15:22.892+0000] {logging_mixin.py:188} INFO - [2024-05-13T15:15:22.891+0000] {override.py:1769} INFO - Created Permission View: can read on DAG:example_branch_labels
[2024-05-13T15:15:22.895+0000] {logging_mixin.py:188} INFO - [2024-05-13T15:15:22.895+0000] {dag.py:3047} INFO - Sync 1 DAGs
[2024-05-13T15:15:22.977+0000] {logging_mixin.py:188} INFO - [2024-05-13T15:15:22.976+0000] {dag.py:3069} INFO - Creating ORM DAG for example_branch_labels
[2024-05-13T15:15:23.004+0000] {logging_mixin.py:188} INFO - [2024-05-13T15:15:23.003+0000] {dag.py:3834} INFO - Setting next_dagrun for example_branch_labels to 2024-05-12 00:00:00+00:00, run_after=2024-05-13 00:00:00+00:00
[2024-05-13T15:15:23.030+0000] {processor.py:183} INFO - Processing /home/airflow/.local/lib/python3.8/site-packages/airflow/example_dags/example_branch_labels.py took 0.442 seconds
[2024-05-13T15:15:53.086+0000] {processor.py:161} INFO - Started process (PID=182) to work on /home/airflow/.local/lib/python3.8/site-packages/airflow/example_dags/example_branch_labels.py
[2024-05-13T15:15:53.088+0000] {processor.py:830} INFO - Processing file /home/airflow/.local/lib/python3.8/site-packages/airflow/example_dags/example_branch_labels.py for tasks to queue
[2024-05-13T15:15:53.091+0000] {logging_mixin.py:188} INFO - [2024-05-13T15:15:53.090+0000] {dagbag.py:540} INFO - Filling up the DagBag from /home/airflow/.local/lib/python3.8/site-packages/airflow/example_dags/example_branch_labels.py
[2024-05-13T15:15:53.101+0000] {processor.py:840} INFO - DAG(s) 'example_branch_labels' retrieved from /home/airflow/.local/lib/python3.8/site-packages/airflow/example_dags/example_branch_labels.py
[2024-05-13T15:15:53.133+0000] {logging_mixin.py:188} INFO - [2024-05-13T15:15:53.133+0000] {dag.py:3047} INFO - Sync 1 DAGs
[2024-05-13T15:15:53.154+0000] {logging_mixin.py:188} INFO - [2024-05-13T15:15:53.154+0000] {dag.py:3834} INFO - Setting next_dagrun for example_branch_labels to 2024-05-12 00:00:00+00:00, run_after=2024-05-13 00:00:00+00:00
[2024-05-13T15:15:53.169+0000] {processor.py:183} INFO - Processing /home/airflow/.local/lib/python3.8/site-packages/airflow/example_dags/example_branch_labels.py took 0.088 seconds
[2024-05-13T15:16:23.735+0000] {processor.py:161} INFO - Started process (PID=250) to work on /home/airflow/.local/lib/python3.8/site-packages/airflow/example_dags/example_branch_labels.py
[2024-05-13T15:16:23.736+0000] {processor.py:830} INFO - Processing file /home/airflow/.local/lib/python3.8/site-packages/airflow/example_dags/example_branch_labels.py for tasks to queue
[2024-05-13T15:16:23.738+0000] {logging_mixin.py:188} INFO - [2024-05-13T15:16:23.737+0000] {dagbag.py:540} INFO - Filling up the DagBag from /home/airflow/.local/lib/python3.8/site-packages/airflow/example_dags/example_branch_labels.py
[2024-05-13T15:16:23.745+0000] {processor.py:840} INFO - DAG(s) 'example_branch_labels' retrieved from /home/airflow/.local/lib/python3.8/site-packages/airflow/example_dags/example_branch_labels.py
[2024-05-13T15:16:23.764+0000] {logging_mixin.py:188} INFO - [2024-05-13T15:16:23.763+0000] {dag.py:3047} INFO - Sync 1 DAGs
[2024-05-13T15:16:23.784+0000] {logging_mixin.py:188} INFO - [2024-05-13T15:16:23.784+0000] {dag.py:3834} INFO - Setting next_dagrun for example_branch_labels to 2024-05-12 00:00:00+00:00, run_after=2024-05-13 00:00:00+00:00
[2024-05-13T15:16:23.801+0000] {processor.py:183} INFO - Processing /home/airflow/.local/lib/python3.8/site-packages/airflow/example_dags/example_branch_labels.py took 0.069 seconds
[2024-05-13T15:16:53.979+0000] {processor.py:161} INFO - Started process (PID=318) to work on /home/airflow/.local/lib/python3.8/site-packages/airflow/example_dags/example_branch_labels.py
[2024-05-13T15:16:53.980+0000] {processor.py:830} INFO - Processing file /home/airflow/.local/lib/python3.8/site-packages/airflow/example_dags/example_branch_labels.py for tasks to queue
[2024-05-13T15:16:53.983+0000] {logging_mixin.py:188} INFO - [2024-05-13T15:16:53.982+0000] {dagbag.py:540} INFO - Filling up the DagBag from /home/airflow/.local/lib/python3.8/site-packages/airflow/example_dags/example_branch_labels.py
[2024-05-13T15:16:53.991+0000] {processor.py:840} INFO - DAG(s) 'example_branch_labels' retrieved from /home/airflow/.local/lib/python3.8/site-packages/airflow/example_dags/example_branch_labels.py
[2024-05-13T15:16:54.012+0000] {logging_mixin.py:188} INFO - [2024-05-13T15:16:54.012+0000] {dag.py:3047} INFO - Sync 1 DAGs
[2024-05-13T15:16:54.033+0000] {logging_mixin.py:188} INFO - [2024-05-13T15:16:54.033+0000] {dag.py:3834} INFO - Setting next_dagrun for example_branch_labels to 2024-05-12 00:00:00+00:00, run_after=2024-05-13 00:00:00+00:00
[2024-05-13T15:16:54.055+0000] {processor.py:183} INFO - Processing /home/airflow/.local/lib/python3.8/site-packages/airflow/example_dags/example_branch_labels.py took 0.080 seconds
[2024-05-13T15:17:24.097+0000] {processor.py:161} INFO - Started process (PID=386) to work on /home/airflow/.local/lib/python3.8/site-packages/airflow/example_dags/example_branch_labels.py
[2024-05-13T15:17:24.098+0000] {processor.py:830} INFO - Processing file /home/airflow/.local/lib/python3.8/site-packages/airflow/example_dags/example_branch_labels.py for tasks to queue
[2024-05-13T15:17:24.100+0000] {logging_mixin.py:188} INFO - [2024-05-13T15:17:24.100+0000] {dagbag.py:540} INFO - Filling up the DagBag from /home/airflow/.local/lib/python3.8/site-packages/airflow/example_dags/example_branch_labels.py
[2024-05-13T15:17:24.108+0000] {processor.py:840} INFO - DAG(s) 'example_branch_labels' retrieved from /home/airflow/.local/lib/python3.8/site-packages/airflow/example_dags/example_branch_labels.py
[2024-05-13T15:17:24.128+0000] {logging_mixin.py:188} INFO - [2024-05-13T15:17:24.128+0000] {dag.py:3047} INFO - Sync 1 DAGs
[2024-05-13T15:17:24.151+0000] {logging_mixin.py:188} INFO - [2024-05-13T15:17:24.151+0000] {dag.py:3834} INFO - Setting next_dagrun for example_branch_labels to 2024-05-12 00:00:00+00:00, run_after=2024-05-13 00:00:00+00:00
[2024-05-13T15:17:24.170+0000] {processor.py:183} INFO - Processing /home/airflow/.local/lib/python3.8/site-packages/airflow/example_dags/example_branch_labels.py took 0.075 seconds
[2024-05-13T15:17:54.515+0000] {processor.py:161} INFO - Started process (PID=454) to work on /home/airflow/.local/lib/python3.8/site-packages/airflow/example_dags/example_branch_labels.py
[2024-05-13T15:17:54.516+0000] {processor.py:830} INFO - Processing file /home/airflow/.local/lib/python3.8/site-packages/airflow/example_dags/example_branch_labels.py for tasks to queue
[2024-05-13T15:17:54.518+0000] {logging_mixin.py:188} INFO - [2024-05-13T15:17:54.518+0000] {dagbag.py:540} INFO - Filling up the DagBag from /home/airflow/.local/lib/python3.8/site-packages/airflow/example_dags/example_branch_labels.py
[2024-05-13T15:17:54.526+0000] {processor.py:840} INFO - DAG(s) 'example_branch_labels' retrieved from /home/airflow/.local/lib/python3.8/site-packages/airflow/example_dags/example_branch_labels.py
[2024-05-13T15:17:54.545+0000] {logging_mixin.py:188} INFO - [2024-05-13T15:17:54.544+0000] {dag.py:3047} INFO - Sync 1 DAGs
[2024-05-13T15:17:54.567+0000] {logging_mixin.py:188} INFO - [2024-05-13T15:17:54.567+0000] {dag.py:3834} INFO - Setting next_dagrun for example_branch_labels to 2024-05-12 00:00:00+00:00, run_after=2024-05-13 00:00:00+00:00
[2024-05-13T15:17:54.586+0000] {processor.py:183} INFO - Processing /home/airflow/.local/lib/python3.8/site-packages/airflow/example_dags/example_branch_labels.py took 0.075 seconds
[2024-05-13T15:18:25.534+0000] {processor.py:161} INFO - Started process (PID=522) to work on /home/airflow/.local/lib/python3.8/site-packages/airflow/example_dags/example_branch_labels.py
[2024-05-13T15:18:25.535+0000] {processor.py:830} INFO - Processing file /home/airflow/.local/lib/python3.8/site-packages/airflow/example_dags/example_branch_labels.py for tasks to queue
[2024-05-13T15:18:25.537+0000] {logging_mixin.py:188} INFO - [2024-05-13T15:18:25.537+0000] {dagbag.py:540} INFO - Filling up the DagBag from /home/airflow/.local/lib/python3.8/site-packages/airflow/example_dags/example_branch_labels.py
[2024-05-13T15:18:25.545+0000] {processor.py:840} INFO - DAG(s) 'example_branch_labels' retrieved from /home/airflow/.local/lib/python3.8/site-packages/airflow/example_dags/example_branch_labels.py
[2024-05-13T15:18:25.565+0000] {logging_mixin.py:188} INFO - [2024-05-13T15:18:25.565+0000] {dag.py:3047} INFO - Sync 1 DAGs
[2024-05-13T15:18:25.585+0000] {logging_mixin.py:188} INFO - [2024-05-13T15:18:25.584+0000] {dag.py:3834} INFO - Setting next_dagrun for example_branch_labels to 2024-05-12 00:00:00+00:00, run_after=2024-05-13 00:00:00+00:00
[2024-05-13T15:18:25.605+0000] {processor.py:183} INFO - Processing /home/airflow/.local/lib/python3.8/site-packages/airflow/example_dags/example_branch_labels.py took 0.073 seconds
[2024-05-13T15:18:56.592+0000] {processor.py:161} INFO - Started process (PID=589) to work on /home/airflow/.local/lib/python3.8/site-packages/airflow/example_dags/example_branch_labels.py
[2024-05-13T15:18:56.593+0000] {processor.py:830} INFO - Processing file /home/airflow/.local/lib/python3.8/site-packages/airflow/example_dags/example_branch_labels.py for tasks to queue
[2024-05-13T15:18:56.594+0000] {logging_mixin.py:188} INFO - [2024-05-13T15:18:56.594+0000] {dagbag.py:540} INFO - Filling up the DagBag from /home/airflow/.local/lib/python3.8/site-packages/airflow/example_dags/example_branch_labels.py
[2024-05-13T15:18:56.603+0000] {processor.py:840} INFO - DAG(s) 'example_branch_labels' retrieved from /home/airflow/.local/lib/python3.8/site-packages/airflow/example_dags/example_branch_labels.py
[2024-05-13T15:18:56.623+0000] {logging_mixin.py:188} INFO - [2024-05-13T15:18:56.622+0000] {dag.py:3047} INFO - Sync 1 DAGs
[2024-05-13T15:18:56.643+0000] {logging_mixin.py:188} INFO - [2024-05-13T15:18:56.643+0000] {dag.py:3834} INFO - Setting next_dagrun for example_branch_labels to 2024-05-12 00:00:00+00:00, run_after=2024-05-13 00:00:00+00:00
[2024-05-13T15:18:56.660+0000] {processor.py:183} INFO - Processing /home/airflow/.local/lib/python3.8/site-packages/airflow/example_dags/example_branch_labels.py took 0.072 seconds
[2024-05-13T15:19:26.700+0000] {processor.py:161} INFO - Started process (PID=645) to work on /home/airflow/.local/lib/python3.8/site-packages/airflow/example_dags/example_branch_labels.py
[2024-05-13T15:19:26.701+0000] {processor.py:830} INFO - Processing file /home/airflow/.local/lib/python3.8/site-packages/airflow/example_dags/example_branch_labels.py for tasks to queue
[2024-05-13T15:19:26.703+0000] {logging_mixin.py:188} INFO - [2024-05-13T15:19:26.703+0000] {dagbag.py:540} INFO - Filling up the DagBag from /home/airflow/.local/lib/python3.8/site-packages/airflow/example_dags/example_branch_labels.py
[2024-05-13T15:19:26.710+0000] {processor.py:840} INFO - DAG(s) 'example_branch_labels' retrieved from /home/airflow/.local/lib/python3.8/site-packages/airflow/example_dags/example_branch_labels.py
[2024-05-13T15:19:26.729+0000] {logging_mixin.py:188} INFO - [2024-05-13T15:19:26.728+0000] {dag.py:3047} INFO - Sync 1 DAGs
[2024-05-13T15:19:26.748+0000] {logging_mixin.py:188} INFO - [2024-05-13T15:19:26.748+0000] {dag.py:3834} INFO - Setting next_dagrun for example_branch_labels to 2024-05-12 00:00:00+00:00, run_after=2024-05-13 00:00:00+00:00
[2024-05-13T15:19:26.766+0000] {processor.py:183} INFO - Processing /home/airflow/.local/lib/python3.8/site-packages/airflow/example_dags/example_branch_labels.py took 0.068 seconds
[2024-05-13T15:19:56.804+0000] {processor.py:161} INFO - Started process (PID=713) to work on /home/airflow/.local/lib/python3.8/site-packages/airflow/example_dags/example_branch_labels.py
[2024-05-13T15:19:56.805+0000] {processor.py:830} INFO - Processing file /home/airflow/.local/lib/python3.8/site-packages/airflow/example_dags/example_branch_labels.py for tasks to queue
[2024-05-13T15:19:56.807+0000] {logging_mixin.py:188} INFO - [2024-05-13T15:19:56.807+0000] {dagbag.py:540} INFO - Filling up the DagBag from /home/airflow/.local/lib/python3.8/site-packages/airflow/example_dags/example_branch_labels.py
[2024-05-13T15:19:56.814+0000] {processor.py:840} INFO - DAG(s) 'example_branch_labels' retrieved from /home/airflow/.local/lib/python3.8/site-packages/airflow/example_dags/example_branch_labels.py
[2024-05-13T15:19:56.832+0000] {logging_mixin.py:188} INFO - [2024-05-13T15:19:56.832+0000] {dag.py:3047} INFO - Sync 1 DAGs
[2024-05-13T15:19:56.852+0000] {logging_mixin.py:188} INFO - [2024-05-13T15:19:56.852+0000] {dag.py:3834} INFO - Setting next_dagrun for example_branch_labels to 2024-05-12 00:00:00+00:00, run_after=2024-05-13 00:00:00+00:00
[2024-05-13T15:19:56.870+0000] {processor.py:183} INFO - Processing /home/airflow/.local/lib/python3.8/site-packages/airflow/example_dags/example_branch_labels.py took 0.070 seconds
[2024-05-13T15:20:27.474+0000] {processor.py:161} INFO - Started process (PID=781) to work on /home/airflow/.local/lib/python3.8/site-packages/airflow/example_dags/example_branch_labels.py
[2024-05-13T15:20:27.475+0000] {processor.py:830} INFO - Processing file /home/airflow/.local/lib/python3.8/site-packages/airflow/example_dags/example_branch_labels.py for tasks to queue
[2024-05-13T15:20:27.480+0000] {logging_mixin.py:188} INFO - [2024-05-13T15:20:27.479+0000] {dagbag.py:540} INFO - Filling up the DagBag from /home/airflow/.local/lib/python3.8/site-packages/airflow/example_dags/example_branch_labels.py
[2024-05-13T15:20:27.491+0000] {processor.py:840} INFO - DAG(s) 'example_branch_labels' retrieved from /home/airflow/.local/lib/python3.8/site-packages/airflow/example_dags/example_branch_labels.py
[2024-05-13T15:20:27.516+0000] {logging_mixin.py:188} INFO - [2024-05-13T15:20:27.516+0000] {dag.py:3047} INFO - Sync 1 DAGs
[2024-05-13T15:20:27.540+0000] {logging_mixin.py:188} INFO - [2024-05-13T15:20:27.540+0000] {dag.py:3834} INFO - Setting next_dagrun for example_branch_labels to 2024-05-12 00:00:00+00:00, run_after=2024-05-13 00:00:00+00:00
[2024-05-13T15:20:27.562+0000] {processor.py:183} INFO - Processing /home/airflow/.local/lib/python3.8/site-packages/airflow/example_dags/example_branch_labels.py took 0.093 seconds
[2024-05-13T15:20:57.592+0000] {processor.py:161} INFO - Started process (PID=853) to work on /home/airflow/.local/lib/python3.8/site-packages/airflow/example_dags/example_branch_labels.py
[2024-05-13T15:20:57.593+0000] {processor.py:830} INFO - Processing file /home/airflow/.local/lib/python3.8/site-packages/airflow/example_dags/example_branch_labels.py for tasks to queue
[2024-05-13T15:20:57.595+0000] {logging_mixin.py:188} INFO - [2024-05-13T15:20:57.594+0000] {dagbag.py:540} INFO - Filling up the DagBag from /home/airflow/.local/lib/python3.8/site-packages/airflow/example_dags/example_branch_labels.py
[2024-05-13T15:20:57.603+0000] {processor.py:840} INFO - DAG(s) 'example_branch_labels' retrieved from /home/airflow/.local/lib/python3.8/site-packages/airflow/example_dags/example_branch_labels.py
[2024-05-13T15:20:57.623+0000] {logging_mixin.py:188} INFO - [2024-05-13T15:20:57.623+0000] {dag.py:3047} INFO - Sync 1 DAGs
[2024-05-13T15:20:57.645+0000] {logging_mixin.py:188} INFO - [2024-05-13T15:20:57.644+0000] {dag.py:3834} INFO - Setting next_dagrun for example_branch_labels to 2024-05-12 00:00:00+00:00, run_after=2024-05-13 00:00:00+00:00
[2024-05-13T15:20:57.664+0000] {processor.py:183} INFO - Processing /home/airflow/.local/lib/python3.8/site-packages/airflow/example_dags/example_branch_labels.py took 0.076 seconds
[2024-05-13T15:21:27.716+0000] {processor.py:161} INFO - Started process (PID=920) to work on /home/airflow/.local/lib/python3.8/site-packages/airflow/example_dags/example_branch_labels.py
[2024-05-13T15:21:27.718+0000] {processor.py:830} INFO - Processing file /home/airflow/.local/lib/python3.8/site-packages/airflow/example_dags/example_branch_labels.py for tasks to queue
[2024-05-13T15:21:27.720+0000] {logging_mixin.py:188} INFO - [2024-05-13T15:21:27.719+0000] {dagbag.py:540} INFO - Filling up the DagBag from /home/airflow/.local/lib/python3.8/site-packages/airflow/example_dags/example_branch_labels.py
[2024-05-13T15:21:27.729+0000] {processor.py:840} INFO - DAG(s) 'example_branch_labels' retrieved from /home/airflow/.local/lib/python3.8/site-packages/airflow/example_dags/example_branch_labels.py
[2024-05-13T15:21:27.755+0000] {logging_mixin.py:188} INFO - [2024-05-13T15:21:27.755+0000] {dag.py:3047} INFO - Sync 1 DAGs
[2024-05-13T15:21:27.779+0000] {logging_mixin.py:188} INFO - [2024-05-13T15:21:27.779+0000] {dag.py:3834} INFO - Setting next_dagrun for example_branch_labels to 2024-05-12 00:00:00+00:00, run_after=2024-05-13 00:00:00+00:00
[2024-05-13T15:21:27.804+0000] {processor.py:183} INFO - Processing /home/airflow/.local/lib/python3.8/site-packages/airflow/example_dags/example_branch_labels.py took 0.093 seconds
[2024-05-13T15:21:58.209+0000] {processor.py:161} INFO - Started process (PID=989) to work on /home/airflow/.local/lib/python3.8/site-packages/airflow/example_dags/example_branch_labels.py
[2024-05-13T15:21:58.211+0000] {processor.py:830} INFO - Processing file /home/airflow/.local/lib/python3.8/site-packages/airflow/example_dags/example_branch_labels.py for tasks to queue
[2024-05-13T15:21:58.214+0000] {logging_mixin.py:188} INFO - [2024-05-13T15:21:58.214+0000] {dagbag.py:540} INFO - Filling up the DagBag from /home/airflow/.local/lib/python3.8/site-packages/airflow/example_dags/example_branch_labels.py
[2024-05-13T15:21:58.225+0000] {processor.py:840} INFO - DAG(s) 'example_branch_labels' retrieved from /home/airflow/.local/lib/python3.8/site-packages/airflow/example_dags/example_branch_labels.py
[2024-05-13T15:21:58.253+0000] {logging_mixin.py:188} INFO - [2024-05-13T15:21:58.253+0000] {dag.py:3047} INFO - Sync 1 DAGs
[2024-05-13T15:21:58.283+0000] {logging_mixin.py:188} INFO - [2024-05-13T15:21:58.282+0000] {dag.py:3834} INFO - Setting next_dagrun for example_branch_labels to 2024-05-12 00:00:00+00:00, run_after=2024-05-13 00:00:00+00:00
[2024-05-13T15:21:58.309+0000] {processor.py:183} INFO - Processing /home/airflow/.local/lib/python3.8/site-packages/airflow/example_dags/example_branch_labels.py took 0.105 seconds
[2024-05-13T15:22:29.176+0000] {processor.py:161} INFO - Started process (PID=1057) to work on /home/airflow/.local/lib/python3.8/site-packages/airflow/example_dags/example_branch_labels.py
[2024-05-13T15:22:29.177+0000] {processor.py:830} INFO - Processing file /home/airflow/.local/lib/python3.8/site-packages/airflow/example_dags/example_branch_labels.py for tasks to queue
[2024-05-13T15:22:29.179+0000] {logging_mixin.py:188} INFO - [2024-05-13T15:22:29.178+0000] {dagbag.py:540} INFO - Filling up the DagBag from /home/airflow/.local/lib/python3.8/site-packages/airflow/example_dags/example_branch_labels.py
[2024-05-13T15:22:29.188+0000] {processor.py:840} INFO - DAG(s) 'example_branch_labels' retrieved from /home/airflow/.local/lib/python3.8/site-packages/airflow/example_dags/example_branch_labels.py
[2024-05-13T15:22:29.207+0000] {logging_mixin.py:188} INFO - [2024-05-13T15:22:29.207+0000] {dag.py:3047} INFO - Sync 1 DAGs
[2024-05-13T15:22:29.229+0000] {logging_mixin.py:188} INFO - [2024-05-13T15:22:29.229+0000] {dag.py:3834} INFO - Setting next_dagrun for example_branch_labels to 2024-05-12 00:00:00+00:00, run_after=2024-05-13 00:00:00+00:00
[2024-05-13T15:22:29.245+0000] {processor.py:183} INFO - Processing /home/airflow/.local/lib/python3.8/site-packages/airflow/example_dags/example_branch_labels.py took 0.073 seconds
[2024-05-13T15:22:59.478+0000] {processor.py:161} INFO - Started process (PID=1126) to work on /home/airflow/.local/lib/python3.8/site-packages/airflow/example_dags/example_branch_labels.py
[2024-05-13T15:22:59.479+0000] {processor.py:830} INFO - Processing file /home/airflow/.local/lib/python3.8/site-packages/airflow/example_dags/example_branch_labels.py for tasks to queue
[2024-05-13T15:22:59.481+0000] {logging_mixin.py:188} INFO - [2024-05-13T15:22:59.481+0000] {dagbag.py:540} INFO - Filling up the DagBag from /home/airflow/.local/lib/python3.8/site-packages/airflow/example_dags/example_branch_labels.py
[2024-05-13T15:22:59.488+0000] {processor.py:840} INFO - DAG(s) 'example_branch_labels' retrieved from /home/airflow/.local/lib/python3.8/site-packages/airflow/example_dags/example_branch_labels.py
[2024-05-13T15:22:59.510+0000] {logging_mixin.py:188} INFO - [2024-05-13T15:22:59.510+0000] {dag.py:3047} INFO - Sync 1 DAGs
[2024-05-13T15:22:59.532+0000] {logging_mixin.py:188} INFO - [2024-05-13T15:22:59.532+0000] {dag.py:3834} INFO - Setting next_dagrun for example_branch_labels to 2024-05-12 00:00:00+00:00, run_after=2024-05-13 00:00:00+00:00
[2024-05-13T15:22:59.551+0000] {processor.py:183} INFO - Processing /home/airflow/.local/lib/python3.8/site-packages/airflow/example_dags/example_branch_labels.py took 0.077 seconds
[2024-05-13T15:23:29.905+0000] {processor.py:161} INFO - Started process (PID=1194) to work on /home/airflow/.local/lib/python3.8/site-packages/airflow/example_dags/example_branch_labels.py
[2024-05-13T15:23:29.906+0000] {processor.py:830} INFO - Processing file /home/airflow/.local/lib/python3.8/site-packages/airflow/example_dags/example_branch_labels.py for tasks to queue
[2024-05-13T15:23:29.908+0000] {logging_mixin.py:188} INFO - [2024-05-13T15:23:29.908+0000] {dagbag.py:540} INFO - Filling up the DagBag from /home/airflow/.local/lib/python3.8/site-packages/airflow/example_dags/example_branch_labels.py
[2024-05-13T15:23:29.916+0000] {processor.py:840} INFO - DAG(s) 'example_branch_labels' retrieved from /home/airflow/.local/lib/python3.8/site-packages/airflow/example_dags/example_branch_labels.py
[2024-05-13T15:23:29.940+0000] {logging_mixin.py:188} INFO - [2024-05-13T15:23:29.939+0000] {dag.py:3047} INFO - Sync 1 DAGs
[2024-05-13T15:23:29.964+0000] {logging_mixin.py:188} INFO - [2024-05-13T15:23:29.963+0000] {dag.py:3834} INFO - Setting next_dagrun for example_branch_labels to 2024-05-12 00:00:00+00:00, run_after=2024-05-13 00:00:00+00:00
[2024-05-13T15:23:29.985+0000] {processor.py:183} INFO - Processing /home/airflow/.local/lib/python3.8/site-packages/airflow/example_dags/example_branch_labels.py took 0.084 seconds
[2024-05-13T15:24:00.729+0000] {processor.py:161} INFO - Started process (PID=1262) to work on /home/airflow/.local/lib/python3.8/site-packages/airflow/example_dags/example_branch_labels.py
[2024-05-13T15:24:00.730+0000] {processor.py:830} INFO - Processing file /home/airflow/.local/lib/python3.8/site-packages/airflow/example_dags/example_branch_labels.py for tasks to queue
[2024-05-13T15:24:00.732+0000] {logging_mixin.py:188} INFO - [2024-05-13T15:24:00.732+0000] {dagbag.py:540} INFO - Filling up the DagBag from /home/airflow/.local/lib/python3.8/site-packages/airflow/example_dags/example_branch_labels.py
[2024-05-13T15:24:00.740+0000] {processor.py:840} INFO - DAG(s) 'example_branch_labels' retrieved from /home/airflow/.local/lib/python3.8/site-packages/airflow/example_dags/example_branch_labels.py
[2024-05-13T15:24:00.762+0000] {logging_mixin.py:188} INFO - [2024-05-13T15:24:00.761+0000] {dag.py:3047} INFO - Sync 1 DAGs
[2024-05-13T15:24:00.783+0000] {logging_mixin.py:188} INFO - [2024-05-13T15:24:00.783+0000] {dag.py:3834} INFO - Setting next_dagrun for example_branch_labels to 2024-05-12 00:00:00+00:00, run_after=2024-05-13 00:00:00+00:00
[2024-05-13T15:24:00.801+0000] {processor.py:183} INFO - Processing /home/airflow/.local/lib/python3.8/site-packages/airflow/example_dags/example_branch_labels.py took 0.075 seconds
[2024-05-13T15:24:30.938+0000] {processor.py:161} INFO - Started process (PID=1330) to work on /home/airflow/.local/lib/python3.8/site-packages/airflow/example_dags/example_branch_labels.py
[2024-05-13T15:24:30.940+0000] {processor.py:830} INFO - Processing file /home/airflow/.local/lib/python3.8/site-packages/airflow/example_dags/example_branch_labels.py for tasks to queue
[2024-05-13T15:24:30.942+0000] {logging_mixin.py:188} INFO - [2024-05-13T15:24:30.941+0000] {dagbag.py:540} INFO - Filling up the DagBag from /home/airflow/.local/lib/python3.8/site-packages/airflow/example_dags/example_branch_labels.py
[2024-05-13T15:24:30.949+0000] {processor.py:840} INFO - DAG(s) 'example_branch_labels' retrieved from /home/airflow/.local/lib/python3.8/site-packages/airflow/example_dags/example_branch_labels.py
[2024-05-13T15:24:30.969+0000] {logging_mixin.py:188} INFO - [2024-05-13T15:24:30.969+0000] {dag.py:3047} INFO - Sync 1 DAGs
[2024-05-13T15:24:30.990+0000] {logging_mixin.py:188} INFO - [2024-05-13T15:24:30.990+0000] {dag.py:3834} INFO - Setting next_dagrun for example_branch_labels to 2024-05-12 00:00:00+00:00, run_after=2024-05-13 00:00:00+00:00
[2024-05-13T15:24:31.007+0000] {processor.py:183} INFO - Processing /home/airflow/.local/lib/python3.8/site-packages/airflow/example_dags/example_branch_labels.py took 0.072 seconds
[2024-05-13T15:25:01.125+0000] {processor.py:161} INFO - Started process (PID=1398) to work on /home/airflow/.local/lib/python3.8/site-packages/airflow/example_dags/example_branch_labels.py
[2024-05-13T15:25:01.126+0000] {processor.py:830} INFO - Processing file /home/airflow/.local/lib/python3.8/site-packages/airflow/example_dags/example_branch_labels.py for tasks to queue
[2024-05-13T15:25:01.128+0000] {logging_mixin.py:188} INFO - [2024-05-13T15:25:01.128+0000] {dagbag.py:540} INFO - Filling up the DagBag from /home/airflow/.local/lib/python3.8/site-packages/airflow/example_dags/example_branch_labels.py
[2024-05-13T15:25:01.135+0000] {processor.py:840} INFO - DAG(s) 'example_branch_labels' retrieved from /home/airflow/.local/lib/python3.8/site-packages/airflow/example_dags/example_branch_labels.py
[2024-05-13T15:25:01.156+0000] {logging_mixin.py:188} INFO - [2024-05-13T15:25:01.155+0000] {dag.py:3047} INFO - Sync 1 DAGs
[2024-05-13T15:25:01.178+0000] {logging_mixin.py:188} INFO - [2024-05-13T15:25:01.178+0000] {dag.py:3834} INFO - Setting next_dagrun for example_branch_labels to 2024-05-12 00:00:00+00:00, run_after=2024-05-13 00:00:00+00:00
[2024-05-13T15:25:01.196+0000] {processor.py:183} INFO - Processing /home/airflow/.local/lib/python3.8/site-packages/airflow/example_dags/example_branch_labels.py took 0.074 seconds
[2024-05-13T15:25:31.283+0000] {processor.py:161} INFO - Started process (PID=1467) to work on /home/airflow/.local/lib/python3.8/site-packages/airflow/example_dags/example_branch_labels.py
[2024-05-13T15:25:31.284+0000] {processor.py:830} INFO - Processing file /home/airflow/.local/lib/python3.8/site-packages/airflow/example_dags/example_branch_labels.py for tasks to queue
[2024-05-13T15:25:31.287+0000] {logging_mixin.py:188} INFO - [2024-05-13T15:25:31.286+0000] {dagbag.py:540} INFO - Filling up the DagBag from /home/airflow/.local/lib/python3.8/site-packages/airflow/example_dags/example_branch_labels.py
[2024-05-13T15:25:31.295+0000] {processor.py:840} INFO - DAG(s) 'example_branch_labels' retrieved from /home/airflow/.local/lib/python3.8/site-packages/airflow/example_dags/example_branch_labels.py
[2024-05-13T15:25:31.316+0000] {logging_mixin.py:188} INFO - [2024-05-13T15:25:31.316+0000] {dag.py:3047} INFO - Sync 1 DAGs
[2024-05-13T15:25:31.337+0000] {logging_mixin.py:188} INFO - [2024-05-13T15:25:31.337+0000] {dag.py:3834} INFO - Setting next_dagrun for example_branch_labels to 2024-05-12 00:00:00+00:00, run_after=2024-05-13 00:00:00+00:00
[2024-05-13T15:25:31.357+0000] {processor.py:183} INFO - Processing /home/airflow/.local/lib/python3.8/site-packages/airflow/example_dags/example_branch_labels.py took 0.078 seconds
[2024-05-13T15:26:01.655+0000] {processor.py:161} INFO - Started process (PID=1535) to work on /home/airflow/.local/lib/python3.8/site-packages/airflow/example_dags/example_branch_labels.py
[2024-05-13T15:26:01.656+0000] {processor.py:830} INFO - Processing file /home/airflow/.local/lib/python3.8/site-packages/airflow/example_dags/example_branch_labels.py for tasks to queue
[2024-05-13T15:26:01.658+0000] {logging_mixin.py:188} INFO - [2024-05-13T15:26:01.658+0000] {dagbag.py:540} INFO - Filling up the DagBag from /home/airflow/.local/lib/python3.8/site-packages/airflow/example_dags/example_branch_labels.py
[2024-05-13T15:26:01.667+0000] {processor.py:840} INFO - DAG(s) 'example_branch_labels' retrieved from /home/airflow/.local/lib/python3.8/site-packages/airflow/example_dags/example_branch_labels.py
[2024-05-13T15:26:01.687+0000] {logging_mixin.py:188} INFO - [2024-05-13T15:26:01.687+0000] {dag.py:3047} INFO - Sync 1 DAGs
[2024-05-13T15:26:01.707+0000] {logging_mixin.py:188} INFO - [2024-05-13T15:26:01.706+0000] {dag.py:3834} INFO - Setting next_dagrun for example_branch_labels to 2024-05-12 00:00:00+00:00, run_after=2024-05-13 00:00:00+00:00
[2024-05-13T15:26:01.725+0000] {processor.py:183} INFO - Processing /home/airflow/.local/lib/python3.8/site-packages/airflow/example_dags/example_branch_labels.py took 0.073 seconds
[2024-05-13T15:26:31.953+0000] {processor.py:161} INFO - Started process (PID=1603) to work on /home/airflow/.local/lib/python3.8/site-packages/airflow/example_dags/example_branch_labels.py
[2024-05-13T15:26:31.954+0000] {processor.py:830} INFO - Processing file /home/airflow/.local/lib/python3.8/site-packages/airflow/example_dags/example_branch_labels.py for tasks to queue
[2024-05-13T15:26:31.956+0000] {logging_mixin.py:188} INFO - [2024-05-13T15:26:31.956+0000] {dagbag.py:540} INFO - Filling up the DagBag from /home/airflow/.local/lib/python3.8/site-packages/airflow/example_dags/example_branch_labels.py
[2024-05-13T15:26:31.963+0000] {processor.py:840} INFO - DAG(s) 'example_branch_labels' retrieved from /home/airflow/.local/lib/python3.8/site-packages/airflow/example_dags/example_branch_labels.py
[2024-05-13T15:26:31.983+0000] {logging_mixin.py:188} INFO - [2024-05-13T15:26:31.983+0000] {dag.py:3047} INFO - Sync 1 DAGs
[2024-05-13T15:26:32.002+0000] {logging_mixin.py:188} INFO - [2024-05-13T15:26:32.002+0000] {dag.py:3834} INFO - Setting next_dagrun for example_branch_labels to 2024-05-12 00:00:00+00:00, run_after=2024-05-13 00:00:00+00:00
[2024-05-13T15:26:32.019+0000] {processor.py:183} INFO - Processing /home/airflow/.local/lib/python3.8/site-packages/airflow/example_dags/example_branch_labels.py took 0.070 seconds
[2024-05-13T15:27:02.381+0000] {processor.py:161} INFO - Started process (PID=1671) to work on /home/airflow/.local/lib/python3.8/site-packages/airflow/example_dags/example_branch_labels.py
[2024-05-13T15:27:02.382+0000] {processor.py:830} INFO - Processing file /home/airflow/.local/lib/python3.8/site-packages/airflow/example_dags/example_branch_labels.py for tasks to queue
[2024-05-13T15:27:02.384+0000] {logging_mixin.py:188} INFO - [2024-05-13T15:27:02.383+0000] {dagbag.py:540} INFO - Filling up the DagBag from /home/airflow/.local/lib/python3.8/site-packages/airflow/example_dags/example_branch_labels.py
[2024-05-13T15:27:02.391+0000] {processor.py:840} INFO - DAG(s) 'example_branch_labels' retrieved from /home/airflow/.local/lib/python3.8/site-packages/airflow/example_dags/example_branch_labels.py
[2024-05-13T15:27:02.410+0000] {logging_mixin.py:188} INFO - [2024-05-13T15:27:02.410+0000] {dag.py:3047} INFO - Sync 1 DAGs
[2024-05-13T15:27:02.431+0000] {logging_mixin.py:188} INFO - [2024-05-13T15:27:02.430+0000] {dag.py:3834} INFO - Setting next_dagrun for example_branch_labels to 2024-05-12 00:00:00+00:00, run_after=2024-05-13 00:00:00+00:00
[2024-05-13T15:27:02.447+0000] {processor.py:183} INFO - Processing /home/airflow/.local/lib/python3.8/site-packages/airflow/example_dags/example_branch_labels.py took 0.069 seconds
[2024-05-13T15:27:33.055+0000] {processor.py:161} INFO - Started process (PID=1739) to work on /home/airflow/.local/lib/python3.8/site-packages/airflow/example_dags/example_branch_labels.py
[2024-05-13T15:27:33.056+0000] {processor.py:830} INFO - Processing file /home/airflow/.local/lib/python3.8/site-packages/airflow/example_dags/example_branch_labels.py for tasks to queue
[2024-05-13T15:27:33.059+0000] {logging_mixin.py:188} INFO - [2024-05-13T15:27:33.059+0000] {dagbag.py:540} INFO - Filling up the DagBag from /home/airflow/.local/lib/python3.8/site-packages/airflow/example_dags/example_branch_labels.py
[2024-05-13T15:27:33.067+0000] {processor.py:840} INFO - DAG(s) 'example_branch_labels' retrieved from /home/airflow/.local/lib/python3.8/site-packages/airflow/example_dags/example_branch_labels.py
[2024-05-13T15:27:33.094+0000] {logging_mixin.py:188} INFO - [2024-05-13T15:27:33.093+0000] {dag.py:3047} INFO - Sync 1 DAGs
[2024-05-13T15:27:33.121+0000] {logging_mixin.py:188} INFO - [2024-05-13T15:27:33.120+0000] {dag.py:3834} INFO - Setting next_dagrun for example_branch_labels to 2024-05-12 00:00:00+00:00, run_after=2024-05-13 00:00:00+00:00
[2024-05-13T15:27:33.145+0000] {processor.py:183} INFO - Processing /home/airflow/.local/lib/python3.8/site-packages/airflow/example_dags/example_branch_labels.py took 0.093 seconds
[2024-05-13T15:28:03.293+0000] {processor.py:161} INFO - Started process (PID=1807) to work on /home/airflow/.local/lib/python3.8/site-packages/airflow/example_dags/example_branch_labels.py
[2024-05-13T15:28:03.294+0000] {processor.py:830} INFO - Processing file /home/airflow/.local/lib/python3.8/site-packages/airflow/example_dags/example_branch_labels.py for tasks to queue
[2024-05-13T15:28:03.296+0000] {logging_mixin.py:188} INFO - [2024-05-13T15:28:03.295+0000] {dagbag.py:540} INFO - Filling up the DagBag from /home/airflow/.local/lib/python3.8/site-packages/airflow/example_dags/example_branch_labels.py
[2024-05-13T15:28:03.303+0000] {processor.py:840} INFO - DAG(s) 'example_branch_labels' retrieved from /home/airflow/.local/lib/python3.8/site-packages/airflow/example_dags/example_branch_labels.py
[2024-05-13T15:28:03.323+0000] {logging_mixin.py:188} INFO - [2024-05-13T15:28:03.322+0000] {dag.py:3047} INFO - Sync 1 DAGs
[2024-05-13T15:28:03.343+0000] {logging_mixin.py:188} INFO - [2024-05-13T15:28:03.343+0000] {dag.py:3834} INFO - Setting next_dagrun for example_branch_labels to 2024-05-12 00:00:00+00:00, run_after=2024-05-13 00:00:00+00:00
[2024-05-13T15:28:03.362+0000] {processor.py:183} INFO - Processing /home/airflow/.local/lib/python3.8/site-packages/airflow/example_dags/example_branch_labels.py took 0.072 seconds
[2024-05-13T15:28:33.542+0000] {processor.py:161} INFO - Started process (PID=1875) to work on /home/airflow/.local/lib/python3.8/site-packages/airflow/example_dags/example_branch_labels.py
[2024-05-13T15:28:33.543+0000] {processor.py:830} INFO - Processing file /home/airflow/.local/lib/python3.8/site-packages/airflow/example_dags/example_branch_labels.py for tasks to queue
[2024-05-13T15:28:33.545+0000] {logging_mixin.py:188} INFO - [2024-05-13T15:28:33.545+0000] {dagbag.py:540} INFO - Filling up the DagBag from /home/airflow/.local/lib/python3.8/site-packages/airflow/example_dags/example_branch_labels.py
[2024-05-13T15:28:33.552+0000] {processor.py:840} INFO - DAG(s) 'example_branch_labels' retrieved from /home/airflow/.local/lib/python3.8/site-packages/airflow/example_dags/example_branch_labels.py
[2024-05-13T15:28:33.574+0000] {logging_mixin.py:188} INFO - [2024-05-13T15:28:33.573+0000] {dag.py:3047} INFO - Sync 1 DAGs
[2024-05-13T15:28:33.596+0000] {logging_mixin.py:188} INFO - [2024-05-13T15:28:33.595+0000] {dag.py:3834} INFO - Setting next_dagrun for example_branch_labels to 2024-05-12 00:00:00+00:00, run_after=2024-05-13 00:00:00+00:00
[2024-05-13T15:28:33.611+0000] {processor.py:183} INFO - Processing /home/airflow/.local/lib/python3.8/site-packages/airflow/example_dags/example_branch_labels.py took 0.072 seconds
[2024-05-13T15:29:03.736+0000] {processor.py:161} INFO - Started process (PID=1943) to work on /home/airflow/.local/lib/python3.8/site-packages/airflow/example_dags/example_branch_labels.py
[2024-05-13T15:29:03.738+0000] {processor.py:830} INFO - Processing file /home/airflow/.local/lib/python3.8/site-packages/airflow/example_dags/example_branch_labels.py for tasks to queue
[2024-05-13T15:29:03.741+0000] {logging_mixin.py:188} INFO - [2024-05-13T15:29:03.740+0000] {dagbag.py:540} INFO - Filling up the DagBag from /home/airflow/.local/lib/python3.8/site-packages/airflow/example_dags/example_branch_labels.py
[2024-05-13T15:29:03.750+0000] {processor.py:840} INFO - DAG(s) 'example_branch_labels' retrieved from /home/airflow/.local/lib/python3.8/site-packages/airflow/example_dags/example_branch_labels.py
[2024-05-13T15:29:03.770+0000] {logging_mixin.py:188} INFO - [2024-05-13T15:29:03.770+0000] {dag.py:3047} INFO - Sync 1 DAGs
[2024-05-13T15:29:03.796+0000] {logging_mixin.py:188} INFO - [2024-05-13T15:29:03.796+0000] {dag.py:3834} INFO - Setting next_dagrun for example_branch_labels to 2024-05-12 00:00:00+00:00, run_after=2024-05-13 00:00:00+00:00
[2024-05-13T15:29:03.818+0000] {processor.py:183} INFO - Processing /home/airflow/.local/lib/python3.8/site-packages/airflow/example_dags/example_branch_labels.py took 0.085 seconds
[2024-05-13T15:29:34.428+0000] {processor.py:161} INFO - Started process (PID=2011) to work on /home/airflow/.local/lib/python3.8/site-packages/airflow/example_dags/example_branch_labels.py
[2024-05-13T15:29:34.430+0000] {processor.py:830} INFO - Processing file /home/airflow/.local/lib/python3.8/site-packages/airflow/example_dags/example_branch_labels.py for tasks to queue
[2024-05-13T15:29:34.432+0000] {logging_mixin.py:188} INFO - [2024-05-13T15:29:34.432+0000] {dagbag.py:540} INFO - Filling up the DagBag from /home/airflow/.local/lib/python3.8/site-packages/airflow/example_dags/example_branch_labels.py
[2024-05-13T15:29:34.440+0000] {processor.py:840} INFO - DAG(s) 'example_branch_labels' retrieved from /home/airflow/.local/lib/python3.8/site-packages/airflow/example_dags/example_branch_labels.py
[2024-05-13T15:29:34.459+0000] {logging_mixin.py:188} INFO - [2024-05-13T15:29:34.458+0000] {dag.py:3047} INFO - Sync 1 DAGs
[2024-05-13T15:29:34.482+0000] {logging_mixin.py:188} INFO - [2024-05-13T15:29:34.481+0000] {dag.py:3834} INFO - Setting next_dagrun for example_branch_labels to 2024-05-12 00:00:00+00:00, run_after=2024-05-13 00:00:00+00:00
[2024-05-13T15:29:34.501+0000] {processor.py:183} INFO - Processing /home/airflow/.local/lib/python3.8/site-packages/airflow/example_dags/example_branch_labels.py took 0.077 seconds
[2024-05-13T15:30:04.971+0000] {processor.py:161} INFO - Started process (PID=2079) to work on /home/airflow/.local/lib/python3.8/site-packages/airflow/example_dags/example_branch_labels.py
[2024-05-13T15:30:04.972+0000] {processor.py:830} INFO - Processing file /home/airflow/.local/lib/python3.8/site-packages/airflow/example_dags/example_branch_labels.py for tasks to queue
[2024-05-13T15:30:04.974+0000] {logging_mixin.py:188} INFO - [2024-05-13T15:30:04.974+0000] {dagbag.py:540} INFO - Filling up the DagBag from /home/airflow/.local/lib/python3.8/site-packages/airflow/example_dags/example_branch_labels.py
[2024-05-13T15:30:04.982+0000] {processor.py:840} INFO - DAG(s) 'example_branch_labels' retrieved from /home/airflow/.local/lib/python3.8/site-packages/airflow/example_dags/example_branch_labels.py
[2024-05-13T15:30:05.001+0000] {logging_mixin.py:188} INFO - [2024-05-13T15:30:05.000+0000] {dag.py:3047} INFO - Sync 1 DAGs
[2024-05-13T15:30:05.021+0000] {logging_mixin.py:188} INFO - [2024-05-13T15:30:05.020+0000] {dag.py:3834} INFO - Setting next_dagrun for example_branch_labels to 2024-05-12 00:00:00+00:00, run_after=2024-05-13 00:00:00+00:00
[2024-05-13T15:30:05.038+0000] {processor.py:183} INFO - Processing /home/airflow/.local/lib/python3.8/site-packages/airflow/example_dags/example_branch_labels.py took 0.070 seconds
[2024-05-13T15:30:35.114+0000] {processor.py:161} INFO - Started process (PID=2147) to work on /home/airflow/.local/lib/python3.8/site-packages/airflow/example_dags/example_branch_labels.py
[2024-05-13T15:30:35.116+0000] {processor.py:830} INFO - Processing file /home/airflow/.local/lib/python3.8/site-packages/airflow/example_dags/example_branch_labels.py for tasks to queue
[2024-05-13T15:30:35.118+0000] {logging_mixin.py:188} INFO - [2024-05-13T15:30:35.117+0000] {dagbag.py:540} INFO - Filling up the DagBag from /home/airflow/.local/lib/python3.8/site-packages/airflow/example_dags/example_branch_labels.py
[2024-05-13T15:30:35.125+0000] {processor.py:840} INFO - DAG(s) 'example_branch_labels' retrieved from /home/airflow/.local/lib/python3.8/site-packages/airflow/example_dags/example_branch_labels.py
[2024-05-13T15:30:35.144+0000] {logging_mixin.py:188} INFO - [2024-05-13T15:30:35.144+0000] {dag.py:3047} INFO - Sync 1 DAGs
[2024-05-13T15:30:35.164+0000] {logging_mixin.py:188} INFO - [2024-05-13T15:30:35.164+0000] {dag.py:3834} INFO - Setting next_dagrun for example_branch_labels to 2024-05-12 00:00:00+00:00, run_after=2024-05-13 00:00:00+00:00
[2024-05-13T15:30:35.181+0000] {processor.py:183} INFO - Processing /home/airflow/.local/lib/python3.8/site-packages/airflow/example_dags/example_branch_labels.py took 0.069 seconds
[2024-05-13T15:31:05.271+0000] {processor.py:161} INFO - Started process (PID=2215) to work on /home/airflow/.local/lib/python3.8/site-packages/airflow/example_dags/example_branch_labels.py
[2024-05-13T15:31:05.272+0000] {processor.py:830} INFO - Processing file /home/airflow/.local/lib/python3.8/site-packages/airflow/example_dags/example_branch_labels.py for tasks to queue
[2024-05-13T15:31:05.274+0000] {logging_mixin.py:188} INFO - [2024-05-13T15:31:05.274+0000] {dagbag.py:540} INFO - Filling up the DagBag from /home/airflow/.local/lib/python3.8/site-packages/airflow/example_dags/example_branch_labels.py
[2024-05-13T15:31:05.281+0000] {processor.py:840} INFO - DAG(s) 'example_branch_labels' retrieved from /home/airflow/.local/lib/python3.8/site-packages/airflow/example_dags/example_branch_labels.py
[2024-05-13T15:31:05.301+0000] {logging_mixin.py:188} INFO - [2024-05-13T15:31:05.301+0000] {dag.py:3047} INFO - Sync 1 DAGs
[2024-05-13T15:31:05.326+0000] {logging_mixin.py:188} INFO - [2024-05-13T15:31:05.326+0000] {dag.py:3834} INFO - Setting next_dagrun for example_branch_labels to 2024-05-12 00:00:00+00:00, run_after=2024-05-13 00:00:00+00:00
[2024-05-13T15:31:05.343+0000] {processor.py:183} INFO - Processing /home/airflow/.local/lib/python3.8/site-packages/airflow/example_dags/example_branch_labels.py took 0.076 seconds
[2024-05-13T15:31:35.380+0000] {processor.py:161} INFO - Started process (PID=2283) to work on /home/airflow/.local/lib/python3.8/site-packages/airflow/example_dags/example_branch_labels.py
[2024-05-13T15:31:35.381+0000] {processor.py:830} INFO - Processing file /home/airflow/.local/lib/python3.8/site-packages/airflow/example_dags/example_branch_labels.py for tasks to queue
[2024-05-13T15:31:35.382+0000] {logging_mixin.py:188} INFO - [2024-05-13T15:31:35.382+0000] {dagbag.py:540} INFO - Filling up the DagBag from /home/airflow/.local/lib/python3.8/site-packages/airflow/example_dags/example_branch_labels.py
[2024-05-13T15:31:35.389+0000] {processor.py:840} INFO - DAG(s) 'example_branch_labels' retrieved from /home/airflow/.local/lib/python3.8/site-packages/airflow/example_dags/example_branch_labels.py
[2024-05-13T15:31:35.408+0000] {logging_mixin.py:188} INFO - [2024-05-13T15:31:35.408+0000] {dag.py:3047} INFO - Sync 1 DAGs
[2024-05-13T15:31:35.428+0000] {logging_mixin.py:188} INFO - [2024-05-13T15:31:35.428+0000] {dag.py:3834} INFO - Setting next_dagrun for example_branch_labels to 2024-05-12 00:00:00+00:00, run_after=2024-05-13 00:00:00+00:00
[2024-05-13T15:31:35.450+0000] {processor.py:183} INFO - Processing /home/airflow/.local/lib/python3.8/site-packages/airflow/example_dags/example_branch_labels.py took 0.073 seconds
[2024-05-13T15:32:05.828+0000] {processor.py:161} INFO - Started process (PID=2351) to work on /home/airflow/.local/lib/python3.8/site-packages/airflow/example_dags/example_branch_labels.py
[2024-05-13T15:32:05.829+0000] {processor.py:830} INFO - Processing file /home/airflow/.local/lib/python3.8/site-packages/airflow/example_dags/example_branch_labels.py for tasks to queue
[2024-05-13T15:32:05.831+0000] {logging_mixin.py:188} INFO - [2024-05-13T15:32:05.831+0000] {dagbag.py:540} INFO - Filling up the DagBag from /home/airflow/.local/lib/python3.8/site-packages/airflow/example_dags/example_branch_labels.py
[2024-05-13T15:32:05.838+0000] {processor.py:840} INFO - DAG(s) 'example_branch_labels' retrieved from /home/airflow/.local/lib/python3.8/site-packages/airflow/example_dags/example_branch_labels.py
[2024-05-13T15:32:05.857+0000] {logging_mixin.py:188} INFO - [2024-05-13T15:32:05.857+0000] {dag.py:3047} INFO - Sync 1 DAGs
[2024-05-13T15:32:05.877+0000] {logging_mixin.py:188} INFO - [2024-05-13T15:32:05.877+0000] {dag.py:3834} INFO - Setting next_dagrun for example_branch_labels to 2024-05-12 00:00:00+00:00, run_after=2024-05-13 00:00:00+00:00
[2024-05-13T15:32:05.895+0000] {processor.py:183} INFO - Processing /home/airflow/.local/lib/python3.8/site-packages/airflow/example_dags/example_branch_labels.py took 0.069 seconds
[2024-05-13T15:32:36.554+0000] {processor.py:161} INFO - Started process (PID=2419) to work on /home/airflow/.local/lib/python3.8/site-packages/airflow/example_dags/example_branch_labels.py
[2024-05-13T15:32:36.555+0000] {processor.py:830} INFO - Processing file /home/airflow/.local/lib/python3.8/site-packages/airflow/example_dags/example_branch_labels.py for tasks to queue
[2024-05-13T15:32:36.557+0000] {logging_mixin.py:188} INFO - [2024-05-13T15:32:36.557+0000] {dagbag.py:540} INFO - Filling up the DagBag from /home/airflow/.local/lib/python3.8/site-packages/airflow/example_dags/example_branch_labels.py
[2024-05-13T15:32:36.565+0000] {processor.py:840} INFO - DAG(s) 'example_branch_labels' retrieved from /home/airflow/.local/lib/python3.8/site-packages/airflow/example_dags/example_branch_labels.py
[2024-05-13T15:32:36.592+0000] {logging_mixin.py:188} INFO - [2024-05-13T15:32:36.592+0000] {dag.py:3047} INFO - Sync 1 DAGs
[2024-05-13T15:32:36.618+0000] {logging_mixin.py:188} INFO - [2024-05-13T15:32:36.617+0000] {dag.py:3834} INFO - Setting next_dagrun for example_branch_labels to 2024-05-12 00:00:00+00:00, run_after=2024-05-13 00:00:00+00:00
[2024-05-13T15:32:36.636+0000] {processor.py:183} INFO - Processing /home/airflow/.local/lib/python3.8/site-packages/airflow/example_dags/example_branch_labels.py took 0.085 seconds
[2024-05-13T15:33:07.073+0000] {processor.py:161} INFO - Started process (PID=2487) to work on /home/airflow/.local/lib/python3.8/site-packages/airflow/example_dags/example_branch_labels.py
[2024-05-13T15:33:07.074+0000] {processor.py:830} INFO - Processing file /home/airflow/.local/lib/python3.8/site-packages/airflow/example_dags/example_branch_labels.py for tasks to queue
[2024-05-13T15:33:07.076+0000] {logging_mixin.py:188} INFO - [2024-05-13T15:33:07.076+0000] {dagbag.py:540} INFO - Filling up the DagBag from /home/airflow/.local/lib/python3.8/site-packages/airflow/example_dags/example_branch_labels.py
[2024-05-13T15:33:07.086+0000] {processor.py:840} INFO - DAG(s) 'example_branch_labels' retrieved from /home/airflow/.local/lib/python3.8/site-packages/airflow/example_dags/example_branch_labels.py
[2024-05-13T15:33:07.106+0000] {logging_mixin.py:188} INFO - [2024-05-13T15:33:07.106+0000] {dag.py:3047} INFO - Sync 1 DAGs
[2024-05-13T15:33:07.130+0000] {logging_mixin.py:188} INFO - [2024-05-13T15:33:07.130+0000] {dag.py:3834} INFO - Setting next_dagrun for example_branch_labels to 2024-05-12 00:00:00+00:00, run_after=2024-05-13 00:00:00+00:00
[2024-05-13T15:33:07.156+0000] {processor.py:183} INFO - Processing /home/airflow/.local/lib/python3.8/site-packages/airflow/example_dags/example_branch_labels.py took 0.086 seconds
[2024-05-13T15:33:38.127+0000] {processor.py:161} INFO - Started process (PID=2555) to work on /home/airflow/.local/lib/python3.8/site-packages/airflow/example_dags/example_branch_labels.py
[2024-05-13T15:33:38.130+0000] {processor.py:830} INFO - Processing file /home/airflow/.local/lib/python3.8/site-packages/airflow/example_dags/example_branch_labels.py for tasks to queue
[2024-05-13T15:33:38.136+0000] {logging_mixin.py:188} INFO - [2024-05-13T15:33:38.134+0000] {dagbag.py:540} INFO - Filling up the DagBag from /home/airflow/.local/lib/python3.8/site-packages/airflow/example_dags/example_branch_labels.py
[2024-05-13T15:33:38.150+0000] {processor.py:840} INFO - DAG(s) 'example_branch_labels' retrieved from /home/airflow/.local/lib/python3.8/site-packages/airflow/example_dags/example_branch_labels.py
[2024-05-13T15:33:38.182+0000] {logging_mixin.py:188} INFO - [2024-05-13T15:33:38.181+0000] {dag.py:3047} INFO - Sync 1 DAGs
[2024-05-13T15:33:38.213+0000] {logging_mixin.py:188} INFO - [2024-05-13T15:33:38.212+0000] {dag.py:3834} INFO - Setting next_dagrun for example_branch_labels to 2024-05-12 00:00:00+00:00, run_after=2024-05-13 00:00:00+00:00
[2024-05-13T15:33:38.239+0000] {processor.py:183} INFO - Processing /home/airflow/.local/lib/python3.8/site-packages/airflow/example_dags/example_branch_labels.py took 0.117 seconds
[2024-05-13T15:34:08.691+0000] {processor.py:161} INFO - Started process (PID=2623) to work on /home/airflow/.local/lib/python3.8/site-packages/airflow/example_dags/example_branch_labels.py
[2024-05-13T15:34:08.692+0000] {processor.py:830} INFO - Processing file /home/airflow/.local/lib/python3.8/site-packages/airflow/example_dags/example_branch_labels.py for tasks to queue
[2024-05-13T15:34:08.694+0000] {logging_mixin.py:188} INFO - [2024-05-13T15:34:08.694+0000] {dagbag.py:540} INFO - Filling up the DagBag from /home/airflow/.local/lib/python3.8/site-packages/airflow/example_dags/example_branch_labels.py
[2024-05-13T15:34:08.703+0000] {processor.py:840} INFO - DAG(s) 'example_branch_labels' retrieved from /home/airflow/.local/lib/python3.8/site-packages/airflow/example_dags/example_branch_labels.py
[2024-05-13T15:34:08.727+0000] {logging_mixin.py:188} INFO - [2024-05-13T15:34:08.726+0000] {dag.py:3047} INFO - Sync 1 DAGs
[2024-05-13T15:34:08.751+0000] {logging_mixin.py:188} INFO - [2024-05-13T15:34:08.751+0000] {dag.py:3834} INFO - Setting next_dagrun for example_branch_labels to 2024-05-12 00:00:00+00:00, run_after=2024-05-13 00:00:00+00:00
[2024-05-13T15:34:08.787+0000] {processor.py:183} INFO - Processing /home/airflow/.local/lib/python3.8/site-packages/airflow/example_dags/example_branch_labels.py took 0.099 seconds
[2024-05-13T15:34:39.033+0000] {processor.py:161} INFO - Started process (PID=2692) to work on /home/airflow/.local/lib/python3.8/site-packages/airflow/example_dags/example_branch_labels.py
[2024-05-13T15:34:39.034+0000] {processor.py:830} INFO - Processing file /home/airflow/.local/lib/python3.8/site-packages/airflow/example_dags/example_branch_labels.py for tasks to queue
[2024-05-13T15:34:39.036+0000] {logging_mixin.py:188} INFO - [2024-05-13T15:34:39.036+0000] {dagbag.py:540} INFO - Filling up the DagBag from /home/airflow/.local/lib/python3.8/site-packages/airflow/example_dags/example_branch_labels.py
[2024-05-13T15:34:39.043+0000] {processor.py:840} INFO - DAG(s) 'example_branch_labels' retrieved from /home/airflow/.local/lib/python3.8/site-packages/airflow/example_dags/example_branch_labels.py
[2024-05-13T15:34:39.062+0000] {logging_mixin.py:188} INFO - [2024-05-13T15:34:39.062+0000] {dag.py:3047} INFO - Sync 1 DAGs
[2024-05-13T15:34:39.081+0000] {logging_mixin.py:188} INFO - [2024-05-13T15:34:39.081+0000] {dag.py:3834} INFO - Setting next_dagrun for example_branch_labels to 2024-05-12 00:00:00+00:00, run_after=2024-05-13 00:00:00+00:00
[2024-05-13T15:34:39.097+0000] {processor.py:183} INFO - Processing /home/airflow/.local/lib/python3.8/site-packages/airflow/example_dags/example_branch_labels.py took 0.067 seconds
[2024-05-13T15:35:09.621+0000] {processor.py:161} INFO - Started process (PID=2760) to work on /home/airflow/.local/lib/python3.8/site-packages/airflow/example_dags/example_branch_labels.py
[2024-05-13T15:35:09.622+0000] {processor.py:830} INFO - Processing file /home/airflow/.local/lib/python3.8/site-packages/airflow/example_dags/example_branch_labels.py for tasks to queue
[2024-05-13T15:35:09.624+0000] {logging_mixin.py:188} INFO - [2024-05-13T15:35:09.623+0000] {dagbag.py:540} INFO - Filling up the DagBag from /home/airflow/.local/lib/python3.8/site-packages/airflow/example_dags/example_branch_labels.py
[2024-05-13T15:35:09.630+0000] {processor.py:840} INFO - DAG(s) 'example_branch_labels' retrieved from /home/airflow/.local/lib/python3.8/site-packages/airflow/example_dags/example_branch_labels.py
[2024-05-13T15:35:09.649+0000] {logging_mixin.py:188} INFO - [2024-05-13T15:35:09.649+0000] {dag.py:3047} INFO - Sync 1 DAGs
[2024-05-13T15:35:09.668+0000] {logging_mixin.py:188} INFO - [2024-05-13T15:35:09.668+0000] {dag.py:3834} INFO - Setting next_dagrun for example_branch_labels to 2024-05-12 00:00:00+00:00, run_after=2024-05-13 00:00:00+00:00
[2024-05-13T15:35:09.684+0000] {processor.py:183} INFO - Processing /home/airflow/.local/lib/python3.8/site-packages/airflow/example_dags/example_branch_labels.py took 0.066 seconds
[2024-05-13T15:35:40.123+0000] {processor.py:161} INFO - Started process (PID=2828) to work on /home/airflow/.local/lib/python3.8/site-packages/airflow/example_dags/example_branch_labels.py
[2024-05-13T15:35:40.124+0000] {processor.py:830} INFO - Processing file /home/airflow/.local/lib/python3.8/site-packages/airflow/example_dags/example_branch_labels.py for tasks to queue
[2024-05-13T15:35:40.126+0000] {logging_mixin.py:188} INFO - [2024-05-13T15:35:40.126+0000] {dagbag.py:540} INFO - Filling up the DagBag from /home/airflow/.local/lib/python3.8/site-packages/airflow/example_dags/example_branch_labels.py
[2024-05-13T15:35:40.134+0000] {processor.py:840} INFO - DAG(s) 'example_branch_labels' retrieved from /home/airflow/.local/lib/python3.8/site-packages/airflow/example_dags/example_branch_labels.py
[2024-05-13T15:35:40.153+0000] {logging_mixin.py:188} INFO - [2024-05-13T15:35:40.152+0000] {dag.py:3047} INFO - Sync 1 DAGs
[2024-05-13T15:35:40.173+0000] {logging_mixin.py:188} INFO - [2024-05-13T15:35:40.173+0000] {dag.py:3834} INFO - Setting next_dagrun for example_branch_labels to 2024-05-12 00:00:00+00:00, run_after=2024-05-13 00:00:00+00:00
[2024-05-13T15:35:40.190+0000] {processor.py:183} INFO - Processing /home/airflow/.local/lib/python3.8/site-packages/airflow/example_dags/example_branch_labels.py took 0.070 seconds
[2024-05-13T15:36:11.108+0000] {processor.py:161} INFO - Started process (PID=2896) to work on /home/airflow/.local/lib/python3.8/site-packages/airflow/example_dags/example_branch_labels.py
[2024-05-13T15:36:11.109+0000] {processor.py:830} INFO - Processing file /home/airflow/.local/lib/python3.8/site-packages/airflow/example_dags/example_branch_labels.py for tasks to queue
[2024-05-13T15:36:11.112+0000] {logging_mixin.py:188} INFO - [2024-05-13T15:36:11.112+0000] {dagbag.py:540} INFO - Filling up the DagBag from /home/airflow/.local/lib/python3.8/site-packages/airflow/example_dags/example_branch_labels.py
[2024-05-13T15:36:11.123+0000] {processor.py:840} INFO - DAG(s) 'example_branch_labels' retrieved from /home/airflow/.local/lib/python3.8/site-packages/airflow/example_dags/example_branch_labels.py
[2024-05-13T15:36:11.151+0000] {logging_mixin.py:188} INFO - [2024-05-13T15:36:11.150+0000] {dag.py:3047} INFO - Sync 1 DAGs
[2024-05-13T15:36:11.183+0000] {logging_mixin.py:188} INFO - [2024-05-13T15:36:11.182+0000] {dag.py:3834} INFO - Setting next_dagrun for example_branch_labels to 2024-05-12 00:00:00+00:00, run_after=2024-05-13 00:00:00+00:00
[2024-05-13T15:36:11.210+0000] {processor.py:183} INFO - Processing /home/airflow/.local/lib/python3.8/site-packages/airflow/example_dags/example_branch_labels.py took 0.106 seconds
[2024-05-13T15:36:41.385+0000] {processor.py:161} INFO - Started process (PID=2964) to work on /home/airflow/.local/lib/python3.8/site-packages/airflow/example_dags/example_branch_labels.py
[2024-05-13T15:36:41.386+0000] {processor.py:830} INFO - Processing file /home/airflow/.local/lib/python3.8/site-packages/airflow/example_dags/example_branch_labels.py for tasks to queue
[2024-05-13T15:36:41.387+0000] {logging_mixin.py:188} INFO - [2024-05-13T15:36:41.387+0000] {dagbag.py:540} INFO - Filling up the DagBag from /home/airflow/.local/lib/python3.8/site-packages/airflow/example_dags/example_branch_labels.py
[2024-05-13T15:36:41.394+0000] {processor.py:840} INFO - DAG(s) 'example_branch_labels' retrieved from /home/airflow/.local/lib/python3.8/site-packages/airflow/example_dags/example_branch_labels.py
[2024-05-13T15:36:41.413+0000] {logging_mixin.py:188} INFO - [2024-05-13T15:36:41.413+0000] {dag.py:3047} INFO - Sync 1 DAGs
[2024-05-13T15:36:41.432+0000] {logging_mixin.py:188} INFO - [2024-05-13T15:36:41.432+0000] {dag.py:3834} INFO - Setting next_dagrun for example_branch_labels to 2024-05-12 00:00:00+00:00, run_after=2024-05-13 00:00:00+00:00
[2024-05-13T15:36:41.450+0000] {processor.py:183} INFO - Processing /home/airflow/.local/lib/python3.8/site-packages/airflow/example_dags/example_branch_labels.py took 0.068 seconds
[2024-05-13T15:37:11.543+0000] {processor.py:161} INFO - Started process (PID=3032) to work on /home/airflow/.local/lib/python3.8/site-packages/airflow/example_dags/example_branch_labels.py
[2024-05-13T15:37:11.544+0000] {processor.py:830} INFO - Processing file /home/airflow/.local/lib/python3.8/site-packages/airflow/example_dags/example_branch_labels.py for tasks to queue
[2024-05-13T15:37:11.546+0000] {logging_mixin.py:188} INFO - [2024-05-13T15:37:11.546+0000] {dagbag.py:540} INFO - Filling up the DagBag from /home/airflow/.local/lib/python3.8/site-packages/airflow/example_dags/example_branch_labels.py
[2024-05-13T15:37:11.553+0000] {processor.py:840} INFO - DAG(s) 'example_branch_labels' retrieved from /home/airflow/.local/lib/python3.8/site-packages/airflow/example_dags/example_branch_labels.py
[2024-05-13T15:37:11.576+0000] {logging_mixin.py:188} INFO - [2024-05-13T15:37:11.576+0000] {dag.py:3047} INFO - Sync 1 DAGs
[2024-05-13T15:37:11.598+0000] {logging_mixin.py:188} INFO - [2024-05-13T15:37:11.597+0000] {dag.py:3834} INFO - Setting next_dagrun for example_branch_labels to 2024-05-12 00:00:00+00:00, run_after=2024-05-13 00:00:00+00:00
[2024-05-13T15:37:11.625+0000] {processor.py:183} INFO - Processing /home/airflow/.local/lib/python3.8/site-packages/airflow/example_dags/example_branch_labels.py took 0.085 seconds
[2024-05-13T15:37:42.405+0000] {processor.py:161} INFO - Started process (PID=3100) to work on /home/airflow/.local/lib/python3.8/site-packages/airflow/example_dags/example_branch_labels.py
[2024-05-13T15:37:42.406+0000] {processor.py:830} INFO - Processing file /home/airflow/.local/lib/python3.8/site-packages/airflow/example_dags/example_branch_labels.py for tasks to queue
[2024-05-13T15:37:42.409+0000] {logging_mixin.py:188} INFO - [2024-05-13T15:37:42.408+0000] {dagbag.py:540} INFO - Filling up the DagBag from /home/airflow/.local/lib/python3.8/site-packages/airflow/example_dags/example_branch_labels.py
[2024-05-13T15:37:42.418+0000] {processor.py:840} INFO - DAG(s) 'example_branch_labels' retrieved from /home/airflow/.local/lib/python3.8/site-packages/airflow/example_dags/example_branch_labels.py
[2024-05-13T15:37:42.441+0000] {logging_mixin.py:188} INFO - [2024-05-13T15:37:42.440+0000] {dag.py:3047} INFO - Sync 1 DAGs
[2024-05-13T15:37:42.463+0000] {logging_mixin.py:188} INFO - [2024-05-13T15:37:42.463+0000] {dag.py:3834} INFO - Setting next_dagrun for example_branch_labels to 2024-05-12 00:00:00+00:00, run_after=2024-05-13 00:00:00+00:00
[2024-05-13T15:37:42.484+0000] {processor.py:183} INFO - Processing /home/airflow/.local/lib/python3.8/site-packages/airflow/example_dags/example_branch_labels.py took 0.082 seconds
[2024-05-13T15:38:13.466+0000] {processor.py:161} INFO - Started process (PID=3168) to work on /home/airflow/.local/lib/python3.8/site-packages/airflow/example_dags/example_branch_labels.py
[2024-05-13T15:38:13.467+0000] {processor.py:830} INFO - Processing file /home/airflow/.local/lib/python3.8/site-packages/airflow/example_dags/example_branch_labels.py for tasks to queue
[2024-05-13T15:38:13.470+0000] {logging_mixin.py:188} INFO - [2024-05-13T15:38:13.469+0000] {dagbag.py:540} INFO - Filling up the DagBag from /home/airflow/.local/lib/python3.8/site-packages/airflow/example_dags/example_branch_labels.py
[2024-05-13T15:38:13.480+0000] {processor.py:840} INFO - DAG(s) 'example_branch_labels' retrieved from /home/airflow/.local/lib/python3.8/site-packages/airflow/example_dags/example_branch_labels.py
[2024-05-13T15:38:13.499+0000] {logging_mixin.py:188} INFO - [2024-05-13T15:38:13.499+0000] {dag.py:3047} INFO - Sync 1 DAGs
[2024-05-13T15:38:13.523+0000] {logging_mixin.py:188} INFO - [2024-05-13T15:38:13.523+0000] {dag.py:3834} INFO - Setting next_dagrun for example_branch_labels to 2024-05-12 00:00:00+00:00, run_after=2024-05-13 00:00:00+00:00
[2024-05-13T15:38:13.549+0000] {processor.py:183} INFO - Processing /home/airflow/.local/lib/python3.8/site-packages/airflow/example_dags/example_branch_labels.py took 0.087 seconds
[2024-05-13T15:38:43.921+0000] {processor.py:161} INFO - Started process (PID=3235) to work on /home/airflow/.local/lib/python3.8/site-packages/airflow/example_dags/example_branch_labels.py
[2024-05-13T15:38:43.922+0000] {processor.py:830} INFO - Processing file /home/airflow/.local/lib/python3.8/site-packages/airflow/example_dags/example_branch_labels.py for tasks to queue
[2024-05-13T15:38:43.923+0000] {logging_mixin.py:188} INFO - [2024-05-13T15:38:43.923+0000] {dagbag.py:540} INFO - Filling up the DagBag from /home/airflow/.local/lib/python3.8/site-packages/airflow/example_dags/example_branch_labels.py
[2024-05-13T15:38:43.931+0000] {processor.py:840} INFO - DAG(s) 'example_branch_labels' retrieved from /home/airflow/.local/lib/python3.8/site-packages/airflow/example_dags/example_branch_labels.py
[2024-05-13T15:38:43.955+0000] {logging_mixin.py:188} INFO - [2024-05-13T15:38:43.954+0000] {dag.py:3047} INFO - Sync 1 DAGs
[2024-05-13T15:38:43.978+0000] {logging_mixin.py:188} INFO - [2024-05-13T15:38:43.978+0000] {dag.py:3834} INFO - Setting next_dagrun for example_branch_labels to 2024-05-12 00:00:00+00:00, run_after=2024-05-13 00:00:00+00:00
[2024-05-13T15:38:43.996+0000] {processor.py:183} INFO - Processing /home/airflow/.local/lib/python3.8/site-packages/airflow/example_dags/example_branch_labels.py took 0.079 seconds
[2024-05-13T15:39:14.252+0000] {processor.py:161} INFO - Started process (PID=3291) to work on /home/airflow/.local/lib/python3.8/site-packages/airflow/example_dags/example_branch_labels.py
[2024-05-13T15:39:14.253+0000] {processor.py:830} INFO - Processing file /home/airflow/.local/lib/python3.8/site-packages/airflow/example_dags/example_branch_labels.py for tasks to queue
[2024-05-13T15:39:14.255+0000] {logging_mixin.py:188} INFO - [2024-05-13T15:39:14.255+0000] {dagbag.py:540} INFO - Filling up the DagBag from /home/airflow/.local/lib/python3.8/site-packages/airflow/example_dags/example_branch_labels.py
[2024-05-13T15:39:14.264+0000] {processor.py:840} INFO - DAG(s) 'example_branch_labels' retrieved from /home/airflow/.local/lib/python3.8/site-packages/airflow/example_dags/example_branch_labels.py
[2024-05-13T15:39:14.285+0000] {logging_mixin.py:188} INFO - [2024-05-13T15:39:14.285+0000] {dag.py:3047} INFO - Sync 1 DAGs
[2024-05-13T15:39:14.313+0000] {logging_mixin.py:188} INFO - [2024-05-13T15:39:14.313+0000] {dag.py:3834} INFO - Setting next_dagrun for example_branch_labels to 2024-05-12 00:00:00+00:00, run_after=2024-05-13 00:00:00+00:00
[2024-05-13T15:39:14.341+0000] {processor.py:183} INFO - Processing /home/airflow/.local/lib/python3.8/site-packages/airflow/example_dags/example_branch_labels.py took 0.093 seconds
[2024-05-13T15:39:45.305+0000] {processor.py:161} INFO - Started process (PID=3359) to work on /home/airflow/.local/lib/python3.8/site-packages/airflow/example_dags/example_branch_labels.py
[2024-05-13T15:39:45.306+0000] {processor.py:830} INFO - Processing file /home/airflow/.local/lib/python3.8/site-packages/airflow/example_dags/example_branch_labels.py for tasks to queue
[2024-05-13T15:39:45.308+0000] {logging_mixin.py:188} INFO - [2024-05-13T15:39:45.307+0000] {dagbag.py:540} INFO - Filling up the DagBag from /home/airflow/.local/lib/python3.8/site-packages/airflow/example_dags/example_branch_labels.py
[2024-05-13T15:39:45.315+0000] {processor.py:840} INFO - DAG(s) 'example_branch_labels' retrieved from /home/airflow/.local/lib/python3.8/site-packages/airflow/example_dags/example_branch_labels.py
[2024-05-13T15:39:45.336+0000] {logging_mixin.py:188} INFO - [2024-05-13T15:39:45.335+0000] {dag.py:3047} INFO - Sync 1 DAGs
[2024-05-13T15:39:45.477+0000] {logging_mixin.py:188} INFO - [2024-05-13T15:39:45.476+0000] {dag.py:3834} INFO - Setting next_dagrun for example_branch_labels to 2024-05-12 00:00:00+00:00, run_after=2024-05-13 00:00:00+00:00
[2024-05-13T15:39:45.496+0000] {processor.py:183} INFO - Processing /home/airflow/.local/lib/python3.8/site-packages/airflow/example_dags/example_branch_labels.py took 0.194 seconds
[2024-05-13T15:40:16.150+0000] {processor.py:161} INFO - Started process (PID=3427) to work on /home/airflow/.local/lib/python3.8/site-packages/airflow/example_dags/example_branch_labels.py
[2024-05-13T15:40:16.152+0000] {processor.py:830} INFO - Processing file /home/airflow/.local/lib/python3.8/site-packages/airflow/example_dags/example_branch_labels.py for tasks to queue
[2024-05-13T15:40:16.154+0000] {logging_mixin.py:188} INFO - [2024-05-13T15:40:16.153+0000] {dagbag.py:540} INFO - Filling up the DagBag from /home/airflow/.local/lib/python3.8/site-packages/airflow/example_dags/example_branch_labels.py
[2024-05-13T15:40:16.162+0000] {processor.py:840} INFO - DAG(s) 'example_branch_labels' retrieved from /home/airflow/.local/lib/python3.8/site-packages/airflow/example_dags/example_branch_labels.py
[2024-05-13T15:40:16.182+0000] {logging_mixin.py:188} INFO - [2024-05-13T15:40:16.181+0000] {dag.py:3047} INFO - Sync 1 DAGs
[2024-05-13T15:40:16.205+0000] {logging_mixin.py:188} INFO - [2024-05-13T15:40:16.204+0000] {dag.py:3834} INFO - Setting next_dagrun for example_branch_labels to 2024-05-12 00:00:00+00:00, run_after=2024-05-13 00:00:00+00:00
[2024-05-13T15:40:16.355+0000] {processor.py:183} INFO - Processing /home/airflow/.local/lib/python3.8/site-packages/airflow/example_dags/example_branch_labels.py took 0.208 seconds
[2024-05-13T15:40:47.018+0000] {processor.py:161} INFO - Started process (PID=3501) to work on /home/airflow/.local/lib/python3.8/site-packages/airflow/example_dags/example_branch_labels.py
[2024-05-13T15:40:47.019+0000] {processor.py:830} INFO - Processing file /home/airflow/.local/lib/python3.8/site-packages/airflow/example_dags/example_branch_labels.py for tasks to queue
[2024-05-13T15:40:47.021+0000] {logging_mixin.py:188} INFO - [2024-05-13T15:40:47.021+0000] {dagbag.py:540} INFO - Filling up the DagBag from /home/airflow/.local/lib/python3.8/site-packages/airflow/example_dags/example_branch_labels.py
[2024-05-13T15:40:47.029+0000] {processor.py:840} INFO - DAG(s) 'example_branch_labels' retrieved from /home/airflow/.local/lib/python3.8/site-packages/airflow/example_dags/example_branch_labels.py
[2024-05-13T15:40:47.050+0000] {logging_mixin.py:188} INFO - [2024-05-13T15:40:47.050+0000] {dag.py:3047} INFO - Sync 1 DAGs
[2024-05-13T15:40:47.072+0000] {logging_mixin.py:188} INFO - [2024-05-13T15:40:47.072+0000] {dag.py:3834} INFO - Setting next_dagrun for example_branch_labels to 2024-05-12 00:00:00+00:00, run_after=2024-05-13 00:00:00+00:00
[2024-05-13T15:40:47.092+0000] {processor.py:183} INFO - Processing /home/airflow/.local/lib/python3.8/site-packages/airflow/example_dags/example_branch_labels.py took 0.077 seconds
[2024-05-13T15:41:17.423+0000] {processor.py:161} INFO - Started process (PID=3568) to work on /home/airflow/.local/lib/python3.8/site-packages/airflow/example_dags/example_branch_labels.py
[2024-05-13T15:41:17.425+0000] {processor.py:830} INFO - Processing file /home/airflow/.local/lib/python3.8/site-packages/airflow/example_dags/example_branch_labels.py for tasks to queue
[2024-05-13T15:41:17.429+0000] {logging_mixin.py:188} INFO - [2024-05-13T15:41:17.429+0000] {dagbag.py:540} INFO - Filling up the DagBag from /home/airflow/.local/lib/python3.8/site-packages/airflow/example_dags/example_branch_labels.py
[2024-05-13T15:41:17.442+0000] {processor.py:840} INFO - DAG(s) 'example_branch_labels' retrieved from /home/airflow/.local/lib/python3.8/site-packages/airflow/example_dags/example_branch_labels.py
[2024-05-13T15:41:17.471+0000] {logging_mixin.py:188} INFO - [2024-05-13T15:41:17.471+0000] {dag.py:3047} INFO - Sync 1 DAGs
[2024-05-13T15:41:17.500+0000] {logging_mixin.py:188} INFO - [2024-05-13T15:41:17.499+0000] {dag.py:3834} INFO - Setting next_dagrun for example_branch_labels to 2024-05-12 00:00:00+00:00, run_after=2024-05-13 00:00:00+00:00
[2024-05-13T15:41:17.520+0000] {processor.py:183} INFO - Processing /home/airflow/.local/lib/python3.8/site-packages/airflow/example_dags/example_branch_labels.py took 0.103 seconds
[2024-05-13T15:41:47.634+0000] {processor.py:161} INFO - Started process (PID=3636) to work on /home/airflow/.local/lib/python3.8/site-packages/airflow/example_dags/example_branch_labels.py
[2024-05-13T15:41:47.635+0000] {processor.py:830} INFO - Processing file /home/airflow/.local/lib/python3.8/site-packages/airflow/example_dags/example_branch_labels.py for tasks to queue
[2024-05-13T15:41:47.637+0000] {logging_mixin.py:188} INFO - [2024-05-13T15:41:47.637+0000] {dagbag.py:540} INFO - Filling up the DagBag from /home/airflow/.local/lib/python3.8/site-packages/airflow/example_dags/example_branch_labels.py
[2024-05-13T15:41:47.644+0000] {processor.py:840} INFO - DAG(s) 'example_branch_labels' retrieved from /home/airflow/.local/lib/python3.8/site-packages/airflow/example_dags/example_branch_labels.py
[2024-05-13T15:41:47.664+0000] {logging_mixin.py:188} INFO - [2024-05-13T15:41:47.663+0000] {dag.py:3047} INFO - Sync 1 DAGs
[2024-05-13T15:41:47.684+0000] {logging_mixin.py:188} INFO - [2024-05-13T15:41:47.683+0000] {dag.py:3834} INFO - Setting next_dagrun for example_branch_labels to 2024-05-12 00:00:00+00:00, run_after=2024-05-13 00:00:00+00:00
[2024-05-13T15:41:47.703+0000] {processor.py:183} INFO - Processing /home/airflow/.local/lib/python3.8/site-packages/airflow/example_dags/example_branch_labels.py took 0.071 seconds
[2024-05-13T15:42:17.880+0000] {processor.py:161} INFO - Started process (PID=3704) to work on /home/airflow/.local/lib/python3.8/site-packages/airflow/example_dags/example_branch_labels.py
[2024-05-13T15:42:17.881+0000] {processor.py:830} INFO - Processing file /home/airflow/.local/lib/python3.8/site-packages/airflow/example_dags/example_branch_labels.py for tasks to queue
[2024-05-13T15:42:17.884+0000] {logging_mixin.py:188} INFO - [2024-05-13T15:42:17.883+0000] {dagbag.py:540} INFO - Filling up the DagBag from /home/airflow/.local/lib/python3.8/site-packages/airflow/example_dags/example_branch_labels.py
[2024-05-13T15:42:18.010+0000] {processor.py:840} INFO - DAG(s) 'example_branch_labels' retrieved from /home/airflow/.local/lib/python3.8/site-packages/airflow/example_dags/example_branch_labels.py
[2024-05-13T15:42:18.028+0000] {logging_mixin.py:188} INFO - [2024-05-13T15:42:18.028+0000] {dag.py:3047} INFO - Sync 1 DAGs
[2024-05-13T15:42:18.048+0000] {logging_mixin.py:188} INFO - [2024-05-13T15:42:18.047+0000] {dag.py:3834} INFO - Setting next_dagrun for example_branch_labels to 2024-05-12 00:00:00+00:00, run_after=2024-05-13 00:00:00+00:00
[2024-05-13T15:42:18.067+0000] {processor.py:183} INFO - Processing /home/airflow/.local/lib/python3.8/site-packages/airflow/example_dags/example_branch_labels.py took 0.190 seconds
[2024-05-13T15:42:48.106+0000] {processor.py:161} INFO - Started process (PID=3772) to work on /home/airflow/.local/lib/python3.8/site-packages/airflow/example_dags/example_branch_labels.py
[2024-05-13T15:42:48.108+0000] {processor.py:830} INFO - Processing file /home/airflow/.local/lib/python3.8/site-packages/airflow/example_dags/example_branch_labels.py for tasks to queue
[2024-05-13T15:42:48.111+0000] {logging_mixin.py:188} INFO - [2024-05-13T15:42:48.111+0000] {dagbag.py:540} INFO - Filling up the DagBag from /home/airflow/.local/lib/python3.8/site-packages/airflow/example_dags/example_branch_labels.py
[2024-05-13T15:42:48.119+0000] {processor.py:840} INFO - DAG(s) 'example_branch_labels' retrieved from /home/airflow/.local/lib/python3.8/site-packages/airflow/example_dags/example_branch_labels.py
[2024-05-13T15:42:48.140+0000] {logging_mixin.py:188} INFO - [2024-05-13T15:42:48.140+0000] {dag.py:3047} INFO - Sync 1 DAGs
[2024-05-13T15:42:48.163+0000] {logging_mixin.py:188} INFO - [2024-05-13T15:42:48.163+0000] {dag.py:3834} INFO - Setting next_dagrun for example_branch_labels to 2024-05-12 00:00:00+00:00, run_after=2024-05-13 00:00:00+00:00
[2024-05-13T15:42:48.185+0000] {processor.py:183} INFO - Processing /home/airflow/.local/lib/python3.8/site-packages/airflow/example_dags/example_branch_labels.py took 0.082 seconds
[2024-05-13T15:43:18.765+0000] {processor.py:161} INFO - Started process (PID=3840) to work on /home/airflow/.local/lib/python3.8/site-packages/airflow/example_dags/example_branch_labels.py
[2024-05-13T15:43:18.766+0000] {processor.py:830} INFO - Processing file /home/airflow/.local/lib/python3.8/site-packages/airflow/example_dags/example_branch_labels.py for tasks to queue
[2024-05-13T15:43:18.769+0000] {logging_mixin.py:188} INFO - [2024-05-13T15:43:18.769+0000] {dagbag.py:540} INFO - Filling up the DagBag from /home/airflow/.local/lib/python3.8/site-packages/airflow/example_dags/example_branch_labels.py
[2024-05-13T15:43:18.777+0000] {processor.py:840} INFO - DAG(s) 'example_branch_labels' retrieved from /home/airflow/.local/lib/python3.8/site-packages/airflow/example_dags/example_branch_labels.py
[2024-05-13T15:43:18.797+0000] {logging_mixin.py:188} INFO - [2024-05-13T15:43:18.797+0000] {dag.py:3047} INFO - Sync 1 DAGs
[2024-05-13T15:43:18.821+0000] {logging_mixin.py:188} INFO - [2024-05-13T15:43:18.821+0000] {dag.py:3834} INFO - Setting next_dagrun for example_branch_labels to 2024-05-12 00:00:00+00:00, run_after=2024-05-13 00:00:00+00:00
[2024-05-13T15:43:18.842+0000] {processor.py:183} INFO - Processing /home/airflow/.local/lib/python3.8/site-packages/airflow/example_dags/example_branch_labels.py took 0.081 seconds
[2024-05-13T15:43:49.279+0000] {processor.py:161} INFO - Started process (PID=3908) to work on /home/airflow/.local/lib/python3.8/site-packages/airflow/example_dags/example_branch_labels.py
[2024-05-13T15:43:49.280+0000] {processor.py:830} INFO - Processing file /home/airflow/.local/lib/python3.8/site-packages/airflow/example_dags/example_branch_labels.py for tasks to queue
[2024-05-13T15:43:49.282+0000] {logging_mixin.py:188} INFO - [2024-05-13T15:43:49.282+0000] {dagbag.py:540} INFO - Filling up the DagBag from /home/airflow/.local/lib/python3.8/site-packages/airflow/example_dags/example_branch_labels.py
[2024-05-13T15:43:49.291+0000] {processor.py:840} INFO - DAG(s) 'example_branch_labels' retrieved from /home/airflow/.local/lib/python3.8/site-packages/airflow/example_dags/example_branch_labels.py
[2024-05-13T15:43:49.318+0000] {logging_mixin.py:188} INFO - [2024-05-13T15:43:49.317+0000] {dag.py:3047} INFO - Sync 1 DAGs
[2024-05-13T15:43:49.344+0000] {logging_mixin.py:188} INFO - [2024-05-13T15:43:49.344+0000] {dag.py:3834} INFO - Setting next_dagrun for example_branch_labels to 2024-05-12 00:00:00+00:00, run_after=2024-05-13 00:00:00+00:00
[2024-05-13T15:43:49.372+0000] {processor.py:183} INFO - Processing /home/airflow/.local/lib/python3.8/site-packages/airflow/example_dags/example_branch_labels.py took 0.095 seconds
[2024-05-13T15:44:19.502+0000] {processor.py:161} INFO - Started process (PID=3976) to work on /home/airflow/.local/lib/python3.8/site-packages/airflow/example_dags/example_branch_labels.py
[2024-05-13T15:44:19.503+0000] {processor.py:830} INFO - Processing file /home/airflow/.local/lib/python3.8/site-packages/airflow/example_dags/example_branch_labels.py for tasks to queue
[2024-05-13T15:44:19.504+0000] {logging_mixin.py:188} INFO - [2024-05-13T15:44:19.504+0000] {dagbag.py:540} INFO - Filling up the DagBag from /home/airflow/.local/lib/python3.8/site-packages/airflow/example_dags/example_branch_labels.py
[2024-05-13T15:44:19.511+0000] {processor.py:840} INFO - DAG(s) 'example_branch_labels' retrieved from /home/airflow/.local/lib/python3.8/site-packages/airflow/example_dags/example_branch_labels.py
[2024-05-13T15:44:19.529+0000] {logging_mixin.py:188} INFO - [2024-05-13T15:44:19.529+0000] {dag.py:3047} INFO - Sync 1 DAGs
[2024-05-13T15:44:19.547+0000] {logging_mixin.py:188} INFO - [2024-05-13T15:44:19.547+0000] {dag.py:3834} INFO - Setting next_dagrun for example_branch_labels to 2024-05-12 00:00:00+00:00, run_after=2024-05-13 00:00:00+00:00
[2024-05-13T15:44:19.564+0000] {processor.py:183} INFO - Processing /home/airflow/.local/lib/python3.8/site-packages/airflow/example_dags/example_branch_labels.py took 0.065 seconds
