[2024-05-13T15:15:17.969+0000] {processor.py:161} INFO - Started process (PID=86) to work on /home/airflow/.local/lib/python3.8/site-packages/airflow/example_dags/example_dag_decorator.py
[2024-05-13T15:15:17.971+0000] {processor.py:830} INFO - Processing file /home/airflow/.local/lib/python3.8/site-packages/airflow/example_dags/example_dag_decorator.py for tasks to queue
[2024-05-13T15:15:17.974+0000] {logging_mixin.py:188} INFO - [2024-05-13T15:15:17.974+0000] {dagbag.py:540} INFO - Filling up the DagBag from /home/airflow/.local/lib/python3.8/site-packages/airflow/example_dags/example_dag_decorator.py
[2024-05-13T15:15:18.280+0000] {processor.py:840} INFO - DAG(s) 'example_dag_decorator' retrieved from /home/airflow/.local/lib/python3.8/site-packages/airflow/example_dags/example_dag_decorator.py
[2024-05-13T15:15:18.431+0000] {logging_mixin.py:188} INFO - [2024-05-13T15:15:18.430+0000] {override.py:1769} INFO - Created Permission View: can delete on DAG:example_dag_decorator
[2024-05-13T15:15:18.446+0000] {logging_mixin.py:188} INFO - [2024-05-13T15:15:18.445+0000] {override.py:1769} INFO - Created Permission View: can edit on DAG:example_dag_decorator
[2024-05-13T15:15:18.458+0000] {logging_mixin.py:188} INFO - [2024-05-13T15:15:18.458+0000] {override.py:1769} INFO - Created Permission View: can read on DAG:example_dag_decorator
[2024-05-13T15:15:18.459+0000] {logging_mixin.py:188} INFO - [2024-05-13T15:15:18.459+0000] {dag.py:3047} INFO - Sync 1 DAGs
[2024-05-13T15:15:18.474+0000] {logging_mixin.py:188} INFO - [2024-05-13T15:15:18.474+0000] {dag.py:3069} INFO - Creating ORM DAG for example_dag_decorator
[2024-05-13T15:15:18.476+0000] {logging_mixin.py:188} INFO - [2024-05-13T15:15:18.475+0000] {dag.py:3834} INFO - Setting next_dagrun for example_dag_decorator to None, run_after=None
[2024-05-13T15:15:18.496+0000] {processor.py:183} INFO - Processing /home/airflow/.local/lib/python3.8/site-packages/airflow/example_dags/example_dag_decorator.py took 0.532 seconds
[2024-05-13T15:15:48.929+0000] {processor.py:161} INFO - Started process (PID=153) to work on /home/airflow/.local/lib/python3.8/site-packages/airflow/example_dags/example_dag_decorator.py
[2024-05-13T15:15:48.931+0000] {processor.py:830} INFO - Processing file /home/airflow/.local/lib/python3.8/site-packages/airflow/example_dags/example_dag_decorator.py for tasks to queue
[2024-05-13T15:15:48.934+0000] {logging_mixin.py:188} INFO - [2024-05-13T15:15:48.933+0000] {dagbag.py:540} INFO - Filling up the DagBag from /home/airflow/.local/lib/python3.8/site-packages/airflow/example_dags/example_dag_decorator.py
[2024-05-13T15:15:49.025+0000] {processor.py:840} INFO - DAG(s) 'example_dag_decorator' retrieved from /home/airflow/.local/lib/python3.8/site-packages/airflow/example_dags/example_dag_decorator.py
[2024-05-13T15:15:49.146+0000] {logging_mixin.py:188} INFO - [2024-05-13T15:15:49.146+0000] {dag.py:3047} INFO - Sync 1 DAGs
[2024-05-13T15:15:49.158+0000] {logging_mixin.py:188} INFO - [2024-05-13T15:15:49.158+0000] {dag.py:3834} INFO - Setting next_dagrun for example_dag_decorator to None, run_after=None
[2024-05-13T15:15:49.244+0000] {processor.py:183} INFO - Processing /home/airflow/.local/lib/python3.8/site-packages/airflow/example_dags/example_dag_decorator.py took 0.319 seconds
[2024-05-13T15:16:19.328+0000] {processor.py:161} INFO - Started process (PID=209) to work on /home/airflow/.local/lib/python3.8/site-packages/airflow/example_dags/example_dag_decorator.py
[2024-05-13T15:16:19.330+0000] {processor.py:830} INFO - Processing file /home/airflow/.local/lib/python3.8/site-packages/airflow/example_dags/example_dag_decorator.py for tasks to queue
[2024-05-13T15:16:19.332+0000] {logging_mixin.py:188} INFO - [2024-05-13T15:16:19.332+0000] {dagbag.py:540} INFO - Filling up the DagBag from /home/airflow/.local/lib/python3.8/site-packages/airflow/example_dags/example_dag_decorator.py
[2024-05-13T15:16:19.431+0000] {processor.py:840} INFO - DAG(s) 'example_dag_decorator' retrieved from /home/airflow/.local/lib/python3.8/site-packages/airflow/example_dags/example_dag_decorator.py
[2024-05-13T15:16:19.546+0000] {logging_mixin.py:188} INFO - [2024-05-13T15:16:19.546+0000] {dag.py:3047} INFO - Sync 1 DAGs
[2024-05-13T15:16:19.556+0000] {logging_mixin.py:188} INFO - [2024-05-13T15:16:19.556+0000] {dag.py:3834} INFO - Setting next_dagrun for example_dag_decorator to None, run_after=None
[2024-05-13T15:16:19.587+0000] {processor.py:183} INFO - Processing /home/airflow/.local/lib/python3.8/site-packages/airflow/example_dags/example_dag_decorator.py took 0.263 seconds
[2024-05-13T15:16:49.723+0000] {processor.py:161} INFO - Started process (PID=277) to work on /home/airflow/.local/lib/python3.8/site-packages/airflow/example_dags/example_dag_decorator.py
[2024-05-13T15:16:49.724+0000] {processor.py:830} INFO - Processing file /home/airflow/.local/lib/python3.8/site-packages/airflow/example_dags/example_dag_decorator.py for tasks to queue
[2024-05-13T15:16:49.725+0000] {logging_mixin.py:188} INFO - [2024-05-13T15:16:49.725+0000] {dagbag.py:540} INFO - Filling up the DagBag from /home/airflow/.local/lib/python3.8/site-packages/airflow/example_dags/example_dag_decorator.py
[2024-05-13T15:16:49.807+0000] {processor.py:840} INFO - DAG(s) 'example_dag_decorator' retrieved from /home/airflow/.local/lib/python3.8/site-packages/airflow/example_dags/example_dag_decorator.py
[2024-05-13T15:16:49.896+0000] {logging_mixin.py:188} INFO - [2024-05-13T15:16:49.896+0000] {dag.py:3047} INFO - Sync 1 DAGs
[2024-05-13T15:16:49.906+0000] {logging_mixin.py:188} INFO - [2024-05-13T15:16:49.906+0000] {dag.py:3834} INFO - Setting next_dagrun for example_dag_decorator to None, run_after=None
[2024-05-13T15:16:49.924+0000] {processor.py:183} INFO - Processing /home/airflow/.local/lib/python3.8/site-packages/airflow/example_dags/example_dag_decorator.py took 0.204 seconds
[2024-05-13T15:17:19.959+0000] {processor.py:161} INFO - Started process (PID=345) to work on /home/airflow/.local/lib/python3.8/site-packages/airflow/example_dags/example_dag_decorator.py
[2024-05-13T15:17:19.961+0000] {processor.py:830} INFO - Processing file /home/airflow/.local/lib/python3.8/site-packages/airflow/example_dags/example_dag_decorator.py for tasks to queue
[2024-05-13T15:17:19.963+0000] {logging_mixin.py:188} INFO - [2024-05-13T15:17:19.962+0000] {dagbag.py:540} INFO - Filling up the DagBag from /home/airflow/.local/lib/python3.8/site-packages/airflow/example_dags/example_dag_decorator.py
[2024-05-13T15:17:20.055+0000] {processor.py:840} INFO - DAG(s) 'example_dag_decorator' retrieved from /home/airflow/.local/lib/python3.8/site-packages/airflow/example_dags/example_dag_decorator.py
[2024-05-13T15:17:20.156+0000] {logging_mixin.py:188} INFO - [2024-05-13T15:17:20.155+0000] {dag.py:3047} INFO - Sync 1 DAGs
[2024-05-13T15:17:20.166+0000] {logging_mixin.py:188} INFO - [2024-05-13T15:17:20.166+0000] {dag.py:3834} INFO - Setting next_dagrun for example_dag_decorator to None, run_after=None
[2024-05-13T15:17:20.186+0000] {processor.py:183} INFO - Processing /home/airflow/.local/lib/python3.8/site-packages/airflow/example_dags/example_dag_decorator.py took 0.231 seconds
[2024-05-13T15:17:50.246+0000] {processor.py:161} INFO - Started process (PID=414) to work on /home/airflow/.local/lib/python3.8/site-packages/airflow/example_dags/example_dag_decorator.py
[2024-05-13T15:17:50.247+0000] {processor.py:830} INFO - Processing file /home/airflow/.local/lib/python3.8/site-packages/airflow/example_dags/example_dag_decorator.py for tasks to queue
[2024-05-13T15:17:50.249+0000] {logging_mixin.py:188} INFO - [2024-05-13T15:17:50.248+0000] {dagbag.py:540} INFO - Filling up the DagBag from /home/airflow/.local/lib/python3.8/site-packages/airflow/example_dags/example_dag_decorator.py
[2024-05-13T15:17:50.342+0000] {processor.py:840} INFO - DAG(s) 'example_dag_decorator' retrieved from /home/airflow/.local/lib/python3.8/site-packages/airflow/example_dags/example_dag_decorator.py
[2024-05-13T15:17:50.440+0000] {logging_mixin.py:188} INFO - [2024-05-13T15:17:50.439+0000] {dag.py:3047} INFO - Sync 1 DAGs
[2024-05-13T15:17:50.450+0000] {logging_mixin.py:188} INFO - [2024-05-13T15:17:50.450+0000] {dag.py:3834} INFO - Setting next_dagrun for example_dag_decorator to None, run_after=None
[2024-05-13T15:17:50.469+0000] {processor.py:183} INFO - Processing /home/airflow/.local/lib/python3.8/site-packages/airflow/example_dags/example_dag_decorator.py took 0.226 seconds
[2024-05-13T15:18:20.526+0000] {processor.py:161} INFO - Started process (PID=481) to work on /home/airflow/.local/lib/python3.8/site-packages/airflow/example_dags/example_dag_decorator.py
[2024-05-13T15:18:20.527+0000] {processor.py:830} INFO - Processing file /home/airflow/.local/lib/python3.8/site-packages/airflow/example_dags/example_dag_decorator.py for tasks to queue
[2024-05-13T15:18:20.529+0000] {logging_mixin.py:188} INFO - [2024-05-13T15:18:20.528+0000] {dagbag.py:540} INFO - Filling up the DagBag from /home/airflow/.local/lib/python3.8/site-packages/airflow/example_dags/example_dag_decorator.py
[2024-05-13T15:18:20.606+0000] {processor.py:840} INFO - DAG(s) 'example_dag_decorator' retrieved from /home/airflow/.local/lib/python3.8/site-packages/airflow/example_dags/example_dag_decorator.py
[2024-05-13T15:18:20.692+0000] {logging_mixin.py:188} INFO - [2024-05-13T15:18:20.692+0000] {dag.py:3047} INFO - Sync 1 DAGs
[2024-05-13T15:18:20.702+0000] {logging_mixin.py:188} INFO - [2024-05-13T15:18:20.702+0000] {dag.py:3834} INFO - Setting next_dagrun for example_dag_decorator to None, run_after=None
[2024-05-13T15:18:20.720+0000] {processor.py:183} INFO - Processing /home/airflow/.local/lib/python3.8/site-packages/airflow/example_dags/example_dag_decorator.py took 0.197 seconds
[2024-05-13T15:18:50.888+0000] {processor.py:161} INFO - Started process (PID=549) to work on /home/airflow/.local/lib/python3.8/site-packages/airflow/example_dags/example_dag_decorator.py
[2024-05-13T15:18:50.889+0000] {processor.py:830} INFO - Processing file /home/airflow/.local/lib/python3.8/site-packages/airflow/example_dags/example_dag_decorator.py for tasks to queue
[2024-05-13T15:18:50.890+0000] {logging_mixin.py:188} INFO - [2024-05-13T15:18:50.890+0000] {dagbag.py:540} INFO - Filling up the DagBag from /home/airflow/.local/lib/python3.8/site-packages/airflow/example_dags/example_dag_decorator.py
[2024-05-13T15:18:50.970+0000] {processor.py:840} INFO - DAG(s) 'example_dag_decorator' retrieved from /home/airflow/.local/lib/python3.8/site-packages/airflow/example_dags/example_dag_decorator.py
[2024-05-13T15:18:50.994+0000] {logging_mixin.py:188} INFO - [2024-05-13T15:18:50.993+0000] {dag.py:3047} INFO - Sync 1 DAGs
[2024-05-13T15:18:51.006+0000] {logging_mixin.py:188} INFO - [2024-05-13T15:18:51.006+0000] {dag.py:3834} INFO - Setting next_dagrun for example_dag_decorator to None, run_after=None
[2024-05-13T15:18:51.027+0000] {processor.py:183} INFO - Processing /home/airflow/.local/lib/python3.8/site-packages/airflow/example_dags/example_dag_decorator.py took 0.142 seconds
[2024-05-13T15:19:21.062+0000] {processor.py:161} INFO - Started process (PID=617) to work on /home/airflow/.local/lib/python3.8/site-packages/airflow/example_dags/example_dag_decorator.py
[2024-05-13T15:19:21.063+0000] {processor.py:830} INFO - Processing file /home/airflow/.local/lib/python3.8/site-packages/airflow/example_dags/example_dag_decorator.py for tasks to queue
[2024-05-13T15:19:21.065+0000] {logging_mixin.py:188} INFO - [2024-05-13T15:19:21.064+0000] {dagbag.py:540} INFO - Filling up the DagBag from /home/airflow/.local/lib/python3.8/site-packages/airflow/example_dags/example_dag_decorator.py
[2024-05-13T15:19:21.144+0000] {processor.py:840} INFO - DAG(s) 'example_dag_decorator' retrieved from /home/airflow/.local/lib/python3.8/site-packages/airflow/example_dags/example_dag_decorator.py
[2024-05-13T15:19:21.237+0000] {logging_mixin.py:188} INFO - [2024-05-13T15:19:21.236+0000] {dag.py:3047} INFO - Sync 1 DAGs
[2024-05-13T15:19:21.247+0000] {logging_mixin.py:188} INFO - [2024-05-13T15:19:21.247+0000] {dag.py:3834} INFO - Setting next_dagrun for example_dag_decorator to None, run_after=None
[2024-05-13T15:19:21.272+0000] {processor.py:183} INFO - Processing /home/airflow/.local/lib/python3.8/site-packages/airflow/example_dags/example_dag_decorator.py took 0.214 seconds
[2024-05-13T15:19:51.314+0000] {processor.py:161} INFO - Started process (PID=686) to work on /home/airflow/.local/lib/python3.8/site-packages/airflow/example_dags/example_dag_decorator.py
[2024-05-13T15:19:51.315+0000] {processor.py:830} INFO - Processing file /home/airflow/.local/lib/python3.8/site-packages/airflow/example_dags/example_dag_decorator.py for tasks to queue
[2024-05-13T15:19:51.317+0000] {logging_mixin.py:188} INFO - [2024-05-13T15:19:51.317+0000] {dagbag.py:540} INFO - Filling up the DagBag from /home/airflow/.local/lib/python3.8/site-packages/airflow/example_dags/example_dag_decorator.py
[2024-05-13T15:19:51.392+0000] {processor.py:840} INFO - DAG(s) 'example_dag_decorator' retrieved from /home/airflow/.local/lib/python3.8/site-packages/airflow/example_dags/example_dag_decorator.py
[2024-05-13T15:19:51.478+0000] {logging_mixin.py:188} INFO - [2024-05-13T15:19:51.477+0000] {dag.py:3047} INFO - Sync 1 DAGs
[2024-05-13T15:19:51.487+0000] {logging_mixin.py:188} INFO - [2024-05-13T15:19:51.487+0000] {dag.py:3834} INFO - Setting next_dagrun for example_dag_decorator to None, run_after=None
[2024-05-13T15:19:51.506+0000] {processor.py:183} INFO - Processing /home/airflow/.local/lib/python3.8/site-packages/airflow/example_dags/example_dag_decorator.py took 0.195 seconds
[2024-05-13T15:20:21.594+0000] {processor.py:161} INFO - Started process (PID=754) to work on /home/airflow/.local/lib/python3.8/site-packages/airflow/example_dags/example_dag_decorator.py
[2024-05-13T15:20:21.595+0000] {processor.py:830} INFO - Processing file /home/airflow/.local/lib/python3.8/site-packages/airflow/example_dags/example_dag_decorator.py for tasks to queue
[2024-05-13T15:20:21.597+0000] {logging_mixin.py:188} INFO - [2024-05-13T15:20:21.597+0000] {dagbag.py:540} INFO - Filling up the DagBag from /home/airflow/.local/lib/python3.8/site-packages/airflow/example_dags/example_dag_decorator.py
[2024-05-13T15:20:21.677+0000] {processor.py:840} INFO - DAG(s) 'example_dag_decorator' retrieved from /home/airflow/.local/lib/python3.8/site-packages/airflow/example_dags/example_dag_decorator.py
[2024-05-13T15:20:21.762+0000] {logging_mixin.py:188} INFO - [2024-05-13T15:20:21.762+0000] {dag.py:3047} INFO - Sync 1 DAGs
[2024-05-13T15:20:21.772+0000] {logging_mixin.py:188} INFO - [2024-05-13T15:20:21.772+0000] {dag.py:3834} INFO - Setting next_dagrun for example_dag_decorator to None, run_after=None
[2024-05-13T15:20:21.794+0000] {processor.py:183} INFO - Processing /home/airflow/.local/lib/python3.8/site-packages/airflow/example_dags/example_dag_decorator.py took 0.203 seconds
[2024-05-13T15:20:52.024+0000] {processor.py:161} INFO - Started process (PID=825) to work on /home/airflow/.local/lib/python3.8/site-packages/airflow/example_dags/example_dag_decorator.py
[2024-05-13T15:20:52.025+0000] {processor.py:830} INFO - Processing file /home/airflow/.local/lib/python3.8/site-packages/airflow/example_dags/example_dag_decorator.py for tasks to queue
[2024-05-13T15:20:52.027+0000] {logging_mixin.py:188} INFO - [2024-05-13T15:20:52.027+0000] {dagbag.py:540} INFO - Filling up the DagBag from /home/airflow/.local/lib/python3.8/site-packages/airflow/example_dags/example_dag_decorator.py
[2024-05-13T15:20:52.129+0000] {processor.py:840} INFO - DAG(s) 'example_dag_decorator' retrieved from /home/airflow/.local/lib/python3.8/site-packages/airflow/example_dags/example_dag_decorator.py
[2024-05-13T15:20:52.254+0000] {logging_mixin.py:188} INFO - [2024-05-13T15:20:52.254+0000] {dag.py:3047} INFO - Sync 1 DAGs
[2024-05-13T15:20:52.266+0000] {logging_mixin.py:188} INFO - [2024-05-13T15:20:52.266+0000] {dag.py:3834} INFO - Setting next_dagrun for example_dag_decorator to None, run_after=None
[2024-05-13T15:20:52.289+0000] {processor.py:183} INFO - Processing /home/airflow/.local/lib/python3.8/site-packages/airflow/example_dags/example_dag_decorator.py took 0.268 seconds
[2024-05-13T15:21:22.391+0000] {processor.py:161} INFO - Started process (PID=894) to work on /home/airflow/.local/lib/python3.8/site-packages/airflow/example_dags/example_dag_decorator.py
[2024-05-13T15:21:22.392+0000] {processor.py:830} INFO - Processing file /home/airflow/.local/lib/python3.8/site-packages/airflow/example_dags/example_dag_decorator.py for tasks to queue
[2024-05-13T15:21:22.394+0000] {logging_mixin.py:188} INFO - [2024-05-13T15:21:22.394+0000] {dagbag.py:540} INFO - Filling up the DagBag from /home/airflow/.local/lib/python3.8/site-packages/airflow/example_dags/example_dag_decorator.py
[2024-05-13T15:21:22.483+0000] {processor.py:840} INFO - DAG(s) 'example_dag_decorator' retrieved from /home/airflow/.local/lib/python3.8/site-packages/airflow/example_dags/example_dag_decorator.py
[2024-05-13T15:21:22.579+0000] {logging_mixin.py:188} INFO - [2024-05-13T15:21:22.579+0000] {dag.py:3047} INFO - Sync 1 DAGs
[2024-05-13T15:21:22.589+0000] {logging_mixin.py:188} INFO - [2024-05-13T15:21:22.589+0000] {dag.py:3834} INFO - Setting next_dagrun for example_dag_decorator to None, run_after=None
[2024-05-13T15:21:22.611+0000] {processor.py:183} INFO - Processing /home/airflow/.local/lib/python3.8/site-packages/airflow/example_dags/example_dag_decorator.py took 0.223 seconds
[2024-05-13T15:21:52.665+0000] {processor.py:161} INFO - Started process (PID=963) to work on /home/airflow/.local/lib/python3.8/site-packages/airflow/example_dags/example_dag_decorator.py
[2024-05-13T15:21:52.666+0000] {processor.py:830} INFO - Processing file /home/airflow/.local/lib/python3.8/site-packages/airflow/example_dags/example_dag_decorator.py for tasks to queue
[2024-05-13T15:21:52.669+0000] {logging_mixin.py:188} INFO - [2024-05-13T15:21:52.669+0000] {dagbag.py:540} INFO - Filling up the DagBag from /home/airflow/.local/lib/python3.8/site-packages/airflow/example_dags/example_dag_decorator.py
[2024-05-13T15:21:52.762+0000] {processor.py:840} INFO - DAG(s) 'example_dag_decorator' retrieved from /home/airflow/.local/lib/python3.8/site-packages/airflow/example_dags/example_dag_decorator.py
[2024-05-13T15:21:52.862+0000] {logging_mixin.py:188} INFO - [2024-05-13T15:21:52.862+0000] {dag.py:3047} INFO - Sync 1 DAGs
[2024-05-13T15:21:52.872+0000] {logging_mixin.py:188} INFO - [2024-05-13T15:21:52.871+0000] {dag.py:3834} INFO - Setting next_dagrun for example_dag_decorator to None, run_after=None
[2024-05-13T15:21:52.894+0000] {processor.py:183} INFO - Processing /home/airflow/.local/lib/python3.8/site-packages/airflow/example_dags/example_dag_decorator.py took 0.233 seconds
[2024-05-13T15:22:23.312+0000] {processor.py:161} INFO - Started process (PID=1029) to work on /home/airflow/.local/lib/python3.8/site-packages/airflow/example_dags/example_dag_decorator.py
[2024-05-13T15:22:23.313+0000] {processor.py:830} INFO - Processing file /home/airflow/.local/lib/python3.8/site-packages/airflow/example_dags/example_dag_decorator.py for tasks to queue
[2024-05-13T15:22:23.315+0000] {logging_mixin.py:188} INFO - [2024-05-13T15:22:23.315+0000] {dagbag.py:540} INFO - Filling up the DagBag from /home/airflow/.local/lib/python3.8/site-packages/airflow/example_dags/example_dag_decorator.py
[2024-05-13T15:22:23.416+0000] {processor.py:840} INFO - DAG(s) 'example_dag_decorator' retrieved from /home/airflow/.local/lib/python3.8/site-packages/airflow/example_dags/example_dag_decorator.py
[2024-05-13T15:22:23.530+0000] {logging_mixin.py:188} INFO - [2024-05-13T15:22:23.530+0000] {dag.py:3047} INFO - Sync 1 DAGs
[2024-05-13T15:22:23.546+0000] {logging_mixin.py:188} INFO - [2024-05-13T15:22:23.545+0000] {dag.py:3834} INFO - Setting next_dagrun for example_dag_decorator to None, run_after=None
[2024-05-13T15:22:23.571+0000] {processor.py:183} INFO - Processing /home/airflow/.local/lib/python3.8/site-packages/airflow/example_dags/example_dag_decorator.py took 0.263 seconds
[2024-05-13T15:22:53.680+0000] {processor.py:161} INFO - Started process (PID=1099) to work on /home/airflow/.local/lib/python3.8/site-packages/airflow/example_dags/example_dag_decorator.py
[2024-05-13T15:22:53.681+0000] {processor.py:830} INFO - Processing file /home/airflow/.local/lib/python3.8/site-packages/airflow/example_dags/example_dag_decorator.py for tasks to queue
[2024-05-13T15:22:53.683+0000] {logging_mixin.py:188} INFO - [2024-05-13T15:22:53.683+0000] {dagbag.py:540} INFO - Filling up the DagBag from /home/airflow/.local/lib/python3.8/site-packages/airflow/example_dags/example_dag_decorator.py
[2024-05-13T15:22:53.772+0000] {processor.py:840} INFO - DAG(s) 'example_dag_decorator' retrieved from /home/airflow/.local/lib/python3.8/site-packages/airflow/example_dags/example_dag_decorator.py
[2024-05-13T15:22:53.876+0000] {logging_mixin.py:188} INFO - [2024-05-13T15:22:53.875+0000] {dag.py:3047} INFO - Sync 1 DAGs
[2024-05-13T15:22:53.887+0000] {logging_mixin.py:188} INFO - [2024-05-13T15:22:53.886+0000] {dag.py:3834} INFO - Setting next_dagrun for example_dag_decorator to None, run_after=None
[2024-05-13T15:22:53.912+0000] {processor.py:183} INFO - Processing /home/airflow/.local/lib/python3.8/site-packages/airflow/example_dags/example_dag_decorator.py took 0.236 seconds
[2024-05-13T15:23:23.999+0000] {processor.py:161} INFO - Started process (PID=1167) to work on /home/airflow/.local/lib/python3.8/site-packages/airflow/example_dags/example_dag_decorator.py
[2024-05-13T15:23:24.000+0000] {processor.py:830} INFO - Processing file /home/airflow/.local/lib/python3.8/site-packages/airflow/example_dags/example_dag_decorator.py for tasks to queue
[2024-05-13T15:23:24.003+0000] {logging_mixin.py:188} INFO - [2024-05-13T15:23:24.002+0000] {dagbag.py:540} INFO - Filling up the DagBag from /home/airflow/.local/lib/python3.8/site-packages/airflow/example_dags/example_dag_decorator.py
[2024-05-13T15:23:24.099+0000] {processor.py:840} INFO - DAG(s) 'example_dag_decorator' retrieved from /home/airflow/.local/lib/python3.8/site-packages/airflow/example_dags/example_dag_decorator.py
[2024-05-13T15:23:24.217+0000] {logging_mixin.py:188} INFO - [2024-05-13T15:23:24.217+0000] {dag.py:3047} INFO - Sync 1 DAGs
[2024-05-13T15:23:24.231+0000] {logging_mixin.py:188} INFO - [2024-05-13T15:23:24.231+0000] {dag.py:3834} INFO - Setting next_dagrun for example_dag_decorator to None, run_after=None
[2024-05-13T15:23:24.268+0000] {processor.py:183} INFO - Processing /home/airflow/.local/lib/python3.8/site-packages/airflow/example_dags/example_dag_decorator.py took 0.272 seconds
[2024-05-13T15:23:55.169+0000] {processor.py:161} INFO - Started process (PID=1235) to work on /home/airflow/.local/lib/python3.8/site-packages/airflow/example_dags/example_dag_decorator.py
[2024-05-13T15:23:55.170+0000] {processor.py:830} INFO - Processing file /home/airflow/.local/lib/python3.8/site-packages/airflow/example_dags/example_dag_decorator.py for tasks to queue
[2024-05-13T15:23:55.172+0000] {logging_mixin.py:188} INFO - [2024-05-13T15:23:55.172+0000] {dagbag.py:540} INFO - Filling up the DagBag from /home/airflow/.local/lib/python3.8/site-packages/airflow/example_dags/example_dag_decorator.py
[2024-05-13T15:23:55.266+0000] {processor.py:840} INFO - DAG(s) 'example_dag_decorator' retrieved from /home/airflow/.local/lib/python3.8/site-packages/airflow/example_dags/example_dag_decorator.py
[2024-05-13T15:23:55.291+0000] {logging_mixin.py:188} INFO - [2024-05-13T15:23:55.291+0000] {dag.py:3047} INFO - Sync 1 DAGs
[2024-05-13T15:23:55.302+0000] {logging_mixin.py:188} INFO - [2024-05-13T15:23:55.302+0000] {dag.py:3834} INFO - Setting next_dagrun for example_dag_decorator to None, run_after=None
[2024-05-13T15:23:55.322+0000] {processor.py:183} INFO - Processing /home/airflow/.local/lib/python3.8/site-packages/airflow/example_dags/example_dag_decorator.py took 0.156 seconds
[2024-05-13T15:24:25.413+0000] {processor.py:161} INFO - Started process (PID=1303) to work on /home/airflow/.local/lib/python3.8/site-packages/airflow/example_dags/example_dag_decorator.py
[2024-05-13T15:24:25.414+0000] {processor.py:830} INFO - Processing file /home/airflow/.local/lib/python3.8/site-packages/airflow/example_dags/example_dag_decorator.py for tasks to queue
[2024-05-13T15:24:25.416+0000] {logging_mixin.py:188} INFO - [2024-05-13T15:24:25.416+0000] {dagbag.py:540} INFO - Filling up the DagBag from /home/airflow/.local/lib/python3.8/site-packages/airflow/example_dags/example_dag_decorator.py
[2024-05-13T15:24:25.495+0000] {processor.py:840} INFO - DAG(s) 'example_dag_decorator' retrieved from /home/airflow/.local/lib/python3.8/site-packages/airflow/example_dags/example_dag_decorator.py
[2024-05-13T15:24:25.580+0000] {logging_mixin.py:188} INFO - [2024-05-13T15:24:25.580+0000] {dag.py:3047} INFO - Sync 1 DAGs
[2024-05-13T15:24:25.589+0000] {logging_mixin.py:188} INFO - [2024-05-13T15:24:25.589+0000] {dag.py:3834} INFO - Setting next_dagrun for example_dag_decorator to None, run_after=None
[2024-05-13T15:24:25.609+0000] {processor.py:183} INFO - Processing /home/airflow/.local/lib/python3.8/site-packages/airflow/example_dags/example_dag_decorator.py took 0.199 seconds
[2024-05-13T15:24:55.691+0000] {processor.py:161} INFO - Started process (PID=1372) to work on /home/airflow/.local/lib/python3.8/site-packages/airflow/example_dags/example_dag_decorator.py
[2024-05-13T15:24:55.692+0000] {processor.py:830} INFO - Processing file /home/airflow/.local/lib/python3.8/site-packages/airflow/example_dags/example_dag_decorator.py for tasks to queue
[2024-05-13T15:24:55.694+0000] {logging_mixin.py:188} INFO - [2024-05-13T15:24:55.694+0000] {dagbag.py:540} INFO - Filling up the DagBag from /home/airflow/.local/lib/python3.8/site-packages/airflow/example_dags/example_dag_decorator.py
[2024-05-13T15:24:55.786+0000] {processor.py:840} INFO - DAG(s) 'example_dag_decorator' retrieved from /home/airflow/.local/lib/python3.8/site-packages/airflow/example_dags/example_dag_decorator.py
[2024-05-13T15:24:55.886+0000] {logging_mixin.py:188} INFO - [2024-05-13T15:24:55.886+0000] {dag.py:3047} INFO - Sync 1 DAGs
[2024-05-13T15:24:55.897+0000] {logging_mixin.py:188} INFO - [2024-05-13T15:24:55.896+0000] {dag.py:3834} INFO - Setting next_dagrun for example_dag_decorator to None, run_after=None
[2024-05-13T15:24:55.918+0000] {processor.py:183} INFO - Processing /home/airflow/.local/lib/python3.8/site-packages/airflow/example_dags/example_dag_decorator.py took 0.229 seconds
[2024-05-13T15:25:26.033+0000] {processor.py:161} INFO - Started process (PID=1443) to work on /home/airflow/.local/lib/python3.8/site-packages/airflow/example_dags/example_dag_decorator.py
[2024-05-13T15:25:26.035+0000] {processor.py:830} INFO - Processing file /home/airflow/.local/lib/python3.8/site-packages/airflow/example_dags/example_dag_decorator.py for tasks to queue
[2024-05-13T15:25:26.037+0000] {logging_mixin.py:188} INFO - [2024-05-13T15:25:26.037+0000] {dagbag.py:540} INFO - Filling up the DagBag from /home/airflow/.local/lib/python3.8/site-packages/airflow/example_dags/example_dag_decorator.py
[2024-05-13T15:25:26.133+0000] {processor.py:840} INFO - DAG(s) 'example_dag_decorator' retrieved from /home/airflow/.local/lib/python3.8/site-packages/airflow/example_dags/example_dag_decorator.py
[2024-05-13T15:25:26.228+0000] {logging_mixin.py:188} INFO - [2024-05-13T15:25:26.228+0000] {dag.py:3047} INFO - Sync 1 DAGs
[2024-05-13T15:25:26.237+0000] {logging_mixin.py:188} INFO - [2024-05-13T15:25:26.237+0000] {dag.py:3834} INFO - Setting next_dagrun for example_dag_decorator to None, run_after=None
[2024-05-13T15:25:26.263+0000] {processor.py:183} INFO - Processing /home/airflow/.local/lib/python3.8/site-packages/airflow/example_dags/example_dag_decorator.py took 0.236 seconds
[2024-05-13T15:25:56.402+0000] {processor.py:161} INFO - Started process (PID=1508) to work on /home/airflow/.local/lib/python3.8/site-packages/airflow/example_dags/example_dag_decorator.py
[2024-05-13T15:25:56.403+0000] {processor.py:830} INFO - Processing file /home/airflow/.local/lib/python3.8/site-packages/airflow/example_dags/example_dag_decorator.py for tasks to queue
[2024-05-13T15:25:56.405+0000] {logging_mixin.py:188} INFO - [2024-05-13T15:25:56.405+0000] {dagbag.py:540} INFO - Filling up the DagBag from /home/airflow/.local/lib/python3.8/site-packages/airflow/example_dags/example_dag_decorator.py
[2024-05-13T15:25:56.486+0000] {processor.py:840} INFO - DAG(s) 'example_dag_decorator' retrieved from /home/airflow/.local/lib/python3.8/site-packages/airflow/example_dags/example_dag_decorator.py
[2024-05-13T15:25:56.569+0000] {logging_mixin.py:188} INFO - [2024-05-13T15:25:56.569+0000] {dag.py:3047} INFO - Sync 1 DAGs
[2024-05-13T15:25:56.578+0000] {logging_mixin.py:188} INFO - [2024-05-13T15:25:56.578+0000] {dag.py:3834} INFO - Setting next_dagrun for example_dag_decorator to None, run_after=None
[2024-05-13T15:25:56.596+0000] {processor.py:183} INFO - Processing /home/airflow/.local/lib/python3.8/site-packages/airflow/example_dags/example_dag_decorator.py took 0.197 seconds
[2024-05-13T15:26:26.694+0000] {processor.py:161} INFO - Started process (PID=1578) to work on /home/airflow/.local/lib/python3.8/site-packages/airflow/example_dags/example_dag_decorator.py
[2024-05-13T15:26:26.695+0000] {processor.py:830} INFO - Processing file /home/airflow/.local/lib/python3.8/site-packages/airflow/example_dags/example_dag_decorator.py for tasks to queue
[2024-05-13T15:26:26.696+0000] {logging_mixin.py:188} INFO - [2024-05-13T15:26:26.696+0000] {dagbag.py:540} INFO - Filling up the DagBag from /home/airflow/.local/lib/python3.8/site-packages/airflow/example_dags/example_dag_decorator.py
[2024-05-13T15:26:26.773+0000] {processor.py:840} INFO - DAG(s) 'example_dag_decorator' retrieved from /home/airflow/.local/lib/python3.8/site-packages/airflow/example_dags/example_dag_decorator.py
[2024-05-13T15:26:26.859+0000] {logging_mixin.py:188} INFO - [2024-05-13T15:26:26.859+0000] {dag.py:3047} INFO - Sync 1 DAGs
[2024-05-13T15:26:26.868+0000] {logging_mixin.py:188} INFO - [2024-05-13T15:26:26.868+0000] {dag.py:3834} INFO - Setting next_dagrun for example_dag_decorator to None, run_after=None
[2024-05-13T15:26:26.886+0000] {processor.py:183} INFO - Processing /home/airflow/.local/lib/python3.8/site-packages/airflow/example_dags/example_dag_decorator.py took 0.195 seconds
[2024-05-13T15:26:57.078+0000] {processor.py:161} INFO - Started process (PID=1644) to work on /home/airflow/.local/lib/python3.8/site-packages/airflow/example_dags/example_dag_decorator.py
[2024-05-13T15:26:57.079+0000] {processor.py:830} INFO - Processing file /home/airflow/.local/lib/python3.8/site-packages/airflow/example_dags/example_dag_decorator.py for tasks to queue
[2024-05-13T15:26:57.080+0000] {logging_mixin.py:188} INFO - [2024-05-13T15:26:57.080+0000] {dagbag.py:540} INFO - Filling up the DagBag from /home/airflow/.local/lib/python3.8/site-packages/airflow/example_dags/example_dag_decorator.py
[2024-05-13T15:26:57.160+0000] {processor.py:840} INFO - DAG(s) 'example_dag_decorator' retrieved from /home/airflow/.local/lib/python3.8/site-packages/airflow/example_dags/example_dag_decorator.py
[2024-05-13T15:26:57.252+0000] {logging_mixin.py:188} INFO - [2024-05-13T15:26:57.252+0000] {dag.py:3047} INFO - Sync 1 DAGs
[2024-05-13T15:26:57.262+0000] {logging_mixin.py:188} INFO - [2024-05-13T15:26:57.262+0000] {dag.py:3834} INFO - Setting next_dagrun for example_dag_decorator to None, run_after=None
[2024-05-13T15:26:57.280+0000] {processor.py:183} INFO - Processing /home/airflow/.local/lib/python3.8/site-packages/airflow/example_dags/example_dag_decorator.py took 0.205 seconds
[2024-05-13T15:27:27.362+0000] {processor.py:161} INFO - Started process (PID=1712) to work on /home/airflow/.local/lib/python3.8/site-packages/airflow/example_dags/example_dag_decorator.py
[2024-05-13T15:27:27.363+0000] {processor.py:830} INFO - Processing file /home/airflow/.local/lib/python3.8/site-packages/airflow/example_dags/example_dag_decorator.py for tasks to queue
[2024-05-13T15:27:27.364+0000] {logging_mixin.py:188} INFO - [2024-05-13T15:27:27.364+0000] {dagbag.py:540} INFO - Filling up the DagBag from /home/airflow/.local/lib/python3.8/site-packages/airflow/example_dags/example_dag_decorator.py
[2024-05-13T15:27:27.480+0000] {processor.py:840} INFO - DAG(s) 'example_dag_decorator' retrieved from /home/airflow/.local/lib/python3.8/site-packages/airflow/example_dags/example_dag_decorator.py
[2024-05-13T15:27:27.593+0000] {logging_mixin.py:188} INFO - [2024-05-13T15:27:27.593+0000] {dag.py:3047} INFO - Sync 1 DAGs
[2024-05-13T15:27:27.604+0000] {logging_mixin.py:188} INFO - [2024-05-13T15:27:27.603+0000] {dag.py:3834} INFO - Setting next_dagrun for example_dag_decorator to None, run_after=None
[2024-05-13T15:27:27.640+0000] {processor.py:183} INFO - Processing /home/airflow/.local/lib/python3.8/site-packages/airflow/example_dags/example_dag_decorator.py took 0.281 seconds
[2024-05-13T15:27:57.715+0000] {processor.py:161} INFO - Started process (PID=1780) to work on /home/airflow/.local/lib/python3.8/site-packages/airflow/example_dags/example_dag_decorator.py
[2024-05-13T15:27:57.716+0000] {processor.py:830} INFO - Processing file /home/airflow/.local/lib/python3.8/site-packages/airflow/example_dags/example_dag_decorator.py for tasks to queue
[2024-05-13T15:27:57.718+0000] {logging_mixin.py:188} INFO - [2024-05-13T15:27:57.718+0000] {dagbag.py:540} INFO - Filling up the DagBag from /home/airflow/.local/lib/python3.8/site-packages/airflow/example_dags/example_dag_decorator.py
[2024-05-13T15:27:57.795+0000] {processor.py:840} INFO - DAG(s) 'example_dag_decorator' retrieved from /home/airflow/.local/lib/python3.8/site-packages/airflow/example_dags/example_dag_decorator.py
[2024-05-13T15:27:57.883+0000] {logging_mixin.py:188} INFO - [2024-05-13T15:27:57.882+0000] {dag.py:3047} INFO - Sync 1 DAGs
[2024-05-13T15:27:57.893+0000] {logging_mixin.py:188} INFO - [2024-05-13T15:27:57.893+0000] {dag.py:3834} INFO - Setting next_dagrun for example_dag_decorator to None, run_after=None
[2024-05-13T15:27:57.913+0000] {processor.py:183} INFO - Processing /home/airflow/.local/lib/python3.8/site-packages/airflow/example_dags/example_dag_decorator.py took 0.201 seconds
[2024-05-13T15:28:28.008+0000] {processor.py:161} INFO - Started process (PID=1850) to work on /home/airflow/.local/lib/python3.8/site-packages/airflow/example_dags/example_dag_decorator.py
[2024-05-13T15:28:28.009+0000] {processor.py:830} INFO - Processing file /home/airflow/.local/lib/python3.8/site-packages/airflow/example_dags/example_dag_decorator.py for tasks to queue
[2024-05-13T15:28:28.011+0000] {logging_mixin.py:188} INFO - [2024-05-13T15:28:28.011+0000] {dagbag.py:540} INFO - Filling up the DagBag from /home/airflow/.local/lib/python3.8/site-packages/airflow/example_dags/example_dag_decorator.py
[2024-05-13T15:28:28.088+0000] {processor.py:840} INFO - DAG(s) 'example_dag_decorator' retrieved from /home/airflow/.local/lib/python3.8/site-packages/airflow/example_dags/example_dag_decorator.py
[2024-05-13T15:28:28.179+0000] {logging_mixin.py:188} INFO - [2024-05-13T15:28:28.179+0000] {dag.py:3047} INFO - Sync 1 DAGs
[2024-05-13T15:28:28.189+0000] {logging_mixin.py:188} INFO - [2024-05-13T15:28:28.189+0000] {dag.py:3834} INFO - Setting next_dagrun for example_dag_decorator to None, run_after=None
[2024-05-13T15:28:28.334+0000] {processor.py:183} INFO - Processing /home/airflow/.local/lib/python3.8/site-packages/airflow/example_dags/example_dag_decorator.py took 0.328 seconds
[2024-05-13T15:28:59.260+0000] {processor.py:161} INFO - Started process (PID=1918) to work on /home/airflow/.local/lib/python3.8/site-packages/airflow/example_dags/example_dag_decorator.py
[2024-05-13T15:28:59.262+0000] {processor.py:830} INFO - Processing file /home/airflow/.local/lib/python3.8/site-packages/airflow/example_dags/example_dag_decorator.py for tasks to queue
[2024-05-13T15:28:59.264+0000] {logging_mixin.py:188} INFO - [2024-05-13T15:28:59.263+0000] {dagbag.py:540} INFO - Filling up the DagBag from /home/airflow/.local/lib/python3.8/site-packages/airflow/example_dags/example_dag_decorator.py
[2024-05-13T15:28:59.359+0000] {processor.py:840} INFO - DAG(s) 'example_dag_decorator' retrieved from /home/airflow/.local/lib/python3.8/site-packages/airflow/example_dags/example_dag_decorator.py
[2024-05-13T15:28:59.519+0000] {logging_mixin.py:188} INFO - [2024-05-13T15:28:59.518+0000] {dag.py:3047} INFO - Sync 1 DAGs
[2024-05-13T15:28:59.528+0000] {logging_mixin.py:188} INFO - [2024-05-13T15:28:59.528+0000] {dag.py:3834} INFO - Setting next_dagrun for example_dag_decorator to None, run_after=None
[2024-05-13T15:28:59.666+0000] {processor.py:183} INFO - Processing /home/airflow/.local/lib/python3.8/site-packages/airflow/example_dags/example_dag_decorator.py took 0.410 seconds
[2024-05-13T15:29:29.747+0000] {processor.py:161} INFO - Started process (PID=1986) to work on /home/airflow/.local/lib/python3.8/site-packages/airflow/example_dags/example_dag_decorator.py
[2024-05-13T15:29:29.749+0000] {processor.py:830} INFO - Processing file /home/airflow/.local/lib/python3.8/site-packages/airflow/example_dags/example_dag_decorator.py for tasks to queue
[2024-05-13T15:29:29.751+0000] {logging_mixin.py:188} INFO - [2024-05-13T15:29:29.750+0000] {dagbag.py:540} INFO - Filling up the DagBag from /home/airflow/.local/lib/python3.8/site-packages/airflow/example_dags/example_dag_decorator.py
[2024-05-13T15:29:29.855+0000] {processor.py:840} INFO - DAG(s) 'example_dag_decorator' retrieved from /home/airflow/.local/lib/python3.8/site-packages/airflow/example_dags/example_dag_decorator.py
[2024-05-13T15:29:29.980+0000] {logging_mixin.py:188} INFO - [2024-05-13T15:29:29.980+0000] {dag.py:3047} INFO - Sync 1 DAGs
[2024-05-13T15:29:29.993+0000] {logging_mixin.py:188} INFO - [2024-05-13T15:29:29.993+0000] {dag.py:3834} INFO - Setting next_dagrun for example_dag_decorator to None, run_after=None
[2024-05-13T15:29:30.022+0000] {processor.py:183} INFO - Processing /home/airflow/.local/lib/python3.8/site-packages/airflow/example_dags/example_dag_decorator.py took 0.278 seconds
[2024-05-13T15:30:00.684+0000] {processor.py:161} INFO - Started process (PID=2054) to work on /home/airflow/.local/lib/python3.8/site-packages/airflow/example_dags/example_dag_decorator.py
[2024-05-13T15:30:00.685+0000] {processor.py:830} INFO - Processing file /home/airflow/.local/lib/python3.8/site-packages/airflow/example_dags/example_dag_decorator.py for tasks to queue
[2024-05-13T15:30:00.687+0000] {logging_mixin.py:188} INFO - [2024-05-13T15:30:00.687+0000] {dagbag.py:540} INFO - Filling up the DagBag from /home/airflow/.local/lib/python3.8/site-packages/airflow/example_dags/example_dag_decorator.py
[2024-05-13T15:30:00.783+0000] {processor.py:840} INFO - DAG(s) 'example_dag_decorator' retrieved from /home/airflow/.local/lib/python3.8/site-packages/airflow/example_dags/example_dag_decorator.py
[2024-05-13T15:30:00.890+0000] {logging_mixin.py:188} INFO - [2024-05-13T15:30:00.889+0000] {dag.py:3047} INFO - Sync 1 DAGs
[2024-05-13T15:30:00.903+0000] {logging_mixin.py:188} INFO - [2024-05-13T15:30:00.902+0000] {dag.py:3834} INFO - Setting next_dagrun for example_dag_decorator to None, run_after=None
[2024-05-13T15:30:00.922+0000] {processor.py:183} INFO - Processing /home/airflow/.local/lib/python3.8/site-packages/airflow/example_dags/example_dag_decorator.py took 0.241 seconds
[2024-05-13T15:30:31.827+0000] {processor.py:161} INFO - Started process (PID=2123) to work on /home/airflow/.local/lib/python3.8/site-packages/airflow/example_dags/example_dag_decorator.py
[2024-05-13T15:30:31.828+0000] {processor.py:830} INFO - Processing file /home/airflow/.local/lib/python3.8/site-packages/airflow/example_dags/example_dag_decorator.py for tasks to queue
[2024-05-13T15:30:31.830+0000] {logging_mixin.py:188} INFO - [2024-05-13T15:30:31.829+0000] {dagbag.py:540} INFO - Filling up the DagBag from /home/airflow/.local/lib/python3.8/site-packages/airflow/example_dags/example_dag_decorator.py
[2024-05-13T15:30:31.906+0000] {processor.py:840} INFO - DAG(s) 'example_dag_decorator' retrieved from /home/airflow/.local/lib/python3.8/site-packages/airflow/example_dags/example_dag_decorator.py
[2024-05-13T15:30:31.991+0000] {logging_mixin.py:188} INFO - [2024-05-13T15:30:31.990+0000] {dag.py:3047} INFO - Sync 1 DAGs
[2024-05-13T15:30:32.000+0000] {logging_mixin.py:188} INFO - [2024-05-13T15:30:32.000+0000] {dag.py:3834} INFO - Setting next_dagrun for example_dag_decorator to None, run_after=None
[2024-05-13T15:30:32.017+0000] {processor.py:183} INFO - Processing /home/airflow/.local/lib/python3.8/site-packages/airflow/example_dags/example_dag_decorator.py took 0.192 seconds
[2024-05-13T15:31:02.052+0000] {processor.py:161} INFO - Started process (PID=2193) to work on /home/airflow/.local/lib/python3.8/site-packages/airflow/example_dags/example_dag_decorator.py
[2024-05-13T15:31:02.053+0000] {processor.py:830} INFO - Processing file /home/airflow/.local/lib/python3.8/site-packages/airflow/example_dags/example_dag_decorator.py for tasks to queue
[2024-05-13T15:31:02.055+0000] {logging_mixin.py:188} INFO - [2024-05-13T15:31:02.055+0000] {dagbag.py:540} INFO - Filling up the DagBag from /home/airflow/.local/lib/python3.8/site-packages/airflow/example_dags/example_dag_decorator.py
[2024-05-13T15:31:02.136+0000] {processor.py:840} INFO - DAG(s) 'example_dag_decorator' retrieved from /home/airflow/.local/lib/python3.8/site-packages/airflow/example_dags/example_dag_decorator.py
[2024-05-13T15:31:02.227+0000] {logging_mixin.py:188} INFO - [2024-05-13T15:31:02.227+0000] {dag.py:3047} INFO - Sync 1 DAGs
[2024-05-13T15:31:02.237+0000] {logging_mixin.py:188} INFO - [2024-05-13T15:31:02.237+0000] {dag.py:3834} INFO - Setting next_dagrun for example_dag_decorator to None, run_after=None
[2024-05-13T15:31:02.254+0000] {processor.py:183} INFO - Processing /home/airflow/.local/lib/python3.8/site-packages/airflow/example_dags/example_dag_decorator.py took 0.205 seconds
[2024-05-13T15:31:32.284+0000] {processor.py:161} INFO - Started process (PID=2262) to work on /home/airflow/.local/lib/python3.8/site-packages/airflow/example_dags/example_dag_decorator.py
[2024-05-13T15:31:32.285+0000] {processor.py:830} INFO - Processing file /home/airflow/.local/lib/python3.8/site-packages/airflow/example_dags/example_dag_decorator.py for tasks to queue
[2024-05-13T15:31:32.287+0000] {logging_mixin.py:188} INFO - [2024-05-13T15:31:32.286+0000] {dagbag.py:540} INFO - Filling up the DagBag from /home/airflow/.local/lib/python3.8/site-packages/airflow/example_dags/example_dag_decorator.py
[2024-05-13T15:31:32.365+0000] {processor.py:840} INFO - DAG(s) 'example_dag_decorator' retrieved from /home/airflow/.local/lib/python3.8/site-packages/airflow/example_dags/example_dag_decorator.py
[2024-05-13T15:31:32.560+0000] {logging_mixin.py:188} INFO - [2024-05-13T15:31:32.560+0000] {dag.py:3047} INFO - Sync 1 DAGs
[2024-05-13T15:31:32.569+0000] {logging_mixin.py:188} INFO - [2024-05-13T15:31:32.569+0000] {dag.py:3834} INFO - Setting next_dagrun for example_dag_decorator to None, run_after=None
[2024-05-13T15:31:32.584+0000] {processor.py:183} INFO - Processing /home/airflow/.local/lib/python3.8/site-packages/airflow/example_dags/example_dag_decorator.py took 0.303 seconds
[2024-05-13T15:32:02.614+0000] {processor.py:161} INFO - Started process (PID=2327) to work on /home/airflow/.local/lib/python3.8/site-packages/airflow/example_dags/example_dag_decorator.py
[2024-05-13T15:32:02.615+0000] {processor.py:830} INFO - Processing file /home/airflow/.local/lib/python3.8/site-packages/airflow/example_dags/example_dag_decorator.py for tasks to queue
[2024-05-13T15:32:02.617+0000] {logging_mixin.py:188} INFO - [2024-05-13T15:32:02.617+0000] {dagbag.py:540} INFO - Filling up the DagBag from /home/airflow/.local/lib/python3.8/site-packages/airflow/example_dags/example_dag_decorator.py
[2024-05-13T15:32:02.699+0000] {processor.py:840} INFO - DAG(s) 'example_dag_decorator' retrieved from /home/airflow/.local/lib/python3.8/site-packages/airflow/example_dags/example_dag_decorator.py
[2024-05-13T15:32:02.898+0000] {logging_mixin.py:188} INFO - [2024-05-13T15:32:02.898+0000] {dag.py:3047} INFO - Sync 1 DAGs
[2024-05-13T15:32:02.906+0000] {logging_mixin.py:188} INFO - [2024-05-13T15:32:02.906+0000] {dag.py:3834} INFO - Setting next_dagrun for example_dag_decorator to None, run_after=None
[2024-05-13T15:32:02.922+0000] {processor.py:183} INFO - Processing /home/airflow/.local/lib/python3.8/site-packages/airflow/example_dags/example_dag_decorator.py took 0.311 seconds
[2024-05-13T15:32:33.198+0000] {processor.py:161} INFO - Started process (PID=2395) to work on /home/airflow/.local/lib/python3.8/site-packages/airflow/example_dags/example_dag_decorator.py
[2024-05-13T15:32:33.199+0000] {processor.py:830} INFO - Processing file /home/airflow/.local/lib/python3.8/site-packages/airflow/example_dags/example_dag_decorator.py for tasks to queue
[2024-05-13T15:32:33.201+0000] {logging_mixin.py:188} INFO - [2024-05-13T15:32:33.201+0000] {dagbag.py:540} INFO - Filling up the DagBag from /home/airflow/.local/lib/python3.8/site-packages/airflow/example_dags/example_dag_decorator.py
[2024-05-13T15:32:33.284+0000] {processor.py:840} INFO - DAG(s) 'example_dag_decorator' retrieved from /home/airflow/.local/lib/python3.8/site-packages/airflow/example_dags/example_dag_decorator.py
[2024-05-13T15:32:33.501+0000] {logging_mixin.py:188} INFO - [2024-05-13T15:32:33.501+0000] {dag.py:3047} INFO - Sync 1 DAGs
[2024-05-13T15:32:33.511+0000] {logging_mixin.py:188} INFO - [2024-05-13T15:32:33.511+0000] {dag.py:3834} INFO - Setting next_dagrun for example_dag_decorator to None, run_after=None
[2024-05-13T15:32:33.529+0000] {processor.py:183} INFO - Processing /home/airflow/.local/lib/python3.8/site-packages/airflow/example_dags/example_dag_decorator.py took 0.334 seconds
[2024-05-13T15:33:03.643+0000] {processor.py:161} INFO - Started process (PID=2466) to work on /home/airflow/.local/lib/python3.8/site-packages/airflow/example_dags/example_dag_decorator.py
[2024-05-13T15:33:03.644+0000] {processor.py:830} INFO - Processing file /home/airflow/.local/lib/python3.8/site-packages/airflow/example_dags/example_dag_decorator.py for tasks to queue
[2024-05-13T15:33:03.646+0000] {logging_mixin.py:188} INFO - [2024-05-13T15:33:03.645+0000] {dagbag.py:540} INFO - Filling up the DagBag from /home/airflow/.local/lib/python3.8/site-packages/airflow/example_dags/example_dag_decorator.py
[2024-05-13T15:33:03.733+0000] {processor.py:840} INFO - DAG(s) 'example_dag_decorator' retrieved from /home/airflow/.local/lib/python3.8/site-packages/airflow/example_dags/example_dag_decorator.py
[2024-05-13T15:33:04.021+0000] {logging_mixin.py:188} INFO - [2024-05-13T15:33:04.021+0000] {dag.py:3047} INFO - Sync 1 DAGs
[2024-05-13T15:33:04.031+0000] {logging_mixin.py:188} INFO - [2024-05-13T15:33:04.030+0000] {dag.py:3834} INFO - Setting next_dagrun for example_dag_decorator to None, run_after=None
[2024-05-13T15:33:04.057+0000] {processor.py:183} INFO - Processing /home/airflow/.local/lib/python3.8/site-packages/airflow/example_dags/example_dag_decorator.py took 0.417 seconds
[2024-05-13T15:33:34.415+0000] {processor.py:161} INFO - Started process (PID=2535) to work on /home/airflow/.local/lib/python3.8/site-packages/airflow/example_dags/example_dag_decorator.py
[2024-05-13T15:33:34.417+0000] {processor.py:830} INFO - Processing file /home/airflow/.local/lib/python3.8/site-packages/airflow/example_dags/example_dag_decorator.py for tasks to queue
[2024-05-13T15:33:34.421+0000] {logging_mixin.py:188} INFO - [2024-05-13T15:33:34.420+0000] {dagbag.py:540} INFO - Filling up the DagBag from /home/airflow/.local/lib/python3.8/site-packages/airflow/example_dags/example_dag_decorator.py
[2024-05-13T15:33:34.548+0000] {processor.py:840} INFO - DAG(s) 'example_dag_decorator' retrieved from /home/airflow/.local/lib/python3.8/site-packages/airflow/example_dags/example_dag_decorator.py
[2024-05-13T15:33:34.924+0000] {logging_mixin.py:188} INFO - [2024-05-13T15:33:34.923+0000] {dag.py:3047} INFO - Sync 1 DAGs
[2024-05-13T15:33:34.941+0000] {logging_mixin.py:188} INFO - [2024-05-13T15:33:34.940+0000] {dag.py:3834} INFO - Setting next_dagrun for example_dag_decorator to None, run_after=None
[2024-05-13T15:33:34.978+0000] {processor.py:183} INFO - Processing /home/airflow/.local/lib/python3.8/site-packages/airflow/example_dags/example_dag_decorator.py took 0.569 seconds
[2024-05-13T15:34:05.266+0000] {processor.py:161} INFO - Started process (PID=2602) to work on /home/airflow/.local/lib/python3.8/site-packages/airflow/example_dags/example_dag_decorator.py
[2024-05-13T15:34:05.267+0000] {processor.py:830} INFO - Processing file /home/airflow/.local/lib/python3.8/site-packages/airflow/example_dags/example_dag_decorator.py for tasks to queue
[2024-05-13T15:34:05.269+0000] {logging_mixin.py:188} INFO - [2024-05-13T15:34:05.269+0000] {dagbag.py:540} INFO - Filling up the DagBag from /home/airflow/.local/lib/python3.8/site-packages/airflow/example_dags/example_dag_decorator.py
[2024-05-13T15:34:05.397+0000] {processor.py:840} INFO - DAG(s) 'example_dag_decorator' retrieved from /home/airflow/.local/lib/python3.8/site-packages/airflow/example_dags/example_dag_decorator.py
[2024-05-13T15:34:05.649+0000] {logging_mixin.py:188} INFO - [2024-05-13T15:34:05.648+0000] {dag.py:3047} INFO - Sync 1 DAGs
[2024-05-13T15:34:05.658+0000] {logging_mixin.py:188} INFO - [2024-05-13T15:34:05.658+0000] {dag.py:3834} INFO - Setting next_dagrun for example_dag_decorator to None, run_after=None
[2024-05-13T15:34:05.679+0000] {processor.py:183} INFO - Processing /home/airflow/.local/lib/python3.8/site-packages/airflow/example_dags/example_dag_decorator.py took 0.417 seconds
[2024-05-13T15:34:35.870+0000] {processor.py:161} INFO - Started process (PID=2671) to work on /home/airflow/.local/lib/python3.8/site-packages/airflow/example_dags/example_dag_decorator.py
[2024-05-13T15:34:35.871+0000] {processor.py:830} INFO - Processing file /home/airflow/.local/lib/python3.8/site-packages/airflow/example_dags/example_dag_decorator.py for tasks to queue
[2024-05-13T15:34:35.873+0000] {logging_mixin.py:188} INFO - [2024-05-13T15:34:35.872+0000] {dagbag.py:540} INFO - Filling up the DagBag from /home/airflow/.local/lib/python3.8/site-packages/airflow/example_dags/example_dag_decorator.py
[2024-05-13T15:34:35.959+0000] {processor.py:840} INFO - DAG(s) 'example_dag_decorator' retrieved from /home/airflow/.local/lib/python3.8/site-packages/airflow/example_dags/example_dag_decorator.py
[2024-05-13T15:34:36.160+0000] {logging_mixin.py:188} INFO - [2024-05-13T15:34:36.160+0000] {dag.py:3047} INFO - Sync 1 DAGs
[2024-05-13T15:34:36.171+0000] {logging_mixin.py:188} INFO - [2024-05-13T15:34:36.171+0000] {dag.py:3834} INFO - Setting next_dagrun for example_dag_decorator to None, run_after=None
[2024-05-13T15:34:36.188+0000] {processor.py:183} INFO - Processing /home/airflow/.local/lib/python3.8/site-packages/airflow/example_dags/example_dag_decorator.py took 0.321 seconds
[2024-05-13T15:35:06.514+0000] {processor.py:161} INFO - Started process (PID=2739) to work on /home/airflow/.local/lib/python3.8/site-packages/airflow/example_dags/example_dag_decorator.py
[2024-05-13T15:35:06.515+0000] {processor.py:830} INFO - Processing file /home/airflow/.local/lib/python3.8/site-packages/airflow/example_dags/example_dag_decorator.py for tasks to queue
[2024-05-13T15:35:06.516+0000] {logging_mixin.py:188} INFO - [2024-05-13T15:35:06.516+0000] {dagbag.py:540} INFO - Filling up the DagBag from /home/airflow/.local/lib/python3.8/site-packages/airflow/example_dags/example_dag_decorator.py
[2024-05-13T15:35:06.601+0000] {processor.py:840} INFO - DAG(s) 'example_dag_decorator' retrieved from /home/airflow/.local/lib/python3.8/site-packages/airflow/example_dags/example_dag_decorator.py
[2024-05-13T15:35:06.820+0000] {logging_mixin.py:188} INFO - [2024-05-13T15:35:06.820+0000] {dag.py:3047} INFO - Sync 1 DAGs
[2024-05-13T15:35:06.830+0000] {logging_mixin.py:188} INFO - [2024-05-13T15:35:06.830+0000] {dag.py:3834} INFO - Setting next_dagrun for example_dag_decorator to None, run_after=None
[2024-05-13T15:35:06.855+0000] {processor.py:183} INFO - Processing /home/airflow/.local/lib/python3.8/site-packages/airflow/example_dags/example_dag_decorator.py took 0.344 seconds
[2024-05-13T15:35:36.956+0000] {processor.py:161} INFO - Started process (PID=2808) to work on /home/airflow/.local/lib/python3.8/site-packages/airflow/example_dags/example_dag_decorator.py
[2024-05-13T15:35:36.958+0000] {processor.py:830} INFO - Processing file /home/airflow/.local/lib/python3.8/site-packages/airflow/example_dags/example_dag_decorator.py for tasks to queue
[2024-05-13T15:35:36.959+0000] {logging_mixin.py:188} INFO - [2024-05-13T15:35:36.959+0000] {dagbag.py:540} INFO - Filling up the DagBag from /home/airflow/.local/lib/python3.8/site-packages/airflow/example_dags/example_dag_decorator.py
[2024-05-13T15:35:37.036+0000] {processor.py:840} INFO - DAG(s) 'example_dag_decorator' retrieved from /home/airflow/.local/lib/python3.8/site-packages/airflow/example_dags/example_dag_decorator.py
[2024-05-13T15:35:37.228+0000] {logging_mixin.py:188} INFO - [2024-05-13T15:35:37.228+0000] {dag.py:3047} INFO - Sync 1 DAGs
[2024-05-13T15:35:37.236+0000] {logging_mixin.py:188} INFO - [2024-05-13T15:35:37.236+0000] {dag.py:3834} INFO - Setting next_dagrun for example_dag_decorator to None, run_after=None
[2024-05-13T15:35:37.253+0000] {processor.py:183} INFO - Processing /home/airflow/.local/lib/python3.8/site-packages/airflow/example_dags/example_dag_decorator.py took 0.300 seconds
[2024-05-13T15:36:07.296+0000] {processor.py:161} INFO - Started process (PID=2862) to work on /home/airflow/.local/lib/python3.8/site-packages/airflow/example_dags/example_dag_decorator.py
[2024-05-13T15:36:07.297+0000] {processor.py:830} INFO - Processing file /home/airflow/.local/lib/python3.8/site-packages/airflow/example_dags/example_dag_decorator.py for tasks to queue
[2024-05-13T15:36:07.298+0000] {logging_mixin.py:188} INFO - [2024-05-13T15:36:07.298+0000] {dagbag.py:540} INFO - Filling up the DagBag from /home/airflow/.local/lib/python3.8/site-packages/airflow/example_dags/example_dag_decorator.py
[2024-05-13T15:36:07.384+0000] {processor.py:840} INFO - DAG(s) 'example_dag_decorator' retrieved from /home/airflow/.local/lib/python3.8/site-packages/airflow/example_dags/example_dag_decorator.py
[2024-05-13T15:36:07.623+0000] {logging_mixin.py:188} INFO - [2024-05-13T15:36:07.622+0000] {dag.py:3047} INFO - Sync 1 DAGs
[2024-05-13T15:36:07.636+0000] {logging_mixin.py:188} INFO - [2024-05-13T15:36:07.635+0000] {dag.py:3834} INFO - Setting next_dagrun for example_dag_decorator to None, run_after=None
[2024-05-13T15:36:07.656+0000] {processor.py:183} INFO - Processing /home/airflow/.local/lib/python3.8/site-packages/airflow/example_dags/example_dag_decorator.py took 0.363 seconds
[2024-05-13T15:36:37.756+0000] {processor.py:161} INFO - Started process (PID=2932) to work on /home/airflow/.local/lib/python3.8/site-packages/airflow/example_dags/example_dag_decorator.py
[2024-05-13T15:36:37.757+0000] {processor.py:830} INFO - Processing file /home/airflow/.local/lib/python3.8/site-packages/airflow/example_dags/example_dag_decorator.py for tasks to queue
[2024-05-13T15:36:37.759+0000] {logging_mixin.py:188} INFO - [2024-05-13T15:36:37.758+0000] {dagbag.py:540} INFO - Filling up the DagBag from /home/airflow/.local/lib/python3.8/site-packages/airflow/example_dags/example_dag_decorator.py
[2024-05-13T15:36:37.954+0000] {processor.py:840} INFO - DAG(s) 'example_dag_decorator' retrieved from /home/airflow/.local/lib/python3.8/site-packages/airflow/example_dags/example_dag_decorator.py
[2024-05-13T15:36:38.035+0000] {logging_mixin.py:188} INFO - [2024-05-13T15:36:38.035+0000] {dag.py:3047} INFO - Sync 1 DAGs
[2024-05-13T15:36:38.044+0000] {logging_mixin.py:188} INFO - [2024-05-13T15:36:38.043+0000] {dag.py:3834} INFO - Setting next_dagrun for example_dag_decorator to None, run_after=None
[2024-05-13T15:36:38.065+0000] {processor.py:183} INFO - Processing /home/airflow/.local/lib/python3.8/site-packages/airflow/example_dags/example_dag_decorator.py took 0.312 seconds
[2024-05-13T15:37:08.967+0000] {processor.py:161} INFO - Started process (PID=3000) to work on /home/airflow/.local/lib/python3.8/site-packages/airflow/example_dags/example_dag_decorator.py
[2024-05-13T15:37:08.968+0000] {processor.py:830} INFO - Processing file /home/airflow/.local/lib/python3.8/site-packages/airflow/example_dags/example_dag_decorator.py for tasks to queue
[2024-05-13T15:37:08.970+0000] {logging_mixin.py:188} INFO - [2024-05-13T15:37:08.970+0000] {dagbag.py:540} INFO - Filling up the DagBag from /home/airflow/.local/lib/python3.8/site-packages/airflow/example_dags/example_dag_decorator.py
[2024-05-13T15:37:09.172+0000] {processor.py:840} INFO - DAG(s) 'example_dag_decorator' retrieved from /home/airflow/.local/lib/python3.8/site-packages/airflow/example_dags/example_dag_decorator.py
[2024-05-13T15:37:09.251+0000] {logging_mixin.py:188} INFO - [2024-05-13T15:37:09.251+0000] {dag.py:3047} INFO - Sync 1 DAGs
[2024-05-13T15:37:09.260+0000] {logging_mixin.py:188} INFO - [2024-05-13T15:37:09.259+0000] {dag.py:3834} INFO - Setting next_dagrun for example_dag_decorator to None, run_after=None
[2024-05-13T15:37:09.277+0000] {processor.py:183} INFO - Processing /home/airflow/.local/lib/python3.8/site-packages/airflow/example_dags/example_dag_decorator.py took 0.313 seconds
[2024-05-13T15:37:39.306+0000] {processor.py:161} INFO - Started process (PID=3068) to work on /home/airflow/.local/lib/python3.8/site-packages/airflow/example_dags/example_dag_decorator.py
[2024-05-13T15:37:39.307+0000] {processor.py:830} INFO - Processing file /home/airflow/.local/lib/python3.8/site-packages/airflow/example_dags/example_dag_decorator.py for tasks to queue
[2024-05-13T15:37:39.309+0000] {logging_mixin.py:188} INFO - [2024-05-13T15:37:39.309+0000] {dagbag.py:540} INFO - Filling up the DagBag from /home/airflow/.local/lib/python3.8/site-packages/airflow/example_dags/example_dag_decorator.py
[2024-05-13T15:37:39.397+0000] {processor.py:840} INFO - DAG(s) 'example_dag_decorator' retrieved from /home/airflow/.local/lib/python3.8/site-packages/airflow/example_dags/example_dag_decorator.py
[2024-05-13T15:37:39.619+0000] {logging_mixin.py:188} INFO - [2024-05-13T15:37:39.618+0000] {dag.py:3047} INFO - Sync 1 DAGs
[2024-05-13T15:37:39.628+0000] {logging_mixin.py:188} INFO - [2024-05-13T15:37:39.627+0000] {dag.py:3834} INFO - Setting next_dagrun for example_dag_decorator to None, run_after=None
[2024-05-13T15:37:39.650+0000] {processor.py:183} INFO - Processing /home/airflow/.local/lib/python3.8/site-packages/airflow/example_dags/example_dag_decorator.py took 0.347 seconds
[2024-05-13T15:38:09.876+0000] {processor.py:161} INFO - Started process (PID=3136) to work on /home/airflow/.local/lib/python3.8/site-packages/airflow/example_dags/example_dag_decorator.py
[2024-05-13T15:38:09.877+0000] {processor.py:830} INFO - Processing file /home/airflow/.local/lib/python3.8/site-packages/airflow/example_dags/example_dag_decorator.py for tasks to queue
[2024-05-13T15:38:09.879+0000] {logging_mixin.py:188} INFO - [2024-05-13T15:38:09.878+0000] {dagbag.py:540} INFO - Filling up the DagBag from /home/airflow/.local/lib/python3.8/site-packages/airflow/example_dags/example_dag_decorator.py
[2024-05-13T15:38:09.965+0000] {processor.py:840} INFO - DAG(s) 'example_dag_decorator' retrieved from /home/airflow/.local/lib/python3.8/site-packages/airflow/example_dags/example_dag_decorator.py
[2024-05-13T15:38:09.992+0000] {logging_mixin.py:188} INFO - [2024-05-13T15:38:09.991+0000] {dag.py:3047} INFO - Sync 1 DAGs
[2024-05-13T15:38:10.136+0000] {logging_mixin.py:188} INFO - [2024-05-13T15:38:10.135+0000] {dag.py:3834} INFO - Setting next_dagrun for example_dag_decorator to None, run_after=None
[2024-05-13T15:38:10.161+0000] {processor.py:183} INFO - Processing /home/airflow/.local/lib/python3.8/site-packages/airflow/example_dags/example_dag_decorator.py took 0.289 seconds
[2024-05-13T15:38:40.516+0000] {processor.py:161} INFO - Started process (PID=3204) to work on /home/airflow/.local/lib/python3.8/site-packages/airflow/example_dags/example_dag_decorator.py
[2024-05-13T15:38:40.517+0000] {processor.py:830} INFO - Processing file /home/airflow/.local/lib/python3.8/site-packages/airflow/example_dags/example_dag_decorator.py for tasks to queue
[2024-05-13T15:38:40.519+0000] {logging_mixin.py:188} INFO - [2024-05-13T15:38:40.519+0000] {dagbag.py:540} INFO - Filling up the DagBag from /home/airflow/.local/lib/python3.8/site-packages/airflow/example_dags/example_dag_decorator.py
[2024-05-13T15:38:40.609+0000] {processor.py:840} INFO - DAG(s) 'example_dag_decorator' retrieved from /home/airflow/.local/lib/python3.8/site-packages/airflow/example_dags/example_dag_decorator.py
[2024-05-13T15:38:40.827+0000] {logging_mixin.py:188} INFO - [2024-05-13T15:38:40.827+0000] {dag.py:3047} INFO - Sync 1 DAGs
[2024-05-13T15:38:40.840+0000] {logging_mixin.py:188} INFO - [2024-05-13T15:38:40.840+0000] {dag.py:3834} INFO - Setting next_dagrun for example_dag_decorator to None, run_after=None
[2024-05-13T15:38:40.858+0000] {processor.py:183} INFO - Processing /home/airflow/.local/lib/python3.8/site-packages/airflow/example_dags/example_dag_decorator.py took 0.344 seconds
[2024-05-13T15:39:11.293+0000] {processor.py:161} INFO - Started process (PID=3272) to work on /home/airflow/.local/lib/python3.8/site-packages/airflow/example_dags/example_dag_decorator.py
[2024-05-13T15:39:11.294+0000] {processor.py:830} INFO - Processing file /home/airflow/.local/lib/python3.8/site-packages/airflow/example_dags/example_dag_decorator.py for tasks to queue
[2024-05-13T15:39:11.297+0000] {logging_mixin.py:188} INFO - [2024-05-13T15:39:11.296+0000] {dagbag.py:540} INFO - Filling up the DagBag from /home/airflow/.local/lib/python3.8/site-packages/airflow/example_dags/example_dag_decorator.py
[2024-05-13T15:39:11.402+0000] {processor.py:840} INFO - DAG(s) 'example_dag_decorator' retrieved from /home/airflow/.local/lib/python3.8/site-packages/airflow/example_dags/example_dag_decorator.py
[2024-05-13T15:39:11.627+0000] {logging_mixin.py:188} INFO - [2024-05-13T15:39:11.627+0000] {dag.py:3047} INFO - Sync 1 DAGs
[2024-05-13T15:39:11.638+0000] {logging_mixin.py:188} INFO - [2024-05-13T15:39:11.638+0000] {dag.py:3834} INFO - Setting next_dagrun for example_dag_decorator to None, run_after=None
[2024-05-13T15:39:11.684+0000] {processor.py:183} INFO - Processing /home/airflow/.local/lib/python3.8/site-packages/airflow/example_dags/example_dag_decorator.py took 0.395 seconds
[2024-05-13T15:39:41.855+0000] {processor.py:161} INFO - Started process (PID=3341) to work on /home/airflow/.local/lib/python3.8/site-packages/airflow/example_dags/example_dag_decorator.py
[2024-05-13T15:39:41.857+0000] {processor.py:830} INFO - Processing file /home/airflow/.local/lib/python3.8/site-packages/airflow/example_dags/example_dag_decorator.py for tasks to queue
[2024-05-13T15:39:41.859+0000] {logging_mixin.py:188} INFO - [2024-05-13T15:39:41.858+0000] {dagbag.py:540} INFO - Filling up the DagBag from /home/airflow/.local/lib/python3.8/site-packages/airflow/example_dags/example_dag_decorator.py
[2024-05-13T15:39:42.074+0000] {processor.py:840} INFO - DAG(s) 'example_dag_decorator' retrieved from /home/airflow/.local/lib/python3.8/site-packages/airflow/example_dags/example_dag_decorator.py
[2024-05-13T15:39:42.161+0000] {logging_mixin.py:188} INFO - [2024-05-13T15:39:42.160+0000] {dag.py:3047} INFO - Sync 1 DAGs
[2024-05-13T15:39:42.171+0000] {logging_mixin.py:188} INFO - [2024-05-13T15:39:42.171+0000] {dag.py:3834} INFO - Setting next_dagrun for example_dag_decorator to None, run_after=None
[2024-05-13T15:39:42.193+0000] {processor.py:183} INFO - Processing /home/airflow/.local/lib/python3.8/site-packages/airflow/example_dags/example_dag_decorator.py took 0.341 seconds
[2024-05-13T15:40:12.674+0000] {processor.py:161} INFO - Started process (PID=3408) to work on /home/airflow/.local/lib/python3.8/site-packages/airflow/example_dags/example_dag_decorator.py
[2024-05-13T15:40:12.675+0000] {processor.py:830} INFO - Processing file /home/airflow/.local/lib/python3.8/site-packages/airflow/example_dags/example_dag_decorator.py for tasks to queue
[2024-05-13T15:40:12.678+0000] {logging_mixin.py:188} INFO - [2024-05-13T15:40:12.677+0000] {dagbag.py:540} INFO - Filling up the DagBag from /home/airflow/.local/lib/python3.8/site-packages/airflow/example_dags/example_dag_decorator.py
[2024-05-13T15:40:12.962+0000] {processor.py:840} INFO - DAG(s) 'example_dag_decorator' retrieved from /home/airflow/.local/lib/python3.8/site-packages/airflow/example_dags/example_dag_decorator.py
[2024-05-13T15:40:13.087+0000] {logging_mixin.py:188} INFO - [2024-05-13T15:40:13.086+0000] {dag.py:3047} INFO - Sync 1 DAGs
[2024-05-13T15:40:13.101+0000] {logging_mixin.py:188} INFO - [2024-05-13T15:40:13.101+0000] {dag.py:3834} INFO - Setting next_dagrun for example_dag_decorator to None, run_after=None
[2024-05-13T15:40:13.133+0000] {processor.py:183} INFO - Processing /home/airflow/.local/lib/python3.8/site-packages/airflow/example_dags/example_dag_decorator.py took 0.464 seconds
[2024-05-13T15:40:43.983+0000] {processor.py:161} INFO - Started process (PID=3478) to work on /home/airflow/.local/lib/python3.8/site-packages/airflow/example_dags/example_dag_decorator.py
[2024-05-13T15:40:43.984+0000] {processor.py:830} INFO - Processing file /home/airflow/.local/lib/python3.8/site-packages/airflow/example_dags/example_dag_decorator.py for tasks to queue
[2024-05-13T15:40:43.986+0000] {logging_mixin.py:188} INFO - [2024-05-13T15:40:43.986+0000] {dagbag.py:540} INFO - Filling up the DagBag from /home/airflow/.local/lib/python3.8/site-packages/airflow/example_dags/example_dag_decorator.py
[2024-05-13T15:40:44.221+0000] {processor.py:840} INFO - DAG(s) 'example_dag_decorator' retrieved from /home/airflow/.local/lib/python3.8/site-packages/airflow/example_dags/example_dag_decorator.py
[2024-05-13T15:40:44.337+0000] {logging_mixin.py:188} INFO - [2024-05-13T15:40:44.337+0000] {dag.py:3047} INFO - Sync 1 DAGs
[2024-05-13T15:40:44.353+0000] {logging_mixin.py:188} INFO - [2024-05-13T15:40:44.353+0000] {dag.py:3834} INFO - Setting next_dagrun for example_dag_decorator to None, run_after=None
[2024-05-13T15:40:44.391+0000] {processor.py:183} INFO - Processing /home/airflow/.local/lib/python3.8/site-packages/airflow/example_dags/example_dag_decorator.py took 0.412 seconds
[2024-05-13T15:41:14.492+0000] {processor.py:161} INFO - Started process (PID=3549) to work on /home/airflow/.local/lib/python3.8/site-packages/airflow/example_dags/example_dag_decorator.py
[2024-05-13T15:41:14.493+0000] {processor.py:830} INFO - Processing file /home/airflow/.local/lib/python3.8/site-packages/airflow/example_dags/example_dag_decorator.py for tasks to queue
[2024-05-13T15:41:14.495+0000] {logging_mixin.py:188} INFO - [2024-05-13T15:41:14.495+0000] {dagbag.py:540} INFO - Filling up the DagBag from /home/airflow/.local/lib/python3.8/site-packages/airflow/example_dags/example_dag_decorator.py
[2024-05-13T15:41:14.698+0000] {processor.py:840} INFO - DAG(s) 'example_dag_decorator' retrieved from /home/airflow/.local/lib/python3.8/site-packages/airflow/example_dags/example_dag_decorator.py
[2024-05-13T15:41:14.787+0000] {logging_mixin.py:188} INFO - [2024-05-13T15:41:14.786+0000] {dag.py:3047} INFO - Sync 1 DAGs
[2024-05-13T15:41:14.796+0000] {logging_mixin.py:188} INFO - [2024-05-13T15:41:14.795+0000] {dag.py:3834} INFO - Setting next_dagrun for example_dag_decorator to None, run_after=None
[2024-05-13T15:41:14.816+0000] {processor.py:183} INFO - Processing /home/airflow/.local/lib/python3.8/site-packages/airflow/example_dags/example_dag_decorator.py took 0.326 seconds
[2024-05-13T15:41:44.869+0000] {processor.py:161} INFO - Started process (PID=3614) to work on /home/airflow/.local/lib/python3.8/site-packages/airflow/example_dags/example_dag_decorator.py
[2024-05-13T15:41:44.870+0000] {processor.py:830} INFO - Processing file /home/airflow/.local/lib/python3.8/site-packages/airflow/example_dags/example_dag_decorator.py for tasks to queue
[2024-05-13T15:41:44.872+0000] {logging_mixin.py:188} INFO - [2024-05-13T15:41:44.872+0000] {dagbag.py:540} INFO - Filling up the DagBag from /home/airflow/.local/lib/python3.8/site-packages/airflow/example_dags/example_dag_decorator.py
[2024-05-13T15:41:44.954+0000] {processor.py:840} INFO - DAG(s) 'example_dag_decorator' retrieved from /home/airflow/.local/lib/python3.8/site-packages/airflow/example_dags/example_dag_decorator.py
[2024-05-13T15:41:45.164+0000] {logging_mixin.py:188} INFO - [2024-05-13T15:41:45.163+0000] {dag.py:3047} INFO - Sync 1 DAGs
[2024-05-13T15:41:45.173+0000] {logging_mixin.py:188} INFO - [2024-05-13T15:41:45.172+0000] {dag.py:3834} INFO - Setting next_dagrun for example_dag_decorator to None, run_after=None
[2024-05-13T15:41:45.189+0000] {processor.py:183} INFO - Processing /home/airflow/.local/lib/python3.8/site-packages/airflow/example_dags/example_dag_decorator.py took 0.323 seconds
[2024-05-13T15:42:15.327+0000] {processor.py:161} INFO - Started process (PID=3682) to work on /home/airflow/.local/lib/python3.8/site-packages/airflow/example_dags/example_dag_decorator.py
[2024-05-13T15:42:15.329+0000] {processor.py:830} INFO - Processing file /home/airflow/.local/lib/python3.8/site-packages/airflow/example_dags/example_dag_decorator.py for tasks to queue
[2024-05-13T15:42:15.332+0000] {logging_mixin.py:188} INFO - [2024-05-13T15:42:15.332+0000] {dagbag.py:540} INFO - Filling up the DagBag from /home/airflow/.local/lib/python3.8/site-packages/airflow/example_dags/example_dag_decorator.py
[2024-05-13T15:42:15.565+0000] {processor.py:840} INFO - DAG(s) 'example_dag_decorator' retrieved from /home/airflow/.local/lib/python3.8/site-packages/airflow/example_dags/example_dag_decorator.py
[2024-05-13T15:42:15.645+0000] {logging_mixin.py:188} INFO - [2024-05-13T15:42:15.645+0000] {dag.py:3047} INFO - Sync 1 DAGs
[2024-05-13T15:42:15.653+0000] {logging_mixin.py:188} INFO - [2024-05-13T15:42:15.653+0000] {dag.py:3834} INFO - Setting next_dagrun for example_dag_decorator to None, run_after=None
[2024-05-13T15:42:15.671+0000] {processor.py:183} INFO - Processing /home/airflow/.local/lib/python3.8/site-packages/airflow/example_dags/example_dag_decorator.py took 0.350 seconds
[2024-05-13T15:42:45.733+0000] {processor.py:161} INFO - Started process (PID=3751) to work on /home/airflow/.local/lib/python3.8/site-packages/airflow/example_dags/example_dag_decorator.py
[2024-05-13T15:42:45.734+0000] {processor.py:830} INFO - Processing file /home/airflow/.local/lib/python3.8/site-packages/airflow/example_dags/example_dag_decorator.py for tasks to queue
[2024-05-13T15:42:45.737+0000] {logging_mixin.py:188} INFO - [2024-05-13T15:42:45.736+0000] {dagbag.py:540} INFO - Filling up the DagBag from /home/airflow/.local/lib/python3.8/site-packages/airflow/example_dags/example_dag_decorator.py
[2024-05-13T15:42:45.824+0000] {processor.py:840} INFO - DAG(s) 'example_dag_decorator' retrieved from /home/airflow/.local/lib/python3.8/site-packages/airflow/example_dags/example_dag_decorator.py
[2024-05-13T15:42:45.923+0000] {logging_mixin.py:188} INFO - [2024-05-13T15:42:45.923+0000] {dag.py:3047} INFO - Sync 1 DAGs
[2024-05-13T15:42:45.933+0000] {logging_mixin.py:188} INFO - [2024-05-13T15:42:45.933+0000] {dag.py:3834} INFO - Setting next_dagrun for example_dag_decorator to None, run_after=None
[2024-05-13T15:42:45.959+0000] {processor.py:183} INFO - Processing /home/airflow/.local/lib/python3.8/site-packages/airflow/example_dags/example_dag_decorator.py took 0.229 seconds
[2024-05-13T15:43:16.821+0000] {processor.py:161} INFO - Started process (PID=3825) to work on /home/airflow/.local/lib/python3.8/site-packages/airflow/example_dags/example_dag_decorator.py
[2024-05-13T15:43:16.822+0000] {processor.py:830} INFO - Processing file /home/airflow/.local/lib/python3.8/site-packages/airflow/example_dags/example_dag_decorator.py for tasks to queue
[2024-05-13T15:43:16.824+0000] {logging_mixin.py:188} INFO - [2024-05-13T15:43:16.823+0000] {dagbag.py:540} INFO - Filling up the DagBag from /home/airflow/.local/lib/python3.8/site-packages/airflow/example_dags/example_dag_decorator.py
[2024-05-13T15:43:16.922+0000] {processor.py:840} INFO - DAG(s) 'example_dag_decorator' retrieved from /home/airflow/.local/lib/python3.8/site-packages/airflow/example_dags/example_dag_decorator.py
[2024-05-13T15:43:17.029+0000] {logging_mixin.py:188} INFO - [2024-05-13T15:43:17.028+0000] {dag.py:3047} INFO - Sync 1 DAGs
[2024-05-13T15:43:17.038+0000] {logging_mixin.py:188} INFO - [2024-05-13T15:43:17.038+0000] {dag.py:3834} INFO - Setting next_dagrun for example_dag_decorator to None, run_after=None
[2024-05-13T15:43:17.063+0000] {processor.py:183} INFO - Processing /home/airflow/.local/lib/python3.8/site-packages/airflow/example_dags/example_dag_decorator.py took 0.245 seconds
[2024-05-13T15:43:47.368+0000] {processor.py:161} INFO - Started process (PID=3893) to work on /home/airflow/.local/lib/python3.8/site-packages/airflow/example_dags/example_dag_decorator.py
[2024-05-13T15:43:47.369+0000] {processor.py:830} INFO - Processing file /home/airflow/.local/lib/python3.8/site-packages/airflow/example_dags/example_dag_decorator.py for tasks to queue
[2024-05-13T15:43:47.371+0000] {logging_mixin.py:188} INFO - [2024-05-13T15:43:47.371+0000] {dagbag.py:540} INFO - Filling up the DagBag from /home/airflow/.local/lib/python3.8/site-packages/airflow/example_dags/example_dag_decorator.py
[2024-05-13T15:43:47.458+0000] {processor.py:840} INFO - DAG(s) 'example_dag_decorator' retrieved from /home/airflow/.local/lib/python3.8/site-packages/airflow/example_dags/example_dag_decorator.py
[2024-05-13T15:43:47.482+0000] {logging_mixin.py:188} INFO - [2024-05-13T15:43:47.482+0000] {dag.py:3047} INFO - Sync 1 DAGs
[2024-05-13T15:43:47.496+0000] {logging_mixin.py:188} INFO - [2024-05-13T15:43:47.496+0000] {dag.py:3834} INFO - Setting next_dagrun for example_dag_decorator to None, run_after=None
[2024-05-13T15:43:47.519+0000] {processor.py:183} INFO - Processing /home/airflow/.local/lib/python3.8/site-packages/airflow/example_dags/example_dag_decorator.py took 0.155 seconds
[2024-05-13T15:44:17.690+0000] {processor.py:161} INFO - Started process (PID=3961) to work on /home/airflow/.local/lib/python3.8/site-packages/airflow/example_dags/example_dag_decorator.py
[2024-05-13T15:44:17.691+0000] {processor.py:830} INFO - Processing file /home/airflow/.local/lib/python3.8/site-packages/airflow/example_dags/example_dag_decorator.py for tasks to queue
[2024-05-13T15:44:17.693+0000] {logging_mixin.py:188} INFO - [2024-05-13T15:44:17.692+0000] {dagbag.py:540} INFO - Filling up the DagBag from /home/airflow/.local/lib/python3.8/site-packages/airflow/example_dags/example_dag_decorator.py
[2024-05-13T15:44:17.776+0000] {processor.py:840} INFO - DAG(s) 'example_dag_decorator' retrieved from /home/airflow/.local/lib/python3.8/site-packages/airflow/example_dags/example_dag_decorator.py
[2024-05-13T15:44:17.871+0000] {logging_mixin.py:188} INFO - [2024-05-13T15:44:17.871+0000] {dag.py:3047} INFO - Sync 1 DAGs
[2024-05-13T15:44:17.881+0000] {logging_mixin.py:188} INFO - [2024-05-13T15:44:17.881+0000] {dag.py:3834} INFO - Setting next_dagrun for example_dag_decorator to None, run_after=None
[2024-05-13T15:44:17.902+0000] {processor.py:183} INFO - Processing /home/airflow/.local/lib/python3.8/site-packages/airflow/example_dags/example_dag_decorator.py took 0.217 seconds
