[2024-05-13T15:15:20.409+0000] {processor.py:161} INFO - Started process (PID=104) to work on /home/airflow/.local/lib/python3.8/site-packages/airflow/example_dags/example_branch_python_dop_operator_3.py
[2024-05-13T15:15:20.410+0000] {processor.py:830} INFO - Processing file /home/airflow/.local/lib/python3.8/site-packages/airflow/example_dags/example_branch_python_dop_operator_3.py for tasks to queue
[2024-05-13T15:15:20.414+0000] {logging_mixin.py:188} INFO - [2024-05-13T15:15:20.413+0000] {dagbag.py:540} INFO - Filling up the DagBag from /home/airflow/.local/lib/python3.8/site-packages/airflow/example_dags/example_branch_python_dop_operator_3.py
[2024-05-13T15:15:20.434+0000] {processor.py:840} INFO - DAG(s) 'example_branch_dop_operator_v3' retrieved from /home/airflow/.local/lib/python3.8/site-packages/airflow/example_dags/example_branch_python_dop_operator_3.py
[2024-05-13T15:15:20.597+0000] {logging_mixin.py:188} INFO - [2024-05-13T15:15:20.596+0000] {override.py:1769} INFO - Created Permission View: can delete on DAG:example_branch_dop_operator_v3
[2024-05-13T15:15:20.615+0000] {logging_mixin.py:188} INFO - [2024-05-13T15:15:20.614+0000] {override.py:1769} INFO - Created Permission View: can edit on DAG:example_branch_dop_operator_v3
[2024-05-13T15:15:20.626+0000] {logging_mixin.py:188} INFO - [2024-05-13T15:15:20.626+0000] {override.py:1769} INFO - Created Permission View: can read on DAG:example_branch_dop_operator_v3
[2024-05-13T15:15:20.628+0000] {logging_mixin.py:188} INFO - [2024-05-13T15:15:20.627+0000] {dag.py:3047} INFO - Sync 1 DAGs
[2024-05-13T15:15:20.642+0000] {logging_mixin.py:188} INFO - [2024-05-13T15:15:20.642+0000] {dag.py:3069} INFO - Creating ORM DAG for example_branch_dop_operator_v3
[2024-05-13T15:15:20.659+0000] {logging_mixin.py:188} INFO - [2024-05-13T15:15:20.659+0000] {dag.py:3834} INFO - Setting next_dagrun for example_branch_dop_operator_v3 to 2024-05-13 15:14:00+00:00, run_after=2024-05-13 15:15:00+00:00
[2024-05-13T15:15:20.679+0000] {processor.py:183} INFO - Processing /home/airflow/.local/lib/python3.8/site-packages/airflow/example_dags/example_branch_python_dop_operator_3.py took 0.273 seconds
[2024-05-13T15:15:51.380+0000] {processor.py:161} INFO - Started process (PID=172) to work on /home/airflow/.local/lib/python3.8/site-packages/airflow/example_dags/example_branch_python_dop_operator_3.py
[2024-05-13T15:15:51.381+0000] {processor.py:830} INFO - Processing file /home/airflow/.local/lib/python3.8/site-packages/airflow/example_dags/example_branch_python_dop_operator_3.py for tasks to queue
[2024-05-13T15:15:51.383+0000] {logging_mixin.py:188} INFO - [2024-05-13T15:15:51.383+0000] {dagbag.py:540} INFO - Filling up the DagBag from /home/airflow/.local/lib/python3.8/site-packages/airflow/example_dags/example_branch_python_dop_operator_3.py
[2024-05-13T15:15:51.391+0000] {processor.py:840} INFO - DAG(s) 'example_branch_dop_operator_v3' retrieved from /home/airflow/.local/lib/python3.8/site-packages/airflow/example_dags/example_branch_python_dop_operator_3.py
[2024-05-13T15:15:51.409+0000] {logging_mixin.py:188} INFO - [2024-05-13T15:15:51.409+0000] {dag.py:3047} INFO - Sync 1 DAGs
[2024-05-13T15:15:51.432+0000] {logging_mixin.py:188} INFO - [2024-05-13T15:15:51.431+0000] {dag.py:3834} INFO - Setting next_dagrun for example_branch_dop_operator_v3 to 2024-05-13 15:14:00+00:00, run_after=2024-05-13 15:15:00+00:00
[2024-05-13T15:15:51.450+0000] {processor.py:183} INFO - Processing /home/airflow/.local/lib/python3.8/site-packages/airflow/example_dags/example_branch_python_dop_operator_3.py took 0.073 seconds
[2024-05-13T15:16:22.064+0000] {processor.py:161} INFO - Started process (PID=240) to work on /home/airflow/.local/lib/python3.8/site-packages/airflow/example_dags/example_branch_python_dop_operator_3.py
[2024-05-13T15:16:22.065+0000] {processor.py:830} INFO - Processing file /home/airflow/.local/lib/python3.8/site-packages/airflow/example_dags/example_branch_python_dop_operator_3.py for tasks to queue
[2024-05-13T15:16:22.067+0000] {logging_mixin.py:188} INFO - [2024-05-13T15:16:22.067+0000] {dagbag.py:540} INFO - Filling up the DagBag from /home/airflow/.local/lib/python3.8/site-packages/airflow/example_dags/example_branch_python_dop_operator_3.py
[2024-05-13T15:16:22.075+0000] {processor.py:840} INFO - DAG(s) 'example_branch_dop_operator_v3' retrieved from /home/airflow/.local/lib/python3.8/site-packages/airflow/example_dags/example_branch_python_dop_operator_3.py
[2024-05-13T15:16:22.095+0000] {logging_mixin.py:188} INFO - [2024-05-13T15:16:22.095+0000] {dag.py:3047} INFO - Sync 1 DAGs
[2024-05-13T15:16:22.119+0000] {logging_mixin.py:188} INFO - [2024-05-13T15:16:22.119+0000] {dag.py:3834} INFO - Setting next_dagrun for example_branch_dop_operator_v3 to 2024-05-13 15:15:00+00:00, run_after=2024-05-13 15:16:00+00:00
[2024-05-13T15:16:22.138+0000] {processor.py:183} INFO - Processing /home/airflow/.local/lib/python3.8/site-packages/airflow/example_dags/example_branch_python_dop_operator_3.py took 0.077 seconds
[2024-05-13T15:16:52.246+0000] {processor.py:161} INFO - Started process (PID=308) to work on /home/airflow/.local/lib/python3.8/site-packages/airflow/example_dags/example_branch_python_dop_operator_3.py
[2024-05-13T15:16:52.247+0000] {processor.py:830} INFO - Processing file /home/airflow/.local/lib/python3.8/site-packages/airflow/example_dags/example_branch_python_dop_operator_3.py for tasks to queue
[2024-05-13T15:16:52.249+0000] {logging_mixin.py:188} INFO - [2024-05-13T15:16:52.249+0000] {dagbag.py:540} INFO - Filling up the DagBag from /home/airflow/.local/lib/python3.8/site-packages/airflow/example_dags/example_branch_python_dop_operator_3.py
[2024-05-13T15:16:52.259+0000] {processor.py:840} INFO - DAG(s) 'example_branch_dop_operator_v3' retrieved from /home/airflow/.local/lib/python3.8/site-packages/airflow/example_dags/example_branch_python_dop_operator_3.py
[2024-05-13T15:16:52.282+0000] {logging_mixin.py:188} INFO - [2024-05-13T15:16:52.281+0000] {dag.py:3047} INFO - Sync 1 DAGs
[2024-05-13T15:16:52.307+0000] {logging_mixin.py:188} INFO - [2024-05-13T15:16:52.306+0000] {dag.py:3834} INFO - Setting next_dagrun for example_branch_dop_operator_v3 to 2024-05-13 15:15:00+00:00, run_after=2024-05-13 15:16:00+00:00
[2024-05-13T15:16:52.332+0000] {processor.py:183} INFO - Processing /home/airflow/.local/lib/python3.8/site-packages/airflow/example_dags/example_branch_python_dop_operator_3.py took 0.089 seconds
[2024-05-13T15:17:23.473+0000] {processor.py:161} INFO - Started process (PID=376) to work on /home/airflow/.local/lib/python3.8/site-packages/airflow/example_dags/example_branch_python_dop_operator_3.py
[2024-05-13T15:17:23.474+0000] {processor.py:830} INFO - Processing file /home/airflow/.local/lib/python3.8/site-packages/airflow/example_dags/example_branch_python_dop_operator_3.py for tasks to queue
[2024-05-13T15:17:23.475+0000] {logging_mixin.py:188} INFO - [2024-05-13T15:17:23.475+0000] {dagbag.py:540} INFO - Filling up the DagBag from /home/airflow/.local/lib/python3.8/site-packages/airflow/example_dags/example_branch_python_dop_operator_3.py
[2024-05-13T15:17:23.484+0000] {processor.py:840} INFO - DAG(s) 'example_branch_dop_operator_v3' retrieved from /home/airflow/.local/lib/python3.8/site-packages/airflow/example_dags/example_branch_python_dop_operator_3.py
[2024-05-13T15:17:23.505+0000] {logging_mixin.py:188} INFO - [2024-05-13T15:17:23.504+0000] {dag.py:3047} INFO - Sync 1 DAGs
[2024-05-13T15:17:23.529+0000] {logging_mixin.py:188} INFO - [2024-05-13T15:17:23.528+0000] {dag.py:3834} INFO - Setting next_dagrun for example_branch_dop_operator_v3 to 2024-05-13 15:16:00+00:00, run_after=2024-05-13 15:17:00+00:00
[2024-05-13T15:17:23.547+0000] {processor.py:183} INFO - Processing /home/airflow/.local/lib/python3.8/site-packages/airflow/example_dags/example_branch_python_dop_operator_3.py took 0.078 seconds
[2024-05-13T15:17:53.611+0000] {processor.py:161} INFO - Started process (PID=431) to work on /home/airflow/.local/lib/python3.8/site-packages/airflow/example_dags/example_branch_python_dop_operator_3.py
[2024-05-13T15:17:53.612+0000] {processor.py:830} INFO - Processing file /home/airflow/.local/lib/python3.8/site-packages/airflow/example_dags/example_branch_python_dop_operator_3.py for tasks to queue
[2024-05-13T15:17:53.614+0000] {logging_mixin.py:188} INFO - [2024-05-13T15:17:53.614+0000] {dagbag.py:540} INFO - Filling up the DagBag from /home/airflow/.local/lib/python3.8/site-packages/airflow/example_dags/example_branch_python_dop_operator_3.py
[2024-05-13T15:17:53.622+0000] {processor.py:840} INFO - DAG(s) 'example_branch_dop_operator_v3' retrieved from /home/airflow/.local/lib/python3.8/site-packages/airflow/example_dags/example_branch_python_dop_operator_3.py
[2024-05-13T15:17:53.641+0000] {logging_mixin.py:188} INFO - [2024-05-13T15:17:53.640+0000] {dag.py:3047} INFO - Sync 1 DAGs
[2024-05-13T15:17:53.663+0000] {logging_mixin.py:188} INFO - [2024-05-13T15:17:53.662+0000] {dag.py:3834} INFO - Setting next_dagrun for example_branch_dop_operator_v3 to 2024-05-13 15:16:00+00:00, run_after=2024-05-13 15:17:00+00:00
[2024-05-13T15:17:53.680+0000] {processor.py:183} INFO - Processing /home/airflow/.local/lib/python3.8/site-packages/airflow/example_dags/example_branch_python_dop_operator_3.py took 0.072 seconds
[2024-05-13T15:18:23.744+0000] {processor.py:161} INFO - Started process (PID=499) to work on /home/airflow/.local/lib/python3.8/site-packages/airflow/example_dags/example_branch_python_dop_operator_3.py
[2024-05-13T15:18:23.745+0000] {processor.py:830} INFO - Processing file /home/airflow/.local/lib/python3.8/site-packages/airflow/example_dags/example_branch_python_dop_operator_3.py for tasks to queue
[2024-05-13T15:18:23.748+0000] {logging_mixin.py:188} INFO - [2024-05-13T15:18:23.748+0000] {dagbag.py:540} INFO - Filling up the DagBag from /home/airflow/.local/lib/python3.8/site-packages/airflow/example_dags/example_branch_python_dop_operator_3.py
[2024-05-13T15:18:23.758+0000] {processor.py:840} INFO - DAG(s) 'example_branch_dop_operator_v3' retrieved from /home/airflow/.local/lib/python3.8/site-packages/airflow/example_dags/example_branch_python_dop_operator_3.py
[2024-05-13T15:18:23.782+0000] {logging_mixin.py:188} INFO - [2024-05-13T15:18:23.781+0000] {dag.py:3047} INFO - Sync 1 DAGs
[2024-05-13T15:18:23.811+0000] {logging_mixin.py:188} INFO - [2024-05-13T15:18:23.810+0000] {dag.py:3834} INFO - Setting next_dagrun for example_branch_dop_operator_v3 to 2024-05-13 15:17:00+00:00, run_after=2024-05-13 15:18:00+00:00
[2024-05-13T15:18:23.838+0000] {processor.py:183} INFO - Processing /home/airflow/.local/lib/python3.8/site-packages/airflow/example_dags/example_branch_python_dop_operator_3.py took 0.098 seconds
[2024-05-13T15:18:53.882+0000] {processor.py:161} INFO - Started process (PID=567) to work on /home/airflow/.local/lib/python3.8/site-packages/airflow/example_dags/example_branch_python_dop_operator_3.py
[2024-05-13T15:18:53.883+0000] {processor.py:830} INFO - Processing file /home/airflow/.local/lib/python3.8/site-packages/airflow/example_dags/example_branch_python_dop_operator_3.py for tasks to queue
[2024-05-13T15:18:53.886+0000] {logging_mixin.py:188} INFO - [2024-05-13T15:18:53.885+0000] {dagbag.py:540} INFO - Filling up the DagBag from /home/airflow/.local/lib/python3.8/site-packages/airflow/example_dags/example_branch_python_dop_operator_3.py
[2024-05-13T15:18:53.897+0000] {processor.py:840} INFO - DAG(s) 'example_branch_dop_operator_v3' retrieved from /home/airflow/.local/lib/python3.8/site-packages/airflow/example_dags/example_branch_python_dop_operator_3.py
[2024-05-13T15:18:53.917+0000] {logging_mixin.py:188} INFO - [2024-05-13T15:18:53.917+0000] {dag.py:3047} INFO - Sync 1 DAGs
[2024-05-13T15:18:53.940+0000] {logging_mixin.py:188} INFO - [2024-05-13T15:18:53.940+0000] {dag.py:3834} INFO - Setting next_dagrun for example_branch_dop_operator_v3 to 2024-05-13 15:17:00+00:00, run_after=2024-05-13 15:18:00+00:00
[2024-05-13T15:18:53.959+0000] {processor.py:183} INFO - Processing /home/airflow/.local/lib/python3.8/site-packages/airflow/example_dags/example_branch_python_dop_operator_3.py took 0.080 seconds
[2024-05-13T15:19:24.019+0000] {processor.py:161} INFO - Started process (PID=635) to work on /home/airflow/.local/lib/python3.8/site-packages/airflow/example_dags/example_branch_python_dop_operator_3.py
[2024-05-13T15:19:24.020+0000] {processor.py:830} INFO - Processing file /home/airflow/.local/lib/python3.8/site-packages/airflow/example_dags/example_branch_python_dop_operator_3.py for tasks to queue
[2024-05-13T15:19:24.022+0000] {logging_mixin.py:188} INFO - [2024-05-13T15:19:24.021+0000] {dagbag.py:540} INFO - Filling up the DagBag from /home/airflow/.local/lib/python3.8/site-packages/airflow/example_dags/example_branch_python_dop_operator_3.py
[2024-05-13T15:19:24.030+0000] {processor.py:840} INFO - DAG(s) 'example_branch_dop_operator_v3' retrieved from /home/airflow/.local/lib/python3.8/site-packages/airflow/example_dags/example_branch_python_dop_operator_3.py
[2024-05-13T15:19:24.049+0000] {logging_mixin.py:188} INFO - [2024-05-13T15:19:24.049+0000] {dag.py:3047} INFO - Sync 1 DAGs
[2024-05-13T15:19:24.070+0000] {logging_mixin.py:188} INFO - [2024-05-13T15:19:24.070+0000] {dag.py:3834} INFO - Setting next_dagrun for example_branch_dop_operator_v3 to 2024-05-13 15:18:00+00:00, run_after=2024-05-13 15:19:00+00:00
[2024-05-13T15:19:24.086+0000] {processor.py:183} INFO - Processing /home/airflow/.local/lib/python3.8/site-packages/airflow/example_dags/example_branch_python_dop_operator_3.py took 0.071 seconds
[2024-05-13T15:19:54.295+0000] {processor.py:161} INFO - Started process (PID=703) to work on /home/airflow/.local/lib/python3.8/site-packages/airflow/example_dags/example_branch_python_dop_operator_3.py
[2024-05-13T15:19:54.296+0000] {processor.py:830} INFO - Processing file /home/airflow/.local/lib/python3.8/site-packages/airflow/example_dags/example_branch_python_dop_operator_3.py for tasks to queue
[2024-05-13T15:19:54.298+0000] {logging_mixin.py:188} INFO - [2024-05-13T15:19:54.298+0000] {dagbag.py:540} INFO - Filling up the DagBag from /home/airflow/.local/lib/python3.8/site-packages/airflow/example_dags/example_branch_python_dop_operator_3.py
[2024-05-13T15:19:54.306+0000] {processor.py:840} INFO - DAG(s) 'example_branch_dop_operator_v3' retrieved from /home/airflow/.local/lib/python3.8/site-packages/airflow/example_dags/example_branch_python_dop_operator_3.py
[2024-05-13T15:19:54.325+0000] {logging_mixin.py:188} INFO - [2024-05-13T15:19:54.325+0000] {dag.py:3047} INFO - Sync 1 DAGs
[2024-05-13T15:19:54.349+0000] {logging_mixin.py:188} INFO - [2024-05-13T15:19:54.349+0000] {dag.py:3834} INFO - Setting next_dagrun for example_branch_dop_operator_v3 to 2024-05-13 15:18:00+00:00, run_after=2024-05-13 15:19:00+00:00
[2024-05-13T15:19:54.366+0000] {processor.py:183} INFO - Processing /home/airflow/.local/lib/python3.8/site-packages/airflow/example_dags/example_branch_python_dop_operator_3.py took 0.074 seconds
[2024-05-13T15:20:24.739+0000] {processor.py:161} INFO - Started process (PID=771) to work on /home/airflow/.local/lib/python3.8/site-packages/airflow/example_dags/example_branch_python_dop_operator_3.py
[2024-05-13T15:20:24.740+0000] {processor.py:830} INFO - Processing file /home/airflow/.local/lib/python3.8/site-packages/airflow/example_dags/example_branch_python_dop_operator_3.py for tasks to queue
[2024-05-13T15:20:24.742+0000] {logging_mixin.py:188} INFO - [2024-05-13T15:20:24.742+0000] {dagbag.py:540} INFO - Filling up the DagBag from /home/airflow/.local/lib/python3.8/site-packages/airflow/example_dags/example_branch_python_dop_operator_3.py
[2024-05-13T15:20:24.751+0000] {processor.py:840} INFO - DAG(s) 'example_branch_dop_operator_v3' retrieved from /home/airflow/.local/lib/python3.8/site-packages/airflow/example_dags/example_branch_python_dop_operator_3.py
[2024-05-13T15:20:24.772+0000] {logging_mixin.py:188} INFO - [2024-05-13T15:20:24.771+0000] {dag.py:3047} INFO - Sync 1 DAGs
[2024-05-13T15:20:24.796+0000] {logging_mixin.py:188} INFO - [2024-05-13T15:20:24.795+0000] {dag.py:3834} INFO - Setting next_dagrun for example_branch_dop_operator_v3 to 2024-05-13 15:19:00+00:00, run_after=2024-05-13 15:20:00+00:00
[2024-05-13T15:20:24.814+0000] {processor.py:183} INFO - Processing /home/airflow/.local/lib/python3.8/site-packages/airflow/example_dags/example_branch_python_dop_operator_3.py took 0.078 seconds
[2024-05-13T15:20:55.083+0000] {processor.py:161} INFO - Started process (PID=843) to work on /home/airflow/.local/lib/python3.8/site-packages/airflow/example_dags/example_branch_python_dop_operator_3.py
[2024-05-13T15:20:55.084+0000] {processor.py:830} INFO - Processing file /home/airflow/.local/lib/python3.8/site-packages/airflow/example_dags/example_branch_python_dop_operator_3.py for tasks to queue
[2024-05-13T15:20:55.086+0000] {logging_mixin.py:188} INFO - [2024-05-13T15:20:55.085+0000] {dagbag.py:540} INFO - Filling up the DagBag from /home/airflow/.local/lib/python3.8/site-packages/airflow/example_dags/example_branch_python_dop_operator_3.py
[2024-05-13T15:20:55.094+0000] {processor.py:840} INFO - DAG(s) 'example_branch_dop_operator_v3' retrieved from /home/airflow/.local/lib/python3.8/site-packages/airflow/example_dags/example_branch_python_dop_operator_3.py
[2024-05-13T15:20:55.116+0000] {logging_mixin.py:188} INFO - [2024-05-13T15:20:55.116+0000] {dag.py:3047} INFO - Sync 1 DAGs
[2024-05-13T15:20:55.141+0000] {logging_mixin.py:188} INFO - [2024-05-13T15:20:55.140+0000] {dag.py:3834} INFO - Setting next_dagrun for example_branch_dop_operator_v3 to 2024-05-13 15:19:00+00:00, run_after=2024-05-13 15:20:00+00:00
[2024-05-13T15:20:55.160+0000] {processor.py:183} INFO - Processing /home/airflow/.local/lib/python3.8/site-packages/airflow/example_dags/example_branch_python_dop_operator_3.py took 0.081 seconds
[2024-05-13T15:21:25.279+0000] {processor.py:161} INFO - Started process (PID=911) to work on /home/airflow/.local/lib/python3.8/site-packages/airflow/example_dags/example_branch_python_dop_operator_3.py
[2024-05-13T15:21:25.280+0000] {processor.py:830} INFO - Processing file /home/airflow/.local/lib/python3.8/site-packages/airflow/example_dags/example_branch_python_dop_operator_3.py for tasks to queue
[2024-05-13T15:21:25.283+0000] {logging_mixin.py:188} INFO - [2024-05-13T15:21:25.282+0000] {dagbag.py:540} INFO - Filling up the DagBag from /home/airflow/.local/lib/python3.8/site-packages/airflow/example_dags/example_branch_python_dop_operator_3.py
[2024-05-13T15:21:25.293+0000] {processor.py:840} INFO - DAG(s) 'example_branch_dop_operator_v3' retrieved from /home/airflow/.local/lib/python3.8/site-packages/airflow/example_dags/example_branch_python_dop_operator_3.py
[2024-05-13T15:21:25.315+0000] {logging_mixin.py:188} INFO - [2024-05-13T15:21:25.315+0000] {dag.py:3047} INFO - Sync 1 DAGs
[2024-05-13T15:21:25.345+0000] {logging_mixin.py:188} INFO - [2024-05-13T15:21:25.345+0000] {dag.py:3834} INFO - Setting next_dagrun for example_branch_dop_operator_v3 to 2024-05-13 15:20:00+00:00, run_after=2024-05-13 15:21:00+00:00
[2024-05-13T15:21:25.372+0000] {processor.py:183} INFO - Processing /home/airflow/.local/lib/python3.8/site-packages/airflow/example_dags/example_branch_python_dop_operator_3.py took 0.096 seconds
[2024-05-13T15:21:55.588+0000] {processor.py:161} INFO - Started process (PID=979) to work on /home/airflow/.local/lib/python3.8/site-packages/airflow/example_dags/example_branch_python_dop_operator_3.py
[2024-05-13T15:21:55.590+0000] {processor.py:830} INFO - Processing file /home/airflow/.local/lib/python3.8/site-packages/airflow/example_dags/example_branch_python_dop_operator_3.py for tasks to queue
[2024-05-13T15:21:55.593+0000] {logging_mixin.py:188} INFO - [2024-05-13T15:21:55.593+0000] {dagbag.py:540} INFO - Filling up the DagBag from /home/airflow/.local/lib/python3.8/site-packages/airflow/example_dags/example_branch_python_dop_operator_3.py
[2024-05-13T15:21:55.603+0000] {processor.py:840} INFO - DAG(s) 'example_branch_dop_operator_v3' retrieved from /home/airflow/.local/lib/python3.8/site-packages/airflow/example_dags/example_branch_python_dop_operator_3.py
[2024-05-13T15:21:55.627+0000] {logging_mixin.py:188} INFO - [2024-05-13T15:21:55.627+0000] {dag.py:3047} INFO - Sync 1 DAGs
[2024-05-13T15:21:55.656+0000] {logging_mixin.py:188} INFO - [2024-05-13T15:21:55.656+0000] {dag.py:3834} INFO - Setting next_dagrun for example_branch_dop_operator_v3 to 2024-05-13 15:20:00+00:00, run_after=2024-05-13 15:21:00+00:00
[2024-05-13T15:21:55.682+0000] {processor.py:183} INFO - Processing /home/airflow/.local/lib/python3.8/site-packages/airflow/example_dags/example_branch_python_dop_operator_3.py took 0.098 seconds
[2024-05-13T15:22:26.554+0000] {processor.py:161} INFO - Started process (PID=1047) to work on /home/airflow/.local/lib/python3.8/site-packages/airflow/example_dags/example_branch_python_dop_operator_3.py
[2024-05-13T15:22:26.555+0000] {processor.py:830} INFO - Processing file /home/airflow/.local/lib/python3.8/site-packages/airflow/example_dags/example_branch_python_dop_operator_3.py for tasks to queue
[2024-05-13T15:22:26.557+0000] {logging_mixin.py:188} INFO - [2024-05-13T15:22:26.557+0000] {dagbag.py:540} INFO - Filling up the DagBag from /home/airflow/.local/lib/python3.8/site-packages/airflow/example_dags/example_branch_python_dop_operator_3.py
[2024-05-13T15:22:26.570+0000] {processor.py:840} INFO - DAG(s) 'example_branch_dop_operator_v3' retrieved from /home/airflow/.local/lib/python3.8/site-packages/airflow/example_dags/example_branch_python_dop_operator_3.py
[2024-05-13T15:22:26.604+0000] {logging_mixin.py:188} INFO - [2024-05-13T15:22:26.604+0000] {dag.py:3047} INFO - Sync 1 DAGs
[2024-05-13T15:22:26.637+0000] {logging_mixin.py:188} INFO - [2024-05-13T15:22:26.636+0000] {dag.py:3834} INFO - Setting next_dagrun for example_branch_dop_operator_v3 to 2024-05-13 15:21:00+00:00, run_after=2024-05-13 15:22:00+00:00
[2024-05-13T15:22:26.661+0000] {processor.py:183} INFO - Processing /home/airflow/.local/lib/python3.8/site-packages/airflow/example_dags/example_branch_python_dop_operator_3.py took 0.112 seconds
[2024-05-13T15:22:56.925+0000] {processor.py:161} INFO - Started process (PID=1116) to work on /home/airflow/.local/lib/python3.8/site-packages/airflow/example_dags/example_branch_python_dop_operator_3.py
[2024-05-13T15:22:56.926+0000] {processor.py:830} INFO - Processing file /home/airflow/.local/lib/python3.8/site-packages/airflow/example_dags/example_branch_python_dop_operator_3.py for tasks to queue
[2024-05-13T15:22:56.928+0000] {logging_mixin.py:188} INFO - [2024-05-13T15:22:56.928+0000] {dagbag.py:540} INFO - Filling up the DagBag from /home/airflow/.local/lib/python3.8/site-packages/airflow/example_dags/example_branch_python_dop_operator_3.py
[2024-05-13T15:22:56.940+0000] {processor.py:840} INFO - DAG(s) 'example_branch_dop_operator_v3' retrieved from /home/airflow/.local/lib/python3.8/site-packages/airflow/example_dags/example_branch_python_dop_operator_3.py
[2024-05-13T15:22:56.968+0000] {logging_mixin.py:188} INFO - [2024-05-13T15:22:56.968+0000] {dag.py:3047} INFO - Sync 1 DAGs
[2024-05-13T15:22:57.001+0000] {logging_mixin.py:188} INFO - [2024-05-13T15:22:57.001+0000] {dag.py:3834} INFO - Setting next_dagrun for example_branch_dop_operator_v3 to 2024-05-13 15:21:00+00:00, run_after=2024-05-13 15:22:00+00:00
[2024-05-13T15:22:57.030+0000] {processor.py:183} INFO - Processing /home/airflow/.local/lib/python3.8/site-packages/airflow/example_dags/example_branch_python_dop_operator_3.py took 0.109 seconds
[2024-05-13T15:23:27.322+0000] {processor.py:161} INFO - Started process (PID=1184) to work on /home/airflow/.local/lib/python3.8/site-packages/airflow/example_dags/example_branch_python_dop_operator_3.py
[2024-05-13T15:23:27.323+0000] {processor.py:830} INFO - Processing file /home/airflow/.local/lib/python3.8/site-packages/airflow/example_dags/example_branch_python_dop_operator_3.py for tasks to queue
[2024-05-13T15:23:27.326+0000] {logging_mixin.py:188} INFO - [2024-05-13T15:23:27.325+0000] {dagbag.py:540} INFO - Filling up the DagBag from /home/airflow/.local/lib/python3.8/site-packages/airflow/example_dags/example_branch_python_dop_operator_3.py
[2024-05-13T15:23:27.339+0000] {processor.py:840} INFO - DAG(s) 'example_branch_dop_operator_v3' retrieved from /home/airflow/.local/lib/python3.8/site-packages/airflow/example_dags/example_branch_python_dop_operator_3.py
[2024-05-13T15:23:27.364+0000] {logging_mixin.py:188} INFO - [2024-05-13T15:23:27.364+0000] {dag.py:3047} INFO - Sync 1 DAGs
[2024-05-13T15:23:27.395+0000] {logging_mixin.py:188} INFO - [2024-05-13T15:23:27.395+0000] {dag.py:3834} INFO - Setting next_dagrun for example_branch_dop_operator_v3 to 2024-05-13 15:22:00+00:00, run_after=2024-05-13 15:23:00+00:00
[2024-05-13T15:23:27.424+0000] {processor.py:183} INFO - Processing /home/airflow/.local/lib/python3.8/site-packages/airflow/example_dags/example_branch_python_dop_operator_3.py took 0.106 seconds
[2024-05-13T15:23:58.137+0000] {processor.py:161} INFO - Started process (PID=1252) to work on /home/airflow/.local/lib/python3.8/site-packages/airflow/example_dags/example_branch_python_dop_operator_3.py
[2024-05-13T15:23:58.139+0000] {processor.py:830} INFO - Processing file /home/airflow/.local/lib/python3.8/site-packages/airflow/example_dags/example_branch_python_dop_operator_3.py for tasks to queue
[2024-05-13T15:23:58.141+0000] {logging_mixin.py:188} INFO - [2024-05-13T15:23:58.141+0000] {dagbag.py:540} INFO - Filling up the DagBag from /home/airflow/.local/lib/python3.8/site-packages/airflow/example_dags/example_branch_python_dop_operator_3.py
[2024-05-13T15:23:58.151+0000] {processor.py:840} INFO - DAG(s) 'example_branch_dop_operator_v3' retrieved from /home/airflow/.local/lib/python3.8/site-packages/airflow/example_dags/example_branch_python_dop_operator_3.py
[2024-05-13T15:23:58.175+0000] {logging_mixin.py:188} INFO - [2024-05-13T15:23:58.175+0000] {dag.py:3047} INFO - Sync 1 DAGs
[2024-05-13T15:23:58.205+0000] {logging_mixin.py:188} INFO - [2024-05-13T15:23:58.204+0000] {dag.py:3834} INFO - Setting next_dagrun for example_branch_dop_operator_v3 to 2024-05-13 15:22:00+00:00, run_after=2024-05-13 15:23:00+00:00
[2024-05-13T15:23:58.232+0000] {processor.py:183} INFO - Processing /home/airflow/.local/lib/python3.8/site-packages/airflow/example_dags/example_branch_python_dop_operator_3.py took 0.099 seconds
[2024-05-13T15:24:28.310+0000] {processor.py:161} INFO - Started process (PID=1320) to work on /home/airflow/.local/lib/python3.8/site-packages/airflow/example_dags/example_branch_python_dop_operator_3.py
[2024-05-13T15:24:28.311+0000] {processor.py:830} INFO - Processing file /home/airflow/.local/lib/python3.8/site-packages/airflow/example_dags/example_branch_python_dop_operator_3.py for tasks to queue
[2024-05-13T15:24:28.313+0000] {logging_mixin.py:188} INFO - [2024-05-13T15:24:28.312+0000] {dagbag.py:540} INFO - Filling up the DagBag from /home/airflow/.local/lib/python3.8/site-packages/airflow/example_dags/example_branch_python_dop_operator_3.py
[2024-05-13T15:24:28.321+0000] {processor.py:840} INFO - DAG(s) 'example_branch_dop_operator_v3' retrieved from /home/airflow/.local/lib/python3.8/site-packages/airflow/example_dags/example_branch_python_dop_operator_3.py
[2024-05-13T15:24:28.341+0000] {logging_mixin.py:188} INFO - [2024-05-13T15:24:28.341+0000] {dag.py:3047} INFO - Sync 1 DAGs
[2024-05-13T15:24:28.366+0000] {logging_mixin.py:188} INFO - [2024-05-13T15:24:28.366+0000] {dag.py:3834} INFO - Setting next_dagrun for example_branch_dop_operator_v3 to 2024-05-13 15:23:00+00:00, run_after=2024-05-13 15:24:00+00:00
[2024-05-13T15:24:28.387+0000] {processor.py:183} INFO - Processing /home/airflow/.local/lib/python3.8/site-packages/airflow/example_dags/example_branch_python_dop_operator_3.py took 0.080 seconds
[2024-05-13T15:24:58.457+0000] {processor.py:161} INFO - Started process (PID=1388) to work on /home/airflow/.local/lib/python3.8/site-packages/airflow/example_dags/example_branch_python_dop_operator_3.py
[2024-05-13T15:24:58.458+0000] {processor.py:830} INFO - Processing file /home/airflow/.local/lib/python3.8/site-packages/airflow/example_dags/example_branch_python_dop_operator_3.py for tasks to queue
[2024-05-13T15:24:58.460+0000] {logging_mixin.py:188} INFO - [2024-05-13T15:24:58.460+0000] {dagbag.py:540} INFO - Filling up the DagBag from /home/airflow/.local/lib/python3.8/site-packages/airflow/example_dags/example_branch_python_dop_operator_3.py
[2024-05-13T15:24:58.468+0000] {processor.py:840} INFO - DAG(s) 'example_branch_dop_operator_v3' retrieved from /home/airflow/.local/lib/python3.8/site-packages/airflow/example_dags/example_branch_python_dop_operator_3.py
[2024-05-13T15:24:58.486+0000] {logging_mixin.py:188} INFO - [2024-05-13T15:24:58.486+0000] {dag.py:3047} INFO - Sync 1 DAGs
[2024-05-13T15:24:58.514+0000] {logging_mixin.py:188} INFO - [2024-05-13T15:24:58.514+0000] {dag.py:3834} INFO - Setting next_dagrun for example_branch_dop_operator_v3 to 2024-05-13 15:23:00+00:00, run_after=2024-05-13 15:24:00+00:00
[2024-05-13T15:24:58.536+0000] {processor.py:183} INFO - Processing /home/airflow/.local/lib/python3.8/site-packages/airflow/example_dags/example_branch_python_dop_operator_3.py took 0.083 seconds
[2024-05-13T15:25:28.813+0000] {processor.py:161} INFO - Started process (PID=1457) to work on /home/airflow/.local/lib/python3.8/site-packages/airflow/example_dags/example_branch_python_dop_operator_3.py
[2024-05-13T15:25:28.814+0000] {processor.py:830} INFO - Processing file /home/airflow/.local/lib/python3.8/site-packages/airflow/example_dags/example_branch_python_dop_operator_3.py for tasks to queue
[2024-05-13T15:25:28.816+0000] {logging_mixin.py:188} INFO - [2024-05-13T15:25:28.816+0000] {dagbag.py:540} INFO - Filling up the DagBag from /home/airflow/.local/lib/python3.8/site-packages/airflow/example_dags/example_branch_python_dop_operator_3.py
[2024-05-13T15:25:28.826+0000] {processor.py:840} INFO - DAG(s) 'example_branch_dop_operator_v3' retrieved from /home/airflow/.local/lib/python3.8/site-packages/airflow/example_dags/example_branch_python_dop_operator_3.py
[2024-05-13T15:25:28.846+0000] {logging_mixin.py:188} INFO - [2024-05-13T15:25:28.846+0000] {dag.py:3047} INFO - Sync 1 DAGs
[2024-05-13T15:25:28.872+0000] {logging_mixin.py:188} INFO - [2024-05-13T15:25:28.872+0000] {dag.py:3834} INFO - Setting next_dagrun for example_branch_dop_operator_v3 to 2024-05-13 15:24:00+00:00, run_after=2024-05-13 15:25:00+00:00
[2024-05-13T15:25:28.896+0000] {processor.py:183} INFO - Processing /home/airflow/.local/lib/python3.8/site-packages/airflow/example_dags/example_branch_python_dop_operator_3.py took 0.086 seconds
[2024-05-13T15:25:59.206+0000] {processor.py:161} INFO - Started process (PID=1525) to work on /home/airflow/.local/lib/python3.8/site-packages/airflow/example_dags/example_branch_python_dop_operator_3.py
[2024-05-13T15:25:59.207+0000] {processor.py:830} INFO - Processing file /home/airflow/.local/lib/python3.8/site-packages/airflow/example_dags/example_branch_python_dop_operator_3.py for tasks to queue
[2024-05-13T15:25:59.209+0000] {logging_mixin.py:188} INFO - [2024-05-13T15:25:59.209+0000] {dagbag.py:540} INFO - Filling up the DagBag from /home/airflow/.local/lib/python3.8/site-packages/airflow/example_dags/example_branch_python_dop_operator_3.py
[2024-05-13T15:25:59.218+0000] {processor.py:840} INFO - DAG(s) 'example_branch_dop_operator_v3' retrieved from /home/airflow/.local/lib/python3.8/site-packages/airflow/example_dags/example_branch_python_dop_operator_3.py
[2024-05-13T15:25:59.236+0000] {logging_mixin.py:188} INFO - [2024-05-13T15:25:59.236+0000] {dag.py:3047} INFO - Sync 1 DAGs
[2024-05-13T15:25:59.259+0000] {logging_mixin.py:188} INFO - [2024-05-13T15:25:59.259+0000] {dag.py:3834} INFO - Setting next_dagrun for example_branch_dop_operator_v3 to 2024-05-13 15:24:00+00:00, run_after=2024-05-13 15:25:00+00:00
[2024-05-13T15:25:59.276+0000] {processor.py:183} INFO - Processing /home/airflow/.local/lib/python3.8/site-packages/airflow/example_dags/example_branch_python_dop_operator_3.py took 0.073 seconds
[2024-05-13T15:26:29.485+0000] {processor.py:161} INFO - Started process (PID=1593) to work on /home/airflow/.local/lib/python3.8/site-packages/airflow/example_dags/example_branch_python_dop_operator_3.py
[2024-05-13T15:26:29.486+0000] {processor.py:830} INFO - Processing file /home/airflow/.local/lib/python3.8/site-packages/airflow/example_dags/example_branch_python_dop_operator_3.py for tasks to queue
[2024-05-13T15:26:29.488+0000] {logging_mixin.py:188} INFO - [2024-05-13T15:26:29.488+0000] {dagbag.py:540} INFO - Filling up the DagBag from /home/airflow/.local/lib/python3.8/site-packages/airflow/example_dags/example_branch_python_dop_operator_3.py
[2024-05-13T15:26:29.496+0000] {processor.py:840} INFO - DAG(s) 'example_branch_dop_operator_v3' retrieved from /home/airflow/.local/lib/python3.8/site-packages/airflow/example_dags/example_branch_python_dop_operator_3.py
[2024-05-13T15:26:29.515+0000] {logging_mixin.py:188} INFO - [2024-05-13T15:26:29.514+0000] {dag.py:3047} INFO - Sync 1 DAGs
[2024-05-13T15:26:29.538+0000] {logging_mixin.py:188} INFO - [2024-05-13T15:26:29.538+0000] {dag.py:3834} INFO - Setting next_dagrun for example_branch_dop_operator_v3 to 2024-05-13 15:25:00+00:00, run_after=2024-05-13 15:26:00+00:00
[2024-05-13T15:26:29.558+0000] {processor.py:183} INFO - Processing /home/airflow/.local/lib/python3.8/site-packages/airflow/example_dags/example_branch_python_dop_operator_3.py took 0.076 seconds
[2024-05-13T15:26:59.894+0000] {processor.py:161} INFO - Started process (PID=1661) to work on /home/airflow/.local/lib/python3.8/site-packages/airflow/example_dags/example_branch_python_dop_operator_3.py
[2024-05-13T15:26:59.895+0000] {processor.py:830} INFO - Processing file /home/airflow/.local/lib/python3.8/site-packages/airflow/example_dags/example_branch_python_dop_operator_3.py for tasks to queue
[2024-05-13T15:26:59.897+0000] {logging_mixin.py:188} INFO - [2024-05-13T15:26:59.897+0000] {dagbag.py:540} INFO - Filling up the DagBag from /home/airflow/.local/lib/python3.8/site-packages/airflow/example_dags/example_branch_python_dop_operator_3.py
[2024-05-13T15:26:59.905+0000] {processor.py:840} INFO - DAG(s) 'example_branch_dop_operator_v3' retrieved from /home/airflow/.local/lib/python3.8/site-packages/airflow/example_dags/example_branch_python_dop_operator_3.py
[2024-05-13T15:26:59.925+0000] {logging_mixin.py:188} INFO - [2024-05-13T15:26:59.925+0000] {dag.py:3047} INFO - Sync 1 DAGs
[2024-05-13T15:26:59.950+0000] {logging_mixin.py:188} INFO - [2024-05-13T15:26:59.950+0000] {dag.py:3834} INFO - Setting next_dagrun for example_branch_dop_operator_v3 to 2024-05-13 15:25:00+00:00, run_after=2024-05-13 15:26:00+00:00
[2024-05-13T15:26:59.969+0000] {processor.py:183} INFO - Processing /home/airflow/.local/lib/python3.8/site-packages/airflow/example_dags/example_branch_python_dop_operator_3.py took 0.078 seconds
[2024-05-13T15:27:30.515+0000] {processor.py:161} INFO - Started process (PID=1729) to work on /home/airflow/.local/lib/python3.8/site-packages/airflow/example_dags/example_branch_python_dop_operator_3.py
[2024-05-13T15:27:30.517+0000] {processor.py:830} INFO - Processing file /home/airflow/.local/lib/python3.8/site-packages/airflow/example_dags/example_branch_python_dop_operator_3.py for tasks to queue
[2024-05-13T15:27:30.520+0000] {logging_mixin.py:188} INFO - [2024-05-13T15:27:30.519+0000] {dagbag.py:540} INFO - Filling up the DagBag from /home/airflow/.local/lib/python3.8/site-packages/airflow/example_dags/example_branch_python_dop_operator_3.py
[2024-05-13T15:27:30.531+0000] {processor.py:840} INFO - DAG(s) 'example_branch_dop_operator_v3' retrieved from /home/airflow/.local/lib/python3.8/site-packages/airflow/example_dags/example_branch_python_dop_operator_3.py
[2024-05-13T15:27:30.557+0000] {logging_mixin.py:188} INFO - [2024-05-13T15:27:30.557+0000] {dag.py:3047} INFO - Sync 1 DAGs
[2024-05-13T15:27:30.583+0000] {logging_mixin.py:188} INFO - [2024-05-13T15:27:30.583+0000] {dag.py:3834} INFO - Setting next_dagrun for example_branch_dop_operator_v3 to 2024-05-13 15:26:00+00:00, run_after=2024-05-13 15:27:00+00:00
[2024-05-13T15:27:30.604+0000] {processor.py:183} INFO - Processing /home/airflow/.local/lib/python3.8/site-packages/airflow/example_dags/example_branch_python_dop_operator_3.py took 0.093 seconds
[2024-05-13T15:28:00.704+0000] {processor.py:161} INFO - Started process (PID=1797) to work on /home/airflow/.local/lib/python3.8/site-packages/airflow/example_dags/example_branch_python_dop_operator_3.py
[2024-05-13T15:28:00.705+0000] {processor.py:830} INFO - Processing file /home/airflow/.local/lib/python3.8/site-packages/airflow/example_dags/example_branch_python_dop_operator_3.py for tasks to queue
[2024-05-13T15:28:00.707+0000] {logging_mixin.py:188} INFO - [2024-05-13T15:28:00.707+0000] {dagbag.py:540} INFO - Filling up the DagBag from /home/airflow/.local/lib/python3.8/site-packages/airflow/example_dags/example_branch_python_dop_operator_3.py
[2024-05-13T15:28:00.716+0000] {processor.py:840} INFO - DAG(s) 'example_branch_dop_operator_v3' retrieved from /home/airflow/.local/lib/python3.8/site-packages/airflow/example_dags/example_branch_python_dop_operator_3.py
[2024-05-13T15:28:00.735+0000] {logging_mixin.py:188} INFO - [2024-05-13T15:28:00.735+0000] {dag.py:3047} INFO - Sync 1 DAGs
[2024-05-13T15:28:00.759+0000] {logging_mixin.py:188} INFO - [2024-05-13T15:28:00.759+0000] {dag.py:3834} INFO - Setting next_dagrun for example_branch_dop_operator_v3 to 2024-05-13 15:27:00+00:00, run_after=2024-05-13 15:28:00+00:00
[2024-05-13T15:28:00.778+0000] {processor.py:183} INFO - Processing /home/airflow/.local/lib/python3.8/site-packages/airflow/example_dags/example_branch_python_dop_operator_3.py took 0.078 seconds
[2024-05-13T15:28:31.015+0000] {processor.py:161} INFO - Started process (PID=1865) to work on /home/airflow/.local/lib/python3.8/site-packages/airflow/example_dags/example_branch_python_dop_operator_3.py
[2024-05-13T15:28:31.016+0000] {processor.py:830} INFO - Processing file /home/airflow/.local/lib/python3.8/site-packages/airflow/example_dags/example_branch_python_dop_operator_3.py for tasks to queue
[2024-05-13T15:28:31.018+0000] {logging_mixin.py:188} INFO - [2024-05-13T15:28:31.018+0000] {dagbag.py:540} INFO - Filling up the DagBag from /home/airflow/.local/lib/python3.8/site-packages/airflow/example_dags/example_branch_python_dop_operator_3.py
[2024-05-13T15:28:31.027+0000] {processor.py:840} INFO - DAG(s) 'example_branch_dop_operator_v3' retrieved from /home/airflow/.local/lib/python3.8/site-packages/airflow/example_dags/example_branch_python_dop_operator_3.py
[2024-05-13T15:28:31.053+0000] {logging_mixin.py:188} INFO - [2024-05-13T15:28:31.053+0000] {dag.py:3047} INFO - Sync 1 DAGs
[2024-05-13T15:28:31.099+0000] {logging_mixin.py:188} INFO - [2024-05-13T15:28:31.098+0000] {dag.py:3834} INFO - Setting next_dagrun for example_branch_dop_operator_v3 to 2024-05-13 15:27:00+00:00, run_after=2024-05-13 15:28:00+00:00
[2024-05-13T15:28:31.121+0000] {processor.py:183} INFO - Processing /home/airflow/.local/lib/python3.8/site-packages/airflow/example_dags/example_branch_python_dop_operator_3.py took 0.110 seconds
[2024-05-13T15:29:01.196+0000] {processor.py:161} INFO - Started process (PID=1933) to work on /home/airflow/.local/lib/python3.8/site-packages/airflow/example_dags/example_branch_python_dop_operator_3.py
[2024-05-13T15:29:01.197+0000] {processor.py:830} INFO - Processing file /home/airflow/.local/lib/python3.8/site-packages/airflow/example_dags/example_branch_python_dop_operator_3.py for tasks to queue
[2024-05-13T15:29:01.199+0000] {logging_mixin.py:188} INFO - [2024-05-13T15:29:01.198+0000] {dagbag.py:540} INFO - Filling up the DagBag from /home/airflow/.local/lib/python3.8/site-packages/airflow/example_dags/example_branch_python_dop_operator_3.py
[2024-05-13T15:29:01.207+0000] {processor.py:840} INFO - DAG(s) 'example_branch_dop_operator_v3' retrieved from /home/airflow/.local/lib/python3.8/site-packages/airflow/example_dags/example_branch_python_dop_operator_3.py
[2024-05-13T15:29:01.226+0000] {logging_mixin.py:188} INFO - [2024-05-13T15:29:01.225+0000] {dag.py:3047} INFO - Sync 1 DAGs
[2024-05-13T15:29:01.248+0000] {logging_mixin.py:188} INFO - [2024-05-13T15:29:01.248+0000] {dag.py:3834} INFO - Setting next_dagrun for example_branch_dop_operator_v3 to 2024-05-13 15:28:00+00:00, run_after=2024-05-13 15:29:00+00:00
[2024-05-13T15:29:01.268+0000] {processor.py:183} INFO - Processing /home/airflow/.local/lib/python3.8/site-packages/airflow/example_dags/example_branch_python_dop_operator_3.py took 0.075 seconds
[2024-05-13T15:29:31.825+0000] {processor.py:161} INFO - Started process (PID=2001) to work on /home/airflow/.local/lib/python3.8/site-packages/airflow/example_dags/example_branch_python_dop_operator_3.py
[2024-05-13T15:29:31.827+0000] {processor.py:830} INFO - Processing file /home/airflow/.local/lib/python3.8/site-packages/airflow/example_dags/example_branch_python_dop_operator_3.py for tasks to queue
[2024-05-13T15:29:31.830+0000] {logging_mixin.py:188} INFO - [2024-05-13T15:29:31.830+0000] {dagbag.py:540} INFO - Filling up the DagBag from /home/airflow/.local/lib/python3.8/site-packages/airflow/example_dags/example_branch_python_dop_operator_3.py
[2024-05-13T15:29:31.843+0000] {processor.py:840} INFO - DAG(s) 'example_branch_dop_operator_v3' retrieved from /home/airflow/.local/lib/python3.8/site-packages/airflow/example_dags/example_branch_python_dop_operator_3.py
[2024-05-13T15:29:31.868+0000] {logging_mixin.py:188} INFO - [2024-05-13T15:29:31.868+0000] {dag.py:3047} INFO - Sync 1 DAGs
[2024-05-13T15:29:31.900+0000] {logging_mixin.py:188} INFO - [2024-05-13T15:29:31.900+0000] {dag.py:3834} INFO - Setting next_dagrun for example_branch_dop_operator_v3 to 2024-05-13 15:28:00+00:00, run_after=2024-05-13 15:29:00+00:00
[2024-05-13T15:29:31.921+0000] {processor.py:183} INFO - Processing /home/airflow/.local/lib/python3.8/site-packages/airflow/example_dags/example_branch_python_dop_operator_3.py took 0.099 seconds
[2024-05-13T15:30:02.478+0000] {processor.py:161} INFO - Started process (PID=2069) to work on /home/airflow/.local/lib/python3.8/site-packages/airflow/example_dags/example_branch_python_dop_operator_3.py
[2024-05-13T15:30:02.479+0000] {processor.py:830} INFO - Processing file /home/airflow/.local/lib/python3.8/site-packages/airflow/example_dags/example_branch_python_dop_operator_3.py for tasks to queue
[2024-05-13T15:30:02.481+0000] {logging_mixin.py:188} INFO - [2024-05-13T15:30:02.480+0000] {dagbag.py:540} INFO - Filling up the DagBag from /home/airflow/.local/lib/python3.8/site-packages/airflow/example_dags/example_branch_python_dop_operator_3.py
[2024-05-13T15:30:02.489+0000] {processor.py:840} INFO - DAG(s) 'example_branch_dop_operator_v3' retrieved from /home/airflow/.local/lib/python3.8/site-packages/airflow/example_dags/example_branch_python_dop_operator_3.py
[2024-05-13T15:30:02.507+0000] {logging_mixin.py:188} INFO - [2024-05-13T15:30:02.507+0000] {dag.py:3047} INFO - Sync 1 DAGs
[2024-05-13T15:30:02.531+0000] {logging_mixin.py:188} INFO - [2024-05-13T15:30:02.531+0000] {dag.py:3834} INFO - Setting next_dagrun for example_branch_dop_operator_v3 to 2024-05-13 15:29:00+00:00, run_after=2024-05-13 15:30:00+00:00
[2024-05-13T15:30:02.550+0000] {processor.py:183} INFO - Processing /home/airflow/.local/lib/python3.8/site-packages/airflow/example_dags/example_branch_python_dop_operator_3.py took 0.076 seconds
[2024-05-13T15:30:32.628+0000] {processor.py:161} INFO - Started process (PID=2137) to work on /home/airflow/.local/lib/python3.8/site-packages/airflow/example_dags/example_branch_python_dop_operator_3.py
[2024-05-13T15:30:32.629+0000] {processor.py:830} INFO - Processing file /home/airflow/.local/lib/python3.8/site-packages/airflow/example_dags/example_branch_python_dop_operator_3.py for tasks to queue
[2024-05-13T15:30:32.632+0000] {logging_mixin.py:188} INFO - [2024-05-13T15:30:32.631+0000] {dagbag.py:540} INFO - Filling up the DagBag from /home/airflow/.local/lib/python3.8/site-packages/airflow/example_dags/example_branch_python_dop_operator_3.py
[2024-05-13T15:30:32.640+0000] {processor.py:840} INFO - DAG(s) 'example_branch_dop_operator_v3' retrieved from /home/airflow/.local/lib/python3.8/site-packages/airflow/example_dags/example_branch_python_dop_operator_3.py
[2024-05-13T15:30:32.662+0000] {logging_mixin.py:188} INFO - [2024-05-13T15:30:32.662+0000] {dag.py:3047} INFO - Sync 1 DAGs
[2024-05-13T15:30:32.686+0000] {logging_mixin.py:188} INFO - [2024-05-13T15:30:32.686+0000] {dag.py:3834} INFO - Setting next_dagrun for example_branch_dop_operator_v3 to 2024-05-13 15:29:00+00:00, run_after=2024-05-13 15:30:00+00:00
[2024-05-13T15:30:32.708+0000] {processor.py:183} INFO - Processing /home/airflow/.local/lib/python3.8/site-packages/airflow/example_dags/example_branch_python_dop_operator_3.py took 0.082 seconds
[2024-05-13T15:31:02.779+0000] {processor.py:161} INFO - Started process (PID=2205) to work on /home/airflow/.local/lib/python3.8/site-packages/airflow/example_dags/example_branch_python_dop_operator_3.py
[2024-05-13T15:31:02.780+0000] {processor.py:830} INFO - Processing file /home/airflow/.local/lib/python3.8/site-packages/airflow/example_dags/example_branch_python_dop_operator_3.py for tasks to queue
[2024-05-13T15:31:02.782+0000] {logging_mixin.py:188} INFO - [2024-05-13T15:31:02.782+0000] {dagbag.py:540} INFO - Filling up the DagBag from /home/airflow/.local/lib/python3.8/site-packages/airflow/example_dags/example_branch_python_dop_operator_3.py
[2024-05-13T15:31:02.790+0000] {processor.py:840} INFO - DAG(s) 'example_branch_dop_operator_v3' retrieved from /home/airflow/.local/lib/python3.8/site-packages/airflow/example_dags/example_branch_python_dop_operator_3.py
[2024-05-13T15:31:02.809+0000] {logging_mixin.py:188} INFO - [2024-05-13T15:31:02.809+0000] {dag.py:3047} INFO - Sync 1 DAGs
[2024-05-13T15:31:02.833+0000] {logging_mixin.py:188} INFO - [2024-05-13T15:31:02.833+0000] {dag.py:3834} INFO - Setting next_dagrun for example_branch_dop_operator_v3 to 2024-05-13 15:30:00+00:00, run_after=2024-05-13 15:31:00+00:00
[2024-05-13T15:31:02.851+0000] {processor.py:183} INFO - Processing /home/airflow/.local/lib/python3.8/site-packages/airflow/example_dags/example_branch_python_dop_operator_3.py took 0.075 seconds
[2024-05-13T15:31:32.928+0000] {processor.py:161} INFO - Started process (PID=2273) to work on /home/airflow/.local/lib/python3.8/site-packages/airflow/example_dags/example_branch_python_dop_operator_3.py
[2024-05-13T15:31:32.929+0000] {processor.py:830} INFO - Processing file /home/airflow/.local/lib/python3.8/site-packages/airflow/example_dags/example_branch_python_dop_operator_3.py for tasks to queue
[2024-05-13T15:31:32.931+0000] {logging_mixin.py:188} INFO - [2024-05-13T15:31:32.931+0000] {dagbag.py:540} INFO - Filling up the DagBag from /home/airflow/.local/lib/python3.8/site-packages/airflow/example_dags/example_branch_python_dop_operator_3.py
[2024-05-13T15:31:32.939+0000] {processor.py:840} INFO - DAG(s) 'example_branch_dop_operator_v3' retrieved from /home/airflow/.local/lib/python3.8/site-packages/airflow/example_dags/example_branch_python_dop_operator_3.py
[2024-05-13T15:31:32.956+0000] {logging_mixin.py:188} INFO - [2024-05-13T15:31:32.956+0000] {dag.py:3047} INFO - Sync 1 DAGs
[2024-05-13T15:31:32.978+0000] {logging_mixin.py:188} INFO - [2024-05-13T15:31:32.978+0000] {dag.py:3834} INFO - Setting next_dagrun for example_branch_dop_operator_v3 to 2024-05-13 15:30:00+00:00, run_after=2024-05-13 15:31:00+00:00
[2024-05-13T15:31:32.998+0000] {processor.py:183} INFO - Processing /home/airflow/.local/lib/python3.8/site-packages/airflow/example_dags/example_branch_python_dop_operator_3.py took 0.073 seconds
[2024-05-13T15:32:03.362+0000] {processor.py:161} INFO - Started process (PID=2341) to work on /home/airflow/.local/lib/python3.8/site-packages/airflow/example_dags/example_branch_python_dop_operator_3.py
[2024-05-13T15:32:03.363+0000] {processor.py:830} INFO - Processing file /home/airflow/.local/lib/python3.8/site-packages/airflow/example_dags/example_branch_python_dop_operator_3.py for tasks to queue
[2024-05-13T15:32:03.364+0000] {logging_mixin.py:188} INFO - [2024-05-13T15:32:03.364+0000] {dagbag.py:540} INFO - Filling up the DagBag from /home/airflow/.local/lib/python3.8/site-packages/airflow/example_dags/example_branch_python_dop_operator_3.py
[2024-05-13T15:32:03.373+0000] {processor.py:840} INFO - DAG(s) 'example_branch_dop_operator_v3' retrieved from /home/airflow/.local/lib/python3.8/site-packages/airflow/example_dags/example_branch_python_dop_operator_3.py
[2024-05-13T15:32:03.392+0000] {logging_mixin.py:188} INFO - [2024-05-13T15:32:03.392+0000] {dag.py:3047} INFO - Sync 1 DAGs
[2024-05-13T15:32:03.414+0000] {logging_mixin.py:188} INFO - [2024-05-13T15:32:03.414+0000] {dag.py:3834} INFO - Setting next_dagrun for example_branch_dop_operator_v3 to 2024-05-13 15:31:00+00:00, run_after=2024-05-13 15:32:00+00:00
[2024-05-13T15:32:03.433+0000] {processor.py:183} INFO - Processing /home/airflow/.local/lib/python3.8/site-packages/airflow/example_dags/example_branch_python_dop_operator_3.py took 0.075 seconds
[2024-05-13T15:32:34.034+0000] {processor.py:161} INFO - Started process (PID=2409) to work on /home/airflow/.local/lib/python3.8/site-packages/airflow/example_dags/example_branch_python_dop_operator_3.py
[2024-05-13T15:32:34.035+0000] {processor.py:830} INFO - Processing file /home/airflow/.local/lib/python3.8/site-packages/airflow/example_dags/example_branch_python_dop_operator_3.py for tasks to queue
[2024-05-13T15:32:34.037+0000] {logging_mixin.py:188} INFO - [2024-05-13T15:32:34.037+0000] {dagbag.py:540} INFO - Filling up the DagBag from /home/airflow/.local/lib/python3.8/site-packages/airflow/example_dags/example_branch_python_dop_operator_3.py
[2024-05-13T15:32:34.046+0000] {processor.py:840} INFO - DAG(s) 'example_branch_dop_operator_v3' retrieved from /home/airflow/.local/lib/python3.8/site-packages/airflow/example_dags/example_branch_python_dop_operator_3.py
[2024-05-13T15:32:34.067+0000] {logging_mixin.py:188} INFO - [2024-05-13T15:32:34.067+0000] {dag.py:3047} INFO - Sync 1 DAGs
[2024-05-13T15:32:34.093+0000] {logging_mixin.py:188} INFO - [2024-05-13T15:32:34.093+0000] {dag.py:3834} INFO - Setting next_dagrun for example_branch_dop_operator_v3 to 2024-05-13 15:31:00+00:00, run_after=2024-05-13 15:32:00+00:00
[2024-05-13T15:32:34.116+0000] {processor.py:183} INFO - Processing /home/airflow/.local/lib/python3.8/site-packages/airflow/example_dags/example_branch_python_dop_operator_3.py took 0.086 seconds
[2024-05-13T15:33:04.535+0000] {processor.py:161} INFO - Started process (PID=2477) to work on /home/airflow/.local/lib/python3.8/site-packages/airflow/example_dags/example_branch_python_dop_operator_3.py
[2024-05-13T15:33:04.537+0000] {processor.py:830} INFO - Processing file /home/airflow/.local/lib/python3.8/site-packages/airflow/example_dags/example_branch_python_dop_operator_3.py for tasks to queue
[2024-05-13T15:33:04.539+0000] {logging_mixin.py:188} INFO - [2024-05-13T15:33:04.539+0000] {dagbag.py:540} INFO - Filling up the DagBag from /home/airflow/.local/lib/python3.8/site-packages/airflow/example_dags/example_branch_python_dop_operator_3.py
[2024-05-13T15:33:04.548+0000] {processor.py:840} INFO - DAG(s) 'example_branch_dop_operator_v3' retrieved from /home/airflow/.local/lib/python3.8/site-packages/airflow/example_dags/example_branch_python_dop_operator_3.py
[2024-05-13T15:33:04.572+0000] {logging_mixin.py:188} INFO - [2024-05-13T15:33:04.572+0000] {dag.py:3047} INFO - Sync 1 DAGs
[2024-05-13T15:33:04.598+0000] {logging_mixin.py:188} INFO - [2024-05-13T15:33:04.597+0000] {dag.py:3834} INFO - Setting next_dagrun for example_branch_dop_operator_v3 to 2024-05-13 15:32:00+00:00, run_after=2024-05-13 15:33:00+00:00
[2024-05-13T15:33:04.618+0000] {processor.py:183} INFO - Processing /home/airflow/.local/lib/python3.8/site-packages/airflow/example_dags/example_branch_python_dop_operator_3.py took 0.086 seconds
[2024-05-13T15:33:35.349+0000] {processor.py:161} INFO - Started process (PID=2545) to work on /home/airflow/.local/lib/python3.8/site-packages/airflow/example_dags/example_branch_python_dop_operator_3.py
[2024-05-13T15:33:35.356+0000] {processor.py:830} INFO - Processing file /home/airflow/.local/lib/python3.8/site-packages/airflow/example_dags/example_branch_python_dop_operator_3.py for tasks to queue
[2024-05-13T15:33:35.359+0000] {logging_mixin.py:188} INFO - [2024-05-13T15:33:35.358+0000] {dagbag.py:540} INFO - Filling up the DagBag from /home/airflow/.local/lib/python3.8/site-packages/airflow/example_dags/example_branch_python_dop_operator_3.py
[2024-05-13T15:33:35.383+0000] {processor.py:840} INFO - DAG(s) 'example_branch_dop_operator_v3' retrieved from /home/airflow/.local/lib/python3.8/site-packages/airflow/example_dags/example_branch_python_dop_operator_3.py
[2024-05-13T15:33:35.416+0000] {logging_mixin.py:188} INFO - [2024-05-13T15:33:35.415+0000] {dag.py:3047} INFO - Sync 1 DAGs
[2024-05-13T15:33:35.465+0000] {logging_mixin.py:188} INFO - [2024-05-13T15:33:35.465+0000] {dag.py:3834} INFO - Setting next_dagrun for example_branch_dop_operator_v3 to 2024-05-13 15:32:00+00:00, run_after=2024-05-13 15:33:00+00:00
[2024-05-13T15:33:35.505+0000] {processor.py:183} INFO - Processing /home/airflow/.local/lib/python3.8/site-packages/airflow/example_dags/example_branch_python_dop_operator_3.py took 0.160 seconds
[2024-05-13T15:34:06.113+0000] {processor.py:161} INFO - Started process (PID=2613) to work on /home/airflow/.local/lib/python3.8/site-packages/airflow/example_dags/example_branch_python_dop_operator_3.py
[2024-05-13T15:34:06.114+0000] {processor.py:830} INFO - Processing file /home/airflow/.local/lib/python3.8/site-packages/airflow/example_dags/example_branch_python_dop_operator_3.py for tasks to queue
[2024-05-13T15:34:06.116+0000] {logging_mixin.py:188} INFO - [2024-05-13T15:34:06.116+0000] {dagbag.py:540} INFO - Filling up the DagBag from /home/airflow/.local/lib/python3.8/site-packages/airflow/example_dags/example_branch_python_dop_operator_3.py
[2024-05-13T15:34:06.125+0000] {processor.py:840} INFO - DAG(s) 'example_branch_dop_operator_v3' retrieved from /home/airflow/.local/lib/python3.8/site-packages/airflow/example_dags/example_branch_python_dop_operator_3.py
[2024-05-13T15:34:06.142+0000] {logging_mixin.py:188} INFO - [2024-05-13T15:34:06.142+0000] {dag.py:3047} INFO - Sync 1 DAGs
[2024-05-13T15:34:06.166+0000] {logging_mixin.py:188} INFO - [2024-05-13T15:34:06.165+0000] {dag.py:3834} INFO - Setting next_dagrun for example_branch_dop_operator_v3 to 2024-05-13 15:33:00+00:00, run_after=2024-05-13 15:34:00+00:00
[2024-05-13T15:34:06.183+0000] {processor.py:183} INFO - Processing /home/airflow/.local/lib/python3.8/site-packages/airflow/example_dags/example_branch_python_dop_operator_3.py took 0.073 seconds
[2024-05-13T15:34:36.604+0000] {processor.py:161} INFO - Started process (PID=2682) to work on /home/airflow/.local/lib/python3.8/site-packages/airflow/example_dags/example_branch_python_dop_operator_3.py
[2024-05-13T15:34:36.605+0000] {processor.py:830} INFO - Processing file /home/airflow/.local/lib/python3.8/site-packages/airflow/example_dags/example_branch_python_dop_operator_3.py for tasks to queue
[2024-05-13T15:34:36.607+0000] {logging_mixin.py:188} INFO - [2024-05-13T15:34:36.607+0000] {dagbag.py:540} INFO - Filling up the DagBag from /home/airflow/.local/lib/python3.8/site-packages/airflow/example_dags/example_branch_python_dop_operator_3.py
[2024-05-13T15:34:36.615+0000] {processor.py:840} INFO - DAG(s) 'example_branch_dop_operator_v3' retrieved from /home/airflow/.local/lib/python3.8/site-packages/airflow/example_dags/example_branch_python_dop_operator_3.py
[2024-05-13T15:34:36.633+0000] {logging_mixin.py:188} INFO - [2024-05-13T15:34:36.633+0000] {dag.py:3047} INFO - Sync 1 DAGs
[2024-05-13T15:34:36.657+0000] {logging_mixin.py:188} INFO - [2024-05-13T15:34:36.656+0000] {dag.py:3834} INFO - Setting next_dagrun for example_branch_dop_operator_v3 to 2024-05-13 15:33:00+00:00, run_after=2024-05-13 15:34:00+00:00
[2024-05-13T15:34:36.673+0000] {processor.py:183} INFO - Processing /home/airflow/.local/lib/python3.8/site-packages/airflow/example_dags/example_branch_python_dop_operator_3.py took 0.072 seconds
[2024-05-13T15:35:07.177+0000] {processor.py:161} INFO - Started process (PID=2750) to work on /home/airflow/.local/lib/python3.8/site-packages/airflow/example_dags/example_branch_python_dop_operator_3.py
[2024-05-13T15:35:07.178+0000] {processor.py:830} INFO - Processing file /home/airflow/.local/lib/python3.8/site-packages/airflow/example_dags/example_branch_python_dop_operator_3.py for tasks to queue
[2024-05-13T15:35:07.179+0000] {logging_mixin.py:188} INFO - [2024-05-13T15:35:07.179+0000] {dagbag.py:540} INFO - Filling up the DagBag from /home/airflow/.local/lib/python3.8/site-packages/airflow/example_dags/example_branch_python_dop_operator_3.py
[2024-05-13T15:35:07.187+0000] {processor.py:840} INFO - DAG(s) 'example_branch_dop_operator_v3' retrieved from /home/airflow/.local/lib/python3.8/site-packages/airflow/example_dags/example_branch_python_dop_operator_3.py
[2024-05-13T15:35:07.205+0000] {logging_mixin.py:188} INFO - [2024-05-13T15:35:07.204+0000] {dag.py:3047} INFO - Sync 1 DAGs
[2024-05-13T15:35:07.228+0000] {logging_mixin.py:188} INFO - [2024-05-13T15:35:07.228+0000] {dag.py:3834} INFO - Setting next_dagrun for example_branch_dop_operator_v3 to 2024-05-13 15:34:00+00:00, run_after=2024-05-13 15:35:00+00:00
[2024-05-13T15:35:07.248+0000] {processor.py:183} INFO - Processing /home/airflow/.local/lib/python3.8/site-packages/airflow/example_dags/example_branch_python_dop_operator_3.py took 0.074 seconds
[2024-05-13T15:35:37.741+0000] {processor.py:161} INFO - Started process (PID=2818) to work on /home/airflow/.local/lib/python3.8/site-packages/airflow/example_dags/example_branch_python_dop_operator_3.py
[2024-05-13T15:35:37.743+0000] {processor.py:830} INFO - Processing file /home/airflow/.local/lib/python3.8/site-packages/airflow/example_dags/example_branch_python_dop_operator_3.py for tasks to queue
[2024-05-13T15:35:37.744+0000] {logging_mixin.py:188} INFO - [2024-05-13T15:35:37.744+0000] {dagbag.py:540} INFO - Filling up the DagBag from /home/airflow/.local/lib/python3.8/site-packages/airflow/example_dags/example_branch_python_dop_operator_3.py
[2024-05-13T15:35:37.753+0000] {processor.py:840} INFO - DAG(s) 'example_branch_dop_operator_v3' retrieved from /home/airflow/.local/lib/python3.8/site-packages/airflow/example_dags/example_branch_python_dop_operator_3.py
[2024-05-13T15:35:37.770+0000] {logging_mixin.py:188} INFO - [2024-05-13T15:35:37.770+0000] {dag.py:3047} INFO - Sync 1 DAGs
[2024-05-13T15:35:37.791+0000] {logging_mixin.py:188} INFO - [2024-05-13T15:35:37.791+0000] {dag.py:3834} INFO - Setting next_dagrun for example_branch_dop_operator_v3 to 2024-05-13 15:34:00+00:00, run_after=2024-05-13 15:35:00+00:00
[2024-05-13T15:35:37.808+0000] {processor.py:183} INFO - Processing /home/airflow/.local/lib/python3.8/site-packages/airflow/example_dags/example_branch_python_dop_operator_3.py took 0.070 seconds
[2024-05-13T15:36:08.531+0000] {processor.py:161} INFO - Started process (PID=2886) to work on /home/airflow/.local/lib/python3.8/site-packages/airflow/example_dags/example_branch_python_dop_operator_3.py
[2024-05-13T15:36:08.532+0000] {processor.py:830} INFO - Processing file /home/airflow/.local/lib/python3.8/site-packages/airflow/example_dags/example_branch_python_dop_operator_3.py for tasks to queue
[2024-05-13T15:36:08.568+0000] {logging_mixin.py:188} INFO - [2024-05-13T15:36:08.568+0000] {dagbag.py:540} INFO - Filling up the DagBag from /home/airflow/.local/lib/python3.8/site-packages/airflow/example_dags/example_branch_python_dop_operator_3.py
[2024-05-13T15:36:08.588+0000] {processor.py:840} INFO - DAG(s) 'example_branch_dop_operator_v3' retrieved from /home/airflow/.local/lib/python3.8/site-packages/airflow/example_dags/example_branch_python_dop_operator_3.py
[2024-05-13T15:36:08.616+0000] {logging_mixin.py:188} INFO - [2024-05-13T15:36:08.616+0000] {dag.py:3047} INFO - Sync 1 DAGs
[2024-05-13T15:36:08.645+0000] {logging_mixin.py:188} INFO - [2024-05-13T15:36:08.645+0000] {dag.py:3834} INFO - Setting next_dagrun for example_branch_dop_operator_v3 to 2024-05-13 15:35:00+00:00, run_after=2024-05-13 15:36:00+00:00
[2024-05-13T15:36:08.670+0000] {processor.py:183} INFO - Processing /home/airflow/.local/lib/python3.8/site-packages/airflow/example_dags/example_branch_python_dop_operator_3.py took 0.143 seconds
[2024-05-13T15:36:39.718+0000] {processor.py:161} INFO - Started process (PID=2953) to work on /home/airflow/.local/lib/python3.8/site-packages/airflow/example_dags/example_branch_python_dop_operator_3.py
[2024-05-13T15:36:39.719+0000] {processor.py:830} INFO - Processing file /home/airflow/.local/lib/python3.8/site-packages/airflow/example_dags/example_branch_python_dop_operator_3.py for tasks to queue
[2024-05-13T15:36:39.721+0000] {logging_mixin.py:188} INFO - [2024-05-13T15:36:39.721+0000] {dagbag.py:540} INFO - Filling up the DagBag from /home/airflow/.local/lib/python3.8/site-packages/airflow/example_dags/example_branch_python_dop_operator_3.py
[2024-05-13T15:36:39.730+0000] {processor.py:840} INFO - DAG(s) 'example_branch_dop_operator_v3' retrieved from /home/airflow/.local/lib/python3.8/site-packages/airflow/example_dags/example_branch_python_dop_operator_3.py
[2024-05-13T15:36:39.750+0000] {logging_mixin.py:188} INFO - [2024-05-13T15:36:39.750+0000] {dag.py:3047} INFO - Sync 1 DAGs
[2024-05-13T15:36:39.776+0000] {logging_mixin.py:188} INFO - [2024-05-13T15:36:39.776+0000] {dag.py:3834} INFO - Setting next_dagrun for example_branch_dop_operator_v3 to 2024-05-13 15:35:00+00:00, run_after=2024-05-13 15:36:00+00:00
[2024-05-13T15:36:39.798+0000] {processor.py:183} INFO - Processing /home/airflow/.local/lib/python3.8/site-packages/airflow/example_dags/example_branch_python_dop_operator_3.py took 0.083 seconds
[2024-05-13T15:37:10.678+0000] {processor.py:161} INFO - Started process (PID=3021) to work on /home/airflow/.local/lib/python3.8/site-packages/airflow/example_dags/example_branch_python_dop_operator_3.py
[2024-05-13T15:37:10.679+0000] {processor.py:830} INFO - Processing file /home/airflow/.local/lib/python3.8/site-packages/airflow/example_dags/example_branch_python_dop_operator_3.py for tasks to queue
[2024-05-13T15:37:10.681+0000] {logging_mixin.py:188} INFO - [2024-05-13T15:37:10.680+0000] {dagbag.py:540} INFO - Filling up the DagBag from /home/airflow/.local/lib/python3.8/site-packages/airflow/example_dags/example_branch_python_dop_operator_3.py
[2024-05-13T15:37:10.689+0000] {processor.py:840} INFO - DAG(s) 'example_branch_dop_operator_v3' retrieved from /home/airflow/.local/lib/python3.8/site-packages/airflow/example_dags/example_branch_python_dop_operator_3.py
[2024-05-13T15:37:10.707+0000] {logging_mixin.py:188} INFO - [2024-05-13T15:37:10.707+0000] {dag.py:3047} INFO - Sync 1 DAGs
[2024-05-13T15:37:10.730+0000] {logging_mixin.py:188} INFO - [2024-05-13T15:37:10.730+0000] {dag.py:3834} INFO - Setting next_dagrun for example_branch_dop_operator_v3 to 2024-05-13 15:36:00+00:00, run_after=2024-05-13 15:37:00+00:00
[2024-05-13T15:37:10.753+0000] {processor.py:183} INFO - Processing /home/airflow/.local/lib/python3.8/site-packages/airflow/example_dags/example_branch_python_dop_operator_3.py took 0.078 seconds
[2024-05-13T15:37:40.968+0000] {processor.py:161} INFO - Started process (PID=3077) to work on /home/airflow/.local/lib/python3.8/site-packages/airflow/example_dags/example_branch_python_dop_operator_3.py
[2024-05-13T15:37:40.970+0000] {processor.py:830} INFO - Processing file /home/airflow/.local/lib/python3.8/site-packages/airflow/example_dags/example_branch_python_dop_operator_3.py for tasks to queue
[2024-05-13T15:37:40.972+0000] {logging_mixin.py:188} INFO - [2024-05-13T15:37:40.972+0000] {dagbag.py:540} INFO - Filling up the DagBag from /home/airflow/.local/lib/python3.8/site-packages/airflow/example_dags/example_branch_python_dop_operator_3.py
[2024-05-13T15:37:40.981+0000] {processor.py:840} INFO - DAG(s) 'example_branch_dop_operator_v3' retrieved from /home/airflow/.local/lib/python3.8/site-packages/airflow/example_dags/example_branch_python_dop_operator_3.py
[2024-05-13T15:37:41.001+0000] {logging_mixin.py:188} INFO - [2024-05-13T15:37:41.001+0000] {dag.py:3047} INFO - Sync 1 DAGs
[2024-05-13T15:37:41.027+0000] {logging_mixin.py:188} INFO - [2024-05-13T15:37:41.027+0000] {dag.py:3834} INFO - Setting next_dagrun for example_branch_dop_operator_v3 to 2024-05-13 15:36:00+00:00, run_after=2024-05-13 15:37:00+00:00
[2024-05-13T15:37:41.049+0000] {processor.py:183} INFO - Processing /home/airflow/.local/lib/python3.8/site-packages/airflow/example_dags/example_branch_python_dop_operator_3.py took 0.086 seconds
[2024-05-13T15:38:11.510+0000] {processor.py:161} INFO - Started process (PID=3145) to work on /home/airflow/.local/lib/python3.8/site-packages/airflow/example_dags/example_branch_python_dop_operator_3.py
[2024-05-13T15:38:11.511+0000] {processor.py:830} INFO - Processing file /home/airflow/.local/lib/python3.8/site-packages/airflow/example_dags/example_branch_python_dop_operator_3.py for tasks to queue
[2024-05-13T15:38:11.512+0000] {logging_mixin.py:188} INFO - [2024-05-13T15:38:11.512+0000] {dagbag.py:540} INFO - Filling up the DagBag from /home/airflow/.local/lib/python3.8/site-packages/airflow/example_dags/example_branch_python_dop_operator_3.py
[2024-05-13T15:38:11.520+0000] {processor.py:840} INFO - DAG(s) 'example_branch_dop_operator_v3' retrieved from /home/airflow/.local/lib/python3.8/site-packages/airflow/example_dags/example_branch_python_dop_operator_3.py
[2024-05-13T15:38:11.539+0000] {logging_mixin.py:188} INFO - [2024-05-13T15:38:11.538+0000] {dag.py:3047} INFO - Sync 1 DAGs
[2024-05-13T15:38:11.563+0000] {logging_mixin.py:188} INFO - [2024-05-13T15:38:11.562+0000] {dag.py:3834} INFO - Setting next_dagrun for example_branch_dop_operator_v3 to 2024-05-13 15:37:00+00:00, run_after=2024-05-13 15:38:00+00:00
[2024-05-13T15:38:11.581+0000] {processor.py:183} INFO - Processing /home/airflow/.local/lib/python3.8/site-packages/airflow/example_dags/example_branch_python_dop_operator_3.py took 0.074 seconds
[2024-05-13T15:38:42.204+0000] {processor.py:161} INFO - Started process (PID=3213) to work on /home/airflow/.local/lib/python3.8/site-packages/airflow/example_dags/example_branch_python_dop_operator_3.py
[2024-05-13T15:38:42.206+0000] {processor.py:830} INFO - Processing file /home/airflow/.local/lib/python3.8/site-packages/airflow/example_dags/example_branch_python_dop_operator_3.py for tasks to queue
[2024-05-13T15:38:42.207+0000] {logging_mixin.py:188} INFO - [2024-05-13T15:38:42.207+0000] {dagbag.py:540} INFO - Filling up the DagBag from /home/airflow/.local/lib/python3.8/site-packages/airflow/example_dags/example_branch_python_dop_operator_3.py
[2024-05-13T15:38:42.215+0000] {processor.py:840} INFO - DAG(s) 'example_branch_dop_operator_v3' retrieved from /home/airflow/.local/lib/python3.8/site-packages/airflow/example_dags/example_branch_python_dop_operator_3.py
[2024-05-13T15:38:42.238+0000] {logging_mixin.py:188} INFO - [2024-05-13T15:38:42.238+0000] {dag.py:3047} INFO - Sync 1 DAGs
[2024-05-13T15:38:42.260+0000] {logging_mixin.py:188} INFO - [2024-05-13T15:38:42.260+0000] {dag.py:3834} INFO - Setting next_dagrun for example_branch_dop_operator_v3 to 2024-05-13 15:37:00+00:00, run_after=2024-05-13 15:38:00+00:00
[2024-05-13T15:38:42.282+0000] {processor.py:183} INFO - Processing /home/airflow/.local/lib/python3.8/site-packages/airflow/example_dags/example_branch_python_dop_operator_3.py took 0.082 seconds
[2024-05-13T15:39:13.392+0000] {processor.py:161} INFO - Started process (PID=3281) to work on /home/airflow/.local/lib/python3.8/site-packages/airflow/example_dags/example_branch_python_dop_operator_3.py
[2024-05-13T15:39:13.394+0000] {processor.py:830} INFO - Processing file /home/airflow/.local/lib/python3.8/site-packages/airflow/example_dags/example_branch_python_dop_operator_3.py for tasks to queue
[2024-05-13T15:39:13.398+0000] {logging_mixin.py:188} INFO - [2024-05-13T15:39:13.397+0000] {dagbag.py:540} INFO - Filling up the DagBag from /home/airflow/.local/lib/python3.8/site-packages/airflow/example_dags/example_branch_python_dop_operator_3.py
[2024-05-13T15:39:13.410+0000] {processor.py:840} INFO - DAG(s) 'example_branch_dop_operator_v3' retrieved from /home/airflow/.local/lib/python3.8/site-packages/airflow/example_dags/example_branch_python_dop_operator_3.py
[2024-05-13T15:39:13.449+0000] {logging_mixin.py:188} INFO - [2024-05-13T15:39:13.449+0000] {dag.py:3047} INFO - Sync 1 DAGs
[2024-05-13T15:39:13.487+0000] {logging_mixin.py:188} INFO - [2024-05-13T15:39:13.487+0000] {dag.py:3834} INFO - Setting next_dagrun for example_branch_dop_operator_v3 to 2024-05-13 15:38:00+00:00, run_after=2024-05-13 15:39:00+00:00
[2024-05-13T15:39:13.520+0000] {processor.py:183} INFO - Processing /home/airflow/.local/lib/python3.8/site-packages/airflow/example_dags/example_branch_python_dop_operator_3.py took 0.145 seconds
[2024-05-13T15:39:43.957+0000] {processor.py:161} INFO - Started process (PID=3349) to work on /home/airflow/.local/lib/python3.8/site-packages/airflow/example_dags/example_branch_python_dop_operator_3.py
[2024-05-13T15:39:43.959+0000] {processor.py:830} INFO - Processing file /home/airflow/.local/lib/python3.8/site-packages/airflow/example_dags/example_branch_python_dop_operator_3.py for tasks to queue
[2024-05-13T15:39:43.962+0000] {logging_mixin.py:188} INFO - [2024-05-13T15:39:43.961+0000] {dagbag.py:540} INFO - Filling up the DagBag from /home/airflow/.local/lib/python3.8/site-packages/airflow/example_dags/example_branch_python_dop_operator_3.py
[2024-05-13T15:39:43.970+0000] {processor.py:840} INFO - DAG(s) 'example_branch_dop_operator_v3' retrieved from /home/airflow/.local/lib/python3.8/site-packages/airflow/example_dags/example_branch_python_dop_operator_3.py
[2024-05-13T15:39:43.988+0000] {logging_mixin.py:188} INFO - [2024-05-13T15:39:43.988+0000] {dag.py:3047} INFO - Sync 1 DAGs
[2024-05-13T15:39:44.015+0000] {logging_mixin.py:188} INFO - [2024-05-13T15:39:44.015+0000] {dag.py:3834} INFO - Setting next_dagrun for example_branch_dop_operator_v3 to 2024-05-13 15:38:00+00:00, run_after=2024-05-13 15:39:00+00:00
[2024-05-13T15:39:44.166+0000] {processor.py:183} INFO - Processing /home/airflow/.local/lib/python3.8/site-packages/airflow/example_dags/example_branch_python_dop_operator_3.py took 0.212 seconds
[2024-05-13T15:40:14.429+0000] {processor.py:161} INFO - Started process (PID=3417) to work on /home/airflow/.local/lib/python3.8/site-packages/airflow/example_dags/example_branch_python_dop_operator_3.py
[2024-05-13T15:40:14.429+0000] {processor.py:830} INFO - Processing file /home/airflow/.local/lib/python3.8/site-packages/airflow/example_dags/example_branch_python_dop_operator_3.py for tasks to queue
[2024-05-13T15:40:14.431+0000] {logging_mixin.py:188} INFO - [2024-05-13T15:40:14.431+0000] {dagbag.py:540} INFO - Filling up the DagBag from /home/airflow/.local/lib/python3.8/site-packages/airflow/example_dags/example_branch_python_dop_operator_3.py
[2024-05-13T15:40:14.439+0000] {processor.py:840} INFO - DAG(s) 'example_branch_dop_operator_v3' retrieved from /home/airflow/.local/lib/python3.8/site-packages/airflow/example_dags/example_branch_python_dop_operator_3.py
[2024-05-13T15:40:14.458+0000] {logging_mixin.py:188} INFO - [2024-05-13T15:40:14.458+0000] {dag.py:3047} INFO - Sync 1 DAGs
[2024-05-13T15:40:14.480+0000] {logging_mixin.py:188} INFO - [2024-05-13T15:40:14.480+0000] {dag.py:3834} INFO - Setting next_dagrun for example_branch_dop_operator_v3 to 2024-05-13 15:39:00+00:00, run_after=2024-05-13 15:40:00+00:00
[2024-05-13T15:40:14.497+0000] {processor.py:183} INFO - Processing /home/airflow/.local/lib/python3.8/site-packages/airflow/example_dags/example_branch_python_dop_operator_3.py took 0.071 seconds
[2024-05-13T15:40:44.556+0000] {processor.py:161} INFO - Started process (PID=3485) to work on /home/airflow/.local/lib/python3.8/site-packages/airflow/example_dags/example_branch_python_dop_operator_3.py
[2024-05-13T15:40:44.557+0000] {processor.py:830} INFO - Processing file /home/airflow/.local/lib/python3.8/site-packages/airflow/example_dags/example_branch_python_dop_operator_3.py for tasks to queue
[2024-05-13T15:40:44.559+0000] {logging_mixin.py:188} INFO - [2024-05-13T15:40:44.559+0000] {dagbag.py:540} INFO - Filling up the DagBag from /home/airflow/.local/lib/python3.8/site-packages/airflow/example_dags/example_branch_python_dop_operator_3.py
[2024-05-13T15:40:44.568+0000] {processor.py:840} INFO - DAG(s) 'example_branch_dop_operator_v3' retrieved from /home/airflow/.local/lib/python3.8/site-packages/airflow/example_dags/example_branch_python_dop_operator_3.py
[2024-05-13T15:40:44.591+0000] {logging_mixin.py:188} INFO - [2024-05-13T15:40:44.591+0000] {dag.py:3047} INFO - Sync 1 DAGs
[2024-05-13T15:40:44.619+0000] {logging_mixin.py:188} INFO - [2024-05-13T15:40:44.618+0000] {dag.py:3834} INFO - Setting next_dagrun for example_branch_dop_operator_v3 to 2024-05-13 15:39:00+00:00, run_after=2024-05-13 15:40:00+00:00
[2024-05-13T15:40:44.640+0000] {processor.py:183} INFO - Processing /home/airflow/.local/lib/python3.8/site-packages/airflow/example_dags/example_branch_python_dop_operator_3.py took 0.088 seconds
[2024-05-13T15:41:14.841+0000] {processor.py:161} INFO - Started process (PID=3553) to work on /home/airflow/.local/lib/python3.8/site-packages/airflow/example_dags/example_branch_python_dop_operator_3.py
[2024-05-13T15:41:14.843+0000] {processor.py:830} INFO - Processing file /home/airflow/.local/lib/python3.8/site-packages/airflow/example_dags/example_branch_python_dop_operator_3.py for tasks to queue
[2024-05-13T15:41:14.845+0000] {logging_mixin.py:188} INFO - [2024-05-13T15:41:14.845+0000] {dagbag.py:540} INFO - Filling up the DagBag from /home/airflow/.local/lib/python3.8/site-packages/airflow/example_dags/example_branch_python_dop_operator_3.py
[2024-05-13T15:41:14.854+0000] {processor.py:840} INFO - DAG(s) 'example_branch_dop_operator_v3' retrieved from /home/airflow/.local/lib/python3.8/site-packages/airflow/example_dags/example_branch_python_dop_operator_3.py
[2024-05-13T15:41:14.873+0000] {logging_mixin.py:188} INFO - [2024-05-13T15:41:14.873+0000] {dag.py:3047} INFO - Sync 1 DAGs
[2024-05-13T15:41:14.898+0000] {logging_mixin.py:188} INFO - [2024-05-13T15:41:14.897+0000] {dag.py:3834} INFO - Setting next_dagrun for example_branch_dop_operator_v3 to 2024-05-13 15:40:00+00:00, run_after=2024-05-13 15:41:00+00:00
[2024-05-13T15:41:14.922+0000] {processor.py:183} INFO - Processing /home/airflow/.local/lib/python3.8/site-packages/airflow/example_dags/example_branch_python_dop_operator_3.py took 0.083 seconds
[2024-05-13T15:41:45.310+0000] {processor.py:161} INFO - Started process (PID=3621) to work on /home/airflow/.local/lib/python3.8/site-packages/airflow/example_dags/example_branch_python_dop_operator_3.py
[2024-05-13T15:41:45.311+0000] {processor.py:830} INFO - Processing file /home/airflow/.local/lib/python3.8/site-packages/airflow/example_dags/example_branch_python_dop_operator_3.py for tasks to queue
[2024-05-13T15:41:45.313+0000] {logging_mixin.py:188} INFO - [2024-05-13T15:41:45.313+0000] {dagbag.py:540} INFO - Filling up the DagBag from /home/airflow/.local/lib/python3.8/site-packages/airflow/example_dags/example_branch_python_dop_operator_3.py
[2024-05-13T15:41:45.321+0000] {processor.py:840} INFO - DAG(s) 'example_branch_dop_operator_v3' retrieved from /home/airflow/.local/lib/python3.8/site-packages/airflow/example_dags/example_branch_python_dop_operator_3.py
[2024-05-13T15:41:45.340+0000] {logging_mixin.py:188} INFO - [2024-05-13T15:41:45.339+0000] {dag.py:3047} INFO - Sync 1 DAGs
[2024-05-13T15:41:45.364+0000] {logging_mixin.py:188} INFO - [2024-05-13T15:41:45.364+0000] {dag.py:3834} INFO - Setting next_dagrun for example_branch_dop_operator_v3 to 2024-05-13 15:40:00+00:00, run_after=2024-05-13 15:41:00+00:00
[2024-05-13T15:41:45.381+0000] {processor.py:183} INFO - Processing /home/airflow/.local/lib/python3.8/site-packages/airflow/example_dags/example_branch_python_dop_operator_3.py took 0.074 seconds
[2024-05-13T15:42:16.143+0000] {processor.py:161} INFO - Started process (PID=3689) to work on /home/airflow/.local/lib/python3.8/site-packages/airflow/example_dags/example_branch_python_dop_operator_3.py
[2024-05-13T15:42:16.144+0000] {processor.py:830} INFO - Processing file /home/airflow/.local/lib/python3.8/site-packages/airflow/example_dags/example_branch_python_dop_operator_3.py for tasks to queue
[2024-05-13T15:42:16.147+0000] {logging_mixin.py:188} INFO - [2024-05-13T15:42:16.146+0000] {dagbag.py:540} INFO - Filling up the DagBag from /home/airflow/.local/lib/python3.8/site-packages/airflow/example_dags/example_branch_python_dop_operator_3.py
[2024-05-13T15:42:16.157+0000] {processor.py:840} INFO - DAG(s) 'example_branch_dop_operator_v3' retrieved from /home/airflow/.local/lib/python3.8/site-packages/airflow/example_dags/example_branch_python_dop_operator_3.py
[2024-05-13T15:42:16.290+0000] {logging_mixin.py:188} INFO - [2024-05-13T15:42:16.289+0000] {dag.py:3047} INFO - Sync 1 DAGs
[2024-05-13T15:42:16.310+0000] {logging_mixin.py:188} INFO - [2024-05-13T15:42:16.310+0000] {dag.py:3834} INFO - Setting next_dagrun for example_branch_dop_operator_v3 to 2024-05-13 15:41:00+00:00, run_after=2024-05-13 15:42:00+00:00
[2024-05-13T15:42:16.328+0000] {processor.py:183} INFO - Processing /home/airflow/.local/lib/python3.8/site-packages/airflow/example_dags/example_branch_python_dop_operator_3.py took 0.188 seconds
[2024-05-13T15:42:46.418+0000] {processor.py:161} INFO - Started process (PID=3757) to work on /home/airflow/.local/lib/python3.8/site-packages/airflow/example_dags/example_branch_python_dop_operator_3.py
[2024-05-13T15:42:46.419+0000] {processor.py:830} INFO - Processing file /home/airflow/.local/lib/python3.8/site-packages/airflow/example_dags/example_branch_python_dop_operator_3.py for tasks to queue
[2024-05-13T15:42:46.421+0000] {logging_mixin.py:188} INFO - [2024-05-13T15:42:46.421+0000] {dagbag.py:540} INFO - Filling up the DagBag from /home/airflow/.local/lib/python3.8/site-packages/airflow/example_dags/example_branch_python_dop_operator_3.py
[2024-05-13T15:42:46.430+0000] {processor.py:840} INFO - DAG(s) 'example_branch_dop_operator_v3' retrieved from /home/airflow/.local/lib/python3.8/site-packages/airflow/example_dags/example_branch_python_dop_operator_3.py
[2024-05-13T15:42:46.452+0000] {logging_mixin.py:188} INFO - [2024-05-13T15:42:46.452+0000] {dag.py:3047} INFO - Sync 1 DAGs
[2024-05-13T15:42:46.478+0000] {logging_mixin.py:188} INFO - [2024-05-13T15:42:46.477+0000] {dag.py:3834} INFO - Setting next_dagrun for example_branch_dop_operator_v3 to 2024-05-13 15:41:00+00:00, run_after=2024-05-13 15:42:00+00:00
[2024-05-13T15:42:46.499+0000] {processor.py:183} INFO - Processing /home/airflow/.local/lib/python3.8/site-packages/airflow/example_dags/example_branch_python_dop_operator_3.py took 0.084 seconds
[2024-05-13T15:43:17.192+0000] {processor.py:161} INFO - Started process (PID=3831) to work on /home/airflow/.local/lib/python3.8/site-packages/airflow/example_dags/example_branch_python_dop_operator_3.py
[2024-05-13T15:43:17.193+0000] {processor.py:830} INFO - Processing file /home/airflow/.local/lib/python3.8/site-packages/airflow/example_dags/example_branch_python_dop_operator_3.py for tasks to queue
[2024-05-13T15:43:17.195+0000] {logging_mixin.py:188} INFO - [2024-05-13T15:43:17.195+0000] {dagbag.py:540} INFO - Filling up the DagBag from /home/airflow/.local/lib/python3.8/site-packages/airflow/example_dags/example_branch_python_dop_operator_3.py
[2024-05-13T15:43:17.204+0000] {processor.py:840} INFO - DAG(s) 'example_branch_dop_operator_v3' retrieved from /home/airflow/.local/lib/python3.8/site-packages/airflow/example_dags/example_branch_python_dop_operator_3.py
[2024-05-13T15:43:17.227+0000] {logging_mixin.py:188} INFO - [2024-05-13T15:43:17.226+0000] {dag.py:3047} INFO - Sync 1 DAGs
[2024-05-13T15:43:17.254+0000] {logging_mixin.py:188} INFO - [2024-05-13T15:43:17.254+0000] {dag.py:3834} INFO - Setting next_dagrun for example_branch_dop_operator_v3 to 2024-05-13 15:42:00+00:00, run_after=2024-05-13 15:43:00+00:00
[2024-05-13T15:43:17.277+0000] {processor.py:183} INFO - Processing /home/airflow/.local/lib/python3.8/site-packages/airflow/example_dags/example_branch_python_dop_operator_3.py took 0.088 seconds
[2024-05-13T15:43:47.672+0000] {processor.py:161} INFO - Started process (PID=3899) to work on /home/airflow/.local/lib/python3.8/site-packages/airflow/example_dags/example_branch_python_dop_operator_3.py
[2024-05-13T15:43:47.673+0000] {processor.py:830} INFO - Processing file /home/airflow/.local/lib/python3.8/site-packages/airflow/example_dags/example_branch_python_dop_operator_3.py for tasks to queue
[2024-05-13T15:43:47.675+0000] {logging_mixin.py:188} INFO - [2024-05-13T15:43:47.674+0000] {dagbag.py:540} INFO - Filling up the DagBag from /home/airflow/.local/lib/python3.8/site-packages/airflow/example_dags/example_branch_python_dop_operator_3.py
[2024-05-13T15:43:47.684+0000] {processor.py:840} INFO - DAG(s) 'example_branch_dop_operator_v3' retrieved from /home/airflow/.local/lib/python3.8/site-packages/airflow/example_dags/example_branch_python_dop_operator_3.py
[2024-05-13T15:43:47.707+0000] {logging_mixin.py:188} INFO - [2024-05-13T15:43:47.707+0000] {dag.py:3047} INFO - Sync 1 DAGs
[2024-05-13T15:43:47.735+0000] {logging_mixin.py:188} INFO - [2024-05-13T15:43:47.735+0000] {dag.py:3834} INFO - Setting next_dagrun for example_branch_dop_operator_v3 to 2024-05-13 15:42:00+00:00, run_after=2024-05-13 15:43:00+00:00
[2024-05-13T15:43:47.758+0000] {processor.py:183} INFO - Processing /home/airflow/.local/lib/python3.8/site-packages/airflow/example_dags/example_branch_python_dop_operator_3.py took 0.089 seconds
[2024-05-13T15:44:18.015+0000] {processor.py:161} INFO - Started process (PID=3967) to work on /home/airflow/.local/lib/python3.8/site-packages/airflow/example_dags/example_branch_python_dop_operator_3.py
[2024-05-13T15:44:18.016+0000] {processor.py:830} INFO - Processing file /home/airflow/.local/lib/python3.8/site-packages/airflow/example_dags/example_branch_python_dop_operator_3.py for tasks to queue
[2024-05-13T15:44:18.018+0000] {logging_mixin.py:188} INFO - [2024-05-13T15:44:18.018+0000] {dagbag.py:540} INFO - Filling up the DagBag from /home/airflow/.local/lib/python3.8/site-packages/airflow/example_dags/example_branch_python_dop_operator_3.py
[2024-05-13T15:44:18.026+0000] {processor.py:840} INFO - DAG(s) 'example_branch_dop_operator_v3' retrieved from /home/airflow/.local/lib/python3.8/site-packages/airflow/example_dags/example_branch_python_dop_operator_3.py
[2024-05-13T15:44:18.045+0000] {logging_mixin.py:188} INFO - [2024-05-13T15:44:18.045+0000] {dag.py:3047} INFO - Sync 1 DAGs
[2024-05-13T15:44:18.069+0000] {logging_mixin.py:188} INFO - [2024-05-13T15:44:18.069+0000] {dag.py:3834} INFO - Setting next_dagrun for example_branch_dop_operator_v3 to 2024-05-13 15:43:00+00:00, run_after=2024-05-13 15:44:00+00:00
[2024-05-13T15:44:18.087+0000] {processor.py:183} INFO - Processing /home/airflow/.local/lib/python3.8/site-packages/airflow/example_dags/example_branch_python_dop_operator_3.py took 0.075 seconds
