[2024-05-13T15:15:21.295+0000] {processor.py:161} INFO - Started process (PID=109) to work on /home/airflow/.local/lib/python3.8/site-packages/airflow/example_dags/example_local_kubernetes_executor.py
[2024-05-13T15:15:21.297+0000] {processor.py:830} INFO - Processing file /home/airflow/.local/lib/python3.8/site-packages/airflow/example_dags/example_local_kubernetes_executor.py for tasks to queue
[2024-05-13T15:15:21.300+0000] {logging_mixin.py:188} INFO - [2024-05-13T15:15:21.299+0000] {dagbag.py:540} INFO - Filling up the DagBag from /home/airflow/.local/lib/python3.8/site-packages/airflow/example_dags/example_local_kubernetes_executor.py
[2024-05-13T15:15:21.317+0000] {processor.py:840} INFO - DAG(s) 'example_local_kubernetes_executor' retrieved from /home/airflow/.local/lib/python3.8/site-packages/airflow/example_dags/example_local_kubernetes_executor.py
[2024-05-13T15:15:21.520+0000] {logging_mixin.py:188} INFO - [2024-05-13T15:15:21.519+0000] {override.py:1769} INFO - Created Permission View: can delete on DAG:example_local_kubernetes_executor
[2024-05-13T15:15:21.532+0000] {logging_mixin.py:188} INFO - [2024-05-13T15:15:21.531+0000] {override.py:1769} INFO - Created Permission View: can edit on DAG:example_local_kubernetes_executor
[2024-05-13T15:15:21.548+0000] {logging_mixin.py:188} INFO - [2024-05-13T15:15:21.548+0000] {override.py:1769} INFO - Created Permission View: can read on DAG:example_local_kubernetes_executor
[2024-05-13T15:15:21.549+0000] {logging_mixin.py:188} INFO - [2024-05-13T15:15:21.549+0000] {dag.py:3047} INFO - Sync 1 DAGs
[2024-05-13T15:15:21.561+0000] {logging_mixin.py:188} INFO - [2024-05-13T15:15:21.560+0000] {dag.py:3069} INFO - Creating ORM DAG for example_local_kubernetes_executor
[2024-05-13T15:15:21.561+0000] {logging_mixin.py:188} INFO - [2024-05-13T15:15:21.561+0000] {dag.py:3834} INFO - Setting next_dagrun for example_local_kubernetes_executor to None, run_after=None
[2024-05-13T15:15:21.851+0000] {processor.py:183} INFO - Processing /home/airflow/.local/lib/python3.8/site-packages/airflow/example_dags/example_local_kubernetes_executor.py took 0.559 seconds
[2024-05-13T15:15:52.675+0000] {processor.py:161} INFO - Started process (PID=177) to work on /home/airflow/.local/lib/python3.8/site-packages/airflow/example_dags/example_local_kubernetes_executor.py
[2024-05-13T15:15:52.676+0000] {processor.py:830} INFO - Processing file /home/airflow/.local/lib/python3.8/site-packages/airflow/example_dags/example_local_kubernetes_executor.py for tasks to queue
[2024-05-13T15:15:52.679+0000] {logging_mixin.py:188} INFO - [2024-05-13T15:15:52.679+0000] {dagbag.py:540} INFO - Filling up the DagBag from /home/airflow/.local/lib/python3.8/site-packages/airflow/example_dags/example_local_kubernetes_executor.py
[2024-05-13T15:15:52.687+0000] {processor.py:840} INFO - DAG(s) 'example_local_kubernetes_executor' retrieved from /home/airflow/.local/lib/python3.8/site-packages/airflow/example_dags/example_local_kubernetes_executor.py
[2024-05-13T15:15:52.722+0000] {logging_mixin.py:188} INFO - [2024-05-13T15:15:52.721+0000] {dag.py:3047} INFO - Sync 1 DAGs
[2024-05-13T15:15:52.736+0000] {logging_mixin.py:188} INFO - [2024-05-13T15:15:52.736+0000] {dag.py:3834} INFO - Setting next_dagrun for example_local_kubernetes_executor to None, run_after=None
[2024-05-13T15:15:52.761+0000] {processor.py:183} INFO - Processing /home/airflow/.local/lib/python3.8/site-packages/airflow/example_dags/example_local_kubernetes_executor.py took 0.089 seconds
[2024-05-13T15:16:23.439+0000] {processor.py:161} INFO - Started process (PID=245) to work on /home/airflow/.local/lib/python3.8/site-packages/airflow/example_dags/example_local_kubernetes_executor.py
[2024-05-13T15:16:23.440+0000] {processor.py:830} INFO - Processing file /home/airflow/.local/lib/python3.8/site-packages/airflow/example_dags/example_local_kubernetes_executor.py for tasks to queue
[2024-05-13T15:16:23.442+0000] {logging_mixin.py:188} INFO - [2024-05-13T15:16:23.441+0000] {dagbag.py:540} INFO - Filling up the DagBag from /home/airflow/.local/lib/python3.8/site-packages/airflow/example_dags/example_local_kubernetes_executor.py
[2024-05-13T15:16:23.450+0000] {processor.py:840} INFO - DAG(s) 'example_local_kubernetes_executor' retrieved from /home/airflow/.local/lib/python3.8/site-packages/airflow/example_dags/example_local_kubernetes_executor.py
[2024-05-13T15:16:23.485+0000] {logging_mixin.py:188} INFO - [2024-05-13T15:16:23.485+0000] {dag.py:3047} INFO - Sync 1 DAGs
[2024-05-13T15:16:23.499+0000] {logging_mixin.py:188} INFO - [2024-05-13T15:16:23.498+0000] {dag.py:3834} INFO - Setting next_dagrun for example_local_kubernetes_executor to None, run_after=None
[2024-05-13T15:16:23.519+0000] {processor.py:183} INFO - Processing /home/airflow/.local/lib/python3.8/site-packages/airflow/example_dags/example_local_kubernetes_executor.py took 0.085 seconds
[2024-05-13T15:16:53.650+0000] {processor.py:161} INFO - Started process (PID=313) to work on /home/airflow/.local/lib/python3.8/site-packages/airflow/example_dags/example_local_kubernetes_executor.py
[2024-05-13T15:16:53.652+0000] {processor.py:830} INFO - Processing file /home/airflow/.local/lib/python3.8/site-packages/airflow/example_dags/example_local_kubernetes_executor.py for tasks to queue
[2024-05-13T15:16:53.654+0000] {logging_mixin.py:188} INFO - [2024-05-13T15:16:53.654+0000] {dagbag.py:540} INFO - Filling up the DagBag from /home/airflow/.local/lib/python3.8/site-packages/airflow/example_dags/example_local_kubernetes_executor.py
[2024-05-13T15:16:53.664+0000] {processor.py:840} INFO - DAG(s) 'example_local_kubernetes_executor' retrieved from /home/airflow/.local/lib/python3.8/site-packages/airflow/example_dags/example_local_kubernetes_executor.py
[2024-05-13T15:16:53.707+0000] {logging_mixin.py:188} INFO - [2024-05-13T15:16:53.707+0000] {dag.py:3047} INFO - Sync 1 DAGs
[2024-05-13T15:16:53.721+0000] {logging_mixin.py:188} INFO - [2024-05-13T15:16:53.721+0000] {dag.py:3834} INFO - Setting next_dagrun for example_local_kubernetes_executor to None, run_after=None
[2024-05-13T15:16:53.751+0000] {processor.py:183} INFO - Processing /home/airflow/.local/lib/python3.8/site-packages/airflow/example_dags/example_local_kubernetes_executor.py took 0.106 seconds
[2024-05-13T15:17:23.825+0000] {processor.py:161} INFO - Started process (PID=381) to work on /home/airflow/.local/lib/python3.8/site-packages/airflow/example_dags/example_local_kubernetes_executor.py
[2024-05-13T15:17:23.826+0000] {processor.py:830} INFO - Processing file /home/airflow/.local/lib/python3.8/site-packages/airflow/example_dags/example_local_kubernetes_executor.py for tasks to queue
[2024-05-13T15:17:23.828+0000] {logging_mixin.py:188} INFO - [2024-05-13T15:17:23.828+0000] {dagbag.py:540} INFO - Filling up the DagBag from /home/airflow/.local/lib/python3.8/site-packages/airflow/example_dags/example_local_kubernetes_executor.py
[2024-05-13T15:17:23.835+0000] {processor.py:840} INFO - DAG(s) 'example_local_kubernetes_executor' retrieved from /home/airflow/.local/lib/python3.8/site-packages/airflow/example_dags/example_local_kubernetes_executor.py
[2024-05-13T15:17:23.865+0000] {logging_mixin.py:188} INFO - [2024-05-13T15:17:23.865+0000] {dag.py:3047} INFO - Sync 1 DAGs
[2024-05-13T15:17:23.876+0000] {logging_mixin.py:188} INFO - [2024-05-13T15:17:23.876+0000] {dag.py:3834} INFO - Setting next_dagrun for example_local_kubernetes_executor to None, run_after=None
[2024-05-13T15:17:23.893+0000] {processor.py:183} INFO - Processing /home/airflow/.local/lib/python3.8/site-packages/airflow/example_dags/example_local_kubernetes_executor.py took 0.070 seconds
[2024-05-13T15:17:54.145+0000] {processor.py:161} INFO - Started process (PID=448) to work on /home/airflow/.local/lib/python3.8/site-packages/airflow/example_dags/example_local_kubernetes_executor.py
[2024-05-13T15:17:54.147+0000] {processor.py:830} INFO - Processing file /home/airflow/.local/lib/python3.8/site-packages/airflow/example_dags/example_local_kubernetes_executor.py for tasks to queue
[2024-05-13T15:17:54.148+0000] {logging_mixin.py:188} INFO - [2024-05-13T15:17:54.148+0000] {dagbag.py:540} INFO - Filling up the DagBag from /home/airflow/.local/lib/python3.8/site-packages/airflow/example_dags/example_local_kubernetes_executor.py
[2024-05-13T15:17:54.156+0000] {processor.py:840} INFO - DAG(s) 'example_local_kubernetes_executor' retrieved from /home/airflow/.local/lib/python3.8/site-packages/airflow/example_dags/example_local_kubernetes_executor.py
[2024-05-13T15:17:54.190+0000] {logging_mixin.py:188} INFO - [2024-05-13T15:17:54.190+0000] {dag.py:3047} INFO - Sync 1 DAGs
[2024-05-13T15:17:54.201+0000] {logging_mixin.py:188} INFO - [2024-05-13T15:17:54.200+0000] {dag.py:3834} INFO - Setting next_dagrun for example_local_kubernetes_executor to None, run_after=None
[2024-05-13T15:17:54.219+0000] {processor.py:183} INFO - Processing /home/airflow/.local/lib/python3.8/site-packages/airflow/example_dags/example_local_kubernetes_executor.py took 0.077 seconds
[2024-05-13T15:18:24.312+0000] {processor.py:161} INFO - Started process (PID=504) to work on /home/airflow/.local/lib/python3.8/site-packages/airflow/example_dags/example_local_kubernetes_executor.py
[2024-05-13T15:18:24.313+0000] {processor.py:830} INFO - Processing file /home/airflow/.local/lib/python3.8/site-packages/airflow/example_dags/example_local_kubernetes_executor.py for tasks to queue
[2024-05-13T15:18:24.315+0000] {logging_mixin.py:188} INFO - [2024-05-13T15:18:24.315+0000] {dagbag.py:540} INFO - Filling up the DagBag from /home/airflow/.local/lib/python3.8/site-packages/airflow/example_dags/example_local_kubernetes_executor.py
[2024-05-13T15:18:24.325+0000] {processor.py:840} INFO - DAG(s) 'example_local_kubernetes_executor' retrieved from /home/airflow/.local/lib/python3.8/site-packages/airflow/example_dags/example_local_kubernetes_executor.py
[2024-05-13T15:18:24.386+0000] {logging_mixin.py:188} INFO - [2024-05-13T15:18:24.385+0000] {dag.py:3047} INFO - Sync 1 DAGs
[2024-05-13T15:18:24.406+0000] {logging_mixin.py:188} INFO - [2024-05-13T15:18:24.405+0000] {dag.py:3834} INFO - Setting next_dagrun for example_local_kubernetes_executor to None, run_after=None
[2024-05-13T15:18:24.437+0000] {processor.py:183} INFO - Processing /home/airflow/.local/lib/python3.8/site-packages/airflow/example_dags/example_local_kubernetes_executor.py took 0.129 seconds
[2024-05-13T15:18:55.101+0000] {processor.py:161} INFO - Started process (PID=572) to work on /home/airflow/.local/lib/python3.8/site-packages/airflow/example_dags/example_local_kubernetes_executor.py
[2024-05-13T15:18:55.102+0000] {processor.py:830} INFO - Processing file /home/airflow/.local/lib/python3.8/site-packages/airflow/example_dags/example_local_kubernetes_executor.py for tasks to queue
[2024-05-13T15:18:55.104+0000] {logging_mixin.py:188} INFO - [2024-05-13T15:18:55.104+0000] {dagbag.py:540} INFO - Filling up the DagBag from /home/airflow/.local/lib/python3.8/site-packages/airflow/example_dags/example_local_kubernetes_executor.py
[2024-05-13T15:18:55.112+0000] {processor.py:840} INFO - DAG(s) 'example_local_kubernetes_executor' retrieved from /home/airflow/.local/lib/python3.8/site-packages/airflow/example_dags/example_local_kubernetes_executor.py
[2024-05-13T15:18:55.146+0000] {logging_mixin.py:188} INFO - [2024-05-13T15:18:55.146+0000] {dag.py:3047} INFO - Sync 1 DAGs
[2024-05-13T15:18:55.158+0000] {logging_mixin.py:188} INFO - [2024-05-13T15:18:55.157+0000] {dag.py:3834} INFO - Setting next_dagrun for example_local_kubernetes_executor to None, run_after=None
[2024-05-13T15:18:55.175+0000] {processor.py:183} INFO - Processing /home/airflow/.local/lib/python3.8/site-packages/airflow/example_dags/example_local_kubernetes_executor.py took 0.077 seconds
[2024-05-13T15:19:25.287+0000] {processor.py:161} INFO - Started process (PID=640) to work on /home/airflow/.local/lib/python3.8/site-packages/airflow/example_dags/example_local_kubernetes_executor.py
[2024-05-13T15:19:25.288+0000] {processor.py:830} INFO - Processing file /home/airflow/.local/lib/python3.8/site-packages/airflow/example_dags/example_local_kubernetes_executor.py for tasks to queue
[2024-05-13T15:19:25.293+0000] {logging_mixin.py:188} INFO - [2024-05-13T15:19:25.292+0000] {dagbag.py:540} INFO - Filling up the DagBag from /home/airflow/.local/lib/python3.8/site-packages/airflow/example_dags/example_local_kubernetes_executor.py
[2024-05-13T15:19:25.306+0000] {processor.py:840} INFO - DAG(s) 'example_local_kubernetes_executor' retrieved from /home/airflow/.local/lib/python3.8/site-packages/airflow/example_dags/example_local_kubernetes_executor.py
[2024-05-13T15:19:25.353+0000] {logging_mixin.py:188} INFO - [2024-05-13T15:19:25.353+0000] {dag.py:3047} INFO - Sync 1 DAGs
[2024-05-13T15:19:25.371+0000] {logging_mixin.py:188} INFO - [2024-05-13T15:19:25.370+0000] {dag.py:3834} INFO - Setting next_dagrun for example_local_kubernetes_executor to None, run_after=None
[2024-05-13T15:19:25.400+0000] {processor.py:183} INFO - Processing /home/airflow/.local/lib/python3.8/site-packages/airflow/example_dags/example_local_kubernetes_executor.py took 0.118 seconds
[2024-05-13T15:19:55.524+0000] {processor.py:161} INFO - Started process (PID=708) to work on /home/airflow/.local/lib/python3.8/site-packages/airflow/example_dags/example_local_kubernetes_executor.py
[2024-05-13T15:19:55.525+0000] {processor.py:830} INFO - Processing file /home/airflow/.local/lib/python3.8/site-packages/airflow/example_dags/example_local_kubernetes_executor.py for tasks to queue
[2024-05-13T15:19:55.526+0000] {logging_mixin.py:188} INFO - [2024-05-13T15:19:55.526+0000] {dagbag.py:540} INFO - Filling up the DagBag from /home/airflow/.local/lib/python3.8/site-packages/airflow/example_dags/example_local_kubernetes_executor.py
[2024-05-13T15:19:55.534+0000] {processor.py:840} INFO - DAG(s) 'example_local_kubernetes_executor' retrieved from /home/airflow/.local/lib/python3.8/site-packages/airflow/example_dags/example_local_kubernetes_executor.py
[2024-05-13T15:19:55.566+0000] {logging_mixin.py:188} INFO - [2024-05-13T15:19:55.566+0000] {dag.py:3047} INFO - Sync 1 DAGs
[2024-05-13T15:19:55.577+0000] {logging_mixin.py:188} INFO - [2024-05-13T15:19:55.577+0000] {dag.py:3834} INFO - Setting next_dagrun for example_local_kubernetes_executor to None, run_after=None
[2024-05-13T15:19:55.597+0000] {processor.py:183} INFO - Processing /home/airflow/.local/lib/python3.8/site-packages/airflow/example_dags/example_local_kubernetes_executor.py took 0.076 seconds
[2024-05-13T15:20:26.015+0000] {processor.py:161} INFO - Started process (PID=776) to work on /home/airflow/.local/lib/python3.8/site-packages/airflow/example_dags/example_local_kubernetes_executor.py
[2024-05-13T15:20:26.017+0000] {processor.py:830} INFO - Processing file /home/airflow/.local/lib/python3.8/site-packages/airflow/example_dags/example_local_kubernetes_executor.py for tasks to queue
[2024-05-13T15:20:26.021+0000] {logging_mixin.py:188} INFO - [2024-05-13T15:20:26.021+0000] {dagbag.py:540} INFO - Filling up the DagBag from /home/airflow/.local/lib/python3.8/site-packages/airflow/example_dags/example_local_kubernetes_executor.py
[2024-05-13T15:20:26.030+0000] {processor.py:840} INFO - DAG(s) 'example_local_kubernetes_executor' retrieved from /home/airflow/.local/lib/python3.8/site-packages/airflow/example_dags/example_local_kubernetes_executor.py
[2024-05-13T15:20:26.071+0000] {logging_mixin.py:188} INFO - [2024-05-13T15:20:26.071+0000] {dag.py:3047} INFO - Sync 1 DAGs
[2024-05-13T15:20:26.086+0000] {logging_mixin.py:188} INFO - [2024-05-13T15:20:26.085+0000] {dag.py:3834} INFO - Setting next_dagrun for example_local_kubernetes_executor to None, run_after=None
[2024-05-13T15:20:26.109+0000] {processor.py:183} INFO - Processing /home/airflow/.local/lib/python3.8/site-packages/airflow/example_dags/example_local_kubernetes_executor.py took 0.097 seconds
[2024-05-13T15:20:56.314+0000] {processor.py:161} INFO - Started process (PID=848) to work on /home/airflow/.local/lib/python3.8/site-packages/airflow/example_dags/example_local_kubernetes_executor.py
[2024-05-13T15:20:56.315+0000] {processor.py:830} INFO - Processing file /home/airflow/.local/lib/python3.8/site-packages/airflow/example_dags/example_local_kubernetes_executor.py for tasks to queue
[2024-05-13T15:20:56.317+0000] {logging_mixin.py:188} INFO - [2024-05-13T15:20:56.317+0000] {dagbag.py:540} INFO - Filling up the DagBag from /home/airflow/.local/lib/python3.8/site-packages/airflow/example_dags/example_local_kubernetes_executor.py
[2024-05-13T15:20:56.325+0000] {processor.py:840} INFO - DAG(s) 'example_local_kubernetes_executor' retrieved from /home/airflow/.local/lib/python3.8/site-packages/airflow/example_dags/example_local_kubernetes_executor.py
[2024-05-13T15:20:56.361+0000] {logging_mixin.py:188} INFO - [2024-05-13T15:20:56.360+0000] {dag.py:3047} INFO - Sync 1 DAGs
[2024-05-13T15:20:56.374+0000] {logging_mixin.py:188} INFO - [2024-05-13T15:20:56.374+0000] {dag.py:3834} INFO - Setting next_dagrun for example_local_kubernetes_executor to None, run_after=None
[2024-05-13T15:20:56.394+0000] {processor.py:183} INFO - Processing /home/airflow/.local/lib/python3.8/site-packages/airflow/example_dags/example_local_kubernetes_executor.py took 0.083 seconds
[2024-05-13T15:21:26.524+0000] {processor.py:161} INFO - Started process (PID=916) to work on /home/airflow/.local/lib/python3.8/site-packages/airflow/example_dags/example_local_kubernetes_executor.py
[2024-05-13T15:21:26.525+0000] {processor.py:830} INFO - Processing file /home/airflow/.local/lib/python3.8/site-packages/airflow/example_dags/example_local_kubernetes_executor.py for tasks to queue
[2024-05-13T15:21:26.527+0000] {logging_mixin.py:188} INFO - [2024-05-13T15:21:26.527+0000] {dagbag.py:540} INFO - Filling up the DagBag from /home/airflow/.local/lib/python3.8/site-packages/airflow/example_dags/example_local_kubernetes_executor.py
[2024-05-13T15:21:26.535+0000] {processor.py:840} INFO - DAG(s) 'example_local_kubernetes_executor' retrieved from /home/airflow/.local/lib/python3.8/site-packages/airflow/example_dags/example_local_kubernetes_executor.py
[2024-05-13T15:21:26.572+0000] {logging_mixin.py:188} INFO - [2024-05-13T15:21:26.572+0000] {dag.py:3047} INFO - Sync 1 DAGs
[2024-05-13T15:21:26.584+0000] {logging_mixin.py:188} INFO - [2024-05-13T15:21:26.584+0000] {dag.py:3834} INFO - Setting next_dagrun for example_local_kubernetes_executor to None, run_after=None
[2024-05-13T15:21:26.605+0000] {processor.py:183} INFO - Processing /home/airflow/.local/lib/python3.8/site-packages/airflow/example_dags/example_local_kubernetes_executor.py took 0.085 seconds
[2024-05-13T15:21:56.876+0000] {processor.py:161} INFO - Started process (PID=984) to work on /home/airflow/.local/lib/python3.8/site-packages/airflow/example_dags/example_local_kubernetes_executor.py
[2024-05-13T15:21:56.877+0000] {processor.py:830} INFO - Processing file /home/airflow/.local/lib/python3.8/site-packages/airflow/example_dags/example_local_kubernetes_executor.py for tasks to queue
[2024-05-13T15:21:56.880+0000] {logging_mixin.py:188} INFO - [2024-05-13T15:21:56.879+0000] {dagbag.py:540} INFO - Filling up the DagBag from /home/airflow/.local/lib/python3.8/site-packages/airflow/example_dags/example_local_kubernetes_executor.py
[2024-05-13T15:21:56.890+0000] {processor.py:840} INFO - DAG(s) 'example_local_kubernetes_executor' retrieved from /home/airflow/.local/lib/python3.8/site-packages/airflow/example_dags/example_local_kubernetes_executor.py
[2024-05-13T15:21:56.927+0000] {logging_mixin.py:188} INFO - [2024-05-13T15:21:56.927+0000] {dag.py:3047} INFO - Sync 1 DAGs
[2024-05-13T15:21:56.947+0000] {logging_mixin.py:188} INFO - [2024-05-13T15:21:56.947+0000] {dag.py:3834} INFO - Setting next_dagrun for example_local_kubernetes_executor to None, run_after=None
[2024-05-13T15:21:56.971+0000] {processor.py:183} INFO - Processing /home/airflow/.local/lib/python3.8/site-packages/airflow/example_dags/example_local_kubernetes_executor.py took 0.099 seconds
[2024-05-13T15:22:27.840+0000] {processor.py:161} INFO - Started process (PID=1052) to work on /home/airflow/.local/lib/python3.8/site-packages/airflow/example_dags/example_local_kubernetes_executor.py
[2024-05-13T15:22:27.842+0000] {processor.py:830} INFO - Processing file /home/airflow/.local/lib/python3.8/site-packages/airflow/example_dags/example_local_kubernetes_executor.py for tasks to queue
[2024-05-13T15:22:27.846+0000] {logging_mixin.py:188} INFO - [2024-05-13T15:22:27.845+0000] {dagbag.py:540} INFO - Filling up the DagBag from /home/airflow/.local/lib/python3.8/site-packages/airflow/example_dags/example_local_kubernetes_executor.py
[2024-05-13T15:22:27.857+0000] {processor.py:840} INFO - DAG(s) 'example_local_kubernetes_executor' retrieved from /home/airflow/.local/lib/python3.8/site-packages/airflow/example_dags/example_local_kubernetes_executor.py
[2024-05-13T15:22:27.899+0000] {logging_mixin.py:188} INFO - [2024-05-13T15:22:27.899+0000] {dag.py:3047} INFO - Sync 1 DAGs
[2024-05-13T15:22:27.918+0000] {logging_mixin.py:188} INFO - [2024-05-13T15:22:27.918+0000] {dag.py:3834} INFO - Setting next_dagrun for example_local_kubernetes_executor to None, run_after=None
[2024-05-13T15:22:27.944+0000] {processor.py:183} INFO - Processing /home/airflow/.local/lib/python3.8/site-packages/airflow/example_dags/example_local_kubernetes_executor.py took 0.109 seconds
[2024-05-13T15:22:58.209+0000] {processor.py:161} INFO - Started process (PID=1121) to work on /home/airflow/.local/lib/python3.8/site-packages/airflow/example_dags/example_local_kubernetes_executor.py
[2024-05-13T15:22:58.210+0000] {processor.py:830} INFO - Processing file /home/airflow/.local/lib/python3.8/site-packages/airflow/example_dags/example_local_kubernetes_executor.py for tasks to queue
[2024-05-13T15:22:58.213+0000] {logging_mixin.py:188} INFO - [2024-05-13T15:22:58.212+0000] {dagbag.py:540} INFO - Filling up the DagBag from /home/airflow/.local/lib/python3.8/site-packages/airflow/example_dags/example_local_kubernetes_executor.py
[2024-05-13T15:22:58.220+0000] {processor.py:840} INFO - DAG(s) 'example_local_kubernetes_executor' retrieved from /home/airflow/.local/lib/python3.8/site-packages/airflow/example_dags/example_local_kubernetes_executor.py
[2024-05-13T15:22:58.253+0000] {logging_mixin.py:188} INFO - [2024-05-13T15:22:58.253+0000] {dag.py:3047} INFO - Sync 1 DAGs
[2024-05-13T15:22:58.266+0000] {logging_mixin.py:188} INFO - [2024-05-13T15:22:58.265+0000] {dag.py:3834} INFO - Setting next_dagrun for example_local_kubernetes_executor to None, run_after=None
[2024-05-13T15:22:58.289+0000] {processor.py:183} INFO - Processing /home/airflow/.local/lib/python3.8/site-packages/airflow/example_dags/example_local_kubernetes_executor.py took 0.083 seconds
[2024-05-13T15:23:28.592+0000] {processor.py:161} INFO - Started process (PID=1189) to work on /home/airflow/.local/lib/python3.8/site-packages/airflow/example_dags/example_local_kubernetes_executor.py
[2024-05-13T15:23:28.594+0000] {processor.py:830} INFO - Processing file /home/airflow/.local/lib/python3.8/site-packages/airflow/example_dags/example_local_kubernetes_executor.py for tasks to queue
[2024-05-13T15:23:28.596+0000] {logging_mixin.py:188} INFO - [2024-05-13T15:23:28.596+0000] {dagbag.py:540} INFO - Filling up the DagBag from /home/airflow/.local/lib/python3.8/site-packages/airflow/example_dags/example_local_kubernetes_executor.py
[2024-05-13T15:23:28.605+0000] {processor.py:840} INFO - DAG(s) 'example_local_kubernetes_executor' retrieved from /home/airflow/.local/lib/python3.8/site-packages/airflow/example_dags/example_local_kubernetes_executor.py
[2024-05-13T15:23:28.646+0000] {logging_mixin.py:188} INFO - [2024-05-13T15:23:28.646+0000] {dag.py:3047} INFO - Sync 1 DAGs
[2024-05-13T15:23:28.661+0000] {logging_mixin.py:188} INFO - [2024-05-13T15:23:28.661+0000] {dag.py:3834} INFO - Setting next_dagrun for example_local_kubernetes_executor to None, run_after=None
[2024-05-13T15:23:28.691+0000] {processor.py:183} INFO - Processing /home/airflow/.local/lib/python3.8/site-packages/airflow/example_dags/example_local_kubernetes_executor.py took 0.103 seconds
[2024-05-13T15:23:59.420+0000] {processor.py:161} INFO - Started process (PID=1257) to work on /home/airflow/.local/lib/python3.8/site-packages/airflow/example_dags/example_local_kubernetes_executor.py
[2024-05-13T15:23:59.421+0000] {processor.py:830} INFO - Processing file /home/airflow/.local/lib/python3.8/site-packages/airflow/example_dags/example_local_kubernetes_executor.py for tasks to queue
[2024-05-13T15:23:59.425+0000] {logging_mixin.py:188} INFO - [2024-05-13T15:23:59.423+0000] {dagbag.py:540} INFO - Filling up the DagBag from /home/airflow/.local/lib/python3.8/site-packages/airflow/example_dags/example_local_kubernetes_executor.py
[2024-05-13T15:23:59.433+0000] {processor.py:840} INFO - DAG(s) 'example_local_kubernetes_executor' retrieved from /home/airflow/.local/lib/python3.8/site-packages/airflow/example_dags/example_local_kubernetes_executor.py
[2024-05-13T15:23:59.475+0000] {logging_mixin.py:188} INFO - [2024-05-13T15:23:59.475+0000] {dag.py:3047} INFO - Sync 1 DAGs
[2024-05-13T15:23:59.490+0000] {logging_mixin.py:188} INFO - [2024-05-13T15:23:59.489+0000] {dag.py:3834} INFO - Setting next_dagrun for example_local_kubernetes_executor to None, run_after=None
[2024-05-13T15:23:59.521+0000] {processor.py:183} INFO - Processing /home/airflow/.local/lib/python3.8/site-packages/airflow/example_dags/example_local_kubernetes_executor.py took 0.106 seconds
[2024-05-13T15:24:29.615+0000] {processor.py:161} INFO - Started process (PID=1325) to work on /home/airflow/.local/lib/python3.8/site-packages/airflow/example_dags/example_local_kubernetes_executor.py
[2024-05-13T15:24:29.617+0000] {processor.py:830} INFO - Processing file /home/airflow/.local/lib/python3.8/site-packages/airflow/example_dags/example_local_kubernetes_executor.py for tasks to queue
[2024-05-13T15:24:29.618+0000] {logging_mixin.py:188} INFO - [2024-05-13T15:24:29.618+0000] {dagbag.py:540} INFO - Filling up the DagBag from /home/airflow/.local/lib/python3.8/site-packages/airflow/example_dags/example_local_kubernetes_executor.py
[2024-05-13T15:24:29.626+0000] {processor.py:840} INFO - DAG(s) 'example_local_kubernetes_executor' retrieved from /home/airflow/.local/lib/python3.8/site-packages/airflow/example_dags/example_local_kubernetes_executor.py
[2024-05-13T15:24:29.658+0000] {logging_mixin.py:188} INFO - [2024-05-13T15:24:29.658+0000] {dag.py:3047} INFO - Sync 1 DAGs
[2024-05-13T15:24:29.670+0000] {logging_mixin.py:188} INFO - [2024-05-13T15:24:29.670+0000] {dag.py:3834} INFO - Setting next_dagrun for example_local_kubernetes_executor to None, run_after=None
[2024-05-13T15:24:29.689+0000] {processor.py:183} INFO - Processing /home/airflow/.local/lib/python3.8/site-packages/airflow/example_dags/example_local_kubernetes_executor.py took 0.077 seconds
[2024-05-13T15:24:59.771+0000] {processor.py:161} INFO - Started process (PID=1393) to work on /home/airflow/.local/lib/python3.8/site-packages/airflow/example_dags/example_local_kubernetes_executor.py
[2024-05-13T15:24:59.772+0000] {processor.py:830} INFO - Processing file /home/airflow/.local/lib/python3.8/site-packages/airflow/example_dags/example_local_kubernetes_executor.py for tasks to queue
[2024-05-13T15:24:59.774+0000] {logging_mixin.py:188} INFO - [2024-05-13T15:24:59.774+0000] {dagbag.py:540} INFO - Filling up the DagBag from /home/airflow/.local/lib/python3.8/site-packages/airflow/example_dags/example_local_kubernetes_executor.py
[2024-05-13T15:24:59.783+0000] {processor.py:840} INFO - DAG(s) 'example_local_kubernetes_executor' retrieved from /home/airflow/.local/lib/python3.8/site-packages/airflow/example_dags/example_local_kubernetes_executor.py
[2024-05-13T15:24:59.822+0000] {logging_mixin.py:188} INFO - [2024-05-13T15:24:59.822+0000] {dag.py:3047} INFO - Sync 1 DAGs
[2024-05-13T15:24:59.835+0000] {logging_mixin.py:188} INFO - [2024-05-13T15:24:59.835+0000] {dag.py:3834} INFO - Setting next_dagrun for example_local_kubernetes_executor to None, run_after=None
[2024-05-13T15:24:59.858+0000] {processor.py:183} INFO - Processing /home/airflow/.local/lib/python3.8/site-packages/airflow/example_dags/example_local_kubernetes_executor.py took 0.092 seconds
[2024-05-13T15:25:30.035+0000] {processor.py:161} INFO - Started process (PID=1462) to work on /home/airflow/.local/lib/python3.8/site-packages/airflow/example_dags/example_local_kubernetes_executor.py
[2024-05-13T15:25:30.036+0000] {processor.py:830} INFO - Processing file /home/airflow/.local/lib/python3.8/site-packages/airflow/example_dags/example_local_kubernetes_executor.py for tasks to queue
[2024-05-13T15:25:30.038+0000] {logging_mixin.py:188} INFO - [2024-05-13T15:25:30.038+0000] {dagbag.py:540} INFO - Filling up the DagBag from /home/airflow/.local/lib/python3.8/site-packages/airflow/example_dags/example_local_kubernetes_executor.py
[2024-05-13T15:25:30.046+0000] {processor.py:840} INFO - DAG(s) 'example_local_kubernetes_executor' retrieved from /home/airflow/.local/lib/python3.8/site-packages/airflow/example_dags/example_local_kubernetes_executor.py
[2024-05-13T15:25:30.077+0000] {logging_mixin.py:188} INFO - [2024-05-13T15:25:30.077+0000] {dag.py:3047} INFO - Sync 1 DAGs
[2024-05-13T15:25:30.092+0000] {logging_mixin.py:188} INFO - [2024-05-13T15:25:30.092+0000] {dag.py:3834} INFO - Setting next_dagrun for example_local_kubernetes_executor to None, run_after=None
[2024-05-13T15:25:30.110+0000] {processor.py:183} INFO - Processing /home/airflow/.local/lib/python3.8/site-packages/airflow/example_dags/example_local_kubernetes_executor.py took 0.078 seconds
[2024-05-13T15:26:00.412+0000] {processor.py:161} INFO - Started process (PID=1530) to work on /home/airflow/.local/lib/python3.8/site-packages/airflow/example_dags/example_local_kubernetes_executor.py
[2024-05-13T15:26:00.413+0000] {processor.py:830} INFO - Processing file /home/airflow/.local/lib/python3.8/site-packages/airflow/example_dags/example_local_kubernetes_executor.py for tasks to queue
[2024-05-13T15:26:00.414+0000] {logging_mixin.py:188} INFO - [2024-05-13T15:26:00.414+0000] {dagbag.py:540} INFO - Filling up the DagBag from /home/airflow/.local/lib/python3.8/site-packages/airflow/example_dags/example_local_kubernetes_executor.py
[2024-05-13T15:26:00.422+0000] {processor.py:840} INFO - DAG(s) 'example_local_kubernetes_executor' retrieved from /home/airflow/.local/lib/python3.8/site-packages/airflow/example_dags/example_local_kubernetes_executor.py
[2024-05-13T15:26:00.454+0000] {logging_mixin.py:188} INFO - [2024-05-13T15:26:00.453+0000] {dag.py:3047} INFO - Sync 1 DAGs
[2024-05-13T15:26:00.466+0000] {logging_mixin.py:188} INFO - [2024-05-13T15:26:00.465+0000] {dag.py:3834} INFO - Setting next_dagrun for example_local_kubernetes_executor to None, run_after=None
[2024-05-13T15:26:00.482+0000] {processor.py:183} INFO - Processing /home/airflow/.local/lib/python3.8/site-packages/airflow/example_dags/example_local_kubernetes_executor.py took 0.073 seconds
[2024-05-13T15:26:30.698+0000] {processor.py:161} INFO - Started process (PID=1598) to work on /home/airflow/.local/lib/python3.8/site-packages/airflow/example_dags/example_local_kubernetes_executor.py
[2024-05-13T15:26:30.699+0000] {processor.py:830} INFO - Processing file /home/airflow/.local/lib/python3.8/site-packages/airflow/example_dags/example_local_kubernetes_executor.py for tasks to queue
[2024-05-13T15:26:30.701+0000] {logging_mixin.py:188} INFO - [2024-05-13T15:26:30.701+0000] {dagbag.py:540} INFO - Filling up the DagBag from /home/airflow/.local/lib/python3.8/site-packages/airflow/example_dags/example_local_kubernetes_executor.py
[2024-05-13T15:26:30.709+0000] {processor.py:840} INFO - DAG(s) 'example_local_kubernetes_executor' retrieved from /home/airflow/.local/lib/python3.8/site-packages/airflow/example_dags/example_local_kubernetes_executor.py
[2024-05-13T15:26:30.742+0000] {logging_mixin.py:188} INFO - [2024-05-13T15:26:30.742+0000] {dag.py:3047} INFO - Sync 1 DAGs
[2024-05-13T15:26:30.754+0000] {logging_mixin.py:188} INFO - [2024-05-13T15:26:30.754+0000] {dag.py:3834} INFO - Setting next_dagrun for example_local_kubernetes_executor to None, run_after=None
[2024-05-13T15:26:30.771+0000] {processor.py:183} INFO - Processing /home/airflow/.local/lib/python3.8/site-packages/airflow/example_dags/example_local_kubernetes_executor.py took 0.076 seconds
[2024-05-13T15:27:01.113+0000] {processor.py:161} INFO - Started process (PID=1666) to work on /home/airflow/.local/lib/python3.8/site-packages/airflow/example_dags/example_local_kubernetes_executor.py
[2024-05-13T15:27:01.115+0000] {processor.py:830} INFO - Processing file /home/airflow/.local/lib/python3.8/site-packages/airflow/example_dags/example_local_kubernetes_executor.py for tasks to queue
[2024-05-13T15:27:01.117+0000] {logging_mixin.py:188} INFO - [2024-05-13T15:27:01.117+0000] {dagbag.py:540} INFO - Filling up the DagBag from /home/airflow/.local/lib/python3.8/site-packages/airflow/example_dags/example_local_kubernetes_executor.py
[2024-05-13T15:27:01.125+0000] {processor.py:840} INFO - DAG(s) 'example_local_kubernetes_executor' retrieved from /home/airflow/.local/lib/python3.8/site-packages/airflow/example_dags/example_local_kubernetes_executor.py
[2024-05-13T15:27:01.157+0000] {logging_mixin.py:188} INFO - [2024-05-13T15:27:01.156+0000] {dag.py:3047} INFO - Sync 1 DAGs
[2024-05-13T15:27:01.169+0000] {logging_mixin.py:188} INFO - [2024-05-13T15:27:01.169+0000] {dag.py:3834} INFO - Setting next_dagrun for example_local_kubernetes_executor to None, run_after=None
[2024-05-13T15:27:01.187+0000] {processor.py:183} INFO - Processing /home/airflow/.local/lib/python3.8/site-packages/airflow/example_dags/example_local_kubernetes_executor.py took 0.078 seconds
[2024-05-13T15:27:31.770+0000] {processor.py:161} INFO - Started process (PID=1734) to work on /home/airflow/.local/lib/python3.8/site-packages/airflow/example_dags/example_local_kubernetes_executor.py
[2024-05-13T15:27:31.771+0000] {processor.py:830} INFO - Processing file /home/airflow/.local/lib/python3.8/site-packages/airflow/example_dags/example_local_kubernetes_executor.py for tasks to queue
[2024-05-13T15:27:31.774+0000] {logging_mixin.py:188} INFO - [2024-05-13T15:27:31.773+0000] {dagbag.py:540} INFO - Filling up the DagBag from /home/airflow/.local/lib/python3.8/site-packages/airflow/example_dags/example_local_kubernetes_executor.py
[2024-05-13T15:27:31.781+0000] {processor.py:840} INFO - DAG(s) 'example_local_kubernetes_executor' retrieved from /home/airflow/.local/lib/python3.8/site-packages/airflow/example_dags/example_local_kubernetes_executor.py
[2024-05-13T15:27:31.818+0000] {logging_mixin.py:188} INFO - [2024-05-13T15:27:31.817+0000] {dag.py:3047} INFO - Sync 1 DAGs
[2024-05-13T15:27:31.832+0000] {logging_mixin.py:188} INFO - [2024-05-13T15:27:31.832+0000] {dag.py:3834} INFO - Setting next_dagrun for example_local_kubernetes_executor to None, run_after=None
[2024-05-13T15:27:31.854+0000] {processor.py:183} INFO - Processing /home/airflow/.local/lib/python3.8/site-packages/airflow/example_dags/example_local_kubernetes_executor.py took 0.087 seconds
[2024-05-13T15:28:01.897+0000] {processor.py:161} INFO - Started process (PID=1802) to work on /home/airflow/.local/lib/python3.8/site-packages/airflow/example_dags/example_local_kubernetes_executor.py
[2024-05-13T15:28:01.898+0000] {processor.py:830} INFO - Processing file /home/airflow/.local/lib/python3.8/site-packages/airflow/example_dags/example_local_kubernetes_executor.py for tasks to queue
[2024-05-13T15:28:01.900+0000] {logging_mixin.py:188} INFO - [2024-05-13T15:28:01.900+0000] {dagbag.py:540} INFO - Filling up the DagBag from /home/airflow/.local/lib/python3.8/site-packages/airflow/example_dags/example_local_kubernetes_executor.py
[2024-05-13T15:28:01.907+0000] {processor.py:840} INFO - DAG(s) 'example_local_kubernetes_executor' retrieved from /home/airflow/.local/lib/python3.8/site-packages/airflow/example_dags/example_local_kubernetes_executor.py
[2024-05-13T15:28:01.939+0000] {logging_mixin.py:188} INFO - [2024-05-13T15:28:01.938+0000] {dag.py:3047} INFO - Sync 1 DAGs
[2024-05-13T15:28:01.951+0000] {logging_mixin.py:188} INFO - [2024-05-13T15:28:01.951+0000] {dag.py:3834} INFO - Setting next_dagrun for example_local_kubernetes_executor to None, run_after=None
[2024-05-13T15:28:01.970+0000] {processor.py:183} INFO - Processing /home/airflow/.local/lib/python3.8/site-packages/airflow/example_dags/example_local_kubernetes_executor.py took 0.075 seconds
[2024-05-13T15:28:32.272+0000] {processor.py:161} INFO - Started process (PID=1870) to work on /home/airflow/.local/lib/python3.8/site-packages/airflow/example_dags/example_local_kubernetes_executor.py
[2024-05-13T15:28:32.273+0000] {processor.py:830} INFO - Processing file /home/airflow/.local/lib/python3.8/site-packages/airflow/example_dags/example_local_kubernetes_executor.py for tasks to queue
[2024-05-13T15:28:32.275+0000] {logging_mixin.py:188} INFO - [2024-05-13T15:28:32.275+0000] {dagbag.py:540} INFO - Filling up the DagBag from /home/airflow/.local/lib/python3.8/site-packages/airflow/example_dags/example_local_kubernetes_executor.py
[2024-05-13T15:28:32.283+0000] {processor.py:840} INFO - DAG(s) 'example_local_kubernetes_executor' retrieved from /home/airflow/.local/lib/python3.8/site-packages/airflow/example_dags/example_local_kubernetes_executor.py
[2024-05-13T15:28:32.315+0000] {logging_mixin.py:188} INFO - [2024-05-13T15:28:32.315+0000] {dag.py:3047} INFO - Sync 1 DAGs
[2024-05-13T15:28:32.326+0000] {logging_mixin.py:188} INFO - [2024-05-13T15:28:32.326+0000] {dag.py:3834} INFO - Setting next_dagrun for example_local_kubernetes_executor to None, run_after=None
[2024-05-13T15:28:32.345+0000] {processor.py:183} INFO - Processing /home/airflow/.local/lib/python3.8/site-packages/airflow/example_dags/example_local_kubernetes_executor.py took 0.077 seconds
[2024-05-13T15:29:02.447+0000] {processor.py:161} INFO - Started process (PID=1938) to work on /home/airflow/.local/lib/python3.8/site-packages/airflow/example_dags/example_local_kubernetes_executor.py
[2024-05-13T15:29:02.448+0000] {processor.py:830} INFO - Processing file /home/airflow/.local/lib/python3.8/site-packages/airflow/example_dags/example_local_kubernetes_executor.py for tasks to queue
[2024-05-13T15:29:02.450+0000] {logging_mixin.py:188} INFO - [2024-05-13T15:29:02.450+0000] {dagbag.py:540} INFO - Filling up the DagBag from /home/airflow/.local/lib/python3.8/site-packages/airflow/example_dags/example_local_kubernetes_executor.py
[2024-05-13T15:29:02.459+0000] {processor.py:840} INFO - DAG(s) 'example_local_kubernetes_executor' retrieved from /home/airflow/.local/lib/python3.8/site-packages/airflow/example_dags/example_local_kubernetes_executor.py
[2024-05-13T15:29:02.498+0000] {logging_mixin.py:188} INFO - [2024-05-13T15:29:02.497+0000] {dag.py:3047} INFO - Sync 1 DAGs
[2024-05-13T15:29:02.511+0000] {logging_mixin.py:188} INFO - [2024-05-13T15:29:02.511+0000] {dag.py:3834} INFO - Setting next_dagrun for example_local_kubernetes_executor to None, run_after=None
[2024-05-13T15:29:02.530+0000] {processor.py:183} INFO - Processing /home/airflow/.local/lib/python3.8/site-packages/airflow/example_dags/example_local_kubernetes_executor.py took 0.086 seconds
[2024-05-13T15:29:33.116+0000] {processor.py:161} INFO - Started process (PID=2006) to work on /home/airflow/.local/lib/python3.8/site-packages/airflow/example_dags/example_local_kubernetes_executor.py
[2024-05-13T15:29:33.117+0000] {processor.py:830} INFO - Processing file /home/airflow/.local/lib/python3.8/site-packages/airflow/example_dags/example_local_kubernetes_executor.py for tasks to queue
[2024-05-13T15:29:33.120+0000] {logging_mixin.py:188} INFO - [2024-05-13T15:29:33.119+0000] {dagbag.py:540} INFO - Filling up the DagBag from /home/airflow/.local/lib/python3.8/site-packages/airflow/example_dags/example_local_kubernetes_executor.py
[2024-05-13T15:29:33.128+0000] {processor.py:840} INFO - DAG(s) 'example_local_kubernetes_executor' retrieved from /home/airflow/.local/lib/python3.8/site-packages/airflow/example_dags/example_local_kubernetes_executor.py
[2024-05-13T15:29:33.166+0000] {logging_mixin.py:188} INFO - [2024-05-13T15:29:33.166+0000] {dag.py:3047} INFO - Sync 1 DAGs
[2024-05-13T15:29:33.185+0000] {logging_mixin.py:188} INFO - [2024-05-13T15:29:33.184+0000] {dag.py:3834} INFO - Setting next_dagrun for example_local_kubernetes_executor to None, run_after=None
[2024-05-13T15:29:33.216+0000] {processor.py:183} INFO - Processing /home/airflow/.local/lib/python3.8/site-packages/airflow/example_dags/example_local_kubernetes_executor.py took 0.104 seconds
[2024-05-13T15:30:03.707+0000] {processor.py:161} INFO - Started process (PID=2074) to work on /home/airflow/.local/lib/python3.8/site-packages/airflow/example_dags/example_local_kubernetes_executor.py
[2024-05-13T15:30:03.708+0000] {processor.py:830} INFO - Processing file /home/airflow/.local/lib/python3.8/site-packages/airflow/example_dags/example_local_kubernetes_executor.py for tasks to queue
[2024-05-13T15:30:03.710+0000] {logging_mixin.py:188} INFO - [2024-05-13T15:30:03.710+0000] {dagbag.py:540} INFO - Filling up the DagBag from /home/airflow/.local/lib/python3.8/site-packages/airflow/example_dags/example_local_kubernetes_executor.py
[2024-05-13T15:30:03.718+0000] {processor.py:840} INFO - DAG(s) 'example_local_kubernetes_executor' retrieved from /home/airflow/.local/lib/python3.8/site-packages/airflow/example_dags/example_local_kubernetes_executor.py
[2024-05-13T15:30:03.755+0000] {logging_mixin.py:188} INFO - [2024-05-13T15:30:03.755+0000] {dag.py:3047} INFO - Sync 1 DAGs
[2024-05-13T15:30:03.769+0000] {logging_mixin.py:188} INFO - [2024-05-13T15:30:03.769+0000] {dag.py:3834} INFO - Setting next_dagrun for example_local_kubernetes_executor to None, run_after=None
[2024-05-13T15:30:03.793+0000] {processor.py:183} INFO - Processing /home/airflow/.local/lib/python3.8/site-packages/airflow/example_dags/example_local_kubernetes_executor.py took 0.089 seconds
[2024-05-13T15:30:33.859+0000] {processor.py:161} INFO - Started process (PID=2142) to work on /home/airflow/.local/lib/python3.8/site-packages/airflow/example_dags/example_local_kubernetes_executor.py
[2024-05-13T15:30:33.861+0000] {processor.py:830} INFO - Processing file /home/airflow/.local/lib/python3.8/site-packages/airflow/example_dags/example_local_kubernetes_executor.py for tasks to queue
[2024-05-13T15:30:33.862+0000] {logging_mixin.py:188} INFO - [2024-05-13T15:30:33.862+0000] {dagbag.py:540} INFO - Filling up the DagBag from /home/airflow/.local/lib/python3.8/site-packages/airflow/example_dags/example_local_kubernetes_executor.py
[2024-05-13T15:30:33.870+0000] {processor.py:840} INFO - DAG(s) 'example_local_kubernetes_executor' retrieved from /home/airflow/.local/lib/python3.8/site-packages/airflow/example_dags/example_local_kubernetes_executor.py
[2024-05-13T15:30:33.902+0000] {logging_mixin.py:188} INFO - [2024-05-13T15:30:33.902+0000] {dag.py:3047} INFO - Sync 1 DAGs
[2024-05-13T15:30:33.915+0000] {logging_mixin.py:188} INFO - [2024-05-13T15:30:33.915+0000] {dag.py:3834} INFO - Setting next_dagrun for example_local_kubernetes_executor to None, run_after=None
[2024-05-13T15:30:33.935+0000] {processor.py:183} INFO - Processing /home/airflow/.local/lib/python3.8/site-packages/airflow/example_dags/example_local_kubernetes_executor.py took 0.079 seconds
[2024-05-13T15:31:04.004+0000] {processor.py:161} INFO - Started process (PID=2210) to work on /home/airflow/.local/lib/python3.8/site-packages/airflow/example_dags/example_local_kubernetes_executor.py
[2024-05-13T15:31:04.005+0000] {processor.py:830} INFO - Processing file /home/airflow/.local/lib/python3.8/site-packages/airflow/example_dags/example_local_kubernetes_executor.py for tasks to queue
[2024-05-13T15:31:04.007+0000] {logging_mixin.py:188} INFO - [2024-05-13T15:31:04.006+0000] {dagbag.py:540} INFO - Filling up the DagBag from /home/airflow/.local/lib/python3.8/site-packages/airflow/example_dags/example_local_kubernetes_executor.py
[2024-05-13T15:31:04.014+0000] {processor.py:840} INFO - DAG(s) 'example_local_kubernetes_executor' retrieved from /home/airflow/.local/lib/python3.8/site-packages/airflow/example_dags/example_local_kubernetes_executor.py
[2024-05-13T15:31:04.049+0000] {logging_mixin.py:188} INFO - [2024-05-13T15:31:04.049+0000] {dag.py:3047} INFO - Sync 1 DAGs
[2024-05-13T15:31:04.061+0000] {logging_mixin.py:188} INFO - [2024-05-13T15:31:04.061+0000] {dag.py:3834} INFO - Setting next_dagrun for example_local_kubernetes_executor to None, run_after=None
[2024-05-13T15:31:04.096+0000] {processor.py:183} INFO - Processing /home/airflow/.local/lib/python3.8/site-packages/airflow/example_dags/example_local_kubernetes_executor.py took 0.096 seconds
[2024-05-13T15:31:34.133+0000] {processor.py:161} INFO - Started process (PID=2278) to work on /home/airflow/.local/lib/python3.8/site-packages/airflow/example_dags/example_local_kubernetes_executor.py
[2024-05-13T15:31:34.134+0000] {processor.py:830} INFO - Processing file /home/airflow/.local/lib/python3.8/site-packages/airflow/example_dags/example_local_kubernetes_executor.py for tasks to queue
[2024-05-13T15:31:34.136+0000] {logging_mixin.py:188} INFO - [2024-05-13T15:31:34.136+0000] {dagbag.py:540} INFO - Filling up the DagBag from /home/airflow/.local/lib/python3.8/site-packages/airflow/example_dags/example_local_kubernetes_executor.py
[2024-05-13T15:31:34.144+0000] {processor.py:840} INFO - DAG(s) 'example_local_kubernetes_executor' retrieved from /home/airflow/.local/lib/python3.8/site-packages/airflow/example_dags/example_local_kubernetes_executor.py
[2024-05-13T15:31:34.175+0000] {logging_mixin.py:188} INFO - [2024-05-13T15:31:34.175+0000] {dag.py:3047} INFO - Sync 1 DAGs
[2024-05-13T15:31:34.186+0000] {logging_mixin.py:188} INFO - [2024-05-13T15:31:34.186+0000] {dag.py:3834} INFO - Setting next_dagrun for example_local_kubernetes_executor to None, run_after=None
[2024-05-13T15:31:34.204+0000] {processor.py:183} INFO - Processing /home/airflow/.local/lib/python3.8/site-packages/airflow/example_dags/example_local_kubernetes_executor.py took 0.074 seconds
[2024-05-13T15:32:04.574+0000] {processor.py:161} INFO - Started process (PID=2346) to work on /home/airflow/.local/lib/python3.8/site-packages/airflow/example_dags/example_local_kubernetes_executor.py
[2024-05-13T15:32:04.575+0000] {processor.py:830} INFO - Processing file /home/airflow/.local/lib/python3.8/site-packages/airflow/example_dags/example_local_kubernetes_executor.py for tasks to queue
[2024-05-13T15:32:04.576+0000] {logging_mixin.py:188} INFO - [2024-05-13T15:32:04.576+0000] {dagbag.py:540} INFO - Filling up the DagBag from /home/airflow/.local/lib/python3.8/site-packages/airflow/example_dags/example_local_kubernetes_executor.py
[2024-05-13T15:32:04.584+0000] {processor.py:840} INFO - DAG(s) 'example_local_kubernetes_executor' retrieved from /home/airflow/.local/lib/python3.8/site-packages/airflow/example_dags/example_local_kubernetes_executor.py
[2024-05-13T15:32:04.616+0000] {logging_mixin.py:188} INFO - [2024-05-13T15:32:04.616+0000] {dag.py:3047} INFO - Sync 1 DAGs
[2024-05-13T15:32:04.628+0000] {logging_mixin.py:188} INFO - [2024-05-13T15:32:04.628+0000] {dag.py:3834} INFO - Setting next_dagrun for example_local_kubernetes_executor to None, run_after=None
[2024-05-13T15:32:04.647+0000] {processor.py:183} INFO - Processing /home/airflow/.local/lib/python3.8/site-packages/airflow/example_dags/example_local_kubernetes_executor.py took 0.076 seconds
[2024-05-13T15:32:35.264+0000] {processor.py:161} INFO - Started process (PID=2414) to work on /home/airflow/.local/lib/python3.8/site-packages/airflow/example_dags/example_local_kubernetes_executor.py
[2024-05-13T15:32:35.265+0000] {processor.py:830} INFO - Processing file /home/airflow/.local/lib/python3.8/site-packages/airflow/example_dags/example_local_kubernetes_executor.py for tasks to queue
[2024-05-13T15:32:35.268+0000] {logging_mixin.py:188} INFO - [2024-05-13T15:32:35.267+0000] {dagbag.py:540} INFO - Filling up the DagBag from /home/airflow/.local/lib/python3.8/site-packages/airflow/example_dags/example_local_kubernetes_executor.py
[2024-05-13T15:32:35.277+0000] {processor.py:840} INFO - DAG(s) 'example_local_kubernetes_executor' retrieved from /home/airflow/.local/lib/python3.8/site-packages/airflow/example_dags/example_local_kubernetes_executor.py
[2024-05-13T15:32:35.311+0000] {logging_mixin.py:188} INFO - [2024-05-13T15:32:35.311+0000] {dag.py:3047} INFO - Sync 1 DAGs
[2024-05-13T15:32:35.322+0000] {logging_mixin.py:188} INFO - [2024-05-13T15:32:35.322+0000] {dag.py:3834} INFO - Setting next_dagrun for example_local_kubernetes_executor to None, run_after=None
[2024-05-13T15:32:35.344+0000] {processor.py:183} INFO - Processing /home/airflow/.local/lib/python3.8/site-packages/airflow/example_dags/example_local_kubernetes_executor.py took 0.084 seconds
[2024-05-13T15:33:05.787+0000] {processor.py:161} INFO - Started process (PID=2482) to work on /home/airflow/.local/lib/python3.8/site-packages/airflow/example_dags/example_local_kubernetes_executor.py
[2024-05-13T15:33:05.789+0000] {processor.py:830} INFO - Processing file /home/airflow/.local/lib/python3.8/site-packages/airflow/example_dags/example_local_kubernetes_executor.py for tasks to queue
[2024-05-13T15:33:05.790+0000] {logging_mixin.py:188} INFO - [2024-05-13T15:33:05.790+0000] {dagbag.py:540} INFO - Filling up the DagBag from /home/airflow/.local/lib/python3.8/site-packages/airflow/example_dags/example_local_kubernetes_executor.py
[2024-05-13T15:33:05.798+0000] {processor.py:840} INFO - DAG(s) 'example_local_kubernetes_executor' retrieved from /home/airflow/.local/lib/python3.8/site-packages/airflow/example_dags/example_local_kubernetes_executor.py
[2024-05-13T15:33:05.834+0000] {logging_mixin.py:188} INFO - [2024-05-13T15:33:05.833+0000] {dag.py:3047} INFO - Sync 1 DAGs
[2024-05-13T15:33:05.848+0000] {logging_mixin.py:188} INFO - [2024-05-13T15:33:05.847+0000] {dag.py:3834} INFO - Setting next_dagrun for example_local_kubernetes_executor to None, run_after=None
[2024-05-13T15:33:05.872+0000] {processor.py:183} INFO - Processing /home/airflow/.local/lib/python3.8/site-packages/airflow/example_dags/example_local_kubernetes_executor.py took 0.089 seconds
[2024-05-13T15:33:36.741+0000] {processor.py:161} INFO - Started process (PID=2550) to work on /home/airflow/.local/lib/python3.8/site-packages/airflow/example_dags/example_local_kubernetes_executor.py
[2024-05-13T15:33:36.742+0000] {processor.py:830} INFO - Processing file /home/airflow/.local/lib/python3.8/site-packages/airflow/example_dags/example_local_kubernetes_executor.py for tasks to queue
[2024-05-13T15:33:36.744+0000] {logging_mixin.py:188} INFO - [2024-05-13T15:33:36.744+0000] {dagbag.py:540} INFO - Filling up the DagBag from /home/airflow/.local/lib/python3.8/site-packages/airflow/example_dags/example_local_kubernetes_executor.py
[2024-05-13T15:33:36.753+0000] {processor.py:840} INFO - DAG(s) 'example_local_kubernetes_executor' retrieved from /home/airflow/.local/lib/python3.8/site-packages/airflow/example_dags/example_local_kubernetes_executor.py
[2024-05-13T15:33:36.794+0000] {logging_mixin.py:188} INFO - [2024-05-13T15:33:36.793+0000] {dag.py:3047} INFO - Sync 1 DAGs
[2024-05-13T15:33:36.808+0000] {logging_mixin.py:188} INFO - [2024-05-13T15:33:36.808+0000] {dag.py:3834} INFO - Setting next_dagrun for example_local_kubernetes_executor to None, run_after=None
[2024-05-13T15:33:36.835+0000] {processor.py:183} INFO - Processing /home/airflow/.local/lib/python3.8/site-packages/airflow/example_dags/example_local_kubernetes_executor.py took 0.098 seconds
[2024-05-13T15:34:07.372+0000] {processor.py:161} INFO - Started process (PID=2618) to work on /home/airflow/.local/lib/python3.8/site-packages/airflow/example_dags/example_local_kubernetes_executor.py
[2024-05-13T15:34:07.373+0000] {processor.py:830} INFO - Processing file /home/airflow/.local/lib/python3.8/site-packages/airflow/example_dags/example_local_kubernetes_executor.py for tasks to queue
[2024-05-13T15:34:07.375+0000] {logging_mixin.py:188} INFO - [2024-05-13T15:34:07.375+0000] {dagbag.py:540} INFO - Filling up the DagBag from /home/airflow/.local/lib/python3.8/site-packages/airflow/example_dags/example_local_kubernetes_executor.py
[2024-05-13T15:34:07.385+0000] {processor.py:840} INFO - DAG(s) 'example_local_kubernetes_executor' retrieved from /home/airflow/.local/lib/python3.8/site-packages/airflow/example_dags/example_local_kubernetes_executor.py
[2024-05-13T15:34:07.428+0000] {logging_mixin.py:188} INFO - [2024-05-13T15:34:07.428+0000] {dag.py:3047} INFO - Sync 1 DAGs
[2024-05-13T15:34:07.441+0000] {logging_mixin.py:188} INFO - [2024-05-13T15:34:07.441+0000] {dag.py:3834} INFO - Setting next_dagrun for example_local_kubernetes_executor to None, run_after=None
[2024-05-13T15:34:07.468+0000] {processor.py:183} INFO - Processing /home/airflow/.local/lib/python3.8/site-packages/airflow/example_dags/example_local_kubernetes_executor.py took 0.099 seconds
[2024-05-13T15:34:37.795+0000] {processor.py:161} INFO - Started process (PID=2687) to work on /home/airflow/.local/lib/python3.8/site-packages/airflow/example_dags/example_local_kubernetes_executor.py
[2024-05-13T15:34:37.796+0000] {processor.py:830} INFO - Processing file /home/airflow/.local/lib/python3.8/site-packages/airflow/example_dags/example_local_kubernetes_executor.py for tasks to queue
[2024-05-13T15:34:37.798+0000] {logging_mixin.py:188} INFO - [2024-05-13T15:34:37.798+0000] {dagbag.py:540} INFO - Filling up the DagBag from /home/airflow/.local/lib/python3.8/site-packages/airflow/example_dags/example_local_kubernetes_executor.py
[2024-05-13T15:34:37.805+0000] {processor.py:840} INFO - DAG(s) 'example_local_kubernetes_executor' retrieved from /home/airflow/.local/lib/python3.8/site-packages/airflow/example_dags/example_local_kubernetes_executor.py
[2024-05-13T15:34:37.837+0000] {logging_mixin.py:188} INFO - [2024-05-13T15:34:37.836+0000] {dag.py:3047} INFO - Sync 1 DAGs
[2024-05-13T15:34:37.848+0000] {logging_mixin.py:188} INFO - [2024-05-13T15:34:37.848+0000] {dag.py:3834} INFO - Setting next_dagrun for example_local_kubernetes_executor to None, run_after=None
[2024-05-13T15:34:37.866+0000] {processor.py:183} INFO - Processing /home/airflow/.local/lib/python3.8/site-packages/airflow/example_dags/example_local_kubernetes_executor.py took 0.074 seconds
[2024-05-13T15:35:08.381+0000] {processor.py:161} INFO - Started process (PID=2755) to work on /home/airflow/.local/lib/python3.8/site-packages/airflow/example_dags/example_local_kubernetes_executor.py
[2024-05-13T15:35:08.382+0000] {processor.py:830} INFO - Processing file /home/airflow/.local/lib/python3.8/site-packages/airflow/example_dags/example_local_kubernetes_executor.py for tasks to queue
[2024-05-13T15:35:08.383+0000] {logging_mixin.py:188} INFO - [2024-05-13T15:35:08.383+0000] {dagbag.py:540} INFO - Filling up the DagBag from /home/airflow/.local/lib/python3.8/site-packages/airflow/example_dags/example_local_kubernetes_executor.py
[2024-05-13T15:35:08.390+0000] {processor.py:840} INFO - DAG(s) 'example_local_kubernetes_executor' retrieved from /home/airflow/.local/lib/python3.8/site-packages/airflow/example_dags/example_local_kubernetes_executor.py
[2024-05-13T15:35:08.420+0000] {logging_mixin.py:188} INFO - [2024-05-13T15:35:08.420+0000] {dag.py:3047} INFO - Sync 1 DAGs
[2024-05-13T15:35:08.432+0000] {logging_mixin.py:188} INFO - [2024-05-13T15:35:08.432+0000] {dag.py:3834} INFO - Setting next_dagrun for example_local_kubernetes_executor to None, run_after=None
[2024-05-13T15:35:08.450+0000] {processor.py:183} INFO - Processing /home/airflow/.local/lib/python3.8/site-packages/airflow/example_dags/example_local_kubernetes_executor.py took 0.072 seconds
[2024-05-13T15:35:38.873+0000] {processor.py:161} INFO - Started process (PID=2823) to work on /home/airflow/.local/lib/python3.8/site-packages/airflow/example_dags/example_local_kubernetes_executor.py
[2024-05-13T15:35:38.874+0000] {processor.py:830} INFO - Processing file /home/airflow/.local/lib/python3.8/site-packages/airflow/example_dags/example_local_kubernetes_executor.py for tasks to queue
[2024-05-13T15:35:38.876+0000] {logging_mixin.py:188} INFO - [2024-05-13T15:35:38.875+0000] {dagbag.py:540} INFO - Filling up the DagBag from /home/airflow/.local/lib/python3.8/site-packages/airflow/example_dags/example_local_kubernetes_executor.py
[2024-05-13T15:35:38.883+0000] {processor.py:840} INFO - DAG(s) 'example_local_kubernetes_executor' retrieved from /home/airflow/.local/lib/python3.8/site-packages/airflow/example_dags/example_local_kubernetes_executor.py
[2024-05-13T15:35:38.913+0000] {logging_mixin.py:188} INFO - [2024-05-13T15:35:38.913+0000] {dag.py:3047} INFO - Sync 1 DAGs
[2024-05-13T15:35:38.924+0000] {logging_mixin.py:188} INFO - [2024-05-13T15:35:38.924+0000] {dag.py:3834} INFO - Setting next_dagrun for example_local_kubernetes_executor to None, run_after=None
[2024-05-13T15:35:38.946+0000] {processor.py:183} INFO - Processing /home/airflow/.local/lib/python3.8/site-packages/airflow/example_dags/example_local_kubernetes_executor.py took 0.076 seconds
[2024-05-13T15:36:09.807+0000] {processor.py:161} INFO - Started process (PID=2891) to work on /home/airflow/.local/lib/python3.8/site-packages/airflow/example_dags/example_local_kubernetes_executor.py
[2024-05-13T15:36:09.808+0000] {processor.py:830} INFO - Processing file /home/airflow/.local/lib/python3.8/site-packages/airflow/example_dags/example_local_kubernetes_executor.py for tasks to queue
[2024-05-13T15:36:09.810+0000] {logging_mixin.py:188} INFO - [2024-05-13T15:36:09.809+0000] {dagbag.py:540} INFO - Filling up the DagBag from /home/airflow/.local/lib/python3.8/site-packages/airflow/example_dags/example_local_kubernetes_executor.py
[2024-05-13T15:36:09.816+0000] {processor.py:840} INFO - DAG(s) 'example_local_kubernetes_executor' retrieved from /home/airflow/.local/lib/python3.8/site-packages/airflow/example_dags/example_local_kubernetes_executor.py
[2024-05-13T15:36:09.849+0000] {logging_mixin.py:188} INFO - [2024-05-13T15:36:09.849+0000] {dag.py:3047} INFO - Sync 1 DAGs
[2024-05-13T15:36:09.860+0000] {logging_mixin.py:188} INFO - [2024-05-13T15:36:09.860+0000] {dag.py:3834} INFO - Setting next_dagrun for example_local_kubernetes_executor to None, run_after=None
[2024-05-13T15:36:09.882+0000] {processor.py:183} INFO - Processing /home/airflow/.local/lib/python3.8/site-packages/airflow/example_dags/example_local_kubernetes_executor.py took 0.078 seconds
[2024-05-13T15:36:40.170+0000] {processor.py:161} INFO - Started process (PID=2959) to work on /home/airflow/.local/lib/python3.8/site-packages/airflow/example_dags/example_local_kubernetes_executor.py
[2024-05-13T15:36:40.171+0000] {processor.py:830} INFO - Processing file /home/airflow/.local/lib/python3.8/site-packages/airflow/example_dags/example_local_kubernetes_executor.py for tasks to queue
[2024-05-13T15:36:40.173+0000] {logging_mixin.py:188} INFO - [2024-05-13T15:36:40.173+0000] {dagbag.py:540} INFO - Filling up the DagBag from /home/airflow/.local/lib/python3.8/site-packages/airflow/example_dags/example_local_kubernetes_executor.py
[2024-05-13T15:36:40.183+0000] {processor.py:840} INFO - DAG(s) 'example_local_kubernetes_executor' retrieved from /home/airflow/.local/lib/python3.8/site-packages/airflow/example_dags/example_local_kubernetes_executor.py
[2024-05-13T15:36:40.217+0000] {logging_mixin.py:188} INFO - [2024-05-13T15:36:40.216+0000] {dag.py:3047} INFO - Sync 1 DAGs
[2024-05-13T15:36:40.230+0000] {logging_mixin.py:188} INFO - [2024-05-13T15:36:40.230+0000] {dag.py:3834} INFO - Setting next_dagrun for example_local_kubernetes_executor to None, run_after=None
[2024-05-13T15:36:40.250+0000] {processor.py:183} INFO - Processing /home/airflow/.local/lib/python3.8/site-packages/airflow/example_dags/example_local_kubernetes_executor.py took 0.083 seconds
[2024-05-13T15:37:11.164+0000] {processor.py:161} INFO - Started process (PID=3027) to work on /home/airflow/.local/lib/python3.8/site-packages/airflow/example_dags/example_local_kubernetes_executor.py
[2024-05-13T15:37:11.165+0000] {processor.py:830} INFO - Processing file /home/airflow/.local/lib/python3.8/site-packages/airflow/example_dags/example_local_kubernetes_executor.py for tasks to queue
[2024-05-13T15:37:11.167+0000] {logging_mixin.py:188} INFO - [2024-05-13T15:37:11.167+0000] {dagbag.py:540} INFO - Filling up the DagBag from /home/airflow/.local/lib/python3.8/site-packages/airflow/example_dags/example_local_kubernetes_executor.py
[2024-05-13T15:37:11.174+0000] {processor.py:840} INFO - DAG(s) 'example_local_kubernetes_executor' retrieved from /home/airflow/.local/lib/python3.8/site-packages/airflow/example_dags/example_local_kubernetes_executor.py
[2024-05-13T15:37:11.209+0000] {logging_mixin.py:188} INFO - [2024-05-13T15:37:11.209+0000] {dag.py:3047} INFO - Sync 1 DAGs
[2024-05-13T15:37:11.221+0000] {logging_mixin.py:188} INFO - [2024-05-13T15:37:11.221+0000] {dag.py:3834} INFO - Setting next_dagrun for example_local_kubernetes_executor to None, run_after=None
[2024-05-13T15:37:11.242+0000] {processor.py:183} INFO - Processing /home/airflow/.local/lib/python3.8/site-packages/airflow/example_dags/example_local_kubernetes_executor.py took 0.081 seconds
[2024-05-13T15:37:42.112+0000] {processor.py:161} INFO - Started process (PID=3095) to work on /home/airflow/.local/lib/python3.8/site-packages/airflow/example_dags/example_local_kubernetes_executor.py
[2024-05-13T15:37:42.113+0000] {processor.py:830} INFO - Processing file /home/airflow/.local/lib/python3.8/site-packages/airflow/example_dags/example_local_kubernetes_executor.py for tasks to queue
[2024-05-13T15:37:42.115+0000] {logging_mixin.py:188} INFO - [2024-05-13T15:37:42.114+0000] {dagbag.py:540} INFO - Filling up the DagBag from /home/airflow/.local/lib/python3.8/site-packages/airflow/example_dags/example_local_kubernetes_executor.py
[2024-05-13T15:37:42.122+0000] {processor.py:840} INFO - DAG(s) 'example_local_kubernetes_executor' retrieved from /home/airflow/.local/lib/python3.8/site-packages/airflow/example_dags/example_local_kubernetes_executor.py
[2024-05-13T15:37:42.157+0000] {logging_mixin.py:188} INFO - [2024-05-13T15:37:42.156+0000] {dag.py:3047} INFO - Sync 1 DAGs
[2024-05-13T15:37:42.170+0000] {logging_mixin.py:188} INFO - [2024-05-13T15:37:42.170+0000] {dag.py:3834} INFO - Setting next_dagrun for example_local_kubernetes_executor to None, run_after=None
[2024-05-13T15:37:42.190+0000] {processor.py:183} INFO - Processing /home/airflow/.local/lib/python3.8/site-packages/airflow/example_dags/example_local_kubernetes_executor.py took 0.082 seconds
[2024-05-13T15:38:12.894+0000] {processor.py:161} INFO - Started process (PID=3162) to work on /home/airflow/.local/lib/python3.8/site-packages/airflow/example_dags/example_local_kubernetes_executor.py
[2024-05-13T15:38:12.895+0000] {processor.py:830} INFO - Processing file /home/airflow/.local/lib/python3.8/site-packages/airflow/example_dags/example_local_kubernetes_executor.py for tasks to queue
[2024-05-13T15:38:12.897+0000] {logging_mixin.py:188} INFO - [2024-05-13T15:38:12.897+0000] {dagbag.py:540} INFO - Filling up the DagBag from /home/airflow/.local/lib/python3.8/site-packages/airflow/example_dags/example_local_kubernetes_executor.py
[2024-05-13T15:38:12.905+0000] {processor.py:840} INFO - DAG(s) 'example_local_kubernetes_executor' retrieved from /home/airflow/.local/lib/python3.8/site-packages/airflow/example_dags/example_local_kubernetes_executor.py
[2024-05-13T15:38:12.941+0000] {logging_mixin.py:188} INFO - [2024-05-13T15:38:12.940+0000] {dag.py:3047} INFO - Sync 1 DAGs
[2024-05-13T15:38:12.954+0000] {logging_mixin.py:188} INFO - [2024-05-13T15:38:12.953+0000] {dag.py:3834} INFO - Setting next_dagrun for example_local_kubernetes_executor to None, run_after=None
[2024-05-13T15:38:12.983+0000] {processor.py:183} INFO - Processing /home/airflow/.local/lib/python3.8/site-packages/airflow/example_dags/example_local_kubernetes_executor.py took 0.093 seconds
[2024-05-13T15:38:43.413+0000] {processor.py:161} INFO - Started process (PID=3218) to work on /home/airflow/.local/lib/python3.8/site-packages/airflow/example_dags/example_local_kubernetes_executor.py
[2024-05-13T15:38:43.414+0000] {processor.py:830} INFO - Processing file /home/airflow/.local/lib/python3.8/site-packages/airflow/example_dags/example_local_kubernetes_executor.py for tasks to queue
[2024-05-13T15:38:43.416+0000] {logging_mixin.py:188} INFO - [2024-05-13T15:38:43.416+0000] {dagbag.py:540} INFO - Filling up the DagBag from /home/airflow/.local/lib/python3.8/site-packages/airflow/example_dags/example_local_kubernetes_executor.py
[2024-05-13T15:38:43.423+0000] {processor.py:840} INFO - DAG(s) 'example_local_kubernetes_executor' retrieved from /home/airflow/.local/lib/python3.8/site-packages/airflow/example_dags/example_local_kubernetes_executor.py
[2024-05-13T15:38:43.456+0000] {logging_mixin.py:188} INFO - [2024-05-13T15:38:43.455+0000] {dag.py:3047} INFO - Sync 1 DAGs
[2024-05-13T15:38:43.469+0000] {logging_mixin.py:188} INFO - [2024-05-13T15:38:43.469+0000] {dag.py:3834} INFO - Setting next_dagrun for example_local_kubernetes_executor to None, run_after=None
[2024-05-13T15:38:43.487+0000] {processor.py:183} INFO - Processing /home/airflow/.local/lib/python3.8/site-packages/airflow/example_dags/example_local_kubernetes_executor.py took 0.076 seconds
[2024-05-13T15:39:13.852+0000] {processor.py:161} INFO - Started process (PID=3286) to work on /home/airflow/.local/lib/python3.8/site-packages/airflow/example_dags/example_local_kubernetes_executor.py
[2024-05-13T15:39:13.853+0000] {processor.py:830} INFO - Processing file /home/airflow/.local/lib/python3.8/site-packages/airflow/example_dags/example_local_kubernetes_executor.py for tasks to queue
[2024-05-13T15:39:13.854+0000] {logging_mixin.py:188} INFO - [2024-05-13T15:39:13.854+0000] {dagbag.py:540} INFO - Filling up the DagBag from /home/airflow/.local/lib/python3.8/site-packages/airflow/example_dags/example_local_kubernetes_executor.py
[2024-05-13T15:39:13.862+0000] {processor.py:840} INFO - DAG(s) 'example_local_kubernetes_executor' retrieved from /home/airflow/.local/lib/python3.8/site-packages/airflow/example_dags/example_local_kubernetes_executor.py
[2024-05-13T15:39:13.896+0000] {logging_mixin.py:188} INFO - [2024-05-13T15:39:13.895+0000] {dag.py:3047} INFO - Sync 1 DAGs
[2024-05-13T15:39:13.910+0000] {logging_mixin.py:188} INFO - [2024-05-13T15:39:13.909+0000] {dag.py:3834} INFO - Setting next_dagrun for example_local_kubernetes_executor to None, run_after=None
[2024-05-13T15:39:13.935+0000] {processor.py:183} INFO - Processing /home/airflow/.local/lib/python3.8/site-packages/airflow/example_dags/example_local_kubernetes_executor.py took 0.087 seconds
[2024-05-13T15:39:44.636+0000] {processor.py:161} INFO - Started process (PID=3354) to work on /home/airflow/.local/lib/python3.8/site-packages/airflow/example_dags/example_local_kubernetes_executor.py
[2024-05-13T15:39:44.637+0000] {processor.py:830} INFO - Processing file /home/airflow/.local/lib/python3.8/site-packages/airflow/example_dags/example_local_kubernetes_executor.py for tasks to queue
[2024-05-13T15:39:44.639+0000] {logging_mixin.py:188} INFO - [2024-05-13T15:39:44.639+0000] {dagbag.py:540} INFO - Filling up the DagBag from /home/airflow/.local/lib/python3.8/site-packages/airflow/example_dags/example_local_kubernetes_executor.py
[2024-05-13T15:39:44.646+0000] {processor.py:840} INFO - DAG(s) 'example_local_kubernetes_executor' retrieved from /home/airflow/.local/lib/python3.8/site-packages/airflow/example_dags/example_local_kubernetes_executor.py
[2024-05-13T15:39:44.677+0000] {logging_mixin.py:188} INFO - [2024-05-13T15:39:44.677+0000] {dag.py:3047} INFO - Sync 1 DAGs
[2024-05-13T15:39:44.691+0000] {logging_mixin.py:188} INFO - [2024-05-13T15:39:44.690+0000] {dag.py:3834} INFO - Setting next_dagrun for example_local_kubernetes_executor to None, run_after=None
[2024-05-13T15:39:44.829+0000] {processor.py:183} INFO - Processing /home/airflow/.local/lib/python3.8/site-packages/airflow/example_dags/example_local_kubernetes_executor.py took 0.196 seconds
[2024-05-13T15:40:15.617+0000] {processor.py:161} INFO - Started process (PID=3422) to work on /home/airflow/.local/lib/python3.8/site-packages/airflow/example_dags/example_local_kubernetes_executor.py
[2024-05-13T15:40:15.618+0000] {processor.py:830} INFO - Processing file /home/airflow/.local/lib/python3.8/site-packages/airflow/example_dags/example_local_kubernetes_executor.py for tasks to queue
[2024-05-13T15:40:15.620+0000] {logging_mixin.py:188} INFO - [2024-05-13T15:40:15.619+0000] {dagbag.py:540} INFO - Filling up the DagBag from /home/airflow/.local/lib/python3.8/site-packages/airflow/example_dags/example_local_kubernetes_executor.py
[2024-05-13T15:40:15.627+0000] {processor.py:840} INFO - DAG(s) 'example_local_kubernetes_executor' retrieved from /home/airflow/.local/lib/python3.8/site-packages/airflow/example_dags/example_local_kubernetes_executor.py
[2024-05-13T15:40:15.665+0000] {logging_mixin.py:188} INFO - [2024-05-13T15:40:15.664+0000] {dag.py:3047} INFO - Sync 1 DAGs
[2024-05-13T15:40:15.677+0000] {logging_mixin.py:188} INFO - [2024-05-13T15:40:15.677+0000] {dag.py:3834} INFO - Setting next_dagrun for example_local_kubernetes_executor to None, run_after=None
[2024-05-13T15:40:15.701+0000] {processor.py:183} INFO - Processing /home/airflow/.local/lib/python3.8/site-packages/airflow/example_dags/example_local_kubernetes_executor.py took 0.086 seconds
[2024-05-13T15:40:45.805+0000] {processor.py:161} INFO - Started process (PID=3490) to work on /home/airflow/.local/lib/python3.8/site-packages/airflow/example_dags/example_local_kubernetes_executor.py
[2024-05-13T15:40:45.806+0000] {processor.py:830} INFO - Processing file /home/airflow/.local/lib/python3.8/site-packages/airflow/example_dags/example_local_kubernetes_executor.py for tasks to queue
[2024-05-13T15:40:45.808+0000] {logging_mixin.py:188} INFO - [2024-05-13T15:40:45.808+0000] {dagbag.py:540} INFO - Filling up the DagBag from /home/airflow/.local/lib/python3.8/site-packages/airflow/example_dags/example_local_kubernetes_executor.py
[2024-05-13T15:40:45.816+0000] {processor.py:840} INFO - DAG(s) 'example_local_kubernetes_executor' retrieved from /home/airflow/.local/lib/python3.8/site-packages/airflow/example_dags/example_local_kubernetes_executor.py
[2024-05-13T15:40:45.853+0000] {logging_mixin.py:188} INFO - [2024-05-13T15:40:45.852+0000] {dag.py:3047} INFO - Sync 1 DAGs
[2024-05-13T15:40:45.865+0000] {logging_mixin.py:188} INFO - [2024-05-13T15:40:45.865+0000] {dag.py:3834} INFO - Setting next_dagrun for example_local_kubernetes_executor to None, run_after=None
[2024-05-13T15:40:45.885+0000] {processor.py:183} INFO - Processing /home/airflow/.local/lib/python3.8/site-packages/airflow/example_dags/example_local_kubernetes_executor.py took 0.082 seconds
[2024-05-13T15:41:16.139+0000] {processor.py:161} INFO - Started process (PID=3558) to work on /home/airflow/.local/lib/python3.8/site-packages/airflow/example_dags/example_local_kubernetes_executor.py
[2024-05-13T15:41:16.140+0000] {processor.py:830} INFO - Processing file /home/airflow/.local/lib/python3.8/site-packages/airflow/example_dags/example_local_kubernetes_executor.py for tasks to queue
[2024-05-13T15:41:16.142+0000] {logging_mixin.py:188} INFO - [2024-05-13T15:41:16.141+0000] {dagbag.py:540} INFO - Filling up the DagBag from /home/airflow/.local/lib/python3.8/site-packages/airflow/example_dags/example_local_kubernetes_executor.py
[2024-05-13T15:41:16.148+0000] {processor.py:840} INFO - DAG(s) 'example_local_kubernetes_executor' retrieved from /home/airflow/.local/lib/python3.8/site-packages/airflow/example_dags/example_local_kubernetes_executor.py
[2024-05-13T15:41:16.178+0000] {logging_mixin.py:188} INFO - [2024-05-13T15:41:16.178+0000] {dag.py:3047} INFO - Sync 1 DAGs
[2024-05-13T15:41:16.190+0000] {logging_mixin.py:188} INFO - [2024-05-13T15:41:16.190+0000] {dag.py:3834} INFO - Setting next_dagrun for example_local_kubernetes_executor to None, run_after=None
[2024-05-13T15:41:16.208+0000] {processor.py:183} INFO - Processing /home/airflow/.local/lib/python3.8/site-packages/airflow/example_dags/example_local_kubernetes_executor.py took 0.072 seconds
[2024-05-13T15:41:46.518+0000] {processor.py:161} INFO - Started process (PID=3632) to work on /home/airflow/.local/lib/python3.8/site-packages/airflow/example_dags/example_local_kubernetes_executor.py
[2024-05-13T15:41:46.519+0000] {processor.py:830} INFO - Processing file /home/airflow/.local/lib/python3.8/site-packages/airflow/example_dags/example_local_kubernetes_executor.py for tasks to queue
[2024-05-13T15:41:46.521+0000] {logging_mixin.py:188} INFO - [2024-05-13T15:41:46.520+0000] {dagbag.py:540} INFO - Filling up the DagBag from /home/airflow/.local/lib/python3.8/site-packages/airflow/example_dags/example_local_kubernetes_executor.py
[2024-05-13T15:41:46.529+0000] {processor.py:840} INFO - DAG(s) 'example_local_kubernetes_executor' retrieved from /home/airflow/.local/lib/python3.8/site-packages/airflow/example_dags/example_local_kubernetes_executor.py
[2024-05-13T15:41:46.563+0000] {logging_mixin.py:188} INFO - [2024-05-13T15:41:46.563+0000] {dag.py:3047} INFO - Sync 1 DAGs
[2024-05-13T15:41:46.575+0000] {logging_mixin.py:188} INFO - [2024-05-13T15:41:46.575+0000] {dag.py:3834} INFO - Setting next_dagrun for example_local_kubernetes_executor to None, run_after=None
[2024-05-13T15:41:46.595+0000] {processor.py:183} INFO - Processing /home/airflow/.local/lib/python3.8/site-packages/airflow/example_dags/example_local_kubernetes_executor.py took 0.081 seconds
[2024-05-13T15:42:16.667+0000] {processor.py:161} INFO - Started process (PID=3700) to work on /home/airflow/.local/lib/python3.8/site-packages/airflow/example_dags/example_local_kubernetes_executor.py
[2024-05-13T15:42:16.668+0000] {processor.py:830} INFO - Processing file /home/airflow/.local/lib/python3.8/site-packages/airflow/example_dags/example_local_kubernetes_executor.py for tasks to queue
[2024-05-13T15:42:16.670+0000] {logging_mixin.py:188} INFO - [2024-05-13T15:42:16.670+0000] {dagbag.py:540} INFO - Filling up the DagBag from /home/airflow/.local/lib/python3.8/site-packages/airflow/example_dags/example_local_kubernetes_executor.py
[2024-05-13T15:42:16.677+0000] {processor.py:840} INFO - DAG(s) 'example_local_kubernetes_executor' retrieved from /home/airflow/.local/lib/python3.8/site-packages/airflow/example_dags/example_local_kubernetes_executor.py
[2024-05-13T15:42:16.820+0000] {logging_mixin.py:188} INFO - [2024-05-13T15:42:16.820+0000] {dag.py:3047} INFO - Sync 1 DAGs
[2024-05-13T15:42:16.830+0000] {logging_mixin.py:188} INFO - [2024-05-13T15:42:16.829+0000] {dag.py:3834} INFO - Setting next_dagrun for example_local_kubernetes_executor to None, run_after=None
[2024-05-13T15:42:16.847+0000] {processor.py:183} INFO - Processing /home/airflow/.local/lib/python3.8/site-packages/airflow/example_dags/example_local_kubernetes_executor.py took 0.182 seconds
[2024-05-13T15:42:47.788+0000] {processor.py:161} INFO - Started process (PID=3768) to work on /home/airflow/.local/lib/python3.8/site-packages/airflow/example_dags/example_local_kubernetes_executor.py
[2024-05-13T15:42:47.789+0000] {processor.py:830} INFO - Processing file /home/airflow/.local/lib/python3.8/site-packages/airflow/example_dags/example_local_kubernetes_executor.py for tasks to queue
[2024-05-13T15:42:47.790+0000] {logging_mixin.py:188} INFO - [2024-05-13T15:42:47.790+0000] {dagbag.py:540} INFO - Filling up the DagBag from /home/airflow/.local/lib/python3.8/site-packages/airflow/example_dags/example_local_kubernetes_executor.py
[2024-05-13T15:42:47.797+0000] {processor.py:840} INFO - DAG(s) 'example_local_kubernetes_executor' retrieved from /home/airflow/.local/lib/python3.8/site-packages/airflow/example_dags/example_local_kubernetes_executor.py
[2024-05-13T15:42:47.834+0000] {logging_mixin.py:188} INFO - [2024-05-13T15:42:47.834+0000] {dag.py:3047} INFO - Sync 1 DAGs
[2024-05-13T15:42:47.850+0000] {logging_mixin.py:188} INFO - [2024-05-13T15:42:47.850+0000] {dag.py:3834} INFO - Setting next_dagrun for example_local_kubernetes_executor to None, run_after=None
[2024-05-13T15:42:47.871+0000] {processor.py:183} INFO - Processing /home/airflow/.local/lib/python3.8/site-packages/airflow/example_dags/example_local_kubernetes_executor.py took 0.087 seconds
[2024-05-13T15:43:18.464+0000] {processor.py:161} INFO - Started process (PID=3836) to work on /home/airflow/.local/lib/python3.8/site-packages/airflow/example_dags/example_local_kubernetes_executor.py
[2024-05-13T15:43:18.465+0000] {processor.py:830} INFO - Processing file /home/airflow/.local/lib/python3.8/site-packages/airflow/example_dags/example_local_kubernetes_executor.py for tasks to queue
[2024-05-13T15:43:18.467+0000] {logging_mixin.py:188} INFO - [2024-05-13T15:43:18.467+0000] {dagbag.py:540} INFO - Filling up the DagBag from /home/airflow/.local/lib/python3.8/site-packages/airflow/example_dags/example_local_kubernetes_executor.py
[2024-05-13T15:43:18.476+0000] {processor.py:840} INFO - DAG(s) 'example_local_kubernetes_executor' retrieved from /home/airflow/.local/lib/python3.8/site-packages/airflow/example_dags/example_local_kubernetes_executor.py
[2024-05-13T15:43:18.514+0000] {logging_mixin.py:188} INFO - [2024-05-13T15:43:18.514+0000] {dag.py:3047} INFO - Sync 1 DAGs
[2024-05-13T15:43:18.526+0000] {logging_mixin.py:188} INFO - [2024-05-13T15:43:18.526+0000] {dag.py:3834} INFO - Setting next_dagrun for example_local_kubernetes_executor to None, run_after=None
[2024-05-13T15:43:18.551+0000] {processor.py:183} INFO - Processing /home/airflow/.local/lib/python3.8/site-packages/airflow/example_dags/example_local_kubernetes_executor.py took 0.091 seconds
[2024-05-13T15:43:48.931+0000] {processor.py:161} INFO - Started process (PID=3904) to work on /home/airflow/.local/lib/python3.8/site-packages/airflow/example_dags/example_local_kubernetes_executor.py
[2024-05-13T15:43:48.932+0000] {processor.py:830} INFO - Processing file /home/airflow/.local/lib/python3.8/site-packages/airflow/example_dags/example_local_kubernetes_executor.py for tasks to queue
[2024-05-13T15:43:48.934+0000] {logging_mixin.py:188} INFO - [2024-05-13T15:43:48.934+0000] {dagbag.py:540} INFO - Filling up the DagBag from /home/airflow/.local/lib/python3.8/site-packages/airflow/example_dags/example_local_kubernetes_executor.py
[2024-05-13T15:43:48.944+0000] {processor.py:840} INFO - DAG(s) 'example_local_kubernetes_executor' retrieved from /home/airflow/.local/lib/python3.8/site-packages/airflow/example_dags/example_local_kubernetes_executor.py
[2024-05-13T15:43:48.981+0000] {logging_mixin.py:188} INFO - [2024-05-13T15:43:48.980+0000] {dag.py:3047} INFO - Sync 1 DAGs
[2024-05-13T15:43:48.994+0000] {logging_mixin.py:188} INFO - [2024-05-13T15:43:48.994+0000] {dag.py:3834} INFO - Setting next_dagrun for example_local_kubernetes_executor to None, run_after=None
[2024-05-13T15:43:49.020+0000] {processor.py:183} INFO - Processing /home/airflow/.local/lib/python3.8/site-packages/airflow/example_dags/example_local_kubernetes_executor.py took 0.093 seconds
[2024-05-13T15:44:19.245+0000] {processor.py:161} INFO - Started process (PID=3972) to work on /home/airflow/.local/lib/python3.8/site-packages/airflow/example_dags/example_local_kubernetes_executor.py
[2024-05-13T15:44:19.246+0000] {processor.py:830} INFO - Processing file /home/airflow/.local/lib/python3.8/site-packages/airflow/example_dags/example_local_kubernetes_executor.py for tasks to queue
[2024-05-13T15:44:19.247+0000] {logging_mixin.py:188} INFO - [2024-05-13T15:44:19.247+0000] {dagbag.py:540} INFO - Filling up the DagBag from /home/airflow/.local/lib/python3.8/site-packages/airflow/example_dags/example_local_kubernetes_executor.py
[2024-05-13T15:44:19.254+0000] {processor.py:840} INFO - DAG(s) 'example_local_kubernetes_executor' retrieved from /home/airflow/.local/lib/python3.8/site-packages/airflow/example_dags/example_local_kubernetes_executor.py
[2024-05-13T15:44:19.284+0000] {logging_mixin.py:188} INFO - [2024-05-13T15:44:19.284+0000] {dag.py:3047} INFO - Sync 1 DAGs
[2024-05-13T15:44:19.295+0000] {logging_mixin.py:188} INFO - [2024-05-13T15:44:19.295+0000] {dag.py:3834} INFO - Setting next_dagrun for example_local_kubernetes_executor to None, run_after=None
[2024-05-13T15:44:19.312+0000] {processor.py:183} INFO - Processing /home/airflow/.local/lib/python3.8/site-packages/airflow/example_dags/example_local_kubernetes_executor.py took 0.070 seconds
