[2024-05-13T15:15:18.865+0000] {processor.py:161} INFO - Started process (PID=92) to work on /home/airflow/.local/lib/python3.8/site-packages/airflow/example_dags/example_bash_operator.py
[2024-05-13T15:15:18.866+0000] {processor.py:830} INFO - Processing file /home/airflow/.local/lib/python3.8/site-packages/airflow/example_dags/example_bash_operator.py for tasks to queue
[2024-05-13T15:15:18.868+0000] {logging_mixin.py:188} INFO - [2024-05-13T15:15:18.868+0000] {dagbag.py:540} INFO - Filling up the DagBag from /home/airflow/.local/lib/python3.8/site-packages/airflow/example_dags/example_bash_operator.py
[2024-05-13T15:15:18.885+0000] {processor.py:840} INFO - DAG(s) 'example_bash_operator' retrieved from /home/airflow/.local/lib/python3.8/site-packages/airflow/example_dags/example_bash_operator.py
[2024-05-13T15:15:18.997+0000] {logging_mixin.py:188} INFO - [2024-05-13T15:15:18.996+0000] {override.py:1769} INFO - Created Permission View: can delete on DAG:example_bash_operator
[2024-05-13T15:15:19.007+0000] {logging_mixin.py:188} INFO - [2024-05-13T15:15:19.007+0000] {override.py:1769} INFO - Created Permission View: can edit on DAG:example_bash_operator
[2024-05-13T15:15:19.017+0000] {logging_mixin.py:188} INFO - [2024-05-13T15:15:19.016+0000] {override.py:1769} INFO - Created Permission View: can read on DAG:example_bash_operator
[2024-05-13T15:15:19.017+0000] {logging_mixin.py:188} INFO - [2024-05-13T15:15:19.017+0000] {dag.py:3047} INFO - Sync 1 DAGs
[2024-05-13T15:15:19.027+0000] {logging_mixin.py:188} INFO - [2024-05-13T15:15:19.027+0000] {dag.py:3069} INFO - Creating ORM DAG for example_bash_operator
[2024-05-13T15:15:19.037+0000] {logging_mixin.py:188} INFO - [2024-05-13T15:15:19.037+0000] {dag.py:3834} INFO - Setting next_dagrun for example_bash_operator to 2024-05-12 00:00:00+00:00, run_after=2024-05-13 00:00:00+00:00
[2024-05-13T15:15:19.057+0000] {processor.py:183} INFO - Processing /home/airflow/.local/lib/python3.8/site-packages/airflow/example_dags/example_bash_operator.py took 0.196 seconds
[2024-05-13T15:15:49.754+0000] {processor.py:161} INFO - Started process (PID=160) to work on /home/airflow/.local/lib/python3.8/site-packages/airflow/example_dags/example_bash_operator.py
[2024-05-13T15:15:49.755+0000] {processor.py:830} INFO - Processing file /home/airflow/.local/lib/python3.8/site-packages/airflow/example_dags/example_bash_operator.py for tasks to queue
[2024-05-13T15:15:49.758+0000] {logging_mixin.py:188} INFO - [2024-05-13T15:15:49.757+0000] {dagbag.py:540} INFO - Filling up the DagBag from /home/airflow/.local/lib/python3.8/site-packages/airflow/example_dags/example_bash_operator.py
[2024-05-13T15:15:49.768+0000] {processor.py:840} INFO - DAG(s) 'example_bash_operator' retrieved from /home/airflow/.local/lib/python3.8/site-packages/airflow/example_dags/example_bash_operator.py
[2024-05-13T15:15:49.794+0000] {logging_mixin.py:188} INFO - [2024-05-13T15:15:49.794+0000] {dag.py:3047} INFO - Sync 1 DAGs
[2024-05-13T15:15:49.816+0000] {logging_mixin.py:188} INFO - [2024-05-13T15:15:49.816+0000] {dag.py:3834} INFO - Setting next_dagrun for example_bash_operator to 2024-05-12 00:00:00+00:00, run_after=2024-05-13 00:00:00+00:00
[2024-05-13T15:15:49.835+0000] {processor.py:183} INFO - Processing /home/airflow/.local/lib/python3.8/site-packages/airflow/example_dags/example_bash_operator.py took 0.083 seconds
[2024-05-13T15:16:20.013+0000] {processor.py:161} INFO - Started process (PID=227) to work on /home/airflow/.local/lib/python3.8/site-packages/airflow/example_dags/example_bash_operator.py
[2024-05-13T15:16:20.014+0000] {processor.py:830} INFO - Processing file /home/airflow/.local/lib/python3.8/site-packages/airflow/example_dags/example_bash_operator.py for tasks to queue
[2024-05-13T15:16:20.016+0000] {logging_mixin.py:188} INFO - [2024-05-13T15:16:20.016+0000] {dagbag.py:540} INFO - Filling up the DagBag from /home/airflow/.local/lib/python3.8/site-packages/airflow/example_dags/example_bash_operator.py
[2024-05-13T15:16:20.027+0000] {processor.py:840} INFO - DAG(s) 'example_bash_operator' retrieved from /home/airflow/.local/lib/python3.8/site-packages/airflow/example_dags/example_bash_operator.py
[2024-05-13T15:16:20.057+0000] {logging_mixin.py:188} INFO - [2024-05-13T15:16:20.056+0000] {dag.py:3047} INFO - Sync 1 DAGs
[2024-05-13T15:16:20.082+0000] {logging_mixin.py:188} INFO - [2024-05-13T15:16:20.081+0000] {dag.py:3834} INFO - Setting next_dagrun for example_bash_operator to 2024-05-12 00:00:00+00:00, run_after=2024-05-13 00:00:00+00:00
[2024-05-13T15:16:20.115+0000] {processor.py:183} INFO - Processing /home/airflow/.local/lib/python3.8/site-packages/airflow/example_dags/example_bash_operator.py took 0.104 seconds
[2024-05-13T15:16:50.168+0000] {processor.py:161} INFO - Started process (PID=283) to work on /home/airflow/.local/lib/python3.8/site-packages/airflow/example_dags/example_bash_operator.py
[2024-05-13T15:16:50.169+0000] {processor.py:830} INFO - Processing file /home/airflow/.local/lib/python3.8/site-packages/airflow/example_dags/example_bash_operator.py for tasks to queue
[2024-05-13T15:16:50.171+0000] {logging_mixin.py:188} INFO - [2024-05-13T15:16:50.171+0000] {dagbag.py:540} INFO - Filling up the DagBag from /home/airflow/.local/lib/python3.8/site-packages/airflow/example_dags/example_bash_operator.py
[2024-05-13T15:16:50.181+0000] {processor.py:840} INFO - DAG(s) 'example_bash_operator' retrieved from /home/airflow/.local/lib/python3.8/site-packages/airflow/example_dags/example_bash_operator.py
[2024-05-13T15:16:50.208+0000] {logging_mixin.py:188} INFO - [2024-05-13T15:16:50.208+0000] {dag.py:3047} INFO - Sync 1 DAGs
[2024-05-13T15:16:50.229+0000] {logging_mixin.py:188} INFO - [2024-05-13T15:16:50.229+0000] {dag.py:3834} INFO - Setting next_dagrun for example_bash_operator to 2024-05-12 00:00:00+00:00, run_after=2024-05-13 00:00:00+00:00
[2024-05-13T15:16:50.248+0000] {processor.py:183} INFO - Processing /home/airflow/.local/lib/python3.8/site-packages/airflow/example_dags/example_bash_operator.py took 0.083 seconds
[2024-05-13T15:17:20.342+0000] {processor.py:161} INFO - Started process (PID=351) to work on /home/airflow/.local/lib/python3.8/site-packages/airflow/example_dags/example_bash_operator.py
[2024-05-13T15:17:20.343+0000] {processor.py:830} INFO - Processing file /home/airflow/.local/lib/python3.8/site-packages/airflow/example_dags/example_bash_operator.py for tasks to queue
[2024-05-13T15:17:20.345+0000] {logging_mixin.py:188} INFO - [2024-05-13T15:17:20.344+0000] {dagbag.py:540} INFO - Filling up the DagBag from /home/airflow/.local/lib/python3.8/site-packages/airflow/example_dags/example_bash_operator.py
[2024-05-13T15:17:20.355+0000] {processor.py:840} INFO - DAG(s) 'example_bash_operator' retrieved from /home/airflow/.local/lib/python3.8/site-packages/airflow/example_dags/example_bash_operator.py
[2024-05-13T15:17:20.384+0000] {logging_mixin.py:188} INFO - [2024-05-13T15:17:20.384+0000] {dag.py:3047} INFO - Sync 1 DAGs
[2024-05-13T15:17:20.407+0000] {logging_mixin.py:188} INFO - [2024-05-13T15:17:20.406+0000] {dag.py:3834} INFO - Setting next_dagrun for example_bash_operator to 2024-05-12 00:00:00+00:00, run_after=2024-05-13 00:00:00+00:00
[2024-05-13T15:17:20.423+0000] {processor.py:183} INFO - Processing /home/airflow/.local/lib/python3.8/site-packages/airflow/example_dags/example_bash_operator.py took 0.084 seconds
[2024-05-13T15:17:50.704+0000] {processor.py:161} INFO - Started process (PID=419) to work on /home/airflow/.local/lib/python3.8/site-packages/airflow/example_dags/example_bash_operator.py
[2024-05-13T15:17:50.705+0000] {processor.py:830} INFO - Processing file /home/airflow/.local/lib/python3.8/site-packages/airflow/example_dags/example_bash_operator.py for tasks to queue
[2024-05-13T15:17:50.706+0000] {logging_mixin.py:188} INFO - [2024-05-13T15:17:50.706+0000] {dagbag.py:540} INFO - Filling up the DagBag from /home/airflow/.local/lib/python3.8/site-packages/airflow/example_dags/example_bash_operator.py
[2024-05-13T15:17:50.717+0000] {processor.py:840} INFO - DAG(s) 'example_bash_operator' retrieved from /home/airflow/.local/lib/python3.8/site-packages/airflow/example_dags/example_bash_operator.py
[2024-05-13T15:17:50.743+0000] {logging_mixin.py:188} INFO - [2024-05-13T15:17:50.742+0000] {dag.py:3047} INFO - Sync 1 DAGs
[2024-05-13T15:17:50.763+0000] {logging_mixin.py:188} INFO - [2024-05-13T15:17:50.763+0000] {dag.py:3834} INFO - Setting next_dagrun for example_bash_operator to 2024-05-12 00:00:00+00:00, run_after=2024-05-13 00:00:00+00:00
[2024-05-13T15:17:50.781+0000] {processor.py:183} INFO - Processing /home/airflow/.local/lib/python3.8/site-packages/airflow/example_dags/example_bash_operator.py took 0.080 seconds
[2024-05-13T15:18:20.877+0000] {processor.py:161} INFO - Started process (PID=487) to work on /home/airflow/.local/lib/python3.8/site-packages/airflow/example_dags/example_bash_operator.py
[2024-05-13T15:18:20.878+0000] {processor.py:830} INFO - Processing file /home/airflow/.local/lib/python3.8/site-packages/airflow/example_dags/example_bash_operator.py for tasks to queue
[2024-05-13T15:18:20.879+0000] {logging_mixin.py:188} INFO - [2024-05-13T15:18:20.879+0000] {dagbag.py:540} INFO - Filling up the DagBag from /home/airflow/.local/lib/python3.8/site-packages/airflow/example_dags/example_bash_operator.py
[2024-05-13T15:18:20.890+0000] {processor.py:840} INFO - DAG(s) 'example_bash_operator' retrieved from /home/airflow/.local/lib/python3.8/site-packages/airflow/example_dags/example_bash_operator.py
[2024-05-13T15:18:20.917+0000] {logging_mixin.py:188} INFO - [2024-05-13T15:18:20.917+0000] {dag.py:3047} INFO - Sync 1 DAGs
[2024-05-13T15:18:20.938+0000] {logging_mixin.py:188} INFO - [2024-05-13T15:18:20.937+0000] {dag.py:3834} INFO - Setting next_dagrun for example_bash_operator to 2024-05-12 00:00:00+00:00, run_after=2024-05-13 00:00:00+00:00
[2024-05-13T15:18:20.955+0000] {processor.py:183} INFO - Processing /home/airflow/.local/lib/python3.8/site-packages/airflow/example_dags/example_bash_operator.py took 0.081 seconds
[2024-05-13T15:18:51.228+0000] {processor.py:161} INFO - Started process (PID=555) to work on /home/airflow/.local/lib/python3.8/site-packages/airflow/example_dags/example_bash_operator.py
[2024-05-13T15:18:51.229+0000] {processor.py:830} INFO - Processing file /home/airflow/.local/lib/python3.8/site-packages/airflow/example_dags/example_bash_operator.py for tasks to queue
[2024-05-13T15:18:51.231+0000] {logging_mixin.py:188} INFO - [2024-05-13T15:18:51.231+0000] {dagbag.py:540} INFO - Filling up the DagBag from /home/airflow/.local/lib/python3.8/site-packages/airflow/example_dags/example_bash_operator.py
[2024-05-13T15:18:51.242+0000] {processor.py:840} INFO - DAG(s) 'example_bash_operator' retrieved from /home/airflow/.local/lib/python3.8/site-packages/airflow/example_dags/example_bash_operator.py
[2024-05-13T15:18:51.268+0000] {logging_mixin.py:188} INFO - [2024-05-13T15:18:51.268+0000] {dag.py:3047} INFO - Sync 1 DAGs
[2024-05-13T15:18:51.288+0000] {logging_mixin.py:188} INFO - [2024-05-13T15:18:51.288+0000] {dag.py:3834} INFO - Setting next_dagrun for example_bash_operator to 2024-05-12 00:00:00+00:00, run_after=2024-05-13 00:00:00+00:00
[2024-05-13T15:18:51.306+0000] {processor.py:183} INFO - Processing /home/airflow/.local/lib/python3.8/site-packages/airflow/example_dags/example_bash_operator.py took 0.081 seconds
[2024-05-13T15:19:21.553+0000] {processor.py:161} INFO - Started process (PID=623) to work on /home/airflow/.local/lib/python3.8/site-packages/airflow/example_dags/example_bash_operator.py
[2024-05-13T15:19:21.554+0000] {processor.py:830} INFO - Processing file /home/airflow/.local/lib/python3.8/site-packages/airflow/example_dags/example_bash_operator.py for tasks to queue
[2024-05-13T15:19:21.557+0000] {logging_mixin.py:188} INFO - [2024-05-13T15:19:21.557+0000] {dagbag.py:540} INFO - Filling up the DagBag from /home/airflow/.local/lib/python3.8/site-packages/airflow/example_dags/example_bash_operator.py
[2024-05-13T15:19:21.585+0000] {processor.py:840} INFO - DAG(s) 'example_bash_operator' retrieved from /home/airflow/.local/lib/python3.8/site-packages/airflow/example_dags/example_bash_operator.py
[2024-05-13T15:19:21.638+0000] {logging_mixin.py:188} INFO - [2024-05-13T15:19:21.637+0000] {dag.py:3047} INFO - Sync 1 DAGs
[2024-05-13T15:19:21.684+0000] {logging_mixin.py:188} INFO - [2024-05-13T15:19:21.683+0000] {dag.py:3834} INFO - Setting next_dagrun for example_bash_operator to 2024-05-12 00:00:00+00:00, run_after=2024-05-13 00:00:00+00:00
[2024-05-13T15:19:21.733+0000] {processor.py:183} INFO - Processing /home/airflow/.local/lib/python3.8/site-packages/airflow/example_dags/example_bash_operator.py took 0.185 seconds
[2024-05-13T15:19:51.810+0000] {processor.py:161} INFO - Started process (PID=691) to work on /home/airflow/.local/lib/python3.8/site-packages/airflow/example_dags/example_bash_operator.py
[2024-05-13T15:19:51.811+0000] {processor.py:830} INFO - Processing file /home/airflow/.local/lib/python3.8/site-packages/airflow/example_dags/example_bash_operator.py for tasks to queue
[2024-05-13T15:19:51.813+0000] {logging_mixin.py:188} INFO - [2024-05-13T15:19:51.813+0000] {dagbag.py:540} INFO - Filling up the DagBag from /home/airflow/.local/lib/python3.8/site-packages/airflow/example_dags/example_bash_operator.py
[2024-05-13T15:19:51.823+0000] {processor.py:840} INFO - DAG(s) 'example_bash_operator' retrieved from /home/airflow/.local/lib/python3.8/site-packages/airflow/example_dags/example_bash_operator.py
[2024-05-13T15:19:51.849+0000] {logging_mixin.py:188} INFO - [2024-05-13T15:19:51.848+0000] {dag.py:3047} INFO - Sync 1 DAGs
[2024-05-13T15:19:51.870+0000] {logging_mixin.py:188} INFO - [2024-05-13T15:19:51.869+0000] {dag.py:3834} INFO - Setting next_dagrun for example_bash_operator to 2024-05-12 00:00:00+00:00, run_after=2024-05-13 00:00:00+00:00
[2024-05-13T15:19:51.885+0000] {processor.py:183} INFO - Processing /home/airflow/.local/lib/python3.8/site-packages/airflow/example_dags/example_bash_operator.py took 0.079 seconds
[2024-05-13T15:20:22.041+0000] {processor.py:161} INFO - Started process (PID=759) to work on /home/airflow/.local/lib/python3.8/site-packages/airflow/example_dags/example_bash_operator.py
[2024-05-13T15:20:22.042+0000] {processor.py:830} INFO - Processing file /home/airflow/.local/lib/python3.8/site-packages/airflow/example_dags/example_bash_operator.py for tasks to queue
[2024-05-13T15:20:22.043+0000] {logging_mixin.py:188} INFO - [2024-05-13T15:20:22.043+0000] {dagbag.py:540} INFO - Filling up the DagBag from /home/airflow/.local/lib/python3.8/site-packages/airflow/example_dags/example_bash_operator.py
[2024-05-13T15:20:22.055+0000] {processor.py:840} INFO - DAG(s) 'example_bash_operator' retrieved from /home/airflow/.local/lib/python3.8/site-packages/airflow/example_dags/example_bash_operator.py
[2024-05-13T15:20:22.080+0000] {logging_mixin.py:188} INFO - [2024-05-13T15:20:22.080+0000] {dag.py:3047} INFO - Sync 1 DAGs
[2024-05-13T15:20:22.101+0000] {logging_mixin.py:188} INFO - [2024-05-13T15:20:22.100+0000] {dag.py:3834} INFO - Setting next_dagrun for example_bash_operator to 2024-05-12 00:00:00+00:00, run_after=2024-05-13 00:00:00+00:00
[2024-05-13T15:20:22.120+0000] {processor.py:183} INFO - Processing /home/airflow/.local/lib/python3.8/site-packages/airflow/example_dags/example_bash_operator.py took 0.082 seconds
[2024-05-13T15:20:52.466+0000] {processor.py:161} INFO - Started process (PID=831) to work on /home/airflow/.local/lib/python3.8/site-packages/airflow/example_dags/example_bash_operator.py
[2024-05-13T15:20:52.467+0000] {processor.py:830} INFO - Processing file /home/airflow/.local/lib/python3.8/site-packages/airflow/example_dags/example_bash_operator.py for tasks to queue
[2024-05-13T15:20:52.470+0000] {logging_mixin.py:188} INFO - [2024-05-13T15:20:52.469+0000] {dagbag.py:540} INFO - Filling up the DagBag from /home/airflow/.local/lib/python3.8/site-packages/airflow/example_dags/example_bash_operator.py
[2024-05-13T15:20:52.483+0000] {processor.py:840} INFO - DAG(s) 'example_bash_operator' retrieved from /home/airflow/.local/lib/python3.8/site-packages/airflow/example_dags/example_bash_operator.py
[2024-05-13T15:20:52.512+0000] {logging_mixin.py:188} INFO - [2024-05-13T15:20:52.512+0000] {dag.py:3047} INFO - Sync 1 DAGs
[2024-05-13T15:20:52.535+0000] {logging_mixin.py:188} INFO - [2024-05-13T15:20:52.535+0000] {dag.py:3834} INFO - Setting next_dagrun for example_bash_operator to 2024-05-12 00:00:00+00:00, run_after=2024-05-13 00:00:00+00:00
[2024-05-13T15:20:52.555+0000] {processor.py:183} INFO - Processing /home/airflow/.local/lib/python3.8/site-packages/airflow/example_dags/example_bash_operator.py took 0.092 seconds
[2024-05-13T15:21:22.700+0000] {processor.py:161} INFO - Started process (PID=899) to work on /home/airflow/.local/lib/python3.8/site-packages/airflow/example_dags/example_bash_operator.py
[2024-05-13T15:21:22.701+0000] {processor.py:830} INFO - Processing file /home/airflow/.local/lib/python3.8/site-packages/airflow/example_dags/example_bash_operator.py for tasks to queue
[2024-05-13T15:21:22.703+0000] {logging_mixin.py:188} INFO - [2024-05-13T15:21:22.702+0000] {dagbag.py:540} INFO - Filling up the DagBag from /home/airflow/.local/lib/python3.8/site-packages/airflow/example_dags/example_bash_operator.py
[2024-05-13T15:21:22.716+0000] {processor.py:840} INFO - DAG(s) 'example_bash_operator' retrieved from /home/airflow/.local/lib/python3.8/site-packages/airflow/example_dags/example_bash_operator.py
[2024-05-13T15:21:22.744+0000] {logging_mixin.py:188} INFO - [2024-05-13T15:21:22.743+0000] {dag.py:3047} INFO - Sync 1 DAGs
[2024-05-13T15:21:22.765+0000] {logging_mixin.py:188} INFO - [2024-05-13T15:21:22.765+0000] {dag.py:3834} INFO - Setting next_dagrun for example_bash_operator to 2024-05-12 00:00:00+00:00, run_after=2024-05-13 00:00:00+00:00
[2024-05-13T15:21:22.785+0000] {processor.py:183} INFO - Processing /home/airflow/.local/lib/python3.8/site-packages/airflow/example_dags/example_bash_operator.py took 0.089 seconds
[2024-05-13T15:21:52.920+0000] {processor.py:161} INFO - Started process (PID=967) to work on /home/airflow/.local/lib/python3.8/site-packages/airflow/example_dags/example_bash_operator.py
[2024-05-13T15:21:52.921+0000] {processor.py:830} INFO - Processing file /home/airflow/.local/lib/python3.8/site-packages/airflow/example_dags/example_bash_operator.py for tasks to queue
[2024-05-13T15:21:52.923+0000] {logging_mixin.py:188} INFO - [2024-05-13T15:21:52.922+0000] {dagbag.py:540} INFO - Filling up the DagBag from /home/airflow/.local/lib/python3.8/site-packages/airflow/example_dags/example_bash_operator.py
[2024-05-13T15:21:52.933+0000] {processor.py:840} INFO - DAG(s) 'example_bash_operator' retrieved from /home/airflow/.local/lib/python3.8/site-packages/airflow/example_dags/example_bash_operator.py
[2024-05-13T15:21:52.963+0000] {logging_mixin.py:188} INFO - [2024-05-13T15:21:52.963+0000] {dag.py:3047} INFO - Sync 1 DAGs
[2024-05-13T15:21:52.984+0000] {logging_mixin.py:188} INFO - [2024-05-13T15:21:52.984+0000] {dag.py:3834} INFO - Setting next_dagrun for example_bash_operator to 2024-05-12 00:00:00+00:00, run_after=2024-05-13 00:00:00+00:00
[2024-05-13T15:21:53.003+0000] {processor.py:183} INFO - Processing /home/airflow/.local/lib/python3.8/site-packages/airflow/example_dags/example_bash_operator.py took 0.087 seconds
[2024-05-13T15:22:23.765+0000] {processor.py:161} INFO - Started process (PID=1035) to work on /home/airflow/.local/lib/python3.8/site-packages/airflow/example_dags/example_bash_operator.py
[2024-05-13T15:22:23.766+0000] {processor.py:830} INFO - Processing file /home/airflow/.local/lib/python3.8/site-packages/airflow/example_dags/example_bash_operator.py for tasks to queue
[2024-05-13T15:22:23.769+0000] {logging_mixin.py:188} INFO - [2024-05-13T15:22:23.768+0000] {dagbag.py:540} INFO - Filling up the DagBag from /home/airflow/.local/lib/python3.8/site-packages/airflow/example_dags/example_bash_operator.py
[2024-05-13T15:22:23.784+0000] {processor.py:840} INFO - DAG(s) 'example_bash_operator' retrieved from /home/airflow/.local/lib/python3.8/site-packages/airflow/example_dags/example_bash_operator.py
[2024-05-13T15:22:23.816+0000] {logging_mixin.py:188} INFO - [2024-05-13T15:22:23.815+0000] {dag.py:3047} INFO - Sync 1 DAGs
[2024-05-13T15:22:23.843+0000] {logging_mixin.py:188} INFO - [2024-05-13T15:22:23.842+0000] {dag.py:3834} INFO - Setting next_dagrun for example_bash_operator to 2024-05-12 00:00:00+00:00, run_after=2024-05-13 00:00:00+00:00
[2024-05-13T15:22:23.872+0000] {processor.py:183} INFO - Processing /home/airflow/.local/lib/python3.8/site-packages/airflow/example_dags/example_bash_operator.py took 0.111 seconds
[2024-05-13T15:22:54.209+0000] {processor.py:161} INFO - Started process (PID=1104) to work on /home/airflow/.local/lib/python3.8/site-packages/airflow/example_dags/example_bash_operator.py
[2024-05-13T15:22:54.210+0000] {processor.py:830} INFO - Processing file /home/airflow/.local/lib/python3.8/site-packages/airflow/example_dags/example_bash_operator.py for tasks to queue
[2024-05-13T15:22:54.213+0000] {logging_mixin.py:188} INFO - [2024-05-13T15:22:54.212+0000] {dagbag.py:540} INFO - Filling up the DagBag from /home/airflow/.local/lib/python3.8/site-packages/airflow/example_dags/example_bash_operator.py
[2024-05-13T15:22:54.226+0000] {processor.py:840} INFO - DAG(s) 'example_bash_operator' retrieved from /home/airflow/.local/lib/python3.8/site-packages/airflow/example_dags/example_bash_operator.py
[2024-05-13T15:22:54.260+0000] {logging_mixin.py:188} INFO - [2024-05-13T15:22:54.260+0000] {dag.py:3047} INFO - Sync 1 DAGs
[2024-05-13T15:22:54.288+0000] {logging_mixin.py:188} INFO - [2024-05-13T15:22:54.287+0000] {dag.py:3834} INFO - Setting next_dagrun for example_bash_operator to 2024-05-12 00:00:00+00:00, run_after=2024-05-13 00:00:00+00:00
[2024-05-13T15:22:54.311+0000] {processor.py:183} INFO - Processing /home/airflow/.local/lib/python3.8/site-packages/airflow/example_dags/example_bash_operator.py took 0.105 seconds
[2024-05-13T15:23:24.551+0000] {processor.py:161} INFO - Started process (PID=1172) to work on /home/airflow/.local/lib/python3.8/site-packages/airflow/example_dags/example_bash_operator.py
[2024-05-13T15:23:24.552+0000] {processor.py:830} INFO - Processing file /home/airflow/.local/lib/python3.8/site-packages/airflow/example_dags/example_bash_operator.py for tasks to queue
[2024-05-13T15:23:24.554+0000] {logging_mixin.py:188} INFO - [2024-05-13T15:23:24.553+0000] {dagbag.py:540} INFO - Filling up the DagBag from /home/airflow/.local/lib/python3.8/site-packages/airflow/example_dags/example_bash_operator.py
[2024-05-13T15:23:24.565+0000] {processor.py:840} INFO - DAG(s) 'example_bash_operator' retrieved from /home/airflow/.local/lib/python3.8/site-packages/airflow/example_dags/example_bash_operator.py
[2024-05-13T15:23:24.592+0000] {logging_mixin.py:188} INFO - [2024-05-13T15:23:24.592+0000] {dag.py:3047} INFO - Sync 1 DAGs
[2024-05-13T15:23:24.613+0000] {logging_mixin.py:188} INFO - [2024-05-13T15:23:24.612+0000] {dag.py:3834} INFO - Setting next_dagrun for example_bash_operator to 2024-05-12 00:00:00+00:00, run_after=2024-05-13 00:00:00+00:00
[2024-05-13T15:23:24.633+0000] {processor.py:183} INFO - Processing /home/airflow/.local/lib/python3.8/site-packages/airflow/example_dags/example_bash_operator.py took 0.086 seconds
[2024-05-13T15:23:55.448+0000] {processor.py:161} INFO - Started process (PID=1240) to work on /home/airflow/.local/lib/python3.8/site-packages/airflow/example_dags/example_bash_operator.py
[2024-05-13T15:23:55.449+0000] {processor.py:830} INFO - Processing file /home/airflow/.local/lib/python3.8/site-packages/airflow/example_dags/example_bash_operator.py for tasks to queue
[2024-05-13T15:23:55.451+0000] {logging_mixin.py:188} INFO - [2024-05-13T15:23:55.451+0000] {dagbag.py:540} INFO - Filling up the DagBag from /home/airflow/.local/lib/python3.8/site-packages/airflow/example_dags/example_bash_operator.py
[2024-05-13T15:23:55.464+0000] {processor.py:840} INFO - DAG(s) 'example_bash_operator' retrieved from /home/airflow/.local/lib/python3.8/site-packages/airflow/example_dags/example_bash_operator.py
[2024-05-13T15:23:55.506+0000] {logging_mixin.py:188} INFO - [2024-05-13T15:23:55.505+0000] {dag.py:3047} INFO - Sync 1 DAGs
[2024-05-13T15:23:55.532+0000] {logging_mixin.py:188} INFO - [2024-05-13T15:23:55.532+0000] {dag.py:3834} INFO - Setting next_dagrun for example_bash_operator to 2024-05-12 00:00:00+00:00, run_after=2024-05-13 00:00:00+00:00
[2024-05-13T15:23:55.555+0000] {processor.py:183} INFO - Processing /home/airflow/.local/lib/python3.8/site-packages/airflow/example_dags/example_bash_operator.py took 0.110 seconds
[2024-05-13T15:24:25.680+0000] {processor.py:161} INFO - Started process (PID=1308) to work on /home/airflow/.local/lib/python3.8/site-packages/airflow/example_dags/example_bash_operator.py
[2024-05-13T15:24:25.681+0000] {processor.py:830} INFO - Processing file /home/airflow/.local/lib/python3.8/site-packages/airflow/example_dags/example_bash_operator.py for tasks to queue
[2024-05-13T15:24:25.683+0000] {logging_mixin.py:188} INFO - [2024-05-13T15:24:25.683+0000] {dagbag.py:540} INFO - Filling up the DagBag from /home/airflow/.local/lib/python3.8/site-packages/airflow/example_dags/example_bash_operator.py
[2024-05-13T15:24:25.694+0000] {processor.py:840} INFO - DAG(s) 'example_bash_operator' retrieved from /home/airflow/.local/lib/python3.8/site-packages/airflow/example_dags/example_bash_operator.py
[2024-05-13T15:24:25.720+0000] {logging_mixin.py:188} INFO - [2024-05-13T15:24:25.720+0000] {dag.py:3047} INFO - Sync 1 DAGs
[2024-05-13T15:24:25.741+0000] {logging_mixin.py:188} INFO - [2024-05-13T15:24:25.740+0000] {dag.py:3834} INFO - Setting next_dagrun for example_bash_operator to 2024-05-12 00:00:00+00:00, run_after=2024-05-13 00:00:00+00:00
[2024-05-13T15:24:25.759+0000] {processor.py:183} INFO - Processing /home/airflow/.local/lib/python3.8/site-packages/airflow/example_dags/example_bash_operator.py took 0.082 seconds
[2024-05-13T15:24:55.942+0000] {processor.py:161} INFO - Started process (PID=1376) to work on /home/airflow/.local/lib/python3.8/site-packages/airflow/example_dags/example_bash_operator.py
[2024-05-13T15:24:55.944+0000] {processor.py:830} INFO - Processing file /home/airflow/.local/lib/python3.8/site-packages/airflow/example_dags/example_bash_operator.py for tasks to queue
[2024-05-13T15:24:55.945+0000] {logging_mixin.py:188} INFO - [2024-05-13T15:24:55.945+0000] {dagbag.py:540} INFO - Filling up the DagBag from /home/airflow/.local/lib/python3.8/site-packages/airflow/example_dags/example_bash_operator.py
[2024-05-13T15:24:55.957+0000] {processor.py:840} INFO - DAG(s) 'example_bash_operator' retrieved from /home/airflow/.local/lib/python3.8/site-packages/airflow/example_dags/example_bash_operator.py
[2024-05-13T15:24:55.983+0000] {logging_mixin.py:188} INFO - [2024-05-13T15:24:55.983+0000] {dag.py:3047} INFO - Sync 1 DAGs
[2024-05-13T15:24:56.006+0000] {logging_mixin.py:188} INFO - [2024-05-13T15:24:56.006+0000] {dag.py:3834} INFO - Setting next_dagrun for example_bash_operator to 2024-05-12 00:00:00+00:00, run_after=2024-05-13 00:00:00+00:00
[2024-05-13T15:24:56.028+0000] {processor.py:183} INFO - Processing /home/airflow/.local/lib/python3.8/site-packages/airflow/example_dags/example_bash_operator.py took 0.089 seconds
[2024-05-13T15:25:26.146+0000] {processor.py:161} INFO - Started process (PID=1445) to work on /home/airflow/.local/lib/python3.8/site-packages/airflow/example_dags/example_bash_operator.py
[2024-05-13T15:25:26.147+0000] {processor.py:830} INFO - Processing file /home/airflow/.local/lib/python3.8/site-packages/airflow/example_dags/example_bash_operator.py for tasks to queue
[2024-05-13T15:25:26.149+0000] {logging_mixin.py:188} INFO - [2024-05-13T15:25:26.149+0000] {dagbag.py:540} INFO - Filling up the DagBag from /home/airflow/.local/lib/python3.8/site-packages/airflow/example_dags/example_bash_operator.py
[2024-05-13T15:25:26.163+0000] {processor.py:840} INFO - DAG(s) 'example_bash_operator' retrieved from /home/airflow/.local/lib/python3.8/site-packages/airflow/example_dags/example_bash_operator.py
[2024-05-13T15:25:26.192+0000] {logging_mixin.py:188} INFO - [2024-05-13T15:25:26.191+0000] {dag.py:3047} INFO - Sync 1 DAGs
[2024-05-13T15:25:26.217+0000] {logging_mixin.py:188} INFO - [2024-05-13T15:25:26.216+0000] {dag.py:3834} INFO - Setting next_dagrun for example_bash_operator to 2024-05-12 00:00:00+00:00, run_after=2024-05-13 00:00:00+00:00
[2024-05-13T15:25:26.238+0000] {processor.py:183} INFO - Processing /home/airflow/.local/lib/python3.8/site-packages/airflow/example_dags/example_bash_operator.py took 0.095 seconds
[2024-05-13T15:25:56.663+0000] {processor.py:161} INFO - Started process (PID=1513) to work on /home/airflow/.local/lib/python3.8/site-packages/airflow/example_dags/example_bash_operator.py
[2024-05-13T15:25:56.664+0000] {processor.py:830} INFO - Processing file /home/airflow/.local/lib/python3.8/site-packages/airflow/example_dags/example_bash_operator.py for tasks to queue
[2024-05-13T15:25:56.666+0000] {logging_mixin.py:188} INFO - [2024-05-13T15:25:56.666+0000] {dagbag.py:540} INFO - Filling up the DagBag from /home/airflow/.local/lib/python3.8/site-packages/airflow/example_dags/example_bash_operator.py
[2024-05-13T15:25:56.677+0000] {processor.py:840} INFO - DAG(s) 'example_bash_operator' retrieved from /home/airflow/.local/lib/python3.8/site-packages/airflow/example_dags/example_bash_operator.py
[2024-05-13T15:25:56.703+0000] {logging_mixin.py:188} INFO - [2024-05-13T15:25:56.703+0000] {dag.py:3047} INFO - Sync 1 DAGs
[2024-05-13T15:25:56.722+0000] {logging_mixin.py:188} INFO - [2024-05-13T15:25:56.722+0000] {dag.py:3834} INFO - Setting next_dagrun for example_bash_operator to 2024-05-12 00:00:00+00:00, run_after=2024-05-13 00:00:00+00:00
[2024-05-13T15:25:56.739+0000] {processor.py:183} INFO - Processing /home/airflow/.local/lib/python3.8/site-packages/airflow/example_dags/example_bash_operator.py took 0.079 seconds
[2024-05-13T15:26:26.992+0000] {processor.py:161} INFO - Started process (PID=1581) to work on /home/airflow/.local/lib/python3.8/site-packages/airflow/example_dags/example_bash_operator.py
[2024-05-13T15:26:26.993+0000] {processor.py:830} INFO - Processing file /home/airflow/.local/lib/python3.8/site-packages/airflow/example_dags/example_bash_operator.py for tasks to queue
[2024-05-13T15:26:26.994+0000] {logging_mixin.py:188} INFO - [2024-05-13T15:26:26.994+0000] {dagbag.py:540} INFO - Filling up the DagBag from /home/airflow/.local/lib/python3.8/site-packages/airflow/example_dags/example_bash_operator.py
[2024-05-13T15:26:27.004+0000] {processor.py:840} INFO - DAG(s) 'example_bash_operator' retrieved from /home/airflow/.local/lib/python3.8/site-packages/airflow/example_dags/example_bash_operator.py
[2024-05-13T15:26:27.028+0000] {logging_mixin.py:188} INFO - [2024-05-13T15:26:27.028+0000] {dag.py:3047} INFO - Sync 1 DAGs
[2024-05-13T15:26:27.047+0000] {logging_mixin.py:188} INFO - [2024-05-13T15:26:27.047+0000] {dag.py:3834} INFO - Setting next_dagrun for example_bash_operator to 2024-05-12 00:00:00+00:00, run_after=2024-05-13 00:00:00+00:00
[2024-05-13T15:26:27.062+0000] {processor.py:183} INFO - Processing /home/airflow/.local/lib/python3.8/site-packages/airflow/example_dags/example_bash_operator.py took 0.073 seconds
[2024-05-13T15:26:57.359+0000] {processor.py:161} INFO - Started process (PID=1649) to work on /home/airflow/.local/lib/python3.8/site-packages/airflow/example_dags/example_bash_operator.py
[2024-05-13T15:26:57.360+0000] {processor.py:830} INFO - Processing file /home/airflow/.local/lib/python3.8/site-packages/airflow/example_dags/example_bash_operator.py for tasks to queue
[2024-05-13T15:26:57.362+0000] {logging_mixin.py:188} INFO - [2024-05-13T15:26:57.362+0000] {dagbag.py:540} INFO - Filling up the DagBag from /home/airflow/.local/lib/python3.8/site-packages/airflow/example_dags/example_bash_operator.py
[2024-05-13T15:26:57.373+0000] {processor.py:840} INFO - DAG(s) 'example_bash_operator' retrieved from /home/airflow/.local/lib/python3.8/site-packages/airflow/example_dags/example_bash_operator.py
[2024-05-13T15:26:57.398+0000] {logging_mixin.py:188} INFO - [2024-05-13T15:26:57.398+0000] {dag.py:3047} INFO - Sync 1 DAGs
[2024-05-13T15:26:57.417+0000] {logging_mixin.py:188} INFO - [2024-05-13T15:26:57.417+0000] {dag.py:3834} INFO - Setting next_dagrun for example_bash_operator to 2024-05-12 00:00:00+00:00, run_after=2024-05-13 00:00:00+00:00
[2024-05-13T15:26:57.434+0000] {processor.py:183} INFO - Processing /home/airflow/.local/lib/python3.8/site-packages/airflow/example_dags/example_bash_operator.py took 0.078 seconds
[2024-05-13T15:27:27.755+0000] {processor.py:161} INFO - Started process (PID=1717) to work on /home/airflow/.local/lib/python3.8/site-packages/airflow/example_dags/example_bash_operator.py
[2024-05-13T15:27:27.756+0000] {processor.py:830} INFO - Processing file /home/airflow/.local/lib/python3.8/site-packages/airflow/example_dags/example_bash_operator.py for tasks to queue
[2024-05-13T15:27:27.760+0000] {logging_mixin.py:188} INFO - [2024-05-13T15:27:27.759+0000] {dagbag.py:540} INFO - Filling up the DagBag from /home/airflow/.local/lib/python3.8/site-packages/airflow/example_dags/example_bash_operator.py
[2024-05-13T15:27:27.775+0000] {processor.py:840} INFO - DAG(s) 'example_bash_operator' retrieved from /home/airflow/.local/lib/python3.8/site-packages/airflow/example_dags/example_bash_operator.py
[2024-05-13T15:27:27.815+0000] {logging_mixin.py:188} INFO - [2024-05-13T15:27:27.814+0000] {dag.py:3047} INFO - Sync 1 DAGs
[2024-05-13T15:27:27.845+0000] {logging_mixin.py:188} INFO - [2024-05-13T15:27:27.845+0000] {dag.py:3834} INFO - Setting next_dagrun for example_bash_operator to 2024-05-12 00:00:00+00:00, run_after=2024-05-13 00:00:00+00:00
[2024-05-13T15:27:27.876+0000] {processor.py:183} INFO - Processing /home/airflow/.local/lib/python3.8/site-packages/airflow/example_dags/example_bash_operator.py took 0.127 seconds
[2024-05-13T15:27:57.978+0000] {processor.py:161} INFO - Started process (PID=1785) to work on /home/airflow/.local/lib/python3.8/site-packages/airflow/example_dags/example_bash_operator.py
[2024-05-13T15:27:57.979+0000] {processor.py:830} INFO - Processing file /home/airflow/.local/lib/python3.8/site-packages/airflow/example_dags/example_bash_operator.py for tasks to queue
[2024-05-13T15:27:57.981+0000] {logging_mixin.py:188} INFO - [2024-05-13T15:27:57.981+0000] {dagbag.py:540} INFO - Filling up the DagBag from /home/airflow/.local/lib/python3.8/site-packages/airflow/example_dags/example_bash_operator.py
[2024-05-13T15:27:57.997+0000] {processor.py:840} INFO - DAG(s) 'example_bash_operator' retrieved from /home/airflow/.local/lib/python3.8/site-packages/airflow/example_dags/example_bash_operator.py
[2024-05-13T15:27:58.028+0000] {logging_mixin.py:188} INFO - [2024-05-13T15:27:58.028+0000] {dag.py:3047} INFO - Sync 1 DAGs
[2024-05-13T15:27:58.051+0000] {logging_mixin.py:188} INFO - [2024-05-13T15:27:58.051+0000] {dag.py:3834} INFO - Setting next_dagrun for example_bash_operator to 2024-05-12 00:00:00+00:00, run_after=2024-05-13 00:00:00+00:00
[2024-05-13T15:27:58.072+0000] {processor.py:183} INFO - Processing /home/airflow/.local/lib/python3.8/site-packages/airflow/example_dags/example_bash_operator.py took 0.098 seconds
[2024-05-13T15:28:28.442+0000] {processor.py:161} INFO - Started process (PID=1853) to work on /home/airflow/.local/lib/python3.8/site-packages/airflow/example_dags/example_bash_operator.py
[2024-05-13T15:28:28.443+0000] {processor.py:830} INFO - Processing file /home/airflow/.local/lib/python3.8/site-packages/airflow/example_dags/example_bash_operator.py for tasks to queue
[2024-05-13T15:28:28.445+0000] {logging_mixin.py:188} INFO - [2024-05-13T15:28:28.445+0000] {dagbag.py:540} INFO - Filling up the DagBag from /home/airflow/.local/lib/python3.8/site-packages/airflow/example_dags/example_bash_operator.py
[2024-05-13T15:28:28.455+0000] {processor.py:840} INFO - DAG(s) 'example_bash_operator' retrieved from /home/airflow/.local/lib/python3.8/site-packages/airflow/example_dags/example_bash_operator.py
[2024-05-13T15:28:28.480+0000] {logging_mixin.py:188} INFO - [2024-05-13T15:28:28.480+0000] {dag.py:3047} INFO - Sync 1 DAGs
[2024-05-13T15:28:28.501+0000] {logging_mixin.py:188} INFO - [2024-05-13T15:28:28.501+0000] {dag.py:3834} INFO - Setting next_dagrun for example_bash_operator to 2024-05-12 00:00:00+00:00, run_after=2024-05-13 00:00:00+00:00
[2024-05-13T15:28:28.519+0000] {processor.py:183} INFO - Processing /home/airflow/.local/lib/python3.8/site-packages/airflow/example_dags/example_bash_operator.py took 0.080 seconds
[2024-05-13T15:28:59.518+0000] {processor.py:161} INFO - Started process (PID=1921) to work on /home/airflow/.local/lib/python3.8/site-packages/airflow/example_dags/example_bash_operator.py
[2024-05-13T15:28:59.519+0000] {processor.py:830} INFO - Processing file /home/airflow/.local/lib/python3.8/site-packages/airflow/example_dags/example_bash_operator.py for tasks to queue
[2024-05-13T15:28:59.521+0000] {logging_mixin.py:188} INFO - [2024-05-13T15:28:59.521+0000] {dagbag.py:540} INFO - Filling up the DagBag from /home/airflow/.local/lib/python3.8/site-packages/airflow/example_dags/example_bash_operator.py
[2024-05-13T15:28:59.532+0000] {processor.py:840} INFO - DAG(s) 'example_bash_operator' retrieved from /home/airflow/.local/lib/python3.8/site-packages/airflow/example_dags/example_bash_operator.py
[2024-05-13T15:28:59.558+0000] {logging_mixin.py:188} INFO - [2024-05-13T15:28:59.557+0000] {dag.py:3047} INFO - Sync 1 DAGs
[2024-05-13T15:28:59.579+0000] {logging_mixin.py:188} INFO - [2024-05-13T15:28:59.579+0000] {dag.py:3834} INFO - Setting next_dagrun for example_bash_operator to 2024-05-12 00:00:00+00:00, run_after=2024-05-13 00:00:00+00:00
[2024-05-13T15:28:59.597+0000] {processor.py:183} INFO - Processing /home/airflow/.local/lib/python3.8/site-packages/airflow/example_dags/example_bash_operator.py took 0.082 seconds
[2024-05-13T15:29:29.979+0000] {processor.py:161} INFO - Started process (PID=1989) to work on /home/airflow/.local/lib/python3.8/site-packages/airflow/example_dags/example_bash_operator.py
[2024-05-13T15:29:29.981+0000] {processor.py:830} INFO - Processing file /home/airflow/.local/lib/python3.8/site-packages/airflow/example_dags/example_bash_operator.py for tasks to queue
[2024-05-13T15:29:29.983+0000] {logging_mixin.py:188} INFO - [2024-05-13T15:29:29.982+0000] {dagbag.py:540} INFO - Filling up the DagBag from /home/airflow/.local/lib/python3.8/site-packages/airflow/example_dags/example_bash_operator.py
[2024-05-13T15:29:29.999+0000] {processor.py:840} INFO - DAG(s) 'example_bash_operator' retrieved from /home/airflow/.local/lib/python3.8/site-packages/airflow/example_dags/example_bash_operator.py
[2024-05-13T15:29:30.030+0000] {logging_mixin.py:188} INFO - [2024-05-13T15:29:30.029+0000] {dag.py:3047} INFO - Sync 1 DAGs
[2024-05-13T15:29:30.054+0000] {logging_mixin.py:188} INFO - [2024-05-13T15:29:30.054+0000] {dag.py:3834} INFO - Setting next_dagrun for example_bash_operator to 2024-05-12 00:00:00+00:00, run_after=2024-05-13 00:00:00+00:00
[2024-05-13T15:29:30.083+0000] {processor.py:183} INFO - Processing /home/airflow/.local/lib/python3.8/site-packages/airflow/example_dags/example_bash_operator.py took 0.107 seconds
[2024-05-13T15:30:00.880+0000] {processor.py:161} INFO - Started process (PID=2057) to work on /home/airflow/.local/lib/python3.8/site-packages/airflow/example_dags/example_bash_operator.py
[2024-05-13T15:30:00.881+0000] {processor.py:830} INFO - Processing file /home/airflow/.local/lib/python3.8/site-packages/airflow/example_dags/example_bash_operator.py for tasks to queue
[2024-05-13T15:30:00.883+0000] {logging_mixin.py:188} INFO - [2024-05-13T15:30:00.883+0000] {dagbag.py:540} INFO - Filling up the DagBag from /home/airflow/.local/lib/python3.8/site-packages/airflow/example_dags/example_bash_operator.py
[2024-05-13T15:30:00.895+0000] {processor.py:840} INFO - DAG(s) 'example_bash_operator' retrieved from /home/airflow/.local/lib/python3.8/site-packages/airflow/example_dags/example_bash_operator.py
[2024-05-13T15:30:00.923+0000] {logging_mixin.py:188} INFO - [2024-05-13T15:30:00.923+0000] {dag.py:3047} INFO - Sync 1 DAGs
[2024-05-13T15:30:00.949+0000] {logging_mixin.py:188} INFO - [2024-05-13T15:30:00.949+0000] {dag.py:3834} INFO - Setting next_dagrun for example_bash_operator to 2024-05-12 00:00:00+00:00, run_after=2024-05-13 00:00:00+00:00
[2024-05-13T15:30:00.978+0000] {processor.py:183} INFO - Processing /home/airflow/.local/lib/python3.8/site-packages/airflow/example_dags/example_bash_operator.py took 0.101 seconds
[2024-05-13T15:30:31.911+0000] {processor.py:161} INFO - Started process (PID=2125) to work on /home/airflow/.local/lib/python3.8/site-packages/airflow/example_dags/example_bash_operator.py
[2024-05-13T15:30:31.912+0000] {processor.py:830} INFO - Processing file /home/airflow/.local/lib/python3.8/site-packages/airflow/example_dags/example_bash_operator.py for tasks to queue
[2024-05-13T15:30:31.914+0000] {logging_mixin.py:188} INFO - [2024-05-13T15:30:31.914+0000] {dagbag.py:540} INFO - Filling up the DagBag from /home/airflow/.local/lib/python3.8/site-packages/airflow/example_dags/example_bash_operator.py
[2024-05-13T15:30:31.923+0000] {processor.py:840} INFO - DAG(s) 'example_bash_operator' retrieved from /home/airflow/.local/lib/python3.8/site-packages/airflow/example_dags/example_bash_operator.py
[2024-05-13T15:30:31.951+0000] {logging_mixin.py:188} INFO - [2024-05-13T15:30:31.950+0000] {dag.py:3047} INFO - Sync 1 DAGs
[2024-05-13T15:30:31.970+0000] {logging_mixin.py:188} INFO - [2024-05-13T15:30:31.970+0000] {dag.py:3834} INFO - Setting next_dagrun for example_bash_operator to 2024-05-12 00:00:00+00:00, run_after=2024-05-13 00:00:00+00:00
[2024-05-13T15:30:31.991+0000] {processor.py:183} INFO - Processing /home/airflow/.local/lib/python3.8/site-packages/airflow/example_dags/example_bash_operator.py took 0.083 seconds
[2024-05-13T15:31:02.034+0000] {processor.py:161} INFO - Started process (PID=2192) to work on /home/airflow/.local/lib/python3.8/site-packages/airflow/example_dags/example_bash_operator.py
[2024-05-13T15:31:02.035+0000] {processor.py:830} INFO - Processing file /home/airflow/.local/lib/python3.8/site-packages/airflow/example_dags/example_bash_operator.py for tasks to queue
[2024-05-13T15:31:02.038+0000] {logging_mixin.py:188} INFO - [2024-05-13T15:31:02.037+0000] {dagbag.py:540} INFO - Filling up the DagBag from /home/airflow/.local/lib/python3.8/site-packages/airflow/example_dags/example_bash_operator.py
[2024-05-13T15:31:02.048+0000] {processor.py:840} INFO - DAG(s) 'example_bash_operator' retrieved from /home/airflow/.local/lib/python3.8/site-packages/airflow/example_dags/example_bash_operator.py
[2024-05-13T15:31:02.073+0000] {logging_mixin.py:188} INFO - [2024-05-13T15:31:02.073+0000] {dag.py:3047} INFO - Sync 1 DAGs
[2024-05-13T15:31:02.094+0000] {logging_mixin.py:188} INFO - [2024-05-13T15:31:02.094+0000] {dag.py:3834} INFO - Setting next_dagrun for example_bash_operator to 2024-05-12 00:00:00+00:00, run_after=2024-05-13 00:00:00+00:00
[2024-05-13T15:31:02.114+0000] {processor.py:183} INFO - Processing /home/airflow/.local/lib/python3.8/site-packages/airflow/example_dags/example_bash_operator.py took 0.083 seconds
[2024-05-13T15:31:32.182+0000] {processor.py:161} INFO - Started process (PID=2260) to work on /home/airflow/.local/lib/python3.8/site-packages/airflow/example_dags/example_bash_operator.py
[2024-05-13T15:31:32.183+0000] {processor.py:830} INFO - Processing file /home/airflow/.local/lib/python3.8/site-packages/airflow/example_dags/example_bash_operator.py for tasks to queue
[2024-05-13T15:31:32.185+0000] {logging_mixin.py:188} INFO - [2024-05-13T15:31:32.185+0000] {dagbag.py:540} INFO - Filling up the DagBag from /home/airflow/.local/lib/python3.8/site-packages/airflow/example_dags/example_bash_operator.py
[2024-05-13T15:31:32.195+0000] {processor.py:840} INFO - DAG(s) 'example_bash_operator' retrieved from /home/airflow/.local/lib/python3.8/site-packages/airflow/example_dags/example_bash_operator.py
[2024-05-13T15:31:32.222+0000] {logging_mixin.py:188} INFO - [2024-05-13T15:31:32.222+0000] {dag.py:3047} INFO - Sync 1 DAGs
[2024-05-13T15:31:32.243+0000] {logging_mixin.py:188} INFO - [2024-05-13T15:31:32.243+0000] {dag.py:3834} INFO - Setting next_dagrun for example_bash_operator to 2024-05-12 00:00:00+00:00, run_after=2024-05-13 00:00:00+00:00
[2024-05-13T15:31:32.260+0000] {processor.py:183} INFO - Processing /home/airflow/.local/lib/python3.8/site-packages/airflow/example_dags/example_bash_operator.py took 0.081 seconds
[2024-05-13T15:32:02.702+0000] {processor.py:161} INFO - Started process (PID=2329) to work on /home/airflow/.local/lib/python3.8/site-packages/airflow/example_dags/example_bash_operator.py
[2024-05-13T15:32:02.703+0000] {processor.py:830} INFO - Processing file /home/airflow/.local/lib/python3.8/site-packages/airflow/example_dags/example_bash_operator.py for tasks to queue
[2024-05-13T15:32:02.705+0000] {logging_mixin.py:188} INFO - [2024-05-13T15:32:02.704+0000] {dagbag.py:540} INFO - Filling up the DagBag from /home/airflow/.local/lib/python3.8/site-packages/airflow/example_dags/example_bash_operator.py
[2024-05-13T15:32:02.715+0000] {processor.py:840} INFO - DAG(s) 'example_bash_operator' retrieved from /home/airflow/.local/lib/python3.8/site-packages/airflow/example_dags/example_bash_operator.py
[2024-05-13T15:32:02.741+0000] {logging_mixin.py:188} INFO - [2024-05-13T15:32:02.740+0000] {dag.py:3047} INFO - Sync 1 DAGs
[2024-05-13T15:32:02.760+0000] {logging_mixin.py:188} INFO - [2024-05-13T15:32:02.760+0000] {dag.py:3834} INFO - Setting next_dagrun for example_bash_operator to 2024-05-12 00:00:00+00:00, run_after=2024-05-13 00:00:00+00:00
[2024-05-13T15:32:02.780+0000] {processor.py:183} INFO - Processing /home/airflow/.local/lib/python3.8/site-packages/airflow/example_dags/example_bash_operator.py took 0.081 seconds
[2024-05-13T15:32:33.299+0000] {processor.py:161} INFO - Started process (PID=2397) to work on /home/airflow/.local/lib/python3.8/site-packages/airflow/example_dags/example_bash_operator.py
[2024-05-13T15:32:33.300+0000] {processor.py:830} INFO - Processing file /home/airflow/.local/lib/python3.8/site-packages/airflow/example_dags/example_bash_operator.py for tasks to queue
[2024-05-13T15:32:33.302+0000] {logging_mixin.py:188} INFO - [2024-05-13T15:32:33.302+0000] {dagbag.py:540} INFO - Filling up the DagBag from /home/airflow/.local/lib/python3.8/site-packages/airflow/example_dags/example_bash_operator.py
[2024-05-13T15:32:33.314+0000] {processor.py:840} INFO - DAG(s) 'example_bash_operator' retrieved from /home/airflow/.local/lib/python3.8/site-packages/airflow/example_dags/example_bash_operator.py
[2024-05-13T15:32:33.343+0000] {logging_mixin.py:188} INFO - [2024-05-13T15:32:33.342+0000] {dag.py:3047} INFO - Sync 1 DAGs
[2024-05-13T15:32:33.364+0000] {logging_mixin.py:188} INFO - [2024-05-13T15:32:33.363+0000] {dag.py:3834} INFO - Setting next_dagrun for example_bash_operator to 2024-05-12 00:00:00+00:00, run_after=2024-05-13 00:00:00+00:00
[2024-05-13T15:32:33.386+0000] {processor.py:183} INFO - Processing /home/airflow/.local/lib/python3.8/site-packages/airflow/example_dags/example_bash_operator.py took 0.090 seconds
[2024-05-13T15:33:03.421+0000] {processor.py:161} INFO - Started process (PID=2464) to work on /home/airflow/.local/lib/python3.8/site-packages/airflow/example_dags/example_bash_operator.py
[2024-05-13T15:33:03.423+0000] {processor.py:830} INFO - Processing file /home/airflow/.local/lib/python3.8/site-packages/airflow/example_dags/example_bash_operator.py for tasks to queue
[2024-05-13T15:33:03.425+0000] {logging_mixin.py:188} INFO - [2024-05-13T15:33:03.425+0000] {dagbag.py:540} INFO - Filling up the DagBag from /home/airflow/.local/lib/python3.8/site-packages/airflow/example_dags/example_bash_operator.py
[2024-05-13T15:33:03.439+0000] {processor.py:840} INFO - DAG(s) 'example_bash_operator' retrieved from /home/airflow/.local/lib/python3.8/site-packages/airflow/example_dags/example_bash_operator.py
[2024-05-13T15:33:03.468+0000] {logging_mixin.py:188} INFO - [2024-05-13T15:33:03.468+0000] {dag.py:3047} INFO - Sync 1 DAGs
[2024-05-13T15:33:03.490+0000] {logging_mixin.py:188} INFO - [2024-05-13T15:33:03.490+0000] {dag.py:3834} INFO - Setting next_dagrun for example_bash_operator to 2024-05-12 00:00:00+00:00, run_after=2024-05-13 00:00:00+00:00
[2024-05-13T15:33:03.512+0000] {processor.py:183} INFO - Processing /home/airflow/.local/lib/python3.8/site-packages/airflow/example_dags/example_bash_operator.py took 0.093 seconds
[2024-05-13T15:33:33.849+0000] {processor.py:161} INFO - Started process (PID=2532) to work on /home/airflow/.local/lib/python3.8/site-packages/airflow/example_dags/example_bash_operator.py
[2024-05-13T15:33:33.850+0000] {processor.py:830} INFO - Processing file /home/airflow/.local/lib/python3.8/site-packages/airflow/example_dags/example_bash_operator.py for tasks to queue
[2024-05-13T15:33:33.851+0000] {logging_mixin.py:188} INFO - [2024-05-13T15:33:33.851+0000] {dagbag.py:540} INFO - Filling up the DagBag from /home/airflow/.local/lib/python3.8/site-packages/airflow/example_dags/example_bash_operator.py
[2024-05-13T15:33:33.863+0000] {processor.py:840} INFO - DAG(s) 'example_bash_operator' retrieved from /home/airflow/.local/lib/python3.8/site-packages/airflow/example_dags/example_bash_operator.py
[2024-05-13T15:33:33.892+0000] {logging_mixin.py:188} INFO - [2024-05-13T15:33:33.892+0000] {dag.py:3047} INFO - Sync 1 DAGs
[2024-05-13T15:33:33.922+0000] {logging_mixin.py:188} INFO - [2024-05-13T15:33:33.921+0000] {dag.py:3834} INFO - Setting next_dagrun for example_bash_operator to 2024-05-12 00:00:00+00:00, run_after=2024-05-13 00:00:00+00:00
[2024-05-13T15:33:33.948+0000] {processor.py:183} INFO - Processing /home/airflow/.local/lib/python3.8/site-packages/airflow/example_dags/example_bash_operator.py took 0.102 seconds
[2024-05-13T15:34:04.151+0000] {processor.py:161} INFO - Started process (PID=2600) to work on /home/airflow/.local/lib/python3.8/site-packages/airflow/example_dags/example_bash_operator.py
[2024-05-13T15:34:04.152+0000] {processor.py:830} INFO - Processing file /home/airflow/.local/lib/python3.8/site-packages/airflow/example_dags/example_bash_operator.py for tasks to queue
[2024-05-13T15:34:04.154+0000] {logging_mixin.py:188} INFO - [2024-05-13T15:34:04.153+0000] {dagbag.py:540} INFO - Filling up the DagBag from /home/airflow/.local/lib/python3.8/site-packages/airflow/example_dags/example_bash_operator.py
[2024-05-13T15:34:04.164+0000] {processor.py:840} INFO - DAG(s) 'example_bash_operator' retrieved from /home/airflow/.local/lib/python3.8/site-packages/airflow/example_dags/example_bash_operator.py
[2024-05-13T15:34:04.190+0000] {logging_mixin.py:188} INFO - [2024-05-13T15:34:04.190+0000] {dag.py:3047} INFO - Sync 1 DAGs
[2024-05-13T15:34:04.211+0000] {logging_mixin.py:188} INFO - [2024-05-13T15:34:04.211+0000] {dag.py:3834} INFO - Setting next_dagrun for example_bash_operator to 2024-05-12 00:00:00+00:00, run_after=2024-05-13 00:00:00+00:00
[2024-05-13T15:34:04.230+0000] {processor.py:183} INFO - Processing /home/airflow/.local/lib/python3.8/site-packages/airflow/example_dags/example_bash_operator.py took 0.082 seconds
[2024-05-13T15:34:34.749+0000] {processor.py:161} INFO - Started process (PID=2669) to work on /home/airflow/.local/lib/python3.8/site-packages/airflow/example_dags/example_bash_operator.py
[2024-05-13T15:34:34.750+0000] {processor.py:830} INFO - Processing file /home/airflow/.local/lib/python3.8/site-packages/airflow/example_dags/example_bash_operator.py for tasks to queue
[2024-05-13T15:34:34.752+0000] {logging_mixin.py:188} INFO - [2024-05-13T15:34:34.752+0000] {dagbag.py:540} INFO - Filling up the DagBag from /home/airflow/.local/lib/python3.8/site-packages/airflow/example_dags/example_bash_operator.py
[2024-05-13T15:34:34.764+0000] {processor.py:840} INFO - DAG(s) 'example_bash_operator' retrieved from /home/airflow/.local/lib/python3.8/site-packages/airflow/example_dags/example_bash_operator.py
[2024-05-13T15:34:34.791+0000] {logging_mixin.py:188} INFO - [2024-05-13T15:34:34.791+0000] {dag.py:3047} INFO - Sync 1 DAGs
[2024-05-13T15:34:34.813+0000] {logging_mixin.py:188} INFO - [2024-05-13T15:34:34.813+0000] {dag.py:3834} INFO - Setting next_dagrun for example_bash_operator to 2024-05-12 00:00:00+00:00, run_after=2024-05-13 00:00:00+00:00
[2024-05-13T15:34:34.839+0000] {processor.py:183} INFO - Processing /home/airflow/.local/lib/python3.8/site-packages/airflow/example_dags/example_bash_operator.py took 0.093 seconds
[2024-05-13T15:35:05.290+0000] {processor.py:161} INFO - Started process (PID=2736) to work on /home/airflow/.local/lib/python3.8/site-packages/airflow/example_dags/example_bash_operator.py
[2024-05-13T15:35:05.291+0000] {processor.py:830} INFO - Processing file /home/airflow/.local/lib/python3.8/site-packages/airflow/example_dags/example_bash_operator.py for tasks to queue
[2024-05-13T15:35:05.293+0000] {logging_mixin.py:188} INFO - [2024-05-13T15:35:05.292+0000] {dagbag.py:540} INFO - Filling up the DagBag from /home/airflow/.local/lib/python3.8/site-packages/airflow/example_dags/example_bash_operator.py
[2024-05-13T15:35:05.303+0000] {processor.py:840} INFO - DAG(s) 'example_bash_operator' retrieved from /home/airflow/.local/lib/python3.8/site-packages/airflow/example_dags/example_bash_operator.py
[2024-05-13T15:35:05.329+0000] {logging_mixin.py:188} INFO - [2024-05-13T15:35:05.329+0000] {dag.py:3047} INFO - Sync 1 DAGs
[2024-05-13T15:35:05.352+0000] {logging_mixin.py:188} INFO - [2024-05-13T15:35:05.352+0000] {dag.py:3834} INFO - Setting next_dagrun for example_bash_operator to 2024-05-12 00:00:00+00:00, run_after=2024-05-13 00:00:00+00:00
[2024-05-13T15:35:05.376+0000] {processor.py:183} INFO - Processing /home/airflow/.local/lib/python3.8/site-packages/airflow/example_dags/example_bash_operator.py took 0.089 seconds
[2024-05-13T15:35:35.602+0000] {processor.py:161} INFO - Started process (PID=2792) to work on /home/airflow/.local/lib/python3.8/site-packages/airflow/example_dags/example_bash_operator.py
[2024-05-13T15:35:35.603+0000] {processor.py:830} INFO - Processing file /home/airflow/.local/lib/python3.8/site-packages/airflow/example_dags/example_bash_operator.py for tasks to queue
[2024-05-13T15:35:35.604+0000] {logging_mixin.py:188} INFO - [2024-05-13T15:35:35.604+0000] {dagbag.py:540} INFO - Filling up the DagBag from /home/airflow/.local/lib/python3.8/site-packages/airflow/example_dags/example_bash_operator.py
[2024-05-13T15:35:35.614+0000] {processor.py:840} INFO - DAG(s) 'example_bash_operator' retrieved from /home/airflow/.local/lib/python3.8/site-packages/airflow/example_dags/example_bash_operator.py
[2024-05-13T15:35:35.641+0000] {logging_mixin.py:188} INFO - [2024-05-13T15:35:35.640+0000] {dag.py:3047} INFO - Sync 1 DAGs
[2024-05-13T15:35:35.661+0000] {logging_mixin.py:188} INFO - [2024-05-13T15:35:35.660+0000] {dag.py:3834} INFO - Setting next_dagrun for example_bash_operator to 2024-05-12 00:00:00+00:00, run_after=2024-05-13 00:00:00+00:00
[2024-05-13T15:35:35.679+0000] {processor.py:183} INFO - Processing /home/airflow/.local/lib/python3.8/site-packages/airflow/example_dags/example_bash_operator.py took 0.080 seconds
[2024-05-13T15:36:06.135+0000] {processor.py:161} INFO - Started process (PID=2860) to work on /home/airflow/.local/lib/python3.8/site-packages/airflow/example_dags/example_bash_operator.py
[2024-05-13T15:36:06.136+0000] {processor.py:830} INFO - Processing file /home/airflow/.local/lib/python3.8/site-packages/airflow/example_dags/example_bash_operator.py for tasks to queue
[2024-05-13T15:36:06.138+0000] {logging_mixin.py:188} INFO - [2024-05-13T15:36:06.138+0000] {dagbag.py:540} INFO - Filling up the DagBag from /home/airflow/.local/lib/python3.8/site-packages/airflow/example_dags/example_bash_operator.py
[2024-05-13T15:36:06.152+0000] {processor.py:840} INFO - DAG(s) 'example_bash_operator' retrieved from /home/airflow/.local/lib/python3.8/site-packages/airflow/example_dags/example_bash_operator.py
[2024-05-13T15:36:06.187+0000] {logging_mixin.py:188} INFO - [2024-05-13T15:36:06.186+0000] {dag.py:3047} INFO - Sync 1 DAGs
[2024-05-13T15:36:06.211+0000] {logging_mixin.py:188} INFO - [2024-05-13T15:36:06.210+0000] {dag.py:3834} INFO - Setting next_dagrun for example_bash_operator to 2024-05-12 00:00:00+00:00, run_after=2024-05-13 00:00:00+00:00
[2024-05-13T15:36:06.252+0000] {processor.py:183} INFO - Processing /home/airflow/.local/lib/python3.8/site-packages/airflow/example_dags/example_bash_operator.py took 0.120 seconds
[2024-05-13T15:36:36.559+0000] {processor.py:161} INFO - Started process (PID=2928) to work on /home/airflow/.local/lib/python3.8/site-packages/airflow/example_dags/example_bash_operator.py
[2024-05-13T15:36:36.560+0000] {processor.py:830} INFO - Processing file /home/airflow/.local/lib/python3.8/site-packages/airflow/example_dags/example_bash_operator.py for tasks to queue
[2024-05-13T15:36:36.561+0000] {logging_mixin.py:188} INFO - [2024-05-13T15:36:36.561+0000] {dagbag.py:540} INFO - Filling up the DagBag from /home/airflow/.local/lib/python3.8/site-packages/airflow/example_dags/example_bash_operator.py
[2024-05-13T15:36:36.571+0000] {processor.py:840} INFO - DAG(s) 'example_bash_operator' retrieved from /home/airflow/.local/lib/python3.8/site-packages/airflow/example_dags/example_bash_operator.py
[2024-05-13T15:36:36.599+0000] {logging_mixin.py:188} INFO - [2024-05-13T15:36:36.599+0000] {dag.py:3047} INFO - Sync 1 DAGs
[2024-05-13T15:36:36.620+0000] {logging_mixin.py:188} INFO - [2024-05-13T15:36:36.620+0000] {dag.py:3834} INFO - Setting next_dagrun for example_bash_operator to 2024-05-12 00:00:00+00:00, run_after=2024-05-13 00:00:00+00:00
[2024-05-13T15:36:36.636+0000] {processor.py:183} INFO - Processing /home/airflow/.local/lib/python3.8/site-packages/airflow/example_dags/example_bash_operator.py took 0.081 seconds
[2024-05-13T15:37:06.762+0000] {processor.py:161} INFO - Started process (PID=2996) to work on /home/airflow/.local/lib/python3.8/site-packages/airflow/example_dags/example_bash_operator.py
[2024-05-13T15:37:06.763+0000] {processor.py:830} INFO - Processing file /home/airflow/.local/lib/python3.8/site-packages/airflow/example_dags/example_bash_operator.py for tasks to queue
[2024-05-13T15:37:06.765+0000] {logging_mixin.py:188} INFO - [2024-05-13T15:37:06.764+0000] {dagbag.py:540} INFO - Filling up the DagBag from /home/airflow/.local/lib/python3.8/site-packages/airflow/example_dags/example_bash_operator.py
[2024-05-13T15:37:06.775+0000] {processor.py:840} INFO - DAG(s) 'example_bash_operator' retrieved from /home/airflow/.local/lib/python3.8/site-packages/airflow/example_dags/example_bash_operator.py
[2024-05-13T15:37:06.802+0000] {logging_mixin.py:188} INFO - [2024-05-13T15:37:06.801+0000] {dag.py:3047} INFO - Sync 1 DAGs
[2024-05-13T15:37:06.822+0000] {logging_mixin.py:188} INFO - [2024-05-13T15:37:06.821+0000] {dag.py:3834} INFO - Setting next_dagrun for example_bash_operator to 2024-05-12 00:00:00+00:00, run_after=2024-05-13 00:00:00+00:00
[2024-05-13T15:37:06.838+0000] {processor.py:183} INFO - Processing /home/airflow/.local/lib/python3.8/site-packages/airflow/example_dags/example_bash_operator.py took 0.079 seconds
[2024-05-13T15:37:37.049+0000] {processor.py:161} INFO - Started process (PID=3064) to work on /home/airflow/.local/lib/python3.8/site-packages/airflow/example_dags/example_bash_operator.py
[2024-05-13T15:37:37.050+0000] {processor.py:830} INFO - Processing file /home/airflow/.local/lib/python3.8/site-packages/airflow/example_dags/example_bash_operator.py for tasks to queue
[2024-05-13T15:37:37.051+0000] {logging_mixin.py:188} INFO - [2024-05-13T15:37:37.051+0000] {dagbag.py:540} INFO - Filling up the DagBag from /home/airflow/.local/lib/python3.8/site-packages/airflow/example_dags/example_bash_operator.py
[2024-05-13T15:37:37.061+0000] {processor.py:840} INFO - DAG(s) 'example_bash_operator' retrieved from /home/airflow/.local/lib/python3.8/site-packages/airflow/example_dags/example_bash_operator.py
[2024-05-13T15:37:37.092+0000] {logging_mixin.py:188} INFO - [2024-05-13T15:37:37.091+0000] {dag.py:3047} INFO - Sync 1 DAGs
[2024-05-13T15:37:37.116+0000] {logging_mixin.py:188} INFO - [2024-05-13T15:37:37.116+0000] {dag.py:3834} INFO - Setting next_dagrun for example_bash_operator to 2024-05-12 00:00:00+00:00, run_after=2024-05-13 00:00:00+00:00
[2024-05-13T15:37:37.134+0000] {processor.py:183} INFO - Processing /home/airflow/.local/lib/python3.8/site-packages/airflow/example_dags/example_bash_operator.py took 0.088 seconds
[2024-05-13T15:38:07.634+0000] {processor.py:161} INFO - Started process (PID=3132) to work on /home/airflow/.local/lib/python3.8/site-packages/airflow/example_dags/example_bash_operator.py
[2024-05-13T15:38:07.635+0000] {processor.py:830} INFO - Processing file /home/airflow/.local/lib/python3.8/site-packages/airflow/example_dags/example_bash_operator.py for tasks to queue
[2024-05-13T15:38:07.637+0000] {logging_mixin.py:188} INFO - [2024-05-13T15:38:07.637+0000] {dagbag.py:540} INFO - Filling up the DagBag from /home/airflow/.local/lib/python3.8/site-packages/airflow/example_dags/example_bash_operator.py
[2024-05-13T15:38:07.650+0000] {processor.py:840} INFO - DAG(s) 'example_bash_operator' retrieved from /home/airflow/.local/lib/python3.8/site-packages/airflow/example_dags/example_bash_operator.py
[2024-05-13T15:38:07.687+0000] {logging_mixin.py:188} INFO - [2024-05-13T15:38:07.686+0000] {dag.py:3047} INFO - Sync 1 DAGs
[2024-05-13T15:38:07.712+0000] {logging_mixin.py:188} INFO - [2024-05-13T15:38:07.712+0000] {dag.py:3834} INFO - Setting next_dagrun for example_bash_operator to 2024-05-12 00:00:00+00:00, run_after=2024-05-13 00:00:00+00:00
[2024-05-13T15:38:07.732+0000] {processor.py:183} INFO - Processing /home/airflow/.local/lib/python3.8/site-packages/airflow/example_dags/example_bash_operator.py took 0.102 seconds
[2024-05-13T15:38:38.127+0000] {processor.py:161} INFO - Started process (PID=3200) to work on /home/airflow/.local/lib/python3.8/site-packages/airflow/example_dags/example_bash_operator.py
[2024-05-13T15:38:38.128+0000] {processor.py:830} INFO - Processing file /home/airflow/.local/lib/python3.8/site-packages/airflow/example_dags/example_bash_operator.py for tasks to queue
[2024-05-13T15:38:38.130+0000] {logging_mixin.py:188} INFO - [2024-05-13T15:38:38.130+0000] {dagbag.py:540} INFO - Filling up the DagBag from /home/airflow/.local/lib/python3.8/site-packages/airflow/example_dags/example_bash_operator.py
[2024-05-13T15:38:38.143+0000] {processor.py:840} INFO - DAG(s) 'example_bash_operator' retrieved from /home/airflow/.local/lib/python3.8/site-packages/airflow/example_dags/example_bash_operator.py
[2024-05-13T15:38:38.171+0000] {logging_mixin.py:188} INFO - [2024-05-13T15:38:38.171+0000] {dag.py:3047} INFO - Sync 1 DAGs
[2024-05-13T15:38:38.322+0000] {logging_mixin.py:188} INFO - [2024-05-13T15:38:38.322+0000] {dag.py:3834} INFO - Setting next_dagrun for example_bash_operator to 2024-05-12 00:00:00+00:00, run_after=2024-05-13 00:00:00+00:00
[2024-05-13T15:38:38.342+0000] {processor.py:183} INFO - Processing /home/airflow/.local/lib/python3.8/site-packages/airflow/example_dags/example_bash_operator.py took 0.218 seconds
[2024-05-13T15:39:08.687+0000] {processor.py:161} INFO - Started process (PID=3268) to work on /home/airflow/.local/lib/python3.8/site-packages/airflow/example_dags/example_bash_operator.py
[2024-05-13T15:39:08.689+0000] {processor.py:830} INFO - Processing file /home/airflow/.local/lib/python3.8/site-packages/airflow/example_dags/example_bash_operator.py for tasks to queue
[2024-05-13T15:39:08.695+0000] {logging_mixin.py:188} INFO - [2024-05-13T15:39:08.694+0000] {dagbag.py:540} INFO - Filling up the DagBag from /home/airflow/.local/lib/python3.8/site-packages/airflow/example_dags/example_bash_operator.py
[2024-05-13T15:39:08.712+0000] {processor.py:840} INFO - DAG(s) 'example_bash_operator' retrieved from /home/airflow/.local/lib/python3.8/site-packages/airflow/example_dags/example_bash_operator.py
[2024-05-13T15:39:08.748+0000] {logging_mixin.py:188} INFO - [2024-05-13T15:39:08.747+0000] {dag.py:3047} INFO - Sync 1 DAGs
[2024-05-13T15:39:08.774+0000] {logging_mixin.py:188} INFO - [2024-05-13T15:39:08.774+0000] {dag.py:3834} INFO - Setting next_dagrun for example_bash_operator to 2024-05-12 00:00:00+00:00, run_after=2024-05-13 00:00:00+00:00
[2024-05-13T15:39:08.955+0000] {processor.py:183} INFO - Processing /home/airflow/.local/lib/python3.8/site-packages/airflow/example_dags/example_bash_operator.py took 0.273 seconds
[2024-05-13T15:39:39.109+0000] {processor.py:161} INFO - Started process (PID=3336) to work on /home/airflow/.local/lib/python3.8/site-packages/airflow/example_dags/example_bash_operator.py
[2024-05-13T15:39:39.110+0000] {processor.py:830} INFO - Processing file /home/airflow/.local/lib/python3.8/site-packages/airflow/example_dags/example_bash_operator.py for tasks to queue
[2024-05-13T15:39:39.113+0000] {logging_mixin.py:188} INFO - [2024-05-13T15:39:39.113+0000] {dagbag.py:540} INFO - Filling up the DagBag from /home/airflow/.local/lib/python3.8/site-packages/airflow/example_dags/example_bash_operator.py
[2024-05-13T15:39:39.127+0000] {processor.py:840} INFO - DAG(s) 'example_bash_operator' retrieved from /home/airflow/.local/lib/python3.8/site-packages/airflow/example_dags/example_bash_operator.py
[2024-05-13T15:39:39.162+0000] {logging_mixin.py:188} INFO - [2024-05-13T15:39:39.162+0000] {dag.py:3047} INFO - Sync 1 DAGs
[2024-05-13T15:39:39.184+0000] {logging_mixin.py:188} INFO - [2024-05-13T15:39:39.183+0000] {dag.py:3834} INFO - Setting next_dagrun for example_bash_operator to 2024-05-12 00:00:00+00:00, run_after=2024-05-13 00:00:00+00:00
[2024-05-13T15:39:39.216+0000] {processor.py:183} INFO - Processing /home/airflow/.local/lib/python3.8/site-packages/airflow/example_dags/example_bash_operator.py took 0.110 seconds
[2024-05-13T15:40:09.336+0000] {processor.py:161} INFO - Started process (PID=3402) to work on /home/airflow/.local/lib/python3.8/site-packages/airflow/example_dags/example_bash_operator.py
[2024-05-13T15:40:09.337+0000] {processor.py:830} INFO - Processing file /home/airflow/.local/lib/python3.8/site-packages/airflow/example_dags/example_bash_operator.py for tasks to queue
[2024-05-13T15:40:09.339+0000] {logging_mixin.py:188} INFO - [2024-05-13T15:40:09.339+0000] {dagbag.py:540} INFO - Filling up the DagBag from /home/airflow/.local/lib/python3.8/site-packages/airflow/example_dags/example_bash_operator.py
[2024-05-13T15:40:09.350+0000] {processor.py:840} INFO - DAG(s) 'example_bash_operator' retrieved from /home/airflow/.local/lib/python3.8/site-packages/airflow/example_dags/example_bash_operator.py
[2024-05-13T15:40:09.376+0000] {logging_mixin.py:188} INFO - [2024-05-13T15:40:09.376+0000] {dag.py:3047} INFO - Sync 1 DAGs
[2024-05-13T15:40:09.399+0000] {logging_mixin.py:188} INFO - [2024-05-13T15:40:09.398+0000] {dag.py:3834} INFO - Setting next_dagrun for example_bash_operator to 2024-05-12 00:00:00+00:00, run_after=2024-05-13 00:00:00+00:00
[2024-05-13T15:40:09.417+0000] {processor.py:183} INFO - Processing /home/airflow/.local/lib/python3.8/site-packages/airflow/example_dags/example_bash_operator.py took 0.084 seconds
[2024-05-13T15:40:39.587+0000] {processor.py:161} INFO - Started process (PID=3470) to work on /home/airflow/.local/lib/python3.8/site-packages/airflow/example_dags/example_bash_operator.py
[2024-05-13T15:40:39.588+0000] {processor.py:830} INFO - Processing file /home/airflow/.local/lib/python3.8/site-packages/airflow/example_dags/example_bash_operator.py for tasks to queue
[2024-05-13T15:40:39.589+0000] {logging_mixin.py:188} INFO - [2024-05-13T15:40:39.589+0000] {dagbag.py:540} INFO - Filling up the DagBag from /home/airflow/.local/lib/python3.8/site-packages/airflow/example_dags/example_bash_operator.py
[2024-05-13T15:40:39.600+0000] {processor.py:840} INFO - DAG(s) 'example_bash_operator' retrieved from /home/airflow/.local/lib/python3.8/site-packages/airflow/example_dags/example_bash_operator.py
[2024-05-13T15:40:39.627+0000] {logging_mixin.py:188} INFO - [2024-05-13T15:40:39.627+0000] {dag.py:3047} INFO - Sync 1 DAGs
[2024-05-13T15:40:39.648+0000] {logging_mixin.py:188} INFO - [2024-05-13T15:40:39.648+0000] {dag.py:3834} INFO - Setting next_dagrun for example_bash_operator to 2024-05-12 00:00:00+00:00, run_after=2024-05-13 00:00:00+00:00
[2024-05-13T15:40:39.666+0000] {processor.py:183} INFO - Processing /home/airflow/.local/lib/python3.8/site-packages/airflow/example_dags/example_bash_operator.py took 0.083 seconds
[2024-05-13T15:41:09.738+0000] {processor.py:161} INFO - Started process (PID=3538) to work on /home/airflow/.local/lib/python3.8/site-packages/airflow/example_dags/example_bash_operator.py
[2024-05-13T15:41:09.739+0000] {processor.py:830} INFO - Processing file /home/airflow/.local/lib/python3.8/site-packages/airflow/example_dags/example_bash_operator.py for tasks to queue
[2024-05-13T15:41:09.741+0000] {logging_mixin.py:188} INFO - [2024-05-13T15:41:09.741+0000] {dagbag.py:540} INFO - Filling up the DagBag from /home/airflow/.local/lib/python3.8/site-packages/airflow/example_dags/example_bash_operator.py
[2024-05-13T15:41:09.751+0000] {processor.py:840} INFO - DAG(s) 'example_bash_operator' retrieved from /home/airflow/.local/lib/python3.8/site-packages/airflow/example_dags/example_bash_operator.py
[2024-05-13T15:41:09.778+0000] {logging_mixin.py:188} INFO - [2024-05-13T15:41:09.778+0000] {dag.py:3047} INFO - Sync 1 DAGs
[2024-05-13T15:41:09.798+0000] {logging_mixin.py:188} INFO - [2024-05-13T15:41:09.798+0000] {dag.py:3834} INFO - Setting next_dagrun for example_bash_operator to 2024-05-12 00:00:00+00:00, run_after=2024-05-13 00:00:00+00:00
[2024-05-13T15:41:09.818+0000] {processor.py:183} INFO - Processing /home/airflow/.local/lib/python3.8/site-packages/airflow/example_dags/example_bash_operator.py took 0.083 seconds
[2024-05-13T15:41:40.316+0000] {processor.py:161} INFO - Started process (PID=3606) to work on /home/airflow/.local/lib/python3.8/site-packages/airflow/example_dags/example_bash_operator.py
[2024-05-13T15:41:40.317+0000] {processor.py:830} INFO - Processing file /home/airflow/.local/lib/python3.8/site-packages/airflow/example_dags/example_bash_operator.py for tasks to queue
[2024-05-13T15:41:40.319+0000] {logging_mixin.py:188} INFO - [2024-05-13T15:41:40.319+0000] {dagbag.py:540} INFO - Filling up the DagBag from /home/airflow/.local/lib/python3.8/site-packages/airflow/example_dags/example_bash_operator.py
[2024-05-13T15:41:40.330+0000] {processor.py:840} INFO - DAG(s) 'example_bash_operator' retrieved from /home/airflow/.local/lib/python3.8/site-packages/airflow/example_dags/example_bash_operator.py
[2024-05-13T15:41:40.470+0000] {logging_mixin.py:188} INFO - [2024-05-13T15:41:40.470+0000] {dag.py:3047} INFO - Sync 1 DAGs
[2024-05-13T15:41:40.491+0000] {logging_mixin.py:188} INFO - [2024-05-13T15:41:40.491+0000] {dag.py:3834} INFO - Setting next_dagrun for example_bash_operator to 2024-05-12 00:00:00+00:00, run_after=2024-05-13 00:00:00+00:00
[2024-05-13T15:41:40.508+0000] {processor.py:183} INFO - Processing /home/airflow/.local/lib/python3.8/site-packages/airflow/example_dags/example_bash_operator.py took 0.195 seconds
[2024-05-13T15:42:11.394+0000] {processor.py:161} INFO - Started process (PID=3674) to work on /home/airflow/.local/lib/python3.8/site-packages/airflow/example_dags/example_bash_operator.py
[2024-05-13T15:42:11.395+0000] {processor.py:830} INFO - Processing file /home/airflow/.local/lib/python3.8/site-packages/airflow/example_dags/example_bash_operator.py for tasks to queue
[2024-05-13T15:42:11.398+0000] {logging_mixin.py:188} INFO - [2024-05-13T15:42:11.397+0000] {dagbag.py:540} INFO - Filling up the DagBag from /home/airflow/.local/lib/python3.8/site-packages/airflow/example_dags/example_bash_operator.py
[2024-05-13T15:42:11.408+0000] {processor.py:840} INFO - DAG(s) 'example_bash_operator' retrieved from /home/airflow/.local/lib/python3.8/site-packages/airflow/example_dags/example_bash_operator.py
[2024-05-13T15:42:11.435+0000] {logging_mixin.py:188} INFO - [2024-05-13T15:42:11.435+0000] {dag.py:3047} INFO - Sync 1 DAGs
[2024-05-13T15:42:11.591+0000] {logging_mixin.py:188} INFO - [2024-05-13T15:42:11.591+0000] {dag.py:3834} INFO - Setting next_dagrun for example_bash_operator to 2024-05-12 00:00:00+00:00, run_after=2024-05-13 00:00:00+00:00
[2024-05-13T15:42:11.610+0000] {processor.py:183} INFO - Processing /home/airflow/.local/lib/python3.8/site-packages/airflow/example_dags/example_bash_operator.py took 0.219 seconds
[2024-05-13T15:42:42.132+0000] {processor.py:161} INFO - Started process (PID=3742) to work on /home/airflow/.local/lib/python3.8/site-packages/airflow/example_dags/example_bash_operator.py
[2024-05-13T15:42:42.133+0000] {processor.py:830} INFO - Processing file /home/airflow/.local/lib/python3.8/site-packages/airflow/example_dags/example_bash_operator.py for tasks to queue
[2024-05-13T15:42:42.135+0000] {logging_mixin.py:188} INFO - [2024-05-13T15:42:42.135+0000] {dagbag.py:540} INFO - Filling up the DagBag from /home/airflow/.local/lib/python3.8/site-packages/airflow/example_dags/example_bash_operator.py
[2024-05-13T15:42:42.146+0000] {processor.py:840} INFO - DAG(s) 'example_bash_operator' retrieved from /home/airflow/.local/lib/python3.8/site-packages/airflow/example_dags/example_bash_operator.py
[2024-05-13T15:42:42.174+0000] {logging_mixin.py:188} INFO - [2024-05-13T15:42:42.174+0000] {dag.py:3047} INFO - Sync 1 DAGs
[2024-05-13T15:42:42.196+0000] {logging_mixin.py:188} INFO - [2024-05-13T15:42:42.195+0000] {dag.py:3834} INFO - Setting next_dagrun for example_bash_operator to 2024-05-12 00:00:00+00:00, run_after=2024-05-13 00:00:00+00:00
[2024-05-13T15:42:42.217+0000] {processor.py:183} INFO - Processing /home/airflow/.local/lib/python3.8/site-packages/airflow/example_dags/example_bash_operator.py took 0.088 seconds
[2024-05-13T15:43:12.328+0000] {processor.py:161} INFO - Started process (PID=3810) to work on /home/airflow/.local/lib/python3.8/site-packages/airflow/example_dags/example_bash_operator.py
[2024-05-13T15:43:12.329+0000] {processor.py:830} INFO - Processing file /home/airflow/.local/lib/python3.8/site-packages/airflow/example_dags/example_bash_operator.py for tasks to queue
[2024-05-13T15:43:12.330+0000] {logging_mixin.py:188} INFO - [2024-05-13T15:43:12.330+0000] {dagbag.py:540} INFO - Filling up the DagBag from /home/airflow/.local/lib/python3.8/site-packages/airflow/example_dags/example_bash_operator.py
[2024-05-13T15:43:12.342+0000] {processor.py:840} INFO - DAG(s) 'example_bash_operator' retrieved from /home/airflow/.local/lib/python3.8/site-packages/airflow/example_dags/example_bash_operator.py
[2024-05-13T15:43:12.371+0000] {logging_mixin.py:188} INFO - [2024-05-13T15:43:12.371+0000] {dag.py:3047} INFO - Sync 1 DAGs
[2024-05-13T15:43:12.396+0000] {logging_mixin.py:188} INFO - [2024-05-13T15:43:12.396+0000] {dag.py:3834} INFO - Setting next_dagrun for example_bash_operator to 2024-05-12 00:00:00+00:00, run_after=2024-05-13 00:00:00+00:00
[2024-05-13T15:43:12.420+0000] {processor.py:183} INFO - Processing /home/airflow/.local/lib/python3.8/site-packages/airflow/example_dags/example_bash_operator.py took 0.095 seconds
[2024-05-13T15:43:42.800+0000] {processor.py:161} INFO - Started process (PID=3878) to work on /home/airflow/.local/lib/python3.8/site-packages/airflow/example_dags/example_bash_operator.py
[2024-05-13T15:43:42.802+0000] {processor.py:830} INFO - Processing file /home/airflow/.local/lib/python3.8/site-packages/airflow/example_dags/example_bash_operator.py for tasks to queue
[2024-05-13T15:43:42.805+0000] {logging_mixin.py:188} INFO - [2024-05-13T15:43:42.805+0000] {dagbag.py:540} INFO - Filling up the DagBag from /home/airflow/.local/lib/python3.8/site-packages/airflow/example_dags/example_bash_operator.py
[2024-05-13T15:43:42.818+0000] {processor.py:840} INFO - DAG(s) 'example_bash_operator' retrieved from /home/airflow/.local/lib/python3.8/site-packages/airflow/example_dags/example_bash_operator.py
[2024-05-13T15:43:42.850+0000] {logging_mixin.py:188} INFO - [2024-05-13T15:43:42.850+0000] {dag.py:3047} INFO - Sync 1 DAGs
[2024-05-13T15:43:42.881+0000] {logging_mixin.py:188} INFO - [2024-05-13T15:43:42.881+0000] {dag.py:3834} INFO - Setting next_dagrun for example_bash_operator to 2024-05-12 00:00:00+00:00, run_after=2024-05-13 00:00:00+00:00
[2024-05-13T15:43:42.923+0000] {processor.py:183} INFO - Processing /home/airflow/.local/lib/python3.8/site-packages/airflow/example_dags/example_bash_operator.py took 0.126 seconds
[2024-05-13T15:44:13.219+0000] {processor.py:161} INFO - Started process (PID=3946) to work on /home/airflow/.local/lib/python3.8/site-packages/airflow/example_dags/example_bash_operator.py
[2024-05-13T15:44:13.220+0000] {processor.py:830} INFO - Processing file /home/airflow/.local/lib/python3.8/site-packages/airflow/example_dags/example_bash_operator.py for tasks to queue
[2024-05-13T15:44:13.221+0000] {logging_mixin.py:188} INFO - [2024-05-13T15:44:13.221+0000] {dagbag.py:540} INFO - Filling up the DagBag from /home/airflow/.local/lib/python3.8/site-packages/airflow/example_dags/example_bash_operator.py
[2024-05-13T15:44:13.232+0000] {processor.py:840} INFO - DAG(s) 'example_bash_operator' retrieved from /home/airflow/.local/lib/python3.8/site-packages/airflow/example_dags/example_bash_operator.py
[2024-05-13T15:44:13.257+0000] {logging_mixin.py:188} INFO - [2024-05-13T15:44:13.256+0000] {dag.py:3047} INFO - Sync 1 DAGs
[2024-05-13T15:44:13.276+0000] {logging_mixin.py:188} INFO - [2024-05-13T15:44:13.275+0000] {dag.py:3834} INFO - Setting next_dagrun for example_bash_operator to 2024-05-12 00:00:00+00:00, run_after=2024-05-13 00:00:00+00:00
[2024-05-13T15:44:13.295+0000] {processor.py:183} INFO - Processing /home/airflow/.local/lib/python3.8/site-packages/airflow/example_dags/example_bash_operator.py took 0.080 seconds
