[2024-05-13T15:15:21.048+0000] {processor.py:161} INFO - Started process (PID=108) to work on /home/airflow/.local/lib/python3.8/site-packages/airflow/example_dags/example_short_circuit_operator.py
[2024-05-13T15:15:21.051+0000] {processor.py:830} INFO - Processing file /home/airflow/.local/lib/python3.8/site-packages/airflow/example_dags/example_short_circuit_operator.py for tasks to queue
[2024-05-13T15:15:21.053+0000] {logging_mixin.py:188} INFO - [2024-05-13T15:15:21.053+0000] {dagbag.py:540} INFO - Filling up the DagBag from /home/airflow/.local/lib/python3.8/site-packages/airflow/example_dags/example_short_circuit_operator.py
[2024-05-13T15:15:21.070+0000] {processor.py:840} INFO - DAG(s) 'example_short_circuit_operator' retrieved from /home/airflow/.local/lib/python3.8/site-packages/airflow/example_dags/example_short_circuit_operator.py
[2024-05-13T15:15:21.200+0000] {logging_mixin.py:188} INFO - [2024-05-13T15:15:21.199+0000] {override.py:1769} INFO - Created Permission View: can delete on DAG:example_short_circuit_operator
[2024-05-13T15:15:21.213+0000] {logging_mixin.py:188} INFO - [2024-05-13T15:15:21.213+0000] {override.py:1769} INFO - Created Permission View: can edit on DAG:example_short_circuit_operator
[2024-05-13T15:15:21.221+0000] {logging_mixin.py:188} INFO - [2024-05-13T15:15:21.221+0000] {override.py:1769} INFO - Created Permission View: can read on DAG:example_short_circuit_operator
[2024-05-13T15:15:21.222+0000] {logging_mixin.py:188} INFO - [2024-05-13T15:15:21.222+0000] {dag.py:3047} INFO - Sync 1 DAGs
[2024-05-13T15:15:21.237+0000] {logging_mixin.py:188} INFO - [2024-05-13T15:15:21.237+0000] {dag.py:3069} INFO - Creating ORM DAG for example_short_circuit_operator
[2024-05-13T15:15:21.251+0000] {logging_mixin.py:188} INFO - [2024-05-13T15:15:21.251+0000] {dag.py:3834} INFO - Setting next_dagrun for example_short_circuit_operator to 2024-05-12 00:00:00+00:00, run_after=2024-05-13 00:00:00+00:00
[2024-05-13T15:15:21.274+0000] {processor.py:183} INFO - Processing /home/airflow/.local/lib/python3.8/site-packages/airflow/example_dags/example_short_circuit_operator.py took 0.231 seconds
[2024-05-13T15:15:51.598+0000] {processor.py:161} INFO - Started process (PID=176) to work on /home/airflow/.local/lib/python3.8/site-packages/airflow/example_dags/example_short_circuit_operator.py
[2024-05-13T15:15:51.599+0000] {processor.py:830} INFO - Processing file /home/airflow/.local/lib/python3.8/site-packages/airflow/example_dags/example_short_circuit_operator.py for tasks to queue
[2024-05-13T15:15:51.601+0000] {logging_mixin.py:188} INFO - [2024-05-13T15:15:51.600+0000] {dagbag.py:540} INFO - Filling up the DagBag from /home/airflow/.local/lib/python3.8/site-packages/airflow/example_dags/example_short_circuit_operator.py
[2024-05-13T15:15:51.608+0000] {processor.py:840} INFO - DAG(s) 'example_short_circuit_operator' retrieved from /home/airflow/.local/lib/python3.8/site-packages/airflow/example_dags/example_short_circuit_operator.py
[2024-05-13T15:15:51.632+0000] {logging_mixin.py:188} INFO - [2024-05-13T15:15:51.631+0000] {dag.py:3047} INFO - Sync 1 DAGs
[2024-05-13T15:15:51.653+0000] {logging_mixin.py:188} INFO - [2024-05-13T15:15:51.653+0000] {dag.py:3834} INFO - Setting next_dagrun for example_short_circuit_operator to 2024-05-12 00:00:00+00:00, run_after=2024-05-13 00:00:00+00:00
[2024-05-13T15:15:51.675+0000] {processor.py:183} INFO - Processing /home/airflow/.local/lib/python3.8/site-packages/airflow/example_dags/example_short_circuit_operator.py took 0.080 seconds
[2024-05-13T15:16:22.372+0000] {processor.py:161} INFO - Started process (PID=244) to work on /home/airflow/.local/lib/python3.8/site-packages/airflow/example_dags/example_short_circuit_operator.py
[2024-05-13T15:16:22.374+0000] {processor.py:830} INFO - Processing file /home/airflow/.local/lib/python3.8/site-packages/airflow/example_dags/example_short_circuit_operator.py for tasks to queue
[2024-05-13T15:16:22.378+0000] {logging_mixin.py:188} INFO - [2024-05-13T15:16:22.378+0000] {dagbag.py:540} INFO - Filling up the DagBag from /home/airflow/.local/lib/python3.8/site-packages/airflow/example_dags/example_short_circuit_operator.py
[2024-05-13T15:16:22.387+0000] {processor.py:840} INFO - DAG(s) 'example_short_circuit_operator' retrieved from /home/airflow/.local/lib/python3.8/site-packages/airflow/example_dags/example_short_circuit_operator.py
[2024-05-13T15:16:22.413+0000] {logging_mixin.py:188} INFO - [2024-05-13T15:16:22.412+0000] {dag.py:3047} INFO - Sync 1 DAGs
[2024-05-13T15:16:22.435+0000] {logging_mixin.py:188} INFO - [2024-05-13T15:16:22.435+0000] {dag.py:3834} INFO - Setting next_dagrun for example_short_circuit_operator to 2024-05-12 00:00:00+00:00, run_after=2024-05-13 00:00:00+00:00
[2024-05-13T15:16:22.457+0000] {processor.py:183} INFO - Processing /home/airflow/.local/lib/python3.8/site-packages/airflow/example_dags/example_short_circuit_operator.py took 0.089 seconds
[2024-05-13T15:16:52.578+0000] {processor.py:161} INFO - Started process (PID=312) to work on /home/airflow/.local/lib/python3.8/site-packages/airflow/example_dags/example_short_circuit_operator.py
[2024-05-13T15:16:52.580+0000] {processor.py:830} INFO - Processing file /home/airflow/.local/lib/python3.8/site-packages/airflow/example_dags/example_short_circuit_operator.py for tasks to queue
[2024-05-13T15:16:52.582+0000] {logging_mixin.py:188} INFO - [2024-05-13T15:16:52.582+0000] {dagbag.py:540} INFO - Filling up the DagBag from /home/airflow/.local/lib/python3.8/site-packages/airflow/example_dags/example_short_circuit_operator.py
[2024-05-13T15:16:52.590+0000] {processor.py:840} INFO - DAG(s) 'example_short_circuit_operator' retrieved from /home/airflow/.local/lib/python3.8/site-packages/airflow/example_dags/example_short_circuit_operator.py
[2024-05-13T15:16:52.623+0000] {logging_mixin.py:188} INFO - [2024-05-13T15:16:52.623+0000] {dag.py:3047} INFO - Sync 1 DAGs
[2024-05-13T15:16:52.651+0000] {logging_mixin.py:188} INFO - [2024-05-13T15:16:52.650+0000] {dag.py:3834} INFO - Setting next_dagrun for example_short_circuit_operator to 2024-05-12 00:00:00+00:00, run_after=2024-05-13 00:00:00+00:00
[2024-05-13T15:16:52.679+0000] {processor.py:183} INFO - Processing /home/airflow/.local/lib/python3.8/site-packages/airflow/example_dags/example_short_circuit_operator.py took 0.103 seconds
[2024-05-13T15:17:23.732+0000] {processor.py:161} INFO - Started process (PID=380) to work on /home/airflow/.local/lib/python3.8/site-packages/airflow/example_dags/example_short_circuit_operator.py
[2024-05-13T15:17:23.732+0000] {processor.py:830} INFO - Processing file /home/airflow/.local/lib/python3.8/site-packages/airflow/example_dags/example_short_circuit_operator.py for tasks to queue
[2024-05-13T15:17:23.735+0000] {logging_mixin.py:188} INFO - [2024-05-13T15:17:23.734+0000] {dagbag.py:540} INFO - Filling up the DagBag from /home/airflow/.local/lib/python3.8/site-packages/airflow/example_dags/example_short_circuit_operator.py
[2024-05-13T15:17:23.741+0000] {processor.py:840} INFO - DAG(s) 'example_short_circuit_operator' retrieved from /home/airflow/.local/lib/python3.8/site-packages/airflow/example_dags/example_short_circuit_operator.py
[2024-05-13T15:17:23.760+0000] {logging_mixin.py:188} INFO - [2024-05-13T15:17:23.760+0000] {dag.py:3047} INFO - Sync 1 DAGs
[2024-05-13T15:17:23.785+0000] {logging_mixin.py:188} INFO - [2024-05-13T15:17:23.784+0000] {dag.py:3834} INFO - Setting next_dagrun for example_short_circuit_operator to 2024-05-12 00:00:00+00:00, run_after=2024-05-13 00:00:00+00:00
[2024-05-13T15:17:23.800+0000] {processor.py:183} INFO - Processing /home/airflow/.local/lib/python3.8/site-packages/airflow/example_dags/example_short_circuit_operator.py took 0.072 seconds
[2024-05-13T15:17:54.043+0000] {processor.py:161} INFO - Started process (PID=447) to work on /home/airflow/.local/lib/python3.8/site-packages/airflow/example_dags/example_short_circuit_operator.py
[2024-05-13T15:17:54.044+0000] {processor.py:830} INFO - Processing file /home/airflow/.local/lib/python3.8/site-packages/airflow/example_dags/example_short_circuit_operator.py for tasks to queue
[2024-05-13T15:17:54.046+0000] {logging_mixin.py:188} INFO - [2024-05-13T15:17:54.046+0000] {dagbag.py:540} INFO - Filling up the DagBag from /home/airflow/.local/lib/python3.8/site-packages/airflow/example_dags/example_short_circuit_operator.py
[2024-05-13T15:17:54.055+0000] {processor.py:840} INFO - DAG(s) 'example_short_circuit_operator' retrieved from /home/airflow/.local/lib/python3.8/site-packages/airflow/example_dags/example_short_circuit_operator.py
[2024-05-13T15:17:54.077+0000] {logging_mixin.py:188} INFO - [2024-05-13T15:17:54.077+0000] {dag.py:3047} INFO - Sync 1 DAGs
[2024-05-13T15:17:54.097+0000] {logging_mixin.py:188} INFO - [2024-05-13T15:17:54.097+0000] {dag.py:3834} INFO - Setting next_dagrun for example_short_circuit_operator to 2024-05-12 00:00:00+00:00, run_after=2024-05-13 00:00:00+00:00
[2024-05-13T15:17:54.114+0000] {processor.py:183} INFO - Processing /home/airflow/.local/lib/python3.8/site-packages/airflow/example_dags/example_short_circuit_operator.py took 0.074 seconds
[2024-05-13T15:18:24.195+0000] {processor.py:161} INFO - Started process (PID=503) to work on /home/airflow/.local/lib/python3.8/site-packages/airflow/example_dags/example_short_circuit_operator.py
[2024-05-13T15:18:24.197+0000] {processor.py:830} INFO - Processing file /home/airflow/.local/lib/python3.8/site-packages/airflow/example_dags/example_short_circuit_operator.py for tasks to queue
[2024-05-13T15:18:24.199+0000] {logging_mixin.py:188} INFO - [2024-05-13T15:18:24.198+0000] {dagbag.py:540} INFO - Filling up the DagBag from /home/airflow/.local/lib/python3.8/site-packages/airflow/example_dags/example_short_circuit_operator.py
[2024-05-13T15:18:24.207+0000] {processor.py:840} INFO - DAG(s) 'example_short_circuit_operator' retrieved from /home/airflow/.local/lib/python3.8/site-packages/airflow/example_dags/example_short_circuit_operator.py
[2024-05-13T15:18:24.237+0000] {logging_mixin.py:188} INFO - [2024-05-13T15:18:24.236+0000] {dag.py:3047} INFO - Sync 1 DAGs
[2024-05-13T15:18:24.258+0000] {logging_mixin.py:188} INFO - [2024-05-13T15:18:24.258+0000] {dag.py:3834} INFO - Setting next_dagrun for example_short_circuit_operator to 2024-05-12 00:00:00+00:00, run_after=2024-05-13 00:00:00+00:00
[2024-05-13T15:18:24.278+0000] {processor.py:183} INFO - Processing /home/airflow/.local/lib/python3.8/site-packages/airflow/example_dags/example_short_circuit_operator.py took 0.087 seconds
[2024-05-13T15:18:55.078+0000] {processor.py:161} INFO - Started process (PID=571) to work on /home/airflow/.local/lib/python3.8/site-packages/airflow/example_dags/example_short_circuit_operator.py
[2024-05-13T15:18:55.079+0000] {processor.py:830} INFO - Processing file /home/airflow/.local/lib/python3.8/site-packages/airflow/example_dags/example_short_circuit_operator.py for tasks to queue
[2024-05-13T15:18:55.081+0000] {logging_mixin.py:188} INFO - [2024-05-13T15:18:55.081+0000] {dagbag.py:540} INFO - Filling up the DagBag from /home/airflow/.local/lib/python3.8/site-packages/airflow/example_dags/example_short_circuit_operator.py
[2024-05-13T15:18:55.089+0000] {processor.py:840} INFO - DAG(s) 'example_short_circuit_operator' retrieved from /home/airflow/.local/lib/python3.8/site-packages/airflow/example_dags/example_short_circuit_operator.py
[2024-05-13T15:18:55.110+0000] {logging_mixin.py:188} INFO - [2024-05-13T15:18:55.109+0000] {dag.py:3047} INFO - Sync 1 DAGs
[2024-05-13T15:18:55.131+0000] {logging_mixin.py:188} INFO - [2024-05-13T15:18:55.131+0000] {dag.py:3834} INFO - Setting next_dagrun for example_short_circuit_operator to 2024-05-12 00:00:00+00:00, run_after=2024-05-13 00:00:00+00:00
[2024-05-13T15:18:55.152+0000] {processor.py:183} INFO - Processing /home/airflow/.local/lib/python3.8/site-packages/airflow/example_dags/example_short_circuit_operator.py took 0.076 seconds
[2024-05-13T15:19:25.235+0000] {processor.py:161} INFO - Started process (PID=639) to work on /home/airflow/.local/lib/python3.8/site-packages/airflow/example_dags/example_short_circuit_operator.py
[2024-05-13T15:19:25.237+0000] {processor.py:830} INFO - Processing file /home/airflow/.local/lib/python3.8/site-packages/airflow/example_dags/example_short_circuit_operator.py for tasks to queue
[2024-05-13T15:19:25.240+0000] {logging_mixin.py:188} INFO - [2024-05-13T15:19:25.240+0000] {dagbag.py:540} INFO - Filling up the DagBag from /home/airflow/.local/lib/python3.8/site-packages/airflow/example_dags/example_short_circuit_operator.py
[2024-05-13T15:19:25.255+0000] {processor.py:840} INFO - DAG(s) 'example_short_circuit_operator' retrieved from /home/airflow/.local/lib/python3.8/site-packages/airflow/example_dags/example_short_circuit_operator.py
[2024-05-13T15:19:25.291+0000] {logging_mixin.py:188} INFO - [2024-05-13T15:19:25.291+0000] {dag.py:3047} INFO - Sync 1 DAGs
[2024-05-13T15:19:25.327+0000] {logging_mixin.py:188} INFO - [2024-05-13T15:19:25.327+0000] {dag.py:3834} INFO - Setting next_dagrun for example_short_circuit_operator to 2024-05-12 00:00:00+00:00, run_after=2024-05-13 00:00:00+00:00
[2024-05-13T15:19:25.353+0000] {processor.py:183} INFO - Processing /home/airflow/.local/lib/python3.8/site-packages/airflow/example_dags/example_short_circuit_operator.py took 0.122 seconds
[2024-05-13T15:19:55.500+0000] {processor.py:161} INFO - Started process (PID=707) to work on /home/airflow/.local/lib/python3.8/site-packages/airflow/example_dags/example_short_circuit_operator.py
[2024-05-13T15:19:55.501+0000] {processor.py:830} INFO - Processing file /home/airflow/.local/lib/python3.8/site-packages/airflow/example_dags/example_short_circuit_operator.py for tasks to queue
[2024-05-13T15:19:55.504+0000] {logging_mixin.py:188} INFO - [2024-05-13T15:19:55.503+0000] {dagbag.py:540} INFO - Filling up the DagBag from /home/airflow/.local/lib/python3.8/site-packages/airflow/example_dags/example_short_circuit_operator.py
[2024-05-13T15:19:55.512+0000] {processor.py:840} INFO - DAG(s) 'example_short_circuit_operator' retrieved from /home/airflow/.local/lib/python3.8/site-packages/airflow/example_dags/example_short_circuit_operator.py
[2024-05-13T15:19:55.533+0000] {logging_mixin.py:188} INFO - [2024-05-13T15:19:55.533+0000] {dag.py:3047} INFO - Sync 1 DAGs
[2024-05-13T15:19:55.555+0000] {logging_mixin.py:188} INFO - [2024-05-13T15:19:55.555+0000] {dag.py:3834} INFO - Setting next_dagrun for example_short_circuit_operator to 2024-05-12 00:00:00+00:00, run_after=2024-05-13 00:00:00+00:00
[2024-05-13T15:19:55.574+0000] {processor.py:183} INFO - Processing /home/airflow/.local/lib/python3.8/site-packages/airflow/example_dags/example_short_circuit_operator.py took 0.078 seconds
[2024-05-13T15:20:25.979+0000] {processor.py:161} INFO - Started process (PID=775) to work on /home/airflow/.local/lib/python3.8/site-packages/airflow/example_dags/example_short_circuit_operator.py
[2024-05-13T15:20:25.981+0000] {processor.py:830} INFO - Processing file /home/airflow/.local/lib/python3.8/site-packages/airflow/example_dags/example_short_circuit_operator.py for tasks to queue
[2024-05-13T15:20:25.986+0000] {logging_mixin.py:188} INFO - [2024-05-13T15:20:25.985+0000] {dagbag.py:540} INFO - Filling up the DagBag from /home/airflow/.local/lib/python3.8/site-packages/airflow/example_dags/example_short_circuit_operator.py
[2024-05-13T15:20:25.995+0000] {processor.py:840} INFO - DAG(s) 'example_short_circuit_operator' retrieved from /home/airflow/.local/lib/python3.8/site-packages/airflow/example_dags/example_short_circuit_operator.py
[2024-05-13T15:20:26.022+0000] {logging_mixin.py:188} INFO - [2024-05-13T15:20:26.022+0000] {dag.py:3047} INFO - Sync 1 DAGs
[2024-05-13T15:20:26.049+0000] {logging_mixin.py:188} INFO - [2024-05-13T15:20:26.048+0000] {dag.py:3834} INFO - Setting next_dagrun for example_short_circuit_operator to 2024-05-12 00:00:00+00:00, run_after=2024-05-13 00:00:00+00:00
[2024-05-13T15:20:26.075+0000] {processor.py:183} INFO - Processing /home/airflow/.local/lib/python3.8/site-packages/airflow/example_dags/example_short_circuit_operator.py took 0.100 seconds
[2024-05-13T15:20:56.289+0000] {processor.py:161} INFO - Started process (PID=847) to work on /home/airflow/.local/lib/python3.8/site-packages/airflow/example_dags/example_short_circuit_operator.py
[2024-05-13T15:20:56.290+0000] {processor.py:830} INFO - Processing file /home/airflow/.local/lib/python3.8/site-packages/airflow/example_dags/example_short_circuit_operator.py for tasks to queue
[2024-05-13T15:20:56.292+0000] {logging_mixin.py:188} INFO - [2024-05-13T15:20:56.292+0000] {dagbag.py:540} INFO - Filling up the DagBag from /home/airflow/.local/lib/python3.8/site-packages/airflow/example_dags/example_short_circuit_operator.py
[2024-05-13T15:20:56.300+0000] {processor.py:840} INFO - DAG(s) 'example_short_circuit_operator' retrieved from /home/airflow/.local/lib/python3.8/site-packages/airflow/example_dags/example_short_circuit_operator.py
[2024-05-13T15:20:56.323+0000] {logging_mixin.py:188} INFO - [2024-05-13T15:20:56.322+0000] {dag.py:3047} INFO - Sync 1 DAGs
[2024-05-13T15:20:56.348+0000] {logging_mixin.py:188} INFO - [2024-05-13T15:20:56.348+0000] {dag.py:3834} INFO - Setting next_dagrun for example_short_circuit_operator to 2024-05-12 00:00:00+00:00, run_after=2024-05-13 00:00:00+00:00
[2024-05-13T15:20:56.367+0000] {processor.py:183} INFO - Processing /home/airflow/.local/lib/python3.8/site-packages/airflow/example_dags/example_short_circuit_operator.py took 0.082 seconds
[2024-05-13T15:21:26.500+0000] {processor.py:161} INFO - Started process (PID=915) to work on /home/airflow/.local/lib/python3.8/site-packages/airflow/example_dags/example_short_circuit_operator.py
[2024-05-13T15:21:26.501+0000] {processor.py:830} INFO - Processing file /home/airflow/.local/lib/python3.8/site-packages/airflow/example_dags/example_short_circuit_operator.py for tasks to queue
[2024-05-13T15:21:26.504+0000] {logging_mixin.py:188} INFO - [2024-05-13T15:21:26.504+0000] {dagbag.py:540} INFO - Filling up the DagBag from /home/airflow/.local/lib/python3.8/site-packages/airflow/example_dags/example_short_circuit_operator.py
[2024-05-13T15:21:26.511+0000] {processor.py:840} INFO - DAG(s) 'example_short_circuit_operator' retrieved from /home/airflow/.local/lib/python3.8/site-packages/airflow/example_dags/example_short_circuit_operator.py
[2024-05-13T15:21:26.535+0000] {logging_mixin.py:188} INFO - [2024-05-13T15:21:26.534+0000] {dag.py:3047} INFO - Sync 1 DAGs
[2024-05-13T15:21:26.558+0000] {logging_mixin.py:188} INFO - [2024-05-13T15:21:26.557+0000] {dag.py:3834} INFO - Setting next_dagrun for example_short_circuit_operator to 2024-05-12 00:00:00+00:00, run_after=2024-05-13 00:00:00+00:00
[2024-05-13T15:21:26.579+0000] {processor.py:183} INFO - Processing /home/airflow/.local/lib/python3.8/site-packages/airflow/example_dags/example_short_circuit_operator.py took 0.082 seconds
[2024-05-13T15:21:56.842+0000] {processor.py:161} INFO - Started process (PID=983) to work on /home/airflow/.local/lib/python3.8/site-packages/airflow/example_dags/example_short_circuit_operator.py
[2024-05-13T15:21:56.843+0000] {processor.py:830} INFO - Processing file /home/airflow/.local/lib/python3.8/site-packages/airflow/example_dags/example_short_circuit_operator.py for tasks to queue
[2024-05-13T15:21:56.845+0000] {logging_mixin.py:188} INFO - [2024-05-13T15:21:56.845+0000] {dagbag.py:540} INFO - Filling up the DagBag from /home/airflow/.local/lib/python3.8/site-packages/airflow/example_dags/example_short_circuit_operator.py
[2024-05-13T15:21:56.858+0000] {processor.py:840} INFO - DAG(s) 'example_short_circuit_operator' retrieved from /home/airflow/.local/lib/python3.8/site-packages/airflow/example_dags/example_short_circuit_operator.py
[2024-05-13T15:21:56.884+0000] {logging_mixin.py:188} INFO - [2024-05-13T15:21:56.884+0000] {dag.py:3047} INFO - Sync 1 DAGs
[2024-05-13T15:21:56.911+0000] {logging_mixin.py:188} INFO - [2024-05-13T15:21:56.911+0000] {dag.py:3834} INFO - Setting next_dagrun for example_short_circuit_operator to 2024-05-12 00:00:00+00:00, run_after=2024-05-13 00:00:00+00:00
[2024-05-13T15:21:56.935+0000] {processor.py:183} INFO - Processing /home/airflow/.local/lib/python3.8/site-packages/airflow/example_dags/example_short_circuit_operator.py took 0.097 seconds
[2024-05-13T15:22:27.807+0000] {processor.py:161} INFO - Started process (PID=1051) to work on /home/airflow/.local/lib/python3.8/site-packages/airflow/example_dags/example_short_circuit_operator.py
[2024-05-13T15:22:27.809+0000] {processor.py:830} INFO - Processing file /home/airflow/.local/lib/python3.8/site-packages/airflow/example_dags/example_short_circuit_operator.py for tasks to queue
[2024-05-13T15:22:27.811+0000] {logging_mixin.py:188} INFO - [2024-05-13T15:22:27.811+0000] {dagbag.py:540} INFO - Filling up the DagBag from /home/airflow/.local/lib/python3.8/site-packages/airflow/example_dags/example_short_circuit_operator.py
[2024-05-13T15:22:27.819+0000] {processor.py:840} INFO - DAG(s) 'example_short_circuit_operator' retrieved from /home/airflow/.local/lib/python3.8/site-packages/airflow/example_dags/example_short_circuit_operator.py
[2024-05-13T15:22:27.854+0000] {logging_mixin.py:188} INFO - [2024-05-13T15:22:27.853+0000] {dag.py:3047} INFO - Sync 1 DAGs
[2024-05-13T15:22:27.883+0000] {logging_mixin.py:188} INFO - [2024-05-13T15:22:27.883+0000] {dag.py:3834} INFO - Setting next_dagrun for example_short_circuit_operator to 2024-05-12 00:00:00+00:00, run_after=2024-05-13 00:00:00+00:00
[2024-05-13T15:22:27.914+0000] {processor.py:183} INFO - Processing /home/airflow/.local/lib/python3.8/site-packages/airflow/example_dags/example_short_circuit_operator.py took 0.110 seconds
[2024-05-13T15:22:58.178+0000] {processor.py:161} INFO - Started process (PID=1120) to work on /home/airflow/.local/lib/python3.8/site-packages/airflow/example_dags/example_short_circuit_operator.py
[2024-05-13T15:22:58.180+0000] {processor.py:830} INFO - Processing file /home/airflow/.local/lib/python3.8/site-packages/airflow/example_dags/example_short_circuit_operator.py for tasks to queue
[2024-05-13T15:22:58.183+0000] {logging_mixin.py:188} INFO - [2024-05-13T15:22:58.182+0000] {dagbag.py:540} INFO - Filling up the DagBag from /home/airflow/.local/lib/python3.8/site-packages/airflow/example_dags/example_short_circuit_operator.py
[2024-05-13T15:22:58.190+0000] {processor.py:840} INFO - DAG(s) 'example_short_circuit_operator' retrieved from /home/airflow/.local/lib/python3.8/site-packages/airflow/example_dags/example_short_circuit_operator.py
[2024-05-13T15:22:58.213+0000] {logging_mixin.py:188} INFO - [2024-05-13T15:22:58.213+0000] {dag.py:3047} INFO - Sync 1 DAGs
[2024-05-13T15:22:58.235+0000] {logging_mixin.py:188} INFO - [2024-05-13T15:22:58.235+0000] {dag.py:3834} INFO - Setting next_dagrun for example_short_circuit_operator to 2024-05-12 00:00:00+00:00, run_after=2024-05-13 00:00:00+00:00
[2024-05-13T15:22:58.256+0000] {processor.py:183} INFO - Processing /home/airflow/.local/lib/python3.8/site-packages/airflow/example_dags/example_short_circuit_operator.py took 0.084 seconds
[2024-05-13T15:23:28.560+0000] {processor.py:161} INFO - Started process (PID=1188) to work on /home/airflow/.local/lib/python3.8/site-packages/airflow/example_dags/example_short_circuit_operator.py
[2024-05-13T15:23:28.561+0000] {processor.py:830} INFO - Processing file /home/airflow/.local/lib/python3.8/site-packages/airflow/example_dags/example_short_circuit_operator.py for tasks to queue
[2024-05-13T15:23:28.565+0000] {logging_mixin.py:188} INFO - [2024-05-13T15:23:28.564+0000] {dagbag.py:540} INFO - Filling up the DagBag from /home/airflow/.local/lib/python3.8/site-packages/airflow/example_dags/example_short_circuit_operator.py
[2024-05-13T15:23:28.573+0000] {processor.py:840} INFO - DAG(s) 'example_short_circuit_operator' retrieved from /home/airflow/.local/lib/python3.8/site-packages/airflow/example_dags/example_short_circuit_operator.py
[2024-05-13T15:23:28.599+0000] {logging_mixin.py:188} INFO - [2024-05-13T15:23:28.598+0000] {dag.py:3047} INFO - Sync 1 DAGs
[2024-05-13T15:23:28.624+0000] {logging_mixin.py:188} INFO - [2024-05-13T15:23:28.624+0000] {dag.py:3834} INFO - Setting next_dagrun for example_short_circuit_operator to 2024-05-12 00:00:00+00:00, run_after=2024-05-13 00:00:00+00:00
[2024-05-13T15:23:28.652+0000] {processor.py:183} INFO - Processing /home/airflow/.local/lib/python3.8/site-packages/airflow/example_dags/example_short_circuit_operator.py took 0.097 seconds
[2024-05-13T15:23:59.389+0000] {processor.py:161} INFO - Started process (PID=1256) to work on /home/airflow/.local/lib/python3.8/site-packages/airflow/example_dags/example_short_circuit_operator.py
[2024-05-13T15:23:59.391+0000] {processor.py:830} INFO - Processing file /home/airflow/.local/lib/python3.8/site-packages/airflow/example_dags/example_short_circuit_operator.py for tasks to queue
[2024-05-13T15:23:59.393+0000] {logging_mixin.py:188} INFO - [2024-05-13T15:23:59.393+0000] {dagbag.py:540} INFO - Filling up the DagBag from /home/airflow/.local/lib/python3.8/site-packages/airflow/example_dags/example_short_circuit_operator.py
[2024-05-13T15:23:59.402+0000] {processor.py:840} INFO - DAG(s) 'example_short_circuit_operator' retrieved from /home/airflow/.local/lib/python3.8/site-packages/airflow/example_dags/example_short_circuit_operator.py
[2024-05-13T15:23:59.431+0000] {logging_mixin.py:188} INFO - [2024-05-13T15:23:59.431+0000] {dag.py:3047} INFO - Sync 1 DAGs
[2024-05-13T15:23:59.458+0000] {logging_mixin.py:188} INFO - [2024-05-13T15:23:59.458+0000] {dag.py:3834} INFO - Setting next_dagrun for example_short_circuit_operator to 2024-05-12 00:00:00+00:00, run_after=2024-05-13 00:00:00+00:00
[2024-05-13T15:23:59.484+0000] {processor.py:183} INFO - Processing /home/airflow/.local/lib/python3.8/site-packages/airflow/example_dags/example_short_circuit_operator.py took 0.099 seconds
[2024-05-13T15:24:29.512+0000] {processor.py:161} INFO - Started process (PID=1324) to work on /home/airflow/.local/lib/python3.8/site-packages/airflow/example_dags/example_short_circuit_operator.py
[2024-05-13T15:24:29.513+0000] {processor.py:830} INFO - Processing file /home/airflow/.local/lib/python3.8/site-packages/airflow/example_dags/example_short_circuit_operator.py for tasks to queue
[2024-05-13T15:24:29.515+0000] {logging_mixin.py:188} INFO - [2024-05-13T15:24:29.515+0000] {dagbag.py:540} INFO - Filling up the DagBag from /home/airflow/.local/lib/python3.8/site-packages/airflow/example_dags/example_short_circuit_operator.py
[2024-05-13T15:24:29.525+0000] {processor.py:840} INFO - DAG(s) 'example_short_circuit_operator' retrieved from /home/airflow/.local/lib/python3.8/site-packages/airflow/example_dags/example_short_circuit_operator.py
[2024-05-13T15:24:29.548+0000] {logging_mixin.py:188} INFO - [2024-05-13T15:24:29.548+0000] {dag.py:3047} INFO - Sync 1 DAGs
[2024-05-13T15:24:29.569+0000] {logging_mixin.py:188} INFO - [2024-05-13T15:24:29.569+0000] {dag.py:3834} INFO - Setting next_dagrun for example_short_circuit_operator to 2024-05-12 00:00:00+00:00, run_after=2024-05-13 00:00:00+00:00
[2024-05-13T15:24:29.590+0000] {processor.py:183} INFO - Processing /home/airflow/.local/lib/python3.8/site-packages/airflow/example_dags/example_short_circuit_operator.py took 0.081 seconds
[2024-05-13T15:24:59.664+0000] {processor.py:161} INFO - Started process (PID=1392) to work on /home/airflow/.local/lib/python3.8/site-packages/airflow/example_dags/example_short_circuit_operator.py
[2024-05-13T15:24:59.665+0000] {processor.py:830} INFO - Processing file /home/airflow/.local/lib/python3.8/site-packages/airflow/example_dags/example_short_circuit_operator.py for tasks to queue
[2024-05-13T15:24:59.667+0000] {logging_mixin.py:188} INFO - [2024-05-13T15:24:59.667+0000] {dagbag.py:540} INFO - Filling up the DagBag from /home/airflow/.local/lib/python3.8/site-packages/airflow/example_dags/example_short_circuit_operator.py
[2024-05-13T15:24:59.675+0000] {processor.py:840} INFO - DAG(s) 'example_short_circuit_operator' retrieved from /home/airflow/.local/lib/python3.8/site-packages/airflow/example_dags/example_short_circuit_operator.py
[2024-05-13T15:24:59.697+0000] {logging_mixin.py:188} INFO - [2024-05-13T15:24:59.696+0000] {dag.py:3047} INFO - Sync 1 DAGs
[2024-05-13T15:24:59.718+0000] {logging_mixin.py:188} INFO - [2024-05-13T15:24:59.718+0000] {dag.py:3834} INFO - Setting next_dagrun for example_short_circuit_operator to 2024-05-12 00:00:00+00:00, run_after=2024-05-13 00:00:00+00:00
[2024-05-13T15:24:59.739+0000] {processor.py:183} INFO - Processing /home/airflow/.local/lib/python3.8/site-packages/airflow/example_dags/example_short_circuit_operator.py took 0.078 seconds
[2024-05-13T15:25:30.010+0000] {processor.py:161} INFO - Started process (PID=1461) to work on /home/airflow/.local/lib/python3.8/site-packages/airflow/example_dags/example_short_circuit_operator.py
[2024-05-13T15:25:30.011+0000] {processor.py:830} INFO - Processing file /home/airflow/.local/lib/python3.8/site-packages/airflow/example_dags/example_short_circuit_operator.py for tasks to queue
[2024-05-13T15:25:30.013+0000] {logging_mixin.py:188} INFO - [2024-05-13T15:25:30.013+0000] {dagbag.py:540} INFO - Filling up the DagBag from /home/airflow/.local/lib/python3.8/site-packages/airflow/example_dags/example_short_circuit_operator.py
[2024-05-13T15:25:30.020+0000] {processor.py:840} INFO - DAG(s) 'example_short_circuit_operator' retrieved from /home/airflow/.local/lib/python3.8/site-packages/airflow/example_dags/example_short_circuit_operator.py
[2024-05-13T15:25:30.042+0000] {logging_mixin.py:188} INFO - [2024-05-13T15:25:30.042+0000] {dag.py:3047} INFO - Sync 1 DAGs
[2024-05-13T15:25:30.061+0000] {logging_mixin.py:188} INFO - [2024-05-13T15:25:30.061+0000] {dag.py:3834} INFO - Setting next_dagrun for example_short_circuit_operator to 2024-05-12 00:00:00+00:00, run_after=2024-05-13 00:00:00+00:00
[2024-05-13T15:25:30.079+0000] {processor.py:183} INFO - Processing /home/airflow/.local/lib/python3.8/site-packages/airflow/example_dags/example_short_circuit_operator.py took 0.072 seconds
[2024-05-13T15:26:00.389+0000] {processor.py:161} INFO - Started process (PID=1529) to work on /home/airflow/.local/lib/python3.8/site-packages/airflow/example_dags/example_short_circuit_operator.py
[2024-05-13T15:26:00.390+0000] {processor.py:830} INFO - Processing file /home/airflow/.local/lib/python3.8/site-packages/airflow/example_dags/example_short_circuit_operator.py for tasks to queue
[2024-05-13T15:26:00.392+0000] {logging_mixin.py:188} INFO - [2024-05-13T15:26:00.392+0000] {dagbag.py:540} INFO - Filling up the DagBag from /home/airflow/.local/lib/python3.8/site-packages/airflow/example_dags/example_short_circuit_operator.py
[2024-05-13T15:26:00.399+0000] {processor.py:840} INFO - DAG(s) 'example_short_circuit_operator' retrieved from /home/airflow/.local/lib/python3.8/site-packages/airflow/example_dags/example_short_circuit_operator.py
[2024-05-13T15:26:00.419+0000] {logging_mixin.py:188} INFO - [2024-05-13T15:26:00.419+0000] {dag.py:3047} INFO - Sync 1 DAGs
[2024-05-13T15:26:00.439+0000] {logging_mixin.py:188} INFO - [2024-05-13T15:26:00.438+0000] {dag.py:3834} INFO - Setting next_dagrun for example_short_circuit_operator to 2024-05-12 00:00:00+00:00, run_after=2024-05-13 00:00:00+00:00
[2024-05-13T15:26:00.457+0000] {processor.py:183} INFO - Processing /home/airflow/.local/lib/python3.8/site-packages/airflow/example_dags/example_short_circuit_operator.py took 0.071 seconds
[2024-05-13T15:26:30.674+0000] {processor.py:161} INFO - Started process (PID=1597) to work on /home/airflow/.local/lib/python3.8/site-packages/airflow/example_dags/example_short_circuit_operator.py
[2024-05-13T15:26:30.675+0000] {processor.py:830} INFO - Processing file /home/airflow/.local/lib/python3.8/site-packages/airflow/example_dags/example_short_circuit_operator.py for tasks to queue
[2024-05-13T15:26:30.677+0000] {logging_mixin.py:188} INFO - [2024-05-13T15:26:30.677+0000] {dagbag.py:540} INFO - Filling up the DagBag from /home/airflow/.local/lib/python3.8/site-packages/airflow/example_dags/example_short_circuit_operator.py
[2024-05-13T15:26:30.684+0000] {processor.py:840} INFO - DAG(s) 'example_short_circuit_operator' retrieved from /home/airflow/.local/lib/python3.8/site-packages/airflow/example_dags/example_short_circuit_operator.py
[2024-05-13T15:26:30.705+0000] {logging_mixin.py:188} INFO - [2024-05-13T15:26:30.705+0000] {dag.py:3047} INFO - Sync 1 DAGs
[2024-05-13T15:26:30.725+0000] {logging_mixin.py:188} INFO - [2024-05-13T15:26:30.724+0000] {dag.py:3834} INFO - Setting next_dagrun for example_short_circuit_operator to 2024-05-12 00:00:00+00:00, run_after=2024-05-13 00:00:00+00:00
[2024-05-13T15:26:30.746+0000] {processor.py:183} INFO - Processing /home/airflow/.local/lib/python3.8/site-packages/airflow/example_dags/example_short_circuit_operator.py took 0.075 seconds
[2024-05-13T15:27:01.086+0000] {processor.py:161} INFO - Started process (PID=1665) to work on /home/airflow/.local/lib/python3.8/site-packages/airflow/example_dags/example_short_circuit_operator.py
[2024-05-13T15:27:01.087+0000] {processor.py:830} INFO - Processing file /home/airflow/.local/lib/python3.8/site-packages/airflow/example_dags/example_short_circuit_operator.py for tasks to queue
[2024-05-13T15:27:01.089+0000] {logging_mixin.py:188} INFO - [2024-05-13T15:27:01.088+0000] {dagbag.py:540} INFO - Filling up the DagBag from /home/airflow/.local/lib/python3.8/site-packages/airflow/example_dags/example_short_circuit_operator.py
[2024-05-13T15:27:01.096+0000] {processor.py:840} INFO - DAG(s) 'example_short_circuit_operator' retrieved from /home/airflow/.local/lib/python3.8/site-packages/airflow/example_dags/example_short_circuit_operator.py
[2024-05-13T15:27:01.120+0000] {logging_mixin.py:188} INFO - [2024-05-13T15:27:01.120+0000] {dag.py:3047} INFO - Sync 1 DAGs
[2024-05-13T15:27:01.140+0000] {logging_mixin.py:188} INFO - [2024-05-13T15:27:01.139+0000] {dag.py:3834} INFO - Setting next_dagrun for example_short_circuit_operator to 2024-05-12 00:00:00+00:00, run_after=2024-05-13 00:00:00+00:00
[2024-05-13T15:27:01.158+0000] {processor.py:183} INFO - Processing /home/airflow/.local/lib/python3.8/site-packages/airflow/example_dags/example_short_circuit_operator.py took 0.075 seconds
[2024-05-13T15:27:31.736+0000] {processor.py:161} INFO - Started process (PID=1733) to work on /home/airflow/.local/lib/python3.8/site-packages/airflow/example_dags/example_short_circuit_operator.py
[2024-05-13T15:27:31.737+0000] {processor.py:830} INFO - Processing file /home/airflow/.local/lib/python3.8/site-packages/airflow/example_dags/example_short_circuit_operator.py for tasks to queue
[2024-05-13T15:27:31.739+0000] {logging_mixin.py:188} INFO - [2024-05-13T15:27:31.739+0000] {dagbag.py:540} INFO - Filling up the DagBag from /home/airflow/.local/lib/python3.8/site-packages/airflow/example_dags/example_short_circuit_operator.py
[2024-05-13T15:27:31.749+0000] {processor.py:840} INFO - DAG(s) 'example_short_circuit_operator' retrieved from /home/airflow/.local/lib/python3.8/site-packages/airflow/example_dags/example_short_circuit_operator.py
[2024-05-13T15:27:31.774+0000] {logging_mixin.py:188} INFO - [2024-05-13T15:27:31.773+0000] {dag.py:3047} INFO - Sync 1 DAGs
[2024-05-13T15:27:31.798+0000] {logging_mixin.py:188} INFO - [2024-05-13T15:27:31.798+0000] {dag.py:3834} INFO - Setting next_dagrun for example_short_circuit_operator to 2024-05-12 00:00:00+00:00, run_after=2024-05-13 00:00:00+00:00
[2024-05-13T15:27:31.821+0000] {processor.py:183} INFO - Processing /home/airflow/.local/lib/python3.8/site-packages/airflow/example_dags/example_short_circuit_operator.py took 0.089 seconds
[2024-05-13T15:28:01.876+0000] {processor.py:161} INFO - Started process (PID=1801) to work on /home/airflow/.local/lib/python3.8/site-packages/airflow/example_dags/example_short_circuit_operator.py
[2024-05-13T15:28:01.877+0000] {processor.py:830} INFO - Processing file /home/airflow/.local/lib/python3.8/site-packages/airflow/example_dags/example_short_circuit_operator.py for tasks to queue
[2024-05-13T15:28:01.879+0000] {logging_mixin.py:188} INFO - [2024-05-13T15:28:01.879+0000] {dagbag.py:540} INFO - Filling up the DagBag from /home/airflow/.local/lib/python3.8/site-packages/airflow/example_dags/example_short_circuit_operator.py
[2024-05-13T15:28:01.886+0000] {processor.py:840} INFO - DAG(s) 'example_short_circuit_operator' retrieved from /home/airflow/.local/lib/python3.8/site-packages/airflow/example_dags/example_short_circuit_operator.py
[2024-05-13T15:28:01.906+0000] {logging_mixin.py:188} INFO - [2024-05-13T15:28:01.906+0000] {dag.py:3047} INFO - Sync 1 DAGs
[2024-05-13T15:28:01.926+0000] {logging_mixin.py:188} INFO - [2024-05-13T15:28:01.926+0000] {dag.py:3834} INFO - Setting next_dagrun for example_short_circuit_operator to 2024-05-12 00:00:00+00:00, run_after=2024-05-13 00:00:00+00:00
[2024-05-13T15:28:01.945+0000] {processor.py:183} INFO - Processing /home/airflow/.local/lib/python3.8/site-packages/airflow/example_dags/example_short_circuit_operator.py took 0.073 seconds
[2024-05-13T15:28:32.246+0000] {processor.py:161} INFO - Started process (PID=1869) to work on /home/airflow/.local/lib/python3.8/site-packages/airflow/example_dags/example_short_circuit_operator.py
[2024-05-13T15:28:32.248+0000] {processor.py:830} INFO - Processing file /home/airflow/.local/lib/python3.8/site-packages/airflow/example_dags/example_short_circuit_operator.py for tasks to queue
[2024-05-13T15:28:32.250+0000] {logging_mixin.py:188} INFO - [2024-05-13T15:28:32.249+0000] {dagbag.py:540} INFO - Filling up the DagBag from /home/airflow/.local/lib/python3.8/site-packages/airflow/example_dags/example_short_circuit_operator.py
[2024-05-13T15:28:32.257+0000] {processor.py:840} INFO - DAG(s) 'example_short_circuit_operator' retrieved from /home/airflow/.local/lib/python3.8/site-packages/airflow/example_dags/example_short_circuit_operator.py
[2024-05-13T15:28:32.283+0000] {logging_mixin.py:188} INFO - [2024-05-13T15:28:32.282+0000] {dag.py:3047} INFO - Sync 1 DAGs
[2024-05-13T15:28:32.303+0000] {logging_mixin.py:188} INFO - [2024-05-13T15:28:32.302+0000] {dag.py:3834} INFO - Setting next_dagrun for example_short_circuit_operator to 2024-05-12 00:00:00+00:00, run_after=2024-05-13 00:00:00+00:00
[2024-05-13T15:28:32.325+0000] {processor.py:183} INFO - Processing /home/airflow/.local/lib/python3.8/site-packages/airflow/example_dags/example_short_circuit_operator.py took 0.082 seconds
[2024-05-13T15:29:02.419+0000] {processor.py:161} INFO - Started process (PID=1937) to work on /home/airflow/.local/lib/python3.8/site-packages/airflow/example_dags/example_short_circuit_operator.py
[2024-05-13T15:29:02.420+0000] {processor.py:830} INFO - Processing file /home/airflow/.local/lib/python3.8/site-packages/airflow/example_dags/example_short_circuit_operator.py for tasks to queue
[2024-05-13T15:29:02.422+0000] {logging_mixin.py:188} INFO - [2024-05-13T15:29:02.422+0000] {dagbag.py:540} INFO - Filling up the DagBag from /home/airflow/.local/lib/python3.8/site-packages/airflow/example_dags/example_short_circuit_operator.py
[2024-05-13T15:29:02.430+0000] {processor.py:840} INFO - DAG(s) 'example_short_circuit_operator' retrieved from /home/airflow/.local/lib/python3.8/site-packages/airflow/example_dags/example_short_circuit_operator.py
[2024-05-13T15:29:02.455+0000] {logging_mixin.py:188} INFO - [2024-05-13T15:29:02.454+0000] {dag.py:3047} INFO - Sync 1 DAGs
[2024-05-13T15:29:02.478+0000] {logging_mixin.py:188} INFO - [2024-05-13T15:29:02.477+0000] {dag.py:3834} INFO - Setting next_dagrun for example_short_circuit_operator to 2024-05-12 00:00:00+00:00, run_after=2024-05-13 00:00:00+00:00
[2024-05-13T15:29:02.502+0000] {processor.py:183} INFO - Processing /home/airflow/.local/lib/python3.8/site-packages/airflow/example_dags/example_short_circuit_operator.py took 0.087 seconds
[2024-05-13T15:29:33.080+0000] {processor.py:161} INFO - Started process (PID=2005) to work on /home/airflow/.local/lib/python3.8/site-packages/airflow/example_dags/example_short_circuit_operator.py
[2024-05-13T15:29:33.082+0000] {processor.py:830} INFO - Processing file /home/airflow/.local/lib/python3.8/site-packages/airflow/example_dags/example_short_circuit_operator.py for tasks to queue
[2024-05-13T15:29:33.085+0000] {logging_mixin.py:188} INFO - [2024-05-13T15:29:33.085+0000] {dagbag.py:540} INFO - Filling up the DagBag from /home/airflow/.local/lib/python3.8/site-packages/airflow/example_dags/example_short_circuit_operator.py
[2024-05-13T15:29:33.094+0000] {processor.py:840} INFO - DAG(s) 'example_short_circuit_operator' retrieved from /home/airflow/.local/lib/python3.8/site-packages/airflow/example_dags/example_short_circuit_operator.py
[2024-05-13T15:29:33.123+0000] {logging_mixin.py:188} INFO - [2024-05-13T15:29:33.123+0000] {dag.py:3047} INFO - Sync 1 DAGs
[2024-05-13T15:29:33.150+0000] {logging_mixin.py:188} INFO - [2024-05-13T15:29:33.150+0000] {dag.py:3834} INFO - Setting next_dagrun for example_short_circuit_operator to 2024-05-12 00:00:00+00:00, run_after=2024-05-13 00:00:00+00:00
[2024-05-13T15:29:33.179+0000] {processor.py:183} INFO - Processing /home/airflow/.local/lib/python3.8/site-packages/airflow/example_dags/example_short_circuit_operator.py took 0.104 seconds
[2024-05-13T15:30:03.677+0000] {processor.py:161} INFO - Started process (PID=2073) to work on /home/airflow/.local/lib/python3.8/site-packages/airflow/example_dags/example_short_circuit_operator.py
[2024-05-13T15:30:03.678+0000] {processor.py:830} INFO - Processing file /home/airflow/.local/lib/python3.8/site-packages/airflow/example_dags/example_short_circuit_operator.py for tasks to queue
[2024-05-13T15:30:03.680+0000] {logging_mixin.py:188} INFO - [2024-05-13T15:30:03.680+0000] {dagbag.py:540} INFO - Filling up the DagBag from /home/airflow/.local/lib/python3.8/site-packages/airflow/example_dags/example_short_circuit_operator.py
[2024-05-13T15:30:03.688+0000] {processor.py:840} INFO - DAG(s) 'example_short_circuit_operator' retrieved from /home/airflow/.local/lib/python3.8/site-packages/airflow/example_dags/example_short_circuit_operator.py
[2024-05-13T15:30:03.711+0000] {logging_mixin.py:188} INFO - [2024-05-13T15:30:03.711+0000] {dag.py:3047} INFO - Sync 1 DAGs
[2024-05-13T15:30:03.734+0000] {logging_mixin.py:188} INFO - [2024-05-13T15:30:03.734+0000] {dag.py:3834} INFO - Setting next_dagrun for example_short_circuit_operator to 2024-05-12 00:00:00+00:00, run_after=2024-05-13 00:00:00+00:00
[2024-05-13T15:30:03.760+0000] {processor.py:183} INFO - Processing /home/airflow/.local/lib/python3.8/site-packages/airflow/example_dags/example_short_circuit_operator.py took 0.086 seconds
[2024-05-13T15:30:33.833+0000] {processor.py:161} INFO - Started process (PID=2141) to work on /home/airflow/.local/lib/python3.8/site-packages/airflow/example_dags/example_short_circuit_operator.py
[2024-05-13T15:30:33.834+0000] {processor.py:830} INFO - Processing file /home/airflow/.local/lib/python3.8/site-packages/airflow/example_dags/example_short_circuit_operator.py for tasks to queue
[2024-05-13T15:30:33.836+0000] {logging_mixin.py:188} INFO - [2024-05-13T15:30:33.835+0000] {dagbag.py:540} INFO - Filling up the DagBag from /home/airflow/.local/lib/python3.8/site-packages/airflow/example_dags/example_short_circuit_operator.py
[2024-05-13T15:30:33.843+0000] {processor.py:840} INFO - DAG(s) 'example_short_circuit_operator' retrieved from /home/airflow/.local/lib/python3.8/site-packages/airflow/example_dags/example_short_circuit_operator.py
[2024-05-13T15:30:33.868+0000] {logging_mixin.py:188} INFO - [2024-05-13T15:30:33.868+0000] {dag.py:3047} INFO - Sync 1 DAGs
[2024-05-13T15:30:33.890+0000] {logging_mixin.py:188} INFO - [2024-05-13T15:30:33.890+0000] {dag.py:3834} INFO - Setting next_dagrun for example_short_circuit_operator to 2024-05-12 00:00:00+00:00, run_after=2024-05-13 00:00:00+00:00
[2024-05-13T15:30:33.912+0000] {processor.py:183} INFO - Processing /home/airflow/.local/lib/python3.8/site-packages/airflow/example_dags/example_short_circuit_operator.py took 0.082 seconds
[2024-05-13T15:31:03.979+0000] {processor.py:161} INFO - Started process (PID=2209) to work on /home/airflow/.local/lib/python3.8/site-packages/airflow/example_dags/example_short_circuit_operator.py
[2024-05-13T15:31:03.981+0000] {processor.py:830} INFO - Processing file /home/airflow/.local/lib/python3.8/site-packages/airflow/example_dags/example_short_circuit_operator.py for tasks to queue
[2024-05-13T15:31:03.983+0000] {logging_mixin.py:188} INFO - [2024-05-13T15:31:03.983+0000] {dagbag.py:540} INFO - Filling up the DagBag from /home/airflow/.local/lib/python3.8/site-packages/airflow/example_dags/example_short_circuit_operator.py
[2024-05-13T15:31:03.990+0000] {processor.py:840} INFO - DAG(s) 'example_short_circuit_operator' retrieved from /home/airflow/.local/lib/python3.8/site-packages/airflow/example_dags/example_short_circuit_operator.py
[2024-05-13T15:31:04.014+0000] {logging_mixin.py:188} INFO - [2024-05-13T15:31:04.014+0000] {dag.py:3047} INFO - Sync 1 DAGs
[2024-05-13T15:31:04.036+0000] {logging_mixin.py:188} INFO - [2024-05-13T15:31:04.036+0000] {dag.py:3834} INFO - Setting next_dagrun for example_short_circuit_operator to 2024-05-12 00:00:00+00:00, run_after=2024-05-13 00:00:00+00:00
[2024-05-13T15:31:04.059+0000] {processor.py:183} INFO - Processing /home/airflow/.local/lib/python3.8/site-packages/airflow/example_dags/example_short_circuit_operator.py took 0.083 seconds
[2024-05-13T15:31:34.110+0000] {processor.py:161} INFO - Started process (PID=2277) to work on /home/airflow/.local/lib/python3.8/site-packages/airflow/example_dags/example_short_circuit_operator.py
[2024-05-13T15:31:34.111+0000] {processor.py:830} INFO - Processing file /home/airflow/.local/lib/python3.8/site-packages/airflow/example_dags/example_short_circuit_operator.py for tasks to queue
[2024-05-13T15:31:34.113+0000] {logging_mixin.py:188} INFO - [2024-05-13T15:31:34.112+0000] {dagbag.py:540} INFO - Filling up the DagBag from /home/airflow/.local/lib/python3.8/site-packages/airflow/example_dags/example_short_circuit_operator.py
[2024-05-13T15:31:34.119+0000] {processor.py:840} INFO - DAG(s) 'example_short_circuit_operator' retrieved from /home/airflow/.local/lib/python3.8/site-packages/airflow/example_dags/example_short_circuit_operator.py
[2024-05-13T15:31:34.141+0000] {logging_mixin.py:188} INFO - [2024-05-13T15:31:34.140+0000] {dag.py:3047} INFO - Sync 1 DAGs
[2024-05-13T15:31:34.161+0000] {logging_mixin.py:188} INFO - [2024-05-13T15:31:34.160+0000] {dag.py:3834} INFO - Setting next_dagrun for example_short_circuit_operator to 2024-05-12 00:00:00+00:00, run_after=2024-05-13 00:00:00+00:00
[2024-05-13T15:31:34.179+0000] {processor.py:183} INFO - Processing /home/airflow/.local/lib/python3.8/site-packages/airflow/example_dags/example_short_circuit_operator.py took 0.073 seconds
[2024-05-13T15:32:04.550+0000] {processor.py:161} INFO - Started process (PID=2345) to work on /home/airflow/.local/lib/python3.8/site-packages/airflow/example_dags/example_short_circuit_operator.py
[2024-05-13T15:32:04.551+0000] {processor.py:830} INFO - Processing file /home/airflow/.local/lib/python3.8/site-packages/airflow/example_dags/example_short_circuit_operator.py for tasks to queue
[2024-05-13T15:32:04.553+0000] {logging_mixin.py:188} INFO - [2024-05-13T15:32:04.553+0000] {dagbag.py:540} INFO - Filling up the DagBag from /home/airflow/.local/lib/python3.8/site-packages/airflow/example_dags/example_short_circuit_operator.py
[2024-05-13T15:32:04.560+0000] {processor.py:840} INFO - DAG(s) 'example_short_circuit_operator' retrieved from /home/airflow/.local/lib/python3.8/site-packages/airflow/example_dags/example_short_circuit_operator.py
[2024-05-13T15:32:04.581+0000] {logging_mixin.py:188} INFO - [2024-05-13T15:32:04.581+0000] {dag.py:3047} INFO - Sync 1 DAGs
[2024-05-13T15:32:04.602+0000] {logging_mixin.py:188} INFO - [2024-05-13T15:32:04.602+0000] {dag.py:3834} INFO - Setting next_dagrun for example_short_circuit_operator to 2024-05-12 00:00:00+00:00, run_after=2024-05-13 00:00:00+00:00
[2024-05-13T15:32:04.622+0000] {processor.py:183} INFO - Processing /home/airflow/.local/lib/python3.8/site-packages/airflow/example_dags/example_short_circuit_operator.py took 0.075 seconds
[2024-05-13T15:32:35.240+0000] {processor.py:161} INFO - Started process (PID=2413) to work on /home/airflow/.local/lib/python3.8/site-packages/airflow/example_dags/example_short_circuit_operator.py
[2024-05-13T15:32:35.241+0000] {processor.py:830} INFO - Processing file /home/airflow/.local/lib/python3.8/site-packages/airflow/example_dags/example_short_circuit_operator.py for tasks to queue
[2024-05-13T15:32:35.243+0000] {logging_mixin.py:188} INFO - [2024-05-13T15:32:35.243+0000] {dagbag.py:540} INFO - Filling up the DagBag from /home/airflow/.local/lib/python3.8/site-packages/airflow/example_dags/example_short_circuit_operator.py
[2024-05-13T15:32:35.251+0000] {processor.py:840} INFO - DAG(s) 'example_short_circuit_operator' retrieved from /home/airflow/.local/lib/python3.8/site-packages/airflow/example_dags/example_short_circuit_operator.py
[2024-05-13T15:32:35.274+0000] {logging_mixin.py:188} INFO - [2024-05-13T15:32:35.274+0000] {dag.py:3047} INFO - Sync 1 DAGs
[2024-05-13T15:32:35.294+0000] {logging_mixin.py:188} INFO - [2024-05-13T15:32:35.294+0000] {dag.py:3834} INFO - Setting next_dagrun for example_short_circuit_operator to 2024-05-12 00:00:00+00:00, run_after=2024-05-13 00:00:00+00:00
[2024-05-13T15:32:35.318+0000] {processor.py:183} INFO - Processing /home/airflow/.local/lib/python3.8/site-packages/airflow/example_dags/example_short_circuit_operator.py took 0.081 seconds
[2024-05-13T15:33:05.754+0000] {processor.py:161} INFO - Started process (PID=2481) to work on /home/airflow/.local/lib/python3.8/site-packages/airflow/example_dags/example_short_circuit_operator.py
[2024-05-13T15:33:05.755+0000] {processor.py:830} INFO - Processing file /home/airflow/.local/lib/python3.8/site-packages/airflow/example_dags/example_short_circuit_operator.py for tasks to queue
[2024-05-13T15:33:05.757+0000] {logging_mixin.py:188} INFO - [2024-05-13T15:33:05.756+0000] {dagbag.py:540} INFO - Filling up the DagBag from /home/airflow/.local/lib/python3.8/site-packages/airflow/example_dags/example_short_circuit_operator.py
[2024-05-13T15:33:05.764+0000] {processor.py:840} INFO - DAG(s) 'example_short_circuit_operator' retrieved from /home/airflow/.local/lib/python3.8/site-packages/airflow/example_dags/example_short_circuit_operator.py
[2024-05-13T15:33:05.791+0000] {logging_mixin.py:188} INFO - [2024-05-13T15:33:05.791+0000] {dag.py:3047} INFO - Sync 1 DAGs
[2024-05-13T15:33:05.811+0000] {logging_mixin.py:188} INFO - [2024-05-13T15:33:05.811+0000] {dag.py:3834} INFO - Setting next_dagrun for example_short_circuit_operator to 2024-05-12 00:00:00+00:00, run_after=2024-05-13 00:00:00+00:00
[2024-05-13T15:33:05.833+0000] {processor.py:183} INFO - Processing /home/airflow/.local/lib/python3.8/site-packages/airflow/example_dags/example_short_circuit_operator.py took 0.083 seconds
[2024-05-13T15:33:36.705+0000] {processor.py:161} INFO - Started process (PID=2549) to work on /home/airflow/.local/lib/python3.8/site-packages/airflow/example_dags/example_short_circuit_operator.py
[2024-05-13T15:33:36.706+0000] {processor.py:830} INFO - Processing file /home/airflow/.local/lib/python3.8/site-packages/airflow/example_dags/example_short_circuit_operator.py for tasks to queue
[2024-05-13T15:33:36.708+0000] {logging_mixin.py:188} INFO - [2024-05-13T15:33:36.708+0000] {dagbag.py:540} INFO - Filling up the DagBag from /home/airflow/.local/lib/python3.8/site-packages/airflow/example_dags/example_short_circuit_operator.py
[2024-05-13T15:33:36.716+0000] {processor.py:840} INFO - DAG(s) 'example_short_circuit_operator' retrieved from /home/airflow/.local/lib/python3.8/site-packages/airflow/example_dags/example_short_circuit_operator.py
[2024-05-13T15:33:36.748+0000] {logging_mixin.py:188} INFO - [2024-05-13T15:33:36.747+0000] {dag.py:3047} INFO - Sync 1 DAGs
[2024-05-13T15:33:36.777+0000] {logging_mixin.py:188} INFO - [2024-05-13T15:33:36.777+0000] {dag.py:3834} INFO - Setting next_dagrun for example_short_circuit_operator to 2024-05-12 00:00:00+00:00, run_after=2024-05-13 00:00:00+00:00
[2024-05-13T15:33:36.805+0000] {processor.py:183} INFO - Processing /home/airflow/.local/lib/python3.8/site-packages/airflow/example_dags/example_short_circuit_operator.py took 0.104 seconds
[2024-05-13T15:34:07.340+0000] {processor.py:161} INFO - Started process (PID=2617) to work on /home/airflow/.local/lib/python3.8/site-packages/airflow/example_dags/example_short_circuit_operator.py
[2024-05-13T15:34:07.341+0000] {processor.py:830} INFO - Processing file /home/airflow/.local/lib/python3.8/site-packages/airflow/example_dags/example_short_circuit_operator.py for tasks to queue
[2024-05-13T15:34:07.344+0000] {logging_mixin.py:188} INFO - [2024-05-13T15:34:07.343+0000] {dagbag.py:540} INFO - Filling up the DagBag from /home/airflow/.local/lib/python3.8/site-packages/airflow/example_dags/example_short_circuit_operator.py
[2024-05-13T15:34:07.355+0000] {processor.py:840} INFO - DAG(s) 'example_short_circuit_operator' retrieved from /home/airflow/.local/lib/python3.8/site-packages/airflow/example_dags/example_short_circuit_operator.py
[2024-05-13T15:34:07.381+0000] {logging_mixin.py:188} INFO - [2024-05-13T15:34:07.380+0000] {dag.py:3047} INFO - Sync 1 DAGs
[2024-05-13T15:34:07.408+0000] {logging_mixin.py:188} INFO - [2024-05-13T15:34:07.408+0000] {dag.py:3834} INFO - Setting next_dagrun for example_short_circuit_operator to 2024-05-12 00:00:00+00:00, run_after=2024-05-13 00:00:00+00:00
[2024-05-13T15:34:07.436+0000] {processor.py:183} INFO - Processing /home/airflow/.local/lib/python3.8/site-packages/airflow/example_dags/example_short_circuit_operator.py took 0.099 seconds
[2024-05-13T15:34:37.772+0000] {processor.py:161} INFO - Started process (PID=2686) to work on /home/airflow/.local/lib/python3.8/site-packages/airflow/example_dags/example_short_circuit_operator.py
[2024-05-13T15:34:37.773+0000] {processor.py:830} INFO - Processing file /home/airflow/.local/lib/python3.8/site-packages/airflow/example_dags/example_short_circuit_operator.py for tasks to queue
[2024-05-13T15:34:37.775+0000] {logging_mixin.py:188} INFO - [2024-05-13T15:34:37.775+0000] {dagbag.py:540} INFO - Filling up the DagBag from /home/airflow/.local/lib/python3.8/site-packages/airflow/example_dags/example_short_circuit_operator.py
[2024-05-13T15:34:37.782+0000] {processor.py:840} INFO - DAG(s) 'example_short_circuit_operator' retrieved from /home/airflow/.local/lib/python3.8/site-packages/airflow/example_dags/example_short_circuit_operator.py
[2024-05-13T15:34:37.802+0000] {logging_mixin.py:188} INFO - [2024-05-13T15:34:37.802+0000] {dag.py:3047} INFO - Sync 1 DAGs
[2024-05-13T15:34:37.822+0000] {logging_mixin.py:188} INFO - [2024-05-13T15:34:37.822+0000] {dag.py:3834} INFO - Setting next_dagrun for example_short_circuit_operator to 2024-05-12 00:00:00+00:00, run_after=2024-05-13 00:00:00+00:00
[2024-05-13T15:34:37.840+0000] {processor.py:183} INFO - Processing /home/airflow/.local/lib/python3.8/site-packages/airflow/example_dags/example_short_circuit_operator.py took 0.071 seconds
[2024-05-13T15:35:08.363+0000] {processor.py:161} INFO - Started process (PID=2754) to work on /home/airflow/.local/lib/python3.8/site-packages/airflow/example_dags/example_short_circuit_operator.py
[2024-05-13T15:35:08.364+0000] {processor.py:830} INFO - Processing file /home/airflow/.local/lib/python3.8/site-packages/airflow/example_dags/example_short_circuit_operator.py for tasks to queue
[2024-05-13T15:35:08.366+0000] {logging_mixin.py:188} INFO - [2024-05-13T15:35:08.366+0000] {dagbag.py:540} INFO - Filling up the DagBag from /home/airflow/.local/lib/python3.8/site-packages/airflow/example_dags/example_short_circuit_operator.py
[2024-05-13T15:35:08.372+0000] {processor.py:840} INFO - DAG(s) 'example_short_circuit_operator' retrieved from /home/airflow/.local/lib/python3.8/site-packages/airflow/example_dags/example_short_circuit_operator.py
[2024-05-13T15:35:08.392+0000] {logging_mixin.py:188} INFO - [2024-05-13T15:35:08.392+0000] {dag.py:3047} INFO - Sync 1 DAGs
[2024-05-13T15:35:08.411+0000] {logging_mixin.py:188} INFO - [2024-05-13T15:35:08.411+0000] {dag.py:3834} INFO - Setting next_dagrun for example_short_circuit_operator to 2024-05-12 00:00:00+00:00, run_after=2024-05-13 00:00:00+00:00
[2024-05-13T15:35:08.430+0000] {processor.py:183} INFO - Processing /home/airflow/.local/lib/python3.8/site-packages/airflow/example_dags/example_short_circuit_operator.py took 0.070 seconds
[2024-05-13T15:35:38.855+0000] {processor.py:161} INFO - Started process (PID=2822) to work on /home/airflow/.local/lib/python3.8/site-packages/airflow/example_dags/example_short_circuit_operator.py
[2024-05-13T15:35:38.856+0000] {processor.py:830} INFO - Processing file /home/airflow/.local/lib/python3.8/site-packages/airflow/example_dags/example_short_circuit_operator.py for tasks to queue
[2024-05-13T15:35:38.858+0000] {logging_mixin.py:188} INFO - [2024-05-13T15:35:38.858+0000] {dagbag.py:540} INFO - Filling up the DagBag from /home/airflow/.local/lib/python3.8/site-packages/airflow/example_dags/example_short_circuit_operator.py
[2024-05-13T15:35:38.865+0000] {processor.py:840} INFO - DAG(s) 'example_short_circuit_operator' retrieved from /home/airflow/.local/lib/python3.8/site-packages/airflow/example_dags/example_short_circuit_operator.py
[2024-05-13T15:35:38.886+0000] {logging_mixin.py:188} INFO - [2024-05-13T15:35:38.885+0000] {dag.py:3047} INFO - Sync 1 DAGs
[2024-05-13T15:35:38.906+0000] {logging_mixin.py:188} INFO - [2024-05-13T15:35:38.906+0000] {dag.py:3834} INFO - Setting next_dagrun for example_short_circuit_operator to 2024-05-12 00:00:00+00:00, run_after=2024-05-13 00:00:00+00:00
[2024-05-13T15:35:38.927+0000] {processor.py:183} INFO - Processing /home/airflow/.local/lib/python3.8/site-packages/airflow/example_dags/example_short_circuit_operator.py took 0.075 seconds
[2024-05-13T15:36:09.780+0000] {processor.py:161} INFO - Started process (PID=2890) to work on /home/airflow/.local/lib/python3.8/site-packages/airflow/example_dags/example_short_circuit_operator.py
[2024-05-13T15:36:09.781+0000] {processor.py:830} INFO - Processing file /home/airflow/.local/lib/python3.8/site-packages/airflow/example_dags/example_short_circuit_operator.py for tasks to queue
[2024-05-13T15:36:09.783+0000] {logging_mixin.py:188} INFO - [2024-05-13T15:36:09.783+0000] {dagbag.py:540} INFO - Filling up the DagBag from /home/airflow/.local/lib/python3.8/site-packages/airflow/example_dags/example_short_circuit_operator.py
[2024-05-13T15:36:09.791+0000] {processor.py:840} INFO - DAG(s) 'example_short_circuit_operator' retrieved from /home/airflow/.local/lib/python3.8/site-packages/airflow/example_dags/example_short_circuit_operator.py
[2024-05-13T15:36:09.813+0000] {logging_mixin.py:188} INFO - [2024-05-13T15:36:09.813+0000] {dag.py:3047} INFO - Sync 1 DAGs
[2024-05-13T15:36:09.833+0000] {logging_mixin.py:188} INFO - [2024-05-13T15:36:09.833+0000] {dag.py:3834} INFO - Setting next_dagrun for example_short_circuit_operator to 2024-05-12 00:00:00+00:00, run_after=2024-05-13 00:00:00+00:00
[2024-05-13T15:36:09.853+0000] {processor.py:183} INFO - Processing /home/airflow/.local/lib/python3.8/site-packages/airflow/example_dags/example_short_circuit_operator.py took 0.076 seconds
[2024-05-13T15:36:40.110+0000] {processor.py:161} INFO - Started process (PID=2958) to work on /home/airflow/.local/lib/python3.8/site-packages/airflow/example_dags/example_short_circuit_operator.py
[2024-05-13T15:36:40.111+0000] {processor.py:830} INFO - Processing file /home/airflow/.local/lib/python3.8/site-packages/airflow/example_dags/example_short_circuit_operator.py for tasks to queue
[2024-05-13T15:36:40.113+0000] {logging_mixin.py:188} INFO - [2024-05-13T15:36:40.113+0000] {dagbag.py:540} INFO - Filling up the DagBag from /home/airflow/.local/lib/python3.8/site-packages/airflow/example_dags/example_short_circuit_operator.py
[2024-05-13T15:36:40.121+0000] {processor.py:840} INFO - DAG(s) 'example_short_circuit_operator' retrieved from /home/airflow/.local/lib/python3.8/site-packages/airflow/example_dags/example_short_circuit_operator.py
[2024-05-13T15:36:40.147+0000] {logging_mixin.py:188} INFO - [2024-05-13T15:36:40.147+0000] {dag.py:3047} INFO - Sync 1 DAGs
[2024-05-13T15:36:40.167+0000] {logging_mixin.py:188} INFO - [2024-05-13T15:36:40.167+0000] {dag.py:3834} INFO - Setting next_dagrun for example_short_circuit_operator to 2024-05-12 00:00:00+00:00, run_after=2024-05-13 00:00:00+00:00
[2024-05-13T15:36:40.187+0000] {processor.py:183} INFO - Processing /home/airflow/.local/lib/python3.8/site-packages/airflow/example_dags/example_short_circuit_operator.py took 0.080 seconds
[2024-05-13T15:37:11.062+0000] {processor.py:161} INFO - Started process (PID=3026) to work on /home/airflow/.local/lib/python3.8/site-packages/airflow/example_dags/example_short_circuit_operator.py
[2024-05-13T15:37:11.063+0000] {processor.py:830} INFO - Processing file /home/airflow/.local/lib/python3.8/site-packages/airflow/example_dags/example_short_circuit_operator.py for tasks to queue
[2024-05-13T15:37:11.065+0000] {logging_mixin.py:188} INFO - [2024-05-13T15:37:11.065+0000] {dagbag.py:540} INFO - Filling up the DagBag from /home/airflow/.local/lib/python3.8/site-packages/airflow/example_dags/example_short_circuit_operator.py
[2024-05-13T15:37:11.073+0000] {processor.py:840} INFO - DAG(s) 'example_short_circuit_operator' retrieved from /home/airflow/.local/lib/python3.8/site-packages/airflow/example_dags/example_short_circuit_operator.py
[2024-05-13T15:37:11.097+0000] {logging_mixin.py:188} INFO - [2024-05-13T15:37:11.097+0000] {dag.py:3047} INFO - Sync 1 DAGs
[2024-05-13T15:37:11.120+0000] {logging_mixin.py:188} INFO - [2024-05-13T15:37:11.120+0000] {dag.py:3834} INFO - Setting next_dagrun for example_short_circuit_operator to 2024-05-12 00:00:00+00:00, run_after=2024-05-13 00:00:00+00:00
[2024-05-13T15:37:11.141+0000] {processor.py:183} INFO - Processing /home/airflow/.local/lib/python3.8/site-packages/airflow/example_dags/example_short_circuit_operator.py took 0.081 seconds
[2024-05-13T15:37:42.007+0000] {processor.py:161} INFO - Started process (PID=3094) to work on /home/airflow/.local/lib/python3.8/site-packages/airflow/example_dags/example_short_circuit_operator.py
[2024-05-13T15:37:42.008+0000] {processor.py:830} INFO - Processing file /home/airflow/.local/lib/python3.8/site-packages/airflow/example_dags/example_short_circuit_operator.py for tasks to queue
[2024-05-13T15:37:42.010+0000] {logging_mixin.py:188} INFO - [2024-05-13T15:37:42.010+0000] {dagbag.py:540} INFO - Filling up the DagBag from /home/airflow/.local/lib/python3.8/site-packages/airflow/example_dags/example_short_circuit_operator.py
[2024-05-13T15:37:42.017+0000] {processor.py:840} INFO - DAG(s) 'example_short_circuit_operator' retrieved from /home/airflow/.local/lib/python3.8/site-packages/airflow/example_dags/example_short_circuit_operator.py
[2024-05-13T15:37:42.039+0000] {logging_mixin.py:188} INFO - [2024-05-13T15:37:42.039+0000] {dag.py:3047} INFO - Sync 1 DAGs
[2024-05-13T15:37:42.060+0000] {logging_mixin.py:188} INFO - [2024-05-13T15:37:42.060+0000] {dag.py:3834} INFO - Setting next_dagrun for example_short_circuit_operator to 2024-05-12 00:00:00+00:00, run_after=2024-05-13 00:00:00+00:00
[2024-05-13T15:37:42.083+0000] {processor.py:183} INFO - Processing /home/airflow/.local/lib/python3.8/site-packages/airflow/example_dags/example_short_circuit_operator.py took 0.079 seconds
[2024-05-13T15:38:12.715+0000] {processor.py:161} INFO - Started process (PID=3150) to work on /home/airflow/.local/lib/python3.8/site-packages/airflow/example_dags/example_short_circuit_operator.py
[2024-05-13T15:38:12.716+0000] {processor.py:830} INFO - Processing file /home/airflow/.local/lib/python3.8/site-packages/airflow/example_dags/example_short_circuit_operator.py for tasks to queue
[2024-05-13T15:38:12.719+0000] {logging_mixin.py:188} INFO - [2024-05-13T15:38:12.718+0000] {dagbag.py:540} INFO - Filling up the DagBag from /home/airflow/.local/lib/python3.8/site-packages/airflow/example_dags/example_short_circuit_operator.py
[2024-05-13T15:38:12.726+0000] {processor.py:840} INFO - DAG(s) 'example_short_circuit_operator' retrieved from /home/airflow/.local/lib/python3.8/site-packages/airflow/example_dags/example_short_circuit_operator.py
[2024-05-13T15:38:12.757+0000] {logging_mixin.py:188} INFO - [2024-05-13T15:38:12.757+0000] {dag.py:3047} INFO - Sync 1 DAGs
[2024-05-13T15:38:12.840+0000] {logging_mixin.py:188} INFO - [2024-05-13T15:38:12.839+0000] {dag.py:3834} INFO - Setting next_dagrun for example_short_circuit_operator to 2024-05-12 00:00:00+00:00, run_after=2024-05-13 00:00:00+00:00
[2024-05-13T15:38:12.869+0000] {processor.py:183} INFO - Processing /home/airflow/.local/lib/python3.8/site-packages/airflow/example_dags/example_short_circuit_operator.py took 0.156 seconds
[2024-05-13T15:38:43.413+0000] {processor.py:161} INFO - Started process (PID=3217) to work on /home/airflow/.local/lib/python3.8/site-packages/airflow/example_dags/example_short_circuit_operator.py
[2024-05-13T15:38:43.414+0000] {processor.py:830} INFO - Processing file /home/airflow/.local/lib/python3.8/site-packages/airflow/example_dags/example_short_circuit_operator.py for tasks to queue
[2024-05-13T15:38:43.416+0000] {logging_mixin.py:188} INFO - [2024-05-13T15:38:43.416+0000] {dagbag.py:540} INFO - Filling up the DagBag from /home/airflow/.local/lib/python3.8/site-packages/airflow/example_dags/example_short_circuit_operator.py
[2024-05-13T15:38:43.424+0000] {processor.py:840} INFO - DAG(s) 'example_short_circuit_operator' retrieved from /home/airflow/.local/lib/python3.8/site-packages/airflow/example_dags/example_short_circuit_operator.py
[2024-05-13T15:38:43.447+0000] {logging_mixin.py:188} INFO - [2024-05-13T15:38:43.447+0000] {dag.py:3047} INFO - Sync 1 DAGs
[2024-05-13T15:38:43.470+0000] {logging_mixin.py:188} INFO - [2024-05-13T15:38:43.470+0000] {dag.py:3834} INFO - Setting next_dagrun for example_short_circuit_operator to 2024-05-12 00:00:00+00:00, run_after=2024-05-13 00:00:00+00:00
[2024-05-13T15:38:43.487+0000] {processor.py:183} INFO - Processing /home/airflow/.local/lib/python3.8/site-packages/airflow/example_dags/example_short_circuit_operator.py took 0.078 seconds
[2024-05-13T15:39:13.850+0000] {processor.py:161} INFO - Started process (PID=3285) to work on /home/airflow/.local/lib/python3.8/site-packages/airflow/example_dags/example_short_circuit_operator.py
[2024-05-13T15:39:13.851+0000] {processor.py:830} INFO - Processing file /home/airflow/.local/lib/python3.8/site-packages/airflow/example_dags/example_short_circuit_operator.py for tasks to queue
[2024-05-13T15:39:13.853+0000] {logging_mixin.py:188} INFO - [2024-05-13T15:39:13.853+0000] {dagbag.py:540} INFO - Filling up the DagBag from /home/airflow/.local/lib/python3.8/site-packages/airflow/example_dags/example_short_circuit_operator.py
[2024-05-13T15:39:13.860+0000] {processor.py:840} INFO - DAG(s) 'example_short_circuit_operator' retrieved from /home/airflow/.local/lib/python3.8/site-packages/airflow/example_dags/example_short_circuit_operator.py
[2024-05-13T15:39:13.885+0000] {logging_mixin.py:188} INFO - [2024-05-13T15:39:13.885+0000] {dag.py:3047} INFO - Sync 1 DAGs
[2024-05-13T15:39:13.908+0000] {logging_mixin.py:188} INFO - [2024-05-13T15:39:13.908+0000] {dag.py:3834} INFO - Setting next_dagrun for example_short_circuit_operator to 2024-05-12 00:00:00+00:00, run_after=2024-05-13 00:00:00+00:00
[2024-05-13T15:39:13.935+0000] {processor.py:183} INFO - Processing /home/airflow/.local/lib/python3.8/site-packages/airflow/example_dags/example_short_circuit_operator.py took 0.088 seconds
[2024-05-13T15:39:44.426+0000] {processor.py:161} INFO - Started process (PID=3353) to work on /home/airflow/.local/lib/python3.8/site-packages/airflow/example_dags/example_short_circuit_operator.py
[2024-05-13T15:39:44.427+0000] {processor.py:830} INFO - Processing file /home/airflow/.local/lib/python3.8/site-packages/airflow/example_dags/example_short_circuit_operator.py for tasks to queue
[2024-05-13T15:39:44.429+0000] {logging_mixin.py:188} INFO - [2024-05-13T15:39:44.429+0000] {dagbag.py:540} INFO - Filling up the DagBag from /home/airflow/.local/lib/python3.8/site-packages/airflow/example_dags/example_short_circuit_operator.py
[2024-05-13T15:39:44.436+0000] {processor.py:840} INFO - DAG(s) 'example_short_circuit_operator' retrieved from /home/airflow/.local/lib/python3.8/site-packages/airflow/example_dags/example_short_circuit_operator.py
[2024-05-13T15:39:44.458+0000] {logging_mixin.py:188} INFO - [2024-05-13T15:39:44.458+0000] {dag.py:3047} INFO - Sync 1 DAGs
[2024-05-13T15:39:44.590+0000] {logging_mixin.py:188} INFO - [2024-05-13T15:39:44.590+0000] {dag.py:3834} INFO - Setting next_dagrun for example_short_circuit_operator to 2024-05-12 00:00:00+00:00, run_after=2024-05-13 00:00:00+00:00
[2024-05-13T15:39:44.608+0000] {processor.py:183} INFO - Processing /home/airflow/.local/lib/python3.8/site-packages/airflow/example_dags/example_short_circuit_operator.py took 0.185 seconds
[2024-05-13T15:40:15.615+0000] {processor.py:161} INFO - Started process (PID=3421) to work on /home/airflow/.local/lib/python3.8/site-packages/airflow/example_dags/example_short_circuit_operator.py
[2024-05-13T15:40:15.616+0000] {processor.py:830} INFO - Processing file /home/airflow/.local/lib/python3.8/site-packages/airflow/example_dags/example_short_circuit_operator.py for tasks to queue
[2024-05-13T15:40:15.618+0000] {logging_mixin.py:188} INFO - [2024-05-13T15:40:15.618+0000] {dagbag.py:540} INFO - Filling up the DagBag from /home/airflow/.local/lib/python3.8/site-packages/airflow/example_dags/example_short_circuit_operator.py
[2024-05-13T15:40:15.625+0000] {processor.py:840} INFO - DAG(s) 'example_short_circuit_operator' retrieved from /home/airflow/.local/lib/python3.8/site-packages/airflow/example_dags/example_short_circuit_operator.py
[2024-05-13T15:40:15.652+0000] {logging_mixin.py:188} INFO - [2024-05-13T15:40:15.652+0000] {dag.py:3047} INFO - Sync 1 DAGs
[2024-05-13T15:40:15.678+0000] {logging_mixin.py:188} INFO - [2024-05-13T15:40:15.678+0000] {dag.py:3834} INFO - Setting next_dagrun for example_short_circuit_operator to 2024-05-12 00:00:00+00:00, run_after=2024-05-13 00:00:00+00:00
[2024-05-13T15:40:15.700+0000] {processor.py:183} INFO - Processing /home/airflow/.local/lib/python3.8/site-packages/airflow/example_dags/example_short_circuit_operator.py took 0.088 seconds
[2024-05-13T15:40:45.805+0000] {processor.py:161} INFO - Started process (PID=3489) to work on /home/airflow/.local/lib/python3.8/site-packages/airflow/example_dags/example_short_circuit_operator.py
[2024-05-13T15:40:45.806+0000] {processor.py:830} INFO - Processing file /home/airflow/.local/lib/python3.8/site-packages/airflow/example_dags/example_short_circuit_operator.py for tasks to queue
[2024-05-13T15:40:45.808+0000] {logging_mixin.py:188} INFO - [2024-05-13T15:40:45.808+0000] {dagbag.py:540} INFO - Filling up the DagBag from /home/airflow/.local/lib/python3.8/site-packages/airflow/example_dags/example_short_circuit_operator.py
[2024-05-13T15:40:45.816+0000] {processor.py:840} INFO - DAG(s) 'example_short_circuit_operator' retrieved from /home/airflow/.local/lib/python3.8/site-packages/airflow/example_dags/example_short_circuit_operator.py
[2024-05-13T15:40:45.839+0000] {logging_mixin.py:188} INFO - [2024-05-13T15:40:45.838+0000] {dag.py:3047} INFO - Sync 1 DAGs
[2024-05-13T15:40:45.865+0000] {logging_mixin.py:188} INFO - [2024-05-13T15:40:45.865+0000] {dag.py:3834} INFO - Setting next_dagrun for example_short_circuit_operator to 2024-05-12 00:00:00+00:00, run_after=2024-05-13 00:00:00+00:00
[2024-05-13T15:40:45.885+0000] {processor.py:183} INFO - Processing /home/airflow/.local/lib/python3.8/site-packages/airflow/example_dags/example_short_circuit_operator.py took 0.083 seconds
[2024-05-13T15:41:16.138+0000] {processor.py:161} INFO - Started process (PID=3557) to work on /home/airflow/.local/lib/python3.8/site-packages/airflow/example_dags/example_short_circuit_operator.py
[2024-05-13T15:41:16.139+0000] {processor.py:830} INFO - Processing file /home/airflow/.local/lib/python3.8/site-packages/airflow/example_dags/example_short_circuit_operator.py for tasks to queue
[2024-05-13T15:41:16.141+0000] {logging_mixin.py:188} INFO - [2024-05-13T15:41:16.140+0000] {dagbag.py:540} INFO - Filling up the DagBag from /home/airflow/.local/lib/python3.8/site-packages/airflow/example_dags/example_short_circuit_operator.py
[2024-05-13T15:41:16.148+0000] {processor.py:840} INFO - DAG(s) 'example_short_circuit_operator' retrieved from /home/airflow/.local/lib/python3.8/site-packages/airflow/example_dags/example_short_circuit_operator.py
[2024-05-13T15:41:16.170+0000] {logging_mixin.py:188} INFO - [2024-05-13T15:41:16.169+0000] {dag.py:3047} INFO - Sync 1 DAGs
[2024-05-13T15:41:16.190+0000] {logging_mixin.py:188} INFO - [2024-05-13T15:41:16.189+0000] {dag.py:3834} INFO - Setting next_dagrun for example_short_circuit_operator to 2024-05-12 00:00:00+00:00, run_after=2024-05-13 00:00:00+00:00
[2024-05-13T15:41:16.207+0000] {processor.py:183} INFO - Processing /home/airflow/.local/lib/python3.8/site-packages/airflow/example_dags/example_short_circuit_operator.py took 0.073 seconds
[2024-05-13T15:41:46.516+0000] {processor.py:161} INFO - Started process (PID=3631) to work on /home/airflow/.local/lib/python3.8/site-packages/airflow/example_dags/example_short_circuit_operator.py
[2024-05-13T15:41:46.518+0000] {processor.py:830} INFO - Processing file /home/airflow/.local/lib/python3.8/site-packages/airflow/example_dags/example_short_circuit_operator.py for tasks to queue
[2024-05-13T15:41:46.520+0000] {logging_mixin.py:188} INFO - [2024-05-13T15:41:46.519+0000] {dagbag.py:540} INFO - Filling up the DagBag from /home/airflow/.local/lib/python3.8/site-packages/airflow/example_dags/example_short_circuit_operator.py
[2024-05-13T15:41:46.528+0000] {processor.py:840} INFO - DAG(s) 'example_short_circuit_operator' retrieved from /home/airflow/.local/lib/python3.8/site-packages/airflow/example_dags/example_short_circuit_operator.py
[2024-05-13T15:41:46.550+0000] {logging_mixin.py:188} INFO - [2024-05-13T15:41:46.550+0000] {dag.py:3047} INFO - Sync 1 DAGs
[2024-05-13T15:41:46.574+0000] {logging_mixin.py:188} INFO - [2024-05-13T15:41:46.574+0000] {dag.py:3834} INFO - Setting next_dagrun for example_short_circuit_operator to 2024-05-12 00:00:00+00:00, run_after=2024-05-13 00:00:00+00:00
[2024-05-13T15:41:46.596+0000] {processor.py:183} INFO - Processing /home/airflow/.local/lib/python3.8/site-packages/airflow/example_dags/example_short_circuit_operator.py took 0.083 seconds
[2024-05-13T15:42:16.666+0000] {processor.py:161} INFO - Started process (PID=3699) to work on /home/airflow/.local/lib/python3.8/site-packages/airflow/example_dags/example_short_circuit_operator.py
[2024-05-13T15:42:16.667+0000] {processor.py:830} INFO - Processing file /home/airflow/.local/lib/python3.8/site-packages/airflow/example_dags/example_short_circuit_operator.py for tasks to queue
[2024-05-13T15:42:16.669+0000] {logging_mixin.py:188} INFO - [2024-05-13T15:42:16.668+0000] {dagbag.py:540} INFO - Filling up the DagBag from /home/airflow/.local/lib/python3.8/site-packages/airflow/example_dags/example_short_circuit_operator.py
[2024-05-13T15:42:16.675+0000] {processor.py:840} INFO - DAG(s) 'example_short_circuit_operator' retrieved from /home/airflow/.local/lib/python3.8/site-packages/airflow/example_dags/example_short_circuit_operator.py
[2024-05-13T15:42:16.809+0000] {logging_mixin.py:188} INFO - [2024-05-13T15:42:16.808+0000] {dag.py:3047} INFO - Sync 1 DAGs
[2024-05-13T15:42:16.826+0000] {logging_mixin.py:188} INFO - [2024-05-13T15:42:16.825+0000] {dag.py:3834} INFO - Setting next_dagrun for example_short_circuit_operator to 2024-05-12 00:00:00+00:00, run_after=2024-05-13 00:00:00+00:00
[2024-05-13T15:42:16.844+0000] {processor.py:183} INFO - Processing /home/airflow/.local/lib/python3.8/site-packages/airflow/example_dags/example_short_circuit_operator.py took 0.182 seconds
[2024-05-13T15:42:47.787+0000] {processor.py:161} INFO - Started process (PID=3767) to work on /home/airflow/.local/lib/python3.8/site-packages/airflow/example_dags/example_short_circuit_operator.py
[2024-05-13T15:42:47.788+0000] {processor.py:830} INFO - Processing file /home/airflow/.local/lib/python3.8/site-packages/airflow/example_dags/example_short_circuit_operator.py for tasks to queue
[2024-05-13T15:42:47.789+0000] {logging_mixin.py:188} INFO - [2024-05-13T15:42:47.789+0000] {dagbag.py:540} INFO - Filling up the DagBag from /home/airflow/.local/lib/python3.8/site-packages/airflow/example_dags/example_short_circuit_operator.py
[2024-05-13T15:42:47.796+0000] {processor.py:840} INFO - DAG(s) 'example_short_circuit_operator' retrieved from /home/airflow/.local/lib/python3.8/site-packages/airflow/example_dags/example_short_circuit_operator.py
[2024-05-13T15:42:47.822+0000] {logging_mixin.py:188} INFO - [2024-05-13T15:42:47.822+0000] {dag.py:3047} INFO - Sync 1 DAGs
[2024-05-13T15:42:47.849+0000] {logging_mixin.py:188} INFO - [2024-05-13T15:42:47.848+0000] {dag.py:3834} INFO - Setting next_dagrun for example_short_circuit_operator to 2024-05-12 00:00:00+00:00, run_after=2024-05-13 00:00:00+00:00
[2024-05-13T15:42:47.873+0000] {processor.py:183} INFO - Processing /home/airflow/.local/lib/python3.8/site-packages/airflow/example_dags/example_short_circuit_operator.py took 0.089 seconds
[2024-05-13T15:43:18.460+0000] {processor.py:161} INFO - Started process (PID=3835) to work on /home/airflow/.local/lib/python3.8/site-packages/airflow/example_dags/example_short_circuit_operator.py
[2024-05-13T15:43:18.462+0000] {processor.py:830} INFO - Processing file /home/airflow/.local/lib/python3.8/site-packages/airflow/example_dags/example_short_circuit_operator.py for tasks to queue
[2024-05-13T15:43:18.464+0000] {logging_mixin.py:188} INFO - [2024-05-13T15:43:18.464+0000] {dagbag.py:540} INFO - Filling up the DagBag from /home/airflow/.local/lib/python3.8/site-packages/airflow/example_dags/example_short_circuit_operator.py
[2024-05-13T15:43:18.471+0000] {processor.py:840} INFO - DAG(s) 'example_short_circuit_operator' retrieved from /home/airflow/.local/lib/python3.8/site-packages/airflow/example_dags/example_short_circuit_operator.py
[2024-05-13T15:43:18.495+0000] {logging_mixin.py:188} INFO - [2024-05-13T15:43:18.495+0000] {dag.py:3047} INFO - Sync 1 DAGs
[2024-05-13T15:43:18.518+0000] {logging_mixin.py:188} INFO - [2024-05-13T15:43:18.517+0000] {dag.py:3834} INFO - Setting next_dagrun for example_short_circuit_operator to 2024-05-12 00:00:00+00:00, run_after=2024-05-13 00:00:00+00:00
[2024-05-13T15:43:18.542+0000] {processor.py:183} INFO - Processing /home/airflow/.local/lib/python3.8/site-packages/airflow/example_dags/example_short_circuit_operator.py took 0.086 seconds
[2024-05-13T15:43:48.928+0000] {processor.py:161} INFO - Started process (PID=3903) to work on /home/airflow/.local/lib/python3.8/site-packages/airflow/example_dags/example_short_circuit_operator.py
[2024-05-13T15:43:48.929+0000] {processor.py:830} INFO - Processing file /home/airflow/.local/lib/python3.8/site-packages/airflow/example_dags/example_short_circuit_operator.py for tasks to queue
[2024-05-13T15:43:48.931+0000] {logging_mixin.py:188} INFO - [2024-05-13T15:43:48.931+0000] {dagbag.py:540} INFO - Filling up the DagBag from /home/airflow/.local/lib/python3.8/site-packages/airflow/example_dags/example_short_circuit_operator.py
[2024-05-13T15:43:48.940+0000] {processor.py:840} INFO - DAG(s) 'example_short_circuit_operator' retrieved from /home/airflow/.local/lib/python3.8/site-packages/airflow/example_dags/example_short_circuit_operator.py
[2024-05-13T15:43:48.966+0000] {logging_mixin.py:188} INFO - [2024-05-13T15:43:48.966+0000] {dag.py:3047} INFO - Sync 1 DAGs
[2024-05-13T15:43:48.993+0000] {logging_mixin.py:188} INFO - [2024-05-13T15:43:48.993+0000] {dag.py:3834} INFO - Setting next_dagrun for example_short_circuit_operator to 2024-05-12 00:00:00+00:00, run_after=2024-05-13 00:00:00+00:00
[2024-05-13T15:43:49.017+0000] {processor.py:183} INFO - Processing /home/airflow/.local/lib/python3.8/site-packages/airflow/example_dags/example_short_circuit_operator.py took 0.094 seconds
[2024-05-13T15:44:19.245+0000] {processor.py:161} INFO - Started process (PID=3971) to work on /home/airflow/.local/lib/python3.8/site-packages/airflow/example_dags/example_short_circuit_operator.py
[2024-05-13T15:44:19.246+0000] {processor.py:830} INFO - Processing file /home/airflow/.local/lib/python3.8/site-packages/airflow/example_dags/example_short_circuit_operator.py for tasks to queue
[2024-05-13T15:44:19.247+0000] {logging_mixin.py:188} INFO - [2024-05-13T15:44:19.247+0000] {dagbag.py:540} INFO - Filling up the DagBag from /home/airflow/.local/lib/python3.8/site-packages/airflow/example_dags/example_short_circuit_operator.py
[2024-05-13T15:44:19.254+0000] {processor.py:840} INFO - DAG(s) 'example_short_circuit_operator' retrieved from /home/airflow/.local/lib/python3.8/site-packages/airflow/example_dags/example_short_circuit_operator.py
[2024-05-13T15:44:19.274+0000] {logging_mixin.py:188} INFO - [2024-05-13T15:44:19.274+0000] {dag.py:3047} INFO - Sync 1 DAGs
[2024-05-13T15:44:19.293+0000] {logging_mixin.py:188} INFO - [2024-05-13T15:44:19.293+0000] {dag.py:3834} INFO - Setting next_dagrun for example_short_circuit_operator to 2024-05-12 00:00:00+00:00, run_after=2024-05-13 00:00:00+00:00
[2024-05-13T15:44:19.312+0000] {processor.py:183} INFO - Processing /home/airflow/.local/lib/python3.8/site-packages/airflow/example_dags/example_short_circuit_operator.py took 0.070 seconds
