[2024-05-13T15:15:18.738+0000] {processor.py:161} INFO - Started process (PID=91) to work on /home/airflow/.local/lib/python3.8/site-packages/airflow/example_dags/example_branch_day_of_week_operator.py
[2024-05-13T15:15:18.739+0000] {processor.py:830} INFO - Processing file /home/airflow/.local/lib/python3.8/site-packages/airflow/example_dags/example_branch_day_of_week_operator.py for tasks to queue
[2024-05-13T15:15:18.742+0000] {logging_mixin.py:188} INFO - [2024-05-13T15:15:18.741+0000] {dagbag.py:540} INFO - Filling up the DagBag from /home/airflow/.local/lib/python3.8/site-packages/airflow/example_dags/example_branch_day_of_week_operator.py
[2024-05-13T15:15:18.751+0000] {processor.py:840} INFO - DAG(s) 'example_weekday_branch_operator' retrieved from /home/airflow/.local/lib/python3.8/site-packages/airflow/example_dags/example_branch_day_of_week_operator.py
[2024-05-13T15:15:18.854+0000] {logging_mixin.py:188} INFO - [2024-05-13T15:15:18.853+0000] {override.py:1769} INFO - Created Permission View: can delete on DAG:example_weekday_branch_operator
[2024-05-13T15:15:18.865+0000] {logging_mixin.py:188} INFO - [2024-05-13T15:15:18.864+0000] {override.py:1769} INFO - Created Permission View: can edit on DAG:example_weekday_branch_operator
[2024-05-13T15:15:18.874+0000] {logging_mixin.py:188} INFO - [2024-05-13T15:15:18.874+0000] {override.py:1769} INFO - Created Permission View: can read on DAG:example_weekday_branch_operator
[2024-05-13T15:15:18.875+0000] {logging_mixin.py:188} INFO - [2024-05-13T15:15:18.875+0000] {dag.py:3047} INFO - Sync 1 DAGs
[2024-05-13T15:15:18.886+0000] {logging_mixin.py:188} INFO - [2024-05-13T15:15:18.886+0000] {dag.py:3069} INFO - Creating ORM DAG for example_weekday_branch_operator
[2024-05-13T15:15:18.895+0000] {logging_mixin.py:188} INFO - [2024-05-13T15:15:18.895+0000] {dag.py:3834} INFO - Setting next_dagrun for example_weekday_branch_operator to 2024-05-12 00:00:00+00:00, run_after=2024-05-13 00:00:00+00:00
[2024-05-13T15:15:18.912+0000] {processor.py:183} INFO - Processing /home/airflow/.local/lib/python3.8/site-packages/airflow/example_dags/example_branch_day_of_week_operator.py took 0.177 seconds
[2024-05-13T15:15:49.702+0000] {processor.py:161} INFO - Started process (PID=159) to work on /home/airflow/.local/lib/python3.8/site-packages/airflow/example_dags/example_branch_day_of_week_operator.py
[2024-05-13T15:15:49.703+0000] {processor.py:830} INFO - Processing file /home/airflow/.local/lib/python3.8/site-packages/airflow/example_dags/example_branch_day_of_week_operator.py for tasks to queue
[2024-05-13T15:15:49.706+0000] {logging_mixin.py:188} INFO - [2024-05-13T15:15:49.705+0000] {dagbag.py:540} INFO - Filling up the DagBag from /home/airflow/.local/lib/python3.8/site-packages/airflow/example_dags/example_branch_day_of_week_operator.py
[2024-05-13T15:15:49.713+0000] {processor.py:840} INFO - DAG(s) 'example_weekday_branch_operator' retrieved from /home/airflow/.local/lib/python3.8/site-packages/airflow/example_dags/example_branch_day_of_week_operator.py
[2024-05-13T15:15:49.732+0000] {logging_mixin.py:188} INFO - [2024-05-13T15:15:49.732+0000] {dag.py:3047} INFO - Sync 1 DAGs
[2024-05-13T15:15:49.753+0000] {logging_mixin.py:188} INFO - [2024-05-13T15:15:49.753+0000] {dag.py:3834} INFO - Setting next_dagrun for example_weekday_branch_operator to 2024-05-12 00:00:00+00:00, run_after=2024-05-13 00:00:00+00:00
[2024-05-13T15:15:49.770+0000] {processor.py:183} INFO - Processing /home/airflow/.local/lib/python3.8/site-packages/airflow/example_dags/example_branch_day_of_week_operator.py took 0.071 seconds
[2024-05-13T15:16:19.851+0000] {processor.py:161} INFO - Started process (PID=215) to work on /home/airflow/.local/lib/python3.8/site-packages/airflow/example_dags/example_branch_day_of_week_operator.py
[2024-05-13T15:16:19.852+0000] {processor.py:830} INFO - Processing file /home/airflow/.local/lib/python3.8/site-packages/airflow/example_dags/example_branch_day_of_week_operator.py for tasks to queue
[2024-05-13T15:16:19.854+0000] {logging_mixin.py:188} INFO - [2024-05-13T15:16:19.853+0000] {dagbag.py:540} INFO - Filling up the DagBag from /home/airflow/.local/lib/python3.8/site-packages/airflow/example_dags/example_branch_day_of_week_operator.py
[2024-05-13T15:16:19.860+0000] {processor.py:840} INFO - DAG(s) 'example_weekday_branch_operator' retrieved from /home/airflow/.local/lib/python3.8/site-packages/airflow/example_dags/example_branch_day_of_week_operator.py
[2024-05-13T15:16:19.881+0000] {logging_mixin.py:188} INFO - [2024-05-13T15:16:19.881+0000] {dag.py:3047} INFO - Sync 1 DAGs
[2024-05-13T15:16:19.916+0000] {logging_mixin.py:188} INFO - [2024-05-13T15:16:19.916+0000] {dag.py:3834} INFO - Setting next_dagrun for example_weekday_branch_operator to 2024-05-12 00:00:00+00:00, run_after=2024-05-13 00:00:00+00:00
[2024-05-13T15:16:19.965+0000] {processor.py:183} INFO - Processing /home/airflow/.local/lib/python3.8/site-packages/airflow/example_dags/example_branch_day_of_week_operator.py took 0.117 seconds
[2024-05-13T15:16:50.069+0000] {processor.py:161} INFO - Started process (PID=282) to work on /home/airflow/.local/lib/python3.8/site-packages/airflow/example_dags/example_branch_day_of_week_operator.py
[2024-05-13T15:16:50.071+0000] {processor.py:830} INFO - Processing file /home/airflow/.local/lib/python3.8/site-packages/airflow/example_dags/example_branch_day_of_week_operator.py for tasks to queue
[2024-05-13T15:16:50.074+0000] {logging_mixin.py:188} INFO - [2024-05-13T15:16:50.073+0000] {dagbag.py:540} INFO - Filling up the DagBag from /home/airflow/.local/lib/python3.8/site-packages/airflow/example_dags/example_branch_day_of_week_operator.py
[2024-05-13T15:16:50.083+0000] {processor.py:840} INFO - DAG(s) 'example_weekday_branch_operator' retrieved from /home/airflow/.local/lib/python3.8/site-packages/airflow/example_dags/example_branch_day_of_week_operator.py
[2024-05-13T15:16:50.103+0000] {logging_mixin.py:188} INFO - [2024-05-13T15:16:50.103+0000] {dag.py:3047} INFO - Sync 1 DAGs
[2024-05-13T15:16:50.125+0000] {logging_mixin.py:188} INFO - [2024-05-13T15:16:50.124+0000] {dag.py:3834} INFO - Setting next_dagrun for example_weekday_branch_operator to 2024-05-12 00:00:00+00:00, run_after=2024-05-13 00:00:00+00:00
[2024-05-13T15:16:50.144+0000] {processor.py:183} INFO - Processing /home/airflow/.local/lib/python3.8/site-packages/airflow/example_dags/example_branch_day_of_week_operator.py took 0.081 seconds
[2024-05-13T15:17:20.316+0000] {processor.py:161} INFO - Started process (PID=350) to work on /home/airflow/.local/lib/python3.8/site-packages/airflow/example_dags/example_branch_day_of_week_operator.py
[2024-05-13T15:17:20.317+0000] {processor.py:830} INFO - Processing file /home/airflow/.local/lib/python3.8/site-packages/airflow/example_dags/example_branch_day_of_week_operator.py for tasks to queue
[2024-05-13T15:17:20.320+0000] {logging_mixin.py:188} INFO - [2024-05-13T15:17:20.319+0000] {dagbag.py:540} INFO - Filling up the DagBag from /home/airflow/.local/lib/python3.8/site-packages/airflow/example_dags/example_branch_day_of_week_operator.py
[2024-05-13T15:17:20.327+0000] {processor.py:840} INFO - DAG(s) 'example_weekday_branch_operator' retrieved from /home/airflow/.local/lib/python3.8/site-packages/airflow/example_dags/example_branch_day_of_week_operator.py
[2024-05-13T15:17:20.349+0000] {logging_mixin.py:188} INFO - [2024-05-13T15:17:20.348+0000] {dag.py:3047} INFO - Sync 1 DAGs
[2024-05-13T15:17:20.371+0000] {logging_mixin.py:188} INFO - [2024-05-13T15:17:20.370+0000] {dag.py:3834} INFO - Setting next_dagrun for example_weekday_branch_operator to 2024-05-12 00:00:00+00:00, run_after=2024-05-13 00:00:00+00:00
[2024-05-13T15:17:20.389+0000] {processor.py:183} INFO - Processing /home/airflow/.local/lib/python3.8/site-packages/airflow/example_dags/example_branch_day_of_week_operator.py took 0.075 seconds
[2024-05-13T15:17:50.624+0000] {processor.py:161} INFO - Started process (PID=418) to work on /home/airflow/.local/lib/python3.8/site-packages/airflow/example_dags/example_branch_day_of_week_operator.py
[2024-05-13T15:17:50.625+0000] {processor.py:830} INFO - Processing file /home/airflow/.local/lib/python3.8/site-packages/airflow/example_dags/example_branch_day_of_week_operator.py for tasks to queue
[2024-05-13T15:17:50.628+0000] {logging_mixin.py:188} INFO - [2024-05-13T15:17:50.627+0000] {dagbag.py:540} INFO - Filling up the DagBag from /home/airflow/.local/lib/python3.8/site-packages/airflow/example_dags/example_branch_day_of_week_operator.py
[2024-05-13T15:17:50.638+0000] {processor.py:840} INFO - DAG(s) 'example_weekday_branch_operator' retrieved from /home/airflow/.local/lib/python3.8/site-packages/airflow/example_dags/example_branch_day_of_week_operator.py
[2024-05-13T15:17:50.657+0000] {logging_mixin.py:188} INFO - [2024-05-13T15:17:50.657+0000] {dag.py:3047} INFO - Sync 1 DAGs
[2024-05-13T15:17:50.678+0000] {logging_mixin.py:188} INFO - [2024-05-13T15:17:50.677+0000] {dag.py:3834} INFO - Setting next_dagrun for example_weekday_branch_operator to 2024-05-12 00:00:00+00:00, run_after=2024-05-13 00:00:00+00:00
[2024-05-13T15:17:50.697+0000] {processor.py:183} INFO - Processing /home/airflow/.local/lib/python3.8/site-packages/airflow/example_dags/example_branch_day_of_week_operator.py took 0.076 seconds
[2024-05-13T15:18:20.843+0000] {processor.py:161} INFO - Started process (PID=486) to work on /home/airflow/.local/lib/python3.8/site-packages/airflow/example_dags/example_branch_day_of_week_operator.py
[2024-05-13T15:18:20.844+0000] {processor.py:830} INFO - Processing file /home/airflow/.local/lib/python3.8/site-packages/airflow/example_dags/example_branch_day_of_week_operator.py for tasks to queue
[2024-05-13T15:18:20.845+0000] {logging_mixin.py:188} INFO - [2024-05-13T15:18:20.845+0000] {dagbag.py:540} INFO - Filling up the DagBag from /home/airflow/.local/lib/python3.8/site-packages/airflow/example_dags/example_branch_day_of_week_operator.py
[2024-05-13T15:18:20.852+0000] {processor.py:840} INFO - DAG(s) 'example_weekday_branch_operator' retrieved from /home/airflow/.local/lib/python3.8/site-packages/airflow/example_dags/example_branch_day_of_week_operator.py
[2024-05-13T15:18:20.872+0000] {logging_mixin.py:188} INFO - [2024-05-13T15:18:20.871+0000] {dag.py:3047} INFO - Sync 1 DAGs
[2024-05-13T15:18:20.892+0000] {logging_mixin.py:188} INFO - [2024-05-13T15:18:20.892+0000] {dag.py:3834} INFO - Setting next_dagrun for example_weekday_branch_operator to 2024-05-12 00:00:00+00:00, run_after=2024-05-13 00:00:00+00:00
[2024-05-13T15:18:20.910+0000] {processor.py:183} INFO - Processing /home/airflow/.local/lib/python3.8/site-packages/airflow/example_dags/example_branch_day_of_week_operator.py took 0.070 seconds
[2024-05-13T15:18:51.166+0000] {processor.py:161} INFO - Started process (PID=554) to work on /home/airflow/.local/lib/python3.8/site-packages/airflow/example_dags/example_branch_day_of_week_operator.py
[2024-05-13T15:18:51.167+0000] {processor.py:830} INFO - Processing file /home/airflow/.local/lib/python3.8/site-packages/airflow/example_dags/example_branch_day_of_week_operator.py for tasks to queue
[2024-05-13T15:18:51.169+0000] {logging_mixin.py:188} INFO - [2024-05-13T15:18:51.169+0000] {dagbag.py:540} INFO - Filling up the DagBag from /home/airflow/.local/lib/python3.8/site-packages/airflow/example_dags/example_branch_day_of_week_operator.py
[2024-05-13T15:18:51.176+0000] {processor.py:840} INFO - DAG(s) 'example_weekday_branch_operator' retrieved from /home/airflow/.local/lib/python3.8/site-packages/airflow/example_dags/example_branch_day_of_week_operator.py
[2024-05-13T15:18:51.196+0000] {logging_mixin.py:188} INFO - [2024-05-13T15:18:51.195+0000] {dag.py:3047} INFO - Sync 1 DAGs
[2024-05-13T15:18:51.218+0000] {logging_mixin.py:188} INFO - [2024-05-13T15:18:51.218+0000] {dag.py:3834} INFO - Setting next_dagrun for example_weekday_branch_operator to 2024-05-12 00:00:00+00:00, run_after=2024-05-13 00:00:00+00:00
[2024-05-13T15:18:51.236+0000] {processor.py:183} INFO - Processing /home/airflow/.local/lib/python3.8/site-packages/airflow/example_dags/example_branch_day_of_week_operator.py took 0.073 seconds
[2024-05-13T15:19:21.433+0000] {processor.py:161} INFO - Started process (PID=622) to work on /home/airflow/.local/lib/python3.8/site-packages/airflow/example_dags/example_branch_day_of_week_operator.py
[2024-05-13T15:19:21.434+0000] {processor.py:830} INFO - Processing file /home/airflow/.local/lib/python3.8/site-packages/airflow/example_dags/example_branch_day_of_week_operator.py for tasks to queue
[2024-05-13T15:19:21.436+0000] {logging_mixin.py:188} INFO - [2024-05-13T15:19:21.436+0000] {dagbag.py:540} INFO - Filling up the DagBag from /home/airflow/.local/lib/python3.8/site-packages/airflow/example_dags/example_branch_day_of_week_operator.py
[2024-05-13T15:19:21.445+0000] {processor.py:840} INFO - DAG(s) 'example_weekday_branch_operator' retrieved from /home/airflow/.local/lib/python3.8/site-packages/airflow/example_dags/example_branch_day_of_week_operator.py
[2024-05-13T15:19:21.466+0000] {logging_mixin.py:188} INFO - [2024-05-13T15:19:21.465+0000] {dag.py:3047} INFO - Sync 1 DAGs
[2024-05-13T15:19:21.488+0000] {logging_mixin.py:188} INFO - [2024-05-13T15:19:21.488+0000] {dag.py:3834} INFO - Setting next_dagrun for example_weekday_branch_operator to 2024-05-12 00:00:00+00:00, run_after=2024-05-13 00:00:00+00:00
[2024-05-13T15:19:21.509+0000] {processor.py:183} INFO - Processing /home/airflow/.local/lib/python3.8/site-packages/airflow/example_dags/example_branch_day_of_week_operator.py took 0.079 seconds
[2024-05-13T15:19:51.715+0000] {processor.py:161} INFO - Started process (PID=690) to work on /home/airflow/.local/lib/python3.8/site-packages/airflow/example_dags/example_branch_day_of_week_operator.py
[2024-05-13T15:19:51.716+0000] {processor.py:830} INFO - Processing file /home/airflow/.local/lib/python3.8/site-packages/airflow/example_dags/example_branch_day_of_week_operator.py for tasks to queue
[2024-05-13T15:19:51.718+0000] {logging_mixin.py:188} INFO - [2024-05-13T15:19:51.718+0000] {dagbag.py:540} INFO - Filling up the DagBag from /home/airflow/.local/lib/python3.8/site-packages/airflow/example_dags/example_branch_day_of_week_operator.py
[2024-05-13T15:19:51.725+0000] {processor.py:840} INFO - DAG(s) 'example_weekday_branch_operator' retrieved from /home/airflow/.local/lib/python3.8/site-packages/airflow/example_dags/example_branch_day_of_week_operator.py
[2024-05-13T15:19:51.745+0000] {logging_mixin.py:188} INFO - [2024-05-13T15:19:51.745+0000] {dag.py:3047} INFO - Sync 1 DAGs
[2024-05-13T15:19:51.766+0000] {logging_mixin.py:188} INFO - [2024-05-13T15:19:51.766+0000] {dag.py:3834} INFO - Setting next_dagrun for example_weekday_branch_operator to 2024-05-12 00:00:00+00:00, run_after=2024-05-13 00:00:00+00:00
[2024-05-13T15:19:51.784+0000] {processor.py:183} INFO - Processing /home/airflow/.local/lib/python3.8/site-packages/airflow/example_dags/example_branch_day_of_week_operator.py took 0.071 seconds
[2024-05-13T15:20:21.966+0000] {processor.py:161} INFO - Started process (PID=758) to work on /home/airflow/.local/lib/python3.8/site-packages/airflow/example_dags/example_branch_day_of_week_operator.py
[2024-05-13T15:20:21.968+0000] {processor.py:830} INFO - Processing file /home/airflow/.local/lib/python3.8/site-packages/airflow/example_dags/example_branch_day_of_week_operator.py for tasks to queue
[2024-05-13T15:20:21.970+0000] {logging_mixin.py:188} INFO - [2024-05-13T15:20:21.970+0000] {dagbag.py:540} INFO - Filling up the DagBag from /home/airflow/.local/lib/python3.8/site-packages/airflow/example_dags/example_branch_day_of_week_operator.py
[2024-05-13T15:20:21.981+0000] {processor.py:840} INFO - DAG(s) 'example_weekday_branch_operator' retrieved from /home/airflow/.local/lib/python3.8/site-packages/airflow/example_dags/example_branch_day_of_week_operator.py
[2024-05-13T15:20:22.002+0000] {logging_mixin.py:188} INFO - [2024-05-13T15:20:22.002+0000] {dag.py:3047} INFO - Sync 1 DAGs
[2024-05-13T15:20:22.024+0000] {logging_mixin.py:188} INFO - [2024-05-13T15:20:22.024+0000] {dag.py:3834} INFO - Setting next_dagrun for example_weekday_branch_operator to 2024-05-12 00:00:00+00:00, run_after=2024-05-13 00:00:00+00:00
[2024-05-13T15:20:22.041+0000] {processor.py:183} INFO - Processing /home/airflow/.local/lib/python3.8/site-packages/airflow/example_dags/example_branch_day_of_week_operator.py took 0.079 seconds
[2024-05-13T15:20:52.440+0000] {processor.py:161} INFO - Started process (PID=830) to work on /home/airflow/.local/lib/python3.8/site-packages/airflow/example_dags/example_branch_day_of_week_operator.py
[2024-05-13T15:20:52.442+0000] {processor.py:830} INFO - Processing file /home/airflow/.local/lib/python3.8/site-packages/airflow/example_dags/example_branch_day_of_week_operator.py for tasks to queue
[2024-05-13T15:20:52.444+0000] {logging_mixin.py:188} INFO - [2024-05-13T15:20:52.443+0000] {dagbag.py:540} INFO - Filling up the DagBag from /home/airflow/.local/lib/python3.8/site-packages/airflow/example_dags/example_branch_day_of_week_operator.py
[2024-05-13T15:20:52.451+0000] {processor.py:840} INFO - DAG(s) 'example_weekday_branch_operator' retrieved from /home/airflow/.local/lib/python3.8/site-packages/airflow/example_dags/example_branch_day_of_week_operator.py
[2024-05-13T15:20:52.474+0000] {logging_mixin.py:188} INFO - [2024-05-13T15:20:52.474+0000] {dag.py:3047} INFO - Sync 1 DAGs
[2024-05-13T15:20:52.496+0000] {logging_mixin.py:188} INFO - [2024-05-13T15:20:52.496+0000] {dag.py:3834} INFO - Setting next_dagrun for example_weekday_branch_operator to 2024-05-12 00:00:00+00:00, run_after=2024-05-13 00:00:00+00:00
[2024-05-13T15:20:52.517+0000] {processor.py:183} INFO - Processing /home/airflow/.local/lib/python3.8/site-packages/airflow/example_dags/example_branch_day_of_week_operator.py took 0.081 seconds
[2024-05-13T15:21:22.638+0000] {processor.py:161} INFO - Started process (PID=898) to work on /home/airflow/.local/lib/python3.8/site-packages/airflow/example_dags/example_branch_day_of_week_operator.py
[2024-05-13T15:21:22.640+0000] {processor.py:830} INFO - Processing file /home/airflow/.local/lib/python3.8/site-packages/airflow/example_dags/example_branch_day_of_week_operator.py for tasks to queue
[2024-05-13T15:21:22.642+0000] {logging_mixin.py:188} INFO - [2024-05-13T15:21:22.641+0000] {dagbag.py:540} INFO - Filling up the DagBag from /home/airflow/.local/lib/python3.8/site-packages/airflow/example_dags/example_branch_day_of_week_operator.py
[2024-05-13T15:21:22.649+0000] {processor.py:840} INFO - DAG(s) 'example_weekday_branch_operator' retrieved from /home/airflow/.local/lib/python3.8/site-packages/airflow/example_dags/example_branch_day_of_week_operator.py
[2024-05-13T15:21:22.669+0000] {logging_mixin.py:188} INFO - [2024-05-13T15:21:22.669+0000] {dag.py:3047} INFO - Sync 1 DAGs
[2024-05-13T15:21:22.692+0000] {logging_mixin.py:188} INFO - [2024-05-13T15:21:22.692+0000] {dag.py:3834} INFO - Setting next_dagrun for example_weekday_branch_operator to 2024-05-12 00:00:00+00:00, run_after=2024-05-13 00:00:00+00:00
[2024-05-13T15:21:22.713+0000] {processor.py:183} INFO - Processing /home/airflow/.local/lib/python3.8/site-packages/airflow/example_dags/example_branch_day_of_week_operator.py took 0.079 seconds
[2024-05-13T15:21:52.874+0000] {processor.py:161} INFO - Started process (PID=966) to work on /home/airflow/.local/lib/python3.8/site-packages/airflow/example_dags/example_branch_day_of_week_operator.py
[2024-05-13T15:21:52.875+0000] {processor.py:830} INFO - Processing file /home/airflow/.local/lib/python3.8/site-packages/airflow/example_dags/example_branch_day_of_week_operator.py for tasks to queue
[2024-05-13T15:21:52.877+0000] {logging_mixin.py:188} INFO - [2024-05-13T15:21:52.876+0000] {dagbag.py:540} INFO - Filling up the DagBag from /home/airflow/.local/lib/python3.8/site-packages/airflow/example_dags/example_branch_day_of_week_operator.py
[2024-05-13T15:21:52.886+0000] {processor.py:840} INFO - DAG(s) 'example_weekday_branch_operator' retrieved from /home/airflow/.local/lib/python3.8/site-packages/airflow/example_dags/example_branch_day_of_week_operator.py
[2024-05-13T15:21:52.908+0000] {logging_mixin.py:188} INFO - [2024-05-13T15:21:52.907+0000] {dag.py:3047} INFO - Sync 1 DAGs
[2024-05-13T15:21:52.933+0000] {logging_mixin.py:188} INFO - [2024-05-13T15:21:52.932+0000] {dag.py:3834} INFO - Setting next_dagrun for example_weekday_branch_operator to 2024-05-12 00:00:00+00:00, run_after=2024-05-13 00:00:00+00:00
[2024-05-13T15:21:52.953+0000] {processor.py:183} INFO - Processing /home/airflow/.local/lib/python3.8/site-packages/airflow/example_dags/example_branch_day_of_week_operator.py took 0.083 seconds
[2024-05-13T15:22:23.746+0000] {processor.py:161} INFO - Started process (PID=1034) to work on /home/airflow/.local/lib/python3.8/site-packages/airflow/example_dags/example_branch_day_of_week_operator.py
[2024-05-13T15:22:23.748+0000] {processor.py:830} INFO - Processing file /home/airflow/.local/lib/python3.8/site-packages/airflow/example_dags/example_branch_day_of_week_operator.py for tasks to queue
[2024-05-13T15:22:23.750+0000] {logging_mixin.py:188} INFO - [2024-05-13T15:22:23.750+0000] {dagbag.py:540} INFO - Filling up the DagBag from /home/airflow/.local/lib/python3.8/site-packages/airflow/example_dags/example_branch_day_of_week_operator.py
[2024-05-13T15:22:23.760+0000] {processor.py:840} INFO - DAG(s) 'example_weekday_branch_operator' retrieved from /home/airflow/.local/lib/python3.8/site-packages/airflow/example_dags/example_branch_day_of_week_operator.py
[2024-05-13T15:22:23.787+0000] {logging_mixin.py:188} INFO - [2024-05-13T15:22:23.786+0000] {dag.py:3047} INFO - Sync 1 DAGs
[2024-05-13T15:22:23.813+0000] {logging_mixin.py:188} INFO - [2024-05-13T15:22:23.812+0000] {dag.py:3834} INFO - Setting next_dagrun for example_weekday_branch_operator to 2024-05-12 00:00:00+00:00, run_after=2024-05-13 00:00:00+00:00
[2024-05-13T15:22:23.841+0000] {processor.py:183} INFO - Processing /home/airflow/.local/lib/python3.8/site-packages/airflow/example_dags/example_branch_day_of_week_operator.py took 0.099 seconds
[2024-05-13T15:22:54.207+0000] {processor.py:161} INFO - Started process (PID=1103) to work on /home/airflow/.local/lib/python3.8/site-packages/airflow/example_dags/example_branch_day_of_week_operator.py
[2024-05-13T15:22:54.209+0000] {processor.py:830} INFO - Processing file /home/airflow/.local/lib/python3.8/site-packages/airflow/example_dags/example_branch_day_of_week_operator.py for tasks to queue
[2024-05-13T15:22:54.211+0000] {logging_mixin.py:188} INFO - [2024-05-13T15:22:54.210+0000] {dagbag.py:540} INFO - Filling up the DagBag from /home/airflow/.local/lib/python3.8/site-packages/airflow/example_dags/example_branch_day_of_week_operator.py
[2024-05-13T15:22:54.221+0000] {processor.py:840} INFO - DAG(s) 'example_weekday_branch_operator' retrieved from /home/airflow/.local/lib/python3.8/site-packages/airflow/example_dags/example_branch_day_of_week_operator.py
[2024-05-13T15:22:54.244+0000] {logging_mixin.py:188} INFO - [2024-05-13T15:22:54.243+0000] {dag.py:3047} INFO - Sync 1 DAGs
[2024-05-13T15:22:54.271+0000] {logging_mixin.py:188} INFO - [2024-05-13T15:22:54.271+0000] {dag.py:3834} INFO - Setting next_dagrun for example_weekday_branch_operator to 2024-05-12 00:00:00+00:00, run_after=2024-05-13 00:00:00+00:00
[2024-05-13T15:22:54.295+0000] {processor.py:183} INFO - Processing /home/airflow/.local/lib/python3.8/site-packages/airflow/example_dags/example_branch_day_of_week_operator.py took 0.091 seconds
[2024-05-13T15:23:24.466+0000] {processor.py:161} INFO - Started process (PID=1171) to work on /home/airflow/.local/lib/python3.8/site-packages/airflow/example_dags/example_branch_day_of_week_operator.py
[2024-05-13T15:23:24.467+0000] {processor.py:830} INFO - Processing file /home/airflow/.local/lib/python3.8/site-packages/airflow/example_dags/example_branch_day_of_week_operator.py for tasks to queue
[2024-05-13T15:23:24.470+0000] {logging_mixin.py:188} INFO - [2024-05-13T15:23:24.469+0000] {dagbag.py:540} INFO - Filling up the DagBag from /home/airflow/.local/lib/python3.8/site-packages/airflow/example_dags/example_branch_day_of_week_operator.py
[2024-05-13T15:23:24.479+0000] {processor.py:840} INFO - DAG(s) 'example_weekday_branch_operator' retrieved from /home/airflow/.local/lib/python3.8/site-packages/airflow/example_dags/example_branch_day_of_week_operator.py
[2024-05-13T15:23:24.505+0000] {logging_mixin.py:188} INFO - [2024-05-13T15:23:24.505+0000] {dag.py:3047} INFO - Sync 1 DAGs
[2024-05-13T15:23:24.529+0000] {logging_mixin.py:188} INFO - [2024-05-13T15:23:24.528+0000] {dag.py:3834} INFO - Setting next_dagrun for example_weekday_branch_operator to 2024-05-12 00:00:00+00:00, run_after=2024-05-13 00:00:00+00:00
[2024-05-13T15:23:24.555+0000] {processor.py:183} INFO - Processing /home/airflow/.local/lib/python3.8/site-packages/airflow/example_dags/example_branch_day_of_week_operator.py took 0.095 seconds
[2024-05-13T15:23:55.397+0000] {processor.py:161} INFO - Started process (PID=1239) to work on /home/airflow/.local/lib/python3.8/site-packages/airflow/example_dags/example_branch_day_of_week_operator.py
[2024-05-13T15:23:55.398+0000] {processor.py:830} INFO - Processing file /home/airflow/.local/lib/python3.8/site-packages/airflow/example_dags/example_branch_day_of_week_operator.py for tasks to queue
[2024-05-13T15:23:55.400+0000] {logging_mixin.py:188} INFO - [2024-05-13T15:23:55.399+0000] {dagbag.py:540} INFO - Filling up the DagBag from /home/airflow/.local/lib/python3.8/site-packages/airflow/example_dags/example_branch_day_of_week_operator.py
[2024-05-13T15:23:55.408+0000] {processor.py:840} INFO - DAG(s) 'example_weekday_branch_operator' retrieved from /home/airflow/.local/lib/python3.8/site-packages/airflow/example_dags/example_branch_day_of_week_operator.py
[2024-05-13T15:23:55.434+0000] {logging_mixin.py:188} INFO - [2024-05-13T15:23:55.433+0000] {dag.py:3047} INFO - Sync 1 DAGs
[2024-05-13T15:23:55.461+0000] {logging_mixin.py:188} INFO - [2024-05-13T15:23:55.461+0000] {dag.py:3834} INFO - Setting next_dagrun for example_weekday_branch_operator to 2024-05-12 00:00:00+00:00, run_after=2024-05-13 00:00:00+00:00
[2024-05-13T15:23:55.489+0000] {processor.py:183} INFO - Processing /home/airflow/.local/lib/python3.8/site-packages/airflow/example_dags/example_branch_day_of_week_operator.py took 0.096 seconds
[2024-05-13T15:24:25.630+0000] {processor.py:161} INFO - Started process (PID=1307) to work on /home/airflow/.local/lib/python3.8/site-packages/airflow/example_dags/example_branch_day_of_week_operator.py
[2024-05-13T15:24:25.631+0000] {processor.py:830} INFO - Processing file /home/airflow/.local/lib/python3.8/site-packages/airflow/example_dags/example_branch_day_of_week_operator.py for tasks to queue
[2024-05-13T15:24:25.633+0000] {logging_mixin.py:188} INFO - [2024-05-13T15:24:25.633+0000] {dagbag.py:540} INFO - Filling up the DagBag from /home/airflow/.local/lib/python3.8/site-packages/airflow/example_dags/example_branch_day_of_week_operator.py
[2024-05-13T15:24:25.640+0000] {processor.py:840} INFO - DAG(s) 'example_weekday_branch_operator' retrieved from /home/airflow/.local/lib/python3.8/site-packages/airflow/example_dags/example_branch_day_of_week_operator.py
[2024-05-13T15:24:25.660+0000] {logging_mixin.py:188} INFO - [2024-05-13T15:24:25.660+0000] {dag.py:3047} INFO - Sync 1 DAGs
[2024-05-13T15:24:25.679+0000] {logging_mixin.py:188} INFO - [2024-05-13T15:24:25.679+0000] {dag.py:3834} INFO - Setting next_dagrun for example_weekday_branch_operator to 2024-05-12 00:00:00+00:00, run_after=2024-05-13 00:00:00+00:00
[2024-05-13T15:24:25.697+0000] {processor.py:183} INFO - Processing /home/airflow/.local/lib/python3.8/site-packages/airflow/example_dags/example_branch_day_of_week_operator.py took 0.070 seconds
[2024-05-13T15:24:55.884+0000] {processor.py:161} INFO - Started process (PID=1375) to work on /home/airflow/.local/lib/python3.8/site-packages/airflow/example_dags/example_branch_day_of_week_operator.py
[2024-05-13T15:24:55.885+0000] {processor.py:830} INFO - Processing file /home/airflow/.local/lib/python3.8/site-packages/airflow/example_dags/example_branch_day_of_week_operator.py for tasks to queue
[2024-05-13T15:24:55.887+0000] {logging_mixin.py:188} INFO - [2024-05-13T15:24:55.887+0000] {dagbag.py:540} INFO - Filling up the DagBag from /home/airflow/.local/lib/python3.8/site-packages/airflow/example_dags/example_branch_day_of_week_operator.py
[2024-05-13T15:24:55.895+0000] {processor.py:840} INFO - DAG(s) 'example_weekday_branch_operator' retrieved from /home/airflow/.local/lib/python3.8/site-packages/airflow/example_dags/example_branch_day_of_week_operator.py
[2024-05-13T15:24:55.915+0000] {logging_mixin.py:188} INFO - [2024-05-13T15:24:55.915+0000] {dag.py:3047} INFO - Sync 1 DAGs
[2024-05-13T15:24:55.938+0000] {logging_mixin.py:188} INFO - [2024-05-13T15:24:55.937+0000] {dag.py:3834} INFO - Setting next_dagrun for example_weekday_branch_operator to 2024-05-12 00:00:00+00:00, run_after=2024-05-13 00:00:00+00:00
[2024-05-13T15:24:55.957+0000] {processor.py:183} INFO - Processing /home/airflow/.local/lib/python3.8/site-packages/airflow/example_dags/example_branch_day_of_week_operator.py took 0.076 seconds
[2024-05-13T15:25:26.032+0000] {processor.py:161} INFO - Started process (PID=1444) to work on /home/airflow/.local/lib/python3.8/site-packages/airflow/example_dags/example_branch_day_of_week_operator.py
[2024-05-13T15:25:26.033+0000] {processor.py:830} INFO - Processing file /home/airflow/.local/lib/python3.8/site-packages/airflow/example_dags/example_branch_day_of_week_operator.py for tasks to queue
[2024-05-13T15:25:26.036+0000] {logging_mixin.py:188} INFO - [2024-05-13T15:25:26.036+0000] {dagbag.py:540} INFO - Filling up the DagBag from /home/airflow/.local/lib/python3.8/site-packages/airflow/example_dags/example_branch_day_of_week_operator.py
[2024-05-13T15:25:26.046+0000] {processor.py:840} INFO - DAG(s) 'example_weekday_branch_operator' retrieved from /home/airflow/.local/lib/python3.8/site-packages/airflow/example_dags/example_branch_day_of_week_operator.py
[2024-05-13T15:25:26.073+0000] {logging_mixin.py:188} INFO - [2024-05-13T15:25:26.072+0000] {dag.py:3047} INFO - Sync 1 DAGs
[2024-05-13T15:25:26.096+0000] {logging_mixin.py:188} INFO - [2024-05-13T15:25:26.096+0000] {dag.py:3834} INFO - Setting next_dagrun for example_weekday_branch_operator to 2024-05-12 00:00:00+00:00, run_after=2024-05-13 00:00:00+00:00
[2024-05-13T15:25:26.120+0000] {processor.py:183} INFO - Processing /home/airflow/.local/lib/python3.8/site-packages/airflow/example_dags/example_branch_day_of_week_operator.py took 0.093 seconds
[2024-05-13T15:25:56.618+0000] {processor.py:161} INFO - Started process (PID=1512) to work on /home/airflow/.local/lib/python3.8/site-packages/airflow/example_dags/example_branch_day_of_week_operator.py
[2024-05-13T15:25:56.619+0000] {processor.py:830} INFO - Processing file /home/airflow/.local/lib/python3.8/site-packages/airflow/example_dags/example_branch_day_of_week_operator.py for tasks to queue
[2024-05-13T15:25:56.621+0000] {logging_mixin.py:188} INFO - [2024-05-13T15:25:56.620+0000] {dagbag.py:540} INFO - Filling up the DagBag from /home/airflow/.local/lib/python3.8/site-packages/airflow/example_dags/example_branch_day_of_week_operator.py
[2024-05-13T15:25:56.628+0000] {processor.py:840} INFO - DAG(s) 'example_weekday_branch_operator' retrieved from /home/airflow/.local/lib/python3.8/site-packages/airflow/example_dags/example_branch_day_of_week_operator.py
[2024-05-13T15:25:56.646+0000] {logging_mixin.py:188} INFO - [2024-05-13T15:25:56.646+0000] {dag.py:3047} INFO - Sync 1 DAGs
[2024-05-13T15:25:56.665+0000] {logging_mixin.py:188} INFO - [2024-05-13T15:25:56.665+0000] {dag.py:3834} INFO - Setting next_dagrun for example_weekday_branch_operator to 2024-05-12 00:00:00+00:00, run_after=2024-05-13 00:00:00+00:00
[2024-05-13T15:25:56.684+0000] {processor.py:183} INFO - Processing /home/airflow/.local/lib/python3.8/site-packages/airflow/example_dags/example_branch_day_of_week_operator.py took 0.069 seconds
[2024-05-13T15:26:26.915+0000] {processor.py:161} INFO - Started process (PID=1580) to work on /home/airflow/.local/lib/python3.8/site-packages/airflow/example_dags/example_branch_day_of_week_operator.py
[2024-05-13T15:26:26.916+0000] {processor.py:830} INFO - Processing file /home/airflow/.local/lib/python3.8/site-packages/airflow/example_dags/example_branch_day_of_week_operator.py for tasks to queue
[2024-05-13T15:26:26.918+0000] {logging_mixin.py:188} INFO - [2024-05-13T15:26:26.918+0000] {dagbag.py:540} INFO - Filling up the DagBag from /home/airflow/.local/lib/python3.8/site-packages/airflow/example_dags/example_branch_day_of_week_operator.py
[2024-05-13T15:26:26.925+0000] {processor.py:840} INFO - DAG(s) 'example_weekday_branch_operator' retrieved from /home/airflow/.local/lib/python3.8/site-packages/airflow/example_dags/example_branch_day_of_week_operator.py
[2024-05-13T15:26:26.944+0000] {logging_mixin.py:188} INFO - [2024-05-13T15:26:26.944+0000] {dag.py:3047} INFO - Sync 1 DAGs
[2024-05-13T15:26:26.964+0000] {logging_mixin.py:188} INFO - [2024-05-13T15:26:26.964+0000] {dag.py:3834} INFO - Setting next_dagrun for example_weekday_branch_operator to 2024-05-12 00:00:00+00:00, run_after=2024-05-13 00:00:00+00:00
[2024-05-13T15:26:26.982+0000] {processor.py:183} INFO - Processing /home/airflow/.local/lib/python3.8/site-packages/airflow/example_dags/example_branch_day_of_week_operator.py took 0.070 seconds
[2024-05-13T15:26:57.303+0000] {processor.py:161} INFO - Started process (PID=1648) to work on /home/airflow/.local/lib/python3.8/site-packages/airflow/example_dags/example_branch_day_of_week_operator.py
[2024-05-13T15:26:57.304+0000] {processor.py:830} INFO - Processing file /home/airflow/.local/lib/python3.8/site-packages/airflow/example_dags/example_branch_day_of_week_operator.py for tasks to queue
[2024-05-13T15:26:57.306+0000] {logging_mixin.py:188} INFO - [2024-05-13T15:26:57.305+0000] {dagbag.py:540} INFO - Filling up the DagBag from /home/airflow/.local/lib/python3.8/site-packages/airflow/example_dags/example_branch_day_of_week_operator.py
[2024-05-13T15:26:57.313+0000] {processor.py:840} INFO - DAG(s) 'example_weekday_branch_operator' retrieved from /home/airflow/.local/lib/python3.8/site-packages/airflow/example_dags/example_branch_day_of_week_operator.py
[2024-05-13T15:26:57.331+0000] {logging_mixin.py:188} INFO - [2024-05-13T15:26:57.331+0000] {dag.py:3047} INFO - Sync 1 DAGs
[2024-05-13T15:26:57.353+0000] {logging_mixin.py:188} INFO - [2024-05-13T15:26:57.352+0000] {dag.py:3834} INFO - Setting next_dagrun for example_weekday_branch_operator to 2024-05-12 00:00:00+00:00, run_after=2024-05-13 00:00:00+00:00
[2024-05-13T15:26:57.371+0000] {processor.py:183} INFO - Processing /home/airflow/.local/lib/python3.8/site-packages/airflow/example_dags/example_branch_day_of_week_operator.py took 0.071 seconds
[2024-05-13T15:27:27.676+0000] {processor.py:161} INFO - Started process (PID=1716) to work on /home/airflow/.local/lib/python3.8/site-packages/airflow/example_dags/example_branch_day_of_week_operator.py
[2024-05-13T15:27:27.678+0000] {processor.py:830} INFO - Processing file /home/airflow/.local/lib/python3.8/site-packages/airflow/example_dags/example_branch_day_of_week_operator.py for tasks to queue
[2024-05-13T15:27:27.680+0000] {logging_mixin.py:188} INFO - [2024-05-13T15:27:27.680+0000] {dagbag.py:540} INFO - Filling up the DagBag from /home/airflow/.local/lib/python3.8/site-packages/airflow/example_dags/example_branch_day_of_week_operator.py
[2024-05-13T15:27:27.690+0000] {processor.py:840} INFO - DAG(s) 'example_weekday_branch_operator' retrieved from /home/airflow/.local/lib/python3.8/site-packages/airflow/example_dags/example_branch_day_of_week_operator.py
[2024-05-13T15:27:27.720+0000] {logging_mixin.py:188} INFO - [2024-05-13T15:27:27.719+0000] {dag.py:3047} INFO - Sync 1 DAGs
[2024-05-13T15:27:27.750+0000] {logging_mixin.py:188} INFO - [2024-05-13T15:27:27.750+0000] {dag.py:3834} INFO - Setting next_dagrun for example_weekday_branch_operator to 2024-05-12 00:00:00+00:00, run_after=2024-05-13 00:00:00+00:00
[2024-05-13T15:27:27.784+0000] {processor.py:183} INFO - Processing /home/airflow/.local/lib/python3.8/site-packages/airflow/example_dags/example_branch_day_of_week_operator.py took 0.111 seconds
[2024-05-13T15:27:57.935+0000] {processor.py:161} INFO - Started process (PID=1784) to work on /home/airflow/.local/lib/python3.8/site-packages/airflow/example_dags/example_branch_day_of_week_operator.py
[2024-05-13T15:27:57.936+0000] {processor.py:830} INFO - Processing file /home/airflow/.local/lib/python3.8/site-packages/airflow/example_dags/example_branch_day_of_week_operator.py for tasks to queue
[2024-05-13T15:27:57.938+0000] {logging_mixin.py:188} INFO - [2024-05-13T15:27:57.938+0000] {dagbag.py:540} INFO - Filling up the DagBag from /home/airflow/.local/lib/python3.8/site-packages/airflow/example_dags/example_branch_day_of_week_operator.py
[2024-05-13T15:27:57.945+0000] {processor.py:840} INFO - DAG(s) 'example_weekday_branch_operator' retrieved from /home/airflow/.local/lib/python3.8/site-packages/airflow/example_dags/example_branch_day_of_week_operator.py
[2024-05-13T15:27:57.963+0000] {logging_mixin.py:188} INFO - [2024-05-13T15:27:57.963+0000] {dag.py:3047} INFO - Sync 1 DAGs
[2024-05-13T15:27:57.990+0000] {logging_mixin.py:188} INFO - [2024-05-13T15:27:57.989+0000] {dag.py:3834} INFO - Setting next_dagrun for example_weekday_branch_operator to 2024-05-12 00:00:00+00:00, run_after=2024-05-13 00:00:00+00:00
[2024-05-13T15:27:58.014+0000] {processor.py:183} INFO - Processing /home/airflow/.local/lib/python3.8/site-packages/airflow/example_dags/example_branch_day_of_week_operator.py took 0.082 seconds
[2024-05-13T15:28:28.365+0000] {processor.py:161} INFO - Started process (PID=1852) to work on /home/airflow/.local/lib/python3.8/site-packages/airflow/example_dags/example_branch_day_of_week_operator.py
[2024-05-13T15:28:28.366+0000] {processor.py:830} INFO - Processing file /home/airflow/.local/lib/python3.8/site-packages/airflow/example_dags/example_branch_day_of_week_operator.py for tasks to queue
[2024-05-13T15:28:28.367+0000] {logging_mixin.py:188} INFO - [2024-05-13T15:28:28.367+0000] {dagbag.py:540} INFO - Filling up the DagBag from /home/airflow/.local/lib/python3.8/site-packages/airflow/example_dags/example_branch_day_of_week_operator.py
[2024-05-13T15:28:28.374+0000] {processor.py:840} INFO - DAG(s) 'example_weekday_branch_operator' retrieved from /home/airflow/.local/lib/python3.8/site-packages/airflow/example_dags/example_branch_day_of_week_operator.py
[2024-05-13T15:28:28.392+0000] {logging_mixin.py:188} INFO - [2024-05-13T15:28:28.392+0000] {dag.py:3047} INFO - Sync 1 DAGs
[2024-05-13T15:28:28.412+0000] {logging_mixin.py:188} INFO - [2024-05-13T15:28:28.412+0000] {dag.py:3834} INFO - Setting next_dagrun for example_weekday_branch_operator to 2024-05-12 00:00:00+00:00, run_after=2024-05-13 00:00:00+00:00
[2024-05-13T15:28:28.431+0000] {processor.py:183} INFO - Processing /home/airflow/.local/lib/python3.8/site-packages/airflow/example_dags/example_branch_day_of_week_operator.py took 0.069 seconds
[2024-05-13T15:28:59.359+0000] {processor.py:161} INFO - Started process (PID=1920) to work on /home/airflow/.local/lib/python3.8/site-packages/airflow/example_dags/example_branch_day_of_week_operator.py
[2024-05-13T15:28:59.361+0000] {processor.py:830} INFO - Processing file /home/airflow/.local/lib/python3.8/site-packages/airflow/example_dags/example_branch_day_of_week_operator.py for tasks to queue
[2024-05-13T15:28:59.362+0000] {logging_mixin.py:188} INFO - [2024-05-13T15:28:59.362+0000] {dagbag.py:540} INFO - Filling up the DagBag from /home/airflow/.local/lib/python3.8/site-packages/airflow/example_dags/example_branch_day_of_week_operator.py
[2024-05-13T15:28:59.371+0000] {processor.py:840} INFO - DAG(s) 'example_weekday_branch_operator' retrieved from /home/airflow/.local/lib/python3.8/site-packages/airflow/example_dags/example_branch_day_of_week_operator.py
[2024-05-13T15:28:59.395+0000] {logging_mixin.py:188} INFO - [2024-05-13T15:28:59.395+0000] {dag.py:3047} INFO - Sync 1 DAGs
[2024-05-13T15:28:59.443+0000] {logging_mixin.py:188} INFO - [2024-05-13T15:28:59.442+0000] {dag.py:3834} INFO - Setting next_dagrun for example_weekday_branch_operator to 2024-05-12 00:00:00+00:00, run_after=2024-05-13 00:00:00+00:00
[2024-05-13T15:28:59.495+0000] {processor.py:183} INFO - Processing /home/airflow/.local/lib/python3.8/site-packages/airflow/example_dags/example_branch_day_of_week_operator.py took 0.139 seconds
[2024-05-13T15:29:29.852+0000] {processor.py:161} INFO - Started process (PID=1988) to work on /home/airflow/.local/lib/python3.8/site-packages/airflow/example_dags/example_branch_day_of_week_operator.py
[2024-05-13T15:29:29.854+0000] {processor.py:830} INFO - Processing file /home/airflow/.local/lib/python3.8/site-packages/airflow/example_dags/example_branch_day_of_week_operator.py for tasks to queue
[2024-05-13T15:29:29.856+0000] {logging_mixin.py:188} INFO - [2024-05-13T15:29:29.855+0000] {dagbag.py:540} INFO - Filling up the DagBag from /home/airflow/.local/lib/python3.8/site-packages/airflow/example_dags/example_branch_day_of_week_operator.py
[2024-05-13T15:29:29.868+0000] {processor.py:840} INFO - DAG(s) 'example_weekday_branch_operator' retrieved from /home/airflow/.local/lib/python3.8/site-packages/airflow/example_dags/example_branch_day_of_week_operator.py
[2024-05-13T15:29:29.898+0000] {logging_mixin.py:188} INFO - [2024-05-13T15:29:29.898+0000] {dag.py:3047} INFO - Sync 1 DAGs
[2024-05-13T15:29:29.923+0000] {logging_mixin.py:188} INFO - [2024-05-13T15:29:29.923+0000] {dag.py:3834} INFO - Setting next_dagrun for example_weekday_branch_operator to 2024-05-12 00:00:00+00:00, run_after=2024-05-13 00:00:00+00:00
[2024-05-13T15:29:29.950+0000] {processor.py:183} INFO - Processing /home/airflow/.local/lib/python3.8/site-packages/airflow/example_dags/example_branch_day_of_week_operator.py took 0.101 seconds
[2024-05-13T15:30:00.774+0000] {processor.py:161} INFO - Started process (PID=2056) to work on /home/airflow/.local/lib/python3.8/site-packages/airflow/example_dags/example_branch_day_of_week_operator.py
[2024-05-13T15:30:00.776+0000] {processor.py:830} INFO - Processing file /home/airflow/.local/lib/python3.8/site-packages/airflow/example_dags/example_branch_day_of_week_operator.py for tasks to queue
[2024-05-13T15:30:00.778+0000] {logging_mixin.py:188} INFO - [2024-05-13T15:30:00.777+0000] {dagbag.py:540} INFO - Filling up the DagBag from /home/airflow/.local/lib/python3.8/site-packages/airflow/example_dags/example_branch_day_of_week_operator.py
[2024-05-13T15:30:00.785+0000] {processor.py:840} INFO - DAG(s) 'example_weekday_branch_operator' retrieved from /home/airflow/.local/lib/python3.8/site-packages/airflow/example_dags/example_branch_day_of_week_operator.py
[2024-05-13T15:30:00.808+0000] {logging_mixin.py:188} INFO - [2024-05-13T15:30:00.807+0000] {dag.py:3047} INFO - Sync 1 DAGs
[2024-05-13T15:30:00.832+0000] {logging_mixin.py:188} INFO - [2024-05-13T15:30:00.831+0000] {dag.py:3834} INFO - Setting next_dagrun for example_weekday_branch_operator to 2024-05-12 00:00:00+00:00, run_after=2024-05-13 00:00:00+00:00
[2024-05-13T15:30:00.854+0000] {processor.py:183} INFO - Processing /home/airflow/.local/lib/python3.8/site-packages/airflow/example_dags/example_branch_day_of_week_operator.py took 0.083 seconds
[2024-05-13T15:30:31.828+0000] {processor.py:161} INFO - Started process (PID=2124) to work on /home/airflow/.local/lib/python3.8/site-packages/airflow/example_dags/example_branch_day_of_week_operator.py
[2024-05-13T15:30:31.829+0000] {processor.py:830} INFO - Processing file /home/airflow/.local/lib/python3.8/site-packages/airflow/example_dags/example_branch_day_of_week_operator.py for tasks to queue
[2024-05-13T15:30:31.831+0000] {logging_mixin.py:188} INFO - [2024-05-13T15:30:31.830+0000] {dagbag.py:540} INFO - Filling up the DagBag from /home/airflow/.local/lib/python3.8/site-packages/airflow/example_dags/example_branch_day_of_week_operator.py
[2024-05-13T15:30:31.837+0000] {processor.py:840} INFO - DAG(s) 'example_weekday_branch_operator' retrieved from /home/airflow/.local/lib/python3.8/site-packages/airflow/example_dags/example_branch_day_of_week_operator.py
[2024-05-13T15:30:31.855+0000] {logging_mixin.py:188} INFO - [2024-05-13T15:30:31.855+0000] {dag.py:3047} INFO - Sync 1 DAGs
[2024-05-13T15:30:31.874+0000] {logging_mixin.py:188} INFO - [2024-05-13T15:30:31.874+0000] {dag.py:3834} INFO - Setting next_dagrun for example_weekday_branch_operator to 2024-05-12 00:00:00+00:00, run_after=2024-05-13 00:00:00+00:00
[2024-05-13T15:30:31.891+0000] {processor.py:183} INFO - Processing /home/airflow/.local/lib/python3.8/site-packages/airflow/example_dags/example_branch_day_of_week_operator.py took 0.066 seconds
[2024-05-13T15:31:01.959+0000] {processor.py:161} INFO - Started process (PID=2191) to work on /home/airflow/.local/lib/python3.8/site-packages/airflow/example_dags/example_branch_day_of_week_operator.py
[2024-05-13T15:31:01.960+0000] {processor.py:830} INFO - Processing file /home/airflow/.local/lib/python3.8/site-packages/airflow/example_dags/example_branch_day_of_week_operator.py for tasks to queue
[2024-05-13T15:31:01.962+0000] {logging_mixin.py:188} INFO - [2024-05-13T15:31:01.962+0000] {dagbag.py:540} INFO - Filling up the DagBag from /home/airflow/.local/lib/python3.8/site-packages/airflow/example_dags/example_branch_day_of_week_operator.py
[2024-05-13T15:31:01.969+0000] {processor.py:840} INFO - DAG(s) 'example_weekday_branch_operator' retrieved from /home/airflow/.local/lib/python3.8/site-packages/airflow/example_dags/example_branch_day_of_week_operator.py
[2024-05-13T15:31:01.989+0000] {logging_mixin.py:188} INFO - [2024-05-13T15:31:01.988+0000] {dag.py:3047} INFO - Sync 1 DAGs
[2024-05-13T15:31:02.010+0000] {logging_mixin.py:188} INFO - [2024-05-13T15:31:02.009+0000] {dag.py:3834} INFO - Setting next_dagrun for example_weekday_branch_operator to 2024-05-12 00:00:00+00:00, run_after=2024-05-13 00:00:00+00:00
[2024-05-13T15:31:02.028+0000] {processor.py:183} INFO - Processing /home/airflow/.local/lib/python3.8/site-packages/airflow/example_dags/example_branch_day_of_week_operator.py took 0.072 seconds
[2024-05-13T15:31:32.180+0000] {processor.py:161} INFO - Started process (PID=2259) to work on /home/airflow/.local/lib/python3.8/site-packages/airflow/example_dags/example_branch_day_of_week_operator.py
[2024-05-13T15:31:32.181+0000] {processor.py:830} INFO - Processing file /home/airflow/.local/lib/python3.8/site-packages/airflow/example_dags/example_branch_day_of_week_operator.py for tasks to queue
[2024-05-13T15:31:32.183+0000] {logging_mixin.py:188} INFO - [2024-05-13T15:31:32.182+0000] {dagbag.py:540} INFO - Filling up the DagBag from /home/airflow/.local/lib/python3.8/site-packages/airflow/example_dags/example_branch_day_of_week_operator.py
[2024-05-13T15:31:32.189+0000] {processor.py:840} INFO - DAG(s) 'example_weekday_branch_operator' retrieved from /home/airflow/.local/lib/python3.8/site-packages/airflow/example_dags/example_branch_day_of_week_operator.py
[2024-05-13T15:31:32.208+0000] {logging_mixin.py:188} INFO - [2024-05-13T15:31:32.208+0000] {dag.py:3047} INFO - Sync 1 DAGs
[2024-05-13T15:31:32.231+0000] {logging_mixin.py:188} INFO - [2024-05-13T15:31:32.231+0000] {dag.py:3834} INFO - Setting next_dagrun for example_weekday_branch_operator to 2024-05-12 00:00:00+00:00, run_after=2024-05-13 00:00:00+00:00
[2024-05-13T15:31:32.248+0000] {processor.py:183} INFO - Processing /home/airflow/.local/lib/python3.8/site-packages/airflow/example_dags/example_branch_day_of_week_operator.py took 0.071 seconds
[2024-05-13T15:32:02.614+0000] {processor.py:161} INFO - Started process (PID=2328) to work on /home/airflow/.local/lib/python3.8/site-packages/airflow/example_dags/example_branch_day_of_week_operator.py
[2024-05-13T15:32:02.615+0000] {processor.py:830} INFO - Processing file /home/airflow/.local/lib/python3.8/site-packages/airflow/example_dags/example_branch_day_of_week_operator.py for tasks to queue
[2024-05-13T15:32:02.617+0000] {logging_mixin.py:188} INFO - [2024-05-13T15:32:02.617+0000] {dagbag.py:540} INFO - Filling up the DagBag from /home/airflow/.local/lib/python3.8/site-packages/airflow/example_dags/example_branch_day_of_week_operator.py
[2024-05-13T15:32:02.625+0000] {processor.py:840} INFO - DAG(s) 'example_weekday_branch_operator' retrieved from /home/airflow/.local/lib/python3.8/site-packages/airflow/example_dags/example_branch_day_of_week_operator.py
[2024-05-13T15:32:02.645+0000] {logging_mixin.py:188} INFO - [2024-05-13T15:32:02.644+0000] {dag.py:3047} INFO - Sync 1 DAGs
[2024-05-13T15:32:02.667+0000] {logging_mixin.py:188} INFO - [2024-05-13T15:32:02.666+0000] {dag.py:3834} INFO - Setting next_dagrun for example_weekday_branch_operator to 2024-05-12 00:00:00+00:00, run_after=2024-05-13 00:00:00+00:00
[2024-05-13T15:32:02.682+0000] {processor.py:183} INFO - Processing /home/airflow/.local/lib/python3.8/site-packages/airflow/example_dags/example_branch_day_of_week_operator.py took 0.071 seconds
[2024-05-13T15:32:33.199+0000] {processor.py:161} INFO - Started process (PID=2396) to work on /home/airflow/.local/lib/python3.8/site-packages/airflow/example_dags/example_branch_day_of_week_operator.py
[2024-05-13T15:32:33.200+0000] {processor.py:830} INFO - Processing file /home/airflow/.local/lib/python3.8/site-packages/airflow/example_dags/example_branch_day_of_week_operator.py for tasks to queue
[2024-05-13T15:32:33.202+0000] {logging_mixin.py:188} INFO - [2024-05-13T15:32:33.202+0000] {dagbag.py:540} INFO - Filling up the DagBag from /home/airflow/.local/lib/python3.8/site-packages/airflow/example_dags/example_branch_day_of_week_operator.py
[2024-05-13T15:32:33.210+0000] {processor.py:840} INFO - DAG(s) 'example_weekday_branch_operator' retrieved from /home/airflow/.local/lib/python3.8/site-packages/airflow/example_dags/example_branch_day_of_week_operator.py
[2024-05-13T15:32:33.231+0000] {logging_mixin.py:188} INFO - [2024-05-13T15:32:33.231+0000] {dag.py:3047} INFO - Sync 1 DAGs
[2024-05-13T15:32:33.253+0000] {logging_mixin.py:188} INFO - [2024-05-13T15:32:33.253+0000] {dag.py:3834} INFO - Setting next_dagrun for example_weekday_branch_operator to 2024-05-12 00:00:00+00:00, run_after=2024-05-13 00:00:00+00:00
[2024-05-13T15:32:33.276+0000] {processor.py:183} INFO - Processing /home/airflow/.local/lib/python3.8/site-packages/airflow/example_dags/example_branch_day_of_week_operator.py took 0.079 seconds
[2024-05-13T15:33:03.420+0000] {processor.py:161} INFO - Started process (PID=2463) to work on /home/airflow/.local/lib/python3.8/site-packages/airflow/example_dags/example_branch_day_of_week_operator.py
[2024-05-13T15:33:03.421+0000] {processor.py:830} INFO - Processing file /home/airflow/.local/lib/python3.8/site-packages/airflow/example_dags/example_branch_day_of_week_operator.py for tasks to queue
[2024-05-13T15:33:03.423+0000] {logging_mixin.py:188} INFO - [2024-05-13T15:33:03.423+0000] {dagbag.py:540} INFO - Filling up the DagBag from /home/airflow/.local/lib/python3.8/site-packages/airflow/example_dags/example_branch_day_of_week_operator.py
[2024-05-13T15:33:03.434+0000] {processor.py:840} INFO - DAG(s) 'example_weekday_branch_operator' retrieved from /home/airflow/.local/lib/python3.8/site-packages/airflow/example_dags/example_branch_day_of_week_operator.py
[2024-05-13T15:33:03.456+0000] {logging_mixin.py:188} INFO - [2024-05-13T15:33:03.456+0000] {dag.py:3047} INFO - Sync 1 DAGs
[2024-05-13T15:33:03.480+0000] {logging_mixin.py:188} INFO - [2024-05-13T15:33:03.480+0000] {dag.py:3834} INFO - Setting next_dagrun for example_weekday_branch_operator to 2024-05-12 00:00:00+00:00, run_after=2024-05-13 00:00:00+00:00
[2024-05-13T15:33:03.503+0000] {processor.py:183} INFO - Processing /home/airflow/.local/lib/python3.8/site-packages/airflow/example_dags/example_branch_day_of_week_operator.py took 0.086 seconds
[2024-05-13T15:33:33.849+0000] {processor.py:161} INFO - Started process (PID=2531) to work on /home/airflow/.local/lib/python3.8/site-packages/airflow/example_dags/example_branch_day_of_week_operator.py
[2024-05-13T15:33:33.850+0000] {processor.py:830} INFO - Processing file /home/airflow/.local/lib/python3.8/site-packages/airflow/example_dags/example_branch_day_of_week_operator.py for tasks to queue
[2024-05-13T15:33:33.851+0000] {logging_mixin.py:188} INFO - [2024-05-13T15:33:33.851+0000] {dagbag.py:540} INFO - Filling up the DagBag from /home/airflow/.local/lib/python3.8/site-packages/airflow/example_dags/example_branch_day_of_week_operator.py
[2024-05-13T15:33:33.859+0000] {processor.py:840} INFO - DAG(s) 'example_weekday_branch_operator' retrieved from /home/airflow/.local/lib/python3.8/site-packages/airflow/example_dags/example_branch_day_of_week_operator.py
[2024-05-13T15:33:33.883+0000] {logging_mixin.py:188} INFO - [2024-05-13T15:33:33.883+0000] {dag.py:3047} INFO - Sync 1 DAGs
[2024-05-13T15:33:33.912+0000] {logging_mixin.py:188} INFO - [2024-05-13T15:33:33.912+0000] {dag.py:3834} INFO - Setting next_dagrun for example_weekday_branch_operator to 2024-05-12 00:00:00+00:00, run_after=2024-05-13 00:00:00+00:00
[2024-05-13T15:33:33.938+0000] {processor.py:183} INFO - Processing /home/airflow/.local/lib/python3.8/site-packages/airflow/example_dags/example_branch_day_of_week_operator.py took 0.092 seconds
[2024-05-13T15:34:04.149+0000] {processor.py:161} INFO - Started process (PID=2599) to work on /home/airflow/.local/lib/python3.8/site-packages/airflow/example_dags/example_branch_day_of_week_operator.py
[2024-05-13T15:34:04.150+0000] {processor.py:830} INFO - Processing file /home/airflow/.local/lib/python3.8/site-packages/airflow/example_dags/example_branch_day_of_week_operator.py for tasks to queue
[2024-05-13T15:34:04.152+0000] {logging_mixin.py:188} INFO - [2024-05-13T15:34:04.152+0000] {dagbag.py:540} INFO - Filling up the DagBag from /home/airflow/.local/lib/python3.8/site-packages/airflow/example_dags/example_branch_day_of_week_operator.py
[2024-05-13T15:34:04.159+0000] {processor.py:840} INFO - DAG(s) 'example_weekday_branch_operator' retrieved from /home/airflow/.local/lib/python3.8/site-packages/airflow/example_dags/example_branch_day_of_week_operator.py
[2024-05-13T15:34:04.180+0000] {logging_mixin.py:188} INFO - [2024-05-13T15:34:04.180+0000] {dag.py:3047} INFO - Sync 1 DAGs
[2024-05-13T15:34:04.200+0000] {logging_mixin.py:188} INFO - [2024-05-13T15:34:04.200+0000] {dag.py:3834} INFO - Setting next_dagrun for example_weekday_branch_operator to 2024-05-12 00:00:00+00:00, run_after=2024-05-13 00:00:00+00:00
[2024-05-13T15:34:04.219+0000] {processor.py:183} INFO - Processing /home/airflow/.local/lib/python3.8/site-packages/airflow/example_dags/example_branch_day_of_week_operator.py took 0.073 seconds
[2024-05-13T15:34:34.749+0000] {processor.py:161} INFO - Started process (PID=2668) to work on /home/airflow/.local/lib/python3.8/site-packages/airflow/example_dags/example_branch_day_of_week_operator.py
[2024-05-13T15:34:34.750+0000] {processor.py:830} INFO - Processing file /home/airflow/.local/lib/python3.8/site-packages/airflow/example_dags/example_branch_day_of_week_operator.py for tasks to queue
[2024-05-13T15:34:34.752+0000] {logging_mixin.py:188} INFO - [2024-05-13T15:34:34.751+0000] {dagbag.py:540} INFO - Filling up the DagBag from /home/airflow/.local/lib/python3.8/site-packages/airflow/example_dags/example_branch_day_of_week_operator.py
[2024-05-13T15:34:34.761+0000] {processor.py:840} INFO - DAG(s) 'example_weekday_branch_operator' retrieved from /home/airflow/.local/lib/python3.8/site-packages/airflow/example_dags/example_branch_day_of_week_operator.py
[2024-05-13T15:34:34.781+0000] {logging_mixin.py:188} INFO - [2024-05-13T15:34:34.781+0000] {dag.py:3047} INFO - Sync 1 DAGs
[2024-05-13T15:34:34.804+0000] {logging_mixin.py:188} INFO - [2024-05-13T15:34:34.804+0000] {dag.py:3834} INFO - Setting next_dagrun for example_weekday_branch_operator to 2024-05-12 00:00:00+00:00, run_after=2024-05-13 00:00:00+00:00
[2024-05-13T15:34:34.830+0000] {processor.py:183} INFO - Processing /home/airflow/.local/lib/python3.8/site-packages/airflow/example_dags/example_branch_day_of_week_operator.py took 0.084 seconds
[2024-05-13T15:35:05.145+0000] {processor.py:161} INFO - Started process (PID=2724) to work on /home/airflow/.local/lib/python3.8/site-packages/airflow/example_dags/example_branch_day_of_week_operator.py
[2024-05-13T15:35:05.146+0000] {processor.py:830} INFO - Processing file /home/airflow/.local/lib/python3.8/site-packages/airflow/example_dags/example_branch_day_of_week_operator.py for tasks to queue
[2024-05-13T15:35:05.148+0000] {logging_mixin.py:188} INFO - [2024-05-13T15:35:05.147+0000] {dagbag.py:540} INFO - Filling up the DagBag from /home/airflow/.local/lib/python3.8/site-packages/airflow/example_dags/example_branch_day_of_week_operator.py
[2024-05-13T15:35:05.154+0000] {processor.py:840} INFO - DAG(s) 'example_weekday_branch_operator' retrieved from /home/airflow/.local/lib/python3.8/site-packages/airflow/example_dags/example_branch_day_of_week_operator.py
[2024-05-13T15:35:05.174+0000] {logging_mixin.py:188} INFO - [2024-05-13T15:35:05.173+0000] {dag.py:3047} INFO - Sync 1 DAGs
[2024-05-13T15:35:05.199+0000] {logging_mixin.py:188} INFO - [2024-05-13T15:35:05.199+0000] {dag.py:3834} INFO - Setting next_dagrun for example_weekday_branch_operator to 2024-05-12 00:00:00+00:00, run_after=2024-05-13 00:00:00+00:00
[2024-05-13T15:35:05.260+0000] {processor.py:183} INFO - Processing /home/airflow/.local/lib/python3.8/site-packages/airflow/example_dags/example_branch_day_of_week_operator.py took 0.118 seconds
[2024-05-13T15:35:35.602+0000] {processor.py:161} INFO - Started process (PID=2791) to work on /home/airflow/.local/lib/python3.8/site-packages/airflow/example_dags/example_branch_day_of_week_operator.py
[2024-05-13T15:35:35.603+0000] {processor.py:830} INFO - Processing file /home/airflow/.local/lib/python3.8/site-packages/airflow/example_dags/example_branch_day_of_week_operator.py for tasks to queue
[2024-05-13T15:35:35.604+0000] {logging_mixin.py:188} INFO - [2024-05-13T15:35:35.604+0000] {dagbag.py:540} INFO - Filling up the DagBag from /home/airflow/.local/lib/python3.8/site-packages/airflow/example_dags/example_branch_day_of_week_operator.py
[2024-05-13T15:35:35.611+0000] {processor.py:840} INFO - DAG(s) 'example_weekday_branch_operator' retrieved from /home/airflow/.local/lib/python3.8/site-packages/airflow/example_dags/example_branch_day_of_week_operator.py
[2024-05-13T15:35:35.631+0000] {logging_mixin.py:188} INFO - [2024-05-13T15:35:35.631+0000] {dag.py:3047} INFO - Sync 1 DAGs
[2024-05-13T15:35:35.652+0000] {logging_mixin.py:188} INFO - [2024-05-13T15:35:35.652+0000] {dag.py:3834} INFO - Setting next_dagrun for example_weekday_branch_operator to 2024-05-12 00:00:00+00:00, run_after=2024-05-13 00:00:00+00:00
[2024-05-13T15:35:35.670+0000] {processor.py:183} INFO - Processing /home/airflow/.local/lib/python3.8/site-packages/airflow/example_dags/example_branch_day_of_week_operator.py took 0.072 seconds
[2024-05-13T15:36:06.135+0000] {processor.py:161} INFO - Started process (PID=2859) to work on /home/airflow/.local/lib/python3.8/site-packages/airflow/example_dags/example_branch_day_of_week_operator.py
[2024-05-13T15:36:06.136+0000] {processor.py:830} INFO - Processing file /home/airflow/.local/lib/python3.8/site-packages/airflow/example_dags/example_branch_day_of_week_operator.py for tasks to queue
[2024-05-13T15:36:06.138+0000] {logging_mixin.py:188} INFO - [2024-05-13T15:36:06.138+0000] {dagbag.py:540} INFO - Filling up the DagBag from /home/airflow/.local/lib/python3.8/site-packages/airflow/example_dags/example_branch_day_of_week_operator.py
[2024-05-13T15:36:06.149+0000] {processor.py:840} INFO - DAG(s) 'example_weekday_branch_operator' retrieved from /home/airflow/.local/lib/python3.8/site-packages/airflow/example_dags/example_branch_day_of_week_operator.py
[2024-05-13T15:36:06.176+0000] {logging_mixin.py:188} INFO - [2024-05-13T15:36:06.176+0000] {dag.py:3047} INFO - Sync 1 DAGs
[2024-05-13T15:36:06.201+0000] {logging_mixin.py:188} INFO - [2024-05-13T15:36:06.201+0000] {dag.py:3834} INFO - Setting next_dagrun for example_weekday_branch_operator to 2024-05-12 00:00:00+00:00, run_after=2024-05-13 00:00:00+00:00
[2024-05-13T15:36:06.237+0000] {processor.py:183} INFO - Processing /home/airflow/.local/lib/python3.8/site-packages/airflow/example_dags/example_branch_day_of_week_operator.py took 0.106 seconds
[2024-05-13T15:36:36.558+0000] {processor.py:161} INFO - Started process (PID=2927) to work on /home/airflow/.local/lib/python3.8/site-packages/airflow/example_dags/example_branch_day_of_week_operator.py
[2024-05-13T15:36:36.559+0000] {processor.py:830} INFO - Processing file /home/airflow/.local/lib/python3.8/site-packages/airflow/example_dags/example_branch_day_of_week_operator.py for tasks to queue
[2024-05-13T15:36:36.560+0000] {logging_mixin.py:188} INFO - [2024-05-13T15:36:36.560+0000] {dagbag.py:540} INFO - Filling up the DagBag from /home/airflow/.local/lib/python3.8/site-packages/airflow/example_dags/example_branch_day_of_week_operator.py
[2024-05-13T15:36:36.567+0000] {processor.py:840} INFO - DAG(s) 'example_weekday_branch_operator' retrieved from /home/airflow/.local/lib/python3.8/site-packages/airflow/example_dags/example_branch_day_of_week_operator.py
[2024-05-13T15:36:36.588+0000] {logging_mixin.py:188} INFO - [2024-05-13T15:36:36.588+0000] {dag.py:3047} INFO - Sync 1 DAGs
[2024-05-13T15:36:36.608+0000] {logging_mixin.py:188} INFO - [2024-05-13T15:36:36.608+0000] {dag.py:3834} INFO - Setting next_dagrun for example_weekday_branch_operator to 2024-05-12 00:00:00+00:00, run_after=2024-05-13 00:00:00+00:00
[2024-05-13T15:36:36.626+0000] {processor.py:183} INFO - Processing /home/airflow/.local/lib/python3.8/site-packages/airflow/example_dags/example_branch_day_of_week_operator.py took 0.071 seconds
[2024-05-13T15:37:06.761+0000] {processor.py:161} INFO - Started process (PID=2995) to work on /home/airflow/.local/lib/python3.8/site-packages/airflow/example_dags/example_branch_day_of_week_operator.py
[2024-05-13T15:37:06.762+0000] {processor.py:830} INFO - Processing file /home/airflow/.local/lib/python3.8/site-packages/airflow/example_dags/example_branch_day_of_week_operator.py for tasks to queue
[2024-05-13T15:37:06.764+0000] {logging_mixin.py:188} INFO - [2024-05-13T15:37:06.764+0000] {dagbag.py:540} INFO - Filling up the DagBag from /home/airflow/.local/lib/python3.8/site-packages/airflow/example_dags/example_branch_day_of_week_operator.py
[2024-05-13T15:37:06.771+0000] {processor.py:840} INFO - DAG(s) 'example_weekday_branch_operator' retrieved from /home/airflow/.local/lib/python3.8/site-packages/airflow/example_dags/example_branch_day_of_week_operator.py
[2024-05-13T15:37:06.792+0000] {logging_mixin.py:188} INFO - [2024-05-13T15:37:06.792+0000] {dag.py:3047} INFO - Sync 1 DAGs
[2024-05-13T15:37:06.812+0000] {logging_mixin.py:188} INFO - [2024-05-13T15:37:06.812+0000] {dag.py:3834} INFO - Setting next_dagrun for example_weekday_branch_operator to 2024-05-12 00:00:00+00:00, run_after=2024-05-13 00:00:00+00:00
[2024-05-13T15:37:06.830+0000] {processor.py:183} INFO - Processing /home/airflow/.local/lib/python3.8/site-packages/airflow/example_dags/example_branch_day_of_week_operator.py took 0.071 seconds
[2024-05-13T15:37:37.047+0000] {processor.py:161} INFO - Started process (PID=3063) to work on /home/airflow/.local/lib/python3.8/site-packages/airflow/example_dags/example_branch_day_of_week_operator.py
[2024-05-13T15:37:37.049+0000] {processor.py:830} INFO - Processing file /home/airflow/.local/lib/python3.8/site-packages/airflow/example_dags/example_branch_day_of_week_operator.py for tasks to queue
[2024-05-13T15:37:37.050+0000] {logging_mixin.py:188} INFO - [2024-05-13T15:37:37.050+0000] {dagbag.py:540} INFO - Filling up the DagBag from /home/airflow/.local/lib/python3.8/site-packages/airflow/example_dags/example_branch_day_of_week_operator.py
[2024-05-13T15:37:37.057+0000] {processor.py:840} INFO - DAG(s) 'example_weekday_branch_operator' retrieved from /home/airflow/.local/lib/python3.8/site-packages/airflow/example_dags/example_branch_day_of_week_operator.py
[2024-05-13T15:37:37.081+0000] {logging_mixin.py:188} INFO - [2024-05-13T15:37:37.080+0000] {dag.py:3047} INFO - Sync 1 DAGs
[2024-05-13T15:37:37.100+0000] {logging_mixin.py:188} INFO - [2024-05-13T15:37:37.100+0000] {dag.py:3834} INFO - Setting next_dagrun for example_weekday_branch_operator to 2024-05-12 00:00:00+00:00, run_after=2024-05-13 00:00:00+00:00
[2024-05-13T15:37:37.124+0000] {processor.py:183} INFO - Processing /home/airflow/.local/lib/python3.8/site-packages/airflow/example_dags/example_branch_day_of_week_operator.py took 0.080 seconds
[2024-05-13T15:38:07.631+0000] {processor.py:161} INFO - Started process (PID=3131) to work on /home/airflow/.local/lib/python3.8/site-packages/airflow/example_dags/example_branch_day_of_week_operator.py
[2024-05-13T15:38:07.633+0000] {processor.py:830} INFO - Processing file /home/airflow/.local/lib/python3.8/site-packages/airflow/example_dags/example_branch_day_of_week_operator.py for tasks to queue
[2024-05-13T15:38:07.635+0000] {logging_mixin.py:188} INFO - [2024-05-13T15:38:07.634+0000] {dagbag.py:540} INFO - Filling up the DagBag from /home/airflow/.local/lib/python3.8/site-packages/airflow/example_dags/example_branch_day_of_week_operator.py
[2024-05-13T15:38:07.644+0000] {processor.py:840} INFO - DAG(s) 'example_weekday_branch_operator' retrieved from /home/airflow/.local/lib/python3.8/site-packages/airflow/example_dags/example_branch_day_of_week_operator.py
[2024-05-13T15:38:07.667+0000] {logging_mixin.py:188} INFO - [2024-05-13T15:38:07.666+0000] {dag.py:3047} INFO - Sync 1 DAGs
[2024-05-13T15:38:07.693+0000] {logging_mixin.py:188} INFO - [2024-05-13T15:38:07.693+0000] {dag.py:3834} INFO - Setting next_dagrun for example_weekday_branch_operator to 2024-05-12 00:00:00+00:00, run_after=2024-05-13 00:00:00+00:00
[2024-05-13T15:38:07.717+0000] {processor.py:183} INFO - Processing /home/airflow/.local/lib/python3.8/site-packages/airflow/example_dags/example_branch_day_of_week_operator.py took 0.089 seconds
[2024-05-13T15:38:38.123+0000] {processor.py:161} INFO - Started process (PID=3199) to work on /home/airflow/.local/lib/python3.8/site-packages/airflow/example_dags/example_branch_day_of_week_operator.py
[2024-05-13T15:38:38.124+0000] {processor.py:830} INFO - Processing file /home/airflow/.local/lib/python3.8/site-packages/airflow/example_dags/example_branch_day_of_week_operator.py for tasks to queue
[2024-05-13T15:38:38.126+0000] {logging_mixin.py:188} INFO - [2024-05-13T15:38:38.125+0000] {dagbag.py:540} INFO - Filling up the DagBag from /home/airflow/.local/lib/python3.8/site-packages/airflow/example_dags/example_branch_day_of_week_operator.py
[2024-05-13T15:38:38.132+0000] {processor.py:840} INFO - DAG(s) 'example_weekday_branch_operator' retrieved from /home/airflow/.local/lib/python3.8/site-packages/airflow/example_dags/example_branch_day_of_week_operator.py
[2024-05-13T15:38:38.155+0000] {logging_mixin.py:188} INFO - [2024-05-13T15:38:38.155+0000] {dag.py:3047} INFO - Sync 1 DAGs
[2024-05-13T15:38:38.179+0000] {logging_mixin.py:188} INFO - [2024-05-13T15:38:38.179+0000] {dag.py:3834} INFO - Setting next_dagrun for example_weekday_branch_operator to 2024-05-12 00:00:00+00:00, run_after=2024-05-13 00:00:00+00:00
[2024-05-13T15:38:38.328+0000] {processor.py:183} INFO - Processing /home/airflow/.local/lib/python3.8/site-packages/airflow/example_dags/example_branch_day_of_week_operator.py took 0.208 seconds
[2024-05-13T15:39:08.687+0000] {processor.py:161} INFO - Started process (PID=3267) to work on /home/airflow/.local/lib/python3.8/site-packages/airflow/example_dags/example_branch_day_of_week_operator.py
[2024-05-13T15:39:08.689+0000] {processor.py:830} INFO - Processing file /home/airflow/.local/lib/python3.8/site-packages/airflow/example_dags/example_branch_day_of_week_operator.py for tasks to queue
[2024-05-13T15:39:08.696+0000] {logging_mixin.py:188} INFO - [2024-05-13T15:39:08.694+0000] {dagbag.py:540} INFO - Filling up the DagBag from /home/airflow/.local/lib/python3.8/site-packages/airflow/example_dags/example_branch_day_of_week_operator.py
[2024-05-13T15:39:08.708+0000] {processor.py:840} INFO - DAG(s) 'example_weekday_branch_operator' retrieved from /home/airflow/.local/lib/python3.8/site-packages/airflow/example_dags/example_branch_day_of_week_operator.py
[2024-05-13T15:39:08.738+0000] {logging_mixin.py:188} INFO - [2024-05-13T15:39:08.737+0000] {dag.py:3047} INFO - Sync 1 DAGs
[2024-05-13T15:39:08.763+0000] {logging_mixin.py:188} INFO - [2024-05-13T15:39:08.763+0000] {dag.py:3834} INFO - Setting next_dagrun for example_weekday_branch_operator to 2024-05-12 00:00:00+00:00, run_after=2024-05-13 00:00:00+00:00
[2024-05-13T15:39:08.924+0000] {processor.py:183} INFO - Processing /home/airflow/.local/lib/python3.8/site-packages/airflow/example_dags/example_branch_day_of_week_operator.py took 0.242 seconds
[2024-05-13T15:39:39.107+0000] {processor.py:161} INFO - Started process (PID=3335) to work on /home/airflow/.local/lib/python3.8/site-packages/airflow/example_dags/example_branch_day_of_week_operator.py
[2024-05-13T15:39:39.108+0000] {processor.py:830} INFO - Processing file /home/airflow/.local/lib/python3.8/site-packages/airflow/example_dags/example_branch_day_of_week_operator.py for tasks to queue
[2024-05-13T15:39:39.111+0000] {logging_mixin.py:188} INFO - [2024-05-13T15:39:39.110+0000] {dagbag.py:540} INFO - Filling up the DagBag from /home/airflow/.local/lib/python3.8/site-packages/airflow/example_dags/example_branch_day_of_week_operator.py
[2024-05-13T15:39:39.120+0000] {processor.py:840} INFO - DAG(s) 'example_weekday_branch_operator' retrieved from /home/airflow/.local/lib/python3.8/site-packages/airflow/example_dags/example_branch_day_of_week_operator.py
[2024-05-13T15:39:39.144+0000] {logging_mixin.py:188} INFO - [2024-05-13T15:39:39.144+0000] {dag.py:3047} INFO - Sync 1 DAGs
[2024-05-13T15:39:39.171+0000] {logging_mixin.py:188} INFO - [2024-05-13T15:39:39.170+0000] {dag.py:3834} INFO - Setting next_dagrun for example_weekday_branch_operator to 2024-05-12 00:00:00+00:00, run_after=2024-05-13 00:00:00+00:00
[2024-05-13T15:39:39.192+0000] {processor.py:183} INFO - Processing /home/airflow/.local/lib/python3.8/site-packages/airflow/example_dags/example_branch_day_of_week_operator.py took 0.089 seconds
[2024-05-13T15:40:09.334+0000] {processor.py:161} INFO - Started process (PID=3401) to work on /home/airflow/.local/lib/python3.8/site-packages/airflow/example_dags/example_branch_day_of_week_operator.py
[2024-05-13T15:40:09.335+0000] {processor.py:830} INFO - Processing file /home/airflow/.local/lib/python3.8/site-packages/airflow/example_dags/example_branch_day_of_week_operator.py for tasks to queue
[2024-05-13T15:40:09.338+0000] {logging_mixin.py:188} INFO - [2024-05-13T15:40:09.337+0000] {dagbag.py:540} INFO - Filling up the DagBag from /home/airflow/.local/lib/python3.8/site-packages/airflow/example_dags/example_branch_day_of_week_operator.py
[2024-05-13T15:40:09.345+0000] {processor.py:840} INFO - DAG(s) 'example_weekday_branch_operator' retrieved from /home/airflow/.local/lib/python3.8/site-packages/airflow/example_dags/example_branch_day_of_week_operator.py
[2024-05-13T15:40:09.364+0000] {logging_mixin.py:188} INFO - [2024-05-13T15:40:09.363+0000] {dag.py:3047} INFO - Sync 1 DAGs
[2024-05-13T15:40:09.384+0000] {logging_mixin.py:188} INFO - [2024-05-13T15:40:09.383+0000] {dag.py:3834} INFO - Setting next_dagrun for example_weekday_branch_operator to 2024-05-12 00:00:00+00:00, run_after=2024-05-13 00:00:00+00:00
[2024-05-13T15:40:09.404+0000] {processor.py:183} INFO - Processing /home/airflow/.local/lib/python3.8/site-packages/airflow/example_dags/example_branch_day_of_week_operator.py took 0.072 seconds
[2024-05-13T15:40:39.584+0000] {processor.py:161} INFO - Started process (PID=3469) to work on /home/airflow/.local/lib/python3.8/site-packages/airflow/example_dags/example_branch_day_of_week_operator.py
[2024-05-13T15:40:39.586+0000] {processor.py:830} INFO - Processing file /home/airflow/.local/lib/python3.8/site-packages/airflow/example_dags/example_branch_day_of_week_operator.py for tasks to queue
[2024-05-13T15:40:39.588+0000] {logging_mixin.py:188} INFO - [2024-05-13T15:40:39.587+0000] {dagbag.py:540} INFO - Filling up the DagBag from /home/airflow/.local/lib/python3.8/site-packages/airflow/example_dags/example_branch_day_of_week_operator.py
[2024-05-13T15:40:39.595+0000] {processor.py:840} INFO - DAG(s) 'example_weekday_branch_operator' retrieved from /home/airflow/.local/lib/python3.8/site-packages/airflow/example_dags/example_branch_day_of_week_operator.py
[2024-05-13T15:40:39.615+0000] {logging_mixin.py:188} INFO - [2024-05-13T15:40:39.614+0000] {dag.py:3047} INFO - Sync 1 DAGs
[2024-05-13T15:40:39.637+0000] {logging_mixin.py:188} INFO - [2024-05-13T15:40:39.636+0000] {dag.py:3834} INFO - Setting next_dagrun for example_weekday_branch_operator to 2024-05-12 00:00:00+00:00, run_after=2024-05-13 00:00:00+00:00
[2024-05-13T15:40:39.658+0000] {processor.py:183} INFO - Processing /home/airflow/.local/lib/python3.8/site-packages/airflow/example_dags/example_branch_day_of_week_operator.py took 0.077 seconds
[2024-05-13T15:41:09.734+0000] {processor.py:161} INFO - Started process (PID=3537) to work on /home/airflow/.local/lib/python3.8/site-packages/airflow/example_dags/example_branch_day_of_week_operator.py
[2024-05-13T15:41:09.735+0000] {processor.py:830} INFO - Processing file /home/airflow/.local/lib/python3.8/site-packages/airflow/example_dags/example_branch_day_of_week_operator.py for tasks to queue
[2024-05-13T15:41:09.737+0000] {logging_mixin.py:188} INFO - [2024-05-13T15:41:09.737+0000] {dagbag.py:540} INFO - Filling up the DagBag from /home/airflow/.local/lib/python3.8/site-packages/airflow/example_dags/example_branch_day_of_week_operator.py
[2024-05-13T15:41:09.744+0000] {processor.py:840} INFO - DAG(s) 'example_weekday_branch_operator' retrieved from /home/airflow/.local/lib/python3.8/site-packages/airflow/example_dags/example_branch_day_of_week_operator.py
[2024-05-13T15:41:09.763+0000] {logging_mixin.py:188} INFO - [2024-05-13T15:41:09.763+0000] {dag.py:3047} INFO - Sync 1 DAGs
[2024-05-13T15:41:09.783+0000] {logging_mixin.py:188} INFO - [2024-05-13T15:41:09.783+0000] {dag.py:3834} INFO - Setting next_dagrun for example_weekday_branch_operator to 2024-05-12 00:00:00+00:00, run_after=2024-05-13 00:00:00+00:00
[2024-05-13T15:41:09.805+0000] {processor.py:183} INFO - Processing /home/airflow/.local/lib/python3.8/site-packages/airflow/example_dags/example_branch_day_of_week_operator.py took 0.074 seconds
[2024-05-13T15:41:40.314+0000] {processor.py:161} INFO - Started process (PID=3605) to work on /home/airflow/.local/lib/python3.8/site-packages/airflow/example_dags/example_branch_day_of_week_operator.py
[2024-05-13T15:41:40.315+0000] {processor.py:830} INFO - Processing file /home/airflow/.local/lib/python3.8/site-packages/airflow/example_dags/example_branch_day_of_week_operator.py for tasks to queue
[2024-05-13T15:41:40.318+0000] {logging_mixin.py:188} INFO - [2024-05-13T15:41:40.317+0000] {dagbag.py:540} INFO - Filling up the DagBag from /home/airflow/.local/lib/python3.8/site-packages/airflow/example_dags/example_branch_day_of_week_operator.py
[2024-05-13T15:41:40.325+0000] {processor.py:840} INFO - DAG(s) 'example_weekday_branch_operator' retrieved from /home/airflow/.local/lib/python3.8/site-packages/airflow/example_dags/example_branch_day_of_week_operator.py
[2024-05-13T15:41:40.344+0000] {logging_mixin.py:188} INFO - [2024-05-13T15:41:40.344+0000] {dag.py:3047} INFO - Sync 1 DAGs
[2024-05-13T15:41:40.476+0000] {logging_mixin.py:188} INFO - [2024-05-13T15:41:40.476+0000] {dag.py:3834} INFO - Setting next_dagrun for example_weekday_branch_operator to 2024-05-12 00:00:00+00:00, run_after=2024-05-13 00:00:00+00:00
[2024-05-13T15:41:40.496+0000] {processor.py:183} INFO - Processing /home/airflow/.local/lib/python3.8/site-packages/airflow/example_dags/example_branch_day_of_week_operator.py took 0.185 seconds
[2024-05-13T15:42:11.393+0000] {processor.py:161} INFO - Started process (PID=3673) to work on /home/airflow/.local/lib/python3.8/site-packages/airflow/example_dags/example_branch_day_of_week_operator.py
[2024-05-13T15:42:11.394+0000] {processor.py:830} INFO - Processing file /home/airflow/.local/lib/python3.8/site-packages/airflow/example_dags/example_branch_day_of_week_operator.py for tasks to queue
[2024-05-13T15:42:11.397+0000] {logging_mixin.py:188} INFO - [2024-05-13T15:42:11.396+0000] {dagbag.py:540} INFO - Filling up the DagBag from /home/airflow/.local/lib/python3.8/site-packages/airflow/example_dags/example_branch_day_of_week_operator.py
[2024-05-13T15:42:11.404+0000] {processor.py:840} INFO - DAG(s) 'example_weekday_branch_operator' retrieved from /home/airflow/.local/lib/python3.8/site-packages/airflow/example_dags/example_branch_day_of_week_operator.py
[2024-05-13T15:42:11.427+0000] {logging_mixin.py:188} INFO - [2024-05-13T15:42:11.427+0000] {dag.py:3047} INFO - Sync 1 DAGs
[2024-05-13T15:42:11.584+0000] {logging_mixin.py:188} INFO - [2024-05-13T15:42:11.584+0000] {dag.py:3834} INFO - Setting next_dagrun for example_weekday_branch_operator to 2024-05-12 00:00:00+00:00, run_after=2024-05-13 00:00:00+00:00
[2024-05-13T15:42:11.607+0000] {processor.py:183} INFO - Processing /home/airflow/.local/lib/python3.8/site-packages/airflow/example_dags/example_branch_day_of_week_operator.py took 0.218 seconds
[2024-05-13T15:42:42.130+0000] {processor.py:161} INFO - Started process (PID=3741) to work on /home/airflow/.local/lib/python3.8/site-packages/airflow/example_dags/example_branch_day_of_week_operator.py
[2024-05-13T15:42:42.131+0000] {processor.py:830} INFO - Processing file /home/airflow/.local/lib/python3.8/site-packages/airflow/example_dags/example_branch_day_of_week_operator.py for tasks to queue
[2024-05-13T15:42:42.133+0000] {logging_mixin.py:188} INFO - [2024-05-13T15:42:42.133+0000] {dagbag.py:540} INFO - Filling up the DagBag from /home/airflow/.local/lib/python3.8/site-packages/airflow/example_dags/example_branch_day_of_week_operator.py
[2024-05-13T15:42:42.141+0000] {processor.py:840} INFO - DAG(s) 'example_weekday_branch_operator' retrieved from /home/airflow/.local/lib/python3.8/site-packages/airflow/example_dags/example_branch_day_of_week_operator.py
[2024-05-13T15:42:42.161+0000] {logging_mixin.py:188} INFO - [2024-05-13T15:42:42.161+0000] {dag.py:3047} INFO - Sync 1 DAGs
[2024-05-13T15:42:42.186+0000] {logging_mixin.py:188} INFO - [2024-05-13T15:42:42.185+0000] {dag.py:3834} INFO - Setting next_dagrun for example_weekday_branch_operator to 2024-05-12 00:00:00+00:00, run_after=2024-05-13 00:00:00+00:00
[2024-05-13T15:42:42.209+0000] {processor.py:183} INFO - Processing /home/airflow/.local/lib/python3.8/site-packages/airflow/example_dags/example_branch_day_of_week_operator.py took 0.083 seconds
[2024-05-13T15:43:12.326+0000] {processor.py:161} INFO - Started process (PID=3809) to work on /home/airflow/.local/lib/python3.8/site-packages/airflow/example_dags/example_branch_day_of_week_operator.py
[2024-05-13T15:43:12.327+0000] {processor.py:830} INFO - Processing file /home/airflow/.local/lib/python3.8/site-packages/airflow/example_dags/example_branch_day_of_week_operator.py for tasks to queue
[2024-05-13T15:43:12.329+0000] {logging_mixin.py:188} INFO - [2024-05-13T15:43:12.328+0000] {dagbag.py:540} INFO - Filling up the DagBag from /home/airflow/.local/lib/python3.8/site-packages/airflow/example_dags/example_branch_day_of_week_operator.py
[2024-05-13T15:43:12.336+0000] {processor.py:840} INFO - DAG(s) 'example_weekday_branch_operator' retrieved from /home/airflow/.local/lib/python3.8/site-packages/airflow/example_dags/example_branch_day_of_week_operator.py
[2024-05-13T15:43:12.361+0000] {logging_mixin.py:188} INFO - [2024-05-13T15:43:12.360+0000] {dag.py:3047} INFO - Sync 1 DAGs
[2024-05-13T15:43:12.386+0000] {logging_mixin.py:188} INFO - [2024-05-13T15:43:12.386+0000] {dag.py:3834} INFO - Setting next_dagrun for example_weekday_branch_operator to 2024-05-12 00:00:00+00:00, run_after=2024-05-13 00:00:00+00:00
[2024-05-13T15:43:12.409+0000] {processor.py:183} INFO - Processing /home/airflow/.local/lib/python3.8/site-packages/airflow/example_dags/example_branch_day_of_week_operator.py took 0.087 seconds
[2024-05-13T15:43:42.798+0000] {processor.py:161} INFO - Started process (PID=3877) to work on /home/airflow/.local/lib/python3.8/site-packages/airflow/example_dags/example_branch_day_of_week_operator.py
[2024-05-13T15:43:42.799+0000] {processor.py:830} INFO - Processing file /home/airflow/.local/lib/python3.8/site-packages/airflow/example_dags/example_branch_day_of_week_operator.py for tasks to queue
[2024-05-13T15:43:42.801+0000] {logging_mixin.py:188} INFO - [2024-05-13T15:43:42.800+0000] {dagbag.py:540} INFO - Filling up the DagBag from /home/airflow/.local/lib/python3.8/site-packages/airflow/example_dags/example_branch_day_of_week_operator.py
[2024-05-13T15:43:42.811+0000] {processor.py:840} INFO - DAG(s) 'example_weekday_branch_operator' retrieved from /home/airflow/.local/lib/python3.8/site-packages/airflow/example_dags/example_branch_day_of_week_operator.py
[2024-05-13T15:43:42.832+0000] {logging_mixin.py:188} INFO - [2024-05-13T15:43:42.832+0000] {dag.py:3047} INFO - Sync 1 DAGs
[2024-05-13T15:43:42.859+0000] {logging_mixin.py:188} INFO - [2024-05-13T15:43:42.858+0000] {dag.py:3834} INFO - Setting next_dagrun for example_weekday_branch_operator to 2024-05-12 00:00:00+00:00, run_after=2024-05-13 00:00:00+00:00
[2024-05-13T15:43:42.895+0000] {processor.py:183} INFO - Processing /home/airflow/.local/lib/python3.8/site-packages/airflow/example_dags/example_branch_day_of_week_operator.py took 0.100 seconds
[2024-05-13T15:44:13.218+0000] {processor.py:161} INFO - Started process (PID=3945) to work on /home/airflow/.local/lib/python3.8/site-packages/airflow/example_dags/example_branch_day_of_week_operator.py
[2024-05-13T15:44:13.219+0000] {processor.py:830} INFO - Processing file /home/airflow/.local/lib/python3.8/site-packages/airflow/example_dags/example_branch_day_of_week_operator.py for tasks to queue
[2024-05-13T15:44:13.221+0000] {logging_mixin.py:188} INFO - [2024-05-13T15:44:13.221+0000] {dagbag.py:540} INFO - Filling up the DagBag from /home/airflow/.local/lib/python3.8/site-packages/airflow/example_dags/example_branch_day_of_week_operator.py
[2024-05-13T15:44:13.228+0000] {processor.py:840} INFO - DAG(s) 'example_weekday_branch_operator' retrieved from /home/airflow/.local/lib/python3.8/site-packages/airflow/example_dags/example_branch_day_of_week_operator.py
[2024-05-13T15:44:13.248+0000] {logging_mixin.py:188} INFO - [2024-05-13T15:44:13.247+0000] {dag.py:3047} INFO - Sync 1 DAGs
[2024-05-13T15:44:13.267+0000] {logging_mixin.py:188} INFO - [2024-05-13T15:44:13.267+0000] {dag.py:3834} INFO - Setting next_dagrun for example_weekday_branch_operator to 2024-05-12 00:00:00+00:00, run_after=2024-05-13 00:00:00+00:00
[2024-05-13T15:44:13.284+0000] {processor.py:183} INFO - Processing /home/airflow/.local/lib/python3.8/site-packages/airflow/example_dags/example_branch_day_of_week_operator.py took 0.069 seconds
