[2024-05-13T15:15:22.667+0000] {processor.py:161} INFO - Started process (PID=115) to work on /home/airflow/.local/lib/python3.8/site-packages/airflow/example_dags/tutorial.py
[2024-05-13T15:15:22.672+0000] {processor.py:830} INFO - Processing file /home/airflow/.local/lib/python3.8/site-packages/airflow/example_dags/tutorial.py for tasks to queue
[2024-05-13T15:15:22.675+0000] {logging_mixin.py:188} INFO - [2024-05-13T15:15:22.675+0000] {dagbag.py:540} INFO - Filling up the DagBag from /home/airflow/.local/lib/python3.8/site-packages/airflow/example_dags/tutorial.py
[2024-05-13T15:15:22.736+0000] {processor.py:840} INFO - DAG(s) 'tutorial' retrieved from /home/airflow/.local/lib/python3.8/site-packages/airflow/example_dags/tutorial.py
[2024-05-13T15:15:23.099+0000] {logging_mixin.py:188} INFO - [2024-05-13T15:15:23.097+0000] {override.py:1769} INFO - Created Permission View: can delete on DAG:tutorial
[2024-05-13T15:15:23.118+0000] {logging_mixin.py:188} INFO - [2024-05-13T15:15:23.117+0000] {override.py:1769} INFO - Created Permission View: can edit on DAG:tutorial
[2024-05-13T15:15:23.127+0000] {logging_mixin.py:188} INFO - [2024-05-13T15:15:23.126+0000] {override.py:1769} INFO - Created Permission View: can read on DAG:tutorial
[2024-05-13T15:15:23.128+0000] {logging_mixin.py:188} INFO - [2024-05-13T15:15:23.128+0000] {dag.py:3047} INFO - Sync 1 DAGs
[2024-05-13T15:15:23.147+0000] {logging_mixin.py:188} INFO - [2024-05-13T15:15:23.146+0000] {dag.py:3069} INFO - Creating ORM DAG for tutorial
[2024-05-13T15:15:23.170+0000] {logging_mixin.py:188} INFO - [2024-05-13T15:15:23.170+0000] {dag.py:3834} INFO - Setting next_dagrun for tutorial to 2024-05-12 00:00:00+00:00, run_after=2024-05-13 00:00:00+00:00
[2024-05-13T15:15:23.194+0000] {processor.py:183} INFO - Processing /home/airflow/.local/lib/python3.8/site-packages/airflow/example_dags/tutorial.py took 0.554 seconds
[2024-05-13T15:15:54.173+0000] {processor.py:161} INFO - Started process (PID=183) to work on /home/airflow/.local/lib/python3.8/site-packages/airflow/example_dags/tutorial.py
[2024-05-13T15:15:54.174+0000] {processor.py:830} INFO - Processing file /home/airflow/.local/lib/python3.8/site-packages/airflow/example_dags/tutorial.py for tasks to queue
[2024-05-13T15:15:54.176+0000] {logging_mixin.py:188} INFO - [2024-05-13T15:15:54.176+0000] {dagbag.py:540} INFO - Filling up the DagBag from /home/airflow/.local/lib/python3.8/site-packages/airflow/example_dags/tutorial.py
[2024-05-13T15:15:54.185+0000] {processor.py:840} INFO - DAG(s) 'tutorial' retrieved from /home/airflow/.local/lib/python3.8/site-packages/airflow/example_dags/tutorial.py
[2024-05-13T15:15:54.217+0000] {logging_mixin.py:188} INFO - [2024-05-13T15:15:54.217+0000] {dag.py:3047} INFO - Sync 1 DAGs
[2024-05-13T15:15:54.245+0000] {logging_mixin.py:188} INFO - [2024-05-13T15:15:54.244+0000] {dag.py:3834} INFO - Setting next_dagrun for tutorial to 2024-05-12 00:00:00+00:00, run_after=2024-05-13 00:00:00+00:00
[2024-05-13T15:15:54.268+0000] {processor.py:183} INFO - Processing /home/airflow/.local/lib/python3.8/site-packages/airflow/example_dags/tutorial.py took 0.100 seconds
[2024-05-13T15:16:24.790+0000] {processor.py:161} INFO - Started process (PID=251) to work on /home/airflow/.local/lib/python3.8/site-packages/airflow/example_dags/tutorial.py
[2024-05-13T15:16:24.791+0000] {processor.py:830} INFO - Processing file /home/airflow/.local/lib/python3.8/site-packages/airflow/example_dags/tutorial.py for tasks to queue
[2024-05-13T15:16:24.793+0000] {logging_mixin.py:188} INFO - [2024-05-13T15:16:24.792+0000] {dagbag.py:540} INFO - Filling up the DagBag from /home/airflow/.local/lib/python3.8/site-packages/airflow/example_dags/tutorial.py
[2024-05-13T15:16:24.798+0000] {processor.py:840} INFO - DAG(s) 'tutorial' retrieved from /home/airflow/.local/lib/python3.8/site-packages/airflow/example_dags/tutorial.py
[2024-05-13T15:16:24.817+0000] {logging_mixin.py:188} INFO - [2024-05-13T15:16:24.817+0000] {dag.py:3047} INFO - Sync 1 DAGs
[2024-05-13T15:16:24.837+0000] {logging_mixin.py:188} INFO - [2024-05-13T15:16:24.837+0000] {dag.py:3834} INFO - Setting next_dagrun for tutorial to 2024-05-12 00:00:00+00:00, run_after=2024-05-13 00:00:00+00:00
[2024-05-13T15:16:24.858+0000] {processor.py:183} INFO - Processing /home/airflow/.local/lib/python3.8/site-packages/airflow/example_dags/tutorial.py took 0.071 seconds
[2024-05-13T15:16:55.039+0000] {processor.py:161} INFO - Started process (PID=319) to work on /home/airflow/.local/lib/python3.8/site-packages/airflow/example_dags/tutorial.py
[2024-05-13T15:16:55.040+0000] {processor.py:830} INFO - Processing file /home/airflow/.local/lib/python3.8/site-packages/airflow/example_dags/tutorial.py for tasks to queue
[2024-05-13T15:16:55.043+0000] {logging_mixin.py:188} INFO - [2024-05-13T15:16:55.042+0000] {dagbag.py:540} INFO - Filling up the DagBag from /home/airflow/.local/lib/python3.8/site-packages/airflow/example_dags/tutorial.py
[2024-05-13T15:16:55.048+0000] {processor.py:840} INFO - DAG(s) 'tutorial' retrieved from /home/airflow/.local/lib/python3.8/site-packages/airflow/example_dags/tutorial.py
[2024-05-13T15:16:55.068+0000] {logging_mixin.py:188} INFO - [2024-05-13T15:16:55.067+0000] {dag.py:3047} INFO - Sync 1 DAGs
[2024-05-13T15:16:55.089+0000] {logging_mixin.py:188} INFO - [2024-05-13T15:16:55.088+0000] {dag.py:3834} INFO - Setting next_dagrun for tutorial to 2024-05-12 00:00:00+00:00, run_after=2024-05-13 00:00:00+00:00
[2024-05-13T15:16:55.109+0000] {processor.py:183} INFO - Processing /home/airflow/.local/lib/python3.8/site-packages/airflow/example_dags/tutorial.py took 0.073 seconds
[2024-05-13T15:17:25.204+0000] {processor.py:161} INFO - Started process (PID=387) to work on /home/airflow/.local/lib/python3.8/site-packages/airflow/example_dags/tutorial.py
[2024-05-13T15:17:25.205+0000] {processor.py:830} INFO - Processing file /home/airflow/.local/lib/python3.8/site-packages/airflow/example_dags/tutorial.py for tasks to queue
[2024-05-13T15:17:25.207+0000] {logging_mixin.py:188} INFO - [2024-05-13T15:17:25.206+0000] {dagbag.py:540} INFO - Filling up the DagBag from /home/airflow/.local/lib/python3.8/site-packages/airflow/example_dags/tutorial.py
[2024-05-13T15:17:25.212+0000] {processor.py:840} INFO - DAG(s) 'tutorial' retrieved from /home/airflow/.local/lib/python3.8/site-packages/airflow/example_dags/tutorial.py
[2024-05-13T15:17:25.230+0000] {logging_mixin.py:188} INFO - [2024-05-13T15:17:25.230+0000] {dag.py:3047} INFO - Sync 1 DAGs
[2024-05-13T15:17:25.252+0000] {logging_mixin.py:188} INFO - [2024-05-13T15:17:25.251+0000] {dag.py:3834} INFO - Setting next_dagrun for tutorial to 2024-05-12 00:00:00+00:00, run_after=2024-05-13 00:00:00+00:00
[2024-05-13T15:17:25.270+0000] {processor.py:183} INFO - Processing /home/airflow/.local/lib/python3.8/site-packages/airflow/example_dags/tutorial.py took 0.069 seconds
[2024-05-13T15:17:55.616+0000] {processor.py:161} INFO - Started process (PID=455) to work on /home/airflow/.local/lib/python3.8/site-packages/airflow/example_dags/tutorial.py
[2024-05-13T15:17:55.617+0000] {processor.py:830} INFO - Processing file /home/airflow/.local/lib/python3.8/site-packages/airflow/example_dags/tutorial.py for tasks to queue
[2024-05-13T15:17:55.620+0000] {logging_mixin.py:188} INFO - [2024-05-13T15:17:55.619+0000] {dagbag.py:540} INFO - Filling up the DagBag from /home/airflow/.local/lib/python3.8/site-packages/airflow/example_dags/tutorial.py
[2024-05-13T15:17:55.625+0000] {processor.py:840} INFO - DAG(s) 'tutorial' retrieved from /home/airflow/.local/lib/python3.8/site-packages/airflow/example_dags/tutorial.py
[2024-05-13T15:17:55.643+0000] {logging_mixin.py:188} INFO - [2024-05-13T15:17:55.642+0000] {dag.py:3047} INFO - Sync 1 DAGs
[2024-05-13T15:17:55.665+0000] {logging_mixin.py:188} INFO - [2024-05-13T15:17:55.665+0000] {dag.py:3834} INFO - Setting next_dagrun for tutorial to 2024-05-12 00:00:00+00:00, run_after=2024-05-13 00:00:00+00:00
[2024-05-13T15:17:55.684+0000] {processor.py:183} INFO - Processing /home/airflow/.local/lib/python3.8/site-packages/airflow/example_dags/tutorial.py took 0.071 seconds
[2024-05-13T15:18:26.635+0000] {processor.py:161} INFO - Started process (PID=523) to work on /home/airflow/.local/lib/python3.8/site-packages/airflow/example_dags/tutorial.py
[2024-05-13T15:18:26.636+0000] {processor.py:830} INFO - Processing file /home/airflow/.local/lib/python3.8/site-packages/airflow/example_dags/tutorial.py for tasks to queue
[2024-05-13T15:18:26.638+0000] {logging_mixin.py:188} INFO - [2024-05-13T15:18:26.637+0000] {dagbag.py:540} INFO - Filling up the DagBag from /home/airflow/.local/lib/python3.8/site-packages/airflow/example_dags/tutorial.py
[2024-05-13T15:18:26.644+0000] {processor.py:840} INFO - DAG(s) 'tutorial' retrieved from /home/airflow/.local/lib/python3.8/site-packages/airflow/example_dags/tutorial.py
[2024-05-13T15:18:26.664+0000] {logging_mixin.py:188} INFO - [2024-05-13T15:18:26.664+0000] {dag.py:3047} INFO - Sync 1 DAGs
[2024-05-13T15:18:26.686+0000] {logging_mixin.py:188} INFO - [2024-05-13T15:18:26.686+0000] {dag.py:3834} INFO - Setting next_dagrun for tutorial to 2024-05-12 00:00:00+00:00, run_after=2024-05-13 00:00:00+00:00
[2024-05-13T15:18:26.707+0000] {processor.py:183} INFO - Processing /home/airflow/.local/lib/python3.8/site-packages/airflow/example_dags/tutorial.py took 0.076 seconds
[2024-05-13T15:18:57.097+0000] {processor.py:161} INFO - Started process (PID=591) to work on /home/airflow/.local/lib/python3.8/site-packages/airflow/example_dags/tutorial.py
[2024-05-13T15:18:57.098+0000] {processor.py:830} INFO - Processing file /home/airflow/.local/lib/python3.8/site-packages/airflow/example_dags/tutorial.py for tasks to queue
[2024-05-13T15:18:57.100+0000] {logging_mixin.py:188} INFO - [2024-05-13T15:18:57.100+0000] {dagbag.py:540} INFO - Filling up the DagBag from /home/airflow/.local/lib/python3.8/site-packages/airflow/example_dags/tutorial.py
[2024-05-13T15:18:57.105+0000] {processor.py:840} INFO - DAG(s) 'tutorial' retrieved from /home/airflow/.local/lib/python3.8/site-packages/airflow/example_dags/tutorial.py
[2024-05-13T15:18:57.124+0000] {logging_mixin.py:188} INFO - [2024-05-13T15:18:57.124+0000] {dag.py:3047} INFO - Sync 1 DAGs
[2024-05-13T15:18:57.144+0000] {logging_mixin.py:188} INFO - [2024-05-13T15:18:57.144+0000] {dag.py:3834} INFO - Setting next_dagrun for tutorial to 2024-05-12 00:00:00+00:00, run_after=2024-05-13 00:00:00+00:00
[2024-05-13T15:18:57.164+0000] {processor.py:183} INFO - Processing /home/airflow/.local/lib/python3.8/site-packages/airflow/example_dags/tutorial.py took 0.070 seconds
[2024-05-13T15:19:27.724+0000] {processor.py:161} INFO - Started process (PID=647) to work on /home/airflow/.local/lib/python3.8/site-packages/airflow/example_dags/tutorial.py
[2024-05-13T15:19:27.725+0000] {processor.py:830} INFO - Processing file /home/airflow/.local/lib/python3.8/site-packages/airflow/example_dags/tutorial.py for tasks to queue
[2024-05-13T15:19:27.728+0000] {logging_mixin.py:188} INFO - [2024-05-13T15:19:27.728+0000] {dagbag.py:540} INFO - Filling up the DagBag from /home/airflow/.local/lib/python3.8/site-packages/airflow/example_dags/tutorial.py
[2024-05-13T15:19:27.738+0000] {processor.py:840} INFO - DAG(s) 'tutorial' retrieved from /home/airflow/.local/lib/python3.8/site-packages/airflow/example_dags/tutorial.py
[2024-05-13T15:19:27.768+0000] {logging_mixin.py:188} INFO - [2024-05-13T15:19:27.768+0000] {dag.py:3047} INFO - Sync 1 DAGs
[2024-05-13T15:19:27.832+0000] {logging_mixin.py:188} INFO - [2024-05-13T15:19:27.832+0000] {dag.py:3834} INFO - Setting next_dagrun for tutorial to 2024-05-12 00:00:00+00:00, run_after=2024-05-13 00:00:00+00:00
[2024-05-13T15:19:27.885+0000] {processor.py:183} INFO - Processing /home/airflow/.local/lib/python3.8/site-packages/airflow/example_dags/tutorial.py took 0.166 seconds
[2024-05-13T15:19:58.847+0000] {processor.py:161} INFO - Started process (PID=715) to work on /home/airflow/.local/lib/python3.8/site-packages/airflow/example_dags/tutorial.py
[2024-05-13T15:19:58.848+0000] {processor.py:830} INFO - Processing file /home/airflow/.local/lib/python3.8/site-packages/airflow/example_dags/tutorial.py for tasks to queue
[2024-05-13T15:19:58.850+0000] {logging_mixin.py:188} INFO - [2024-05-13T15:19:58.849+0000] {dagbag.py:540} INFO - Filling up the DagBag from /home/airflow/.local/lib/python3.8/site-packages/airflow/example_dags/tutorial.py
[2024-05-13T15:19:58.855+0000] {processor.py:840} INFO - DAG(s) 'tutorial' retrieved from /home/airflow/.local/lib/python3.8/site-packages/airflow/example_dags/tutorial.py
[2024-05-13T15:19:58.874+0000] {logging_mixin.py:188} INFO - [2024-05-13T15:19:58.873+0000] {dag.py:3047} INFO - Sync 1 DAGs
[2024-05-13T15:19:58.897+0000] {logging_mixin.py:188} INFO - [2024-05-13T15:19:58.897+0000] {dag.py:3834} INFO - Setting next_dagrun for tutorial to 2024-05-12 00:00:00+00:00, run_after=2024-05-13 00:00:00+00:00
[2024-05-13T15:19:58.924+0000] {processor.py:183} INFO - Processing /home/airflow/.local/lib/python3.8/site-packages/airflow/example_dags/tutorial.py took 0.080 seconds
[2024-05-13T15:20:29.562+0000] {processor.py:161} INFO - Started process (PID=782) to work on /home/airflow/.local/lib/python3.8/site-packages/airflow/example_dags/tutorial.py
[2024-05-13T15:20:29.563+0000] {processor.py:830} INFO - Processing file /home/airflow/.local/lib/python3.8/site-packages/airflow/example_dags/tutorial.py for tasks to queue
[2024-05-13T15:20:29.565+0000] {logging_mixin.py:188} INFO - [2024-05-13T15:20:29.565+0000] {dagbag.py:540} INFO - Filling up the DagBag from /home/airflow/.local/lib/python3.8/site-packages/airflow/example_dags/tutorial.py
[2024-05-13T15:20:29.571+0000] {processor.py:840} INFO - DAG(s) 'tutorial' retrieved from /home/airflow/.local/lib/python3.8/site-packages/airflow/example_dags/tutorial.py
[2024-05-13T15:20:29.589+0000] {logging_mixin.py:188} INFO - [2024-05-13T15:20:29.589+0000] {dag.py:3047} INFO - Sync 1 DAGs
[2024-05-13T15:20:29.609+0000] {logging_mixin.py:188} INFO - [2024-05-13T15:20:29.609+0000] {dag.py:3834} INFO - Setting next_dagrun for tutorial to 2024-05-12 00:00:00+00:00, run_after=2024-05-13 00:00:00+00:00
[2024-05-13T15:20:29.628+0000] {processor.py:183} INFO - Processing /home/airflow/.local/lib/python3.8/site-packages/airflow/example_dags/tutorial.py took 0.070 seconds
[2024-05-13T15:20:59.704+0000] {processor.py:161} INFO - Started process (PID=854) to work on /home/airflow/.local/lib/python3.8/site-packages/airflow/example_dags/tutorial.py
[2024-05-13T15:20:59.705+0000] {processor.py:830} INFO - Processing file /home/airflow/.local/lib/python3.8/site-packages/airflow/example_dags/tutorial.py for tasks to queue
[2024-05-13T15:20:59.708+0000] {logging_mixin.py:188} INFO - [2024-05-13T15:20:59.707+0000] {dagbag.py:540} INFO - Filling up the DagBag from /home/airflow/.local/lib/python3.8/site-packages/airflow/example_dags/tutorial.py
[2024-05-13T15:20:59.718+0000] {processor.py:840} INFO - DAG(s) 'tutorial' retrieved from /home/airflow/.local/lib/python3.8/site-packages/airflow/example_dags/tutorial.py
[2024-05-13T15:20:59.740+0000] {logging_mixin.py:188} INFO - [2024-05-13T15:20:59.740+0000] {dag.py:3047} INFO - Sync 1 DAGs
[2024-05-13T15:20:59.764+0000] {logging_mixin.py:188} INFO - [2024-05-13T15:20:59.764+0000] {dag.py:3834} INFO - Setting next_dagrun for tutorial to 2024-05-12 00:00:00+00:00, run_after=2024-05-13 00:00:00+00:00
[2024-05-13T15:20:59.786+0000] {processor.py:183} INFO - Processing /home/airflow/.local/lib/python3.8/site-packages/airflow/example_dags/tutorial.py took 0.086 seconds
[2024-05-13T15:21:29.843+0000] {processor.py:161} INFO - Started process (PID=922) to work on /home/airflow/.local/lib/python3.8/site-packages/airflow/example_dags/tutorial.py
[2024-05-13T15:21:29.844+0000] {processor.py:830} INFO - Processing file /home/airflow/.local/lib/python3.8/site-packages/airflow/example_dags/tutorial.py for tasks to queue
[2024-05-13T15:21:29.847+0000] {logging_mixin.py:188} INFO - [2024-05-13T15:21:29.846+0000] {dagbag.py:540} INFO - Filling up the DagBag from /home/airflow/.local/lib/python3.8/site-packages/airflow/example_dags/tutorial.py
[2024-05-13T15:21:29.854+0000] {processor.py:840} INFO - DAG(s) 'tutorial' retrieved from /home/airflow/.local/lib/python3.8/site-packages/airflow/example_dags/tutorial.py
[2024-05-13T15:21:29.879+0000] {logging_mixin.py:188} INFO - [2024-05-13T15:21:29.879+0000] {dag.py:3047} INFO - Sync 1 DAGs
[2024-05-13T15:21:29.908+0000] {logging_mixin.py:188} INFO - [2024-05-13T15:21:29.908+0000] {dag.py:3834} INFO - Setting next_dagrun for tutorial to 2024-05-12 00:00:00+00:00, run_after=2024-05-13 00:00:00+00:00
[2024-05-13T15:21:29.933+0000] {processor.py:183} INFO - Processing /home/airflow/.local/lib/python3.8/site-packages/airflow/example_dags/tutorial.py took 0.093 seconds
[2024-05-13T15:22:00.302+0000] {processor.py:161} INFO - Started process (PID=990) to work on /home/airflow/.local/lib/python3.8/site-packages/airflow/example_dags/tutorial.py
[2024-05-13T15:22:00.304+0000] {processor.py:830} INFO - Processing file /home/airflow/.local/lib/python3.8/site-packages/airflow/example_dags/tutorial.py for tasks to queue
[2024-05-13T15:22:00.307+0000] {logging_mixin.py:188} INFO - [2024-05-13T15:22:00.306+0000] {dagbag.py:540} INFO - Filling up the DagBag from /home/airflow/.local/lib/python3.8/site-packages/airflow/example_dags/tutorial.py
[2024-05-13T15:22:00.313+0000] {processor.py:840} INFO - DAG(s) 'tutorial' retrieved from /home/airflow/.local/lib/python3.8/site-packages/airflow/example_dags/tutorial.py
[2024-05-13T15:22:00.340+0000] {logging_mixin.py:188} INFO - [2024-05-13T15:22:00.339+0000] {dag.py:3047} INFO - Sync 1 DAGs
[2024-05-13T15:22:00.367+0000] {logging_mixin.py:188} INFO - [2024-05-13T15:22:00.367+0000] {dag.py:3834} INFO - Setting next_dagrun for tutorial to 2024-05-12 00:00:00+00:00, run_after=2024-05-13 00:00:00+00:00
[2024-05-13T15:22:00.393+0000] {processor.py:183} INFO - Processing /home/airflow/.local/lib/python3.8/site-packages/airflow/example_dags/tutorial.py took 0.094 seconds
[2024-05-13T15:22:31.248+0000] {processor.py:161} INFO - Started process (PID=1058) to work on /home/airflow/.local/lib/python3.8/site-packages/airflow/example_dags/tutorial.py
[2024-05-13T15:22:31.249+0000] {processor.py:830} INFO - Processing file /home/airflow/.local/lib/python3.8/site-packages/airflow/example_dags/tutorial.py for tasks to queue
[2024-05-13T15:22:31.251+0000] {logging_mixin.py:188} INFO - [2024-05-13T15:22:31.251+0000] {dagbag.py:540} INFO - Filling up the DagBag from /home/airflow/.local/lib/python3.8/site-packages/airflow/example_dags/tutorial.py
[2024-05-13T15:22:31.257+0000] {processor.py:840} INFO - DAG(s) 'tutorial' retrieved from /home/airflow/.local/lib/python3.8/site-packages/airflow/example_dags/tutorial.py
[2024-05-13T15:22:31.278+0000] {logging_mixin.py:188} INFO - [2024-05-13T15:22:31.278+0000] {dag.py:3047} INFO - Sync 1 DAGs
[2024-05-13T15:22:31.301+0000] {logging_mixin.py:188} INFO - [2024-05-13T15:22:31.301+0000] {dag.py:3834} INFO - Setting next_dagrun for tutorial to 2024-05-12 00:00:00+00:00, run_after=2024-05-13 00:00:00+00:00
[2024-05-13T15:22:31.320+0000] {processor.py:183} INFO - Processing /home/airflow/.local/lib/python3.8/site-packages/airflow/example_dags/tutorial.py took 0.075 seconds
[2024-05-13T15:23:01.548+0000] {processor.py:161} INFO - Started process (PID=1127) to work on /home/airflow/.local/lib/python3.8/site-packages/airflow/example_dags/tutorial.py
[2024-05-13T15:23:01.549+0000] {processor.py:830} INFO - Processing file /home/airflow/.local/lib/python3.8/site-packages/airflow/example_dags/tutorial.py for tasks to queue
[2024-05-13T15:23:01.551+0000] {logging_mixin.py:188} INFO - [2024-05-13T15:23:01.550+0000] {dagbag.py:540} INFO - Filling up the DagBag from /home/airflow/.local/lib/python3.8/site-packages/airflow/example_dags/tutorial.py
[2024-05-13T15:23:01.558+0000] {processor.py:840} INFO - DAG(s) 'tutorial' retrieved from /home/airflow/.local/lib/python3.8/site-packages/airflow/example_dags/tutorial.py
[2024-05-13T15:23:01.580+0000] {logging_mixin.py:188} INFO - [2024-05-13T15:23:01.580+0000] {dag.py:3047} INFO - Sync 1 DAGs
[2024-05-13T15:23:01.605+0000] {logging_mixin.py:188} INFO - [2024-05-13T15:23:01.605+0000] {dag.py:3834} INFO - Setting next_dagrun for tutorial to 2024-05-12 00:00:00+00:00, run_after=2024-05-13 00:00:00+00:00
[2024-05-13T15:23:01.627+0000] {processor.py:183} INFO - Processing /home/airflow/.local/lib/python3.8/site-packages/airflow/example_dags/tutorial.py took 0.082 seconds
[2024-05-13T15:23:31.976+0000] {processor.py:161} INFO - Started process (PID=1195) to work on /home/airflow/.local/lib/python3.8/site-packages/airflow/example_dags/tutorial.py
[2024-05-13T15:23:31.977+0000] {processor.py:830} INFO - Processing file /home/airflow/.local/lib/python3.8/site-packages/airflow/example_dags/tutorial.py for tasks to queue
[2024-05-13T15:23:31.979+0000] {logging_mixin.py:188} INFO - [2024-05-13T15:23:31.979+0000] {dagbag.py:540} INFO - Filling up the DagBag from /home/airflow/.local/lib/python3.8/site-packages/airflow/example_dags/tutorial.py
[2024-05-13T15:23:31.985+0000] {processor.py:840} INFO - DAG(s) 'tutorial' retrieved from /home/airflow/.local/lib/python3.8/site-packages/airflow/example_dags/tutorial.py
[2024-05-13T15:23:32.005+0000] {logging_mixin.py:188} INFO - [2024-05-13T15:23:32.005+0000] {dag.py:3047} INFO - Sync 1 DAGs
[2024-05-13T15:23:32.028+0000] {logging_mixin.py:188} INFO - [2024-05-13T15:23:32.028+0000] {dag.py:3834} INFO - Setting next_dagrun for tutorial to 2024-05-12 00:00:00+00:00, run_after=2024-05-13 00:00:00+00:00
[2024-05-13T15:23:32.047+0000] {processor.py:183} INFO - Processing /home/airflow/.local/lib/python3.8/site-packages/airflow/example_dags/tutorial.py took 0.075 seconds
[2024-05-13T15:24:02.797+0000] {processor.py:161} INFO - Started process (PID=1263) to work on /home/airflow/.local/lib/python3.8/site-packages/airflow/example_dags/tutorial.py
[2024-05-13T15:24:02.798+0000] {processor.py:830} INFO - Processing file /home/airflow/.local/lib/python3.8/site-packages/airflow/example_dags/tutorial.py for tasks to queue
[2024-05-13T15:24:02.801+0000] {logging_mixin.py:188} INFO - [2024-05-13T15:24:02.800+0000] {dagbag.py:540} INFO - Filling up the DagBag from /home/airflow/.local/lib/python3.8/site-packages/airflow/example_dags/tutorial.py
[2024-05-13T15:24:02.806+0000] {processor.py:840} INFO - DAG(s) 'tutorial' retrieved from /home/airflow/.local/lib/python3.8/site-packages/airflow/example_dags/tutorial.py
[2024-05-13T15:24:02.829+0000] {logging_mixin.py:188} INFO - [2024-05-13T15:24:02.829+0000] {dag.py:3047} INFO - Sync 1 DAGs
[2024-05-13T15:24:02.853+0000] {logging_mixin.py:188} INFO - [2024-05-13T15:24:02.852+0000] {dag.py:3834} INFO - Setting next_dagrun for tutorial to 2024-05-12 00:00:00+00:00, run_after=2024-05-13 00:00:00+00:00
[2024-05-13T15:24:02.876+0000] {processor.py:183} INFO - Processing /home/airflow/.local/lib/python3.8/site-packages/airflow/example_dags/tutorial.py took 0.083 seconds
[2024-05-13T15:24:32.953+0000] {processor.py:161} INFO - Started process (PID=1331) to work on /home/airflow/.local/lib/python3.8/site-packages/airflow/example_dags/tutorial.py
[2024-05-13T15:24:32.954+0000] {processor.py:830} INFO - Processing file /home/airflow/.local/lib/python3.8/site-packages/airflow/example_dags/tutorial.py for tasks to queue
[2024-05-13T15:24:32.955+0000] {logging_mixin.py:188} INFO - [2024-05-13T15:24:32.955+0000] {dagbag.py:540} INFO - Filling up the DagBag from /home/airflow/.local/lib/python3.8/site-packages/airflow/example_dags/tutorial.py
[2024-05-13T15:24:32.960+0000] {processor.py:840} INFO - DAG(s) 'tutorial' retrieved from /home/airflow/.local/lib/python3.8/site-packages/airflow/example_dags/tutorial.py
[2024-05-13T15:24:32.980+0000] {logging_mixin.py:188} INFO - [2024-05-13T15:24:32.979+0000] {dag.py:3047} INFO - Sync 1 DAGs
[2024-05-13T15:24:33.000+0000] {logging_mixin.py:188} INFO - [2024-05-13T15:24:32.999+0000] {dag.py:3834} INFO - Setting next_dagrun for tutorial to 2024-05-12 00:00:00+00:00, run_after=2024-05-13 00:00:00+00:00
[2024-05-13T15:24:33.019+0000] {processor.py:183} INFO - Processing /home/airflow/.local/lib/python3.8/site-packages/airflow/example_dags/tutorial.py took 0.070 seconds
[2024-05-13T15:25:03.140+0000] {processor.py:161} INFO - Started process (PID=1399) to work on /home/airflow/.local/lib/python3.8/site-packages/airflow/example_dags/tutorial.py
[2024-05-13T15:25:03.141+0000] {processor.py:830} INFO - Processing file /home/airflow/.local/lib/python3.8/site-packages/airflow/example_dags/tutorial.py for tasks to queue
[2024-05-13T15:25:03.143+0000] {logging_mixin.py:188} INFO - [2024-05-13T15:25:03.142+0000] {dagbag.py:540} INFO - Filling up the DagBag from /home/airflow/.local/lib/python3.8/site-packages/airflow/example_dags/tutorial.py
[2024-05-13T15:25:03.148+0000] {processor.py:840} INFO - DAG(s) 'tutorial' retrieved from /home/airflow/.local/lib/python3.8/site-packages/airflow/example_dags/tutorial.py
[2024-05-13T15:25:03.166+0000] {logging_mixin.py:188} INFO - [2024-05-13T15:25:03.165+0000] {dag.py:3047} INFO - Sync 1 DAGs
[2024-05-13T15:25:03.188+0000] {logging_mixin.py:188} INFO - [2024-05-13T15:25:03.187+0000] {dag.py:3834} INFO - Setting next_dagrun for tutorial to 2024-05-12 00:00:00+00:00, run_after=2024-05-13 00:00:00+00:00
[2024-05-13T15:25:03.208+0000] {processor.py:183} INFO - Processing /home/airflow/.local/lib/python3.8/site-packages/airflow/example_dags/tutorial.py took 0.072 seconds
[2024-05-13T15:25:33.347+0000] {processor.py:161} INFO - Started process (PID=1468) to work on /home/airflow/.local/lib/python3.8/site-packages/airflow/example_dags/tutorial.py
[2024-05-13T15:25:33.348+0000] {processor.py:830} INFO - Processing file /home/airflow/.local/lib/python3.8/site-packages/airflow/example_dags/tutorial.py for tasks to queue
[2024-05-13T15:25:33.350+0000] {logging_mixin.py:188} INFO - [2024-05-13T15:25:33.350+0000] {dagbag.py:540} INFO - Filling up the DagBag from /home/airflow/.local/lib/python3.8/site-packages/airflow/example_dags/tutorial.py
[2024-05-13T15:25:33.355+0000] {processor.py:840} INFO - DAG(s) 'tutorial' retrieved from /home/airflow/.local/lib/python3.8/site-packages/airflow/example_dags/tutorial.py
[2024-05-13T15:25:33.373+0000] {logging_mixin.py:188} INFO - [2024-05-13T15:25:33.373+0000] {dag.py:3047} INFO - Sync 1 DAGs
[2024-05-13T15:25:33.392+0000] {logging_mixin.py:188} INFO - [2024-05-13T15:25:33.392+0000] {dag.py:3834} INFO - Setting next_dagrun for tutorial to 2024-05-12 00:00:00+00:00, run_after=2024-05-13 00:00:00+00:00
[2024-05-13T15:25:33.412+0000] {processor.py:183} INFO - Processing /home/airflow/.local/lib/python3.8/site-packages/airflow/example_dags/tutorial.py took 0.068 seconds
[2024-05-13T15:26:03.717+0000] {processor.py:161} INFO - Started process (PID=1536) to work on /home/airflow/.local/lib/python3.8/site-packages/airflow/example_dags/tutorial.py
[2024-05-13T15:26:03.718+0000] {processor.py:830} INFO - Processing file /home/airflow/.local/lib/python3.8/site-packages/airflow/example_dags/tutorial.py for tasks to queue
[2024-05-13T15:26:03.719+0000] {logging_mixin.py:188} INFO - [2024-05-13T15:26:03.719+0000] {dagbag.py:540} INFO - Filling up the DagBag from /home/airflow/.local/lib/python3.8/site-packages/airflow/example_dags/tutorial.py
[2024-05-13T15:26:03.724+0000] {processor.py:840} INFO - DAG(s) 'tutorial' retrieved from /home/airflow/.local/lib/python3.8/site-packages/airflow/example_dags/tutorial.py
[2024-05-13T15:26:03.745+0000] {logging_mixin.py:188} INFO - [2024-05-13T15:26:03.745+0000] {dag.py:3047} INFO - Sync 1 DAGs
[2024-05-13T15:26:03.765+0000] {logging_mixin.py:188} INFO - [2024-05-13T15:26:03.765+0000] {dag.py:3834} INFO - Setting next_dagrun for tutorial to 2024-05-12 00:00:00+00:00, run_after=2024-05-13 00:00:00+00:00
[2024-05-13T15:26:03.786+0000] {processor.py:183} INFO - Processing /home/airflow/.local/lib/python3.8/site-packages/airflow/example_dags/tutorial.py took 0.072 seconds
[2024-05-13T15:26:34.019+0000] {processor.py:161} INFO - Started process (PID=1604) to work on /home/airflow/.local/lib/python3.8/site-packages/airflow/example_dags/tutorial.py
[2024-05-13T15:26:34.020+0000] {processor.py:830} INFO - Processing file /home/airflow/.local/lib/python3.8/site-packages/airflow/example_dags/tutorial.py for tasks to queue
[2024-05-13T15:26:34.021+0000] {logging_mixin.py:188} INFO - [2024-05-13T15:26:34.021+0000] {dagbag.py:540} INFO - Filling up the DagBag from /home/airflow/.local/lib/python3.8/site-packages/airflow/example_dags/tutorial.py
[2024-05-13T15:26:34.026+0000] {processor.py:840} INFO - DAG(s) 'tutorial' retrieved from /home/airflow/.local/lib/python3.8/site-packages/airflow/example_dags/tutorial.py
[2024-05-13T15:26:34.045+0000] {logging_mixin.py:188} INFO - [2024-05-13T15:26:34.044+0000] {dag.py:3047} INFO - Sync 1 DAGs
[2024-05-13T15:26:34.065+0000] {logging_mixin.py:188} INFO - [2024-05-13T15:26:34.065+0000] {dag.py:3834} INFO - Setting next_dagrun for tutorial to 2024-05-12 00:00:00+00:00, run_after=2024-05-13 00:00:00+00:00
[2024-05-13T15:26:34.083+0000] {processor.py:183} INFO - Processing /home/airflow/.local/lib/python3.8/site-packages/airflow/example_dags/tutorial.py took 0.068 seconds
[2024-05-13T15:27:04.444+0000] {processor.py:161} INFO - Started process (PID=1672) to work on /home/airflow/.local/lib/python3.8/site-packages/airflow/example_dags/tutorial.py
[2024-05-13T15:27:04.445+0000] {processor.py:830} INFO - Processing file /home/airflow/.local/lib/python3.8/site-packages/airflow/example_dags/tutorial.py for tasks to queue
[2024-05-13T15:27:04.447+0000] {logging_mixin.py:188} INFO - [2024-05-13T15:27:04.446+0000] {dagbag.py:540} INFO - Filling up the DagBag from /home/airflow/.local/lib/python3.8/site-packages/airflow/example_dags/tutorial.py
[2024-05-13T15:27:04.452+0000] {processor.py:840} INFO - DAG(s) 'tutorial' retrieved from /home/airflow/.local/lib/python3.8/site-packages/airflow/example_dags/tutorial.py
[2024-05-13T15:27:04.470+0000] {logging_mixin.py:188} INFO - [2024-05-13T15:27:04.470+0000] {dag.py:3047} INFO - Sync 1 DAGs
[2024-05-13T15:27:04.490+0000] {logging_mixin.py:188} INFO - [2024-05-13T15:27:04.490+0000] {dag.py:3834} INFO - Setting next_dagrun for tutorial to 2024-05-12 00:00:00+00:00, run_after=2024-05-13 00:00:00+00:00
[2024-05-13T15:27:04.510+0000] {processor.py:183} INFO - Processing /home/airflow/.local/lib/python3.8/site-packages/airflow/example_dags/tutorial.py took 0.069 seconds
[2024-05-13T15:27:35.135+0000] {processor.py:161} INFO - Started process (PID=1740) to work on /home/airflow/.local/lib/python3.8/site-packages/airflow/example_dags/tutorial.py
[2024-05-13T15:27:35.136+0000] {processor.py:830} INFO - Processing file /home/airflow/.local/lib/python3.8/site-packages/airflow/example_dags/tutorial.py for tasks to queue
[2024-05-13T15:27:35.139+0000] {logging_mixin.py:188} INFO - [2024-05-13T15:27:35.139+0000] {dagbag.py:540} INFO - Filling up the DagBag from /home/airflow/.local/lib/python3.8/site-packages/airflow/example_dags/tutorial.py
[2024-05-13T15:27:35.144+0000] {processor.py:840} INFO - DAG(s) 'tutorial' retrieved from /home/airflow/.local/lib/python3.8/site-packages/airflow/example_dags/tutorial.py
[2024-05-13T15:27:35.163+0000] {logging_mixin.py:188} INFO - [2024-05-13T15:27:35.162+0000] {dag.py:3047} INFO - Sync 1 DAGs
[2024-05-13T15:27:35.184+0000] {logging_mixin.py:188} INFO - [2024-05-13T15:27:35.184+0000] {dag.py:3834} INFO - Setting next_dagrun for tutorial to 2024-05-12 00:00:00+00:00, run_after=2024-05-13 00:00:00+00:00
[2024-05-13T15:27:35.202+0000] {processor.py:183} INFO - Processing /home/airflow/.local/lib/python3.8/site-packages/airflow/example_dags/tutorial.py took 0.069 seconds
[2024-05-13T15:28:05.308+0000] {processor.py:161} INFO - Started process (PID=1808) to work on /home/airflow/.local/lib/python3.8/site-packages/airflow/example_dags/tutorial.py
[2024-05-13T15:28:05.309+0000] {processor.py:830} INFO - Processing file /home/airflow/.local/lib/python3.8/site-packages/airflow/example_dags/tutorial.py for tasks to queue
[2024-05-13T15:28:05.311+0000] {logging_mixin.py:188} INFO - [2024-05-13T15:28:05.311+0000] {dagbag.py:540} INFO - Filling up the DagBag from /home/airflow/.local/lib/python3.8/site-packages/airflow/example_dags/tutorial.py
[2024-05-13T15:28:05.317+0000] {processor.py:840} INFO - DAG(s) 'tutorial' retrieved from /home/airflow/.local/lib/python3.8/site-packages/airflow/example_dags/tutorial.py
[2024-05-13T15:28:05.335+0000] {logging_mixin.py:188} INFO - [2024-05-13T15:28:05.334+0000] {dag.py:3047} INFO - Sync 1 DAGs
[2024-05-13T15:28:05.355+0000] {logging_mixin.py:188} INFO - [2024-05-13T15:28:05.355+0000] {dag.py:3834} INFO - Setting next_dagrun for tutorial to 2024-05-12 00:00:00+00:00, run_after=2024-05-13 00:00:00+00:00
[2024-05-13T15:28:05.377+0000] {processor.py:183} INFO - Processing /home/airflow/.local/lib/python3.8/site-packages/airflow/example_dags/tutorial.py took 0.072 seconds
[2024-05-13T15:28:35.604+0000] {processor.py:161} INFO - Started process (PID=1876) to work on /home/airflow/.local/lib/python3.8/site-packages/airflow/example_dags/tutorial.py
[2024-05-13T15:28:35.605+0000] {processor.py:830} INFO - Processing file /home/airflow/.local/lib/python3.8/site-packages/airflow/example_dags/tutorial.py for tasks to queue
[2024-05-13T15:28:35.607+0000] {logging_mixin.py:188} INFO - [2024-05-13T15:28:35.607+0000] {dagbag.py:540} INFO - Filling up the DagBag from /home/airflow/.local/lib/python3.8/site-packages/airflow/example_dags/tutorial.py
[2024-05-13T15:28:35.612+0000] {processor.py:840} INFO - DAG(s) 'tutorial' retrieved from /home/airflow/.local/lib/python3.8/site-packages/airflow/example_dags/tutorial.py
[2024-05-13T15:28:35.631+0000] {logging_mixin.py:188} INFO - [2024-05-13T15:28:35.631+0000] {dag.py:3047} INFO - Sync 1 DAGs
[2024-05-13T15:28:35.651+0000] {logging_mixin.py:188} INFO - [2024-05-13T15:28:35.651+0000] {dag.py:3834} INFO - Setting next_dagrun for tutorial to 2024-05-12 00:00:00+00:00, run_after=2024-05-13 00:00:00+00:00
[2024-05-13T15:28:35.669+0000] {processor.py:183} INFO - Processing /home/airflow/.local/lib/python3.8/site-packages/airflow/example_dags/tutorial.py took 0.067 seconds
[2024-05-13T15:29:05.812+0000] {processor.py:161} INFO - Started process (PID=1944) to work on /home/airflow/.local/lib/python3.8/site-packages/airflow/example_dags/tutorial.py
[2024-05-13T15:29:05.813+0000] {processor.py:830} INFO - Processing file /home/airflow/.local/lib/python3.8/site-packages/airflow/example_dags/tutorial.py for tasks to queue
[2024-05-13T15:29:05.815+0000] {logging_mixin.py:188} INFO - [2024-05-13T15:29:05.815+0000] {dagbag.py:540} INFO - Filling up the DagBag from /home/airflow/.local/lib/python3.8/site-packages/airflow/example_dags/tutorial.py
[2024-05-13T15:29:05.822+0000] {processor.py:840} INFO - DAG(s) 'tutorial' retrieved from /home/airflow/.local/lib/python3.8/site-packages/airflow/example_dags/tutorial.py
[2024-05-13T15:29:05.847+0000] {logging_mixin.py:188} INFO - [2024-05-13T15:29:05.847+0000] {dag.py:3047} INFO - Sync 1 DAGs
[2024-05-13T15:29:05.874+0000] {logging_mixin.py:188} INFO - [2024-05-13T15:29:05.874+0000] {dag.py:3834} INFO - Setting next_dagrun for tutorial to 2024-05-12 00:00:00+00:00, run_after=2024-05-13 00:00:00+00:00
[2024-05-13T15:29:05.901+0000] {processor.py:183} INFO - Processing /home/airflow/.local/lib/python3.8/site-packages/airflow/example_dags/tutorial.py took 0.091 seconds
[2024-05-13T15:29:36.495+0000] {processor.py:161} INFO - Started process (PID=2012) to work on /home/airflow/.local/lib/python3.8/site-packages/airflow/example_dags/tutorial.py
[2024-05-13T15:29:36.497+0000] {processor.py:830} INFO - Processing file /home/airflow/.local/lib/python3.8/site-packages/airflow/example_dags/tutorial.py for tasks to queue
[2024-05-13T15:29:36.500+0000] {logging_mixin.py:188} INFO - [2024-05-13T15:29:36.500+0000] {dagbag.py:540} INFO - Filling up the DagBag from /home/airflow/.local/lib/python3.8/site-packages/airflow/example_dags/tutorial.py
[2024-05-13T15:29:36.510+0000] {processor.py:840} INFO - DAG(s) 'tutorial' retrieved from /home/airflow/.local/lib/python3.8/site-packages/airflow/example_dags/tutorial.py
[2024-05-13T15:29:36.546+0000] {logging_mixin.py:188} INFO - [2024-05-13T15:29:36.546+0000] {dag.py:3047} INFO - Sync 1 DAGs
[2024-05-13T15:29:36.573+0000] {logging_mixin.py:188} INFO - [2024-05-13T15:29:36.573+0000] {dag.py:3834} INFO - Setting next_dagrun for tutorial to 2024-05-12 00:00:00+00:00, run_after=2024-05-13 00:00:00+00:00
[2024-05-13T15:29:36.596+0000] {processor.py:183} INFO - Processing /home/airflow/.local/lib/python3.8/site-packages/airflow/example_dags/tutorial.py took 0.106 seconds
[2024-05-13T15:30:07.034+0000] {processor.py:161} INFO - Started process (PID=2080) to work on /home/airflow/.local/lib/python3.8/site-packages/airflow/example_dags/tutorial.py
[2024-05-13T15:30:07.036+0000] {processor.py:830} INFO - Processing file /home/airflow/.local/lib/python3.8/site-packages/airflow/example_dags/tutorial.py for tasks to queue
[2024-05-13T15:30:07.038+0000] {logging_mixin.py:188} INFO - [2024-05-13T15:30:07.037+0000] {dagbag.py:540} INFO - Filling up the DagBag from /home/airflow/.local/lib/python3.8/site-packages/airflow/example_dags/tutorial.py
[2024-05-13T15:30:07.043+0000] {processor.py:840} INFO - DAG(s) 'tutorial' retrieved from /home/airflow/.local/lib/python3.8/site-packages/airflow/example_dags/tutorial.py
[2024-05-13T15:30:07.061+0000] {logging_mixin.py:188} INFO - [2024-05-13T15:30:07.061+0000] {dag.py:3047} INFO - Sync 1 DAGs
[2024-05-13T15:30:07.081+0000] {logging_mixin.py:188} INFO - [2024-05-13T15:30:07.080+0000] {dag.py:3834} INFO - Setting next_dagrun for tutorial to 2024-05-12 00:00:00+00:00, run_after=2024-05-13 00:00:00+00:00
[2024-05-13T15:30:07.098+0000] {processor.py:183} INFO - Processing /home/airflow/.local/lib/python3.8/site-packages/airflow/example_dags/tutorial.py took 0.067 seconds
[2024-05-13T15:30:37.174+0000] {processor.py:161} INFO - Started process (PID=2148) to work on /home/airflow/.local/lib/python3.8/site-packages/airflow/example_dags/tutorial.py
[2024-05-13T15:30:37.176+0000] {processor.py:830} INFO - Processing file /home/airflow/.local/lib/python3.8/site-packages/airflow/example_dags/tutorial.py for tasks to queue
[2024-05-13T15:30:37.177+0000] {logging_mixin.py:188} INFO - [2024-05-13T15:30:37.177+0000] {dagbag.py:540} INFO - Filling up the DagBag from /home/airflow/.local/lib/python3.8/site-packages/airflow/example_dags/tutorial.py
[2024-05-13T15:30:37.182+0000] {processor.py:840} INFO - DAG(s) 'tutorial' retrieved from /home/airflow/.local/lib/python3.8/site-packages/airflow/example_dags/tutorial.py
[2024-05-13T15:30:37.201+0000] {logging_mixin.py:188} INFO - [2024-05-13T15:30:37.200+0000] {dag.py:3047} INFO - Sync 1 DAGs
[2024-05-13T15:30:37.223+0000] {logging_mixin.py:188} INFO - [2024-05-13T15:30:37.223+0000] {dag.py:3834} INFO - Setting next_dagrun for tutorial to 2024-05-12 00:00:00+00:00, run_after=2024-05-13 00:00:00+00:00
[2024-05-13T15:30:37.242+0000] {processor.py:183} INFO - Processing /home/airflow/.local/lib/python3.8/site-packages/airflow/example_dags/tutorial.py took 0.071 seconds
[2024-05-13T15:31:07.340+0000] {processor.py:161} INFO - Started process (PID=2216) to work on /home/airflow/.local/lib/python3.8/site-packages/airflow/example_dags/tutorial.py
[2024-05-13T15:31:07.342+0000] {processor.py:830} INFO - Processing file /home/airflow/.local/lib/python3.8/site-packages/airflow/example_dags/tutorial.py for tasks to queue
[2024-05-13T15:31:07.344+0000] {logging_mixin.py:188} INFO - [2024-05-13T15:31:07.344+0000] {dagbag.py:540} INFO - Filling up the DagBag from /home/airflow/.local/lib/python3.8/site-packages/airflow/example_dags/tutorial.py
[2024-05-13T15:31:07.349+0000] {processor.py:840} INFO - DAG(s) 'tutorial' retrieved from /home/airflow/.local/lib/python3.8/site-packages/airflow/example_dags/tutorial.py
[2024-05-13T15:31:07.367+0000] {logging_mixin.py:188} INFO - [2024-05-13T15:31:07.367+0000] {dag.py:3047} INFO - Sync 1 DAGs
[2024-05-13T15:31:07.387+0000] {logging_mixin.py:188} INFO - [2024-05-13T15:31:07.387+0000] {dag.py:3834} INFO - Setting next_dagrun for tutorial to 2024-05-12 00:00:00+00:00, run_after=2024-05-13 00:00:00+00:00
[2024-05-13T15:31:07.407+0000] {processor.py:183} INFO - Processing /home/airflow/.local/lib/python3.8/site-packages/airflow/example_dags/tutorial.py took 0.069 seconds
[2024-05-13T15:31:37.487+0000] {processor.py:161} INFO - Started process (PID=2284) to work on /home/airflow/.local/lib/python3.8/site-packages/airflow/example_dags/tutorial.py
[2024-05-13T15:31:37.488+0000] {processor.py:830} INFO - Processing file /home/airflow/.local/lib/python3.8/site-packages/airflow/example_dags/tutorial.py for tasks to queue
[2024-05-13T15:31:37.490+0000] {logging_mixin.py:188} INFO - [2024-05-13T15:31:37.490+0000] {dagbag.py:540} INFO - Filling up the DagBag from /home/airflow/.local/lib/python3.8/site-packages/airflow/example_dags/tutorial.py
[2024-05-13T15:31:37.495+0000] {processor.py:840} INFO - DAG(s) 'tutorial' retrieved from /home/airflow/.local/lib/python3.8/site-packages/airflow/example_dags/tutorial.py
[2024-05-13T15:31:37.518+0000] {logging_mixin.py:188} INFO - [2024-05-13T15:31:37.518+0000] {dag.py:3047} INFO - Sync 1 DAGs
[2024-05-13T15:31:37.548+0000] {logging_mixin.py:188} INFO - [2024-05-13T15:31:37.547+0000] {dag.py:3834} INFO - Setting next_dagrun for tutorial to 2024-05-12 00:00:00+00:00, run_after=2024-05-13 00:00:00+00:00
[2024-05-13T15:31:37.569+0000] {processor.py:183} INFO - Processing /home/airflow/.local/lib/python3.8/site-packages/airflow/example_dags/tutorial.py took 0.085 seconds
[2024-05-13T15:32:07.888+0000] {processor.py:161} INFO - Started process (PID=2352) to work on /home/airflow/.local/lib/python3.8/site-packages/airflow/example_dags/tutorial.py
[2024-05-13T15:32:07.889+0000] {processor.py:830} INFO - Processing file /home/airflow/.local/lib/python3.8/site-packages/airflow/example_dags/tutorial.py for tasks to queue
[2024-05-13T15:32:07.891+0000] {logging_mixin.py:188} INFO - [2024-05-13T15:32:07.890+0000] {dagbag.py:540} INFO - Filling up the DagBag from /home/airflow/.local/lib/python3.8/site-packages/airflow/example_dags/tutorial.py
[2024-05-13T15:32:07.895+0000] {processor.py:840} INFO - DAG(s) 'tutorial' retrieved from /home/airflow/.local/lib/python3.8/site-packages/airflow/example_dags/tutorial.py
[2024-05-13T15:32:07.914+0000] {logging_mixin.py:188} INFO - [2024-05-13T15:32:07.914+0000] {dag.py:3047} INFO - Sync 1 DAGs
[2024-05-13T15:32:07.935+0000] {logging_mixin.py:188} INFO - [2024-05-13T15:32:07.935+0000] {dag.py:3834} INFO - Setting next_dagrun for tutorial to 2024-05-12 00:00:00+00:00, run_after=2024-05-13 00:00:00+00:00
[2024-05-13T15:32:07.958+0000] {processor.py:183} INFO - Processing /home/airflow/.local/lib/python3.8/site-packages/airflow/example_dags/tutorial.py took 0.073 seconds
[2024-05-13T15:32:38.636+0000] {processor.py:161} INFO - Started process (PID=2420) to work on /home/airflow/.local/lib/python3.8/site-packages/airflow/example_dags/tutorial.py
[2024-05-13T15:32:38.637+0000] {processor.py:830} INFO - Processing file /home/airflow/.local/lib/python3.8/site-packages/airflow/example_dags/tutorial.py for tasks to queue
[2024-05-13T15:32:38.639+0000] {logging_mixin.py:188} INFO - [2024-05-13T15:32:38.639+0000] {dagbag.py:540} INFO - Filling up the DagBag from /home/airflow/.local/lib/python3.8/site-packages/airflow/example_dags/tutorial.py
[2024-05-13T15:32:38.644+0000] {processor.py:840} INFO - DAG(s) 'tutorial' retrieved from /home/airflow/.local/lib/python3.8/site-packages/airflow/example_dags/tutorial.py
[2024-05-13T15:32:38.666+0000] {logging_mixin.py:188} INFO - [2024-05-13T15:32:38.666+0000] {dag.py:3047} INFO - Sync 1 DAGs
[2024-05-13T15:32:38.689+0000] {logging_mixin.py:188} INFO - [2024-05-13T15:32:38.688+0000] {dag.py:3834} INFO - Setting next_dagrun for tutorial to 2024-05-12 00:00:00+00:00, run_after=2024-05-13 00:00:00+00:00
[2024-05-13T15:32:38.711+0000] {processor.py:183} INFO - Processing /home/airflow/.local/lib/python3.8/site-packages/airflow/example_dags/tutorial.py took 0.078 seconds
[2024-05-13T15:33:09.154+0000] {processor.py:161} INFO - Started process (PID=2488) to work on /home/airflow/.local/lib/python3.8/site-packages/airflow/example_dags/tutorial.py
[2024-05-13T15:33:09.155+0000] {processor.py:830} INFO - Processing file /home/airflow/.local/lib/python3.8/site-packages/airflow/example_dags/tutorial.py for tasks to queue
[2024-05-13T15:33:09.158+0000] {logging_mixin.py:188} INFO - [2024-05-13T15:33:09.157+0000] {dagbag.py:540} INFO - Filling up the DagBag from /home/airflow/.local/lib/python3.8/site-packages/airflow/example_dags/tutorial.py
[2024-05-13T15:33:09.165+0000] {processor.py:840} INFO - DAG(s) 'tutorial' retrieved from /home/airflow/.local/lib/python3.8/site-packages/airflow/example_dags/tutorial.py
[2024-05-13T15:33:09.186+0000] {logging_mixin.py:188} INFO - [2024-05-13T15:33:09.185+0000] {dag.py:3047} INFO - Sync 1 DAGs
[2024-05-13T15:33:09.208+0000] {logging_mixin.py:188} INFO - [2024-05-13T15:33:09.207+0000] {dag.py:3834} INFO - Setting next_dagrun for tutorial to 2024-05-12 00:00:00+00:00, run_after=2024-05-13 00:00:00+00:00
[2024-05-13T15:33:09.232+0000] {processor.py:183} INFO - Processing /home/airflow/.local/lib/python3.8/site-packages/airflow/example_dags/tutorial.py took 0.082 seconds
[2024-05-13T15:33:39.279+0000] {processor.py:161} INFO - Started process (PID=2556) to work on /home/airflow/.local/lib/python3.8/site-packages/airflow/example_dags/tutorial.py
[2024-05-13T15:33:39.281+0000] {processor.py:830} INFO - Processing file /home/airflow/.local/lib/python3.8/site-packages/airflow/example_dags/tutorial.py for tasks to queue
[2024-05-13T15:33:39.283+0000] {logging_mixin.py:188} INFO - [2024-05-13T15:33:39.283+0000] {dagbag.py:540} INFO - Filling up the DagBag from /home/airflow/.local/lib/python3.8/site-packages/airflow/example_dags/tutorial.py
[2024-05-13T15:33:39.292+0000] {processor.py:840} INFO - DAG(s) 'tutorial' retrieved from /home/airflow/.local/lib/python3.8/site-packages/airflow/example_dags/tutorial.py
[2024-05-13T15:33:39.313+0000] {logging_mixin.py:188} INFO - [2024-05-13T15:33:39.312+0000] {dag.py:3047} INFO - Sync 1 DAGs
[2024-05-13T15:33:39.332+0000] {logging_mixin.py:188} INFO - [2024-05-13T15:33:39.331+0000] {dag.py:3834} INFO - Setting next_dagrun for tutorial to 2024-05-12 00:00:00+00:00, run_after=2024-05-13 00:00:00+00:00
[2024-05-13T15:33:39.349+0000] {processor.py:183} INFO - Processing /home/airflow/.local/lib/python3.8/site-packages/airflow/example_dags/tutorial.py took 0.073 seconds
[2024-05-13T15:34:09.768+0000] {processor.py:161} INFO - Started process (PID=2624) to work on /home/airflow/.local/lib/python3.8/site-packages/airflow/example_dags/tutorial.py
[2024-05-13T15:34:09.770+0000] {processor.py:830} INFO - Processing file /home/airflow/.local/lib/python3.8/site-packages/airflow/example_dags/tutorial.py for tasks to queue
[2024-05-13T15:34:09.772+0000] {logging_mixin.py:188} INFO - [2024-05-13T15:34:09.771+0000] {dagbag.py:540} INFO - Filling up the DagBag from /home/airflow/.local/lib/python3.8/site-packages/airflow/example_dags/tutorial.py
[2024-05-13T15:34:09.782+0000] {processor.py:840} INFO - DAG(s) 'tutorial' retrieved from /home/airflow/.local/lib/python3.8/site-packages/airflow/example_dags/tutorial.py
[2024-05-13T15:34:09.805+0000] {logging_mixin.py:188} INFO - [2024-05-13T15:34:09.805+0000] {dag.py:3047} INFO - Sync 1 DAGs
[2024-05-13T15:34:09.830+0000] {logging_mixin.py:188} INFO - [2024-05-13T15:34:09.830+0000] {dag.py:3834} INFO - Setting next_dagrun for tutorial to 2024-05-12 00:00:00+00:00, run_after=2024-05-13 00:00:00+00:00
[2024-05-13T15:34:09.857+0000] {processor.py:183} INFO - Processing /home/airflow/.local/lib/python3.8/site-packages/airflow/example_dags/tutorial.py took 0.093 seconds
[2024-05-13T15:34:40.084+0000] {processor.py:161} INFO - Started process (PID=2693) to work on /home/airflow/.local/lib/python3.8/site-packages/airflow/example_dags/tutorial.py
[2024-05-13T15:34:40.085+0000] {processor.py:830} INFO - Processing file /home/airflow/.local/lib/python3.8/site-packages/airflow/example_dags/tutorial.py for tasks to queue
[2024-05-13T15:34:40.087+0000] {logging_mixin.py:188} INFO - [2024-05-13T15:34:40.087+0000] {dagbag.py:540} INFO - Filling up the DagBag from /home/airflow/.local/lib/python3.8/site-packages/airflow/example_dags/tutorial.py
[2024-05-13T15:34:40.092+0000] {processor.py:840} INFO - DAG(s) 'tutorial' retrieved from /home/airflow/.local/lib/python3.8/site-packages/airflow/example_dags/tutorial.py
[2024-05-13T15:34:40.111+0000] {logging_mixin.py:188} INFO - [2024-05-13T15:34:40.111+0000] {dag.py:3047} INFO - Sync 1 DAGs
[2024-05-13T15:34:40.130+0000] {logging_mixin.py:188} INFO - [2024-05-13T15:34:40.130+0000] {dag.py:3834} INFO - Setting next_dagrun for tutorial to 2024-05-12 00:00:00+00:00, run_after=2024-05-13 00:00:00+00:00
[2024-05-13T15:34:40.148+0000] {processor.py:183} INFO - Processing /home/airflow/.local/lib/python3.8/site-packages/airflow/example_dags/tutorial.py took 0.066 seconds
[2024-05-13T15:35:10.676+0000] {processor.py:161} INFO - Started process (PID=2761) to work on /home/airflow/.local/lib/python3.8/site-packages/airflow/example_dags/tutorial.py
[2024-05-13T15:35:10.677+0000] {processor.py:830} INFO - Processing file /home/airflow/.local/lib/python3.8/site-packages/airflow/example_dags/tutorial.py for tasks to queue
[2024-05-13T15:35:10.679+0000] {logging_mixin.py:188} INFO - [2024-05-13T15:35:10.679+0000] {dagbag.py:540} INFO - Filling up the DagBag from /home/airflow/.local/lib/python3.8/site-packages/airflow/example_dags/tutorial.py
[2024-05-13T15:35:10.684+0000] {processor.py:840} INFO - DAG(s) 'tutorial' retrieved from /home/airflow/.local/lib/python3.8/site-packages/airflow/example_dags/tutorial.py
[2024-05-13T15:35:10.702+0000] {logging_mixin.py:188} INFO - [2024-05-13T15:35:10.701+0000] {dag.py:3047} INFO - Sync 1 DAGs
[2024-05-13T15:35:10.720+0000] {logging_mixin.py:188} INFO - [2024-05-13T15:35:10.720+0000] {dag.py:3834} INFO - Setting next_dagrun for tutorial to 2024-05-12 00:00:00+00:00, run_after=2024-05-13 00:00:00+00:00
[2024-05-13T15:35:10.739+0000] {processor.py:183} INFO - Processing /home/airflow/.local/lib/python3.8/site-packages/airflow/example_dags/tutorial.py took 0.066 seconds
[2024-05-13T15:35:41.175+0000] {processor.py:161} INFO - Started process (PID=2829) to work on /home/airflow/.local/lib/python3.8/site-packages/airflow/example_dags/tutorial.py
[2024-05-13T15:35:41.176+0000] {processor.py:830} INFO - Processing file /home/airflow/.local/lib/python3.8/site-packages/airflow/example_dags/tutorial.py for tasks to queue
[2024-05-13T15:35:41.177+0000] {logging_mixin.py:188} INFO - [2024-05-13T15:35:41.177+0000] {dagbag.py:540} INFO - Filling up the DagBag from /home/airflow/.local/lib/python3.8/site-packages/airflow/example_dags/tutorial.py
[2024-05-13T15:35:41.183+0000] {processor.py:840} INFO - DAG(s) 'tutorial' retrieved from /home/airflow/.local/lib/python3.8/site-packages/airflow/example_dags/tutorial.py
[2024-05-13T15:35:41.201+0000] {logging_mixin.py:188} INFO - [2024-05-13T15:35:41.201+0000] {dag.py:3047} INFO - Sync 1 DAGs
[2024-05-13T15:35:41.221+0000] {logging_mixin.py:188} INFO - [2024-05-13T15:35:41.220+0000] {dag.py:3834} INFO - Setting next_dagrun for tutorial to 2024-05-12 00:00:00+00:00, run_after=2024-05-13 00:00:00+00:00
[2024-05-13T15:35:41.238+0000] {processor.py:183} INFO - Processing /home/airflow/.local/lib/python3.8/site-packages/airflow/example_dags/tutorial.py took 0.066 seconds
[2024-05-13T15:36:12.184+0000] {processor.py:161} INFO - Started process (PID=2897) to work on /home/airflow/.local/lib/python3.8/site-packages/airflow/example_dags/tutorial.py
[2024-05-13T15:36:12.185+0000] {processor.py:830} INFO - Processing file /home/airflow/.local/lib/python3.8/site-packages/airflow/example_dags/tutorial.py for tasks to queue
[2024-05-13T15:36:12.187+0000] {logging_mixin.py:188} INFO - [2024-05-13T15:36:12.186+0000] {dagbag.py:540} INFO - Filling up the DagBag from /home/airflow/.local/lib/python3.8/site-packages/airflow/example_dags/tutorial.py
[2024-05-13T15:36:12.192+0000] {processor.py:840} INFO - DAG(s) 'tutorial' retrieved from /home/airflow/.local/lib/python3.8/site-packages/airflow/example_dags/tutorial.py
[2024-05-13T15:36:12.213+0000] {logging_mixin.py:188} INFO - [2024-05-13T15:36:12.213+0000] {dag.py:3047} INFO - Sync 1 DAGs
[2024-05-13T15:36:12.236+0000] {logging_mixin.py:188} INFO - [2024-05-13T15:36:12.235+0000] {dag.py:3834} INFO - Setting next_dagrun for tutorial to 2024-05-12 00:00:00+00:00, run_after=2024-05-13 00:00:00+00:00
[2024-05-13T15:36:12.256+0000] {processor.py:183} INFO - Processing /home/airflow/.local/lib/python3.8/site-packages/airflow/example_dags/tutorial.py took 0.075 seconds
[2024-05-13T15:36:42.439+0000] {processor.py:161} INFO - Started process (PID=2965) to work on /home/airflow/.local/lib/python3.8/site-packages/airflow/example_dags/tutorial.py
[2024-05-13T15:36:42.441+0000] {processor.py:830} INFO - Processing file /home/airflow/.local/lib/python3.8/site-packages/airflow/example_dags/tutorial.py for tasks to queue
[2024-05-13T15:36:42.442+0000] {logging_mixin.py:188} INFO - [2024-05-13T15:36:42.442+0000] {dagbag.py:540} INFO - Filling up the DagBag from /home/airflow/.local/lib/python3.8/site-packages/airflow/example_dags/tutorial.py
[2024-05-13T15:36:42.448+0000] {processor.py:840} INFO - DAG(s) 'tutorial' retrieved from /home/airflow/.local/lib/python3.8/site-packages/airflow/example_dags/tutorial.py
[2024-05-13T15:36:42.466+0000] {logging_mixin.py:188} INFO - [2024-05-13T15:36:42.466+0000] {dag.py:3047} INFO - Sync 1 DAGs
[2024-05-13T15:36:42.486+0000] {logging_mixin.py:188} INFO - [2024-05-13T15:36:42.486+0000] {dag.py:3834} INFO - Setting next_dagrun for tutorial to 2024-05-12 00:00:00+00:00, run_after=2024-05-13 00:00:00+00:00
[2024-05-13T15:36:42.506+0000] {processor.py:183} INFO - Processing /home/airflow/.local/lib/python3.8/site-packages/airflow/example_dags/tutorial.py took 0.070 seconds
[2024-05-13T15:37:12.655+0000] {processor.py:161} INFO - Started process (PID=3033) to work on /home/airflow/.local/lib/python3.8/site-packages/airflow/example_dags/tutorial.py
[2024-05-13T15:37:12.656+0000] {processor.py:830} INFO - Processing file /home/airflow/.local/lib/python3.8/site-packages/airflow/example_dags/tutorial.py for tasks to queue
[2024-05-13T15:37:12.658+0000] {logging_mixin.py:188} INFO - [2024-05-13T15:37:12.658+0000] {dagbag.py:540} INFO - Filling up the DagBag from /home/airflow/.local/lib/python3.8/site-packages/airflow/example_dags/tutorial.py
[2024-05-13T15:37:12.663+0000] {processor.py:840} INFO - DAG(s) 'tutorial' retrieved from /home/airflow/.local/lib/python3.8/site-packages/airflow/example_dags/tutorial.py
[2024-05-13T15:37:12.681+0000] {logging_mixin.py:188} INFO - [2024-05-13T15:37:12.681+0000] {dag.py:3047} INFO - Sync 1 DAGs
[2024-05-13T15:37:12.699+0000] {logging_mixin.py:188} INFO - [2024-05-13T15:37:12.699+0000] {dag.py:3834} INFO - Setting next_dagrun for tutorial to 2024-05-12 00:00:00+00:00, run_after=2024-05-13 00:00:00+00:00
[2024-05-13T15:37:12.718+0000] {processor.py:183} INFO - Processing /home/airflow/.local/lib/python3.8/site-packages/airflow/example_dags/tutorial.py took 0.066 seconds
[2024-05-13T15:37:43.480+0000] {processor.py:161} INFO - Started process (PID=3101) to work on /home/airflow/.local/lib/python3.8/site-packages/airflow/example_dags/tutorial.py
[2024-05-13T15:37:43.481+0000] {processor.py:830} INFO - Processing file /home/airflow/.local/lib/python3.8/site-packages/airflow/example_dags/tutorial.py for tasks to queue
[2024-05-13T15:37:43.483+0000] {logging_mixin.py:188} INFO - [2024-05-13T15:37:43.483+0000] {dagbag.py:540} INFO - Filling up the DagBag from /home/airflow/.local/lib/python3.8/site-packages/airflow/example_dags/tutorial.py
[2024-05-13T15:37:43.490+0000] {processor.py:840} INFO - DAG(s) 'tutorial' retrieved from /home/airflow/.local/lib/python3.8/site-packages/airflow/example_dags/tutorial.py
[2024-05-13T15:37:43.514+0000] {logging_mixin.py:188} INFO - [2024-05-13T15:37:43.513+0000] {dag.py:3047} INFO - Sync 1 DAGs
[2024-05-13T15:37:43.543+0000] {logging_mixin.py:188} INFO - [2024-05-13T15:37:43.542+0000] {dag.py:3834} INFO - Setting next_dagrun for tutorial to 2024-05-12 00:00:00+00:00, run_after=2024-05-13 00:00:00+00:00
[2024-05-13T15:37:43.566+0000] {processor.py:183} INFO - Processing /home/airflow/.local/lib/python3.8/site-packages/airflow/example_dags/tutorial.py took 0.090 seconds
[2024-05-13T15:38:13.617+0000] {processor.py:161} INFO - Started process (PID=3169) to work on /home/airflow/.local/lib/python3.8/site-packages/airflow/example_dags/tutorial.py
[2024-05-13T15:38:13.619+0000] {processor.py:830} INFO - Processing file /home/airflow/.local/lib/python3.8/site-packages/airflow/example_dags/tutorial.py for tasks to queue
[2024-05-13T15:38:13.620+0000] {logging_mixin.py:188} INFO - [2024-05-13T15:38:13.620+0000] {dagbag.py:540} INFO - Filling up the DagBag from /home/airflow/.local/lib/python3.8/site-packages/airflow/example_dags/tutorial.py
[2024-05-13T15:38:13.626+0000] {processor.py:840} INFO - DAG(s) 'tutorial' retrieved from /home/airflow/.local/lib/python3.8/site-packages/airflow/example_dags/tutorial.py
[2024-05-13T15:38:13.646+0000] {logging_mixin.py:188} INFO - [2024-05-13T15:38:13.646+0000] {dag.py:3047} INFO - Sync 1 DAGs
[2024-05-13T15:38:13.667+0000] {logging_mixin.py:188} INFO - [2024-05-13T15:38:13.667+0000] {dag.py:3834} INFO - Setting next_dagrun for tutorial to 2024-05-12 00:00:00+00:00, run_after=2024-05-13 00:00:00+00:00
[2024-05-13T15:38:13.692+0000] {processor.py:183} INFO - Processing /home/airflow/.local/lib/python3.8/site-packages/airflow/example_dags/tutorial.py took 0.078 seconds
[2024-05-13T15:38:44.027+0000] {processor.py:161} INFO - Started process (PID=3236) to work on /home/airflow/.local/lib/python3.8/site-packages/airflow/example_dags/tutorial.py
[2024-05-13T15:38:44.028+0000] {processor.py:830} INFO - Processing file /home/airflow/.local/lib/python3.8/site-packages/airflow/example_dags/tutorial.py for tasks to queue
[2024-05-13T15:38:44.030+0000] {logging_mixin.py:188} INFO - [2024-05-13T15:38:44.030+0000] {dagbag.py:540} INFO - Filling up the DagBag from /home/airflow/.local/lib/python3.8/site-packages/airflow/example_dags/tutorial.py
[2024-05-13T15:38:44.036+0000] {processor.py:840} INFO - DAG(s) 'tutorial' retrieved from /home/airflow/.local/lib/python3.8/site-packages/airflow/example_dags/tutorial.py
[2024-05-13T15:38:44.058+0000] {logging_mixin.py:188} INFO - [2024-05-13T15:38:44.058+0000] {dag.py:3047} INFO - Sync 1 DAGs
[2024-05-13T15:38:44.082+0000] {logging_mixin.py:188} INFO - [2024-05-13T15:38:44.082+0000] {dag.py:3834} INFO - Setting next_dagrun for tutorial to 2024-05-12 00:00:00+00:00, run_after=2024-05-13 00:00:00+00:00
[2024-05-13T15:38:44.105+0000] {processor.py:183} INFO - Processing /home/airflow/.local/lib/python3.8/site-packages/airflow/example_dags/tutorial.py took 0.080 seconds
[2024-05-13T15:39:14.286+0000] {processor.py:161} INFO - Started process (PID=3292) to work on /home/airflow/.local/lib/python3.8/site-packages/airflow/example_dags/tutorial.py
[2024-05-13T15:39:14.288+0000] {processor.py:830} INFO - Processing file /home/airflow/.local/lib/python3.8/site-packages/airflow/example_dags/tutorial.py for tasks to queue
[2024-05-13T15:39:14.292+0000] {logging_mixin.py:188} INFO - [2024-05-13T15:39:14.291+0000] {dagbag.py:540} INFO - Filling up the DagBag from /home/airflow/.local/lib/python3.8/site-packages/airflow/example_dags/tutorial.py
[2024-05-13T15:39:14.300+0000] {processor.py:840} INFO - DAG(s) 'tutorial' retrieved from /home/airflow/.local/lib/python3.8/site-packages/airflow/example_dags/tutorial.py
[2024-05-13T15:39:14.323+0000] {logging_mixin.py:188} INFO - [2024-05-13T15:39:14.323+0000] {dag.py:3047} INFO - Sync 1 DAGs
[2024-05-13T15:39:14.352+0000] {logging_mixin.py:188} INFO - [2024-05-13T15:39:14.352+0000] {dag.py:3834} INFO - Setting next_dagrun for tutorial to 2024-05-12 00:00:00+00:00, run_after=2024-05-13 00:00:00+00:00
[2024-05-13T15:39:14.375+0000] {processor.py:183} INFO - Processing /home/airflow/.local/lib/python3.8/site-packages/airflow/example_dags/tutorial.py took 0.092 seconds
[2024-05-13T15:39:45.349+0000] {processor.py:161} INFO - Started process (PID=3360) to work on /home/airflow/.local/lib/python3.8/site-packages/airflow/example_dags/tutorial.py
[2024-05-13T15:39:45.350+0000] {processor.py:830} INFO - Processing file /home/airflow/.local/lib/python3.8/site-packages/airflow/example_dags/tutorial.py for tasks to queue
[2024-05-13T15:39:45.352+0000] {logging_mixin.py:188} INFO - [2024-05-13T15:39:45.352+0000] {dagbag.py:540} INFO - Filling up the DagBag from /home/airflow/.local/lib/python3.8/site-packages/airflow/example_dags/tutorial.py
[2024-05-13T15:39:45.357+0000] {processor.py:840} INFO - DAG(s) 'tutorial' retrieved from /home/airflow/.local/lib/python3.8/site-packages/airflow/example_dags/tutorial.py
[2024-05-13T15:39:45.377+0000] {logging_mixin.py:188} INFO - [2024-05-13T15:39:45.377+0000] {dag.py:3047} INFO - Sync 1 DAGs
[2024-05-13T15:39:45.515+0000] {logging_mixin.py:188} INFO - [2024-05-13T15:39:45.515+0000] {dag.py:3834} INFO - Setting next_dagrun for tutorial to 2024-05-12 00:00:00+00:00, run_after=2024-05-13 00:00:00+00:00
[2024-05-13T15:39:45.533+0000] {processor.py:183} INFO - Processing /home/airflow/.local/lib/python3.8/site-packages/airflow/example_dags/tutorial.py took 0.187 seconds
[2024-05-13T15:40:16.225+0000] {processor.py:161} INFO - Started process (PID=3428) to work on /home/airflow/.local/lib/python3.8/site-packages/airflow/example_dags/tutorial.py
[2024-05-13T15:40:16.226+0000] {processor.py:830} INFO - Processing file /home/airflow/.local/lib/python3.8/site-packages/airflow/example_dags/tutorial.py for tasks to queue
[2024-05-13T15:40:16.228+0000] {logging_mixin.py:188} INFO - [2024-05-13T15:40:16.228+0000] {dagbag.py:540} INFO - Filling up the DagBag from /home/airflow/.local/lib/python3.8/site-packages/airflow/example_dags/tutorial.py
[2024-05-13T15:40:16.234+0000] {processor.py:840} INFO - DAG(s) 'tutorial' retrieved from /home/airflow/.local/lib/python3.8/site-packages/airflow/example_dags/tutorial.py
[2024-05-13T15:40:16.252+0000] {logging_mixin.py:188} INFO - [2024-05-13T15:40:16.252+0000] {dag.py:3047} INFO - Sync 1 DAGs
[2024-05-13T15:40:16.277+0000] {logging_mixin.py:188} INFO - [2024-05-13T15:40:16.277+0000] {dag.py:3834} INFO - Setting next_dagrun for tutorial to 2024-05-12 00:00:00+00:00, run_after=2024-05-13 00:00:00+00:00
[2024-05-13T15:40:16.438+0000] {processor.py:183} INFO - Processing /home/airflow/.local/lib/python3.8/site-packages/airflow/example_dags/tutorial.py took 0.217 seconds
[2024-05-13T15:40:47.121+0000] {processor.py:161} INFO - Started process (PID=3502) to work on /home/airflow/.local/lib/python3.8/site-packages/airflow/example_dags/tutorial.py
[2024-05-13T15:40:47.123+0000] {processor.py:830} INFO - Processing file /home/airflow/.local/lib/python3.8/site-packages/airflow/example_dags/tutorial.py for tasks to queue
[2024-05-13T15:40:47.125+0000] {logging_mixin.py:188} INFO - [2024-05-13T15:40:47.124+0000] {dagbag.py:540} INFO - Filling up the DagBag from /home/airflow/.local/lib/python3.8/site-packages/airflow/example_dags/tutorial.py
[2024-05-13T15:40:47.130+0000] {processor.py:840} INFO - DAG(s) 'tutorial' retrieved from /home/airflow/.local/lib/python3.8/site-packages/airflow/example_dags/tutorial.py
[2024-05-13T15:40:47.151+0000] {logging_mixin.py:188} INFO - [2024-05-13T15:40:47.150+0000] {dag.py:3047} INFO - Sync 1 DAGs
[2024-05-13T15:40:47.174+0000] {logging_mixin.py:188} INFO - [2024-05-13T15:40:47.174+0000] {dag.py:3834} INFO - Setting next_dagrun for tutorial to 2024-05-12 00:00:00+00:00, run_after=2024-05-13 00:00:00+00:00
[2024-05-13T15:40:47.208+0000] {processor.py:183} INFO - Processing /home/airflow/.local/lib/python3.8/site-packages/airflow/example_dags/tutorial.py took 0.089 seconds
[2024-05-13T15:41:17.549+0000] {processor.py:161} INFO - Started process (PID=3570) to work on /home/airflow/.local/lib/python3.8/site-packages/airflow/example_dags/tutorial.py
[2024-05-13T15:41:17.550+0000] {processor.py:830} INFO - Processing file /home/airflow/.local/lib/python3.8/site-packages/airflow/example_dags/tutorial.py for tasks to queue
[2024-05-13T15:41:17.552+0000] {logging_mixin.py:188} INFO - [2024-05-13T15:41:17.552+0000] {dagbag.py:540} INFO - Filling up the DagBag from /home/airflow/.local/lib/python3.8/site-packages/airflow/example_dags/tutorial.py
[2024-05-13T15:41:17.557+0000] {processor.py:840} INFO - DAG(s) 'tutorial' retrieved from /home/airflow/.local/lib/python3.8/site-packages/airflow/example_dags/tutorial.py
[2024-05-13T15:41:17.576+0000] {logging_mixin.py:188} INFO - [2024-05-13T15:41:17.576+0000] {dag.py:3047} INFO - Sync 1 DAGs
[2024-05-13T15:41:17.600+0000] {logging_mixin.py:188} INFO - [2024-05-13T15:41:17.600+0000] {dag.py:3834} INFO - Setting next_dagrun for tutorial to 2024-05-12 00:00:00+00:00, run_after=2024-05-13 00:00:00+00:00
[2024-05-13T15:41:17.628+0000] {processor.py:183} INFO - Processing /home/airflow/.local/lib/python3.8/site-packages/airflow/example_dags/tutorial.py took 0.081 seconds
[2024-05-13T15:41:47.720+0000] {processor.py:161} INFO - Started process (PID=3637) to work on /home/airflow/.local/lib/python3.8/site-packages/airflow/example_dags/tutorial.py
[2024-05-13T15:41:47.721+0000] {processor.py:830} INFO - Processing file /home/airflow/.local/lib/python3.8/site-packages/airflow/example_dags/tutorial.py for tasks to queue
[2024-05-13T15:41:47.723+0000] {logging_mixin.py:188} INFO - [2024-05-13T15:41:47.723+0000] {dagbag.py:540} INFO - Filling up the DagBag from /home/airflow/.local/lib/python3.8/site-packages/airflow/example_dags/tutorial.py
[2024-05-13T15:41:47.729+0000] {processor.py:840} INFO - DAG(s) 'tutorial' retrieved from /home/airflow/.local/lib/python3.8/site-packages/airflow/example_dags/tutorial.py
[2024-05-13T15:41:47.747+0000] {logging_mixin.py:188} INFO - [2024-05-13T15:41:47.747+0000] {dag.py:3047} INFO - Sync 1 DAGs
[2024-05-13T15:41:47.767+0000] {logging_mixin.py:188} INFO - [2024-05-13T15:41:47.766+0000] {dag.py:3834} INFO - Setting next_dagrun for tutorial to 2024-05-12 00:00:00+00:00, run_after=2024-05-13 00:00:00+00:00
[2024-05-13T15:41:47.784+0000] {processor.py:183} INFO - Processing /home/airflow/.local/lib/python3.8/site-packages/airflow/example_dags/tutorial.py took 0.067 seconds
[2024-05-13T15:42:17.955+0000] {processor.py:161} INFO - Started process (PID=3705) to work on /home/airflow/.local/lib/python3.8/site-packages/airflow/example_dags/tutorial.py
[2024-05-13T15:42:17.956+0000] {processor.py:830} INFO - Processing file /home/airflow/.local/lib/python3.8/site-packages/airflow/example_dags/tutorial.py for tasks to queue
[2024-05-13T15:42:17.958+0000] {logging_mixin.py:188} INFO - [2024-05-13T15:42:17.958+0000] {dagbag.py:540} INFO - Filling up the DagBag from /home/airflow/.local/lib/python3.8/site-packages/airflow/example_dags/tutorial.py
[2024-05-13T15:42:18.076+0000] {processor.py:840} INFO - DAG(s) 'tutorial' retrieved from /home/airflow/.local/lib/python3.8/site-packages/airflow/example_dags/tutorial.py
[2024-05-13T15:42:18.091+0000] {logging_mixin.py:188} INFO - [2024-05-13T15:42:18.091+0000] {dag.py:3047} INFO - Sync 1 DAGs
[2024-05-13T15:42:18.109+0000] {logging_mixin.py:188} INFO - [2024-05-13T15:42:18.109+0000] {dag.py:3834} INFO - Setting next_dagrun for tutorial to 2024-05-12 00:00:00+00:00, run_after=2024-05-13 00:00:00+00:00
[2024-05-13T15:42:18.125+0000] {processor.py:183} INFO - Processing /home/airflow/.local/lib/python3.8/site-packages/airflow/example_dags/tutorial.py took 0.173 seconds
[2024-05-13T15:42:48.215+0000] {processor.py:161} INFO - Started process (PID=3773) to work on /home/airflow/.local/lib/python3.8/site-packages/airflow/example_dags/tutorial.py
[2024-05-13T15:42:48.216+0000] {processor.py:830} INFO - Processing file /home/airflow/.local/lib/python3.8/site-packages/airflow/example_dags/tutorial.py for tasks to queue
[2024-05-13T15:42:48.219+0000] {logging_mixin.py:188} INFO - [2024-05-13T15:42:48.218+0000] {dagbag.py:540} INFO - Filling up the DagBag from /home/airflow/.local/lib/python3.8/site-packages/airflow/example_dags/tutorial.py
[2024-05-13T15:42:48.224+0000] {processor.py:840} INFO - DAG(s) 'tutorial' retrieved from /home/airflow/.local/lib/python3.8/site-packages/airflow/example_dags/tutorial.py
[2024-05-13T15:42:48.245+0000] {logging_mixin.py:188} INFO - [2024-05-13T15:42:48.245+0000] {dag.py:3047} INFO - Sync 1 DAGs
[2024-05-13T15:42:48.266+0000] {logging_mixin.py:188} INFO - [2024-05-13T15:42:48.266+0000] {dag.py:3834} INFO - Setting next_dagrun for tutorial to 2024-05-12 00:00:00+00:00, run_after=2024-05-13 00:00:00+00:00
[2024-05-13T15:42:48.288+0000] {processor.py:183} INFO - Processing /home/airflow/.local/lib/python3.8/site-packages/airflow/example_dags/tutorial.py took 0.077 seconds
[2024-05-13T15:43:18.767+0000] {processor.py:161} INFO - Started process (PID=3841) to work on /home/airflow/.local/lib/python3.8/site-packages/airflow/example_dags/tutorial.py
[2024-05-13T15:43:18.769+0000] {processor.py:830} INFO - Processing file /home/airflow/.local/lib/python3.8/site-packages/airflow/example_dags/tutorial.py for tasks to queue
[2024-05-13T15:43:18.771+0000] {logging_mixin.py:188} INFO - [2024-05-13T15:43:18.770+0000] {dagbag.py:540} INFO - Filling up the DagBag from /home/airflow/.local/lib/python3.8/site-packages/airflow/example_dags/tutorial.py
[2024-05-13T15:43:18.777+0000] {processor.py:840} INFO - DAG(s) 'tutorial' retrieved from /home/airflow/.local/lib/python3.8/site-packages/airflow/example_dags/tutorial.py
[2024-05-13T15:43:18.797+0000] {logging_mixin.py:188} INFO - [2024-05-13T15:43:18.797+0000] {dag.py:3047} INFO - Sync 1 DAGs
[2024-05-13T15:43:18.820+0000] {logging_mixin.py:188} INFO - [2024-05-13T15:43:18.820+0000] {dag.py:3834} INFO - Setting next_dagrun for tutorial to 2024-05-12 00:00:00+00:00, run_after=2024-05-13 00:00:00+00:00
[2024-05-13T15:43:18.842+0000] {processor.py:183} INFO - Processing /home/airflow/.local/lib/python3.8/site-packages/airflow/example_dags/tutorial.py took 0.079 seconds
[2024-05-13T15:43:49.281+0000] {processor.py:161} INFO - Started process (PID=3909) to work on /home/airflow/.local/lib/python3.8/site-packages/airflow/example_dags/tutorial.py
[2024-05-13T15:43:49.283+0000] {processor.py:830} INFO - Processing file /home/airflow/.local/lib/python3.8/site-packages/airflow/example_dags/tutorial.py for tasks to queue
[2024-05-13T15:43:49.285+0000] {logging_mixin.py:188} INFO - [2024-05-13T15:43:49.284+0000] {dagbag.py:540} INFO - Filling up the DagBag from /home/airflow/.local/lib/python3.8/site-packages/airflow/example_dags/tutorial.py
[2024-05-13T15:43:49.292+0000] {processor.py:840} INFO - DAG(s) 'tutorial' retrieved from /home/airflow/.local/lib/python3.8/site-packages/airflow/example_dags/tutorial.py
[2024-05-13T15:43:49.318+0000] {logging_mixin.py:188} INFO - [2024-05-13T15:43:49.317+0000] {dag.py:3047} INFO - Sync 1 DAGs
[2024-05-13T15:43:49.343+0000] {logging_mixin.py:188} INFO - [2024-05-13T15:43:49.342+0000] {dag.py:3834} INFO - Setting next_dagrun for tutorial to 2024-05-12 00:00:00+00:00, run_after=2024-05-13 00:00:00+00:00
[2024-05-13T15:43:49.372+0000] {processor.py:183} INFO - Processing /home/airflow/.local/lib/python3.8/site-packages/airflow/example_dags/tutorial.py took 0.094 seconds
[2024-05-13T15:44:19.589+0000] {processor.py:161} INFO - Started process (PID=3977) to work on /home/airflow/.local/lib/python3.8/site-packages/airflow/example_dags/tutorial.py
[2024-05-13T15:44:19.590+0000] {processor.py:830} INFO - Processing file /home/airflow/.local/lib/python3.8/site-packages/airflow/example_dags/tutorial.py for tasks to queue
[2024-05-13T15:44:19.592+0000] {logging_mixin.py:188} INFO - [2024-05-13T15:44:19.592+0000] {dagbag.py:540} INFO - Filling up the DagBag from /home/airflow/.local/lib/python3.8/site-packages/airflow/example_dags/tutorial.py
[2024-05-13T15:44:19.597+0000] {processor.py:840} INFO - DAG(s) 'tutorial' retrieved from /home/airflow/.local/lib/python3.8/site-packages/airflow/example_dags/tutorial.py
[2024-05-13T15:44:19.616+0000] {logging_mixin.py:188} INFO - [2024-05-13T15:44:19.616+0000] {dag.py:3047} INFO - Sync 1 DAGs
[2024-05-13T15:44:19.635+0000] {logging_mixin.py:188} INFO - [2024-05-13T15:44:19.635+0000] {dag.py:3834} INFO - Setting next_dagrun for tutorial to 2024-05-12 00:00:00+00:00, run_after=2024-05-13 00:00:00+00:00
[2024-05-13T15:44:19.657+0000] {processor.py:183} INFO - Processing /home/airflow/.local/lib/python3.8/site-packages/airflow/example_dags/tutorial.py took 0.071 seconds
