[2024-05-13T15:20:33.566+0000] {taskinstance.py:1979} INFO - Dependencies all met for dep_context=non-requeueable deps ti=<TaskInstance: data_ingestion.create_table scheduled__2024-05-12T00:00:00+00:00 [queued]>
[2024-05-13T15:20:33.576+0000] {taskinstance.py:1979} INFO - Dependencies all met for dep_context=requeueable deps ti=<TaskInstance: data_ingestion.create_table scheduled__2024-05-12T00:00:00+00:00 [queued]>
[2024-05-13T15:20:33.577+0000] {taskinstance.py:2193} INFO - Starting attempt 1 of 1
[2024-05-13T15:20:33.592+0000] {taskinstance.py:2217} INFO - Executing <Task(PostgresOperator): create_table> on 2024-05-12 00:00:00+00:00
[2024-05-13T15:20:33.604+0000] {standard_task_runner.py:60} INFO - Started process 187 to run task
[2024-05-13T15:20:33.610+0000] {standard_task_runner.py:87} INFO - Running: ['***', 'tasks', 'run', 'data_ingestion', 'create_table', 'scheduled__2024-05-12T00:00:00+00:00', '--job-id', '3', '--raw', '--subdir', 'DAGS_FOLDER/main.py', '--cfg-path', '/tmp/tmpa_whmghh']
[2024-05-13T15:20:33.611+0000] {standard_task_runner.py:88} INFO - Job 3: Subtask create_table
[2024-05-13T15:20:33.692+0000] {task_command.py:423} INFO - Running <TaskInstance: data_ingestion.create_table scheduled__2024-05-12T00:00:00+00:00 [running]> on host 8cdbf8d6368c
[2024-05-13T15:20:33.792+0000] {taskinstance.py:2513} INFO - Exporting env vars: AIRFLOW_CTX_DAG_OWNER='***' AIRFLOW_CTX_DAG_ID='data_ingestion' AIRFLOW_CTX_TASK_ID='create_table' AIRFLOW_CTX_EXECUTION_DATE='2024-05-12T00:00:00+00:00' AIRFLOW_CTX_TRY_NUMBER='1' AIRFLOW_CTX_DAG_RUN_ID='scheduled__2024-05-12T00:00:00+00:00'
[2024-05-13T15:20:33.794+0000] {sql.py:276} INFO - Executing: CREATE TABLE IF NOT EXISTS propensity_list (
            UserID VARCHAR(255) NOT NULL,
            basket_icon_click VARCHAR(255),
            basket_add_list VARCHAR(255),
            basket_add_detail VARCHAR(255),
            sort_by VARCHAR(255),
            image_picker VARCHAR(255),
            account_page_click VARCHAR(255),
            promo_banner_click VARCHAR(255),
            detail_wishlist_add VARCHAR(255),
            list_size_dropdown VARCHAR(255),
            closed_minibasket_click VARCHAR(255),
            checked_delivery_detail VARCHAR(255),
            checked_returns_detail VARCHAR(255),
            sign_in VARCHAR(255),
            saw_checkout VARCHAR(255),
            saw_sizecharts VARCHAR(255),
            saw_delivery VARCHAR(255),
            saw_account_upgrade VARCHAR(255),
            saw_homepage VARCHAR(255),
            device_computer VARCHAR(255),
            device_tablet VARCHAR(255),
            returning_user VARCHAR(255),
            loc_uk VARCHAR(255),
            propensity VARCHAR(255)
        );
[2024-05-13T15:20:33.807+0000] {base.py:83} INFO - Using connection ID 'postgres_localhost' for task execution.
[2024-05-13T15:20:33.819+0000] {base.py:83} INFO - Using connection ID 'postgres_localhost' for task execution.
[2024-05-13T15:20:33.833+0000] {sql.py:457} INFO - Running statement: CREATE TABLE IF NOT EXISTS propensity_list (
            UserID VARCHAR(255) NOT NULL,
            basket_icon_click VARCHAR(255),
            basket_add_list VARCHAR(255),
            basket_add_detail VARCHAR(255),
            sort_by VARCHAR(255),
            image_picker VARCHAR(255),
            account_page_click VARCHAR(255),
            promo_banner_click VARCHAR(255),
            detail_wishlist_add VARCHAR(255),
            list_size_dropdown VARCHAR(255),
            closed_minibasket_click VARCHAR(255),
            checked_delivery_detail VARCHAR(255),
            checked_returns_detail VARCHAR(255),
            sign_in VARCHAR(255),
            saw_checkout VARCHAR(255),
            saw_sizecharts VARCHAR(255),
            saw_delivery VARCHAR(255),
            saw_account_upgrade VARCHAR(255),
            saw_homepage VARCHAR(255),
            device_computer VARCHAR(255),
            device_tablet VARCHAR(255),
            returning_user VARCHAR(255),
            loc_uk VARCHAR(255),
            propensity VARCHAR(255)
        );, parameters: None
[2024-05-13T15:20:33.843+0000] {warnings.py:109} WARNING - /home/***/.local/lib/python3.8/site-packages/***/providers/common/sql/hooks/sql.py:407: AirflowProviderDeprecationWarning: Call to deprecated method _make_common_data_structure. (The `_make_serializable` method is deprecated and support will be removed in a future version of the common.sql provider. Please update the DbApiHook's provider to a version based on common.sql >= 1.9.1.)
  result = self._make_common_data_structure(handler(cur))

[2024-05-13T15:20:33.856+0000] {taskinstance.py:1149} INFO - Marking task as SUCCESS. dag_id=data_ingestion, task_id=create_table, execution_date=20240512T000000, start_date=20240513T152033, end_date=20240513T152033
[2024-05-13T15:20:33.902+0000] {local_task_job_runner.py:234} INFO - Task exited with return code 0
[2024-05-13T15:20:33.918+0000] {warnings.py:109} WARNING - /home/***/.local/lib/python3.8/site-packages/***/models/baseoperator.py:1201: AirflowProviderDeprecationWarning: Call to deprecated class PostgresOperator. (Please use `***.providers.common.sql.operators.sql.SQLExecuteQueryOperator`.Also, you can provide `hook_params={'schema': <database>}`.)
  result = cls.__new__(cls)

[2024-05-13T15:20:33.935+0000] {taskinstance.py:3312} INFO - 1 downstream tasks scheduled from follow-on schedule check
