[2024-05-13T15:15:16.028+0000] {processor.py:161} INFO - Started process (PID=67) to work on /opt/airflow/dags/main.py
[2024-05-13T15:15:16.029+0000] {processor.py:830} INFO - Processing file /opt/airflow/dags/main.py for tasks to queue
[2024-05-13T15:15:16.032+0000] {logging_mixin.py:188} INFO - [2024-05-13T15:15:16.031+0000] {dagbag.py:540} INFO - Filling up the DagBag from /opt/airflow/dags/main.py
[2024-05-13T15:15:17.845+0000] {processor.py:840} INFO - DAG(s) 'data_ingestion' retrieved from /opt/airflow/dags/main.py
[2024-05-13T15:15:18.031+0000] {logging_mixin.py:188} INFO - [2024-05-13T15:15:18.029+0000] {override.py:1769} INFO - Created Permission View: can delete on DAG:data_ingestion
[2024-05-13T15:15:18.054+0000] {logging_mixin.py:188} INFO - [2024-05-13T15:15:18.053+0000] {override.py:1769} INFO - Created Permission View: can edit on DAG:data_ingestion
[2024-05-13T15:15:18.069+0000] {logging_mixin.py:188} INFO - [2024-05-13T15:15:18.068+0000] {override.py:1769} INFO - Created Permission View: can read on DAG:data_ingestion
[2024-05-13T15:15:18.070+0000] {logging_mixin.py:188} INFO - [2024-05-13T15:15:18.070+0000] {dag.py:3047} INFO - Sync 1 DAGs
[2024-05-13T15:15:18.084+0000] {logging_mixin.py:188} INFO - [2024-05-13T15:15:18.083+0000] {dag.py:3069} INFO - Creating ORM DAG for data_ingestion
[2024-05-13T15:15:18.105+0000] {logging_mixin.py:188} INFO - [2024-05-13T15:15:18.104+0000] {dag.py:3834} INFO - Setting next_dagrun for data_ingestion to 2024-05-12 00:00:00+00:00, run_after=2024-05-13 00:00:00+00:00
[2024-05-13T15:15:18.134+0000] {processor.py:183} INFO - Processing /opt/airflow/dags/main.py took 2.109 seconds
[2024-05-13T15:15:48.780+0000] {processor.py:161} INFO - Started process (PID=140) to work on /opt/airflow/dags/main.py
[2024-05-13T15:15:48.781+0000] {processor.py:830} INFO - Processing file /opt/airflow/dags/main.py for tasks to queue
[2024-05-13T15:15:48.783+0000] {logging_mixin.py:188} INFO - [2024-05-13T15:15:48.782+0000] {dagbag.py:540} INFO - Filling up the DagBag from /opt/airflow/dags/main.py
[2024-05-13T15:15:49.668+0000] {processor.py:840} INFO - DAG(s) 'data_ingestion' retrieved from /opt/airflow/dags/main.py
[2024-05-13T15:15:49.686+0000] {logging_mixin.py:188} INFO - [2024-05-13T15:15:49.686+0000] {dag.py:3047} INFO - Sync 1 DAGs
[2024-05-13T15:15:49.705+0000] {logging_mixin.py:188} INFO - [2024-05-13T15:15:49.705+0000] {dag.py:3834} INFO - Setting next_dagrun for data_ingestion to 2024-05-12 00:00:00+00:00, run_after=2024-05-13 00:00:00+00:00
[2024-05-13T15:15:49.724+0000] {processor.py:183} INFO - Processing /opt/airflow/dags/main.py took 0.947 seconds
[2024-05-13T15:16:19.846+0000] {processor.py:161} INFO - Started process (PID=214) to work on /opt/airflow/dags/main.py
[2024-05-13T15:16:19.847+0000] {processor.py:830} INFO - Processing file /opt/airflow/dags/main.py for tasks to queue
[2024-05-13T15:16:19.849+0000] {logging_mixin.py:188} INFO - [2024-05-13T15:16:19.849+0000] {dagbag.py:540} INFO - Filling up the DagBag from /opt/airflow/dags/main.py
[2024-05-13T15:16:20.668+0000] {processor.py:840} INFO - DAG(s) 'data_ingestion' retrieved from /opt/airflow/dags/main.py
[2024-05-13T15:16:20.687+0000] {logging_mixin.py:188} INFO - [2024-05-13T15:16:20.686+0000] {dag.py:3047} INFO - Sync 1 DAGs
[2024-05-13T15:16:20.706+0000] {logging_mixin.py:188} INFO - [2024-05-13T15:16:20.706+0000] {dag.py:3834} INFO - Setting next_dagrun for data_ingestion to 2024-05-12 00:00:00+00:00, run_after=2024-05-13 00:00:00+00:00
[2024-05-13T15:16:20.726+0000] {processor.py:183} INFO - Processing /opt/airflow/dags/main.py took 0.883 seconds
[2024-05-13T15:16:51.179+0000] {processor.py:161} INFO - Started process (PID=284) to work on /opt/airflow/dags/main.py
[2024-05-13T15:16:51.180+0000] {processor.py:830} INFO - Processing file /opt/airflow/dags/main.py for tasks to queue
[2024-05-13T15:16:51.182+0000] {logging_mixin.py:188} INFO - [2024-05-13T15:16:51.181+0000] {dagbag.py:540} INFO - Filling up the DagBag from /opt/airflow/dags/main.py
[2024-05-13T15:16:51.959+0000] {processor.py:840} INFO - DAG(s) 'data_ingestion' retrieved from /opt/airflow/dags/main.py
[2024-05-13T15:16:51.979+0000] {logging_mixin.py:188} INFO - [2024-05-13T15:16:51.978+0000] {dag.py:3047} INFO - Sync 1 DAGs
[2024-05-13T15:16:52.001+0000] {logging_mixin.py:188} INFO - [2024-05-13T15:16:52.000+0000] {dag.py:3834} INFO - Setting next_dagrun for data_ingestion to 2024-05-12 00:00:00+00:00, run_after=2024-05-13 00:00:00+00:00
[2024-05-13T15:16:52.022+0000] {processor.py:183} INFO - Processing /opt/airflow/dags/main.py took 0.847 seconds
[2024-05-13T15:17:22.823+0000] {processor.py:161} INFO - Started process (PID=357) to work on /opt/airflow/dags/main.py
[2024-05-13T15:17:22.824+0000] {processor.py:830} INFO - Processing file /opt/airflow/dags/main.py for tasks to queue
[2024-05-13T15:17:22.826+0000] {logging_mixin.py:188} INFO - [2024-05-13T15:17:22.826+0000] {dagbag.py:540} INFO - Filling up the DagBag from /opt/airflow/dags/main.py
[2024-05-13T15:17:23.552+0000] {processor.py:840} INFO - DAG(s) 'data_ingestion' retrieved from /opt/airflow/dags/main.py
[2024-05-13T15:17:23.569+0000] {logging_mixin.py:188} INFO - [2024-05-13T15:17:23.568+0000] {dag.py:3047} INFO - Sync 1 DAGs
[2024-05-13T15:17:23.586+0000] {logging_mixin.py:188} INFO - [2024-05-13T15:17:23.586+0000] {dag.py:3834} INFO - Setting next_dagrun for data_ingestion to 2024-05-12 00:00:00+00:00, run_after=2024-05-13 00:00:00+00:00
[2024-05-13T15:17:23.606+0000] {processor.py:183} INFO - Processing /opt/airflow/dags/main.py took 0.785 seconds
[2024-05-13T15:17:53.707+0000] {processor.py:161} INFO - Started process (PID=432) to work on /opt/airflow/dags/main.py
[2024-05-13T15:17:53.708+0000] {processor.py:830} INFO - Processing file /opt/airflow/dags/main.py for tasks to queue
[2024-05-13T15:17:53.710+0000] {logging_mixin.py:188} INFO - [2024-05-13T15:17:53.710+0000] {dagbag.py:540} INFO - Filling up the DagBag from /opt/airflow/dags/main.py
[2024-05-13T15:17:54.399+0000] {processor.py:840} INFO - DAG(s) 'data_ingestion' retrieved from /opt/airflow/dags/main.py
[2024-05-13T15:17:54.416+0000] {logging_mixin.py:188} INFO - [2024-05-13T15:17:54.415+0000] {dag.py:3047} INFO - Sync 1 DAGs
[2024-05-13T15:17:54.435+0000] {logging_mixin.py:188} INFO - [2024-05-13T15:17:54.435+0000] {dag.py:3834} INFO - Setting next_dagrun for data_ingestion to 2024-05-12 00:00:00+00:00, run_after=2024-05-13 00:00:00+00:00
[2024-05-13T15:17:54.454+0000] {processor.py:183} INFO - Processing /opt/airflow/dags/main.py took 0.750 seconds
[2024-05-13T15:18:24.586+0000] {processor.py:161} INFO - Started process (PID=507) to work on /opt/airflow/dags/main.py
[2024-05-13T15:18:24.588+0000] {processor.py:830} INFO - Processing file /opt/airflow/dags/main.py for tasks to queue
[2024-05-13T15:18:24.590+0000] {logging_mixin.py:188} INFO - [2024-05-13T15:18:24.589+0000] {dagbag.py:540} INFO - Filling up the DagBag from /opt/airflow/dags/main.py
[2024-05-13T15:18:25.363+0000] {processor.py:840} INFO - DAG(s) 'data_ingestion' retrieved from /opt/airflow/dags/main.py
[2024-05-13T15:18:25.379+0000] {logging_mixin.py:188} INFO - [2024-05-13T15:18:25.378+0000] {dag.py:3047} INFO - Sync 1 DAGs
[2024-05-13T15:18:25.395+0000] {logging_mixin.py:188} INFO - [2024-05-13T15:18:25.395+0000] {dag.py:3834} INFO - Setting next_dagrun for data_ingestion to 2024-05-12 00:00:00+00:00, run_after=2024-05-13 00:00:00+00:00
[2024-05-13T15:18:25.413+0000] {processor.py:183} INFO - Processing /opt/airflow/dags/main.py took 0.830 seconds
[2024-05-13T15:18:56.276+0000] {processor.py:161} INFO - Started process (PID=575) to work on /opt/airflow/dags/main.py
[2024-05-13T15:18:56.277+0000] {processor.py:830} INFO - Processing file /opt/airflow/dags/main.py for tasks to queue
[2024-05-13T15:18:56.279+0000] {logging_mixin.py:188} INFO - [2024-05-13T15:18:56.279+0000] {dagbag.py:540} INFO - Filling up the DagBag from /opt/airflow/dags/main.py
[2024-05-13T15:18:57.010+0000] {processor.py:840} INFO - DAG(s) 'data_ingestion' retrieved from /opt/airflow/dags/main.py
[2024-05-13T15:18:57.027+0000] {logging_mixin.py:188} INFO - [2024-05-13T15:18:57.027+0000] {dag.py:3047} INFO - Sync 1 DAGs
[2024-05-13T15:18:57.044+0000] {logging_mixin.py:188} INFO - [2024-05-13T15:18:57.044+0000] {dag.py:3834} INFO - Setting next_dagrun for data_ingestion to 2024-05-12 00:00:00+00:00, run_after=2024-05-13 00:00:00+00:00
[2024-05-13T15:18:57.062+0000] {processor.py:183} INFO - Processing /opt/airflow/dags/main.py took 0.790 seconds
[2024-05-13T15:19:27.715+0000] {processor.py:161} INFO - Started process (PID=646) to work on /opt/airflow/dags/main.py
[2024-05-13T15:19:27.716+0000] {processor.py:830} INFO - Processing file /opt/airflow/dags/main.py for tasks to queue
[2024-05-13T15:19:27.719+0000] {logging_mixin.py:188} INFO - [2024-05-13T15:19:27.718+0000] {dagbag.py:540} INFO - Filling up the DagBag from /opt/airflow/dags/main.py
[2024-05-13T15:19:28.572+0000] {processor.py:840} INFO - DAG(s) 'data_ingestion' retrieved from /opt/airflow/dags/main.py
[2024-05-13T15:19:28.591+0000] {logging_mixin.py:188} INFO - [2024-05-13T15:19:28.591+0000] {dag.py:3047} INFO - Sync 1 DAGs
[2024-05-13T15:19:28.614+0000] {logging_mixin.py:188} INFO - [2024-05-13T15:19:28.614+0000] {dag.py:3834} INFO - Setting next_dagrun for data_ingestion to 2024-05-12 00:00:00+00:00, run_after=2024-05-13 00:00:00+00:00
[2024-05-13T15:19:28.642+0000] {processor.py:183} INFO - Processing /opt/airflow/dags/main.py took 0.930 seconds
[2024-05-13T15:19:58.842+0000] {processor.py:161} INFO - Started process (PID=714) to work on /opt/airflow/dags/main.py
[2024-05-13T15:19:58.843+0000] {processor.py:830} INFO - Processing file /opt/airflow/dags/main.py for tasks to queue
[2024-05-13T15:19:58.845+0000] {logging_mixin.py:188} INFO - [2024-05-13T15:19:58.845+0000] {dagbag.py:540} INFO - Filling up the DagBag from /opt/airflow/dags/main.py
[2024-05-13T15:19:59.531+0000] {processor.py:840} INFO - DAG(s) 'data_ingestion' retrieved from /opt/airflow/dags/main.py
[2024-05-13T15:19:59.546+0000] {logging_mixin.py:188} INFO - [2024-05-13T15:19:59.546+0000] {dag.py:3047} INFO - Sync 1 DAGs
[2024-05-13T15:19:59.566+0000] {logging_mixin.py:188} INFO - [2024-05-13T15:19:59.566+0000] {dag.py:3834} INFO - Setting next_dagrun for data_ingestion to 2024-05-12 00:00:00+00:00, run_after=2024-05-13 00:00:00+00:00
[2024-05-13T15:19:59.586+0000] {processor.py:183} INFO - Processing /opt/airflow/dags/main.py took 0.746 seconds
[2024-05-13T15:20:29.993+0000] {processor.py:161} INFO - Started process (PID=789) to work on /opt/airflow/dags/main.py
[2024-05-13T15:20:29.995+0000] {processor.py:830} INFO - Processing file /opt/airflow/dags/main.py for tasks to queue
[2024-05-13T15:20:30.001+0000] {logging_mixin.py:188} INFO - [2024-05-13T15:20:30.000+0000] {dagbag.py:540} INFO - Filling up the DagBag from /opt/airflow/dags/main.py
[2024-05-13T15:20:31.268+0000] {processor.py:840} INFO - DAG(s) 'data_ingestion' retrieved from /opt/airflow/dags/main.py
[2024-05-13T15:20:31.297+0000] {logging_mixin.py:188} INFO - [2024-05-13T15:20:31.297+0000] {dag.py:3047} INFO - Sync 1 DAGs
[2024-05-13T15:20:31.332+0000] {logging_mixin.py:188} INFO - [2024-05-13T15:20:31.331+0000] {dag.py:3834} INFO - Setting next_dagrun for data_ingestion to 2024-05-13 00:00:00+00:00, run_after=2024-05-14 00:00:00+00:00
[2024-05-13T15:20:31.366+0000] {processor.py:183} INFO - Processing /opt/airflow/dags/main.py took 1.378 seconds
[2024-05-13T15:21:02.354+0000] {processor.py:161} INFO - Started process (PID=866) to work on /opt/airflow/dags/main.py
[2024-05-13T15:21:02.355+0000] {processor.py:830} INFO - Processing file /opt/airflow/dags/main.py for tasks to queue
[2024-05-13T15:21:02.357+0000] {logging_mixin.py:188} INFO - [2024-05-13T15:21:02.356+0000] {dagbag.py:540} INFO - Filling up the DagBag from /opt/airflow/dags/main.py
[2024-05-13T15:21:03.115+0000] {processor.py:840} INFO - DAG(s) 'data_ingestion' retrieved from /opt/airflow/dags/main.py
[2024-05-13T15:21:03.132+0000] {logging_mixin.py:188} INFO - [2024-05-13T15:21:03.131+0000] {dag.py:3047} INFO - Sync 1 DAGs
[2024-05-13T15:21:03.150+0000] {logging_mixin.py:188} INFO - [2024-05-13T15:21:03.149+0000] {dag.py:3834} INFO - Setting next_dagrun for data_ingestion to 2024-05-13 00:00:00+00:00, run_after=2024-05-14 00:00:00+00:00
[2024-05-13T15:21:03.166+0000] {processor.py:183} INFO - Processing /opt/airflow/dags/main.py took 0.816 seconds
[2024-05-13T15:21:33.395+0000] {processor.py:161} INFO - Started process (PID=934) to work on /opt/airflow/dags/main.py
[2024-05-13T15:21:33.396+0000] {processor.py:830} INFO - Processing file /opt/airflow/dags/main.py for tasks to queue
[2024-05-13T15:21:33.398+0000] {logging_mixin.py:188} INFO - [2024-05-13T15:21:33.397+0000] {dagbag.py:540} INFO - Filling up the DagBag from /opt/airflow/dags/main.py
[2024-05-13T15:21:34.221+0000] {processor.py:840} INFO - DAG(s) 'data_ingestion' retrieved from /opt/airflow/dags/main.py
[2024-05-13T15:21:34.238+0000] {logging_mixin.py:188} INFO - [2024-05-13T15:21:34.238+0000] {dag.py:3047} INFO - Sync 1 DAGs
[2024-05-13T15:21:34.258+0000] {logging_mixin.py:188} INFO - [2024-05-13T15:21:34.258+0000] {dag.py:3834} INFO - Setting next_dagrun for data_ingestion to 2024-05-13 00:00:00+00:00, run_after=2024-05-14 00:00:00+00:00
[2024-05-13T15:21:34.277+0000] {processor.py:183} INFO - Processing /opt/airflow/dags/main.py took 0.885 seconds
[2024-05-13T15:22:04.899+0000] {processor.py:161} INFO - Started process (PID=1002) to work on /opt/airflow/dags/main.py
[2024-05-13T15:22:04.900+0000] {processor.py:830} INFO - Processing file /opt/airflow/dags/main.py for tasks to queue
[2024-05-13T15:22:04.903+0000] {logging_mixin.py:188} INFO - [2024-05-13T15:22:04.903+0000] {dagbag.py:540} INFO - Filling up the DagBag from /opt/airflow/dags/main.py
[2024-05-13T15:22:05.990+0000] {processor.py:840} INFO - DAG(s) 'data_ingestion' retrieved from /opt/airflow/dags/main.py
[2024-05-13T15:22:06.010+0000] {logging_mixin.py:188} INFO - [2024-05-13T15:22:06.009+0000] {dag.py:3047} INFO - Sync 1 DAGs
[2024-05-13T15:22:06.031+0000] {logging_mixin.py:188} INFO - [2024-05-13T15:22:06.031+0000] {dag.py:3834} INFO - Setting next_dagrun for data_ingestion to 2024-05-13 00:00:00+00:00, run_after=2024-05-14 00:00:00+00:00
[2024-05-13T15:22:06.056+0000] {processor.py:183} INFO - Processing /opt/airflow/dags/main.py took 1.160 seconds
[2024-05-13T15:22:36.264+0000] {processor.py:161} INFO - Started process (PID=1072) to work on /opt/airflow/dags/main.py
[2024-05-13T15:22:36.265+0000] {processor.py:830} INFO - Processing file /opt/airflow/dags/main.py for tasks to queue
[2024-05-13T15:22:36.267+0000] {logging_mixin.py:188} INFO - [2024-05-13T15:22:36.266+0000] {dagbag.py:540} INFO - Filling up the DagBag from /opt/airflow/dags/main.py
[2024-05-13T15:22:37.109+0000] {processor.py:840} INFO - DAG(s) 'data_ingestion' retrieved from /opt/airflow/dags/main.py
[2024-05-13T15:22:37.126+0000] {logging_mixin.py:188} INFO - [2024-05-13T15:22:37.126+0000] {dag.py:3047} INFO - Sync 1 DAGs
[2024-05-13T15:22:37.146+0000] {logging_mixin.py:188} INFO - [2024-05-13T15:22:37.145+0000] {dag.py:3834} INFO - Setting next_dagrun for data_ingestion to 2024-05-13 00:00:00+00:00, run_after=2024-05-14 00:00:00+00:00
[2024-05-13T15:22:37.166+0000] {processor.py:183} INFO - Processing /opt/airflow/dags/main.py took 0.905 seconds
[2024-05-13T15:23:07.627+0000] {processor.py:161} INFO - Started process (PID=1141) to work on /opt/airflow/dags/main.py
[2024-05-13T15:23:07.628+0000] {processor.py:830} INFO - Processing file /opt/airflow/dags/main.py for tasks to queue
[2024-05-13T15:23:07.631+0000] {logging_mixin.py:188} INFO - [2024-05-13T15:23:07.631+0000] {dagbag.py:540} INFO - Filling up the DagBag from /opt/airflow/dags/main.py
[2024-05-13T15:23:08.463+0000] {processor.py:840} INFO - DAG(s) 'data_ingestion' retrieved from /opt/airflow/dags/main.py
[2024-05-13T15:23:08.484+0000] {logging_mixin.py:188} INFO - [2024-05-13T15:23:08.483+0000] {dag.py:3047} INFO - Sync 1 DAGs
[2024-05-13T15:23:08.508+0000] {logging_mixin.py:188} INFO - [2024-05-13T15:23:08.508+0000] {dag.py:3834} INFO - Setting next_dagrun for data_ingestion to 2024-05-13 00:00:00+00:00, run_after=2024-05-14 00:00:00+00:00
[2024-05-13T15:23:08.532+0000] {processor.py:183} INFO - Processing /opt/airflow/dags/main.py took 0.909 seconds
[2024-05-13T15:23:38.933+0000] {processor.py:161} INFO - Started process (PID=1209) to work on /opt/airflow/dags/main.py
[2024-05-13T15:23:38.934+0000] {processor.py:830} INFO - Processing file /opt/airflow/dags/main.py for tasks to queue
[2024-05-13T15:23:38.936+0000] {logging_mixin.py:188} INFO - [2024-05-13T15:23:38.935+0000] {dagbag.py:540} INFO - Filling up the DagBag from /opt/airflow/dags/main.py
[2024-05-13T15:23:39.747+0000] {processor.py:840} INFO - DAG(s) 'data_ingestion' retrieved from /opt/airflow/dags/main.py
[2024-05-13T15:23:39.765+0000] {logging_mixin.py:188} INFO - [2024-05-13T15:23:39.764+0000] {dag.py:3047} INFO - Sync 1 DAGs
[2024-05-13T15:23:39.784+0000] {logging_mixin.py:188} INFO - [2024-05-13T15:23:39.784+0000] {dag.py:3834} INFO - Setting next_dagrun for data_ingestion to 2024-05-13 00:00:00+00:00, run_after=2024-05-14 00:00:00+00:00
[2024-05-13T15:23:39.803+0000] {processor.py:183} INFO - Processing /opt/airflow/dags/main.py took 0.874 seconds
[2024-05-13T15:24:10.248+0000] {processor.py:161} INFO - Started process (PID=1277) to work on /opt/airflow/dags/main.py
[2024-05-13T15:24:10.249+0000] {processor.py:830} INFO - Processing file /opt/airflow/dags/main.py for tasks to queue
[2024-05-13T15:24:10.251+0000] {logging_mixin.py:188} INFO - [2024-05-13T15:24:10.250+0000] {dagbag.py:540} INFO - Filling up the DagBag from /opt/airflow/dags/main.py
[2024-05-13T15:24:10.979+0000] {processor.py:840} INFO - DAG(s) 'data_ingestion' retrieved from /opt/airflow/dags/main.py
[2024-05-13T15:24:10.995+0000] {logging_mixin.py:188} INFO - [2024-05-13T15:24:10.995+0000] {dag.py:3047} INFO - Sync 1 DAGs
[2024-05-13T15:24:11.015+0000] {logging_mixin.py:188} INFO - [2024-05-13T15:24:11.015+0000] {dag.py:3834} INFO - Setting next_dagrun for data_ingestion to 2024-05-13 00:00:00+00:00, run_after=2024-05-14 00:00:00+00:00
[2024-05-13T15:24:11.031+0000] {processor.py:183} INFO - Processing /opt/airflow/dags/main.py took 0.786 seconds
[2024-05-13T15:24:41.465+0000] {processor.py:161} INFO - Started process (PID=1345) to work on /opt/airflow/dags/main.py
[2024-05-13T15:24:41.466+0000] {processor.py:830} INFO - Processing file /opt/airflow/dags/main.py for tasks to queue
[2024-05-13T15:24:41.468+0000] {logging_mixin.py:188} INFO - [2024-05-13T15:24:41.467+0000] {dagbag.py:540} INFO - Filling up the DagBag from /opt/airflow/dags/main.py
[2024-05-13T15:24:42.127+0000] {processor.py:840} INFO - DAG(s) 'data_ingestion' retrieved from /opt/airflow/dags/main.py
[2024-05-13T15:24:42.144+0000] {logging_mixin.py:188} INFO - [2024-05-13T15:24:42.143+0000] {dag.py:3047} INFO - Sync 1 DAGs
[2024-05-13T15:24:42.161+0000] {logging_mixin.py:188} INFO - [2024-05-13T15:24:42.161+0000] {dag.py:3834} INFO - Setting next_dagrun for data_ingestion to 2024-05-13 00:00:00+00:00, run_after=2024-05-14 00:00:00+00:00
[2024-05-13T15:24:42.179+0000] {processor.py:183} INFO - Processing /opt/airflow/dags/main.py took 0.717 seconds
[2024-05-13T15:25:12.674+0000] {processor.py:161} INFO - Started process (PID=1413) to work on /opt/airflow/dags/main.py
[2024-05-13T15:25:12.675+0000] {processor.py:830} INFO - Processing file /opt/airflow/dags/main.py for tasks to queue
[2024-05-13T15:25:12.677+0000] {logging_mixin.py:188} INFO - [2024-05-13T15:25:12.677+0000] {dagbag.py:540} INFO - Filling up the DagBag from /opt/airflow/dags/main.py
[2024-05-13T15:25:13.335+0000] {processor.py:840} INFO - DAG(s) 'data_ingestion' retrieved from /opt/airflow/dags/main.py
[2024-05-13T15:25:13.349+0000] {logging_mixin.py:188} INFO - [2024-05-13T15:25:13.349+0000] {dag.py:3047} INFO - Sync 1 DAGs
[2024-05-13T15:25:13.368+0000] {logging_mixin.py:188} INFO - [2024-05-13T15:25:13.368+0000] {dag.py:3834} INFO - Setting next_dagrun for data_ingestion to 2024-05-13 00:00:00+00:00, run_after=2024-05-14 00:00:00+00:00
[2024-05-13T15:25:13.385+0000] {processor.py:183} INFO - Processing /opt/airflow/dags/main.py took 0.714 seconds
[2024-05-13T15:25:43.779+0000] {processor.py:161} INFO - Started process (PID=1482) to work on /opt/airflow/dags/main.py
[2024-05-13T15:25:43.780+0000] {processor.py:830} INFO - Processing file /opt/airflow/dags/main.py for tasks to queue
[2024-05-13T15:25:43.782+0000] {logging_mixin.py:188} INFO - [2024-05-13T15:25:43.782+0000] {dagbag.py:540} INFO - Filling up the DagBag from /opt/airflow/dags/main.py
[2024-05-13T15:25:44.432+0000] {processor.py:840} INFO - DAG(s) 'data_ingestion' retrieved from /opt/airflow/dags/main.py
[2024-05-13T15:25:44.448+0000] {logging_mixin.py:188} INFO - [2024-05-13T15:25:44.447+0000] {dag.py:3047} INFO - Sync 1 DAGs
[2024-05-13T15:25:44.466+0000] {logging_mixin.py:188} INFO - [2024-05-13T15:25:44.466+0000] {dag.py:3834} INFO - Setting next_dagrun for data_ingestion to 2024-05-13 00:00:00+00:00, run_after=2024-05-14 00:00:00+00:00
[2024-05-13T15:25:44.485+0000] {processor.py:183} INFO - Processing /opt/airflow/dags/main.py took 0.708 seconds
[2024-05-13T15:26:14.597+0000] {processor.py:161} INFO - Started process (PID=1550) to work on /opt/airflow/dags/main.py
[2024-05-13T15:26:14.598+0000] {processor.py:830} INFO - Processing file /opt/airflow/dags/main.py for tasks to queue
[2024-05-13T15:26:14.600+0000] {logging_mixin.py:188} INFO - [2024-05-13T15:26:14.600+0000] {dagbag.py:540} INFO - Filling up the DagBag from /opt/airflow/dags/main.py
[2024-05-13T15:26:15.248+0000] {processor.py:840} INFO - DAG(s) 'data_ingestion' retrieved from /opt/airflow/dags/main.py
[2024-05-13T15:26:15.264+0000] {logging_mixin.py:188} INFO - [2024-05-13T15:26:15.264+0000] {dag.py:3047} INFO - Sync 1 DAGs
[2024-05-13T15:26:15.282+0000] {logging_mixin.py:188} INFO - [2024-05-13T15:26:15.282+0000] {dag.py:3834} INFO - Setting next_dagrun for data_ingestion to 2024-05-13 00:00:00+00:00, run_after=2024-05-14 00:00:00+00:00
[2024-05-13T15:26:15.301+0000] {processor.py:183} INFO - Processing /opt/airflow/dags/main.py took 0.707 seconds
[2024-05-13T15:26:45.453+0000] {processor.py:161} INFO - Started process (PID=1618) to work on /opt/airflow/dags/main.py
[2024-05-13T15:26:45.454+0000] {processor.py:830} INFO - Processing file /opt/airflow/dags/main.py for tasks to queue
[2024-05-13T15:26:45.456+0000] {logging_mixin.py:188} INFO - [2024-05-13T15:26:45.456+0000] {dagbag.py:540} INFO - Filling up the DagBag from /opt/airflow/dags/main.py
[2024-05-13T15:26:46.114+0000] {processor.py:840} INFO - DAG(s) 'data_ingestion' retrieved from /opt/airflow/dags/main.py
[2024-05-13T15:26:46.130+0000] {logging_mixin.py:188} INFO - [2024-05-13T15:26:46.129+0000] {dag.py:3047} INFO - Sync 1 DAGs
[2024-05-13T15:26:46.147+0000] {logging_mixin.py:188} INFO - [2024-05-13T15:26:46.147+0000] {dag.py:3834} INFO - Setting next_dagrun for data_ingestion to 2024-05-13 00:00:00+00:00, run_after=2024-05-14 00:00:00+00:00
[2024-05-13T15:26:46.164+0000] {processor.py:183} INFO - Processing /opt/airflow/dags/main.py took 0.714 seconds
[2024-05-13T15:27:16.432+0000] {processor.py:161} INFO - Started process (PID=1692) to work on /opt/airflow/dags/main.py
[2024-05-13T15:27:16.433+0000] {processor.py:830} INFO - Processing file /opt/airflow/dags/main.py for tasks to queue
[2024-05-13T15:27:16.435+0000] {logging_mixin.py:188} INFO - [2024-05-13T15:27:16.435+0000] {dagbag.py:540} INFO - Filling up the DagBag from /opt/airflow/dags/main.py
[2024-05-13T15:27:17.182+0000] {processor.py:840} INFO - DAG(s) 'data_ingestion' retrieved from /opt/airflow/dags/main.py
[2024-05-13T15:27:17.201+0000] {logging_mixin.py:188} INFO - [2024-05-13T15:27:17.200+0000] {dag.py:3047} INFO - Sync 1 DAGs
[2024-05-13T15:27:17.228+0000] {logging_mixin.py:188} INFO - [2024-05-13T15:27:17.228+0000] {dag.py:3834} INFO - Setting next_dagrun for data_ingestion to 2024-05-13 00:00:00+00:00, run_after=2024-05-14 00:00:00+00:00
[2024-05-13T15:27:17.289+0000] {processor.py:183} INFO - Processing /opt/airflow/dags/main.py took 0.861 seconds
[2024-05-13T15:27:47.681+0000] {processor.py:161} INFO - Started process (PID=1760) to work on /opt/airflow/dags/main.py
[2024-05-13T15:27:47.682+0000] {processor.py:830} INFO - Processing file /opt/airflow/dags/main.py for tasks to queue
[2024-05-13T15:27:47.684+0000] {logging_mixin.py:188} INFO - [2024-05-13T15:27:47.683+0000] {dagbag.py:540} INFO - Filling up the DagBag from /opt/airflow/dags/main.py
[2024-05-13T15:27:48.349+0000] {processor.py:840} INFO - DAG(s) 'data_ingestion' retrieved from /opt/airflow/dags/main.py
[2024-05-13T15:27:48.366+0000] {logging_mixin.py:188} INFO - [2024-05-13T15:27:48.365+0000] {dag.py:3047} INFO - Sync 1 DAGs
[2024-05-13T15:27:48.384+0000] {logging_mixin.py:188} INFO - [2024-05-13T15:27:48.384+0000] {dag.py:3834} INFO - Setting next_dagrun for data_ingestion to 2024-05-13 00:00:00+00:00, run_after=2024-05-14 00:00:00+00:00
[2024-05-13T15:27:48.405+0000] {processor.py:183} INFO - Processing /opt/airflow/dags/main.py took 0.727 seconds
[2024-05-13T15:28:18.845+0000] {processor.py:161} INFO - Started process (PID=1828) to work on /opt/airflow/dags/main.py
[2024-05-13T15:28:18.846+0000] {processor.py:830} INFO - Processing file /opt/airflow/dags/main.py for tasks to queue
[2024-05-13T15:28:18.849+0000] {logging_mixin.py:188} INFO - [2024-05-13T15:28:18.848+0000] {dagbag.py:540} INFO - Filling up the DagBag from /opt/airflow/dags/main.py
[2024-05-13T15:28:19.545+0000] {processor.py:840} INFO - DAG(s) 'data_ingestion' retrieved from /opt/airflow/dags/main.py
[2024-05-13T15:28:19.563+0000] {logging_mixin.py:188} INFO - [2024-05-13T15:28:19.563+0000] {dag.py:3047} INFO - Sync 1 DAGs
[2024-05-13T15:28:19.583+0000] {logging_mixin.py:188} INFO - [2024-05-13T15:28:19.583+0000] {dag.py:3834} INFO - Setting next_dagrun for data_ingestion to 2024-05-13 00:00:00+00:00, run_after=2024-05-14 00:00:00+00:00
[2024-05-13T15:28:19.603+0000] {processor.py:183} INFO - Processing /opt/airflow/dags/main.py took 0.761 seconds
[2024-05-13T15:28:50.191+0000] {processor.py:161} INFO - Started process (PID=1896) to work on /opt/airflow/dags/main.py
[2024-05-13T15:28:50.192+0000] {processor.py:830} INFO - Processing file /opt/airflow/dags/main.py for tasks to queue
[2024-05-13T15:28:50.194+0000] {logging_mixin.py:188} INFO - [2024-05-13T15:28:50.194+0000] {dagbag.py:540} INFO - Filling up the DagBag from /opt/airflow/dags/main.py
[2024-05-13T15:28:50.838+0000] {processor.py:840} INFO - DAG(s) 'data_ingestion' retrieved from /opt/airflow/dags/main.py
[2024-05-13T15:28:50.857+0000] {logging_mixin.py:188} INFO - [2024-05-13T15:28:50.856+0000] {dag.py:3047} INFO - Sync 1 DAGs
[2024-05-13T15:28:50.874+0000] {logging_mixin.py:188} INFO - [2024-05-13T15:28:50.874+0000] {dag.py:3834} INFO - Setting next_dagrun for data_ingestion to 2024-05-13 00:00:00+00:00, run_after=2024-05-14 00:00:00+00:00
[2024-05-13T15:28:50.890+0000] {processor.py:183} INFO - Processing /opt/airflow/dags/main.py took 0.702 seconds
[2024-05-13T15:29:21.383+0000] {processor.py:161} INFO - Started process (PID=1964) to work on /opt/airflow/dags/main.py
[2024-05-13T15:29:21.384+0000] {processor.py:830} INFO - Processing file /opt/airflow/dags/main.py for tasks to queue
[2024-05-13T15:29:21.386+0000] {logging_mixin.py:188} INFO - [2024-05-13T15:29:21.386+0000] {dagbag.py:540} INFO - Filling up the DagBag from /opt/airflow/dags/main.py
[2024-05-13T15:29:22.241+0000] {processor.py:840} INFO - DAG(s) 'data_ingestion' retrieved from /opt/airflow/dags/main.py
[2024-05-13T15:29:22.262+0000] {logging_mixin.py:188} INFO - [2024-05-13T15:29:22.261+0000] {dag.py:3047} INFO - Sync 1 DAGs
[2024-05-13T15:29:22.285+0000] {logging_mixin.py:188} INFO - [2024-05-13T15:29:22.284+0000] {dag.py:3834} INFO - Setting next_dagrun for data_ingestion to 2024-05-13 00:00:00+00:00, run_after=2024-05-14 00:00:00+00:00
[2024-05-13T15:29:22.309+0000] {processor.py:183} INFO - Processing /opt/airflow/dags/main.py took 0.930 seconds
[2024-05-13T15:29:52.571+0000] {processor.py:161} INFO - Started process (PID=2032) to work on /opt/airflow/dags/main.py
[2024-05-13T15:29:52.572+0000] {processor.py:830} INFO - Processing file /opt/airflow/dags/main.py for tasks to queue
[2024-05-13T15:29:52.574+0000] {logging_mixin.py:188} INFO - [2024-05-13T15:29:52.573+0000] {dagbag.py:540} INFO - Filling up the DagBag from /opt/airflow/dags/main.py
[2024-05-13T15:29:53.281+0000] {processor.py:840} INFO - DAG(s) 'data_ingestion' retrieved from /opt/airflow/dags/main.py
[2024-05-13T15:29:53.298+0000] {logging_mixin.py:188} INFO - [2024-05-13T15:29:53.298+0000] {dag.py:3047} INFO - Sync 1 DAGs
[2024-05-13T15:29:53.318+0000] {logging_mixin.py:188} INFO - [2024-05-13T15:29:53.318+0000] {dag.py:3834} INFO - Setting next_dagrun for data_ingestion to 2024-05-13 00:00:00+00:00, run_after=2024-05-14 00:00:00+00:00
[2024-05-13T15:29:53.341+0000] {processor.py:183} INFO - Processing /opt/airflow/dags/main.py took 0.773 seconds
[2024-05-13T15:30:23.620+0000] {processor.py:161} INFO - Started process (PID=2100) to work on /opt/airflow/dags/main.py
[2024-05-13T15:30:23.621+0000] {processor.py:830} INFO - Processing file /opt/airflow/dags/main.py for tasks to queue
[2024-05-13T15:30:23.623+0000] {logging_mixin.py:188} INFO - [2024-05-13T15:30:23.623+0000] {dagbag.py:540} INFO - Filling up the DagBag from /opt/airflow/dags/main.py
[2024-05-13T15:30:24.273+0000] {processor.py:840} INFO - DAG(s) 'data_ingestion' retrieved from /opt/airflow/dags/main.py
[2024-05-13T15:30:24.289+0000] {logging_mixin.py:188} INFO - [2024-05-13T15:30:24.289+0000] {dag.py:3047} INFO - Sync 1 DAGs
[2024-05-13T15:30:24.306+0000] {logging_mixin.py:188} INFO - [2024-05-13T15:30:24.305+0000] {dag.py:3834} INFO - Setting next_dagrun for data_ingestion to 2024-05-13 00:00:00+00:00, run_after=2024-05-14 00:00:00+00:00
[2024-05-13T15:30:24.324+0000] {processor.py:183} INFO - Processing /opt/airflow/dags/main.py took 0.708 seconds
[2024-05-13T15:30:54.720+0000] {processor.py:161} INFO - Started process (PID=2168) to work on /opt/airflow/dags/main.py
[2024-05-13T15:30:54.721+0000] {processor.py:830} INFO - Processing file /opt/airflow/dags/main.py for tasks to queue
[2024-05-13T15:30:54.723+0000] {logging_mixin.py:188} INFO - [2024-05-13T15:30:54.722+0000] {dagbag.py:540} INFO - Filling up the DagBag from /opt/airflow/dags/main.py
[2024-05-13T15:30:55.440+0000] {processor.py:840} INFO - DAG(s) 'data_ingestion' retrieved from /opt/airflow/dags/main.py
[2024-05-13T15:30:55.456+0000] {logging_mixin.py:188} INFO - [2024-05-13T15:30:55.455+0000] {dag.py:3047} INFO - Sync 1 DAGs
[2024-05-13T15:30:55.474+0000] {logging_mixin.py:188} INFO - [2024-05-13T15:30:55.474+0000] {dag.py:3834} INFO - Setting next_dagrun for data_ingestion to 2024-05-13 00:00:00+00:00, run_after=2024-05-14 00:00:00+00:00
[2024-05-13T15:30:55.491+0000] {processor.py:183} INFO - Processing /opt/airflow/dags/main.py took 0.775 seconds
[2024-05-13T15:31:25.918+0000] {processor.py:161} INFO - Started process (PID=2236) to work on /opt/airflow/dags/main.py
[2024-05-13T15:31:25.919+0000] {processor.py:830} INFO - Processing file /opt/airflow/dags/main.py for tasks to queue
[2024-05-13T15:31:25.922+0000] {logging_mixin.py:188} INFO - [2024-05-13T15:31:25.922+0000] {dagbag.py:540} INFO - Filling up the DagBag from /opt/airflow/dags/main.py
[2024-05-13T15:31:26.735+0000] {processor.py:840} INFO - DAG(s) 'data_ingestion' retrieved from /opt/airflow/dags/main.py
[2024-05-13T15:31:26.753+0000] {logging_mixin.py:188} INFO - [2024-05-13T15:31:26.752+0000] {dag.py:3047} INFO - Sync 1 DAGs
[2024-05-13T15:31:26.772+0000] {logging_mixin.py:188} INFO - [2024-05-13T15:31:26.772+0000] {dag.py:3834} INFO - Setting next_dagrun for data_ingestion to 2024-05-13 00:00:00+00:00, run_after=2024-05-14 00:00:00+00:00
[2024-05-13T15:31:26.793+0000] {processor.py:183} INFO - Processing /opt/airflow/dags/main.py took 0.879 seconds
[2024-05-13T15:31:57.101+0000] {processor.py:161} INFO - Started process (PID=2304) to work on /opt/airflow/dags/main.py
[2024-05-13T15:31:57.101+0000] {processor.py:830} INFO - Processing file /opt/airflow/dags/main.py for tasks to queue
[2024-05-13T15:31:57.103+0000] {logging_mixin.py:188} INFO - [2024-05-13T15:31:57.103+0000] {dagbag.py:540} INFO - Filling up the DagBag from /opt/airflow/dags/main.py
[2024-05-13T15:31:57.786+0000] {processor.py:840} INFO - DAG(s) 'data_ingestion' retrieved from /opt/airflow/dags/main.py
[2024-05-13T15:31:57.801+0000] {logging_mixin.py:188} INFO - [2024-05-13T15:31:57.800+0000] {dag.py:3047} INFO - Sync 1 DAGs
[2024-05-13T15:31:57.818+0000] {logging_mixin.py:188} INFO - [2024-05-13T15:31:57.818+0000] {dag.py:3834} INFO - Setting next_dagrun for data_ingestion to 2024-05-13 00:00:00+00:00, run_after=2024-05-14 00:00:00+00:00
[2024-05-13T15:31:57.836+0000] {processor.py:183} INFO - Processing /opt/airflow/dags/main.py took 0.739 seconds
[2024-05-13T15:32:28.452+0000] {processor.py:161} INFO - Started process (PID=2373) to work on /opt/airflow/dags/main.py
[2024-05-13T15:32:28.453+0000] {processor.py:830} INFO - Processing file /opt/airflow/dags/main.py for tasks to queue
[2024-05-13T15:32:28.455+0000] {logging_mixin.py:188} INFO - [2024-05-13T15:32:28.455+0000] {dagbag.py:540} INFO - Filling up the DagBag from /opt/airflow/dags/main.py
[2024-05-13T15:32:29.207+0000] {processor.py:840} INFO - DAG(s) 'data_ingestion' retrieved from /opt/airflow/dags/main.py
[2024-05-13T15:32:29.227+0000] {logging_mixin.py:188} INFO - [2024-05-13T15:32:29.227+0000] {dag.py:3047} INFO - Sync 1 DAGs
[2024-05-13T15:32:29.252+0000] {logging_mixin.py:188} INFO - [2024-05-13T15:32:29.251+0000] {dag.py:3834} INFO - Setting next_dagrun for data_ingestion to 2024-05-13 00:00:00+00:00, run_after=2024-05-14 00:00:00+00:00
[2024-05-13T15:32:29.274+0000] {processor.py:183} INFO - Processing /opt/airflow/dags/main.py took 0.826 seconds
[2024-05-13T15:33:00.025+0000] {processor.py:161} INFO - Started process (PID=2445) to work on /opt/airflow/dags/main.py
[2024-05-13T15:33:00.026+0000] {processor.py:830} INFO - Processing file /opt/airflow/dags/main.py for tasks to queue
[2024-05-13T15:33:00.029+0000] {logging_mixin.py:188} INFO - [2024-05-13T15:33:00.029+0000] {dagbag.py:540} INFO - Filling up the DagBag from /opt/airflow/dags/main.py
[2024-05-13T15:33:00.808+0000] {processor.py:840} INFO - DAG(s) 'data_ingestion' retrieved from /opt/airflow/dags/main.py
[2024-05-13T15:33:00.830+0000] {logging_mixin.py:188} INFO - [2024-05-13T15:33:00.829+0000] {dag.py:3047} INFO - Sync 1 DAGs
[2024-05-13T15:33:00.852+0000] {logging_mixin.py:188} INFO - [2024-05-13T15:33:00.851+0000] {dag.py:3834} INFO - Setting next_dagrun for data_ingestion to 2024-05-13 00:00:00+00:00, run_after=2024-05-14 00:00:00+00:00
[2024-05-13T15:33:00.873+0000] {processor.py:183} INFO - Processing /opt/airflow/dags/main.py took 0.851 seconds
[2024-05-13T15:33:31.476+0000] {processor.py:161} INFO - Started process (PID=2515) to work on /opt/airflow/dags/main.py
[2024-05-13T15:33:31.477+0000] {processor.py:830} INFO - Processing file /opt/airflow/dags/main.py for tasks to queue
[2024-05-13T15:33:31.479+0000] {logging_mixin.py:188} INFO - [2024-05-13T15:33:31.478+0000] {dagbag.py:540} INFO - Filling up the DagBag from /opt/airflow/dags/main.py
[2024-05-13T15:33:32.227+0000] {processor.py:840} INFO - DAG(s) 'data_ingestion' retrieved from /opt/airflow/dags/main.py
[2024-05-13T15:33:32.243+0000] {logging_mixin.py:188} INFO - [2024-05-13T15:33:32.243+0000] {dag.py:3047} INFO - Sync 1 DAGs
[2024-05-13T15:33:32.264+0000] {logging_mixin.py:188} INFO - [2024-05-13T15:33:32.264+0000] {dag.py:3834} INFO - Setting next_dagrun for data_ingestion to 2024-05-13 00:00:00+00:00, run_after=2024-05-14 00:00:00+00:00
[2024-05-13T15:33:32.284+0000] {processor.py:183} INFO - Processing /opt/airflow/dags/main.py took 0.813 seconds
[2024-05-13T15:34:02.870+0000] {processor.py:161} INFO - Started process (PID=2585) to work on /opt/airflow/dags/main.py
[2024-05-13T15:34:02.872+0000] {processor.py:830} INFO - Processing file /opt/airflow/dags/main.py for tasks to queue
[2024-05-13T15:34:02.877+0000] {logging_mixin.py:188} INFO - [2024-05-13T15:34:02.876+0000] {dagbag.py:540} INFO - Filling up the DagBag from /opt/airflow/dags/main.py
[2024-05-13T15:34:03.783+0000] {processor.py:840} INFO - DAG(s) 'data_ingestion' retrieved from /opt/airflow/dags/main.py
[2024-05-13T15:34:03.807+0000] {logging_mixin.py:188} INFO - [2024-05-13T15:34:03.807+0000] {dag.py:3047} INFO - Sync 1 DAGs
[2024-05-13T15:34:03.834+0000] {logging_mixin.py:188} INFO - [2024-05-13T15:34:03.834+0000] {dag.py:3834} INFO - Setting next_dagrun for data_ingestion to 2024-05-13 00:00:00+00:00, run_after=2024-05-14 00:00:00+00:00
[2024-05-13T15:34:03.857+0000] {processor.py:183} INFO - Processing /opt/airflow/dags/main.py took 0.991 seconds
[2024-05-13T15:34:33.924+0000] {processor.py:161} INFO - Started process (PID=2654) to work on /opt/airflow/dags/main.py
[2024-05-13T15:34:33.924+0000] {processor.py:830} INFO - Processing file /opt/airflow/dags/main.py for tasks to queue
[2024-05-13T15:34:33.926+0000] {logging_mixin.py:188} INFO - [2024-05-13T15:34:33.926+0000] {dagbag.py:540} INFO - Filling up the DagBag from /opt/airflow/dags/main.py
[2024-05-13T15:34:34.657+0000] {processor.py:840} INFO - DAG(s) 'data_ingestion' retrieved from /opt/airflow/dags/main.py
[2024-05-13T15:34:34.676+0000] {logging_mixin.py:188} INFO - [2024-05-13T15:34:34.675+0000] {dag.py:3047} INFO - Sync 1 DAGs
[2024-05-13T15:34:34.697+0000] {logging_mixin.py:188} INFO - [2024-05-13T15:34:34.697+0000] {dag.py:3834} INFO - Setting next_dagrun for data_ingestion to 2024-05-13 00:00:00+00:00, run_after=2024-05-14 00:00:00+00:00
[2024-05-13T15:34:34.714+0000] {processor.py:183} INFO - Processing /opt/airflow/dags/main.py took 0.793 seconds
[2024-05-13T15:35:05.139+0000] {processor.py:161} INFO - Started process (PID=2723) to work on /opt/airflow/dags/main.py
[2024-05-13T15:35:05.140+0000] {processor.py:830} INFO - Processing file /opt/airflow/dags/main.py for tasks to queue
[2024-05-13T15:35:05.142+0000] {logging_mixin.py:188} INFO - [2024-05-13T15:35:05.142+0000] {dagbag.py:540} INFO - Filling up the DagBag from /opt/airflow/dags/main.py
[2024-05-13T15:35:05.825+0000] {processor.py:840} INFO - DAG(s) 'data_ingestion' retrieved from /opt/airflow/dags/main.py
[2024-05-13T15:35:05.841+0000] {logging_mixin.py:188} INFO - [2024-05-13T15:35:05.840+0000] {dag.py:3047} INFO - Sync 1 DAGs
[2024-05-13T15:35:05.858+0000] {logging_mixin.py:188} INFO - [2024-05-13T15:35:05.857+0000] {dag.py:3834} INFO - Setting next_dagrun for data_ingestion to 2024-05-13 00:00:00+00:00, run_after=2024-05-14 00:00:00+00:00
[2024-05-13T15:35:05.874+0000] {processor.py:183} INFO - Processing /opt/airflow/dags/main.py took 0.737 seconds
[2024-05-13T15:35:36.713+0000] {processor.py:161} INFO - Started process (PID=2794) to work on /opt/airflow/dags/main.py
[2024-05-13T15:35:36.714+0000] {processor.py:830} INFO - Processing file /opt/airflow/dags/main.py for tasks to queue
[2024-05-13T15:35:36.716+0000] {logging_mixin.py:188} INFO - [2024-05-13T15:35:36.716+0000] {dagbag.py:540} INFO - Filling up the DagBag from /opt/airflow/dags/main.py
[2024-05-13T15:35:37.391+0000] {processor.py:840} INFO - DAG(s) 'data_ingestion' retrieved from /opt/airflow/dags/main.py
[2024-05-13T15:35:37.407+0000] {logging_mixin.py:188} INFO - [2024-05-13T15:35:37.406+0000] {dag.py:3047} INFO - Sync 1 DAGs
[2024-05-13T15:35:37.424+0000] {logging_mixin.py:188} INFO - [2024-05-13T15:35:37.423+0000] {dag.py:3834} INFO - Setting next_dagrun for data_ingestion to 2024-05-13 00:00:00+00:00, run_after=2024-05-14 00:00:00+00:00
[2024-05-13T15:35:37.440+0000] {processor.py:183} INFO - Processing /opt/airflow/dags/main.py took 0.729 seconds
[2024-05-13T15:36:07.494+0000] {processor.py:161} INFO - Started process (PID=2865) to work on /opt/airflow/dags/main.py
[2024-05-13T15:36:07.495+0000] {processor.py:830} INFO - Processing file /opt/airflow/dags/main.py for tasks to queue
[2024-05-13T15:36:07.497+0000] {logging_mixin.py:188} INFO - [2024-05-13T15:36:07.497+0000] {dagbag.py:540} INFO - Filling up the DagBag from /opt/airflow/dags/main.py
[2024-05-13T15:36:08.312+0000] {processor.py:840} INFO - DAG(s) 'data_ingestion' retrieved from /opt/airflow/dags/main.py
[2024-05-13T15:36:08.331+0000] {logging_mixin.py:188} INFO - [2024-05-13T15:36:08.330+0000] {dag.py:3047} INFO - Sync 1 DAGs
[2024-05-13T15:36:08.356+0000] {logging_mixin.py:188} INFO - [2024-05-13T15:36:08.356+0000] {dag.py:3834} INFO - Setting next_dagrun for data_ingestion to 2024-05-13 00:00:00+00:00, run_after=2024-05-14 00:00:00+00:00
[2024-05-13T15:36:08.383+0000] {processor.py:183} INFO - Processing /opt/airflow/dags/main.py took 0.892 seconds
[2024-05-13T15:36:39.328+0000] {processor.py:161} INFO - Started process (PID=2938) to work on /opt/airflow/dags/main.py
[2024-05-13T15:36:39.329+0000] {processor.py:830} INFO - Processing file /opt/airflow/dags/main.py for tasks to queue
[2024-05-13T15:36:39.332+0000] {logging_mixin.py:188} INFO - [2024-05-13T15:36:39.331+0000] {dagbag.py:540} INFO - Filling up the DagBag from /opt/airflow/dags/main.py
[2024-05-13T15:36:40.083+0000] {processor.py:840} INFO - DAG(s) 'data_ingestion' retrieved from /opt/airflow/dags/main.py
[2024-05-13T15:36:40.100+0000] {logging_mixin.py:188} INFO - [2024-05-13T15:36:40.100+0000] {dag.py:3047} INFO - Sync 1 DAGs
[2024-05-13T15:36:40.119+0000] {logging_mixin.py:188} INFO - [2024-05-13T15:36:40.118+0000] {dag.py:3834} INFO - Setting next_dagrun for data_ingestion to 2024-05-13 00:00:00+00:00, run_after=2024-05-14 00:00:00+00:00
[2024-05-13T15:36:40.140+0000] {processor.py:183} INFO - Processing /opt/airflow/dags/main.py took 0.816 seconds
[2024-05-13T15:37:10.361+0000] {processor.py:161} INFO - Started process (PID=3006) to work on /opt/airflow/dags/main.py
[2024-05-13T15:37:10.362+0000] {processor.py:830} INFO - Processing file /opt/airflow/dags/main.py for tasks to queue
[2024-05-13T15:37:10.364+0000] {logging_mixin.py:188} INFO - [2024-05-13T15:37:10.364+0000] {dagbag.py:540} INFO - Filling up the DagBag from /opt/airflow/dags/main.py
[2024-05-13T15:37:11.066+0000] {processor.py:840} INFO - DAG(s) 'data_ingestion' retrieved from /opt/airflow/dags/main.py
[2024-05-13T15:37:11.085+0000] {logging_mixin.py:188} INFO - [2024-05-13T15:37:11.085+0000] {dag.py:3047} INFO - Sync 1 DAGs
[2024-05-13T15:37:11.106+0000] {logging_mixin.py:188} INFO - [2024-05-13T15:37:11.105+0000] {dag.py:3834} INFO - Setting next_dagrun for data_ingestion to 2024-05-13 00:00:00+00:00, run_after=2024-05-14 00:00:00+00:00
[2024-05-13T15:37:11.128+0000] {processor.py:183} INFO - Processing /opt/airflow/dags/main.py took 0.770 seconds
[2024-05-13T15:37:41.183+0000] {processor.py:161} INFO - Started process (PID=3081) to work on /opt/airflow/dags/main.py
[2024-05-13T15:37:41.184+0000] {processor.py:830} INFO - Processing file /opt/airflow/dags/main.py for tasks to queue
[2024-05-13T15:37:41.186+0000] {logging_mixin.py:188} INFO - [2024-05-13T15:37:41.186+0000] {dagbag.py:540} INFO - Filling up the DagBag from /opt/airflow/dags/main.py
[2024-05-13T15:37:41.916+0000] {processor.py:840} INFO - DAG(s) 'data_ingestion' retrieved from /opt/airflow/dags/main.py
[2024-05-13T15:37:41.933+0000] {logging_mixin.py:188} INFO - [2024-05-13T15:37:41.933+0000] {dag.py:3047} INFO - Sync 1 DAGs
[2024-05-13T15:37:41.951+0000] {logging_mixin.py:188} INFO - [2024-05-13T15:37:41.951+0000] {dag.py:3834} INFO - Setting next_dagrun for data_ingestion to 2024-05-13 00:00:00+00:00, run_after=2024-05-14 00:00:00+00:00
[2024-05-13T15:37:41.972+0000] {processor.py:183} INFO - Processing /opt/airflow/dags/main.py took 0.792 seconds
[2024-05-13T15:38:12.709+0000] {processor.py:161} INFO - Started process (PID=3149) to work on /opt/airflow/dags/main.py
[2024-05-13T15:38:12.710+0000] {processor.py:830} INFO - Processing file /opt/airflow/dags/main.py for tasks to queue
[2024-05-13T15:38:12.712+0000] {logging_mixin.py:188} INFO - [2024-05-13T15:38:12.712+0000] {dagbag.py:540} INFO - Filling up the DagBag from /opt/airflow/dags/main.py
[2024-05-13T15:38:13.519+0000] {processor.py:840} INFO - DAG(s) 'data_ingestion' retrieved from /opt/airflow/dags/main.py
[2024-05-13T15:38:13.538+0000] {logging_mixin.py:188} INFO - [2024-05-13T15:38:13.537+0000] {dag.py:3047} INFO - Sync 1 DAGs
[2024-05-13T15:38:13.559+0000] {logging_mixin.py:188} INFO - [2024-05-13T15:38:13.559+0000] {dag.py:3834} INFO - Setting next_dagrun for data_ingestion to 2024-05-13 00:00:00+00:00, run_after=2024-05-14 00:00:00+00:00
[2024-05-13T15:38:13.583+0000] {processor.py:183} INFO - Processing /opt/airflow/dags/main.py took 0.878 seconds
[2024-05-13T15:38:43.708+0000] {processor.py:161} INFO - Started process (PID=3222) to work on /opt/airflow/dags/main.py
[2024-05-13T15:38:43.709+0000] {processor.py:830} INFO - Processing file /opt/airflow/dags/main.py for tasks to queue
[2024-05-13T15:38:43.711+0000] {logging_mixin.py:188} INFO - [2024-05-13T15:38:43.710+0000] {dagbag.py:540} INFO - Filling up the DagBag from /opt/airflow/dags/main.py
[2024-05-13T15:38:44.573+0000] {processor.py:840} INFO - DAG(s) 'data_ingestion' retrieved from /opt/airflow/dags/main.py
[2024-05-13T15:38:44.593+0000] {logging_mixin.py:188} INFO - [2024-05-13T15:38:44.593+0000] {dag.py:3047} INFO - Sync 1 DAGs
[2024-05-13T15:38:44.612+0000] {logging_mixin.py:188} INFO - [2024-05-13T15:38:44.612+0000] {dag.py:3834} INFO - Setting next_dagrun for data_ingestion to 2024-05-13 00:00:00+00:00, run_after=2024-05-14 00:00:00+00:00
[2024-05-13T15:38:44.633+0000] {processor.py:183} INFO - Processing /opt/airflow/dags/main.py took 0.928 seconds
[2024-05-13T15:39:14.749+0000] {processor.py:161} INFO - Started process (PID=3296) to work on /opt/airflow/dags/main.py
[2024-05-13T15:39:14.750+0000] {processor.py:830} INFO - Processing file /opt/airflow/dags/main.py for tasks to queue
[2024-05-13T15:39:14.752+0000] {logging_mixin.py:188} INFO - [2024-05-13T15:39:14.751+0000] {dagbag.py:540} INFO - Filling up the DagBag from /opt/airflow/dags/main.py
[2024-05-13T15:39:15.622+0000] {processor.py:840} INFO - DAG(s) 'data_ingestion' retrieved from /opt/airflow/dags/main.py
[2024-05-13T15:39:15.644+0000] {logging_mixin.py:188} INFO - [2024-05-13T15:39:15.644+0000] {dag.py:3047} INFO - Sync 1 DAGs
[2024-05-13T15:39:15.666+0000] {logging_mixin.py:188} INFO - [2024-05-13T15:39:15.666+0000] {dag.py:3834} INFO - Setting next_dagrun for data_ingestion to 2024-05-13 00:00:00+00:00, run_after=2024-05-14 00:00:00+00:00
[2024-05-13T15:39:15.688+0000] {processor.py:183} INFO - Processing /opt/airflow/dags/main.py took 0.943 seconds
[2024-05-13T15:39:45.959+0000] {processor.py:161} INFO - Started process (PID=3369) to work on /opt/airflow/dags/main.py
[2024-05-13T15:39:45.960+0000] {processor.py:830} INFO - Processing file /opt/airflow/dags/main.py for tasks to queue
[2024-05-13T15:39:45.962+0000] {logging_mixin.py:188} INFO - [2024-05-13T15:39:45.962+0000] {dagbag.py:540} INFO - Filling up the DagBag from /opt/airflow/dags/main.py
[2024-05-13T15:39:46.685+0000] {processor.py:840} INFO - DAG(s) 'data_ingestion' retrieved from /opt/airflow/dags/main.py
[2024-05-13T15:39:46.701+0000] {logging_mixin.py:188} INFO - [2024-05-13T15:39:46.701+0000] {dag.py:3047} INFO - Sync 1 DAGs
[2024-05-13T15:39:46.718+0000] {logging_mixin.py:188} INFO - [2024-05-13T15:39:46.718+0000] {dag.py:3834} INFO - Setting next_dagrun for data_ingestion to 2024-05-13 00:00:00+00:00, run_after=2024-05-14 00:00:00+00:00
[2024-05-13T15:39:46.736+0000] {processor.py:183} INFO - Processing /opt/airflow/dags/main.py took 0.781 seconds
[2024-05-13T15:40:17.383+0000] {processor.py:161} INFO - Started process (PID=3443) to work on /opt/airflow/dags/main.py
[2024-05-13T15:40:17.384+0000] {processor.py:830} INFO - Processing file /opt/airflow/dags/main.py for tasks to queue
[2024-05-13T15:40:17.386+0000] {logging_mixin.py:188} INFO - [2024-05-13T15:40:17.386+0000] {dagbag.py:540} INFO - Filling up the DagBag from /opt/airflow/dags/main.py
[2024-05-13T15:40:18.050+0000] {processor.py:840} INFO - DAG(s) 'data_ingestion' retrieved from /opt/airflow/dags/main.py
[2024-05-13T15:40:18.071+0000] {logging_mixin.py:188} INFO - [2024-05-13T15:40:18.071+0000] {dag.py:3047} INFO - Sync 1 DAGs
[2024-05-13T15:40:18.097+0000] {logging_mixin.py:188} INFO - [2024-05-13T15:40:18.097+0000] {dag.py:3834} INFO - Setting next_dagrun for data_ingestion to 2024-05-13 00:00:00+00:00, run_after=2024-05-14 00:00:00+00:00
[2024-05-13T15:40:18.122+0000] {processor.py:183} INFO - Processing /opt/airflow/dags/main.py took 0.742 seconds
[2024-05-13T15:40:48.328+0000] {processor.py:161} INFO - Started process (PID=3514) to work on /opt/airflow/dags/main.py
[2024-05-13T15:40:48.330+0000] {processor.py:830} INFO - Processing file /opt/airflow/dags/main.py for tasks to queue
[2024-05-13T15:40:48.333+0000] {logging_mixin.py:188} INFO - [2024-05-13T15:40:48.332+0000] {dagbag.py:540} INFO - Filling up the DagBag from /opt/airflow/dags/main.py
[2024-05-13T15:40:49.252+0000] {processor.py:840} INFO - DAG(s) 'data_ingestion' retrieved from /opt/airflow/dags/main.py
[2024-05-13T15:40:49.276+0000] {logging_mixin.py:188} INFO - [2024-05-13T15:40:49.275+0000] {dag.py:3047} INFO - Sync 1 DAGs
[2024-05-13T15:40:49.299+0000] {logging_mixin.py:188} INFO - [2024-05-13T15:40:49.299+0000] {dag.py:3834} INFO - Setting next_dagrun for data_ingestion to 2024-05-13 00:00:00+00:00, run_after=2024-05-14 00:00:00+00:00
[2024-05-13T15:40:49.320+0000] {processor.py:183} INFO - Processing /opt/airflow/dags/main.py took 0.995 seconds
[2024-05-13T15:41:20.235+0000] {processor.py:161} INFO - Started process (PID=3582) to work on /opt/airflow/dags/main.py
[2024-05-13T15:41:20.236+0000] {processor.py:830} INFO - Processing file /opt/airflow/dags/main.py for tasks to queue
[2024-05-13T15:41:20.238+0000] {logging_mixin.py:188} INFO - [2024-05-13T15:41:20.238+0000] {dagbag.py:540} INFO - Filling up the DagBag from /opt/airflow/dags/main.py
[2024-05-13T15:41:21.004+0000] {processor.py:840} INFO - DAG(s) 'data_ingestion' retrieved from /opt/airflow/dags/main.py
[2024-05-13T15:41:21.023+0000] {logging_mixin.py:188} INFO - [2024-05-13T15:41:21.023+0000] {dag.py:3047} INFO - Sync 1 DAGs
[2024-05-13T15:41:21.044+0000] {logging_mixin.py:188} INFO - [2024-05-13T15:41:21.044+0000] {dag.py:3834} INFO - Setting next_dagrun for data_ingestion to 2024-05-13 00:00:00+00:00, run_after=2024-05-14 00:00:00+00:00
[2024-05-13T15:41:21.061+0000] {processor.py:183} INFO - Processing /opt/airflow/dags/main.py took 0.829 seconds
[2024-05-13T15:41:51.376+0000] {processor.py:161} INFO - Started process (PID=3650) to work on /opt/airflow/dags/main.py
[2024-05-13T15:41:51.377+0000] {processor.py:830} INFO - Processing file /opt/airflow/dags/main.py for tasks to queue
[2024-05-13T15:41:51.378+0000] {logging_mixin.py:188} INFO - [2024-05-13T15:41:51.378+0000] {dagbag.py:540} INFO - Filling up the DagBag from /opt/airflow/dags/main.py
[2024-05-13T15:41:52.039+0000] {processor.py:840} INFO - DAG(s) 'data_ingestion' retrieved from /opt/airflow/dags/main.py
[2024-05-13T15:41:52.054+0000] {logging_mixin.py:188} INFO - [2024-05-13T15:41:52.054+0000] {dag.py:3047} INFO - Sync 1 DAGs
[2024-05-13T15:41:52.072+0000] {logging_mixin.py:188} INFO - [2024-05-13T15:41:52.071+0000] {dag.py:3834} INFO - Setting next_dagrun for data_ingestion to 2024-05-13 00:00:00+00:00, run_after=2024-05-14 00:00:00+00:00
[2024-05-13T15:41:52.088+0000] {processor.py:183} INFO - Processing /opt/airflow/dags/main.py took 0.716 seconds
[2024-05-13T15:42:22.811+0000] {processor.py:161} INFO - Started process (PID=3718) to work on /opt/airflow/dags/main.py
[2024-05-13T15:42:22.812+0000] {processor.py:830} INFO - Processing file /opt/airflow/dags/main.py for tasks to queue
[2024-05-13T15:42:22.814+0000] {logging_mixin.py:188} INFO - [2024-05-13T15:42:22.813+0000] {dagbag.py:540} INFO - Filling up the DagBag from /opt/airflow/dags/main.py
[2024-05-13T15:42:23.368+0000] {processor.py:840} INFO - DAG(s) 'data_ingestion' retrieved from /opt/airflow/dags/main.py
[2024-05-13T15:42:23.385+0000] {logging_mixin.py:188} INFO - [2024-05-13T15:42:23.384+0000] {dag.py:3047} INFO - Sync 1 DAGs
[2024-05-13T15:42:23.522+0000] {logging_mixin.py:188} INFO - [2024-05-13T15:42:23.521+0000] {dag.py:3834} INFO - Setting next_dagrun for data_ingestion to 2024-05-13 00:00:00+00:00, run_after=2024-05-14 00:00:00+00:00
[2024-05-13T15:42:23.541+0000] {processor.py:183} INFO - Processing /opt/airflow/dags/main.py took 0.732 seconds
[2024-05-13T15:42:53.856+0000] {processor.py:161} INFO - Started process (PID=3786) to work on /opt/airflow/dags/main.py
[2024-05-13T15:42:53.857+0000] {processor.py:830} INFO - Processing file /opt/airflow/dags/main.py for tasks to queue
[2024-05-13T15:42:53.859+0000] {logging_mixin.py:188} INFO - [2024-05-13T15:42:53.859+0000] {dagbag.py:540} INFO - Filling up the DagBag from /opt/airflow/dags/main.py
[2024-05-13T15:42:54.658+0000] {processor.py:840} INFO - DAG(s) 'data_ingestion' retrieved from /opt/airflow/dags/main.py
[2024-05-13T15:42:54.681+0000] {logging_mixin.py:188} INFO - [2024-05-13T15:42:54.681+0000] {dag.py:3047} INFO - Sync 1 DAGs
[2024-05-13T15:42:54.714+0000] {logging_mixin.py:188} INFO - [2024-05-13T15:42:54.713+0000] {dag.py:3834} INFO - Setting next_dagrun for data_ingestion to 2024-05-13 00:00:00+00:00, run_after=2024-05-14 00:00:00+00:00
[2024-05-13T15:42:54.740+0000] {processor.py:183} INFO - Processing /opt/airflow/dags/main.py took 0.887 seconds
[2024-05-13T15:43:25.473+0000] {processor.py:161} INFO - Started process (PID=3854) to work on /opt/airflow/dags/main.py
[2024-05-13T15:43:25.474+0000] {processor.py:830} INFO - Processing file /opt/airflow/dags/main.py for tasks to queue
[2024-05-13T15:43:25.477+0000] {logging_mixin.py:188} INFO - [2024-05-13T15:43:25.476+0000] {dagbag.py:540} INFO - Filling up the DagBag from /opt/airflow/dags/main.py
[2024-05-13T15:43:26.238+0000] {processor.py:840} INFO - DAG(s) 'data_ingestion' retrieved from /opt/airflow/dags/main.py
[2024-05-13T15:43:26.256+0000] {logging_mixin.py:188} INFO - [2024-05-13T15:43:26.255+0000] {dag.py:3047} INFO - Sync 1 DAGs
[2024-05-13T15:43:26.275+0000] {logging_mixin.py:188} INFO - [2024-05-13T15:43:26.274+0000] {dag.py:3834} INFO - Setting next_dagrun for data_ingestion to 2024-05-13 00:00:00+00:00, run_after=2024-05-14 00:00:00+00:00
[2024-05-13T15:43:26.305+0000] {processor.py:183} INFO - Processing /opt/airflow/dags/main.py took 0.835 seconds
[2024-05-13T15:43:56.985+0000] {processor.py:161} INFO - Started process (PID=3922) to work on /opt/airflow/dags/main.py
[2024-05-13T15:43:56.986+0000] {processor.py:830} INFO - Processing file /opt/airflow/dags/main.py for tasks to queue
[2024-05-13T15:43:56.987+0000] {logging_mixin.py:188} INFO - [2024-05-13T15:43:56.987+0000] {dagbag.py:540} INFO - Filling up the DagBag from /opt/airflow/dags/main.py
[2024-05-13T15:43:57.678+0000] {processor.py:840} INFO - DAG(s) 'data_ingestion' retrieved from /opt/airflow/dags/main.py
[2024-05-13T15:43:57.693+0000] {logging_mixin.py:188} INFO - [2024-05-13T15:43:57.692+0000] {dag.py:3047} INFO - Sync 1 DAGs
[2024-05-13T15:43:57.712+0000] {logging_mixin.py:188} INFO - [2024-05-13T15:43:57.712+0000] {dag.py:3834} INFO - Setting next_dagrun for data_ingestion to 2024-05-13 00:00:00+00:00, run_after=2024-05-14 00:00:00+00:00
[2024-05-13T15:43:57.729+0000] {processor.py:183} INFO - Processing /opt/airflow/dags/main.py took 0.748 seconds
