[2024-05-13T15:20:33.566+0000] {taskinstance.py:1979} INFO - Dependencies all met for dep_context=non-requeueable deps ti=<TaskInstance: data_ingestion.create_table manual__2024-05-13T15:20:29.842985+00:00 [queued]>
[2024-05-13T15:20:33.576+0000] {taskinstance.py:1979} INFO - Dependencies all met for dep_context=requeueable deps ti=<TaskInstance: data_ingestion.create_table manual__2024-05-13T15:20:29.842985+00:00 [queued]>
[2024-05-13T15:20:33.577+0000] {taskinstance.py:2193} INFO - Starting attempt 1 of 1
[2024-05-13T15:20:33.592+0000] {taskinstance.py:2217} INFO - Executing <Task(PostgresOperator): create_table> on 2024-05-13 15:20:29.842985+00:00
[2024-05-13T15:20:33.605+0000] {standard_task_runner.py:60} INFO - Started process 188 to run task
[2024-05-13T15:20:33.609+0000] {standard_task_runner.py:87} INFO - Running: ['***', 'tasks', 'run', 'data_ingestion', 'create_table', 'manual__2024-05-13T15:20:29.842985+00:00', '--job-id', '4', '--raw', '--subdir', 'DAGS_FOLDER/main.py', '--cfg-path', '/tmp/tmpnj1ep2xn']
[2024-05-13T15:20:33.611+0000] {standard_task_runner.py:88} INFO - Job 4: Subtask create_table
[2024-05-13T15:20:33.688+0000] {task_command.py:423} INFO - Running <TaskInstance: data_ingestion.create_table manual__2024-05-13T15:20:29.842985+00:00 [running]> on host 8cdbf8d6368c
[2024-05-13T15:20:33.786+0000] {taskinstance.py:2513} INFO - Exporting env vars: AIRFLOW_CTX_DAG_OWNER='***' AIRFLOW_CTX_DAG_ID='data_ingestion' AIRFLOW_CTX_TASK_ID='create_table' AIRFLOW_CTX_EXECUTION_DATE='2024-05-13T15:20:29.842985+00:00' AIRFLOW_CTX_TRY_NUMBER='1' AIRFLOW_CTX_DAG_RUN_ID='manual__2024-05-13T15:20:29.842985+00:00'
[2024-05-13T15:20:33.789+0000] {sql.py:276} INFO - Executing: CREATE TABLE IF NOT EXISTS propensity_list (
            UserID VARCHAR(255) NOT NULL,
            basket_icon_click VARCHAR(255),
            basket_add_list VARCHAR(255),
            basket_add_detail VARCHAR(255),
            sort_by VARCHAR(255),
            image_picker VARCHAR(255),
            account_page_click VARCHAR(255),
            promo_banner_click VARCHAR(255),
            detail_wishlist_add VARCHAR(255),
            list_size_dropdown VARCHAR(255),
            closed_minibasket_click VARCHAR(255),
            checked_delivery_detail VARCHAR(255),
            checked_returns_detail VARCHAR(255),
            sign_in VARCHAR(255),
            saw_checkout VARCHAR(255),
            saw_sizecharts VARCHAR(255),
            saw_delivery VARCHAR(255),
            saw_account_upgrade VARCHAR(255),
            saw_homepage VARCHAR(255),
            device_computer VARCHAR(255),
            device_tablet VARCHAR(255),
            returning_user VARCHAR(255),
            loc_uk VARCHAR(255),
            propensity VARCHAR(255)
        );
[2024-05-13T15:20:33.799+0000] {base.py:83} INFO - Using connection ID 'postgres_localhost' for task execution.
[2024-05-13T15:20:33.827+0000] {base.py:83} INFO - Using connection ID 'postgres_localhost' for task execution.
[2024-05-13T15:20:33.840+0000] {sql.py:457} INFO - Running statement: CREATE TABLE IF NOT EXISTS propensity_list (
            UserID VARCHAR(255) NOT NULL,
            basket_icon_click VARCHAR(255),
            basket_add_list VARCHAR(255),
            basket_add_detail VARCHAR(255),
            sort_by VARCHAR(255),
            image_picker VARCHAR(255),
            account_page_click VARCHAR(255),
            promo_banner_click VARCHAR(255),
            detail_wishlist_add VARCHAR(255),
            list_size_dropdown VARCHAR(255),
            closed_minibasket_click VARCHAR(255),
            checked_delivery_detail VARCHAR(255),
            checked_returns_detail VARCHAR(255),
            sign_in VARCHAR(255),
            saw_checkout VARCHAR(255),
            saw_sizecharts VARCHAR(255),
            saw_delivery VARCHAR(255),
            saw_account_upgrade VARCHAR(255),
            saw_homepage VARCHAR(255),
            device_computer VARCHAR(255),
            device_tablet VARCHAR(255),
            returning_user VARCHAR(255),
            loc_uk VARCHAR(255),
            propensity VARCHAR(255)
        );, parameters: None
[2024-05-13T15:20:33.848+0000] {taskinstance.py:2731} ERROR - Task failed with exception
Traceback (most recent call last):
  File "/home/airflow/.local/lib/python3.8/site-packages/airflow/models/taskinstance.py", line 444, in _execute_task
    result = _execute_callable(context=context, **execute_callable_kwargs)
  File "/home/airflow/.local/lib/python3.8/site-packages/airflow/models/taskinstance.py", line 414, in _execute_callable
    return execute_callable(context=context, **execute_callable_kwargs)
  File "/home/airflow/.local/lib/python3.8/site-packages/airflow/providers/common/sql/operators/sql.py", line 282, in execute
    output = hook.run(
  File "/home/airflow/.local/lib/python3.8/site-packages/airflow/providers/common/sql/hooks/sql.py", line 404, in run
    self._run_command(cur, sql_statement, parameters)
  File "/home/airflow/.local/lib/python3.8/site-packages/airflow/providers/common/sql/hooks/sql.py", line 462, in _run_command
    cur.execute(sql_statement)
psycopg2.errors.UniqueViolation: duplicate key value violates unique constraint "pg_type_typname_nsp_index"
DETAIL:  Key (typname, typnamespace)=(propensity_list, 2200) already exists.

[2024-05-13T15:20:33.857+0000] {taskinstance.py:1149} INFO - Marking task as FAILED. dag_id=data_ingestion, task_id=create_table, execution_date=20240513T152029, start_date=20240513T152033, end_date=20240513T152033
[2024-05-13T15:20:33.875+0000] {standard_task_runner.py:107} ERROR - Failed to execute job 4 for task create_table (duplicate key value violates unique constraint "pg_type_typname_nsp_index"
DETAIL:  Key (typname, typnamespace)=(propensity_list, 2200) already exists.
; 188)
[2024-05-13T15:20:33.903+0000] {local_task_job_runner.py:234} INFO - Task exited with return code 1
[2024-05-13T15:20:33.914+0000] {warnings.py:109} WARNING - /home/***/.local/lib/python3.8/site-packages/***/models/baseoperator.py:1201: AirflowProviderDeprecationWarning: Call to deprecated class PostgresOperator. (Please use `***.providers.common.sql.operators.sql.SQLExecuteQueryOperator`.Also, you can provide `hook_params={'schema': <database>}`.)
  result = cls.__new__(cls)

[2024-05-13T15:20:33.927+0000] {taskinstance.py:3312} INFO - 0 downstream tasks scheduled from follow-on schedule check
